Jan 17 08:32:50 vincenzolog-VMware-Virtual-Platform sysmon[1624]: <Event><System><Provider Name="Linux-Sysmon" Guid="{ff032593-a8d3-4f13-b0d6-01fc615a0f97}"/><EventID>5</EventID><Version>3</Version><Level>4</Level><Task>5</Task><Opcode>0</Opcode><Keywords>0x8000000000000000</Keywords><TimeCreated SystemTime="2026-01-17T01:32:50.323801000Z"/><EventRecordID>1653294</EventRecordID><Correlation/><Execution ProcessID="1624" ThreadID="1624"/><Channel>Linux-Sysmon/Operational</Channel><Computer>vincenzolog-VMware-Virtual-Platform</Computer><Security UserId="0"/></System><EventData><Data Name="RuleName">-</Data><Data Name="UtcTime">2026-01-17 00:30:54.427</Data><Data Name="ProcessGuid">{8b8a9dc4-d83e-696a-cddb-fdd446600000}</Data><Data Name="ProcessId">754953</Data><Data Name="Image">/usr/bin/journalctl</Data><Data Name="User">root</Data></EventData></Event>
Jan 17 08:32:50 vincenzolog-VMware-Virtual-Platform sysmon[1624]: <Event><System><Provider Name="Linux-Sysmon" Guid="{ff032593-a8d3-4f13-b0d6-01fc615a0f97}"/><EventID>5</EventID><Version>3</Version><Level>4</Level><Task>5</Task><Opcode>0</Opcode><Keywords>0x8000000000000000</Keywords><TimeCreated SystemTime="2026-01-17T01:32:50.324901000Z"/><EventRecordID>1653295</EventRecordID><Correlation/><Execution ProcessID="1624" ThreadID="1624"/><Channel>Linux-Sysmon/Operational</Channel><Computer>vincenzolog-VMware-Virtual-Platform</Computer><Security UserId="0"/></System><EventData><Data Name="RuleName">-</Data><Data Name="UtcTime">2026-01-17 00:30:54.428</Data><Data Name="ProcessGuid">{8b8a9dc4-d83e-696a-1d38-bad2dd630000}</Data><Data Name="ProcessId">754952</Data><Data Name="Image">/usr/bin/dash</Data><Data Name="User">root</Data></EventData></Event>
Jan 17 08:32:50 vincenzolog-VMware-Virtual-Platform sysmon[1624]: <Event><System><Provider Name="Linux-Sysmon" Guid="{ff032593-a8d3-4f13-b0d6-01fc615a0f97}"/><EventID>5</EventID><Version>3</Version><Level>4</Level><Task>5</Task><Opcode>0</Opcode><Keywords>0x8000000000000000</Keywords><TimeCreated SystemTime="2026-01-17T01:32:50.326481000Z"/><EventRecordID>1653296</EventRecordID><Correlation/><Execution ProcessID="1624" ThreadID="1624"/><Channel>Linux-Sysmon/Operational</Channel><Computer>vincenzolog-VMware-Virtual-Platform</Computer><Security UserId="0"/></System><EventData><Data Name="RuleName">-</Data><Data Name="UtcTime">2026-01-17 00:30:54.429</Data><Data Name="ProcessGuid">{8b8a9dc4-28e1-696a-154e-ab6f505b0000}</Data><Data Name="ProcessId">382</Data><Data Name="Image">/usr/lib/systemd/systemd-journald</Data><Data Name="User">root</Data></EventData></Event>
Jan 17 08:32:50 vincenzolog-VMware-Virtual-Platform sysmon[1624]: <Event><System><Provider Name="Linux-Sysmon" Guid="{ff032593-a8d3-4f13-b0d6-01fc615a0f97}"/><EventID>1</EventID><Version>5</Version><Level>4</Level><Task>1</Task><Opcode>0</Opcode><Keywords>0x8000000000000000</Keywords><TimeCreated SystemTime="2026-01-17T01:32:50.330098000Z"/><EventRecordID>1653297</EventRecordID><Correlation/><Execution ProcessID="1624" ThreadID="1624"/><Channel>Linux-Sysmon/Operational</Channel><Computer>vincenzolog-VMware-Virtual-Platform</Computer><Security UserId="0"/></System><EventData><Data Name="RuleName">-</Data><Data Name="UtcTime">2026-01-17 00:30:54.429</Data><Data Name="ProcessGuid">{8b8a9dc4-d83e-696a-1d58-7964945c0000}</Data><Data Name="ProcessId">754955</Data><Data Name="Image">/usr/bin/dash</Data><Data Name="FileVersion">-</Data><Data Name="Description">-</Data><Data Name="Product">-</Data><Data Name="Company">-</Data><Data Name="OriginalFileName">-</Data><Data Name="CommandLine">/bin/sh -c journalctl --vacuum-time=1s</Data><Data Name="CurrentDirectory">/home/vincenzolog/Auto_test</Data><Data Name="User">root</Data><Data Name="LogonGuid">{8b8a9dc4-0000-0000-0000-000005000000}</Data><Data Name="LogonId">0</Data><Data Name="TerminalSessionId">3</Data><Data Name="IntegrityLevel">no level</Data><Data Name="Hashes">SHA256=86d31f6fb799e91fa21bad341484564510ca287703a16e9e46c53338776f4f42</Data><Data Name="ParentProcessGuid">{8b8a9dc4-d30b-696a-dd23-700000000000}</Data><Data Name="ParentProcessId">742716</Data><Data Name="ParentImage">/usr/bin/python3.12</Data><Data Name="ParentCommandLine">python3</Data><Data Name="ParentUser">root</Data></EventData></Event>
Jan 17 08:32:50 vincenzolog-VMware-Virtual-Platform sysmon[1624]: <Event><System><Provider Name="Linux-Sysmon" Guid="{ff032593-a8d3-4f13-b0d6-01fc615a0f97}"/><EventID>1</EventID><Version>5</Version><Level>4</Level><Task>1</Task><Opcode>0</Opcode><Keywords>0x8000000000000000</Keywords><TimeCreated SystemTime="2026-01-17T01:32:50.334232000Z"/><EventRecordID>1653298</EventRecordID><Correlation/><Execution ProcessID="1624" ThreadID="1624"/><Channel>Linux-Sysmon/Operational</Channel><Computer>vincenzolog-VMware-Virtual-Platform</Computer><Security UserId="0"/></System><EventData><Data Name="RuleName">-</Data><Data Name="UtcTime">2026-01-17 00:30:54.436</Data><Data Name="ProcessGuid">{8b8a9dc4-d83e-696a-cdfb-d39184610000}</Data><Data Name="ProcessId">754956</Data><Data Name="Image">/usr/bin/journalctl</Data><Data Name="FileVersion">-</Data><Data Name="Description">-</Data><Data Name="Product">-</Data><Data Name="Company">-</Data><Data Name="OriginalFileName">-</Data><Data Name="CommandLine">journalctl --vacuum-time=1s</Data><Data Name="CurrentDirectory">/home/vincenzolog/Auto_test</Data><Data Name="User">root</Data><Data Name="LogonGuid">{8b8a9dc4-0000-0000-0000-000005000000}</Data><Data Name="LogonId">0</Data><Data Name="TerminalSessionId">3</Data><Data Name="IntegrityLevel">no level</Data><Data Name="Hashes">SHA256=7bd10a9c601c3204a6c464fc517b204e469eca7f12b09f9c4826f3cc1e42bd79</Data><Data Name="ParentProcessGuid">{8b8a9dc4-d83e-696a-1d58-7964945c0000}</Data><Data Name="ParentProcessId">754955</Data><Data Name="ParentImage">/usr/bin/dash</Data><Data Name="ParentCommandLine">/bin/sh</Data><Data Name="ParentUser">root</Data></EventData></Event>
Jan 17 08:32:50 vincenzolog-VMware-Virtual-Platform sysmon[1624]: <Event><System><Provider Name="Linux-Sysmon" Guid="{ff032593-a8d3-4f13-b0d6-01fc615a0f97}"/><EventID>5</EventID><Version>3</Version><Level>4</Level><Task>5</Task><Opcode>0</Opcode><Keywords>0x8000000000000000</Keywords><TimeCreated SystemTime="2026-01-17T01:32:50.350503000Z"/><EventRecordID>1653299</EventRecordID><Correlation/><Execution ProcessID="1624" ThreadID="1624"/><Channel>Linux-Sysmon/Operational</Channel><Computer>vincenzolog-VMware-Virtual-Platform</Computer><Security UserId="0"/></System><EventData><Data Name="RuleName">-</Data><Data Name="UtcTime">2026-01-17 00:30:54.454</Data><Data Name="ProcessGuid">{8b8a9dc4-d83e-696a-cdfb-d39184610000}</Data><Data Name="ProcessId">754956</Data><Data Name="Image">/usr/bin/journalctl</Data><Data Name="User">root</Data></EventData></Event>
Jan 17 08:32:50 vincenzolog-VMware-Virtual-Platform sysmon[1624]: <Event><System><Provider Name="Linux-Sysmon" Guid="{ff032593-a8d3-4f13-b0d6-01fc615a0f97}"/><EventID>5</EventID><Version>3</Version><Level>4</Level><Task>5</Task><Opcode>0</Opcode><Keywords>0x8000000000000000</Keywords><TimeCreated SystemTime="2026-01-17T01:32:50.351618000Z"/><EventRecordID>1653300</EventRecordID><Correlation/><Execution ProcessID="1624" ThreadID="1624"/><Channel>Linux-Sysmon/Operational</Channel><Computer>vincenzolog-VMware-Virtual-Platform</Computer><Security UserId="0"/></System><EventData><Data Name="RuleName">-</Data><Data Name="UtcTime">2026-01-17 00:30:54.454</Data><Data Name="ProcessGuid">{8b8a9dc4-d83e-696a-1d58-7964945c0000}</Data><Data Name="ProcessId">754955</Data><Data Name="Image">/usr/bin/dash</Data><Data Name="User">root</Data></EventData></Event>
Jan 17 08:32:51 vincenzolog-VMware-Virtual-Platform sysmon[1624]: <Event><System><Provider Name="Linux-Sysmon" Guid="{ff032593-a8d3-4f13-b0d6-01fc615a0f97}"/><EventID>1</EventID><Version>5</Version><Level>4</Level><Task>1</Task><Opcode>0</Opcode><Keywords>0x8000000000000000</Keywords><TimeCreated SystemTime="2026-01-17T01:32:51.356533000Z"/><EventRecordID>1653301</EventRecordID><Correlation/><Execution ProcessID="1624" ThreadID="1624"/><Channel>Linux-Sysmon/Operational</Channel><Computer>vincenzolog-VMware-Virtual-Platform</Computer><Security UserId="0"/></System><EventData><Data Name="RuleName">-</Data><Data Name="UtcTime">2026-01-17 00:30:55.457</Data><Data Name="ProcessGuid">{8b8a9dc4-d83f-696a-1d18-1ef29e580000}</Data><Data Name="ProcessId">754957</Data><Data Name="Image">/usr/bin/dash</Data><Data Name="FileVersion">-</Data><Data Name="Description">-</Data><Data Name="Product">-</Data><Data Name="Company">-</Data><Data Name="OriginalFileName">-</Data><Data Name="CommandLine">/bin/sh -c flock / -- /bin/bash</Data><Data Name="CurrentDirectory">/home/vincenzolog/Auto_test</Data><Data Name="User">root</Data><Data Name="LogonGuid">{8b8a9dc4-0000-0000-0000-000005000000}</Data><Data Name="LogonId">0</Data><Data Name="TerminalSessionId">3</Data><Data Name="IntegrityLevel">no level</Data><Data Name="Hashes">SHA256=86d31f6fb799e91fa21bad341484564510ca287703a16e9e46c53338776f4f42</Data><Data Name="ParentProcessGuid">{8b8a9dc4-d30b-696a-dd23-700000000000}</Data><Data Name="ParentProcessId">742716</Data><Data Name="ParentImage">/usr/bin/python3.12</Data><Data Name="ParentCommandLine">python3</Data><Data Name="ParentUser">root</Data></EventData></Event>
Jan 17 08:32:51 vincenzolog-VMware-Virtual-Platform sysmon[1624]: <Event><System><Provider Name="Linux-Sysmon" Guid="{ff032593-a8d3-4f13-b0d6-01fc615a0f97}"/><EventID>1</EventID><Version>5</Version><Level>4</Level><Task>1</Task><Opcode>0</Opcode><Keywords>0x8000000000000000</Keywords><TimeCreated SystemTime="2026-01-17T01:32:51.359120000Z"/><EventRecordID>1653302</EventRecordID><Correlation/><Execution ProcessID="1624" ThreadID="1624"/><Channel>Linux-Sysmon/Operational</Channel><Computer>vincenzolog-VMware-Virtual-Platform</Computer><Security UserId="0"/></System><EventData><Data Name="RuleName">-</Data><Data Name="UtcTime">2026-01-17 00:30:55.461</Data><Data Name="ProcessGuid">{8b8a9dc4-d83f-696a-61d7-b276ae5a0000}</Data><Data Name="ProcessId">754958</Data><Data Name="Image">/usr/bin/flock</Data><Data Name="FileVersion">-</Data><Data Name="Description">-</Data><Data Name="Product">-</Data><Data Name="Company">-</Data><Data Name="OriginalFileName">-</Data><Data Name="CommandLine">flock / -- /bin/bash</Data><Data Name="CurrentDirectory">/home/vincenzolog/Auto_test</Data><Data Name="User">root</Data><Data Name="LogonGuid">{8b8a9dc4-0000-0000-0000-000005000000}</Data><Data Name="LogonId">0</Data><Data Name="TerminalSessionId">3</Data><Data Name="IntegrityLevel">no level</Data><Data Name="Hashes">SHA256=a33947017bae8eccb11068bdd1f36d3addd52ef3d54327a273c9d8363b99ac85</Data><Data Name="ParentProcessGuid">{8b8a9dc4-d83f-696a-1d18-1ef29e580000}</Data><Data Name="ParentProcessId">754957</Data><Data Name="ParentImage">/usr/bin/dash</Data><Data Name="ParentCommandLine">/bin/sh</Data><Data Name="ParentUser">root</Data></EventData></Event>
Jan 17 08:32:51 vincenzolog-VMware-Virtual-Platform sysmon[1624]: <Event><System><Provider Name="Linux-Sysmon" Guid="{ff032593-a8d3-4f13-b0d6-01fc615a0f97}"/><EventID>1</EventID><Version>5</Version><Level>4</Level><Task>1</Task><Opcode>0</Opcode><Keywords>0x8000000000000000</Keywords><TimeCreated SystemTime="2026-01-17T01:32:51.449767000Z"/><EventRecordID>1653303</EventRecordID><Correlation/><Execution ProcessID="1624" ThreadID="1624"/><Channel>Linux-Sysmon/Operational</Channel><Computer>vincenzolog-VMware-Virtual-Platform</Computer><Security UserId="0"/></System><EventData><Data Name="RuleName">-</Data><Data Name="UtcTime">2026-01-17 00:30:55.530</Data><Data Name="ProcessGuid">{8b8a9dc4-d83f-696a-0175-bf0f30630000}</Data><Data Name="ProcessId">754959</Data><Data Name="Image">/usr/bin/git</Data><Data Name="FileVersion">-</Data><Data Name="Description">-</Data><Data Name="Product">-</Data><Data Name="Company">-</Data><Data Name="OriginalFileName">-</Data><Data Name="CommandLine">git config --get commit.template</Data><Data Name="CurrentDirectory">/home/vincenzolog/Auto_test</Data><Data Name="User">vincenzolog</Data><Data Name="LogonGuid">{8b8a9dc4-0000-0000-e803-000000000000}</Data><Data Name="LogonId">1000</Data><Data Name="TerminalSessionId">3</Data><Data Name="IntegrityLevel">no level</Data><Data Name="Hashes">SHA256=2a8c18fbf43da9f692d75474c72bea9dfd796c260b0f3dfe456376abc3bbd668</Data><Data Name="ParentProcessGuid">{8b8a9dc4-2c74-696a-10ae-534fa65f0000}</Data><Data Name="ParentProcessId">8898</Data><Data Name="ParentImage">/usr/share/antigravity/antigravity</Data><Data Name="ParentCommandLine">/proc/self/exe</Data><Data Name="ParentUser">vincenzolog</Data></EventData></Event>
Jan 17 08:32:51 vincenzolog-VMware-Virtual-Platform sysmon[1624]: <Event><System><Provider Name="Linux-Sysmon" Guid="{ff032593-a8d3-4f13-b0d6-01fc615a0f97}"/><EventID>5</EventID><Version>3</Version><Level>4</Level><Task>5</Task><Opcode>0</Opcode><Keywords>0x8000000000000000</Keywords><TimeCreated SystemTime="2026-01-17T01:32:51.450086000Z"/><EventRecordID>1653304</EventRecordID><Correlation/><Execution ProcessID="1624" ThreadID="1624"/><Channel>Linux-Sysmon/Operational</Channel><Computer>vincenzolog-VMware-Virtual-Platform</Computer><Security UserId="0"/></System><EventData><Data Name="RuleName">-</Data><Data Name="UtcTime">2026-01-17 00:30:55.541</Data><Data Name="ProcessGuid">{8b8a9dc4-d83f-696a-0175-bf0f30630000}</Data><Data Name="ProcessId">754959</Data><Data Name="Image">/usr/bin/git</Data><Data Name="User">vincenzolog</Data></EventData></Event>
Jan 17 08:32:51 vincenzolog-VMware-Virtual-Platform sysmon[1624]: <Event><System><Provider Name="Linux-Sysmon" Guid="{ff032593-a8d3-4f13-b0d6-01fc615a0f97}"/><EventID>1</EventID><Version>5</Version><Level>4</Level><Task>1</Task><Opcode>0</Opcode><Keywords>0x8000000000000000</Keywords><TimeCreated SystemTime="2026-01-17T01:32:51.468070000Z"/><EventRecordID>1653305</EventRecordID><Correlation/><Execution ProcessID="1624" ThreadID="1624"/><Channel>Linux-Sysmon/Operational</Channel><Computer>vincenzolog-VMware-Virtual-Platform</Computer><Security UserId="0"/></System><EventData><Data Name="RuleName">-</Data><Data Name="UtcTime">2026-01-17 00:30:55.546</Data><Data Name="ProcessGuid">{8b8a9dc4-d83f-696a-0145-728408600000}</Data><Data Name="ProcessId">754960</Data><Data Name="Image">/usr/bin/git</Data><Data Name="FileVersion">-</Data><Data Name="Description">-</Data><Data Name="Product">-</Data><Data Name="Company">-</Data><Data Name="OriginalFileName">-</Data><Data Name="CommandLine">git for-each-ref --format=%(refname)%00%(upstream:short)%00%(objectname)%00%(upstream:track)%00%(upstream:remotename)%00%(upstream:remoteref) refs/heads/1601data refs/remotes/1601data</Data><Data Name="CurrentDirectory">/home/vincenzolog/Auto_test</Data><Data Name="User">vincenzolog</Data><Data Name="LogonGuid">{8b8a9dc4-0000-0000-e803-000000000000}</Data><Data Name="LogonId">1000</Data><Data Name="TerminalSessionId">3</Data><Data Name="IntegrityLevel">no level</Data><Data Name="Hashes">SHA256=2a8c18fbf43da9f692d75474c72bea9dfd796c260b0f3dfe456376abc3bbd668</Data><Data Name="ParentProcessGuid">{8b8a9dc4-2c74-696a-10ae-534fa65f0000}</Data><Data Name="ParentProcessId">8898</Data><Data Name="ParentImage">/usr/share/antigravity/antigravity</Data><Data Name="ParentCommandLine">/proc/self/exe</Data><Data Name="ParentUser">vincenzolog</Data></EventData></Event>
Jan 17 08:32:51 vincenzolog-VMware-Virtual-Platform sysmon[1624]: <Event><System><Provider Name="Linux-Sysmon" Guid="{ff032593-a8d3-4f13-b0d6-01fc615a0f97}"/><EventID>5</EventID><Version>3</Version><Level>4</Level><Task>5</Task><Opcode>0</Opcode><Keywords>0x8000000000000000</Keywords><TimeCreated SystemTime="2026-01-17T01:32:51.468398000Z"/><EventRecordID>1653306</EventRecordID><Correlation/><Execution ProcessID="1624" ThreadID="1624"/><Channel>Linux-Sysmon/Operational</Channel><Computer>vincenzolog-VMware-Virtual-Platform</Computer><Security UserId="0"/></System><EventData><Data Name="RuleName">-</Data><Data Name="UtcTime">2026-01-17 00:30:55.560</Data><Data Name="ProcessGuid">{8b8a9dc4-d83f-696a-0145-728408600000}</Data><Data Name="ProcessId">754960</Data><Data Name="Image">/usr/bin/git</Data><Data Name="User">vincenzolog</Data></EventData></Event>
Jan 17 08:32:51 vincenzolog-VMware-Virtual-Platform sysmon[1624]: <Event><System><Provider Name="Linux-Sysmon" Guid="{ff032593-a8d3-4f13-b0d6-01fc615a0f97}"/><EventID>1</EventID><Version>5</Version><Level>4</Level><Task>1</Task><Opcode>0</Opcode><Keywords>0x8000000000000000</Keywords><TimeCreated SystemTime="2026-01-17T01:32:51.495441000Z"/><EventRecordID>1653307</EventRecordID><Correlation/><Execution ProcessID="1624" ThreadID="1624"/><Channel>Linux-Sysmon/Operational</Channel><Computer>vincenzolog-VMware-Virtual-Platform</Computer><Security UserId="0"/></System><EventData><Data Name="RuleName">-</Data><Data Name="UtcTime">2026-01-17 00:30:55.575</Data><Data Name="ProcessGuid">{8b8a9dc4-d83f-696a-0115-4ebb29600000}</Data><Data Name="ProcessId">754961</Data><Data Name="Image">/usr/bin/git</Data><Data Name="FileVersion">-</Data><Data Name="Description">-</Data><Data Name="Product">-</Data><Data Name="Company">-</Data><Data Name="OriginalFileName">-</Data><Data Name="CommandLine">git status -z -uall</Data><Data Name="CurrentDirectory">/home/vincenzolog/Auto_test</Data><Data Name="User">vincenzolog</Data><Data Name="LogonGuid">{8b8a9dc4-0000-0000-e803-000000000000}</Data><Data Name="LogonId">1000</Data><Data Name="TerminalSessionId">3</Data><Data Name="IntegrityLevel">no level</Data><Data Name="Hashes">SHA256=2a8c18fbf43da9f692d75474c72bea9dfd796c260b0f3dfe456376abc3bbd668</Data><Data Name="ParentProcessGuid">{8b8a9dc4-2c74-696a-10ae-534fa65f0000}</Data><Data Name="ParentProcessId">8898</Data><Data Name="ParentImage">/usr/share/antigravity/antigravity</Data><Data Name="ParentCommandLine">/proc/self/exe</Data><Data Name="ParentUser">vincenzolog</Data></EventData></Event>
Jan 17 08:32:51 vincenzolog-VMware-Virtual-Platform sysmon[1624]: <Event><System><Provider Name="Linux-Sysmon" Guid="{ff032593-a8d3-4f13-b0d6-01fc615a0f97}"/><EventID>1</EventID><Version>5</Version><Level>4</Level><Task>1</Task><Opcode>0</Opcode><Keywords>0x8000000000000000</Keywords><TimeCreated SystemTime="2026-01-17T01:32:51.516080000Z"/><EventRecordID>1653308</EventRecordID><Correlation/><Execution ProcessID="1624" ThreadID="1624"/><Channel>Linux-Sysmon/Operational</Channel><Computer>vincenzolog-VMware-Virtual-Platform</Computer><Security UserId="0"/></System><EventData><Data Name="RuleName">-</Data><Data Name="UtcTime">2026-01-17 00:30:55.590</Data><Data Name="ProcessGuid">{8b8a9dc4-d83f-696a-01a5-28ae47610000}</Data><Data Name="ProcessId">754962</Data><Data Name="Image">/usr/bin/git</Data><Data Name="FileVersion">-</Data><Data Name="Description">-</Data><Data Name="Product">-</Data><Data Name="Company">-</Data><Data Name="OriginalFileName">-</Data><Data Name="CommandLine">git for-each-ref --sort -committerdate --format %(refname)%00%(objectname)%00%(*objectname)</Data><Data Name="CurrentDirectory">/home/vincenzolog/Auto_test</Data><Data Name="User">vincenzolog</Data><Data Name="LogonGuid">{8b8a9dc4-0000-0000-e803-000000000000}</Data><Data Name="LogonId">1000</Data><Data Name="TerminalSessionId">3</Data><Data Name="IntegrityLevel">no level</Data><Data Name="Hashes">SHA256=2a8c18fbf43da9f692d75474c72bea9dfd796c260b0f3dfe456376abc3bbd668</Data><Data Name="ParentProcessGuid">{8b8a9dc4-2c74-696a-10ae-534fa65f0000}</Data><Data Name="ParentProcessId">8898</Data><Data Name="ParentImage">/usr/share/antigravity/antigravity</Data><Data Name="ParentCommandLine">/proc/self/exe</Data><Data Name="ParentUser">vincenzolog</Data></EventData></Event>
Jan 17 08:32:51 vincenzolog-VMware-Virtual-Platform sysmon[1624]: <Event><System><Provider Name="Linux-Sysmon" Guid="{ff032593-a8d3-4f13-b0d6-01fc615a0f97}"/><EventID>5</EventID><Version>3</Version><Level>4</Level><Task>5</Task><Opcode>0</Opcode><Keywords>0x8000000000000000</Keywords><TimeCreated SystemTime="2026-01-17T01:32:51.526249000Z"/><EventRecordID>1653309</EventRecordID><Correlation/><Execution ProcessID="1624" ThreadID="1624"/><Channel>Linux-Sysmon/Operational</Channel><Computer>vincenzolog-VMware-Virtual-Platform</Computer><Security UserId="0"/></System><EventData><Data Name="RuleName">-</Data><Data Name="UtcTime">2026-01-17 00:30:55.630</Data><Data Name="ProcessGuid">{8b8a9dc4-d83f-696a-0115-4ebb29600000}</Data><Data Name="ProcessId">754961</Data><Data Name="Image">/usr/bin/git</Data><Data Name="User">vincenzolog</Data></EventData></Event>
Jan 17 08:32:51 vincenzolog-VMware-Virtual-Platform sysmon[1624]: <Event><System><Provider Name="Linux-Sysmon" Guid="{ff032593-a8d3-4f13-b0d6-01fc615a0f97}"/><EventID>5</EventID><Version>3</Version><Level>4</Level><Task>5</Task><Opcode>0</Opcode><Keywords>0x8000000000000000</Keywords><TimeCreated SystemTime="2026-01-17T01:32:51.528661000Z"/><EventRecordID>1653310</EventRecordID><Correlation/><Execution ProcessID="1624" ThreadID="1624"/><Channel>Linux-Sysmon/Operational</Channel><Computer>vincenzolog-VMware-Virtual-Platform</Computer><Security UserId="0"/></System><EventData><Data Name="RuleName">-</Data><Data Name="UtcTime">2026-01-17 00:30:55.632</Data><Data Name="ProcessGuid">{8b8a9dc4-d83f-696a-01a5-28ae47610000}</Data><Data Name="ProcessId">754962</Data><Data Name="Image">/usr/bin/git</Data><Data Name="User">vincenzolog</Data></EventData></Event>
Jan 17 08:32:51 vincenzolog-VMware-Virtual-Platform sysmon[1624]: <Event><System><Provider Name="Linux-Sysmon" Guid="{ff032593-a8d3-4f13-b0d6-01fc615a0f97}"/><EventID>5</EventID><Version>3</Version><Level>4</Level><Task>5</Task><Opcode>0</Opcode><Keywords>0x8000000000000000</Keywords><TimeCreated SystemTime="2026-01-17T01:32:51.532184000Z"/><EventRecordID>1653311</EventRecordID><Correlation/><Execution ProcessID="1624" ThreadID="1624"/><Channel>Linux-Sysmon/Operational</Channel><Computer>vincenzolog-VMware-Virtual-Platform</Computer><Security UserId="0"/></System><EventData><Data Name="RuleName">-</Data><Data Name="UtcTime">2026-01-17 00:30:55.635</Data><Data Name="ProcessGuid">{8b8a9dc4-d83f-696a-0115-4ebb29600000}</Data><Data Name="ProcessId">754961</Data><Data Name="Image">/usr/bin/git</Data><Data Name="User">vincenzolog</Data></EventData></Event>
Jan 17 08:32:51 vincenzolog-VMware-Virtual-Platform sysmon[1624]: <Event><System><Provider Name="Linux-Sysmon" Guid="{ff032593-a8d3-4f13-b0d6-01fc615a0f97}"/><EventID>5</EventID><Version>3</Version><Level>4</Level><Task>5</Task><Opcode>0</Opcode><Keywords>0x8000000000000000</Keywords><TimeCreated SystemTime="2026-01-17T01:32:51.537623000Z"/><EventRecordID>1653312</EventRecordID><Correlation/><Execution ProcessID="1624" ThreadID="1624"/><Channel>Linux-Sysmon/Operational</Channel><Computer>vincenzolog-VMware-Virtual-Platform</Computer><Security UserId="0"/></System><EventData><Data Name="RuleName">-</Data><Data Name="UtcTime">2026-01-17 00:30:55.641</Data><Data Name="ProcessGuid">{8b8a9dc4-d83f-696a-0115-4ebb29600000}</Data><Data Name="ProcessId">754961</Data><Data Name="Image">/usr/bin/git</Data><Data Name="User">vincenzolog</Data></EventData></Event>
Jan 17 08:32:51 vincenzolog-VMware-Virtual-Platform sysmon[1624]: <Event><System><Provider Name="Linux-Sysmon" Guid="{ff032593-a8d3-4f13-b0d6-01fc615a0f97}"/><EventID>5</EventID><Version>3</Version><Level>4</Level><Task>5</Task><Opcode>0</Opcode><Keywords>0x8000000000000000</Keywords><TimeCreated SystemTime="2026-01-17T01:32:51.546167000Z"/><EventRecordID>1653313</EventRecordID><Correlation/><Execution ProcessID="1624" ThreadID="1624"/><Channel>Linux-Sysmon/Operational</Channel><Computer>vincenzolog-VMware-Virtual-Platform</Computer><Security UserId="0"/></System><EventData><Data Name="RuleName">-</Data><Data Name="UtcTime">2026-01-17 00:30:55.650</Data><Data Name="ProcessGuid">{8b8a9dc4-d83f-696a-0115-4ebb29600000}</Data><Data Name="ProcessId">754961</Data><Data Name="Image">/usr/bin/git</Data><Data Name="User">vincenzolog</Data></EventData></Event>
Jan 17 08:32:51 vincenzolog-VMware-Virtual-Platform sysmon[1624]: <Event><System><Provider Name="Linux-Sysmon" Guid="{ff032593-a8d3-4f13-b0d6-01fc615a0f97}"/><EventID>5</EventID><Version>3</Version><Level>4</Level><Task>5</Task><Opcode>0</Opcode><Keywords>0x8000000000000000</Keywords><TimeCreated SystemTime="2026-01-17T01:32:51.555989000Z"/><EventRecordID>1653314</EventRecordID><Correlation/><Execution ProcessID="1624" ThreadID="1624"/><Channel>Linux-Sysmon/Operational</Channel><Computer>vincenzolog-VMware-Virtual-Platform</Computer><Security UserId="0"/></System><EventData><Data Name="RuleName">-</Data><Data Name="UtcTime">2026-01-17 00:30:55.659</Data><Data Name="ProcessGuid">{8b8a9dc4-d83f-696a-0115-4ebb29600000}</Data><Data Name="ProcessId">754961</Data><Data Name="Image">/usr/bin/git</Data><Data Name="User">vincenzolog</Data></EventData></Event>
Jan 17 08:32:51 vincenzolog-VMware-Virtual-Platform sysmon[1624]: <Event><System><Provider Name="Linux-Sysmon" Guid="{ff032593-a8d3-4f13-b0d6-01fc615a0f97}"/><EventID>5</EventID><Version>3</Version><Level>4</Level><Task>5</Task><Opcode>0</Opcode><Keywords>0x8000000000000000</Keywords><TimeCreated SystemTime="2026-01-17T01:32:51.557275000Z"/><EventRecordID>1653315</EventRecordID><Correlation/><Execution ProcessID="1624" ThreadID="1624"/><Channel>Linux-Sysmon/Operational</Channel><Computer>vincenzolog-VMware-Virtual-Platform</Computer><Security UserId="0"/></System><EventData><Data Name="RuleName">-</Data><Data Name="UtcTime">2026-01-17 00:30:55.661</Data><Data Name="ProcessGuid">{8b8a9dc4-d83f-696a-0115-4ebb29600000}</Data><Data Name="ProcessId">754961</Data><Data Name="Image">/usr/bin/git</Data><Data Name="User">vincenzolog</Data></EventData></Event>
Jan 17 08:32:51 vincenzolog-VMware-Virtual-Platform sysmon[1624]: <Event><System><Provider Name="Linux-Sysmon" Guid="{ff032593-a8d3-4f13-b0d6-01fc615a0f97}"/><EventID>5</EventID><Version>3</Version><Level>4</Level><Task>5</Task><Opcode>0</Opcode><Keywords>0x8000000000000000</Keywords><TimeCreated SystemTime="2026-01-17T01:32:51.559967000Z"/><EventRecordID>1653316</EventRecordID><Correlation/><Execution ProcessID="1624" ThreadID="1624"/><Channel>Linux-Sysmon/Operational</Channel><Computer>vincenzolog-VMware-Virtual-Platform</Computer><Security UserId="0"/></System><EventData><Data Name="RuleName">-</Data><Data Name="UtcTime">2026-01-17 00:30:55.663</Data><Data Name="ProcessGuid">{8b8a9dc4-d83f-696a-0115-4ebb29600000}</Data><Data Name="ProcessId">754961</Data><Data Name="Image">/usr/bin/git</Data><Data Name="User">vincenzolog</Data></EventData></Event>
Jan 17 08:32:51 vincenzolog-VMware-Virtual-Platform sysmon[1624]: <Event><System><Provider Name="Linux-Sysmon" Guid="{ff032593-a8d3-4f13-b0d6-01fc615a0f97}"/><EventID>5</EventID><Version>3</Version><Level>4</Level><Task>5</Task><Opcode>0</Opcode><Keywords>0x8000000000000000</Keywords><TimeCreated SystemTime="2026-01-17T01:32:51.560979000Z"/><EventRecordID>1653317</EventRecordID><Correlation/><Execution ProcessID="1624" ThreadID="1624"/><Channel>Linux-Sysmon/Operational</Channel><Computer>vincenzolog-VMware-Virtual-Platform</Computer><Security UserId="0"/></System><EventData><Data Name="RuleName">-</Data><Data Name="UtcTime">2026-01-17 00:30:55.664</Data><Data Name="ProcessGuid">{8b8a9dc4-d83f-696a-0115-4ebb29600000}</Data><Data Name="ProcessId">754961</Data><Data Name="Image">/usr/bin/git</Data><Data Name="User">vincenzolog</Data></EventData></Event>
Jan 17 08:32:51 vincenzolog-VMware-Virtual-Platform sysmon[1624]: <Event><System><Provider Name="Linux-Sysmon" Guid="{ff032593-a8d3-4f13-b0d6-01fc615a0f97}"/><EventID>5</EventID><Version>3</Version><Level>4</Level><Task>5</Task><Opcode>0</Opcode><Keywords>0x8000000000000000</Keywords><TimeCreated SystemTime="2026-01-17T01:32:51.561902000Z"/><EventRecordID>1653318</EventRecordID><Correlation/><Execution ProcessID="1624" ThreadID="1624"/><Channel>Linux-Sysmon/Operational</Channel><Computer>vincenzolog-VMware-Virtual-Platform</Computer><Security UserId="0"/></System><EventData><Data Name="RuleName">-</Data><Data Name="UtcTime">2026-01-17 00:30:55.665</Data><Data Name="ProcessGuid">{8b8a9dc4-d83f-696a-0115-4ebb29600000}</Data><Data Name="ProcessId">754961</Data><Data Name="Image">/usr/bin/git</Data><Data Name="User">vincenzolog</Data></EventData></Event>
Jan 17 08:32:51 vincenzolog-VMware-Virtual-Platform sysmon[1624]: <Event><System><Provider Name="Linux-Sysmon" Guid="{ff032593-a8d3-4f13-b0d6-01fc615a0f97}"/><EventID>5</EventID><Version>3</Version><Level>4</Level><Task>5</Task><Opcode>0</Opcode><Keywords>0x8000000000000000</Keywords><TimeCreated SystemTime="2026-01-17T01:32:51.562564000Z"/><EventRecordID>1653319</EventRecordID><Correlation/><Execution ProcessID="1624" ThreadID="1624"/><Channel>Linux-Sysmon/Operational</Channel><Computer>vincenzolog-VMware-Virtual-Platform</Computer><Security UserId="0"/></System><EventData><Data Name="RuleName">-</Data><Data Name="UtcTime">2026-01-17 00:30:55.665</Data><Data Name="ProcessGuid">{8b8a9dc4-d83f-696a-0115-4ebb29600000}</Data><Data Name="ProcessId">754961</Data><Data Name="Image">/usr/bin/git</Data><Data Name="User">vincenzolog</Data></EventData></Event>
Jan 17 08:32:51 vincenzolog-VMware-Virtual-Platform sysmon[1624]: <Event><System><Provider Name="Linux-Sysmon" Guid="{ff032593-a8d3-4f13-b0d6-01fc615a0f97}"/><EventID>5</EventID><Version>3</Version><Level>4</Level><Task>5</Task><Opcode>0</Opcode><Keywords>0x8000000000000000</Keywords><TimeCreated SystemTime="2026-01-17T01:32:51.564928000Z"/><EventRecordID>1653320</EventRecordID><Correlation/><Execution ProcessID="1624" ThreadID="1624"/><Channel>Linux-Sysmon/Operational</Channel><Computer>vincenzolog-VMware-Virtual-Platform</Computer><Security UserId="0"/></System><EventData><Data Name="RuleName">-</Data><Data Name="UtcTime">2026-01-17 00:30:55.668</Data><Data Name="ProcessGuid">{8b8a9dc4-d83f-696a-0115-4ebb29600000}</Data><Data Name="ProcessId">754961</Data><Data Name="Image">/usr/bin/git</Data><Data Name="User">vincenzolog</Data></EventData></Event>
Jan 17 08:32:51 vincenzolog-VMware-Virtual-Platform sysmon[1624]: <Event><System><Provider Name="Linux-Sysmon" Guid="{ff032593-a8d3-4f13-b0d6-01fc615a0f97}"/><EventID>5</EventID><Version>3</Version><Level>4</Level><Task>5</Task><Opcode>0</Opcode><Keywords>0x8000000000000000</Keywords><TimeCreated SystemTime="2026-01-17T01:32:51.565256000Z"/><EventRecordID>1653321</EventRecordID><Correlation/><Execution ProcessID="1624" ThreadID="1624"/><Channel>Linux-Sysmon/Operational</Channel><Computer>vincenzolog-VMware-Virtual-Platform</Computer><Security UserId="0"/></System><EventData><Data Name="RuleName">-</Data><Data Name="UtcTime">2026-01-17 00:30:55.668</Data><Data Name="ProcessGuid">{8b8a9dc4-d83f-696a-0115-4ebb29600000}</Data><Data Name="ProcessId">754961</Data><Data Name="Image">/usr/bin/git</Data><Data Name="User">vincenzolog</Data></EventData></Event>
Jan 17 08:32:51 vincenzolog-VMware-Virtual-Platform sysmon[1624]: <Event><System><Provider Name="Linux-Sysmon" Guid="{ff032593-a8d3-4f13-b0d6-01fc615a0f97}"/><EventID>5</EventID><Version>3</Version><Level>4</Level><Task>5</Task><Opcode>0</Opcode><Keywords>0x8000000000000000</Keywords><TimeCreated SystemTime="2026-01-17T01:32:51.566668000Z"/><EventRecordID>1653322</EventRecordID><Correlation/><Execution ProcessID="1624" ThreadID="1624"/><Channel>Linux-Sysmon/Operational</Channel><Computer>vincenzolog-VMware-Virtual-Platform</Computer><Security UserId="0"/></System><EventData><Data Name="RuleName">-</Data><Data Name="UtcTime">2026-01-17 00:30:55.670</Data><Data Name="ProcessGuid">{8b8a9dc4-d83f-696a-0115-4ebb29600000}</Data><Data Name="ProcessId">754961</Data><Data Name="Image">/usr/bin/git</Data><Data Name="User">vincenzolog</Data></EventData></Event>
Jan 17 08:32:51 vincenzolog-VMware-Virtual-Platform sysmon[1624]: <Event><System><Provider Name="Linux-Sysmon" Guid="{ff032593-a8d3-4f13-b0d6-01fc615a0f97}"/><EventID>5</EventID><Version>3</Version><Level>4</Level><Task>5</Task><Opcode>0</Opcode><Keywords>0x8000000000000000</Keywords><TimeCreated SystemTime="2026-01-17T01:32:51.569371000Z"/><EventRecordID>1653323</EventRecordID><Correlation/><Execution ProcessID="1624" ThreadID="1624"/><Channel>Linux-Sysmon/Operational</Channel><Computer>vincenzolog-VMware-Virtual-Platform</Computer><Security UserId="0"/></System><EventData><Data Name="RuleName">-</Data><Data Name="UtcTime">2026-01-17 00:30:55.673</Data><Data Name="ProcessGuid">{8b8a9dc4-d83f-696a-0115-4ebb29600000}</Data><Data Name="ProcessId">754961</Data><Data Name="Image">/usr/bin/git</Data><Data Name="User">vincenzolog</Data></EventData></Event>
Jan 17 08:32:51 vincenzolog-VMware-Virtual-Platform sysmon[1624]: <Event><System><Provider Name="Linux-Sysmon" Guid="{ff032593-a8d3-4f13-b0d6-01fc615a0f97}"/><EventID>5</EventID><Version>3</Version><Level>4</Level><Task>5</Task><Opcode>0</Opcode><Keywords>0x8000000000000000</Keywords><TimeCreated SystemTime="2026-01-17T01:32:51.571520000Z"/><EventRecordID>1653324</EventRecordID><Correlation/><Execution ProcessID="1624" ThreadID="1624"/><Channel>Linux-Sysmon/Operational</Channel><Computer>vincenzolog-VMware-Virtual-Platform</Computer><Security UserId="0"/></System><EventData><Data Name="RuleName">-</Data><Data Name="UtcTime">2026-01-17 00:30:55.675</Data><Data Name="ProcessGuid">{8b8a9dc4-d83f-696a-0115-4ebb29600000}</Data><Data Name="ProcessId">754961</Data><Data Name="Image">/usr/bin/git</Data><Data Name="User">vincenzolog</Data></EventData></Event>
Jan 17 08:32:51 vincenzolog-VMware-Virtual-Platform sysmon[1624]: <Event><System><Provider Name="Linux-Sysmon" Guid="{ff032593-a8d3-4f13-b0d6-01fc615a0f97}"/><EventID>5</EventID><Version>3</Version><Level>4</Level><Task>5</Task><Opcode>0</Opcode><Keywords>0x8000000000000000</Keywords><TimeCreated SystemTime="2026-01-17T01:32:51.575434000Z"/><EventRecordID>1653325</EventRecordID><Correlation/><Execution ProcessID="1624" ThreadID="1624"/><Channel>Linux-Sysmon/Operational</Channel><Computer>vincenzolog-VMware-Virtual-Platform</Computer><Security UserId="0"/></System><EventData><Data Name="RuleName">-</Data><Data Name="UtcTime">2026-01-17 00:30:55.679</Data><Data Name="ProcessGuid">{8b8a9dc4-d83f-696a-0115-4ebb29600000}</Data><Data Name="ProcessId">754961</Data><Data Name="Image">/usr/bin/git</Data><Data Name="User">vincenzolog</Data></EventData></Event>
Jan 17 08:32:51 vincenzolog-VMware-Virtual-Platform sysmon[1624]: <Event><System><Provider Name="Linux-Sysmon" Guid="{ff032593-a8d3-4f13-b0d6-01fc615a0f97}"/><EventID>5</EventID><Version>3</Version><Level>4</Level><Task>5</Task><Opcode>0</Opcode><Keywords>0x8000000000000000</Keywords><TimeCreated SystemTime="2026-01-17T01:32:51.576325000Z"/><EventRecordID>1653326</EventRecordID><Correlation/><Execution ProcessID="1624" ThreadID="1624"/><Channel>Linux-Sysmon/Operational</Channel><Computer>vincenzolog-VMware-Virtual-Platform</Computer><Security UserId="0"/></System><EventData><Data Name="RuleName">-</Data><Data Name="UtcTime">2026-01-17 00:30:55.679</Data><Data Name="ProcessGuid">{8b8a9dc4-d83f-696a-0115-4ebb29600000}</Data><Data Name="ProcessId">754961</Data><Data Name="Image">/usr/bin/git</Data><Data Name="User">vincenzolog</Data></EventData></Event>
Jan 17 08:32:51 vincenzolog-VMware-Virtual-Platform sysmon[1624]: <Event><System><Provider Name="Linux-Sysmon" Guid="{ff032593-a8d3-4f13-b0d6-01fc615a0f97}"/><EventID>5</EventID><Version>3</Version><Level>4</Level><Task>5</Task><Opcode>0</Opcode><Keywords>0x8000000000000000</Keywords><TimeCreated SystemTime="2026-01-17T01:32:51.579037000Z"/><EventRecordID>1653327</EventRecordID><Correlation/><Execution ProcessID="1624" ThreadID="1624"/><Channel>Linux-Sysmon/Operational</Channel><Computer>vincenzolog-VMware-Virtual-Platform</Computer><Security UserId="0"/></System><EventData><Data Name="RuleName">-</Data><Data Name="UtcTime">2026-01-17 00:30:55.682</Data><Data Name="ProcessGuid">{8b8a9dc4-d83f-696a-0115-4ebb29600000}</Data><Data Name="ProcessId">754961</Data><Data Name="Image">/usr/bin/git</Data><Data Name="User">vincenzolog</Data></EventData></Event>
Jan 17 08:32:51 vincenzolog-VMware-Virtual-Platform sysmon[1624]: <Event><System><Provider Name="Linux-Sysmon" Guid="{ff032593-a8d3-4f13-b0d6-01fc615a0f97}"/><EventID>5</EventID><Version>3</Version><Level>4</Level><Task>5</Task><Opcode>0</Opcode><Keywords>0x8000000000000000</Keywords><TimeCreated SystemTime="2026-01-17T01:32:51.580356000Z"/><EventRecordID>1653328</EventRecordID><Correlation/><Execution ProcessID="1624" ThreadID="1624"/><Channel>Linux-Sysmon/Operational</Channel><Computer>vincenzolog-VMware-Virtual-Platform</Computer><Security UserId="0"/></System><EventData><Data Name="RuleName">-</Data><Data Name="UtcTime">2026-01-17 00:30:55.684</Data><Data Name="ProcessGuid">{8b8a9dc4-d83f-696a-0115-4ebb29600000}</Data><Data Name="ProcessId">754961</Data><Data Name="Image">/usr/bin/git</Data><Data Name="User">vincenzolog</Data></EventData></Event>
Jan 17 08:32:51 vincenzolog-VMware-Virtual-Platform sysmon[1624]: <Event><System><Provider Name="Linux-Sysmon" Guid="{ff032593-a8d3-4f13-b0d6-01fc615a0f97}"/><EventID>5</EventID><Version>3</Version><Level>4</Level><Task>5</Task><Opcode>0</Opcode><Keywords>0x8000000000000000</Keywords><TimeCreated SystemTime="2026-01-17T01:32:51.581314000Z"/><EventRecordID>1653329</EventRecordID><Correlation/><Execution ProcessID="1624" ThreadID="1624"/><Channel>Linux-Sysmon/Operational</Channel><Computer>vincenzolog-VMware-Virtual-Platform</Computer><Security UserId="0"/></System><EventData><Data Name="RuleName">-</Data><Data Name="UtcTime">2026-01-17 00:30:55.685</Data><Data Name="ProcessGuid">{8b8a9dc4-d83f-696a-0115-4ebb29600000}</Data><Data Name="ProcessId">754961</Data><Data Name="Image">/usr/bin/git</Data><Data Name="User">vincenzolog</Data></EventData></Event>
Jan 17 08:32:51 vincenzolog-VMware-Virtual-Platform sysmon[1624]: <Event><System><Provider Name="Linux-Sysmon" Guid="{ff032593-a8d3-4f13-b0d6-01fc615a0f97}"/><EventID>5</EventID><Version>3</Version><Level>4</Level><Task>5</Task><Opcode>0</Opcode><Keywords>0x8000000000000000</Keywords><TimeCreated SystemTime="2026-01-17T01:32:51.647702000Z"/><EventRecordID>1653330</EventRecordID><Correlation/><Execution ProcessID="1624" ThreadID="1624"/><Channel>Linux-Sysmon/Operational</Channel><Computer>vincenzolog-VMware-Virtual-Platform</Computer><Security UserId="0"/></System><EventData><Data Name="RuleName">-</Data><Data Name="UtcTime">2026-01-17 00:30:55.751</Data><Data Name="ProcessGuid">{8b8a9dc4-d83f-696a-0115-4ebb29600000}</Data><Data Name="ProcessId">754961</Data><Data Name="Image">/usr/bin/git</Data><Data Name="User">vincenzolog</Data></EventData></Event>
Jan 17 08:32:53 vincenzolog-VMware-Virtual-Platform sysmon[1624]: <Event><System><Provider Name="Linux-Sysmon" Guid="{ff032593-a8d3-4f13-b0d6-01fc615a0f97}"/><EventID>1</EventID><Version>5</Version><Level>4</Level><Task>1</Task><Opcode>0</Opcode><Keywords>0x8000000000000000</Keywords><TimeCreated SystemTime="2026-01-17T01:32:53.257400000Z"/><EventRecordID>1653331</EventRecordID><Correlation/><Execution ProcessID="1624" ThreadID="1624"/><Channel>Linux-Sysmon/Operational</Channel><Computer>vincenzolog-VMware-Virtual-Platform</Computer><Security UserId="0"/></System><EventData><Data Name="RuleName">-</Data><Data Name="UtcTime">2026-01-17 00:30:57.356</Data><Data Name="ProcessGuid">{8b8a9dc4-d841-696a-1d68-417b765e0000}</Data><Data Name="ProcessId">754983</Data><Data Name="Image">/usr/bin/dash</Data><Data Name="FileVersion">-</Data><Data Name="Description">-</Data><Data Name="Product">-</Data><Data Name="Company">-</Data><Data Name="OriginalFileName">-</Data><Data Name="CommandLine">/bin/sh -c which ps</Data><Data Name="CurrentDirectory">/home/vincenzolog</Data><Data Name="User">vincenzolog</Data><Data Name="LogonGuid">{8b8a9dc4-0000-0000-e803-000000000000}</Data><Data Name="LogonId">1000</Data><Data Name="TerminalSessionId">3</Data><Data Name="IntegrityLevel">no level</Data><Data Name="Hashes">SHA256=86d31f6fb799e91fa21bad341484564510ca287703a16e9e46c53338776f4f42</Data><Data Name="ParentProcessGuid">{8b8a9dc4-2c74-696a-10de-87a384600000}</Data><Data Name="ParentProcessId">8900</Data><Data Name="ParentImage">/usr/share/antigravity/antigravity</Data><Data Name="ParentCommandLine">/proc/self/exe</Data><Data Name="ParentUser">vincenzolog</Data></EventData></Event>
Jan 17 08:32:53 vincenzolog-VMware-Virtual-Platform sysmon[1624]: <Event><System><Provider Name="Linux-Sysmon" Guid="{ff032593-a8d3-4f13-b0d6-01fc615a0f97}"/><EventID>1</EventID><Version>5</Version><Level>4</Level><Task>1</Task><Opcode>0</Opcode><Keywords>0x8000000000000000</Keywords><TimeCreated SystemTime="2026-01-17T01:32:53.260734000Z"/><EventRecordID>1653332</EventRecordID><Correlation/><Execution ProcessID="1624" ThreadID="1624"/><Channel>Linux-Sysmon/Operational</Channel><Computer>vincenzolog-VMware-Virtual-Platform</Computer><Security UserId="0"/></System><EventData><Data Name="RuleName">-</Data><Data Name="UtcTime">2026-01-17 00:30:57.362</Data><Data Name="ProcessGuid">{8b8a9dc4-d841-696a-1d58-6b7f5d640000}</Data><Data Name="ProcessId">754984</Data><Data Name="Image">/usr/bin/dash</Data><Data Name="FileVersion">-</Data><Data Name="Description">-</Data><Data Name="Product">-</Data><Data Name="Company">-</Data><Data Name="OriginalFileName">-</Data><Data Name="CommandLine">/bin/sh /usr/bin/which ps</Data><Data Name="CurrentDirectory">/home/vincenzolog</Data><Data Name="User">vincenzolog</Data><Data Name="LogonGuid">{8b8a9dc4-0000-0000-e803-000000000000}</Data><Data Name="LogonId">1000</Data><Data Name="TerminalSessionId">3</Data><Data Name="IntegrityLevel">no level</Data><Data Name="Hashes">SHA256=86d31f6fb799e91fa21bad341484564510ca287703a16e9e46c53338776f4f42</Data><Data Name="ParentProcessGuid">{8b8a9dc4-d841-696a-1d68-417b765e0000}</Data><Data Name="ParentProcessId">754983</Data><Data Name="ParentImage">/usr/bin/dash</Data><Data Name="ParentCommandLine">/bin/sh</Data><Data Name="ParentUser">vincenzolog</Data></EventData></Event>
Jan 17 08:32:53 vincenzolog-VMware-Virtual-Platform sysmon[1624]: <Event><System><Provider Name="Linux-Sysmon" Guid="{ff032593-a8d3-4f13-b0d6-01fc615a0f97}"/><EventID>5</EventID><Version>3</Version><Level>4</Level><Task>5</Task><Opcode>0</Opcode><Keywords>0x8000000000000000</Keywords><TimeCreated SystemTime="2026-01-17T01:32:53.263175000Z"/><EventRecordID>1653333</EventRecordID><Correlation/><Execution ProcessID="1624" ThreadID="1624"/><Channel>Linux-Sysmon/Operational</Channel><Computer>vincenzolog-VMware-Virtual-Platform</Computer><Security UserId="0"/></System><EventData><Data Name="RuleName">-</Data><Data Name="UtcTime">2026-01-17 00:30:57.367</Data><Data Name="ProcessGuid">{8b8a9dc4-d841-696a-1d58-6b7f5d640000}</Data><Data Name="ProcessId">754984</Data><Data Name="Image">/usr/bin/dash</Data><Data Name="User">vincenzolog</Data></EventData></Event>
Jan 17 08:32:53 vincenzolog-VMware-Virtual-Platform sysmon[1624]: <Event><System><Provider Name="Linux-Sysmon" Guid="{ff032593-a8d3-4f13-b0d6-01fc615a0f97}"/><EventID>5</EventID><Version>3</Version><Level>4</Level><Task>5</Task><Opcode>0</Opcode><Keywords>0x8000000000000000</Keywords><TimeCreated SystemTime="2026-01-17T01:32:53.263855000Z"/><EventRecordID>1653334</EventRecordID><Correlation/><Execution ProcessID="1624" ThreadID="1624"/><Channel>Linux-Sysmon/Operational</Channel><Computer>vincenzolog-VMware-Virtual-Platform</Computer><Security UserId="0"/></System><EventData><Data Name="RuleName">-</Data><Data Name="UtcTime">2026-01-17 00:30:57.367</Data><Data Name="ProcessGuid">{8b8a9dc4-d841-696a-1d68-417b765e0000}</Data><Data Name="ProcessId">754983</Data><Data Name="Image">/usr/bin/dash</Data><Data Name="User">vincenzolog</Data></EventData></Event>
Jan 17 08:32:53 vincenzolog-VMware-Virtual-Platform sysmon[1624]: <Event><System><Provider Name="Linux-Sysmon" Guid="{ff032593-a8d3-4f13-b0d6-01fc615a0f97}"/><EventID>1</EventID><Version>5</Version><Level>4</Level><Task>1</Task><Opcode>0</Opcode><Keywords>0x8000000000000000</Keywords><TimeCreated SystemTime="2026-01-17T01:32:53.272633000Z"/><EventRecordID>1653335</EventRecordID><Correlation/><Execution ProcessID="1624" ThreadID="1624"/><Channel>Linux-Sysmon/Operational</Channel><Computer>vincenzolog-VMware-Virtual-Platform</Computer><Security UserId="0"/></System><EventData><Data Name="RuleName">-</Data><Data Name="UtcTime">2026-01-17 00:30:57.371</Data><Data Name="ProcessGuid">{8b8a9dc4-d841-696a-1d18-8a31d45c0000}</Data><Data Name="ProcessId">754985</Data><Data Name="Image">/usr/bin/dash</Data><Data Name="FileVersion">-</Data><Data Name="Description">-</Data><Data Name="Product">-</Data><Data Name="Company">-</Data><Data Name="OriginalFileName">-</Data><Data Name="CommandLine">/bin/sh -c /usr/bin/ps -ax -o pid=,ppid=,pcpu=,pmem=,command=</Data><Data Name="CurrentDirectory">/home/vincenzolog</Data><Data Name="User">vincenzolog</Data><Data Name="LogonGuid">{8b8a9dc4-0000-0000-e803-000000000000}</Data><Data Name="LogonId">1000</Data><Data Name="TerminalSessionId">3</Data><Data Name="IntegrityLevel">no level</Data><Data Name="Hashes">SHA256=86d31f6fb799e91fa21bad341484564510ca287703a16e9e46c53338776f4f42</Data><Data Name="ParentProcessGuid">{8b8a9dc4-2c74-696a-10de-87a384600000}</Data><Data Name="ParentProcessId">8900</Data><Data Name="ParentImage">/usr/share/antigravity/antigravity</Data><Data Name="ParentCommandLine">/proc/self/exe</Data><Data Name="ParentUser">vincenzolog</Data></EventData></Event>
Jan 17 08:32:53 vincenzolog-VMware-Virtual-Platform sysmon[1624]: <Event><System><Provider Name="Linux-Sysmon" Guid="{ff032593-a8d3-4f13-b0d6-01fc615a0f97}"/><EventID>1</EventID><Version>5</Version><Level>4</Level><Task>1</Task><Opcode>0</Opcode><Keywords>0x8000000000000000</Keywords><TimeCreated SystemTime="2026-01-17T01:32:53.275565000Z"/><EventRecordID>1653336</EventRecordID><Correlation/><Execution ProcessID="1624" ThreadID="1624"/><Channel>Linux-Sysmon/Operational</Channel><Computer>vincenzolog-VMware-Virtual-Platform</Computer><Security UserId="0"/></System><EventData><Data Name="RuleName">-</Data><Data Name="UtcTime">2026-01-17 00:30:57.377</Data><Data Name="ProcessGuid">{8b8a9dc4-d841-696a-018e-2d5612560000}</Data><Data Name="ProcessId">754986</Data><Data Name="Image">/usr/bin/ps</Data><Data Name="FileVersion">-</Data><Data Name="Description">-</Data><Data Name="Product">-</Data><Data Name="Company">-</Data><Data Name="OriginalFileName">-</Data><Data Name="CommandLine">/usr/bin/ps -ax -o pid=,ppid=,pcpu=,pmem=,command=</Data><Data Name="CurrentDirectory">/home/vincenzolog</Data><Data Name="User">vincenzolog</Data><Data Name="LogonGuid">{8b8a9dc4-0000-0000-e803-000000000000}</Data><Data Name="LogonId">1000</Data><Data Name="TerminalSessionId">3</Data><Data Name="IntegrityLevel">no level</Data><Data Name="Hashes">SHA256=8e86f498aa4aabfcea6c179d6181557140b4597f1c39bb94e2aba32158b58297</Data><Data Name="ParentProcessGuid">{8b8a9dc4-d841-696a-1d18-8a31d45c0000}</Data><Data Name="ParentProcessId">754985</Data><Data Name="ParentImage">/usr/bin/dash</Data><Data Name="ParentCommandLine">/bin/sh</Data><Data Name="ParentUser">vincenzolog</Data></EventData></Event>
Jan 17 08:32:53 vincenzolog-VMware-Virtual-Platform sysmon[1624]: <Event><System><Provider Name="Linux-Sysmon" Guid="{ff032593-a8d3-4f13-b0d6-01fc615a0f97}"/><EventID>5</EventID><Version>3</Version><Level>4</Level><Task>5</Task><Opcode>0</Opcode><Keywords>0x8000000000000000</Keywords><TimeCreated SystemTime="2026-01-17T01:32:53.431255000Z"/><EventRecordID>1653337</EventRecordID><Correlation/><Execution ProcessID="1624" ThreadID="1624"/><Channel>Linux-Sysmon/Operational</Channel><Computer>vincenzolog-VMware-Virtual-Platform</Computer><Security UserId="0"/></System><EventData><Data Name="RuleName">-</Data><Data Name="UtcTime">2026-01-17 00:30:57.535</Data><Data Name="ProcessGuid">{8b8a9dc4-d841-696a-018e-2d5612560000}</Data><Data Name="ProcessId">754986</Data><Data Name="Image">/usr/bin/ps</Data><Data Name="User">vincenzolog</Data></EventData></Event>
Jan 17 08:32:53 vincenzolog-VMware-Virtual-Platform sysmon[1624]: <Event><System><Provider Name="Linux-Sysmon" Guid="{ff032593-a8d3-4f13-b0d6-01fc615a0f97}"/><EventID>5</EventID><Version>3</Version><Level>4</Level><Task>5</Task><Opcode>0</Opcode><Keywords>0x8000000000000000</Keywords><TimeCreated SystemTime="2026-01-17T01:32:53.432377000Z"/><EventRecordID>1653338</EventRecordID><Correlation/><Execution ProcessID="1624" ThreadID="1624"/><Channel>Linux-Sysmon/Operational</Channel><Computer>vincenzolog-VMware-Virtual-Platform</Computer><Security UserId="0"/></System><EventData><Data Name="RuleName">-</Data><Data Name="UtcTime">2026-01-17 00:30:57.536</Data><Data Name="ProcessGuid">{8b8a9dc4-d841-696a-1d18-8a31d45c0000}</Data><Data Name="ProcessId">754985</Data><Data Name="Image">/usr/bin/dash</Data><Data Name="User">vincenzolog</Data></EventData></Event>
