Jan 17 09:11:44 vincenzolog-VMware-Virtual-Platform sysmon[1624]: <Event><System><Provider Name="Linux-Sysmon" Guid="{ff032593-a8d3-4f13-b0d6-01fc615a0f97}"/><EventID>1</EventID><Version>5</Version><Level>4</Level><Task>1</Task><Opcode>0</Opcode><Keywords>0x8000000000000000</Keywords><TimeCreated SystemTime="2026-01-17T02:11:44.276553000Z"/><EventRecordID>1687877</EventRecordID><Correlation/><Execution ProcessID="1624" ThreadID="1624"/><Channel>Linux-Sysmon/Operational</Channel><Computer>vincenzolog-VMware-Virtual-Platform</Computer><Security UserId="0"/></System><EventData><Data Name="RuleName">-</Data><Data Name="UtcTime">2026-01-17 01:09:48.377</Data><Data Name="ProcessGuid">{8b8a9dc4-e15c-696a-b174-72e03b650000}</Data><Data Name="ProcessId">776697</Data><Data Name="Image">/usr/bin/cat</Data><Data Name="FileVersion">-</Data><Data Name="Description">-</Data><Data Name="Product">-</Data><Data Name="Company">-</Data><Data Name="OriginalFileName">-</Data><Data Name="CommandLine">cat /proc/771538/stat</Data><Data Name="CurrentDirectory">/home/vincenzolog</Data><Data Name="User">vincenzolog</Data><Data Name="LogonGuid">{8b8a9dc4-0000-0000-e803-000000000000}</Data><Data Name="LogonId">1000</Data><Data Name="TerminalSessionId">3</Data><Data Name="IntegrityLevel">no level</Data><Data Name="Hashes">SHA256=dda0961715677dff3cd560e1933379c0eca73c0b6e19fef2737492ebc1de1700</Data><Data Name="ParentProcessGuid">{8b8a9dc4-e15b-696a-2d93-8657d05a0000}</Data><Data Name="ParentProcessId">776687</Data><Data Name="ParentImage">/usr/bin/bash</Data><Data Name="ParentCommandLine">/bin/bash</Data><Data Name="ParentUser">vincenzolog</Data></EventData></Event>
Jan 17 09:11:44 vincenzolog-VMware-Virtual-Platform sysmon[1624]: <Event><System><Provider Name="Linux-Sysmon" Guid="{ff032593-a8d3-4f13-b0d6-01fc615a0f97}"/><EventID>5</EventID><Version>3</Version><Level>4</Level><Task>5</Task><Opcode>0</Opcode><Keywords>0x8000000000000000</Keywords><TimeCreated SystemTime="2026-01-17T02:11:44.278860000Z"/><EventRecordID>1687878</EventRecordID><Correlation/><Execution ProcessID="1624" ThreadID="1624"/><Channel>Linux-Sysmon/Operational</Channel><Computer>vincenzolog-VMware-Virtual-Platform</Computer><Security UserId="0"/></System><EventData><Data Name="RuleName">-</Data><Data Name="UtcTime">2026-01-17 01:09:48.382</Data><Data Name="ProcessGuid">{8b8a9dc4-e15c-696a-b174-72e03b650000}</Data><Data Name="ProcessId">776697</Data><Data Name="Image">/usr/bin/cat</Data><Data Name="User">vincenzolog</Data></EventData></Event>
Jan 17 09:11:44 vincenzolog-VMware-Virtual-Platform sysmon[1624]: <Event><System><Provider Name="Linux-Sysmon" Guid="{ff032593-a8d3-4f13-b0d6-01fc615a0f97}"/><EventID>5</EventID><Version>3</Version><Level>4</Level><Task>5</Task><Opcode>0</Opcode><Keywords>0x8000000000000000</Keywords><TimeCreated SystemTime="2026-01-17T02:11:44.282207000Z"/><EventRecordID>1687879</EventRecordID><Correlation/><Execution ProcessID="1624" ThreadID="1624"/><Channel>Linux-Sysmon/Operational</Channel><Computer>vincenzolog-VMware-Virtual-Platform</Computer><Security UserId="0"/></System><EventData><Data Name="RuleName">-</Data><Data Name="UtcTime">2026-01-17 01:09:48.385</Data><Data Name="ProcessGuid">{8b8a9dc4-e15c-696a-0000-000000000000}</Data><Data Name="ProcessId">776698</Data><Data Name="Image">-</Data><Data Name="User">vincenzolog</Data></EventData></Event>
Jan 17 09:11:44 vincenzolog-VMware-Virtual-Platform sysmon[1624]: <Event><System><Provider Name="Linux-Sysmon" Guid="{ff032593-a8d3-4f13-b0d6-01fc615a0f97}"/><EventID>1</EventID><Version>5</Version><Level>4</Level><Task>1</Task><Opcode>0</Opcode><Keywords>0x8000000000000000</Keywords><TimeCreated SystemTime="2026-01-17T02:11:44.285637000Z"/><EventRecordID>1687880</EventRecordID><Correlation/><Execution ProcessID="1624" ThreadID="1624"/><Channel>Linux-Sysmon/Operational</Channel><Computer>vincenzolog-VMware-Virtual-Platform</Computer><Security UserId="0"/></System><EventData><Data Name="RuleName">-</Data><Data Name="UtcTime">2026-01-17 01:09:48.386</Data><Data Name="ProcessGuid">{8b8a9dc4-e15c-696a-b1d4-8b3a435b0000}</Data><Data Name="ProcessId">776699</Data><Data Name="Image">/usr/bin/cat</Data><Data Name="FileVersion">-</Data><Data Name="Description">-</Data><Data Name="Product">-</Data><Data Name="Company">-</Data><Data Name="OriginalFileName">-</Data><Data Name="CommandLine">cat /proc/771554/stat</Data><Data Name="CurrentDirectory">/home/vincenzolog</Data><Data Name="User">vincenzolog</Data><Data Name="LogonGuid">{8b8a9dc4-0000-0000-e803-000000000000}</Data><Data Name="LogonId">1000</Data><Data Name="TerminalSessionId">3</Data><Data Name="IntegrityLevel">no level</Data><Data Name="Hashes">SHA256=dda0961715677dff3cd560e1933379c0eca73c0b6e19fef2737492ebc1de1700</Data><Data Name="ParentProcessGuid">{8b8a9dc4-e15b-696a-2d93-8657d05a0000}</Data><Data Name="ParentProcessId">776687</Data><Data Name="ParentImage">/usr/bin/bash</Data><Data Name="ParentCommandLine">/bin/bash</Data><Data Name="ParentUser">vincenzolog</Data></EventData></Event>
Jan 17 09:11:44 vincenzolog-VMware-Virtual-Platform sysmon[1624]: <Event><System><Provider Name="Linux-Sysmon" Guid="{ff032593-a8d3-4f13-b0d6-01fc615a0f97}"/><EventID>5</EventID><Version>3</Version><Level>4</Level><Task>5</Task><Opcode>0</Opcode><Keywords>0x8000000000000000</Keywords><TimeCreated SystemTime="2026-01-17T02:11:44.287970000Z"/><EventRecordID>1687881</EventRecordID><Correlation/><Execution ProcessID="1624" ThreadID="1624"/><Channel>Linux-Sysmon/Operational</Channel><Computer>vincenzolog-VMware-Virtual-Platform</Computer><Security UserId="0"/></System><EventData><Data Name="RuleName">-</Data><Data Name="UtcTime">2026-01-17 01:09:48.391</Data><Data Name="ProcessGuid">{8b8a9dc4-e15c-696a-b1d4-8b3a435b0000}</Data><Data Name="ProcessId">776699</Data><Data Name="Image">/usr/bin/cat</Data><Data Name="User">vincenzolog</Data></EventData></Event>
Jan 17 09:11:44 vincenzolog-VMware-Virtual-Platform sysmon[1624]: <Event><System><Provider Name="Linux-Sysmon" Guid="{ff032593-a8d3-4f13-b0d6-01fc615a0f97}"/><EventID>5</EventID><Version>3</Version><Level>4</Level><Task>5</Task><Opcode>0</Opcode><Keywords>0x8000000000000000</Keywords><TimeCreated SystemTime="2026-01-17T02:11:44.290684000Z"/><EventRecordID>1687882</EventRecordID><Correlation/><Execution ProcessID="1624" ThreadID="1624"/><Channel>Linux-Sysmon/Operational</Channel><Computer>vincenzolog-VMware-Virtual-Platform</Computer><Security UserId="0"/></System><EventData><Data Name="RuleName">-</Data><Data Name="UtcTime">2026-01-17 01:09:48.394</Data><Data Name="ProcessGuid">{8b8a9dc4-e15c-696a-0000-000000000000}</Data><Data Name="ProcessId">776700</Data><Data Name="Image">-</Data><Data Name="User">vincenzolog</Data></EventData></Event>
Jan 17 09:11:44 vincenzolog-VMware-Virtual-Platform sysmon[1624]: <Event><System><Provider Name="Linux-Sysmon" Guid="{ff032593-a8d3-4f13-b0d6-01fc615a0f97}"/><EventID>1</EventID><Version>5</Version><Level>4</Level><Task>1</Task><Opcode>0</Opcode><Keywords>0x8000000000000000</Keywords><TimeCreated SystemTime="2026-01-17T02:11:44.294597000Z"/><EventRecordID>1687883</EventRecordID><Correlation/><Execution ProcessID="1624" ThreadID="1624"/><Channel>Linux-Sysmon/Operational</Channel><Computer>vincenzolog-VMware-Virtual-Platform</Computer><Security UserId="0"/></System><EventData><Data Name="RuleName">-</Data><Data Name="UtcTime">2026-01-17 01:09:48.395</Data><Data Name="ProcessGuid">{8b8a9dc4-e15c-696a-b1e4-7849d4550000}</Data><Data Name="ProcessId">776701</Data><Data Name="Image">/usr/bin/cat</Data><Data Name="FileVersion">-</Data><Data Name="Description">-</Data><Data Name="Product">-</Data><Data Name="Company">-</Data><Data Name="OriginalFileName">-</Data><Data Name="CommandLine">cat /proc/771555/stat</Data><Data Name="CurrentDirectory">/home/vincenzolog</Data><Data Name="User">vincenzolog</Data><Data Name="LogonGuid">{8b8a9dc4-0000-0000-e803-000000000000}</Data><Data Name="LogonId">1000</Data><Data Name="TerminalSessionId">3</Data><Data Name="IntegrityLevel">no level</Data><Data Name="Hashes">SHA256=dda0961715677dff3cd560e1933379c0eca73c0b6e19fef2737492ebc1de1700</Data><Data Name="ParentProcessGuid">{8b8a9dc4-e15b-696a-2d93-8657d05a0000}</Data><Data Name="ParentProcessId">776687</Data><Data Name="ParentImage">/usr/bin/bash</Data><Data Name="ParentCommandLine">/bin/bash</Data><Data Name="ParentUser">vincenzolog</Data></EventData></Event>
Jan 17 09:11:44 vincenzolog-VMware-Virtual-Platform sysmon[1624]: <Event><System><Provider Name="Linux-Sysmon" Guid="{ff032593-a8d3-4f13-b0d6-01fc615a0f97}"/><EventID>5</EventID><Version>3</Version><Level>4</Level><Task>5</Task><Opcode>0</Opcode><Keywords>0x8000000000000000</Keywords><TimeCreated SystemTime="2026-01-17T02:11:44.296650000Z"/><EventRecordID>1687884</EventRecordID><Correlation/><Execution ProcessID="1624" ThreadID="1624"/><Channel>Linux-Sysmon/Operational</Channel><Computer>vincenzolog-VMware-Virtual-Platform</Computer><Security UserId="0"/></System><EventData><Data Name="RuleName">-</Data><Data Name="UtcTime">2026-01-17 01:09:48.400</Data><Data Name="ProcessGuid">{8b8a9dc4-e15c-696a-b1e4-7849d4550000}</Data><Data Name="ProcessId">776701</Data><Data Name="Image">/usr/bin/cat</Data><Data Name="User">vincenzolog</Data></EventData></Event>
Jan 17 09:11:44 vincenzolog-VMware-Virtual-Platform sysmon[1624]: <Event><System><Provider Name="Linux-Sysmon" Guid="{ff032593-a8d3-4f13-b0d6-01fc615a0f97}"/><EventID>5</EventID><Version>3</Version><Level>4</Level><Task>5</Task><Opcode>0</Opcode><Keywords>0x8000000000000000</Keywords><TimeCreated SystemTime="2026-01-17T02:11:44.299755000Z"/><EventRecordID>1687885</EventRecordID><Correlation/><Execution ProcessID="1624" ThreadID="1624"/><Channel>Linux-Sysmon/Operational</Channel><Computer>vincenzolog-VMware-Virtual-Platform</Computer><Security UserId="0"/></System><EventData><Data Name="RuleName">-</Data><Data Name="UtcTime">2026-01-17 01:09:48.403</Data><Data Name="ProcessGuid">{8b8a9dc4-e15c-696a-0000-000000000000}</Data><Data Name="ProcessId">776702</Data><Data Name="Image">-</Data><Data Name="User">vincenzolog</Data></EventData></Event>
Jan 17 09:11:44 vincenzolog-VMware-Virtual-Platform sysmon[1624]: <Event><System><Provider Name="Linux-Sysmon" Guid="{ff032593-a8d3-4f13-b0d6-01fc615a0f97}"/><EventID>5</EventID><Version>3</Version><Level>4</Level><Task>5</Task><Opcode>0</Opcode><Keywords>0x8000000000000000</Keywords><TimeCreated SystemTime="2026-01-17T02:11:44.300667000Z"/><EventRecordID>1687886</EventRecordID><Correlation/><Execution ProcessID="1624" ThreadID="1624"/><Channel>Linux-Sysmon/Operational</Channel><Computer>vincenzolog-VMware-Virtual-Platform</Computer><Security UserId="0"/></System><EventData><Data Name="RuleName">-</Data><Data Name="UtcTime">2026-01-17 01:09:48.404</Data><Data Name="ProcessGuid">{8b8a9dc4-e15b-696a-2d93-8657d05a0000}</Data><Data Name="ProcessId">776687</Data><Data Name="Image">/usr/bin/bash</Data><Data Name="User">vincenzolog</Data></EventData></Event>
Jan 17 09:11:44 vincenzolog-VMware-Virtual-Platform sysmon[1624]: <Event><System><Provider Name="Linux-Sysmon" Guid="{ff032593-a8d3-4f13-b0d6-01fc615a0f97}"/><EventID>5</EventID><Version>3</Version><Level>4</Level><Task>5</Task><Opcode>0</Opcode><Keywords>0x8000000000000000</Keywords><TimeCreated SystemTime="2026-01-17T02:11:44.301509000Z"/><EventRecordID>1687887</EventRecordID><Correlation/><Execution ProcessID="1624" ThreadID="1624"/><Channel>Linux-Sysmon/Operational</Channel><Computer>vincenzolog-VMware-Virtual-Platform</Computer><Security UserId="0"/></System><EventData><Data Name="RuleName">-</Data><Data Name="UtcTime">2026-01-17 01:09:48.405</Data><Data Name="ProcessGuid">{8b8a9dc4-e15b-696a-1d38-6556e1550000}</Data><Data Name="ProcessId">776686</Data><Data Name="Image">/usr/bin/dash</Data><Data Name="User">vincenzolog</Data></EventData></Event>
Jan 17 09:11:45 vincenzolog-VMware-Virtual-Platform sysmon[1624]: <Event><System><Provider Name="Linux-Sysmon" Guid="{ff032593-a8d3-4f13-b0d6-01fc615a0f97}"/><EventID>1</EventID><Version>5</Version><Level>4</Level><Task>1</Task><Opcode>0</Opcode><Keywords>0x8000000000000000</Keywords><TimeCreated SystemTime="2026-01-17T02:11:45.730791000Z"/><EventRecordID>1687888</EventRecordID><Correlation/><Execution ProcessID="1624" ThreadID="1624"/><Channel>Linux-Sysmon/Operational</Channel><Computer>vincenzolog-VMware-Virtual-Platform</Computer><Security UserId="0"/></System><EventData><Data Name="RuleName">-</Data><Data Name="UtcTime">2026-01-17 01:09:49.831</Data><Data Name="ProcessGuid">{8b8a9dc4-e15d-696a-1dc8-fdba4d630000}</Data><Data Name="ProcessId">776703</Data><Data Name="Image">/usr/bin/dash</Data><Data Name="FileVersion">-</Data><Data Name="Description">-</Data><Data Name="Product">-</Data><Data Name="Company">-</Data><Data Name="OriginalFileName">-</Data><Data Name="CommandLine">/bin/sh -c journalctl -u sysmon --no-pager &gt; logs_output/BPFtrace_Unsafe_Option_Usage/BPFtrace_Unsafe_Option_Usage_attack108.log</Data><Data Name="CurrentDirectory">/home/vincenzolog/Auto_test</Data><Data Name="User">root</Data><Data Name="LogonGuid">{8b8a9dc4-0000-0000-0000-000005000000}</Data><Data Name="LogonId">0</Data><Data Name="TerminalSessionId">3</Data><Data Name="IntegrityLevel">no level</Data><Data Name="Hashes">SHA256=86d31f6fb799e91fa21bad341484564510ca287703a16e9e46c53338776f4f42</Data><Data Name="ParentProcessGuid">{8b8a9dc4-df7f-696a-dd23-700000000000}</Data><Data Name="ParentProcessId">771555</Data><Data Name="ParentImage">/usr/bin/python3.12</Data><Data Name="ParentCommandLine">python3</Data><Data Name="ParentUser">root</Data></EventData></Event>
Jan 17 09:11:45 vincenzolog-VMware-Virtual-Platform sysmon[1624]: <Event><System><Provider Name="Linux-Sysmon" Guid="{ff032593-a8d3-4f13-b0d6-01fc615a0f97}"/><EventID>1</EventID><Version>5</Version><Level>4</Level><Task>1</Task><Opcode>0</Opcode><Keywords>0x8000000000000000</Keywords><TimeCreated SystemTime="2026-01-17T02:11:45.733802000Z"/><EventRecordID>1687889</EventRecordID><Correlation/><Execution ProcessID="1624" ThreadID="1624"/><Channel>Linux-Sysmon/Operational</Channel><Computer>vincenzolog-VMware-Virtual-Platform</Computer><Security UserId="0"/></System><EventData><Data Name="RuleName">-</Data><Data Name="UtcTime">2026-01-17 01:09:49.836</Data><Data Name="ProcessGuid">{8b8a9dc4-e15d-696a-cd2b-0f3b02570000}</Data><Data Name="ProcessId">776704</Data><Data Name="Image">/usr/bin/journalctl</Data><Data Name="FileVersion">-</Data><Data Name="Description">-</Data><Data Name="Product">-</Data><Data Name="Company">-</Data><Data Name="OriginalFileName">-</Data><Data Name="CommandLine">journalctl -u sysmon --no-pager</Data><Data Name="CurrentDirectory">/home/vincenzolog/Auto_test</Data><Data Name="User">root</Data><Data Name="LogonGuid">{8b8a9dc4-0000-0000-0000-000005000000}</Data><Data Name="LogonId">0</Data><Data Name="TerminalSessionId">3</Data><Data Name="IntegrityLevel">no level</Data><Data Name="Hashes">SHA256=7bd10a9c601c3204a6c464fc517b204e469eca7f12b09f9c4826f3cc1e42bd79</Data><Data Name="ParentProcessGuid">{8b8a9dc4-e15d-696a-1dc8-fdba4d630000}</Data><Data Name="ParentProcessId">776703</Data><Data Name="ParentImage">/usr/bin/dash</Data><Data Name="ParentCommandLine">/bin/sh</Data><Data Name="ParentUser">root</Data></EventData></Event>
