Jan 17 09:27:09 vincenzolog-VMware-Virtual-Platform sysmon[1624]: <Event><System><Provider Name="Linux-Sysmon" Guid="{ff032593-a8d3-4f13-b0d6-01fc615a0f97}"/><EventID>5</EventID><Version>3</Version><Level>4</Level><Task>5</Task><Opcode>0</Opcode><Keywords>0x8000000000000000</Keywords><TimeCreated SystemTime="2026-01-17T02:27:09.567214000Z"/><EventRecordID>1703590</EventRecordID><Correlation/><Execution ProcessID="1624" ThreadID="1624"/><Channel>Linux-Sysmon/Operational</Channel><Computer>vincenzolog-VMware-Virtual-Platform</Computer><Security UserId="0"/></System><EventData><Data Name="RuleName">-</Data><Data Name="UtcTime">2026-01-17 01:25:13.670</Data><Data Name="ProcessGuid">{8b8a9dc4-e4f9-696a-0000-000000000000}</Data><Data Name="ProcessId">786832</Data><Data Name="Image">-</Data><Data Name="User">vincenzolog</Data></EventData></Event>
Jan 17 09:27:09 vincenzolog-VMware-Virtual-Platform sysmon[1624]: <Event><System><Provider Name="Linux-Sysmon" Guid="{ff032593-a8d3-4f13-b0d6-01fc615a0f97}"/><EventID>1</EventID><Version>5</Version><Level>4</Level><Task>1</Task><Opcode>0</Opcode><Keywords>0x8000000000000000</Keywords><TimeCreated SystemTime="2026-01-17T02:27:09.571491000Z"/><EventRecordID>1703591</EventRecordID><Correlation/><Execution ProcessID="1624" ThreadID="1624"/><Channel>Linux-Sysmon/Operational</Channel><Computer>vincenzolog-VMware-Virtual-Platform</Computer><Security UserId="0"/></System><EventData><Data Name="RuleName">-</Data><Data Name="UtcTime">2026-01-17 01:25:13.671</Data><Data Name="ProcessGuid">{8b8a9dc4-e4f9-696a-b194-6c4f605d0000}</Data><Data Name="ProcessId">786833</Data><Data Name="Image">/usr/bin/cat</Data><Data Name="FileVersion">-</Data><Data Name="Description">-</Data><Data Name="Product">-</Data><Data Name="Company">-</Data><Data Name="OriginalFileName">-</Data><Data Name="CommandLine">cat /proc/771538/stat</Data><Data Name="CurrentDirectory">/home/vincenzolog</Data><Data Name="User">vincenzolog</Data><Data Name="LogonGuid">{8b8a9dc4-0000-0000-e803-000000000000}</Data><Data Name="LogonId">1000</Data><Data Name="TerminalSessionId">3</Data><Data Name="IntegrityLevel">no level</Data><Data Name="Hashes">SHA256=dda0961715677dff3cd560e1933379c0eca73c0b6e19fef2737492ebc1de1700</Data><Data Name="ParentProcessGuid">{8b8a9dc4-e4f8-696a-2d23-436c175f0000}</Data><Data Name="ParentProcessId">786823</Data><Data Name="ParentImage">/usr/bin/bash</Data><Data Name="ParentCommandLine">/bin/bash</Data><Data Name="ParentUser">vincenzolog</Data></EventData></Event>
Jan 17 09:27:09 vincenzolog-VMware-Virtual-Platform sysmon[1624]: <Event><System><Provider Name="Linux-Sysmon" Guid="{ff032593-a8d3-4f13-b0d6-01fc615a0f97}"/><EventID>5</EventID><Version>3</Version><Level>4</Level><Task>5</Task><Opcode>0</Opcode><Keywords>0x8000000000000000</Keywords><TimeCreated SystemTime="2026-01-17T02:27:09.573629000Z"/><EventRecordID>1703592</EventRecordID><Correlation/><Execution ProcessID="1624" ThreadID="1624"/><Channel>Linux-Sysmon/Operational</Channel><Computer>vincenzolog-VMware-Virtual-Platform</Computer><Security UserId="0"/></System><EventData><Data Name="RuleName">-</Data><Data Name="UtcTime">2026-01-17 01:25:13.677</Data><Data Name="ProcessGuid">{8b8a9dc4-e4f9-696a-b194-6c4f605d0000}</Data><Data Name="ProcessId">786833</Data><Data Name="Image">/usr/bin/cat</Data><Data Name="User">vincenzolog</Data></EventData></Event>
Jan 17 09:27:09 vincenzolog-VMware-Virtual-Platform sysmon[1624]: <Event><System><Provider Name="Linux-Sysmon" Guid="{ff032593-a8d3-4f13-b0d6-01fc615a0f97}"/><EventID>5</EventID><Version>3</Version><Level>4</Level><Task>5</Task><Opcode>0</Opcode><Keywords>0x8000000000000000</Keywords><TimeCreated SystemTime="2026-01-17T02:27:09.576700000Z"/><EventRecordID>1703593</EventRecordID><Correlation/><Execution ProcessID="1624" ThreadID="1624"/><Channel>Linux-Sysmon/Operational</Channel><Computer>vincenzolog-VMware-Virtual-Platform</Computer><Security UserId="0"/></System><EventData><Data Name="RuleName">-</Data><Data Name="UtcTime">2026-01-17 01:25:13.680</Data><Data Name="ProcessGuid">{8b8a9dc4-e4f9-696a-0000-000000000000}</Data><Data Name="ProcessId">786834</Data><Data Name="Image">-</Data><Data Name="User">vincenzolog</Data></EventData></Event>
Jan 17 09:27:09 vincenzolog-VMware-Virtual-Platform sysmon[1624]: <Event><System><Provider Name="Linux-Sysmon" Guid="{ff032593-a8d3-4f13-b0d6-01fc615a0f97}"/><EventID>1</EventID><Version>5</Version><Level>4</Level><Task>1</Task><Opcode>0</Opcode><Keywords>0x8000000000000000</Keywords><TimeCreated SystemTime="2026-01-17T02:27:09.580786000Z"/><EventRecordID>1703594</EventRecordID><Correlation/><Execution ProcessID="1624" ThreadID="1624"/><Channel>Linux-Sysmon/Operational</Channel><Computer>vincenzolog-VMware-Virtual-Platform</Computer><Security UserId="0"/></System><EventData><Data Name="RuleName">-</Data><Data Name="UtcTime">2026-01-17 01:25:13.681</Data><Data Name="ProcessGuid">{8b8a9dc4-e4f9-696a-b174-692d0f5b0000}</Data><Data Name="ProcessId">786835</Data><Data Name="Image">/usr/bin/cat</Data><Data Name="FileVersion">-</Data><Data Name="Description">-</Data><Data Name="Product">-</Data><Data Name="Company">-</Data><Data Name="OriginalFileName">-</Data><Data Name="CommandLine">cat /proc/771554/stat</Data><Data Name="CurrentDirectory">/home/vincenzolog</Data><Data Name="User">vincenzolog</Data><Data Name="LogonGuid">{8b8a9dc4-0000-0000-e803-000000000000}</Data><Data Name="LogonId">1000</Data><Data Name="TerminalSessionId">3</Data><Data Name="IntegrityLevel">no level</Data><Data Name="Hashes">SHA256=dda0961715677dff3cd560e1933379c0eca73c0b6e19fef2737492ebc1de1700</Data><Data Name="ParentProcessGuid">{8b8a9dc4-e4f8-696a-2d23-436c175f0000}</Data><Data Name="ParentProcessId">786823</Data><Data Name="ParentImage">/usr/bin/bash</Data><Data Name="ParentCommandLine">/bin/bash</Data><Data Name="ParentUser">vincenzolog</Data></EventData></Event>
Jan 17 09:27:09 vincenzolog-VMware-Virtual-Platform sysmon[1624]: <Event><System><Provider Name="Linux-Sysmon" Guid="{ff032593-a8d3-4f13-b0d6-01fc615a0f97}"/><EventID>5</EventID><Version>3</Version><Level>4</Level><Task>5</Task><Opcode>0</Opcode><Keywords>0x8000000000000000</Keywords><TimeCreated SystemTime="2026-01-17T02:27:09.582972000Z"/><EventRecordID>1703595</EventRecordID><Correlation/><Execution ProcessID="1624" ThreadID="1624"/><Channel>Linux-Sysmon/Operational</Channel><Computer>vincenzolog-VMware-Virtual-Platform</Computer><Security UserId="0"/></System><EventData><Data Name="RuleName">-</Data><Data Name="UtcTime">2026-01-17 01:25:13.686</Data><Data Name="ProcessGuid">{8b8a9dc4-e4f9-696a-b174-692d0f5b0000}</Data><Data Name="ProcessId">786835</Data><Data Name="Image">/usr/bin/cat</Data><Data Name="User">vincenzolog</Data></EventData></Event>
Jan 17 09:27:09 vincenzolog-VMware-Virtual-Platform sysmon[1624]: <Event><System><Provider Name="Linux-Sysmon" Guid="{ff032593-a8d3-4f13-b0d6-01fc615a0f97}"/><EventID>5</EventID><Version>3</Version><Level>4</Level><Task>5</Task><Opcode>0</Opcode><Keywords>0x8000000000000000</Keywords><TimeCreated SystemTime="2026-01-17T02:27:09.586161000Z"/><EventRecordID>1703596</EventRecordID><Correlation/><Execution ProcessID="1624" ThreadID="1624"/><Channel>Linux-Sysmon/Operational</Channel><Computer>vincenzolog-VMware-Virtual-Platform</Computer><Security UserId="0"/></System><EventData><Data Name="RuleName">-</Data><Data Name="UtcTime">2026-01-17 01:25:13.689</Data><Data Name="ProcessGuid">{8b8a9dc4-e4f9-696a-0000-000000000000}</Data><Data Name="ProcessId">786836</Data><Data Name="Image">-</Data><Data Name="User">vincenzolog</Data></EventData></Event>
Jan 17 09:27:09 vincenzolog-VMware-Virtual-Platform sysmon[1624]: <Event><System><Provider Name="Linux-Sysmon" Guid="{ff032593-a8d3-4f13-b0d6-01fc615a0f97}"/><EventID>1</EventID><Version>5</Version><Level>4</Level><Task>1</Task><Opcode>0</Opcode><Keywords>0x8000000000000000</Keywords><TimeCreated SystemTime="2026-01-17T02:27:09.589627000Z"/><EventRecordID>1703597</EventRecordID><Correlation/><Execution ProcessID="1624" ThreadID="1624"/><Channel>Linux-Sysmon/Operational</Channel><Computer>vincenzolog-VMware-Virtual-Platform</Computer><Security UserId="0"/></System><EventData><Data Name="RuleName">-</Data><Data Name="UtcTime">2026-01-17 01:25:13.690</Data><Data Name="ProcessGuid">{8b8a9dc4-e4f9-696a-b144-cfd7665a0000}</Data><Data Name="ProcessId">786837</Data><Data Name="Image">/usr/bin/cat</Data><Data Name="FileVersion">-</Data><Data Name="Description">-</Data><Data Name="Product">-</Data><Data Name="Company">-</Data><Data Name="OriginalFileName">-</Data><Data Name="CommandLine">cat /proc/771555/stat</Data><Data Name="CurrentDirectory">/home/vincenzolog</Data><Data Name="User">vincenzolog</Data><Data Name="LogonGuid">{8b8a9dc4-0000-0000-e803-000000000000}</Data><Data Name="LogonId">1000</Data><Data Name="TerminalSessionId">3</Data><Data Name="IntegrityLevel">no level</Data><Data Name="Hashes">SHA256=dda0961715677dff3cd560e1933379c0eca73c0b6e19fef2737492ebc1de1700</Data><Data Name="ParentProcessGuid">{8b8a9dc4-e4f8-696a-2d23-436c175f0000}</Data><Data Name="ParentProcessId">786823</Data><Data Name="ParentImage">/usr/bin/bash</Data><Data Name="ParentCommandLine">/bin/bash</Data><Data Name="ParentUser">vincenzolog</Data></EventData></Event>
Jan 17 09:27:09 vincenzolog-VMware-Virtual-Platform sysmon[1624]: <Event><System><Provider Name="Linux-Sysmon" Guid="{ff032593-a8d3-4f13-b0d6-01fc615a0f97}"/><EventID>5</EventID><Version>3</Version><Level>4</Level><Task>5</Task><Opcode>0</Opcode><Keywords>0x8000000000000000</Keywords><TimeCreated SystemTime="2026-01-17T02:27:09.591905000Z"/><EventRecordID>1703598</EventRecordID><Correlation/><Execution ProcessID="1624" ThreadID="1624"/><Channel>Linux-Sysmon/Operational</Channel><Computer>vincenzolog-VMware-Virtual-Platform</Computer><Security UserId="0"/></System><EventData><Data Name="RuleName">-</Data><Data Name="UtcTime">2026-01-17 01:25:13.695</Data><Data Name="ProcessGuid">{8b8a9dc4-e4f9-696a-b144-cfd7665a0000}</Data><Data Name="ProcessId">786837</Data><Data Name="Image">/usr/bin/cat</Data><Data Name="User">vincenzolog</Data></EventData></Event>
Jan 17 09:27:09 vincenzolog-VMware-Virtual-Platform sysmon[1624]: <Event><System><Provider Name="Linux-Sysmon" Guid="{ff032593-a8d3-4f13-b0d6-01fc615a0f97}"/><EventID>5</EventID><Version>3</Version><Level>4</Level><Task>5</Task><Opcode>0</Opcode><Keywords>0x8000000000000000</Keywords><TimeCreated SystemTime="2026-01-17T02:27:09.594684000Z"/><EventRecordID>1703599</EventRecordID><Correlation/><Execution ProcessID="1624" ThreadID="1624"/><Channel>Linux-Sysmon/Operational</Channel><Computer>vincenzolog-VMware-Virtual-Platform</Computer><Security UserId="0"/></System><EventData><Data Name="RuleName">-</Data><Data Name="UtcTime">2026-01-17 01:25:13.698</Data><Data Name="ProcessGuid">{8b8a9dc4-e4f9-696a-0000-000000000000}</Data><Data Name="ProcessId">786838</Data><Data Name="Image">-</Data><Data Name="User">vincenzolog</Data></EventData></Event>
Jan 17 09:27:09 vincenzolog-VMware-Virtual-Platform sysmon[1624]: <Event><System><Provider Name="Linux-Sysmon" Guid="{ff032593-a8d3-4f13-b0d6-01fc615a0f97}"/><EventID>5</EventID><Version>3</Version><Level>4</Level><Task>5</Task><Opcode>0</Opcode><Keywords>0x8000000000000000</Keywords><TimeCreated SystemTime="2026-01-17T02:27:09.595759000Z"/><EventRecordID>1703600</EventRecordID><Correlation/><Execution ProcessID="1624" ThreadID="1624"/><Channel>Linux-Sysmon/Operational</Channel><Computer>vincenzolog-VMware-Virtual-Platform</Computer><Security UserId="0"/></System><EventData><Data Name="RuleName">-</Data><Data Name="UtcTime">2026-01-17 01:25:13.699</Data><Data Name="ProcessGuid">{8b8a9dc4-e4f8-696a-2d23-436c175f0000}</Data><Data Name="ProcessId">786823</Data><Data Name="Image">/usr/bin/bash</Data><Data Name="User">vincenzolog</Data></EventData></Event>
Jan 17 09:27:09 vincenzolog-VMware-Virtual-Platform sysmon[1624]: <Event><System><Provider Name="Linux-Sysmon" Guid="{ff032593-a8d3-4f13-b0d6-01fc615a0f97}"/><EventID>5</EventID><Version>3</Version><Level>4</Level><Task>5</Task><Opcode>0</Opcode><Keywords>0x8000000000000000</Keywords><TimeCreated SystemTime="2026-01-17T02:27:09.596502000Z"/><EventRecordID>1703601</EventRecordID><Correlation/><Execution ProcessID="1624" ThreadID="1624"/><Channel>Linux-Sysmon/Operational</Channel><Computer>vincenzolog-VMware-Virtual-Platform</Computer><Security UserId="0"/></System><EventData><Data Name="RuleName">-</Data><Data Name="UtcTime">2026-01-17 01:25:13.700</Data><Data Name="ProcessGuid">{8b8a9dc4-e4f8-696a-1db8-e3888b550000}</Data><Data Name="ProcessId">786822</Data><Data Name="Image">/usr/bin/dash</Data><Data Name="User">vincenzolog</Data></EventData></Event>
Jan 17 09:27:10 vincenzolog-VMware-Virtual-Platform sysmon[1624]: <Event><System><Provider Name="Linux-Sysmon" Guid="{ff032593-a8d3-4f13-b0d6-01fc615a0f97}"/><EventID>1</EventID><Version>5</Version><Level>4</Level><Task>1</Task><Opcode>0</Opcode><Keywords>0x8000000000000000</Keywords><TimeCreated SystemTime="2026-01-17T02:27:10.224614000Z"/><EventRecordID>1703602</EventRecordID><Correlation/><Execution ProcessID="1624" ThreadID="1624"/><Channel>Linux-Sysmon/Operational</Channel><Computer>vincenzolog-VMware-Virtual-Platform</Computer><Security UserId="0"/></System><EventData><Data Name="RuleName">-</Data><Data Name="UtcTime">2026-01-17 01:25:14.325</Data><Data Name="ProcessGuid">{8b8a9dc4-e4fa-696a-1d28-87dd86600000}</Data><Data Name="ProcessId">786839</Data><Data Name="Image">/usr/bin/dash</Data><Data Name="FileVersion">-</Data><Data Name="Description">-</Data><Data Name="Product">-</Data><Data Name="Company">-</Data><Data Name="OriginalFileName">-</Data><Data Name="CommandLine">/bin/sh -c journalctl -u sysmon --no-pager &gt; logs_output/BPFtrace_Unsafe_Option_Usage/BPFtrace_Unsafe_Option_Usage_attack314.log</Data><Data Name="CurrentDirectory">/home/vincenzolog/Auto_test</Data><Data Name="User">root</Data><Data Name="LogonGuid">{8b8a9dc4-0000-0000-0000-000005000000}</Data><Data Name="LogonId">0</Data><Data Name="TerminalSessionId">3</Data><Data Name="IntegrityLevel">no level</Data><Data Name="Hashes">SHA256=86d31f6fb799e91fa21bad341484564510ca287703a16e9e46c53338776f4f42</Data><Data Name="ParentProcessGuid">{8b8a9dc4-df7f-696a-dd23-700000000000}</Data><Data Name="ParentProcessId">771555</Data><Data Name="ParentImage">/usr/bin/python3.12</Data><Data Name="ParentCommandLine">python3</Data><Data Name="ParentUser">root</Data></EventData></Event>
Jan 17 09:27:10 vincenzolog-VMware-Virtual-Platform sysmon[1624]: <Event><System><Provider Name="Linux-Sysmon" Guid="{ff032593-a8d3-4f13-b0d6-01fc615a0f97}"/><EventID>1</EventID><Version>5</Version><Level>4</Level><Task>1</Task><Opcode>0</Opcode><Keywords>0x8000000000000000</Keywords><TimeCreated SystemTime="2026-01-17T02:27:10.227966000Z"/><EventRecordID>1703603</EventRecordID><Correlation/><Execution ProcessID="1624" ThreadID="1624"/><Channel>Linux-Sysmon/Operational</Channel><Computer>vincenzolog-VMware-Virtual-Platform</Computer><Security UserId="0"/></System><EventData><Data Name="RuleName">-</Data><Data Name="UtcTime">2026-01-17 01:25:14.330</Data><Data Name="ProcessGuid">{8b8a9dc4-e4fa-696a-cdbb-93028a5c0000}</Data><Data Name="ProcessId">786840</Data><Data Name="Image">/usr/bin/journalctl</Data><Data Name="FileVersion">-</Data><Data Name="Description">-</Data><Data Name="Product">-</Data><Data Name="Company">-</Data><Data Name="OriginalFileName">-</Data><Data Name="CommandLine">journalctl -u sysmon --no-pager</Data><Data Name="CurrentDirectory">/home/vincenzolog/Auto_test</Data><Data Name="User">root</Data><Data Name="LogonGuid">{8b8a9dc4-0000-0000-0000-000005000000}</Data><Data Name="LogonId">0</Data><Data Name="TerminalSessionId">3</Data><Data Name="IntegrityLevel">no level</Data><Data Name="Hashes">SHA256=7bd10a9c601c3204a6c464fc517b204e469eca7f12b09f9c4826f3cc1e42bd79</Data><Data Name="ParentProcessGuid">{8b8a9dc4-e4fa-696a-1d28-87dd86600000}</Data><Data Name="ParentProcessId">786839</Data><Data Name="ParentImage">/usr/bin/dash</Data><Data Name="ParentCommandLine">/bin/sh</Data><Data Name="ParentUser">root</Data></EventData></Event>
