Jan 09 23:13:19 vincenzolog-VMware-Virtual-Platform sysmon[120528]: <Event><System><Provider Name="Linux-Sysmon" Guid="{ff032593-a8d3-4f13-b0d6-01fc615a0f97}"/><EventID>5</EventID><Version>3</Version><Level>4</Level><Task>5</Task><Opcode>0</Opcode><Keywords>0x8000000000000000</Keywords><TimeCreated SystemTime="2026-01-09T16:13:19.183458000Z"/><EventRecordID>269599</EventRecordID><Correlation/><Execution ProcessID="120528" ThreadID="120528"/><Channel>Linux-Sysmon/Operational</Channel><Computer>vincenzolog-VMware-Virtual-Platform</Computer><Security UserId="0"/></System><EventData><Data Name="RuleName">-</Data><Data Name="UtcTime">2026-01-09 16:13:19.183</Data><Data Name="ProcessGuid">{8b8a9dc4-0025-6961-15de-048956610000}</Data><Data Name="ProcessId">519</Data><Data Name="Image">/usr/lib/systemd/systemd-journald</Data><Data Name="User">root</Data></EventData></Event>
Jan 09 23:13:19 vincenzolog-VMware-Virtual-Platform sysmon[120528]: <Event><System><Provider Name="Linux-Sysmon" Guid="{ff032593-a8d3-4f13-b0d6-01fc615a0f97}"/><EventID>5</EventID><Version>3</Version><Level>4</Level><Task>5</Task><Opcode>0</Opcode><Keywords>0x8000000000000000</Keywords><TimeCreated SystemTime="2026-01-09T16:13:19.196378000Z"/><EventRecordID>269600</EventRecordID><Correlation/><Execution ProcessID="120528" ThreadID="120528"/><Channel>Linux-Sysmon/Operational</Channel><Computer>vincenzolog-VMware-Virtual-Platform</Computer><Security UserId="0"/></System><EventData><Data Name="RuleName">-</Data><Data Name="UtcTime">2026-01-09 16:13:19.197</Data><Data Name="ProcessGuid">{8b8a9dc4-291f-6961-cdab-4303da600000}</Data><Data Name="ProcessId">125231</Data><Data Name="Image">/usr/bin/journalctl</Data><Data Name="User">root</Data></EventData></Event>
Jan 09 23:13:19 vincenzolog-VMware-Virtual-Platform sysmon[120528]: <Event><System><Provider Name="Linux-Sysmon" Guid="{ff032593-a8d3-4f13-b0d6-01fc615a0f97}"/><EventID>5</EventID><Version>3</Version><Level>4</Level><Task>5</Task><Opcode>0</Opcode><Keywords>0x8000000000000000</Keywords><TimeCreated SystemTime="2026-01-09T16:13:19.196865000Z"/><EventRecordID>269601</EventRecordID><Correlation/><Execution ProcessID="120528" ThreadID="120528"/><Channel>Linux-Sysmon/Operational</Channel><Computer>vincenzolog-VMware-Virtual-Platform</Computer><Security UserId="0"/></System><EventData><Data Name="RuleName">-</Data><Data Name="UtcTime">2026-01-09 16:13:19.197</Data><Data Name="ProcessGuid">{8b8a9dc4-291f-6961-1d48-0eb7d6620000}</Data><Data Name="ProcessId">125230</Data><Data Name="Image">/usr/bin/dash</Data><Data Name="User">root</Data></EventData></Event>
Jan 09 23:13:19 vincenzolog-VMware-Virtual-Platform sysmon[120528]: <Event><System><Provider Name="Linux-Sysmon" Guid="{ff032593-a8d3-4f13-b0d6-01fc615a0f97}"/><EventID>5</EventID><Version>3</Version><Level>4</Level><Task>5</Task><Opcode>0</Opcode><Keywords>0x8000000000000000</Keywords><TimeCreated SystemTime="2026-01-09T16:13:19.197391000Z"/><EventRecordID>269602</EventRecordID><Correlation/><Execution ProcessID="120528" ThreadID="120528"/><Channel>Linux-Sysmon/Operational</Channel><Computer>vincenzolog-VMware-Virtual-Platform</Computer><Security UserId="0"/></System><EventData><Data Name="RuleName">-</Data><Data Name="UtcTime">2026-01-09 16:13:19.198</Data><Data Name="ProcessGuid">{8b8a9dc4-0025-6961-15de-048956610000}</Data><Data Name="ProcessId">519</Data><Data Name="Image">/usr/lib/systemd/systemd-journald</Data><Data Name="User">root</Data></EventData></Event>
Jan 09 23:13:19 vincenzolog-VMware-Virtual-Platform sysmon[120528]: <Event><System><Provider Name="Linux-Sysmon" Guid="{ff032593-a8d3-4f13-b0d6-01fc615a0f97}"/><EventID>1</EventID><Version>5</Version><Level>4</Level><Task>1</Task><Opcode>0</Opcode><Keywords>0x8000000000000000</Keywords><TimeCreated SystemTime="2026-01-09T16:13:19.197980000Z"/><EventRecordID>269603</EventRecordID><Correlation/><Execution ProcessID="120528" ThreadID="120528"/><Channel>Linux-Sysmon/Operational</Channel><Computer>vincenzolog-VMware-Virtual-Platform</Computer><Security UserId="0"/></System><EventData><Data Name="RuleName">-</Data><Data Name="UtcTime">2026-01-09 16:13:19.197</Data><Data Name="ProcessGuid">{8b8a9dc4-291f-6961-1d58-fbb499550000}</Data><Data Name="ProcessId">125234</Data><Data Name="Image">/usr/bin/dash</Data><Data Name="FileVersion">-</Data><Data Name="Description">-</Data><Data Name="Product">-</Data><Data Name="Company">-</Data><Data Name="OriginalFileName">-</Data><Data Name="CommandLine">/bin/sh -c journalctl --vacuum-time=1s</Data><Data Name="CurrentDirectory">/home/vincenzolog/Auto_test</Data><Data Name="User">root</Data><Data Name="LogonGuid">{8b8a9dc4-0000-0000-0000-000005000000}</Data><Data Name="LogonId">0</Data><Data Name="TerminalSessionId">3</Data><Data Name="IntegrityLevel">no level</Data><Data Name="Hashes">SHA256=86d31f6fb799e91fa21bad341484564510ca287703a16e9e46c53338776f4f42</Data><Data Name="ParentProcessGuid">{8b8a9dc4-26dc-6961-1d23-700000000000}</Data><Data Name="ParentProcessId">120578</Data><Data Name="ParentImage">/usr/bin/python3.12</Data><Data Name="ParentCommandLine">python3</Data><Data Name="ParentUser">root</Data></EventData></Event>
Jan 09 23:13:19 vincenzolog-VMware-Virtual-Platform sysmon[120528]: <Event><System><Provider Name="Linux-Sysmon" Guid="{ff032593-a8d3-4f13-b0d6-01fc615a0f97}"/><EventID>1</EventID><Version>5</Version><Level>4</Level><Task>1</Task><Opcode>0</Opcode><Keywords>0x8000000000000000</Keywords><TimeCreated SystemTime="2026-01-09T16:13:19.199615000Z"/><EventRecordID>269604</EventRecordID><Correlation/><Execution ProcessID="120528" ThreadID="120528"/><Channel>Linux-Sysmon/Operational</Channel><Computer>vincenzolog-VMware-Virtual-Platform</Computer><Security UserId="0"/></System><EventData><Data Name="RuleName">-</Data><Data Name="UtcTime">2026-01-09 16:13:19.199</Data><Data Name="ProcessGuid">{8b8a9dc4-291f-6961-cd3b-217e95580000}</Data><Data Name="ProcessId">125235</Data><Data Name="Image">/usr/bin/journalctl</Data><Data Name="FileVersion">-</Data><Data Name="Description">-</Data><Data Name="Product">-</Data><Data Name="Company">-</Data><Data Name="OriginalFileName">-</Data><Data Name="CommandLine">journalctl --vacuum-time=1s</Data><Data Name="CurrentDirectory">/home/vincenzolog/Auto_test</Data><Data Name="User">root</Data><Data Name="LogonGuid">{8b8a9dc4-0000-0000-0000-000005000000}</Data><Data Name="LogonId">0</Data><Data Name="TerminalSessionId">3</Data><Data Name="IntegrityLevel">no level</Data><Data Name="Hashes">SHA256=7bd10a9c601c3204a6c464fc517b204e469eca7f12b09f9c4826f3cc1e42bd79</Data><Data Name="ParentProcessGuid">{8b8a9dc4-291f-6961-1d58-fbb499550000}</Data><Data Name="ParentProcessId">125234</Data><Data Name="ParentImage">/usr/bin/dash</Data><Data Name="ParentCommandLine">/bin/sh</Data><Data Name="ParentUser">root</Data></EventData></Event>
Jan 09 23:13:19 vincenzolog-VMware-Virtual-Platform sysmon[120528]: <Event><System><Provider Name="Linux-Sysmon" Guid="{ff032593-a8d3-4f13-b0d6-01fc615a0f97}"/><EventID>5</EventID><Version>3</Version><Level>4</Level><Task>5</Task><Opcode>0</Opcode><Keywords>0x8000000000000000</Keywords><TimeCreated SystemTime="2026-01-09T16:13:19.206745000Z"/><EventRecordID>269605</EventRecordID><Correlation/><Execution ProcessID="120528" ThreadID="120528"/><Channel>Linux-Sysmon/Operational</Channel><Computer>vincenzolog-VMware-Virtual-Platform</Computer><Security UserId="0"/></System><EventData><Data Name="RuleName">-</Data><Data Name="UtcTime">2026-01-09 16:13:19.207</Data><Data Name="ProcessGuid">{8b8a9dc4-291f-6961-cd3b-217e95580000}</Data><Data Name="ProcessId">125235</Data><Data Name="Image">/usr/bin/journalctl</Data><Data Name="User">root</Data></EventData></Event>
Jan 09 23:13:19 vincenzolog-VMware-Virtual-Platform sysmon[120528]: <Event><System><Provider Name="Linux-Sysmon" Guid="{ff032593-a8d3-4f13-b0d6-01fc615a0f97}"/><EventID>5</EventID><Version>3</Version><Level>4</Level><Task>5</Task><Opcode>0</Opcode><Keywords>0x8000000000000000</Keywords><TimeCreated SystemTime="2026-01-09T16:13:19.207084000Z"/><EventRecordID>269606</EventRecordID><Correlation/><Execution ProcessID="120528" ThreadID="120528"/><Channel>Linux-Sysmon/Operational</Channel><Computer>vincenzolog-VMware-Virtual-Platform</Computer><Security UserId="0"/></System><EventData><Data Name="RuleName">-</Data><Data Name="UtcTime">2026-01-09 16:13:19.207</Data><Data Name="ProcessGuid">{8b8a9dc4-291f-6961-1d58-fbb499550000}</Data><Data Name="ProcessId">125234</Data><Data Name="Image">/usr/bin/dash</Data><Data Name="User">root</Data></EventData></Event>
Jan 09 23:13:19 vincenzolog-VMware-Virtual-Platform sysmon[120528]: <Event><System><Provider Name="Linux-Sysmon" Guid="{ff032593-a8d3-4f13-b0d6-01fc615a0f97}"/><EventID>5</EventID><Version>3</Version><Level>4</Level><Task>5</Task><Opcode>0</Opcode><Keywords>0x8000000000000000</Keywords><TimeCreated SystemTime="2026-01-09T16:13:19.900488000Z"/><EventRecordID>269607</EventRecordID><Correlation/><Execution ProcessID="120528" ThreadID="120528"/><Channel>Linux-Sysmon/Operational</Channel><Computer>vincenzolog-VMware-Virtual-Platform</Computer><Security UserId="0"/></System><EventData><Data Name="RuleName">-</Data><Data Name="UtcTime">2026-01-09 16:13:19.901</Data><Data Name="ProcessGuid">{8b8a9dc4-291e-6961-b1c6-6e851a610000}</Data><Data Name="ProcessId">125227</Data><Data Name="Image">/usr/bin/sleep</Data><Data Name="User">vincenzolog</Data></EventData></Event>
Jan 09 23:13:19 vincenzolog-VMware-Virtual-Platform sysmon[120528]: <Event><System><Provider Name="Linux-Sysmon" Guid="{ff032593-a8d3-4f13-b0d6-01fc615a0f97}"/><EventID>1</EventID><Version>5</Version><Level>4</Level><Task>1</Task><Opcode>0</Opcode><Keywords>0x8000000000000000</Keywords><TimeCreated SystemTime="2026-01-09T16:13:19.902202000Z"/><EventRecordID>269608</EventRecordID><Correlation/><Execution ProcessID="120528" ThreadID="120528"/><Channel>Linux-Sysmon/Operational</Channel><Computer>vincenzolog-VMware-Virtual-Platform</Computer><Security UserId="0"/></System><EventData><Data Name="RuleName">-</Data><Data Name="UtcTime">2026-01-09 16:13:19.901</Data><Data Name="ProcessGuid">{8b8a9dc4-291f-6961-812e-c72e6d590000}</Data><Data Name="ProcessId">125236</Data><Data Name="Image">/usr/bin/sed</Data><Data Name="FileVersion">-</Data><Data Name="Description">-</Data><Data Name="Product">-</Data><Data Name="Company">-</Data><Data Name="OriginalFileName">-</Data><Data Name="CommandLine">sed -n s/^cpu\s//p /proc/stat</Data><Data Name="CurrentDirectory">/home/vincenzolog</Data><Data Name="User">vincenzolog</Data><Data Name="LogonGuid">{8b8a9dc4-0000-0000-e803-000000000000}</Data><Data Name="LogonId">1000</Data><Data Name="TerminalSessionId">3</Data><Data Name="IntegrityLevel">no level</Data><Data Name="Hashes">SHA256=db67d4895f868617bfd19786247ebda7c2f50f4cb3857a987f732a2c267a799e</Data><Data Name="ParentProcessGuid">{8b8a9dc4-291e-6961-2d53-cb1c145b0000}</Data><Data Name="ParentProcessId">125221</Data><Data Name="ParentImage">/usr/bin/bash</Data><Data Name="ParentCommandLine">/bin/bash</Data><Data Name="ParentUser">vincenzolog</Data></EventData></Event>
Jan 09 23:13:19 vincenzolog-VMware-Virtual-Platform sysmon[120528]: <Event><System><Provider Name="Linux-Sysmon" Guid="{ff032593-a8d3-4f13-b0d6-01fc615a0f97}"/><EventID>5</EventID><Version>3</Version><Level>4</Level><Task>5</Task><Opcode>0</Opcode><Keywords>0x8000000000000000</Keywords><TimeCreated SystemTime="2026-01-09T16:13:19.903785000Z"/><EventRecordID>269609</EventRecordID><Correlation/><Execution ProcessID="120528" ThreadID="120528"/><Channel>Linux-Sysmon/Operational</Channel><Computer>vincenzolog-VMware-Virtual-Platform</Computer><Security UserId="0"/></System><EventData><Data Name="RuleName">-</Data><Data Name="UtcTime">2026-01-09 16:13:19.904</Data><Data Name="ProcessGuid">{8b8a9dc4-291f-6961-812e-c72e6d590000}</Data><Data Name="ProcessId">125236</Data><Data Name="Image">/usr/bin/sed</Data><Data Name="User">vincenzolog</Data></EventData></Event>
Jan 09 23:13:19 vincenzolog-VMware-Virtual-Platform sysmon[120528]: <Event><System><Provider Name="Linux-Sysmon" Guid="{ff032593-a8d3-4f13-b0d6-01fc615a0f97}"/><EventID>1</EventID><Version>5</Version><Level>4</Level><Task>1</Task><Opcode>0</Opcode><Keywords>0x8000000000000000</Keywords><TimeCreated SystemTime="2026-01-09T16:13:19.905304000Z"/><EventRecordID>269610</EventRecordID><Correlation/><Execution ProcessID="120528" ThreadID="120528"/><Channel>Linux-Sysmon/Operational</Channel><Computer>vincenzolog-VMware-Virtual-Platform</Computer><Security UserId="0"/></System><EventData><Data Name="RuleName">-</Data><Data Name="UtcTime">2026-01-09 16:13:19.905</Data><Data Name="ProcessGuid">{8b8a9dc4-291f-6961-b1d4-e93d70640000}</Data><Data Name="ProcessId">125237</Data><Data Name="Image">/usr/bin/cat</Data><Data Name="FileVersion">-</Data><Data Name="Description">-</Data><Data Name="Product">-</Data><Data Name="Company">-</Data><Data Name="OriginalFileName">-</Data><Data Name="CommandLine">cat /proc/4294/stat</Data><Data Name="CurrentDirectory">/home/vincenzolog</Data><Data Name="User">vincenzolog</Data><Data Name="LogonGuid">{8b8a9dc4-0000-0000-e803-000000000000}</Data><Data Name="LogonId">1000</Data><Data Name="TerminalSessionId">3</Data><Data Name="IntegrityLevel">no level</Data><Data Name="Hashes">SHA256=dda0961715677dff3cd560e1933379c0eca73c0b6e19fef2737492ebc1de1700</Data><Data Name="ParentProcessGuid">{8b8a9dc4-291e-6961-2d53-cb1c145b0000}</Data><Data Name="ParentProcessId">125221</Data><Data Name="ParentImage">/usr/bin/bash</Data><Data Name="ParentCommandLine">/bin/bash</Data><Data Name="ParentUser">vincenzolog</Data></EventData></Event>
Jan 09 23:13:19 vincenzolog-VMware-Virtual-Platform sysmon[120528]: <Event><System><Provider Name="Linux-Sysmon" Guid="{ff032593-a8d3-4f13-b0d6-01fc615a0f97}"/><EventID>5</EventID><Version>3</Version><Level>4</Level><Task>5</Task><Opcode>0</Opcode><Keywords>0x8000000000000000</Keywords><TimeCreated SystemTime="2026-01-09T16:13:19.906400000Z"/><EventRecordID>269611</EventRecordID><Correlation/><Execution ProcessID="120528" ThreadID="120528"/><Channel>Linux-Sysmon/Operational</Channel><Computer>vincenzolog-VMware-Virtual-Platform</Computer><Security UserId="0"/></System><EventData><Data Name="RuleName">-</Data><Data Name="UtcTime">2026-01-09 16:13:19.907</Data><Data Name="ProcessGuid">{8b8a9dc4-291f-6961-b1d4-e93d70640000}</Data><Data Name="ProcessId">125237</Data><Data Name="Image">/usr/bin/cat</Data><Data Name="User">vincenzolog</Data></EventData></Event>
Jan 09 23:13:19 vincenzolog-VMware-Virtual-Platform sysmon[120528]: <Event><System><Provider Name="Linux-Sysmon" Guid="{ff032593-a8d3-4f13-b0d6-01fc615a0f97}"/><EventID>5</EventID><Version>3</Version><Level>4</Level><Task>5</Task><Opcode>0</Opcode><Keywords>0x8000000000000000</Keywords><TimeCreated SystemTime="2026-01-09T16:13:19.907405000Z"/><EventRecordID>269612</EventRecordID><Correlation/><Execution ProcessID="120528" ThreadID="120528"/><Channel>Linux-Sysmon/Operational</Channel><Computer>vincenzolog-VMware-Virtual-Platform</Computer><Security UserId="0"/></System><EventData><Data Name="RuleName">-</Data><Data Name="UtcTime">2026-01-09 16:13:19.908</Data><Data Name="ProcessGuid">{8b8a9dc4-291f-6961-0000-000000000000}</Data><Data Name="ProcessId">125238</Data><Data Name="Image">-</Data><Data Name="User">vincenzolog</Data></EventData></Event>
Jan 09 23:13:19 vincenzolog-VMware-Virtual-Platform sysmon[120528]: <Event><System><Provider Name="Linux-Sysmon" Guid="{ff032593-a8d3-4f13-b0d6-01fc615a0f97}"/><EventID>1</EventID><Version>5</Version><Level>4</Level><Task>1</Task><Opcode>0</Opcode><Keywords>0x8000000000000000</Keywords><TimeCreated SystemTime="2026-01-09T16:13:19.908567000Z"/><EventRecordID>269613</EventRecordID><Correlation/><Execution ProcessID="120528" ThreadID="120528"/><Channel>Linux-Sysmon/Operational</Channel><Computer>vincenzolog-VMware-Virtual-Platform</Computer><Security UserId="0"/></System><EventData><Data Name="RuleName">-</Data><Data Name="UtcTime">2026-01-09 16:13:19.908</Data><Data Name="ProcessGuid">{8b8a9dc4-291f-6961-b1d4-27ed99570000}</Data><Data Name="ProcessId">125239</Data><Data Name="Image">/usr/bin/cat</Data><Data Name="FileVersion">-</Data><Data Name="Description">-</Data><Data Name="Product">-</Data><Data Name="Company">-</Data><Data Name="OriginalFileName">-</Data><Data Name="CommandLine">cat /proc/120554/stat</Data><Data Name="CurrentDirectory">/home/vincenzolog</Data><Data Name="User">vincenzolog</Data><Data Name="LogonGuid">{8b8a9dc4-0000-0000-e803-000000000000}</Data><Data Name="LogonId">1000</Data><Data Name="TerminalSessionId">3</Data><Data Name="IntegrityLevel">no level</Data><Data Name="Hashes">SHA256=dda0961715677dff3cd560e1933379c0eca73c0b6e19fef2737492ebc1de1700</Data><Data Name="ParentProcessGuid">{8b8a9dc4-291e-6961-2d53-cb1c145b0000}</Data><Data Name="ParentProcessId">125221</Data><Data Name="ParentImage">/usr/bin/bash</Data><Data Name="ParentCommandLine">/bin/bash</Data><Data Name="ParentUser">vincenzolog</Data></EventData></Event>
Jan 09 23:13:19 vincenzolog-VMware-Virtual-Platform sysmon[120528]: <Event><System><Provider Name="Linux-Sysmon" Guid="{ff032593-a8d3-4f13-b0d6-01fc615a0f97}"/><EventID>5</EventID><Version>3</Version><Level>4</Level><Task>5</Task><Opcode>0</Opcode><Keywords>0x8000000000000000</Keywords><TimeCreated SystemTime="2026-01-09T16:13:19.909661000Z"/><EventRecordID>269614</EventRecordID><Correlation/><Execution ProcessID="120528" ThreadID="120528"/><Channel>Linux-Sysmon/Operational</Channel><Computer>vincenzolog-VMware-Virtual-Platform</Computer><Security UserId="0"/></System><EventData><Data Name="RuleName">-</Data><Data Name="UtcTime">2026-01-09 16:13:19.910</Data><Data Name="ProcessGuid">{8b8a9dc4-291f-6961-b1d4-27ed99570000}</Data><Data Name="ProcessId">125239</Data><Data Name="Image">/usr/bin/cat</Data><Data Name="User">vincenzolog</Data></EventData></Event>
Jan 09 23:13:19 vincenzolog-VMware-Virtual-Platform sysmon[120528]: <Event><System><Provider Name="Linux-Sysmon" Guid="{ff032593-a8d3-4f13-b0d6-01fc615a0f97}"/><EventID>5</EventID><Version>3</Version><Level>4</Level><Task>5</Task><Opcode>0</Opcode><Keywords>0x8000000000000000</Keywords><TimeCreated SystemTime="2026-01-09T16:13:19.910793000Z"/><EventRecordID>269615</EventRecordID><Correlation/><Execution ProcessID="120528" ThreadID="120528"/><Channel>Linux-Sysmon/Operational</Channel><Computer>vincenzolog-VMware-Virtual-Platform</Computer><Security UserId="0"/></System><EventData><Data Name="RuleName">-</Data><Data Name="UtcTime">2026-01-09 16:13:19.911</Data><Data Name="ProcessGuid">{8b8a9dc4-291f-6961-0000-000000000000}</Data><Data Name="ProcessId">125240</Data><Data Name="Image">-</Data><Data Name="User">vincenzolog</Data></EventData></Event>
Jan 09 23:13:19 vincenzolog-VMware-Virtual-Platform sysmon[120528]: <Event><System><Provider Name="Linux-Sysmon" Guid="{ff032593-a8d3-4f13-b0d6-01fc615a0f97}"/><EventID>1</EventID><Version>5</Version><Level>4</Level><Task>1</Task><Opcode>0</Opcode><Keywords>0x8000000000000000</Keywords><TimeCreated SystemTime="2026-01-09T16:13:19.912322000Z"/><EventRecordID>269616</EventRecordID><Correlation/><Execution ProcessID="120528" ThreadID="120528"/><Channel>Linux-Sysmon/Operational</Channel><Computer>vincenzolog-VMware-Virtual-Platform</Computer><Security UserId="0"/></System><EventData><Data Name="RuleName">-</Data><Data Name="UtcTime">2026-01-09 16:13:19.912</Data><Data Name="ProcessGuid">{8b8a9dc4-291f-6961-b154-62faa25a0000}</Data><Data Name="ProcessId">125241</Data><Data Name="Image">/usr/bin/cat</Data><Data Name="FileVersion">-</Data><Data Name="Description">-</Data><Data Name="Product">-</Data><Data Name="Company">-</Data><Data Name="OriginalFileName">-</Data><Data Name="CommandLine">cat /proc/120577/stat</Data><Data Name="CurrentDirectory">/home/vincenzolog</Data><Data Name="User">vincenzolog</Data><Data Name="LogonGuid">{8b8a9dc4-0000-0000-e803-000000000000}</Data><Data Name="LogonId">1000</Data><Data Name="TerminalSessionId">3</Data><Data Name="IntegrityLevel">no level</Data><Data Name="Hashes">SHA256=dda0961715677dff3cd560e1933379c0eca73c0b6e19fef2737492ebc1de1700</Data><Data Name="ParentProcessGuid">{8b8a9dc4-291e-6961-2d53-cb1c145b0000}</Data><Data Name="ParentProcessId">125221</Data><Data Name="ParentImage">/usr/bin/bash</Data><Data Name="ParentCommandLine">/bin/bash</Data><Data Name="ParentUser">vincenzolog</Data></EventData></Event>
Jan 09 23:13:19 vincenzolog-VMware-Virtual-Platform sysmon[120528]: <Event><System><Provider Name="Linux-Sysmon" Guid="{ff032593-a8d3-4f13-b0d6-01fc615a0f97}"/><EventID>5</EventID><Version>3</Version><Level>4</Level><Task>5</Task><Opcode>0</Opcode><Keywords>0x8000000000000000</Keywords><TimeCreated SystemTime="2026-01-09T16:13:19.913567000Z"/><EventRecordID>269617</EventRecordID><Correlation/><Execution ProcessID="120528" ThreadID="120528"/><Channel>Linux-Sysmon/Operational</Channel><Computer>vincenzolog-VMware-Virtual-Platform</Computer><Security UserId="0"/></System><EventData><Data Name="RuleName">-</Data><Data Name="UtcTime">2026-01-09 16:13:19.914</Data><Data Name="ProcessGuid">{8b8a9dc4-291f-6961-b154-62faa25a0000}</Data><Data Name="ProcessId">125241</Data><Data Name="Image">/usr/bin/cat</Data><Data Name="User">vincenzolog</Data></EventData></Event>
Jan 09 23:13:19 vincenzolog-VMware-Virtual-Platform sysmon[120528]: <Event><System><Provider Name="Linux-Sysmon" Guid="{ff032593-a8d3-4f13-b0d6-01fc615a0f97}"/><EventID>5</EventID><Version>3</Version><Level>4</Level><Task>5</Task><Opcode>0</Opcode><Keywords>0x8000000000000000</Keywords><TimeCreated SystemTime="2026-01-09T16:13:19.914625000Z"/><EventRecordID>269618</EventRecordID><Correlation/><Execution ProcessID="120528" ThreadID="120528"/><Channel>Linux-Sysmon/Operational</Channel><Computer>vincenzolog-VMware-Virtual-Platform</Computer><Security UserId="0"/></System><EventData><Data Name="RuleName">-</Data><Data Name="UtcTime">2026-01-09 16:13:19.915</Data><Data Name="ProcessGuid">{8b8a9dc4-291f-6961-0000-000000000000}</Data><Data Name="ProcessId">125242</Data><Data Name="Image">-</Data><Data Name="User">vincenzolog</Data></EventData></Event>
Jan 09 23:13:19 vincenzolog-VMware-Virtual-Platform sysmon[120528]: <Event><System><Provider Name="Linux-Sysmon" Guid="{ff032593-a8d3-4f13-b0d6-01fc615a0f97}"/><EventID>1</EventID><Version>5</Version><Level>4</Level><Task>1</Task><Opcode>0</Opcode><Keywords>0x8000000000000000</Keywords><TimeCreated SystemTime="2026-01-09T16:13:19.915771000Z"/><EventRecordID>269619</EventRecordID><Correlation/><Execution ProcessID="120528" ThreadID="120528"/><Channel>Linux-Sysmon/Operational</Channel><Computer>vincenzolog-VMware-Virtual-Platform</Computer><Security UserId="0"/></System><EventData><Data Name="RuleName">-</Data><Data Name="UtcTime">2026-01-09 16:13:19.915</Data><Data Name="ProcessGuid">{8b8a9dc4-291f-6961-b1a4-bb3b825c0000}</Data><Data Name="ProcessId">125243</Data><Data Name="Image">/usr/bin/cat</Data><Data Name="FileVersion">-</Data><Data Name="Description">-</Data><Data Name="Product">-</Data><Data Name="Company">-</Data><Data Name="OriginalFileName">-</Data><Data Name="CommandLine">cat /proc/120578/stat</Data><Data Name="CurrentDirectory">/home/vincenzolog</Data><Data Name="User">vincenzolog</Data><Data Name="LogonGuid">{8b8a9dc4-0000-0000-e803-000000000000}</Data><Data Name="LogonId">1000</Data><Data Name="TerminalSessionId">3</Data><Data Name="IntegrityLevel">no level</Data><Data Name="Hashes">SHA256=dda0961715677dff3cd560e1933379c0eca73c0b6e19fef2737492ebc1de1700</Data><Data Name="ParentProcessGuid">{8b8a9dc4-291e-6961-2d53-cb1c145b0000}</Data><Data Name="ParentProcessId">125221</Data><Data Name="ParentImage">/usr/bin/bash</Data><Data Name="ParentCommandLine">/bin/bash</Data><Data Name="ParentUser">vincenzolog</Data></EventData></Event>
Jan 09 23:13:19 vincenzolog-VMware-Virtual-Platform sysmon[120528]: <Event><System><Provider Name="Linux-Sysmon" Guid="{ff032593-a8d3-4f13-b0d6-01fc615a0f97}"/><EventID>5</EventID><Version>3</Version><Level>4</Level><Task>5</Task><Opcode>0</Opcode><Keywords>0x8000000000000000</Keywords><TimeCreated SystemTime="2026-01-09T16:13:19.916995000Z"/><EventRecordID>269620</EventRecordID><Correlation/><Execution ProcessID="120528" ThreadID="120528"/><Channel>Linux-Sysmon/Operational</Channel><Computer>vincenzolog-VMware-Virtual-Platform</Computer><Security UserId="0"/></System><EventData><Data Name="RuleName">-</Data><Data Name="UtcTime">2026-01-09 16:13:19.917</Data><Data Name="ProcessGuid">{8b8a9dc4-291f-6961-b1a4-bb3b825c0000}</Data><Data Name="ProcessId">125243</Data><Data Name="Image">/usr/bin/cat</Data><Data Name="User">vincenzolog</Data></EventData></Event>
Jan 09 23:13:19 vincenzolog-VMware-Virtual-Platform sysmon[120528]: <Event><System><Provider Name="Linux-Sysmon" Guid="{ff032593-a8d3-4f13-b0d6-01fc615a0f97}"/><EventID>5</EventID><Version>3</Version><Level>4</Level><Task>5</Task><Opcode>0</Opcode><Keywords>0x8000000000000000</Keywords><TimeCreated SystemTime="2026-01-09T16:13:19.918025000Z"/><EventRecordID>269621</EventRecordID><Correlation/><Execution ProcessID="120528" ThreadID="120528"/><Channel>Linux-Sysmon/Operational</Channel><Computer>vincenzolog-VMware-Virtual-Platform</Computer><Security UserId="0"/></System><EventData><Data Name="RuleName">-</Data><Data Name="UtcTime">2026-01-09 16:13:19.918</Data><Data Name="ProcessGuid">{8b8a9dc4-291f-6961-0000-000000000000}</Data><Data Name="ProcessId">125244</Data><Data Name="Image">-</Data><Data Name="User">vincenzolog</Data></EventData></Event>
Jan 09 23:13:19 vincenzolog-VMware-Virtual-Platform sysmon[120528]: <Event><System><Provider Name="Linux-Sysmon" Guid="{ff032593-a8d3-4f13-b0d6-01fc615a0f97}"/><EventID>5</EventID><Version>3</Version><Level>4</Level><Task>5</Task><Opcode>0</Opcode><Keywords>0x8000000000000000</Keywords><TimeCreated SystemTime="2026-01-09T16:13:19.918562000Z"/><EventRecordID>269622</EventRecordID><Correlation/><Execution ProcessID="120528" ThreadID="120528"/><Channel>Linux-Sysmon/Operational</Channel><Computer>vincenzolog-VMware-Virtual-Platform</Computer><Security UserId="0"/></System><EventData><Data Name="RuleName">-</Data><Data Name="UtcTime">2026-01-09 16:13:19.919</Data><Data Name="ProcessGuid">{8b8a9dc4-291e-6961-2d53-cb1c145b0000}</Data><Data Name="ProcessId">125221</Data><Data Name="Image">/usr/bin/bash</Data><Data Name="User">vincenzolog</Data></EventData></Event>
Jan 09 23:13:19 vincenzolog-VMware-Virtual-Platform sysmon[120528]: <Event><System><Provider Name="Linux-Sysmon" Guid="{ff032593-a8d3-4f13-b0d6-01fc615a0f97}"/><EventID>5</EventID><Version>3</Version><Level>4</Level><Task>5</Task><Opcode>0</Opcode><Keywords>0x8000000000000000</Keywords><TimeCreated SystemTime="2026-01-09T16:13:19.918919000Z"/><EventRecordID>269623</EventRecordID><Correlation/><Execution ProcessID="120528" ThreadID="120528"/><Channel>Linux-Sysmon/Operational</Channel><Computer>vincenzolog-VMware-Virtual-Platform</Computer><Security UserId="0"/></System><EventData><Data Name="RuleName">-</Data><Data Name="UtcTime">2026-01-09 16:13:19.919</Data><Data Name="ProcessGuid">{8b8a9dc4-291e-6961-1da8-6c0c73640000}</Data><Data Name="ProcessId">125220</Data><Data Name="Image">/usr/bin/dash</Data><Data Name="User">vincenzolog</Data></EventData></Event>
Jan 09 23:13:20 vincenzolog-VMware-Virtual-Platform sysmon[120528]: <Event><System><Provider Name="Linux-Sysmon" Guid="{ff032593-a8d3-4f13-b0d6-01fc615a0f97}"/><EventID>1</EventID><Version>5</Version><Level>4</Level><Task>1</Task><Opcode>0</Opcode><Keywords>0x8000000000000000</Keywords><TimeCreated SystemTime="2026-01-09T16:13:20.208861000Z"/><EventRecordID>269624</EventRecordID><Correlation/><Execution ProcessID="120528" ThreadID="120528"/><Channel>Linux-Sysmon/Operational</Channel><Computer>vincenzolog-VMware-Virtual-Platform</Computer><Security UserId="0"/></System><EventData><Data Name="RuleName">-</Data><Data Name="UtcTime">2026-01-09 16:13:20.208</Data><Data Name="ProcessGuid">{8b8a9dc4-2920-6961-1d98-b38cae5c0000}</Data><Data Name="ProcessId">125245</Data><Data Name="Image">/usr/bin/dash</Data><Data Name="FileVersion">-</Data><Data Name="Description">-</Data><Data Name="Product">-</Data><Data Name="Company">-</Data><Data Name="OriginalFileName">-</Data><Data Name="CommandLine">/bin/sh -c sudo sh -c '/sbin/modprobe $(echo 6d 73 72 | xxd -r -p) allow_writes=on'</Data><Data Name="CurrentDirectory">/home/vincenzolog/Auto_test</Data><Data Name="User">root</Data><Data Name="LogonGuid">{8b8a9dc4-0000-0000-0000-000005000000}</Data><Data Name="LogonId">0</Data><Data Name="TerminalSessionId">3</Data><Data Name="IntegrityLevel">no level</Data><Data Name="Hashes">SHA256=86d31f6fb799e91fa21bad341484564510ca287703a16e9e46c53338776f4f42</Data><Data Name="ParentProcessGuid">{8b8a9dc4-26dc-6961-1d23-700000000000}</Data><Data Name="ParentProcessId">120578</Data><Data Name="ParentImage">/usr/bin/python3.12</Data><Data Name="ParentCommandLine">python3</Data><Data Name="ParentUser">root</Data></EventData></Event>
Jan 09 23:13:20 vincenzolog-VMware-Virtual-Platform sysmon[120528]: <Event><System><Provider Name="Linux-Sysmon" Guid="{ff032593-a8d3-4f13-b0d6-01fc615a0f97}"/><EventID>1</EventID><Version>5</Version><Level>4</Level><Task>1</Task><Opcode>0</Opcode><Keywords>0x8000000000000000</Keywords><TimeCreated SystemTime="2026-01-09T16:13:20.210498000Z"/><EventRecordID>269625</EventRecordID><Correlation/><Execution ProcessID="120528" ThreadID="120528"/><Channel>Linux-Sysmon/Operational</Channel><Computer>vincenzolog-VMware-Virtual-Platform</Computer><Security UserId="0"/></System><EventData><Data Name="RuleName">-</Data><Data Name="UtcTime">2026-01-09 16:13:20.210</Data><Data Name="ProcessGuid">{8b8a9dc4-2920-6961-d1db-bd6f1c580000}</Data><Data Name="ProcessId">125246</Data><Data Name="Image">/usr/bin/sudo</Data><Data Name="FileVersion">-</Data><Data Name="Description">-</Data><Data Name="Product">-</Data><Data Name="Company">-</Data><Data Name="OriginalFileName">-</Data><Data Name="CommandLine">sudo sh -c /sbin/modprobe $(echo 6d 73 72 | xxd -r -p) allow_writes=on</Data><Data Name="CurrentDirectory">/home/vincenzolog/Auto_test</Data><Data Name="User">root</Data><Data Name="LogonGuid">{8b8a9dc4-0000-0000-0000-000005000000}</Data><Data Name="LogonId">0</Data><Data Name="TerminalSessionId">3</Data><Data Name="IntegrityLevel">no level</Data><Data Name="Hashes">SHA256=654d953098b5dd26fcc3af44d4cf6e986f61f84ad9198d57722702c6034bd686</Data><Data Name="ParentProcessGuid">{8b8a9dc4-2920-6961-1d98-b38cae5c0000}</Data><Data Name="ParentProcessId">125245</Data><Data Name="ParentImage">/usr/bin/dash</Data><Data Name="ParentCommandLine">/bin/sh</Data><Data Name="ParentUser">root</Data></EventData></Event>
Jan 09 23:13:20 vincenzolog-VMware-Virtual-Platform sysmon[120528]: <Event><System><Provider Name="Linux-Sysmon" Guid="{ff032593-a8d3-4f13-b0d6-01fc615a0f97}"/><EventID>1</EventID><Version>5</Version><Level>4</Level><Task>1</Task><Opcode>0</Opcode><Keywords>0x8000000000000000</Keywords><TimeCreated SystemTime="2026-01-09T16:13:20.220457000Z"/><EventRecordID>269626</EventRecordID><Correlation/><Execution ProcessID="120528" ThreadID="120528"/><Channel>Linux-Sysmon/Operational</Channel><Computer>vincenzolog-VMware-Virtual-Platform</Computer><Security UserId="0"/></System><EventData><Data Name="RuleName">-</Data><Data Name="UtcTime">2026-01-09 16:13:20.220</Data><Data Name="ProcessGuid">{8b8a9dc4-2920-6961-1da8-750690610000}</Data><Data Name="ProcessId">125248</Data><Data Name="Image">/usr/bin/dash</Data><Data Name="FileVersion">-</Data><Data Name="Description">-</Data><Data Name="Product">-</Data><Data Name="Company">-</Data><Data Name="OriginalFileName">-</Data><Data Name="CommandLine">sh -c /sbin/modprobe $(echo 6d 73 72 | xxd -r -p) allow_writes=on</Data><Data Name="CurrentDirectory">/home/vincenzolog/Auto_test</Data><Data Name="User">root</Data><Data Name="LogonGuid">{8b8a9dc4-2920-6961-0000-000006000000}</Data><Data Name="LogonId">0</Data><Data Name="TerminalSessionId">3</Data><Data Name="IntegrityLevel">no level</Data><Data Name="Hashes">SHA256=86d31f6fb799e91fa21bad341484564510ca287703a16e9e46c53338776f4f42</Data><Data Name="ParentProcessGuid">{00000000-0000-0000-0000-000000000000}</Data><Data Name="ParentProcessId">125247</Data><Data Name="ParentImage">-</Data><Data Name="ParentCommandLine">-</Data><Data Name="ParentUser">-</Data></EventData></Event>
Jan 09 23:13:20 vincenzolog-VMware-Virtual-Platform sysmon[120528]: <Event><System><Provider Name="Linux-Sysmon" Guid="{ff032593-a8d3-4f13-b0d6-01fc615a0f97}"/><EventID>5</EventID><Version>3</Version><Level>4</Level><Task>5</Task><Opcode>0</Opcode><Keywords>0x8000000000000000</Keywords><TimeCreated SystemTime="2026-01-09T16:13:20.221846000Z"/><EventRecordID>269627</EventRecordID><Correlation/><Execution ProcessID="120528" ThreadID="120528"/><Channel>Linux-Sysmon/Operational</Channel><Computer>vincenzolog-VMware-Virtual-Platform</Computer><Security UserId="0"/></System><EventData><Data Name="RuleName">-</Data><Data Name="UtcTime">2026-01-09 16:13:20.222</Data><Data Name="ProcessGuid">{8b8a9dc4-291f-6961-0000-000000000000}</Data><Data Name="ProcessId">125250</Data><Data Name="Image">-</Data><Data Name="User">root</Data></EventData></Event>
Jan 09 23:13:20 vincenzolog-VMware-Virtual-Platform sysmon[120528]: <Event><System><Provider Name="Linux-Sysmon" Guid="{ff032593-a8d3-4f13-b0d6-01fc615a0f97}"/><EventID>1</EventID><Version>5</Version><Level>4</Level><Task>1</Task><Opcode>0</Opcode><Keywords>0x8000000000000000</Keywords><TimeCreated SystemTime="2026-01-09T16:13:20.222516000Z"/><EventRecordID>269628</EventRecordID><Correlation/><Execution ProcessID="120528" ThreadID="120528"/><Channel>Linux-Sysmon/Operational</Channel><Computer>vincenzolog-VMware-Virtual-Platform</Computer><Security UserId="0"/></System><EventData><Data Name="RuleName">-</Data><Data Name="UtcTime">2026-01-09 16:13:20.222</Data><Data Name="ProcessGuid">{8b8a9dc4-2920-6961-1dd6-dd2a46620000}</Data><Data Name="ProcessId">125251</Data><Data Name="Image">/usr/bin/xxd</Data><Data Name="FileVersion">-</Data><Data Name="Description">-</Data><Data Name="Product">-</Data><Data Name="Company">-</Data><Data Name="OriginalFileName">-</Data><Data Name="CommandLine">xxd -r -p</Data><Data Name="CurrentDirectory">/home/vincenzolog/Auto_test</Data><Data Name="User">root</Data><Data Name="LogonGuid">{8b8a9dc4-2920-6961-0000-000006000000}</Data><Data Name="LogonId">0</Data><Data Name="TerminalSessionId">3</Data><Data Name="IntegrityLevel">no level</Data><Data Name="Hashes">SHA256=f49de5e224d45752fd02f6e5e7dbe097f4d22993b66dd043bc3dbadb2d136eac</Data><Data Name="ParentProcessGuid">{00000000-0000-0000-0000-000000000000}</Data><Data Name="ParentProcessId">125249</Data><Data Name="ParentImage">-</Data><Data Name="ParentCommandLine">-</Data><Data Name="ParentUser">-</Data></EventData></Event>
Jan 09 23:13:20 vincenzolog-VMware-Virtual-Platform sysmon[120528]: <Event><System><Provider Name="Linux-Sysmon" Guid="{ff032593-a8d3-4f13-b0d6-01fc615a0f97}"/><EventID>5</EventID><Version>3</Version><Level>4</Level><Task>5</Task><Opcode>0</Opcode><Keywords>0x8000000000000000</Keywords><TimeCreated SystemTime="2026-01-09T16:13:20.223654000Z"/><EventRecordID>269629</EventRecordID><Correlation/><Execution ProcessID="120528" ThreadID="120528"/><Channel>Linux-Sysmon/Operational</Channel><Computer>vincenzolog-VMware-Virtual-Platform</Computer><Security UserId="0"/></System><EventData><Data Name="RuleName">-</Data><Data Name="UtcTime">2026-01-09 16:13:20.224</Data><Data Name="ProcessGuid">{8b8a9dc4-2920-6961-1dd6-dd2a46620000}</Data><Data Name="ProcessId">125251</Data><Data Name="Image">/usr/bin/xxd</Data><Data Name="User">root</Data></EventData></Event>
Jan 09 23:13:20 vincenzolog-VMware-Virtual-Platform sysmon[120528]: <Event><System><Provider Name="Linux-Sysmon" Guid="{ff032593-a8d3-4f13-b0d6-01fc615a0f97}"/><EventID>5</EventID><Version>3</Version><Level>4</Level><Task>5</Task><Opcode>0</Opcode><Keywords>0x8000000000000000</Keywords><TimeCreated SystemTime="2026-01-09T16:13:20.223987000Z"/><EventRecordID>269630</EventRecordID><Correlation/><Execution ProcessID="120528" ThreadID="120528"/><Channel>Linux-Sysmon/Operational</Channel><Computer>vincenzolog-VMware-Virtual-Platform</Computer><Security UserId="0"/></System><EventData><Data Name="RuleName">-</Data><Data Name="UtcTime">2026-01-09 16:13:20.224</Data><Data Name="ProcessGuid">{8b8a9dc4-2920-6961-0000-000000000000}</Data><Data Name="ProcessId">125249</Data><Data Name="Image">-</Data><Data Name="User">root</Data></EventData></Event>
Jan 09 23:13:20 vincenzolog-VMware-Virtual-Platform sysmon[120528]: <Event><System><Provider Name="Linux-Sysmon" Guid="{ff032593-a8d3-4f13-b0d6-01fc615a0f97}"/><EventID>1</EventID><Version>5</Version><Level>4</Level><Task>1</Task><Opcode>0</Opcode><Keywords>0x8000000000000000</Keywords><TimeCreated SystemTime="2026-01-09T16:13:20.224813000Z"/><EventRecordID>269631</EventRecordID><Correlation/><Execution ProcessID="120528" ThreadID="120528"/><Channel>Linux-Sysmon/Operational</Channel><Computer>vincenzolog-VMware-Virtual-Platform</Computer><Security UserId="0"/></System><EventData><Data Name="RuleName">-</Data><Data Name="UtcTime">2026-01-09 16:13:20.224</Data><Data Name="ProcessGuid">{8b8a9dc4-2920-6961-8521-ab7cf55d0000}</Data><Data Name="ProcessId">125252</Data><Data Name="Image">/usr/bin/kmod</Data><Data Name="FileVersion">-</Data><Data Name="Description">-</Data><Data Name="Product">-</Data><Data Name="Company">-</Data><Data Name="OriginalFileName">-</Data><Data Name="CommandLine">/sbin/modprobe msr allow_writes=on</Data><Data Name="CurrentDirectory">/home/vincenzolog/Auto_test</Data><Data Name="User">root</Data><Data Name="LogonGuid">{8b8a9dc4-2920-6961-0000-000006000000}</Data><Data Name="LogonId">0</Data><Data Name="TerminalSessionId">3</Data><Data Name="IntegrityLevel">no level</Data><Data Name="Hashes">SHA256=0f1f5e63a070f3519fa1cabc18646d001531e5c250443bd30739347c9be1069f</Data><Data Name="ParentProcessGuid">{8b8a9dc4-2920-6961-1da8-750690610000}</Data><Data Name="ParentProcessId">125248</Data><Data Name="ParentImage">/usr/bin/dash</Data><Data Name="ParentCommandLine">sh</Data><Data Name="ParentUser">root</Data></EventData></Event>
Jan 09 23:13:20 vincenzolog-VMware-Virtual-Platform sysmon[120528]: <Event><System><Provider Name="Linux-Sysmon" Guid="{ff032593-a8d3-4f13-b0d6-01fc615a0f97}"/><EventID>5</EventID><Version>3</Version><Level>4</Level><Task>5</Task><Opcode>0</Opcode><Keywords>0x8000000000000000</Keywords><TimeCreated SystemTime="2026-01-09T16:13:20.227323000Z"/><EventRecordID>269632</EventRecordID><Correlation/><Execution ProcessID="120528" ThreadID="120528"/><Channel>Linux-Sysmon/Operational</Channel><Computer>vincenzolog-VMware-Virtual-Platform</Computer><Security UserId="0"/></System><EventData><Data Name="RuleName">-</Data><Data Name="UtcTime">2026-01-09 16:13:20.228</Data><Data Name="ProcessGuid">{8b8a9dc4-2920-6961-8521-ab7cf55d0000}</Data><Data Name="ProcessId">125252</Data><Data Name="Image">/usr/bin/kmod</Data><Data Name="User">root</Data></EventData></Event>
Jan 09 23:13:20 vincenzolog-VMware-Virtual-Platform sysmon[120528]: <Event><System><Provider Name="Linux-Sysmon" Guid="{ff032593-a8d3-4f13-b0d6-01fc615a0f97}"/><EventID>5</EventID><Version>3</Version><Level>4</Level><Task>5</Task><Opcode>0</Opcode><Keywords>0x8000000000000000</Keywords><TimeCreated SystemTime="2026-01-09T16:13:20.227749000Z"/><EventRecordID>269633</EventRecordID><Correlation/><Execution ProcessID="120528" ThreadID="120528"/><Channel>Linux-Sysmon/Operational</Channel><Computer>vincenzolog-VMware-Virtual-Platform</Computer><Security UserId="0"/></System><EventData><Data Name="RuleName">-</Data><Data Name="UtcTime">2026-01-09 16:13:20.228</Data><Data Name="ProcessGuid">{8b8a9dc4-2920-6961-1da8-750690610000}</Data><Data Name="ProcessId">125248</Data><Data Name="Image">/usr/bin/dash</Data><Data Name="User">root</Data></EventData></Event>
Jan 09 23:13:20 vincenzolog-VMware-Virtual-Platform sysmon[120528]: <Event><System><Provider Name="Linux-Sysmon" Guid="{ff032593-a8d3-4f13-b0d6-01fc615a0f97}"/><EventID>5</EventID><Version>3</Version><Level>4</Level><Task>5</Task><Opcode>0</Opcode><Keywords>0x8000000000000000</Keywords><TimeCreated SystemTime="2026-01-09T16:13:20.228605000Z"/><EventRecordID>269634</EventRecordID><Correlation/><Execution ProcessID="120528" ThreadID="120528"/><Channel>Linux-Sysmon/Operational</Channel><Computer>vincenzolog-VMware-Virtual-Platform</Computer><Security UserId="0"/></System><EventData><Data Name="RuleName">-</Data><Data Name="UtcTime">2026-01-09 16:13:20.229</Data><Data Name="ProcessGuid">{8b8a9dc4-2920-6961-0000-000000000000}</Data><Data Name="ProcessId">125247</Data><Data Name="Image">-</Data><Data Name="User">root</Data></EventData></Event>
Jan 09 23:13:20 vincenzolog-VMware-Virtual-Platform sysmon[120528]: <Event><System><Provider Name="Linux-Sysmon" Guid="{ff032593-a8d3-4f13-b0d6-01fc615a0f97}"/><EventID>5</EventID><Version>3</Version><Level>4</Level><Task>5</Task><Opcode>0</Opcode><Keywords>0x8000000000000000</Keywords><TimeCreated SystemTime="2026-01-09T16:13:20.229674000Z"/><EventRecordID>269635</EventRecordID><Correlation/><Execution ProcessID="120528" ThreadID="120528"/><Channel>Linux-Sysmon/Operational</Channel><Computer>vincenzolog-VMware-Virtual-Platform</Computer><Security UserId="0"/></System><EventData><Data Name="RuleName">-</Data><Data Name="UtcTime">2026-01-09 16:13:20.230</Data><Data Name="ProcessGuid">{8b8a9dc4-2920-6961-d1db-bd6f1c580000}</Data><Data Name="ProcessId">125246</Data><Data Name="Image">/usr/bin/sudo</Data><Data Name="User">root</Data></EventData></Event>
Jan 09 23:13:20 vincenzolog-VMware-Virtual-Platform sysmon[120528]: <Event><System><Provider Name="Linux-Sysmon" Guid="{ff032593-a8d3-4f13-b0d6-01fc615a0f97}"/><EventID>5</EventID><Version>3</Version><Level>4</Level><Task>5</Task><Opcode>0</Opcode><Keywords>0x8000000000000000</Keywords><TimeCreated SystemTime="2026-01-09T16:13:20.230275000Z"/><EventRecordID>269636</EventRecordID><Correlation/><Execution ProcessID="120528" ThreadID="120528"/><Channel>Linux-Sysmon/Operational</Channel><Computer>vincenzolog-VMware-Virtual-Platform</Computer><Security UserId="0"/></System><EventData><Data Name="RuleName">-</Data><Data Name="UtcTime">2026-01-09 16:13:20.230</Data><Data Name="ProcessGuid">{8b8a9dc4-2920-6961-1d98-b38cae5c0000}</Data><Data Name="ProcessId">125245</Data><Data Name="Image">/usr/bin/dash</Data><Data Name="User">root</Data></EventData></Event>
Jan 09 23:13:22 vincenzolog-VMware-Virtual-Platform sysmon[120528]: <Event><System><Provider Name="Linux-Sysmon" Guid="{ff032593-a8d3-4f13-b0d6-01fc615a0f97}"/><EventID>1</EventID><Version>5</Version><Level>4</Level><Task>1</Task><Opcode>0</Opcode><Keywords>0x8000000000000000</Keywords><TimeCreated SystemTime="2026-01-09T16:13:22.395833000Z"/><EventRecordID>269637</EventRecordID><Correlation/><Execution ProcessID="120528" ThreadID="120528"/><Channel>Linux-Sysmon/Operational</Channel><Computer>vincenzolog-VMware-Virtual-Platform</Computer><Security UserId="0"/></System><EventData><Data Name="RuleName">-</Data><Data Name="UtcTime">2026-01-09 16:13:22.388</Data><Data Name="ProcessGuid">{8b8a9dc4-2922-6961-01f5-d46f76630000}</Data><Data Name="ProcessId">125253</Data><Data Name="Image">/usr/bin/git</Data><Data Name="FileVersion">-</Data><Data Name="Description">-</Data><Data Name="Product">-</Data><Data Name="Company">-</Data><Data Name="OriginalFileName">-</Data><Data Name="CommandLine">git config --get commit.template</Data><Data Name="CurrentDirectory">/home/vincenzolog/Auto_test</Data><Data Name="User">vincenzolog</Data><Data Name="LogonGuid">{8b8a9dc4-0000-0000-e803-000000000000}</Data><Data Name="LogonId">1000</Data><Data Name="TerminalSessionId">3</Data><Data Name="IntegrityLevel">no level</Data><Data Name="Hashes">SHA256=2a8c18fbf43da9f692d75474c72bea9dfd796c260b0f3dfe456376abc3bbd668</Data><Data Name="ParentProcessGuid">{00000000-0000-0000-0000-000000000000}</Data><Data Name="ParentProcessId">4198</Data><Data Name="ParentImage">-</Data><Data Name="ParentCommandLine">-</Data><Data Name="ParentUser">-</Data></EventData></Event>
Jan 09 23:13:22 vincenzolog-VMware-Virtual-Platform sysmon[120528]: <Event><System><Provider Name="Linux-Sysmon" Guid="{ff032593-a8d3-4f13-b0d6-01fc615a0f97}"/><EventID>5</EventID><Version>3</Version><Level>4</Level><Task>5</Task><Opcode>0</Opcode><Keywords>0x8000000000000000</Keywords><TimeCreated SystemTime="2026-01-09T16:13:22.395975000Z"/><EventRecordID>269638</EventRecordID><Correlation/><Execution ProcessID="120528" ThreadID="120528"/><Channel>Linux-Sysmon/Operational</Channel><Computer>vincenzolog-VMware-Virtual-Platform</Computer><Security UserId="0"/></System><EventData><Data Name="RuleName">-</Data><Data Name="UtcTime">2026-01-09 16:13:22.394</Data><Data Name="ProcessGuid">{8b8a9dc4-2922-6961-01f5-d46f76630000}</Data><Data Name="ProcessId">125253</Data><Data Name="Image">/usr/bin/git</Data><Data Name="User">vincenzolog</Data></EventData></Event>
Jan 09 23:13:22 vincenzolog-VMware-Virtual-Platform sysmon[120528]: <Event><System><Provider Name="Linux-Sysmon" Guid="{ff032593-a8d3-4f13-b0d6-01fc615a0f97}"/><EventID>1</EventID><Version>5</Version><Level>4</Level><Task>1</Task><Opcode>0</Opcode><Keywords>0x8000000000000000</Keywords><TimeCreated SystemTime="2026-01-09T16:13:22.407092000Z"/><EventRecordID>269639</EventRecordID><Correlation/><Execution ProcessID="120528" ThreadID="120528"/><Channel>Linux-Sysmon/Operational</Channel><Computer>vincenzolog-VMware-Virtual-Platform</Computer><Security UserId="0"/></System><EventData><Data Name="RuleName">-</Data><Data Name="UtcTime">2026-01-09 16:13:22.398</Data><Data Name="ProcessGuid">{8b8a9dc4-2922-6961-0175-81b7d8560000}</Data><Data Name="ProcessId">125254</Data><Data Name="Image">/usr/bin/git</Data><Data Name="FileVersion">-</Data><Data Name="Description">-</Data><Data Name="Product">-</Data><Data Name="Company">-</Data><Data Name="OriginalFileName">-</Data><Data Name="CommandLine">git for-each-ref --format=%(refname)%00%(upstream:short)%00%(objectname)%00%(upstream:track)%00%(upstream:remotename)%00%(upstream:remoteref) refs/heads/main refs/remotes/main</Data><Data Name="CurrentDirectory">/home/vincenzolog/Auto_test</Data><Data Name="User">vincenzolog</Data><Data Name="LogonGuid">{8b8a9dc4-0000-0000-e803-000000000000}</Data><Data Name="LogonId">1000</Data><Data Name="TerminalSessionId">3</Data><Data Name="IntegrityLevel">no level</Data><Data Name="Hashes">SHA256=2a8c18fbf43da9f692d75474c72bea9dfd796c260b0f3dfe456376abc3bbd668</Data><Data Name="ParentProcessGuid">{00000000-0000-0000-0000-000000000000}</Data><Data Name="ParentProcessId">4198</Data><Data Name="ParentImage">-</Data><Data Name="ParentCommandLine">-</Data><Data Name="ParentUser">-</Data></EventData></Event>
Jan 09 23:13:22 vincenzolog-VMware-Virtual-Platform sysmon[120528]: <Event><System><Provider Name="Linux-Sysmon" Guid="{ff032593-a8d3-4f13-b0d6-01fc615a0f97}"/><EventID>5</EventID><Version>3</Version><Level>4</Level><Task>5</Task><Opcode>0</Opcode><Keywords>0x8000000000000000</Keywords><TimeCreated SystemTime="2026-01-09T16:13:22.407221000Z"/><EventRecordID>269640</EventRecordID><Correlation/><Execution ProcessID="120528" ThreadID="120528"/><Channel>Linux-Sysmon/Operational</Channel><Computer>vincenzolog-VMware-Virtual-Platform</Computer><Security UserId="0"/></System><EventData><Data Name="RuleName">-</Data><Data Name="UtcTime">2026-01-09 16:13:22.406</Data><Data Name="ProcessGuid">{8b8a9dc4-2922-6961-0175-81b7d8560000}</Data><Data Name="ProcessId">125254</Data><Data Name="Image">/usr/bin/git</Data><Data Name="User">vincenzolog</Data></EventData></Event>
Jan 09 23:13:22 vincenzolog-VMware-Virtual-Platform sysmon[120528]: <Event><System><Provider Name="Linux-Sysmon" Guid="{ff032593-a8d3-4f13-b0d6-01fc615a0f97}"/><EventID>1</EventID><Version>5</Version><Level>4</Level><Task>1</Task><Opcode>0</Opcode><Keywords>0x8000000000000000</Keywords><TimeCreated SystemTime="2026-01-09T16:13:22.421184000Z"/><EventRecordID>269641</EventRecordID><Correlation/><Execution ProcessID="120528" ThreadID="120528"/><Channel>Linux-Sysmon/Operational</Channel><Computer>vincenzolog-VMware-Virtual-Platform</Computer><Security UserId="0"/></System><EventData><Data Name="RuleName">-</Data><Data Name="UtcTime">2026-01-09 16:13:22.413</Data><Data Name="ProcessGuid">{8b8a9dc4-2922-6961-01d5-4c87ab610000}</Data><Data Name="ProcessId">125255</Data><Data Name="Image">/usr/bin/git</Data><Data Name="FileVersion">-</Data><Data Name="Description">-</Data><Data Name="Product">-</Data><Data Name="Company">-</Data><Data Name="OriginalFileName">-</Data><Data Name="CommandLine">git status -z -uall</Data><Data Name="CurrentDirectory">/home/vincenzolog/Auto_test</Data><Data Name="User">vincenzolog</Data><Data Name="LogonGuid">{8b8a9dc4-0000-0000-e803-000000000000}</Data><Data Name="LogonId">1000</Data><Data Name="TerminalSessionId">3</Data><Data Name="IntegrityLevel">no level</Data><Data Name="Hashes">SHA256=2a8c18fbf43da9f692d75474c72bea9dfd796c260b0f3dfe456376abc3bbd668</Data><Data Name="ParentProcessGuid">{00000000-0000-0000-0000-000000000000}</Data><Data Name="ParentProcessId">4198</Data><Data Name="ParentImage">-</Data><Data Name="ParentCommandLine">-</Data><Data Name="ParentUser">-</Data></EventData></Event>
