Jan 13 09:45:13 vincenzolog-VMware-Virtual-Platform sysmon[5412]: <Event><System><Provider Name="Linux-Sysmon" Guid="{ff032593-a8d3-4f13-b0d6-01fc615a0f97}"/><EventID>5</EventID><Version>3</Version><Level>4</Level><Task>5</Task><Opcode>0</Opcode><Keywords>0x8000000000000000</Keywords><TimeCreated SystemTime="2026-01-13T02:45:13.480241000Z"/><EventRecordID>407177</EventRecordID><Correlation/><Execution ProcessID="5412" ThreadID="5412"/><Channel>Linux-Sysmon/Operational</Channel><Computer>vincenzolog-VMware-Virtual-Platform</Computer><Security UserId="0"/></System><EventData><Data Name="RuleName">-</Data><Data Name="UtcTime">2026-01-12 05:52:37.674</Data><Data Name="ProcessGuid">{8b8a9dc4-2a69-6964-155e-e86f4b610000}</Data><Data Name="ProcessId">520</Data><Data Name="Image">/usr/lib/systemd/systemd-journald</Data><Data Name="User">root</Data></EventData></Event>
Jan 13 09:45:13 vincenzolog-VMware-Virtual-Platform sysmon[5412]: <Event><System><Provider Name="Linux-Sysmon" Guid="{ff032593-a8d3-4f13-b0d6-01fc615a0f97}"/><EventID>5</EventID><Version>3</Version><Level>4</Level><Task>5</Task><Opcode>0</Opcode><Keywords>0x8000000000000000</Keywords><TimeCreated SystemTime="2026-01-13T02:45:13.481847000Z"/><EventRecordID>407178</EventRecordID><Correlation/><Execution ProcessID="5412" ThreadID="5412"/><Channel>Linux-Sysmon/Operational</Channel><Computer>vincenzolog-VMware-Virtual-Platform</Computer><Security UserId="0"/></System><EventData><Data Name="RuleName">-</Data><Data Name="UtcTime">2026-01-12 05:52:37.676</Data><Data Name="ProcessGuid">{8b8a9dc4-8c25-6964-cdbb-7b2a3d5b0000}</Data><Data Name="ProcessId">86026</Data><Data Name="Image">/usr/bin/journalctl</Data><Data Name="User">root</Data></EventData></Event>
Jan 13 09:45:13 vincenzolog-VMware-Virtual-Platform sysmon[5412]: <Event><System><Provider Name="Linux-Sysmon" Guid="{ff032593-a8d3-4f13-b0d6-01fc615a0f97}"/><EventID>5</EventID><Version>3</Version><Level>4</Level><Task>5</Task><Opcode>0</Opcode><Keywords>0x8000000000000000</Keywords><TimeCreated SystemTime="2026-01-13T02:45:13.482590000Z"/><EventRecordID>407179</EventRecordID><Correlation/><Execution ProcessID="5412" ThreadID="5412"/><Channel>Linux-Sysmon/Operational</Channel><Computer>vincenzolog-VMware-Virtual-Platform</Computer><Security UserId="0"/></System><EventData><Data Name="RuleName">-</Data><Data Name="UtcTime">2026-01-12 05:52:37.677</Data><Data Name="ProcessGuid">{8b8a9dc4-8c25-6964-1de8-ccb9a95b0000}</Data><Data Name="ProcessId">86025</Data><Data Name="Image">/usr/bin/dash</Data><Data Name="User">root</Data></EventData></Event>
Jan 13 09:45:13 vincenzolog-VMware-Virtual-Platform sysmon[5412]: <Event><System><Provider Name="Linux-Sysmon" Guid="{ff032593-a8d3-4f13-b0d6-01fc615a0f97}"/><EventID>1</EventID><Version>5</Version><Level>4</Level><Task>1</Task><Opcode>0</Opcode><Keywords>0x8000000000000000</Keywords><TimeCreated SystemTime="2026-01-13T02:45:13.484519000Z"/><EventRecordID>407180</EventRecordID><Correlation/><Execution ProcessID="5412" ThreadID="5412"/><Channel>Linux-Sysmon/Operational</Channel><Computer>vincenzolog-VMware-Virtual-Platform</Computer><Security UserId="0"/></System><EventData><Data Name="RuleName">-</Data><Data Name="UtcTime">2026-01-12 05:52:37.678</Data><Data Name="ProcessGuid">{8b8a9dc4-8c25-6964-1de8-cffa8c610000}</Data><Data Name="ProcessId">86028</Data><Data Name="Image">/usr/bin/dash</Data><Data Name="FileVersion">-</Data><Data Name="Description">-</Data><Data Name="Product">-</Data><Data Name="Company">-</Data><Data Name="OriginalFileName">-</Data><Data Name="CommandLine">/bin/sh -c journalctl --vacuum-time=1s</Data><Data Name="CurrentDirectory">/home/vincenzolog/Auto_test</Data><Data Name="User">root</Data><Data Name="LogonGuid">{8b8a9dc4-0000-0000-0000-000009000000}</Data><Data Name="LogonId">0</Data><Data Name="TerminalSessionId">3</Data><Data Name="IntegrityLevel">no level</Data><Data Name="Hashes">SHA256=86d31f6fb799e91fa21bad341484564510ca287703a16e9e46c53338776f4f42</Data><Data Name="ParentProcessGuid">{8b8a9dc4-8944-6964-1d23-700000000000}</Data><Data Name="ParentProcessId">79205</Data><Data Name="ParentImage">/usr/bin/python3.12</Data><Data Name="ParentCommandLine">python3</Data><Data Name="ParentUser">root</Data></EventData></Event>
Jan 13 09:45:13 vincenzolog-VMware-Virtual-Platform sysmon[5412]: <Event><System><Provider Name="Linux-Sysmon" Guid="{ff032593-a8d3-4f13-b0d6-01fc615a0f97}"/><EventID>1</EventID><Version>5</Version><Level>4</Level><Task>1</Task><Opcode>0</Opcode><Keywords>0x8000000000000000</Keywords><TimeCreated SystemTime="2026-01-13T02:45:13.486314000Z"/><EventRecordID>407181</EventRecordID><Correlation/><Execution ProcessID="5412" ThreadID="5412"/><Channel>Linux-Sysmon/Operational</Channel><Computer>vincenzolog-VMware-Virtual-Platform</Computer><Security UserId="0"/></System><EventData><Data Name="RuleName">-</Data><Data Name="UtcTime">2026-01-12 05:52:37.680</Data><Data Name="ProcessGuid">{8b8a9dc4-8c25-6964-cd4b-86557b5d0000}</Data><Data Name="ProcessId">86029</Data><Data Name="Image">/usr/bin/journalctl</Data><Data Name="FileVersion">-</Data><Data Name="Description">-</Data><Data Name="Product">-</Data><Data Name="Company">-</Data><Data Name="OriginalFileName">-</Data><Data Name="CommandLine">journalctl --vacuum-time=1s</Data><Data Name="CurrentDirectory">/home/vincenzolog/Auto_test</Data><Data Name="User">root</Data><Data Name="LogonGuid">{8b8a9dc4-0000-0000-0000-000009000000}</Data><Data Name="LogonId">0</Data><Data Name="TerminalSessionId">3</Data><Data Name="IntegrityLevel">no level</Data><Data Name="Hashes">SHA256=7bd10a9c601c3204a6c464fc517b204e469eca7f12b09f9c4826f3cc1e42bd79</Data><Data Name="ParentProcessGuid">{8b8a9dc4-8c25-6964-1de8-cffa8c610000}</Data><Data Name="ParentProcessId">86028</Data><Data Name="ParentImage">/usr/bin/dash</Data><Data Name="ParentCommandLine">/bin/sh</Data><Data Name="ParentUser">root</Data></EventData></Event>
Jan 13 09:45:13 vincenzolog-VMware-Virtual-Platform sysmon[5412]: <Event><System><Provider Name="Linux-Sysmon" Guid="{ff032593-a8d3-4f13-b0d6-01fc615a0f97}"/><EventID>5</EventID><Version>3</Version><Level>4</Level><Task>5</Task><Opcode>0</Opcode><Keywords>0x8000000000000000</Keywords><TimeCreated SystemTime="2026-01-13T02:45:13.492768000Z"/><EventRecordID>407182</EventRecordID><Correlation/><Execution ProcessID="5412" ThreadID="5412"/><Channel>Linux-Sysmon/Operational</Channel><Computer>vincenzolog-VMware-Virtual-Platform</Computer><Security UserId="0"/></System><EventData><Data Name="RuleName">-</Data><Data Name="UtcTime">2026-01-12 05:52:37.687</Data><Data Name="ProcessGuid">{8b8a9dc4-8c25-6964-cd4b-86557b5d0000}</Data><Data Name="ProcessId">86029</Data><Data Name="Image">/usr/bin/journalctl</Data><Data Name="User">root</Data></EventData></Event>
Jan 13 09:45:13 vincenzolog-VMware-Virtual-Platform sysmon[5412]: <Event><System><Provider Name="Linux-Sysmon" Guid="{ff032593-a8d3-4f13-b0d6-01fc615a0f97}"/><EventID>5</EventID><Version>3</Version><Level>4</Level><Task>5</Task><Opcode>0</Opcode><Keywords>0x8000000000000000</Keywords><TimeCreated SystemTime="2026-01-13T02:45:13.493520000Z"/><EventRecordID>407183</EventRecordID><Correlation/><Execution ProcessID="5412" ThreadID="5412"/><Channel>Linux-Sysmon/Operational</Channel><Computer>vincenzolog-VMware-Virtual-Platform</Computer><Security UserId="0"/></System><EventData><Data Name="RuleName">-</Data><Data Name="UtcTime">2026-01-12 05:52:37.688</Data><Data Name="ProcessGuid">{8b8a9dc4-8c25-6964-1de8-cffa8c610000}</Data><Data Name="ProcessId">86028</Data><Data Name="Image">/usr/bin/dash</Data><Data Name="User">root</Data></EventData></Event>
Jan 13 09:45:14 vincenzolog-VMware-Virtual-Platform sysmon[5412]: <Event><System><Provider Name="Linux-Sysmon" Guid="{ff032593-a8d3-4f13-b0d6-01fc615a0f97}"/><EventID>5</EventID><Version>3</Version><Level>4</Level><Task>5</Task><Opcode>0</Opcode><Keywords>0x8000000000000000</Keywords><TimeCreated SystemTime="2026-01-13T02:45:14.332954000Z"/><EventRecordID>407184</EventRecordID><Correlation/><Execution ProcessID="5412" ThreadID="5412"/><Channel>Linux-Sysmon/Operational</Channel><Computer>vincenzolog-VMware-Virtual-Platform</Computer><Security UserId="0"/></System><EventData><Data Name="RuleName">-</Data><Data Name="UtcTime">2026-01-12 05:52:38.527</Data><Data Name="ProcessGuid">{8b8a9dc4-8c25-6964-b116-f55da7550000}</Data><Data Name="ProcessId">86022</Data><Data Name="Image">/usr/bin/sleep</Data><Data Name="User">vincenzolog</Data></EventData></Event>
Jan 13 09:45:14 vincenzolog-VMware-Virtual-Platform sysmon[5412]: <Event><System><Provider Name="Linux-Sysmon" Guid="{ff032593-a8d3-4f13-b0d6-01fc615a0f97}"/><EventID>1</EventID><Version>5</Version><Level>4</Level><Task>1</Task><Opcode>0</Opcode><Keywords>0x8000000000000000</Keywords><TimeCreated SystemTime="2026-01-13T02:45:14.334624000Z"/><EventRecordID>407185</EventRecordID><Correlation/><Execution ProcessID="5412" ThreadID="5412"/><Channel>Linux-Sysmon/Operational</Channel><Computer>vincenzolog-VMware-Virtual-Platform</Computer><Security UserId="0"/></System><EventData><Data Name="RuleName">-</Data><Data Name="UtcTime">2026-01-12 05:52:38.528</Data><Data Name="ProcessGuid">{8b8a9dc4-8c26-6964-818e-c8c620570000}</Data><Data Name="ProcessId">86030</Data><Data Name="Image">/usr/bin/sed</Data><Data Name="FileVersion">-</Data><Data Name="Description">-</Data><Data Name="Product">-</Data><Data Name="Company">-</Data><Data Name="OriginalFileName">-</Data><Data Name="CommandLine">sed -n s/^cpu\s//p /proc/stat</Data><Data Name="CurrentDirectory">/home/vincenzolog</Data><Data Name="User">vincenzolog</Data><Data Name="LogonGuid">{8b8a9dc4-0000-0000-e803-000000000000}</Data><Data Name="LogonId">1000</Data><Data Name="TerminalSessionId">3</Data><Data Name="IntegrityLevel">no level</Data><Data Name="Hashes">SHA256=db67d4895f868617bfd19786247ebda7c2f50f4cb3857a987f732a2c267a799e</Data><Data Name="ParentProcessGuid">{8b8a9dc4-8c25-6964-2d33-ef8c31570000}</Data><Data Name="ParentProcessId">86016</Data><Data Name="ParentImage">/usr/bin/bash</Data><Data Name="ParentCommandLine">/bin/bash</Data><Data Name="ParentUser">vincenzolog</Data></EventData></Event>
Jan 13 09:45:14 vincenzolog-VMware-Virtual-Platform sysmon[5412]: <Event><System><Provider Name="Linux-Sysmon" Guid="{ff032593-a8d3-4f13-b0d6-01fc615a0f97}"/><EventID>5</EventID><Version>3</Version><Level>4</Level><Task>5</Task><Opcode>0</Opcode><Keywords>0x8000000000000000</Keywords><TimeCreated SystemTime="2026-01-13T02:45:14.336337000Z"/><EventRecordID>407186</EventRecordID><Correlation/><Execution ProcessID="5412" ThreadID="5412"/><Channel>Linux-Sysmon/Operational</Channel><Computer>vincenzolog-VMware-Virtual-Platform</Computer><Security UserId="0"/></System><EventData><Data Name="RuleName">-</Data><Data Name="UtcTime">2026-01-12 05:52:38.531</Data><Data Name="ProcessGuid">{8b8a9dc4-8c26-6964-818e-c8c620570000}</Data><Data Name="ProcessId">86030</Data><Data Name="Image">/usr/bin/sed</Data><Data Name="User">vincenzolog</Data></EventData></Event>
Jan 13 09:45:14 vincenzolog-VMware-Virtual-Platform sysmon[5412]: <Event><System><Provider Name="Linux-Sysmon" Guid="{ff032593-a8d3-4f13-b0d6-01fc615a0f97}"/><EventID>1</EventID><Version>5</Version><Level>4</Level><Task>1</Task><Opcode>0</Opcode><Keywords>0x8000000000000000</Keywords><TimeCreated SystemTime="2026-01-13T02:45:14.338280000Z"/><EventRecordID>407187</EventRecordID><Correlation/><Execution ProcessID="5412" ThreadID="5412"/><Channel>Linux-Sysmon/Operational</Channel><Computer>vincenzolog-VMware-Virtual-Platform</Computer><Security UserId="0"/></System><EventData><Data Name="RuleName">-</Data><Data Name="UtcTime">2026-01-12 05:52:38.532</Data><Data Name="ProcessGuid">{8b8a9dc4-8c26-6964-b124-5c56a45e0000}</Data><Data Name="ProcessId">86031</Data><Data Name="Image">/usr/bin/cat</Data><Data Name="FileVersion">-</Data><Data Name="Description">-</Data><Data Name="Product">-</Data><Data Name="Company">-</Data><Data Name="OriginalFileName">-</Data><Data Name="CommandLine">cat /proc/27362/stat</Data><Data Name="CurrentDirectory">/home/vincenzolog</Data><Data Name="User">vincenzolog</Data><Data Name="LogonGuid">{8b8a9dc4-0000-0000-e803-000000000000}</Data><Data Name="LogonId">1000</Data><Data Name="TerminalSessionId">3</Data><Data Name="IntegrityLevel">no level</Data><Data Name="Hashes">SHA256=dda0961715677dff3cd560e1933379c0eca73c0b6e19fef2737492ebc1de1700</Data><Data Name="ParentProcessGuid">{8b8a9dc4-8c25-6964-2d33-ef8c31570000}</Data><Data Name="ParentProcessId">86016</Data><Data Name="ParentImage">/usr/bin/bash</Data><Data Name="ParentCommandLine">/bin/bash</Data><Data Name="ParentUser">vincenzolog</Data></EventData></Event>
Jan 13 09:45:14 vincenzolog-VMware-Virtual-Platform sysmon[5412]: <Event><System><Provider Name="Linux-Sysmon" Guid="{ff032593-a8d3-4f13-b0d6-01fc615a0f97}"/><EventID>5</EventID><Version>3</Version><Level>4</Level><Task>5</Task><Opcode>0</Opcode><Keywords>0x8000000000000000</Keywords><TimeCreated SystemTime="2026-01-13T02:45:14.339848000Z"/><EventRecordID>407188</EventRecordID><Correlation/><Execution ProcessID="5412" ThreadID="5412"/><Channel>Linux-Sysmon/Operational</Channel><Computer>vincenzolog-VMware-Virtual-Platform</Computer><Security UserId="0"/></System><EventData><Data Name="RuleName">-</Data><Data Name="UtcTime">2026-01-12 05:52:38.534</Data><Data Name="ProcessGuid">{8b8a9dc4-8c26-6964-b124-5c56a45e0000}</Data><Data Name="ProcessId">86031</Data><Data Name="Image">/usr/bin/cat</Data><Data Name="User">vincenzolog</Data></EventData></Event>
Jan 13 09:45:14 vincenzolog-VMware-Virtual-Platform sysmon[5412]: <Event><System><Provider Name="Linux-Sysmon" Guid="{ff032593-a8d3-4f13-b0d6-01fc615a0f97}"/><EventID>5</EventID><Version>3</Version><Level>4</Level><Task>5</Task><Opcode>0</Opcode><Keywords>0x8000000000000000</Keywords><TimeCreated SystemTime="2026-01-13T02:45:14.341070000Z"/><EventRecordID>407189</EventRecordID><Correlation/><Execution ProcessID="5412" ThreadID="5412"/><Channel>Linux-Sysmon/Operational</Channel><Computer>vincenzolog-VMware-Virtual-Platform</Computer><Security UserId="0"/></System><EventData><Data Name="RuleName">-</Data><Data Name="UtcTime">2026-01-12 05:52:38.535</Data><Data Name="ProcessGuid">{8b8a9dc4-8c26-6964-0000-000000000000}</Data><Data Name="ProcessId">86032</Data><Data Name="Image">-</Data><Data Name="User">vincenzolog</Data></EventData></Event>
Jan 13 09:45:14 vincenzolog-VMware-Virtual-Platform sysmon[5412]: <Event><System><Provider Name="Linux-Sysmon" Guid="{ff032593-a8d3-4f13-b0d6-01fc615a0f97}"/><EventID>1</EventID><Version>5</Version><Level>4</Level><Task>1</Task><Opcode>0</Opcode><Keywords>0x8000000000000000</Keywords><TimeCreated SystemTime="2026-01-13T02:45:14.342555000Z"/><EventRecordID>407190</EventRecordID><Correlation/><Execution ProcessID="5412" ThreadID="5412"/><Channel>Linux-Sysmon/Operational</Channel><Computer>vincenzolog-VMware-Virtual-Platform</Computer><Security UserId="0"/></System><EventData><Data Name="RuleName">-</Data><Data Name="UtcTime">2026-01-12 05:52:38.536</Data><Data Name="ProcessGuid">{8b8a9dc4-8c26-6964-b1b4-93bca05e0000}</Data><Data Name="ProcessId">86033</Data><Data Name="Image">/usr/bin/cat</Data><Data Name="FileVersion">-</Data><Data Name="Description">-</Data><Data Name="Product">-</Data><Data Name="Company">-</Data><Data Name="OriginalFileName">-</Data><Data Name="CommandLine">cat /proc/79188/stat</Data><Data Name="CurrentDirectory">/home/vincenzolog</Data><Data Name="User">vincenzolog</Data><Data Name="LogonGuid">{8b8a9dc4-0000-0000-e803-000000000000}</Data><Data Name="LogonId">1000</Data><Data Name="TerminalSessionId">3</Data><Data Name="IntegrityLevel">no level</Data><Data Name="Hashes">SHA256=dda0961715677dff3cd560e1933379c0eca73c0b6e19fef2737492ebc1de1700</Data><Data Name="ParentProcessGuid">{8b8a9dc4-8c25-6964-2d33-ef8c31570000}</Data><Data Name="ParentProcessId">86016</Data><Data Name="ParentImage">/usr/bin/bash</Data><Data Name="ParentCommandLine">/bin/bash</Data><Data Name="ParentUser">vincenzolog</Data></EventData></Event>
Jan 13 09:45:14 vincenzolog-VMware-Virtual-Platform sysmon[5412]: <Event><System><Provider Name="Linux-Sysmon" Guid="{ff032593-a8d3-4f13-b0d6-01fc615a0f97}"/><EventID>5</EventID><Version>3</Version><Level>4</Level><Task>5</Task><Opcode>0</Opcode><Keywords>0x8000000000000000</Keywords><TimeCreated SystemTime="2026-01-13T02:45:14.344123000Z"/><EventRecordID>407191</EventRecordID><Correlation/><Execution ProcessID="5412" ThreadID="5412"/><Channel>Linux-Sysmon/Operational</Channel><Computer>vincenzolog-VMware-Virtual-Platform</Computer><Security UserId="0"/></System><EventData><Data Name="RuleName">-</Data><Data Name="UtcTime">2026-01-12 05:52:38.539</Data><Data Name="ProcessGuid">{8b8a9dc4-8c26-6964-b1b4-93bca05e0000}</Data><Data Name="ProcessId">86033</Data><Data Name="Image">/usr/bin/cat</Data><Data Name="User">vincenzolog</Data></EventData></Event>
Jan 13 09:45:14 vincenzolog-VMware-Virtual-Platform sysmon[5412]: <Event><System><Provider Name="Linux-Sysmon" Guid="{ff032593-a8d3-4f13-b0d6-01fc615a0f97}"/><EventID>5</EventID><Version>3</Version><Level>4</Level><Task>5</Task><Opcode>0</Opcode><Keywords>0x8000000000000000</Keywords><TimeCreated SystemTime="2026-01-13T02:45:14.345994000Z"/><EventRecordID>407192</EventRecordID><Correlation/><Execution ProcessID="5412" ThreadID="5412"/><Channel>Linux-Sysmon/Operational</Channel><Computer>vincenzolog-VMware-Virtual-Platform</Computer><Security UserId="0"/></System><EventData><Data Name="RuleName">-</Data><Data Name="UtcTime">2026-01-12 05:52:38.540</Data><Data Name="ProcessGuid">{00000000-0000-0000-0000-000000000000}</Data><Data Name="ProcessId">86034</Data><Data Name="Image">&lt;unknown process&gt;</Data><Data Name="User">vincenzolog</Data></EventData></Event>
Jan 13 09:45:14 vincenzolog-VMware-Virtual-Platform sysmon[5412]: <Event><System><Provider Name="Linux-Sysmon" Guid="{ff032593-a8d3-4f13-b0d6-01fc615a0f97}"/><EventID>1</EventID><Version>5</Version><Level>4</Level><Task>1</Task><Opcode>0</Opcode><Keywords>0x8000000000000000</Keywords><TimeCreated SystemTime="2026-01-13T02:45:14.347397000Z"/><EventRecordID>407193</EventRecordID><Correlation/><Execution ProcessID="5412" ThreadID="5412"/><Channel>Linux-Sysmon/Operational</Channel><Computer>vincenzolog-VMware-Virtual-Platform</Computer><Security UserId="0"/></System><EventData><Data Name="RuleName">-</Data><Data Name="UtcTime">2026-01-12 05:52:38.541</Data><Data Name="ProcessGuid">{8b8a9dc4-8c26-6964-b1a4-def79d5b0000}</Data><Data Name="ProcessId">86035</Data><Data Name="Image">/usr/bin/cat</Data><Data Name="FileVersion">-</Data><Data Name="Description">-</Data><Data Name="Product">-</Data><Data Name="Company">-</Data><Data Name="OriginalFileName">-</Data><Data Name="CommandLine">cat /proc/79204/stat</Data><Data Name="CurrentDirectory">/home/vincenzolog</Data><Data Name="User">vincenzolog</Data><Data Name="LogonGuid">{8b8a9dc4-0000-0000-e803-000000000000}</Data><Data Name="LogonId">1000</Data><Data Name="TerminalSessionId">3</Data><Data Name="IntegrityLevel">no level</Data><Data Name="Hashes">SHA256=dda0961715677dff3cd560e1933379c0eca73c0b6e19fef2737492ebc1de1700</Data><Data Name="ParentProcessGuid">{8b8a9dc4-8c25-6964-2d33-ef8c31570000}</Data><Data Name="ParentProcessId">86016</Data><Data Name="ParentImage">/usr/bin/bash</Data><Data Name="ParentCommandLine">/bin/bash</Data><Data Name="ParentUser">vincenzolog</Data></EventData></Event>
Jan 13 09:45:14 vincenzolog-VMware-Virtual-Platform sysmon[5412]: <Event><System><Provider Name="Linux-Sysmon" Guid="{ff032593-a8d3-4f13-b0d6-01fc615a0f97}"/><EventID>5</EventID><Version>3</Version><Level>4</Level><Task>5</Task><Opcode>0</Opcode><Keywords>0x8000000000000000</Keywords><TimeCreated SystemTime="2026-01-13T02:45:14.349059000Z"/><EventRecordID>407194</EventRecordID><Correlation/><Execution ProcessID="5412" ThreadID="5412"/><Channel>Linux-Sysmon/Operational</Channel><Computer>vincenzolog-VMware-Virtual-Platform</Computer><Security UserId="0"/></System><EventData><Data Name="RuleName">-</Data><Data Name="UtcTime">2026-01-12 05:52:38.543</Data><Data Name="ProcessGuid">{8b8a9dc4-8c26-6964-b1a4-def79d5b0000}</Data><Data Name="ProcessId">86035</Data><Data Name="Image">/usr/bin/cat</Data><Data Name="User">vincenzolog</Data></EventData></Event>
Jan 13 09:45:14 vincenzolog-VMware-Virtual-Platform sysmon[5412]: <Event><System><Provider Name="Linux-Sysmon" Guid="{ff032593-a8d3-4f13-b0d6-01fc615a0f97}"/><EventID>5</EventID><Version>3</Version><Level>4</Level><Task>5</Task><Opcode>0</Opcode><Keywords>0x8000000000000000</Keywords><TimeCreated SystemTime="2026-01-13T02:45:14.350554000Z"/><EventRecordID>407195</EventRecordID><Correlation/><Execution ProcessID="5412" ThreadID="5412"/><Channel>Linux-Sysmon/Operational</Channel><Computer>vincenzolog-VMware-Virtual-Platform</Computer><Security UserId="0"/></System><EventData><Data Name="RuleName">-</Data><Data Name="UtcTime">2026-01-12 05:52:38.545</Data><Data Name="ProcessGuid">{00000000-0000-0000-0000-000000000000}</Data><Data Name="ProcessId">86036</Data><Data Name="Image">&lt;unknown process&gt;</Data><Data Name="User">vincenzolog</Data></EventData></Event>
Jan 13 09:45:14 vincenzolog-VMware-Virtual-Platform sysmon[5412]: <Event><System><Provider Name="Linux-Sysmon" Guid="{ff032593-a8d3-4f13-b0d6-01fc615a0f97}"/><EventID>1</EventID><Version>5</Version><Level>4</Level><Task>1</Task><Opcode>0</Opcode><Keywords>0x8000000000000000</Keywords><TimeCreated SystemTime="2026-01-13T02:45:14.352354000Z"/><EventRecordID>407196</EventRecordID><Correlation/><Execution ProcessID="5412" ThreadID="5412"/><Channel>Linux-Sysmon/Operational</Channel><Computer>vincenzolog-VMware-Virtual-Platform</Computer><Security UserId="0"/></System><EventData><Data Name="RuleName">-</Data><Data Name="UtcTime">2026-01-12 05:52:38.545</Data><Data Name="ProcessGuid">{8b8a9dc4-8c26-6964-b174-6256e2630000}</Data><Data Name="ProcessId">86037</Data><Data Name="Image">/usr/bin/cat</Data><Data Name="FileVersion">-</Data><Data Name="Description">-</Data><Data Name="Product">-</Data><Data Name="Company">-</Data><Data Name="OriginalFileName">-</Data><Data Name="CommandLine">cat /proc/79205/stat</Data><Data Name="CurrentDirectory">/home/vincenzolog</Data><Data Name="User">vincenzolog</Data><Data Name="LogonGuid">{8b8a9dc4-0000-0000-e803-000000000000}</Data><Data Name="LogonId">1000</Data><Data Name="TerminalSessionId">3</Data><Data Name="IntegrityLevel">no level</Data><Data Name="Hashes">SHA256=dda0961715677dff3cd560e1933379c0eca73c0b6e19fef2737492ebc1de1700</Data><Data Name="ParentProcessGuid">{8b8a9dc4-8c25-6964-2d33-ef8c31570000}</Data><Data Name="ParentProcessId">86016</Data><Data Name="ParentImage">/usr/bin/bash</Data><Data Name="ParentCommandLine">/bin/bash</Data><Data Name="ParentUser">vincenzolog</Data></EventData></Event>
Jan 13 09:45:14 vincenzolog-VMware-Virtual-Platform sysmon[5412]: <Event><System><Provider Name="Linux-Sysmon" Guid="{ff032593-a8d3-4f13-b0d6-01fc615a0f97}"/><EventID>5</EventID><Version>3</Version><Level>4</Level><Task>5</Task><Opcode>0</Opcode><Keywords>0x8000000000000000</Keywords><TimeCreated SystemTime="2026-01-13T02:45:14.353753000Z"/><EventRecordID>407197</EventRecordID><Correlation/><Execution ProcessID="5412" ThreadID="5412"/><Channel>Linux-Sysmon/Operational</Channel><Computer>vincenzolog-VMware-Virtual-Platform</Computer><Security UserId="0"/></System><EventData><Data Name="RuleName">-</Data><Data Name="UtcTime">2026-01-12 05:52:38.548</Data><Data Name="ProcessGuid">{8b8a9dc4-8c26-6964-b174-6256e2630000}</Data><Data Name="ProcessId">86037</Data><Data Name="Image">/usr/bin/cat</Data><Data Name="User">vincenzolog</Data></EventData></Event>
Jan 13 09:45:14 vincenzolog-VMware-Virtual-Platform sysmon[5412]: <Event><System><Provider Name="Linux-Sysmon" Guid="{ff032593-a8d3-4f13-b0d6-01fc615a0f97}"/><EventID>5</EventID><Version>3</Version><Level>4</Level><Task>5</Task><Opcode>0</Opcode><Keywords>0x8000000000000000</Keywords><TimeCreated SystemTime="2026-01-13T02:45:14.355269000Z"/><EventRecordID>407198</EventRecordID><Correlation/><Execution ProcessID="5412" ThreadID="5412"/><Channel>Linux-Sysmon/Operational</Channel><Computer>vincenzolog-VMware-Virtual-Platform</Computer><Security UserId="0"/></System><EventData><Data Name="RuleName">-</Data><Data Name="UtcTime">2026-01-12 05:52:38.550</Data><Data Name="ProcessGuid">{00000000-0000-0000-0000-000000000000}</Data><Data Name="ProcessId">86038</Data><Data Name="Image">&lt;unknown process&gt;</Data><Data Name="User">vincenzolog</Data></EventData></Event>
Jan 13 09:45:14 vincenzolog-VMware-Virtual-Platform sysmon[5412]: <Event><System><Provider Name="Linux-Sysmon" Guid="{ff032593-a8d3-4f13-b0d6-01fc615a0f97}"/><EventID>5</EventID><Version>3</Version><Level>4</Level><Task>5</Task><Opcode>0</Opcode><Keywords>0x8000000000000000</Keywords><TimeCreated SystemTime="2026-01-13T02:45:14.356094000Z"/><EventRecordID>407199</EventRecordID><Correlation/><Execution ProcessID="5412" ThreadID="5412"/><Channel>Linux-Sysmon/Operational</Channel><Computer>vincenzolog-VMware-Virtual-Platform</Computer><Security UserId="0"/></System><EventData><Data Name="RuleName">-</Data><Data Name="UtcTime">2026-01-12 05:52:38.551</Data><Data Name="ProcessGuid">{8b8a9dc4-8c25-6964-2d33-ef8c31570000}</Data><Data Name="ProcessId">86016</Data><Data Name="Image">/usr/bin/bash</Data><Data Name="User">vincenzolog</Data></EventData></Event>
Jan 13 09:45:14 vincenzolog-VMware-Virtual-Platform sysmon[5412]: <Event><System><Provider Name="Linux-Sysmon" Guid="{ff032593-a8d3-4f13-b0d6-01fc615a0f97}"/><EventID>5</EventID><Version>3</Version><Level>4</Level><Task>5</Task><Opcode>0</Opcode><Keywords>0x8000000000000000</Keywords><TimeCreated SystemTime="2026-01-13T02:45:14.356470000Z"/><EventRecordID>407200</EventRecordID><Correlation/><Execution ProcessID="5412" ThreadID="5412"/><Channel>Linux-Sysmon/Operational</Channel><Computer>vincenzolog-VMware-Virtual-Platform</Computer><Security UserId="0"/></System><EventData><Data Name="RuleName">-</Data><Data Name="UtcTime">2026-01-12 05:52:38.551</Data><Data Name="ProcessGuid">{8b8a9dc4-8c25-6964-1d38-824a59550000}</Data><Data Name="ProcessId">86015</Data><Data Name="Image">/usr/bin/dash</Data><Data Name="User">vincenzolog</Data></EventData></Event>
Jan 13 09:45:14 vincenzolog-VMware-Virtual-Platform sysmon[5412]: <Event><System><Provider Name="Linux-Sysmon" Guid="{ff032593-a8d3-4f13-b0d6-01fc615a0f97}"/><EventID>1</EventID><Version>5</Version><Level>4</Level><Task>1</Task><Opcode>0</Opcode><Keywords>0x8000000000000000</Keywords><TimeCreated SystemTime="2026-01-13T02:45:14.495491000Z"/><EventRecordID>407201</EventRecordID><Correlation/><Execution ProcessID="5412" ThreadID="5412"/><Channel>Linux-Sysmon/Operational</Channel><Computer>vincenzolog-VMware-Virtual-Platform</Computer><Security UserId="0"/></System><EventData><Data Name="RuleName">-</Data><Data Name="UtcTime">2026-01-12 05:52:38.689</Data><Data Name="ProcessGuid">{8b8a9dc4-8c26-6964-1d38-d07a065d0000}</Data><Data Name="ProcessId">86039</Data><Data Name="Image">/usr/bin/dash</Data><Data Name="FileVersion">-</Data><Data Name="Description">-</Data><Data Name="Product">-</Data><Data Name="Company">-</Data><Data Name="OriginalFileName">-</Data><Data Name="CommandLine">/bin/sh -c crontab -r--clean</Data><Data Name="CurrentDirectory">/home/vincenzolog/Auto_test</Data><Data Name="User">root</Data><Data Name="LogonGuid">{8b8a9dc4-0000-0000-0000-000009000000}</Data><Data Name="LogonId">0</Data><Data Name="TerminalSessionId">3</Data><Data Name="IntegrityLevel">no level</Data><Data Name="Hashes">SHA256=86d31f6fb799e91fa21bad341484564510ca287703a16e9e46c53338776f4f42</Data><Data Name="ParentProcessGuid">{8b8a9dc4-8944-6964-1d23-700000000000}</Data><Data Name="ParentProcessId">79205</Data><Data Name="ParentImage">/usr/bin/python3.12</Data><Data Name="ParentCommandLine">python3</Data><Data Name="ParentUser">root</Data></EventData></Event>
Jan 13 09:45:14 vincenzolog-VMware-Virtual-Platform sysmon[5412]: <Event><System><Provider Name="Linux-Sysmon" Guid="{ff032593-a8d3-4f13-b0d6-01fc615a0f97}"/><EventID>1</EventID><Version>5</Version><Level>4</Level><Task>1</Task><Opcode>0</Opcode><Keywords>0x8000000000000000</Keywords><TimeCreated SystemTime="2026-01-13T02:45:14.497220000Z"/><EventRecordID>407202</EventRecordID><Correlation/><Execution ProcessID="5412" ThreadID="5412"/><Channel>Linux-Sysmon/Operational</Channel><Computer>vincenzolog-VMware-Virtual-Platform</Computer><Security UserId="0"/></System><EventData><Data Name="RuleName">-</Data><Data Name="UtcTime">2026-01-12 05:52:38.691</Data><Data Name="ProcessGuid">{8b8a9dc4-8c26-6964-457f-85c1015c0000}</Data><Data Name="ProcessId">86040</Data><Data Name="Image">/usr/bin/crontab</Data><Data Name="FileVersion">-</Data><Data Name="Description">-</Data><Data Name="Product">-</Data><Data Name="Company">-</Data><Data Name="OriginalFileName">-</Data><Data Name="CommandLine">crontab -r--clean</Data><Data Name="CurrentDirectory">/home/vincenzolog/Auto_test</Data><Data Name="User">root</Data><Data Name="LogonGuid">{8b8a9dc4-0000-0000-0000-000009000000}</Data><Data Name="LogonId">0</Data><Data Name="TerminalSessionId">3</Data><Data Name="IntegrityLevel">no level</Data><Data Name="Hashes">SHA256=d71b4e26034ec955cae7e7101a4b33f5923b3396a0e1e1893cd1274bbb51c3ec</Data><Data Name="ParentProcessGuid">{8b8a9dc4-8c26-6964-1d38-d07a065d0000}</Data><Data Name="ParentProcessId">86039</Data><Data Name="ParentImage">/usr/bin/dash</Data><Data Name="ParentCommandLine">/bin/sh</Data><Data Name="ParentUser">root</Data></EventData></Event>
Jan 13 09:45:14 vincenzolog-VMware-Virtual-Platform sysmon[5412]: <Event><System><Provider Name="Linux-Sysmon" Guid="{ff032593-a8d3-4f13-b0d6-01fc615a0f97}"/><EventID>5</EventID><Version>3</Version><Level>4</Level><Task>5</Task><Opcode>0</Opcode><Keywords>0x8000000000000000</Keywords><TimeCreated SystemTime="2026-01-13T02:45:14.498690000Z"/><EventRecordID>407203</EventRecordID><Correlation/><Execution ProcessID="5412" ThreadID="5412"/><Channel>Linux-Sysmon/Operational</Channel><Computer>vincenzolog-VMware-Virtual-Platform</Computer><Security UserId="0"/></System><EventData><Data Name="RuleName">-</Data><Data Name="UtcTime">2026-01-12 05:52:38.693</Data><Data Name="ProcessGuid">{8b8a9dc4-8c26-6964-457f-85c1015c0000}</Data><Data Name="ProcessId">86040</Data><Data Name="Image">/usr/bin/crontab</Data><Data Name="User">root</Data></EventData></Event>
Jan 13 09:45:14 vincenzolog-VMware-Virtual-Platform sysmon[5412]: <Event><System><Provider Name="Linux-Sysmon" Guid="{ff032593-a8d3-4f13-b0d6-01fc615a0f97}"/><EventID>5</EventID><Version>3</Version><Level>4</Level><Task>5</Task><Opcode>0</Opcode><Keywords>0x8000000000000000</Keywords><TimeCreated SystemTime="2026-01-13T02:45:14.499266000Z"/><EventRecordID>407204</EventRecordID><Correlation/><Execution ProcessID="5412" ThreadID="5412"/><Channel>Linux-Sysmon/Operational</Channel><Computer>vincenzolog-VMware-Virtual-Platform</Computer><Security UserId="0"/></System><EventData><Data Name="RuleName">-</Data><Data Name="UtcTime">2026-01-12 05:52:38.694</Data><Data Name="ProcessGuid">{8b8a9dc4-8c26-6964-1d38-d07a065d0000}</Data><Data Name="ProcessId">86039</Data><Data Name="Image">/usr/bin/dash</Data><Data Name="User">root</Data></EventData></Event>
Jan 13 09:45:17 vincenzolog-VMware-Virtual-Platform sysmon[5412]: <Event><System><Provider Name="Linux-Sysmon" Guid="{ff032593-a8d3-4f13-b0d6-01fc615a0f97}"/><EventID>1</EventID><Version>5</Version><Level>4</Level><Task>1</Task><Opcode>0</Opcode><Keywords>0x8000000000000000</Keywords><TimeCreated SystemTime="2026-01-13T02:45:17.505593000Z"/><EventRecordID>407205</EventRecordID><Correlation/><Execution ProcessID="5412" ThreadID="5412"/><Channel>Linux-Sysmon/Operational</Channel><Computer>vincenzolog-VMware-Virtual-Platform</Computer><Security UserId="0"/></System><EventData><Data Name="RuleName">-</Data><Data Name="UtcTime">2026-01-12 05:52:41.699</Data><Data Name="ProcessGuid">{8b8a9dc4-8c29-6964-1d78-5ce975580000}</Data><Data Name="ProcessId">86041</Data><Data Name="Image">/usr/bin/dash</Data><Data Name="FileVersion">-</Data><Data Name="Description">-</Data><Data Name="Product">-</Data><Data Name="Company">-</Data><Data Name="OriginalFileName">-</Data><Data Name="CommandLine">/bin/sh -c journalctl -u sysmon --no-pager &gt; logs_output/Remove_Scheduled_Cron_Task/Remove_Scheduled_Cron_Task_attack176.log</Data><Data Name="CurrentDirectory">/home/vincenzolog/Auto_test</Data><Data Name="User">root</Data><Data Name="LogonGuid">{8b8a9dc4-0000-0000-0000-000009000000}</Data><Data Name="LogonId">0</Data><Data Name="TerminalSessionId">3</Data><Data Name="IntegrityLevel">no level</Data><Data Name="Hashes">SHA256=86d31f6fb799e91fa21bad341484564510ca287703a16e9e46c53338776f4f42</Data><Data Name="ParentProcessGuid">{8b8a9dc4-8944-6964-1d23-700000000000}</Data><Data Name="ParentProcessId">79205</Data><Data Name="ParentImage">/usr/bin/python3.12</Data><Data Name="ParentCommandLine">python3</Data><Data Name="ParentUser">root</Data></EventData></Event>
Jan 13 09:45:17 vincenzolog-VMware-Virtual-Platform sysmon[5412]: <Event><System><Provider Name="Linux-Sysmon" Guid="{ff032593-a8d3-4f13-b0d6-01fc615a0f97}"/><EventID>1</EventID><Version>5</Version><Level>4</Level><Task>1</Task><Opcode>0</Opcode><Keywords>0x8000000000000000</Keywords><TimeCreated SystemTime="2026-01-13T02:45:17.508172000Z"/><EventRecordID>407206</EventRecordID><Correlation/><Execution ProcessID="5412" ThreadID="5412"/><Channel>Linux-Sysmon/Operational</Channel><Computer>vincenzolog-VMware-Virtual-Platform</Computer><Security UserId="0"/></System><EventData><Data Name="RuleName">-</Data><Data Name="UtcTime">2026-01-12 05:52:41.702</Data><Data Name="ProcessGuid">{8b8a9dc4-8c29-6964-cd6b-1e273b5e0000}</Data><Data Name="ProcessId">86042</Data><Data Name="Image">/usr/bin/journalctl</Data><Data Name="FileVersion">-</Data><Data Name="Description">-</Data><Data Name="Product">-</Data><Data Name="Company">-</Data><Data Name="OriginalFileName">-</Data><Data Name="CommandLine">journalctl -u sysmon --no-pager</Data><Data Name="CurrentDirectory">/home/vincenzolog/Auto_test</Data><Data Name="User">root</Data><Data Name="LogonGuid">{8b8a9dc4-0000-0000-0000-000009000000}</Data><Data Name="LogonId">0</Data><Data Name="TerminalSessionId">3</Data><Data Name="IntegrityLevel">no level</Data><Data Name="Hashes">SHA256=7bd10a9c601c3204a6c464fc517b204e469eca7f12b09f9c4826f3cc1e42bd79</Data><Data Name="ParentProcessGuid">{8b8a9dc4-8c29-6964-1d78-5ce975580000}</Data><Data Name="ParentProcessId">86041</Data><Data Name="ParentImage">/usr/bin/dash</Data><Data Name="ParentCommandLine">/bin/sh</Data><Data Name="ParentUser">root</Data></EventData></Event>
