    {
      "row_id": 430,
      "Provider_Name": "Linux-Sysmon",
      "Guid": "{ff032593-a8d3-4f13-b0d6-01fc615a0f97}",
      "EventID": 1,
      "Version": 5,
      "Level": 4,
      "Task": 1,
      "Opcode": 0,
      "Keywords": "0x8000000000000000",
      "SystemTime": "2026-01-13T08:56:39.197543000Z",
      "EventRecordID": 683226,
      "ProcessID": "5412",
      "ThreadID": "5412",
      "Channel": "Linux-Sysmon/Operational",
      "Computer": "vincenzolog-VMware-Virtual-Platform",
      "UserId": "0",
      "RuleName": "-",
      "UtcTime": "2026-01-12 11:06:04.738",
      "ProcessGuid": "{8b8a9dc4-d59c-6964-d11f-9668ea610000}",
      "Image": "/usr/bin/chmod",
      "User": "_apt",
      "OriginalLogfile": "Shell_Invocation_via_Apt_attack162.log-0N68Y1NA.json",
      "FileVersion": "-",
      "Description": "-",
      "Product": "-",
      "Company": "-",
      "OriginalFileName": "-",
      "CommandLine": "chmod 700 /tmp/apt-key-gpghome.fCAnoxSvJR",
      "CurrentDirectory": "/home/vincenzolog/Auto_test",
      "LogonGuid": "{8b8a9dc4-0000-0000-2a00-000005000000}",
      "LogonId": 42,
      "TerminalSessionId": 3,
      "IntegrityLevel": "no level",
      "SHA256": "f162501708c719c786ddceb78c2cc3b48dc2e33683114da199223c978bd62324",
      "Hashes": "SHA256=f162501708c719c786ddceb78c2cc3b48dc2e33683114da199223c978bd62324",
      "ParentProcessGuid": "{8b8a9dc4-d59c-6964-1d98-26bfb2610000}",
      "ParentProcessId": 273986,
      "ParentImage": "/usr/bin/dash",
      "ParentCommandLine": "/bin/sh",
      "ParentUser": "_apt"
    },
    {
      "row_id": 579,
      "Provider_Name": "Linux-Sysmon",
      "Guid": "{ff032593-a8d3-4f13-b0d6-01fc615a0f97}",
      "EventID": 1,
      "Version": 5,
      "Level": 4,
      "Task": 1,
      "Opcode": 0,
      "Keywords": "0x8000000000000000",
      "SystemTime": "2026-01-13T08:56:39.437995000Z",
      "EventRecordID": 683375,
      "ProcessID": "5412",
      "ThreadID": "5412",
      "Channel": "Linux-Sysmon/Operational",
      "Computer": "vincenzolog-VMware-Virtual-Platform",
      "UserId": "0",
      "RuleName": "-",
      "UtcTime": "2026-01-12 11:06:04.978",
      "ProcessGuid": "{8b8a9dc4-d59c-6964-d10f-1040d65a0000}",
      "Image": "/usr/bin/chmod",
      "User": "_apt",
      "OriginalLogfile": "Shell_Invocation_via_Apt_attack162.log-0N68Y1NA.json",
      "FileVersion": "-",
      "Description": "-",
      "Product": "-",
      "Company": "-",
      "OriginalFileName": "-",
      "CommandLine": "chmod 700 /tmp/apt-key-gpghome.pGkQD4FCd4",
      "CurrentDirectory": "/",
      "LogonGuid": "{8b8a9dc4-0000-0000-2a00-000000000000}",
      "LogonId": 42,
      "TerminalSessionId": 4294967295,
      "IntegrityLevel": "no level",
      "SHA256": "f162501708c719c786ddceb78c2cc3b48dc2e33683114da199223c978bd62324",
      "Hashes": "SHA256=f162501708c719c786ddceb78c2cc3b48dc2e33683114da199223c978bd62324",
      "ParentProcessGuid": "{8b8a9dc4-d59c-6964-1d08-12ec0a5c0000}",
      "ParentProcessId": 274066,
      "ParentImage": "/usr/bin/dash",
      "ParentCommandLine": "/bin/sh",
      "ParentUser": "_apt"
    },
    {
      "row_id": 635,
      "Provider_Name": "Linux-Sysmon",
      "Guid": "{ff032593-a8d3-4f13-b0d6-01fc615a0f97}",
      "EventID": 1,
      "Version": 5,
      "Level": 4,
      "Task": 1,
      "Opcode": 0,
      "Keywords": "0x8000000000000000",
      "SystemTime": "2026-01-13T08:56:39.662619000Z",
      "EventRecordID": 683431,
      "ProcessID": "5412",
      "ThreadID": "5412",
      "Channel": "Linux-Sysmon/Operational",
      "Computer": "vincenzolog-VMware-Virtual-Platform",
      "UserId": "0",
      "RuleName": "-",
      "UtcTime": "2026-01-12 11:06:05.203",
      "ProcessGuid": "{8b8a9dc4-d59d-6964-d1bf-3d7294550000}",
      "Image": "/usr/bin/chmod",
      "User": "_apt",
      "OriginalLogfile": "Shell_Invocation_via_Apt_attack162.log-0N68Y1NA.json",
      "FileVersion": "-",
      "Description": "-",
      "Product": "-",
      "Company": "-",
      "OriginalFileName": "-",
      "CommandLine": "chmod 700 /tmp/apt-key-gpghome.AsObReVVWU",
      "CurrentDirectory": "/",
      "LogonGuid": "{8b8a9dc4-0000-0000-2a00-000000000000}",
      "LogonId": 42,
      "TerminalSessionId": 4294967295,
      "IntegrityLevel": "no level",
      "SHA256": "f162501708c719c786ddceb78c2cc3b48dc2e33683114da199223c978bd62324",
      "Hashes": "SHA256=f162501708c719c786ddceb78c2cc3b48dc2e33683114da199223c978bd62324",
      "ParentProcessGuid": "{8b8a9dc4-d59d-6964-1de8-541694590000}",
      "ParentProcessId": 274100,
      "ParentImage": "/usr/bin/dash",
      "ParentCommandLine": "/bin/sh",
      "ParentUser": "_apt"
    }
  ]
},
{
  "title": "Shell Invocation via Apt - Linux",
  "id": "bb382fd5-b454-47ea-a264-1828e4c766d6",
  "description": "Detects the use of the \"apt\" and \"apt-get\" commands to execute a shell or proxy commands.\nSuch behavior may be associated with privilege escalation, unauthorized command execution, or to break out from restricted environments.\n",
  "sigmafile": "",
  "sigma": [
    "SELECT * FROM logs WHERE (Image LIKE '%/apt' ESCAPE '\\' OR Image LIKE '%/apt-get' ESCAPE '\\') AND CommandLine LIKE '%APT::Update::Pre-Invoke::=%' ESCAPE '\\'"
  ],
  "rule_level": "medium",
  "tags": [
    "attack.discovery",
    "attack.t1083"
  ],
  "count": 1,
  "matches": [
    {
      "row_id": 18,
      "Provider_Name": "Linux-Sysmon",
      "Guid": "{ff032593-a8d3-4f13-b0d6-01fc615a0f97}",
      "EventID": 1,
      "Version": 5,
      "Level": 4,
      "Task": 1,
      "Opcode": 0,
      "Keywords": "0x8000000000000000",
      "SystemTime": "2026-01-13T08:56:38.193363000Z",
      "EventRecordID": 682814,
      "ProcessID": "5412",
      "ThreadID": "5412",
      "Channel": "Linux-Sysmon/Operational",
      "Computer": "vincenzolog-VMware-Virtual-Platform",
      "UserId": "0",
      "RuleName": "-",
      "UtcTime": "2026-01-12 11:06:03.733",
      "ProcessGuid": "{8b8a9dc4-d59b-6964-a55b-90e0ac590000}",
      "Image": "/usr/bin/apt",
      "User": "root",
      "OriginalLogfile": "Shell_Invocation_via_Apt_attack162.log-0N68Y1NA.json",
      "FileVersion": "-",
      "Description": "-",
      "Product": "-",
      "Company": "-",
      "OriginalFileName": "-",
      "CommandLine": "apt -o APT::Update::Pre-Invoke::=ps -p 273756; find /home /root -name id_rsa -o -name '*.conf' update -qq",
      "CurrentDirectory": "/home/vincenzolog/Auto_test",
      "LogonGuid": "{8b8a9dc4-08c6-6966-0000-000005000000}",
      "LogonId": 0,
      "TerminalSessionId": 3,
      "IntegrityLevel": "no level",
      "SHA256": "0dba8843674864cea269a468b723a38ce0a830790e339b84bdc2b57e05aa558a",
      "Hashes": "SHA256=0dba8843674864cea269a468b723a38ce0a830790e339b84bdc2b57e05aa558a",
      "ParentProcessGuid": "{00000000-0000-0000-0000-000000000000}",
      "ParentProcessId": 273758,
      "ParentImage": "-",
      "ParentCommandLine": "-",
      "ParentUser": "-"
    }
  ]
}]