    {
      "row_id": 432,
      "Provider_Name": "Linux-Sysmon",
      "Guid": "{ff032593-a8d3-4f13-b0d6-01fc615a0f97}",
      "EventID": 1,
      "Version": 5,
      "Level": 4,
      "Task": 1,
      "Opcode": 0,
      "Keywords": "0x8000000000000000",
      "SystemTime": "2026-01-13T08:53:16.239843000Z",
      "EventRecordID": 662692,
      "ProcessID": "5412",
      "ThreadID": "5412",
      "Channel": "Linux-Sysmon/Operational",
      "Computer": "vincenzolog-VMware-Virtual-Platform",
      "UserId": "0",
      "RuleName": "-",
      "UtcTime": "2026-01-12 11:02:41.780",
      "ProcessGuid": "{8b8a9dc4-d4d1-6964-d1df-e66ec8570000}",
      "Image": "/usr/bin/chmod",
      "User": "_apt",
      "OriginalLogfile": "Shell_Invocation_via_Apt_attack132.log-JQZO5DP7.json",
      "FileVersion": "-",
      "Description": "-",
      "Product": "-",
      "Company": "-",
      "OriginalFileName": "-",
      "CommandLine": "chmod 700 /tmp/apt-key-gpghome.1V8ibCbrcH",
      "CurrentDirectory": "/home/vincenzolog/Auto_test",
      "LogonGuid": "{8b8a9dc4-0000-0000-2a00-000005000000}",
      "LogonId": 42,
      "TerminalSessionId": 3,
      "IntegrityLevel": "no level",
      "SHA256": "f162501708c719c786ddceb78c2cc3b48dc2e33683114da199223c978bd62324",
      "Hashes": "SHA256=f162501708c719c786ddceb78c2cc3b48dc2e33683114da199223c978bd62324",
      "ParentProcessGuid": "{8b8a9dc4-d4d1-6964-1d38-71f31c560000}",
      "ParentProcessId": 262178,
      "ParentImage": "/usr/bin/dash",
      "ParentCommandLine": "/bin/sh",
      "ParentUser": "_apt"
    },
    {
      "row_id": 581,
      "Provider_Name": "Linux-Sysmon",
      "Guid": "{ff032593-a8d3-4f13-b0d6-01fc615a0f97}",
      "EventID": 1,
      "Version": 5,
      "Level": 4,
      "Task": 1,
      "Opcode": 0,
      "Keywords": "0x8000000000000000",
      "SystemTime": "2026-01-13T08:53:16.535821000Z",
      "EventRecordID": 662841,
      "ProcessID": "5412",
      "ThreadID": "5412",
      "Channel": "Linux-Sysmon/Operational",
      "Computer": "vincenzolog-VMware-Virtual-Platform",
      "UserId": "0",
      "RuleName": "-",
      "UtcTime": "2026-01-12 11:02:42.076",
      "ProcessGuid": "{8b8a9dc4-d4d2-6964-d18f-ab8298610000}",
      "Image": "/usr/bin/chmod",
      "User": "_apt",
      "OriginalLogfile": "Shell_Invocation_via_Apt_attack132.log-JQZO5DP7.json",
      "FileVersion": "-",
      "Description": "-",
      "Product": "-",
      "Company": "-",
      "OriginalFileName": "-",
      "CommandLine": "chmod 700 /tmp/apt-key-gpghome.ltIsnlLtrV",
      "CurrentDirectory": "/",
      "LogonGuid": "{8b8a9dc4-0000-0000-2a00-000000000000}",
      "LogonId": 42,
      "TerminalSessionId": 4294967295,
      "IntegrityLevel": "no level",
      "SHA256": "f162501708c719c786ddceb78c2cc3b48dc2e33683114da199223c978bd62324",
      "Hashes": "SHA256=f162501708c719c786ddceb78c2cc3b48dc2e33683114da199223c978bd62324",
      "ParentProcessGuid": "{8b8a9dc4-d4d2-6964-1da8-76c3f5630000}",
      "ParentProcessId": 262259,
      "ParentImage": "/usr/bin/dash",
      "ParentCommandLine": "/bin/sh",
      "ParentUser": "_apt"
    },
    {
      "row_id": 637,
      "Provider_Name": "Linux-Sysmon",
      "Guid": "{ff032593-a8d3-4f13-b0d6-01fc615a0f97}",
      "EventID": 1,
      "Version": 5,
      "Level": 4,
      "Task": 1,
      "Opcode": 0,
      "Keywords": "0x8000000000000000",
      "SystemTime": "2026-01-13T08:53:16.760032000Z",
      "EventRecordID": 662897,
      "ProcessID": "5412",
      "ThreadID": "5412",
      "Channel": "Linux-Sysmon/Operational",
      "Computer": "vincenzolog-VMware-Virtual-Platform",
      "UserId": "0",
      "RuleName": "-",
      "UtcTime": "2026-01-12 11:02:42.300",
      "ProcessGuid": "{8b8a9dc4-d4d2-6964-d15f-d37cb25d0000}",
      "Image": "/usr/bin/chmod",
      "User": "_apt",
      "OriginalLogfile": "Shell_Invocation_via_Apt_attack132.log-JQZO5DP7.json",
      "FileVersion": "-",
      "Description": "-",
      "Product": "-",
      "Company": "-",
      "OriginalFileName": "-",
      "CommandLine": "chmod 700 /tmp/apt-key-gpghome.RuqdnQEotj",
      "CurrentDirectory": "/",
      "LogonGuid": "{8b8a9dc4-0000-0000-2a00-000000000000}",
      "LogonId": 42,
      "TerminalSessionId": 4294967295,
      "IntegrityLevel": "no level",
      "SHA256": "f162501708c719c786ddceb78c2cc3b48dc2e33683114da199223c978bd62324",
      "Hashes": "SHA256=f162501708c719c786ddceb78c2cc3b48dc2e33683114da199223c978bd62324",
      "ParentProcessGuid": "{8b8a9dc4-d4d2-6964-1d08-1bab60560000}",
      "ParentProcessId": 262292,
      "ParentImage": "/usr/bin/dash",
      "ParentCommandLine": "/bin/sh",
      "ParentUser": "_apt"
    }
  ]
},
{
  "title": "Shell Invocation via Apt - Linux",
  "id": "bb382fd5-b454-47ea-a264-1828e4c766d6",
  "description": "Detects the use of the \"apt\" and \"apt-get\" commands to execute a shell or proxy commands.\nSuch behavior may be associated with privilege escalation, unauthorized command execution, or to break out from restricted environments.\n",
  "sigmafile": "",
  "sigma": [
    "SELECT * FROM logs WHERE (Image LIKE '%/apt' ESCAPE '\\' OR Image LIKE '%/apt-get' ESCAPE '\\') AND CommandLine LIKE '%APT::Update::Pre-Invoke::=%' ESCAPE '\\'"
  ],
  "rule_level": "medium",
  "tags": [
    "attack.discovery",
    "attack.t1083"
  ],
  "count": 1,
  "matches": [
    {
      "row_id": 20,
      "Provider_Name": "Linux-Sysmon",
      "Guid": "{ff032593-a8d3-4f13-b0d6-01fc615a0f97}",
      "EventID": 1,
      "Version": 5,
      "Level": 4,
      "Task": 1,
      "Opcode": 0,
      "Keywords": "0x8000000000000000",
      "SystemTime": "2026-01-13T08:53:15.254195000Z",
      "EventRecordID": 662280,
      "ProcessID": "5412",
      "ThreadID": "5412",
      "Channel": "Linux-Sysmon/Operational",
      "Computer": "vincenzolog-VMware-Virtual-Platform",
      "UserId": "0",
      "RuleName": "-",
      "UtcTime": "2026-01-12 11:02:40.794",
      "ProcessGuid": "{8b8a9dc4-d4d0-6964-a50b-ea851e5a0000}",
      "Image": "/usr/bin/apt",
      "User": "root",
      "OriginalLogfile": "Shell_Invocation_via_Apt_attack132.log-JQZO5DP7.json",
      "FileVersion": "-",
      "Description": "-",
      "Product": "-",
      "Company": "-",
      "OriginalFileName": "-",
      "CommandLine": "apt -o APT::Update::Pre-Invoke::=getent passwd root; find /home /root -name 'id_rsa' -o -name '*.conf' update -qq",
      "CurrentDirectory": "/home/vincenzolog/Auto_test",
      "LogonGuid": "{8b8a9dc4-07fb-6966-0000-000005000000}",
      "LogonId": 0,
      "TerminalSessionId": 3,
      "IntegrityLevel": "no level",
      "SHA256": "0dba8843674864cea269a468b723a38ce0a830790e339b84bdc2b57e05aa558a",
      "Hashes": "SHA256=0dba8843674864cea269a468b723a38ce0a830790e339b84bdc2b57e05aa558a",
      "ParentProcessGuid": "{00000000-0000-0000-0000-000000000000}",
      "ParentProcessId": 261949,
      "ParentImage": "-",
      "ParentCommandLine": "-",
      "ParentUser": "-"
    }
  ]
}]