    {
      "row_id": 458,
      "Provider_Name": "Linux-Sysmon",
      "Guid": "{ff032593-a8d3-4f13-b0d6-01fc615a0f97}",
      "EventID": 1,
      "Version": 5,
      "Level": 4,
      "Task": 1,
      "Opcode": 0,
      "Keywords": "0x8000000000000000",
      "SystemTime": "2026-01-13T08:40:04.926619000Z",
      "EventRecordID": 576900,
      "ProcessID": "5412",
      "ThreadID": "5412",
      "Channel": "Linux-Sysmon/Operational",
      "Computer": "vincenzolog-VMware-Virtual-Platform",
      "UserId": "0",
      "RuleName": "-",
      "UtcTime": "2026-01-12 10:49:30.467",
      "ProcessGuid": "{8b8a9dc4-d1ba-6964-d10f-cea0c0560000}",
      "Image": "/usr/bin/chmod",
      "User": "_apt",
      "OriginalLogfile": "Shell_Invocation_via_Apt_attack15.log-H7CTTPJP.json",
      "FileVersion": "-",
      "Description": "-",
      "Product": "-",
      "Company": "-",
      "OriginalFileName": "-",
      "CommandLine": "chmod 700 /tmp/apt-key-gpghome.JR1JTmtlmv",
      "CurrentDirectory": "/home/vincenzolog/Auto_test",
      "LogonGuid": "{8b8a9dc4-0000-0000-2a00-000005000000}",
      "LogonId": 42,
      "TerminalSessionId": 3,
      "IntegrityLevel": "no level",
      "SHA256": "f162501708c719c786ddceb78c2cc3b48dc2e33683114da199223c978bd62324",
      "Hashes": "SHA256=f162501708c719c786ddceb78c2cc3b48dc2e33683114da199223c978bd62324",
      "ParentProcessGuid": "{8b8a9dc4-d1ba-6964-1d18-36ba6c5a0000}",
      "ParentProcessId": 210229,
      "ParentImage": "/usr/bin/dash",
      "ParentCommandLine": "/bin/sh",
      "ParentUser": "_apt"
    },
    {
      "row_id": 607,
      "Provider_Name": "Linux-Sysmon",
      "Guid": "{ff032593-a8d3-4f13-b0d6-01fc615a0f97}",
      "EventID": 1,
      "Version": 5,
      "Level": 4,
      "Task": 1,
      "Opcode": 0,
      "Keywords": "0x8000000000000000",
      "SystemTime": "2026-01-13T08:40:05.236470000Z",
      "EventRecordID": 577049,
      "ProcessID": "5412",
      "ThreadID": "5412",
      "Channel": "Linux-Sysmon/Operational",
      "Computer": "vincenzolog-VMware-Virtual-Platform",
      "UserId": "0",
      "RuleName": "-",
      "UtcTime": "2026-01-12 10:49:30.776",
      "ProcessGuid": "{8b8a9dc4-d1ba-6964-d10f-7c8e625c0000}",
      "Image": "/usr/bin/chmod",
      "User": "_apt",
      "OriginalLogfile": "Shell_Invocation_via_Apt_attack15.log-H7CTTPJP.json",
      "FileVersion": "-",
      "Description": "-",
      "Product": "-",
      "Company": "-",
      "OriginalFileName": "-",
      "CommandLine": "chmod 700 /tmp/apt-key-gpghome.NdQ3hNpfyr",
      "CurrentDirectory": "/",
      "LogonGuid": "{8b8a9dc4-0000-0000-2a00-000000000000}",
      "LogonId": 42,
      "TerminalSessionId": 4294967295,
      "IntegrityLevel": "no level",
      "SHA256": "f162501708c719c786ddceb78c2cc3b48dc2e33683114da199223c978bd62324",
      "Hashes": "SHA256=f162501708c719c786ddceb78c2cc3b48dc2e33683114da199223c978bd62324",
      "ParentProcessGuid": "{8b8a9dc4-d1ba-6964-1df8-21aba4630000}",
      "ParentProcessId": 210310,
      "ParentImage": "/usr/bin/dash",
      "ParentCommandLine": "/bin/sh",
      "ParentUser": "_apt"
    },
    {
      "row_id": 663,
      "Provider_Name": "Linux-Sysmon",
      "Guid": "{ff032593-a8d3-4f13-b0d6-01fc615a0f97}",
      "EventID": 1,
      "Version": 5,
      "Level": 4,
      "Task": 1,
      "Opcode": 0,
      "Keywords": "0x8000000000000000",
      "SystemTime": "2026-01-13T08:40:05.437743000Z",
      "EventRecordID": 577105,
      "ProcessID": "5412",
      "ThreadID": "5412",
      "Channel": "Linux-Sysmon/Operational",
      "Computer": "vincenzolog-VMware-Virtual-Platform",
      "UserId": "0",
      "RuleName": "-",
      "UtcTime": "2026-01-12 10:49:30.978",
      "ProcessGuid": "{8b8a9dc4-d1ba-6964-d10f-7066e85c0000}",
      "Image": "/usr/bin/chmod",
      "User": "_apt",
      "OriginalLogfile": "Shell_Invocation_via_Apt_attack15.log-H7CTTPJP.json",
      "FileVersion": "-",
      "Description": "-",
      "Product": "-",
      "Company": "-",
      "OriginalFileName": "-",
      "CommandLine": "chmod 700 /tmp/apt-key-gpghome.McqLtqYjvx",
      "CurrentDirectory": "/",
      "LogonGuid": "{8b8a9dc4-0000-0000-2a00-000000000000}",
      "LogonId": 42,
      "TerminalSessionId": 4294967295,
      "IntegrityLevel": "no level",
      "SHA256": "f162501708c719c786ddceb78c2cc3b48dc2e33683114da199223c978bd62324",
      "Hashes": "SHA256=f162501708c719c786ddceb78c2cc3b48dc2e33683114da199223c978bd62324",
      "ParentProcessGuid": "{8b8a9dc4-d1ba-6964-1d98-33d7ae570000}",
      "ParentProcessId": 210343,
      "ParentImage": "/usr/bin/dash",
      "ParentCommandLine": "/bin/sh",
      "ParentUser": "_apt"
    }
  ]
},
{
  "title": "Shell Invocation via Apt - Linux",
  "id": "bb382fd5-b454-47ea-a264-1828e4c766d6",
  "description": "Detects the use of the \"apt\" and \"apt-get\" commands to execute a shell or proxy commands.\nSuch behavior may be associated with privilege escalation, unauthorized command execution, or to break out from restricted environments.\n",
  "sigmafile": "",
  "sigma": [
    "SELECT * FROM logs WHERE (Image LIKE '%/apt' ESCAPE '\\' OR Image LIKE '%/apt-get' ESCAPE '\\') AND CommandLine LIKE '%APT::Update::Pre-Invoke::=%' ESCAPE '\\'"
  ],
  "rule_level": "medium",
  "tags": [
    "attack.discovery",
    "attack.t1083"
  ],
  "count": 1,
  "matches": [
    {
      "row_id": 19,
      "Provider_Name": "Linux-Sysmon",
      "Guid": "{ff032593-a8d3-4f13-b0d6-01fc615a0f97}",
      "EventID": 1,
      "Version": 5,
      "Level": 4,
      "Task": 1,
      "Opcode": 0,
      "Keywords": "0x8000000000000000",
      "SystemTime": "2026-01-13T08:40:04.038246000Z",
      "EventRecordID": 576461,
      "ProcessID": "5412",
      "ThreadID": "5412",
      "Channel": "Linux-Sysmon/Operational",
      "Computer": "vincenzolog-VMware-Virtual-Platform",
      "UserId": "0",
      "RuleName": "-",
      "UtcTime": "2026-01-12 10:49:29.578",
      "ProcessGuid": "{8b8a9dc4-d1b9-6964-a59b-80ee73620000}",
      "Image": "/usr/bin/apt",
      "User": "root",
      "OriginalLogfile": "Shell_Invocation_via_Apt_attack15.log-H7CTTPJP.json",
      "FileVersion": "-",
      "Description": "-",
      "Product": "-",
      "Company": "-",
      "OriginalFileName": "-",
      "CommandLine": "apt -o APT::Update::Pre-Invoke::=echo test; whoami; find /home /root -name id_rsa -o -name '*.conf' 2>/dev/null update -qq",
      "CurrentDirectory": "/home/vincenzolog/Auto_test",
      "LogonGuid": "{8b8a9dc4-04e4-6966-0000-000005000000}",
      "LogonId": 0,
      "TerminalSessionId": 3,
      "IntegrityLevel": "no level",
      "SHA256": "0dba8843674864cea269a468b723a38ce0a830790e339b84bdc2b57e05aa558a",
      "Hashes": "SHA256=0dba8843674864cea269a468b723a38ce0a830790e339b84bdc2b57e05aa558a",
      "ParentProcessGuid": "{00000000-0000-0000-0000-000000000000}",
      "ParentProcessId": 209980,
      "ParentImage": "-",
      "ParentCommandLine": "-",
      "ParentUser": "-"
    }
  ]
}]