[{
  "title": "Syslog Clearing or Removal Via System Utilities",
  "id": "3fcc9b35-39e4-44c0-a2ad-9e82b6902b31",
  "description": "Detects specific commands commonly used to remove or empty the syslog. Which is a technique often used by attacker as a method to hide their tracks\n",
  "sigmafile": "",
  "sigma": [
    "SELECT * FROM logs WHERE (CommandLine LIKE '%/var/log/syslog%' ESCAPE '\\' AND ((Image LIKE '%/rm' ESCAPE '\\' AND (CommandLine LIKE '% -r %' ESCAPE '\\' OR CommandLine LIKE '% -f %' ESCAPE '\\' OR CommandLine LIKE '% -rf %' ESCAPE '\\' OR CommandLine LIKE '%/var/log/syslog%' ESCAPE '\\')) OR Image LIKE '%/unlink' ESCAPE '\\' OR Image LIKE '%/mv' ESCAPE '\\' OR (Image LIKE '%/truncate' ESCAPE '\\' AND (CommandLine LIKE '%0 %' ESCAPE '\\' AND CommandLine LIKE '%/var/log/syslog%' ESCAPE '\\') AND (CommandLine LIKE '%-s %' ESCAPE '\\' OR CommandLine LIKE '%-c %' ESCAPE '\\' OR CommandLine LIKE '%--size%' ESCAPE '\\')) OR (Image LIKE '%/ln' ESCAPE '\\' AND (CommandLine LIKE '%/dev/null %' ESCAPE '\\' AND CommandLine LIKE '%/var/log/syslog%' ESCAPE '\\') AND (CommandLine LIKE '%-sf %' ESCAPE '\\' OR CommandLine LIKE '%-sfn %' ESCAPE '\\' OR CommandLine LIKE '%-sfT %' ESCAPE '\\')) OR (Image LIKE '%/cp' ESCAPE '\\' AND CommandLine LIKE '%/dev/null%' ESCAPE '\\') OR (Image LIKE '%/shred' ESCAPE '\\' AND CommandLine LIKE '%-u %' ESCAPE '\\'))) OR ((CommandLine LIKE '% > /var/log/syslog%' ESCAPE '\\' OR CommandLine LIKE '% >/var/log/syslog%' ESCAPE '\\' OR CommandLine LIKE '% >| /var/log/syslog%' ESCAPE '\\' OR CommandLine LIKE '%: > /var/log/syslog%' ESCAPE '\\' OR CommandLine LIKE '%:> /var/log/syslog%' ESCAPE '\\' OR CommandLine LIKE '%:>/var/log/syslog%' ESCAPE '\\' OR CommandLine LIKE '%>|/var/log/syslog%' ESCAPE '\\') OR (CommandLine LIKE '%journalctl --vacuum%' ESCAPE '\\' OR CommandLine LIKE '%journalctl --rotate%' ESCAPE '\\'))"
  ],
  "rule_level": "high",
  "tags": [
    "attack.defense-evasion",
    "attack.t1070.002"
  ],
  "count": 2,
  "matches": [
    {
      "row_id": 4,
      "Provider_Name": "Linux-Sysmon",
      "Guid": "{ff032593-a8d3-4f13-b0d6-01fc615a0f97}",
      "EventID": 1,
      "Version": 5,
      "Level": 4,
      "Task": 1,
      "Opcode": 0,
      "Keywords": "0x8000000000000000",
      "SystemTime": "2026-01-13T08:53:20.831221000Z",
      "EventRecordID": 662946,
      "ProcessID": "5412",
      "ThreadID": "5412",
      "Channel": "Linux-Sysmon/Operational",
      "Computer": "vincenzolog-VMware-Virtual-Platform",
      "UserId": "0",
      "RuleName": "-",
      "UtcTime": "2026-01-12 11:02:46.371",
      "ProcessGuid": "{8b8a9dc4-d4d6-6964-1d48-e89a72590000}",
      "Image": "/usr/bin/dash",
      "User": "root",
      "OriginalLogfile": "Shell_Invocation_via_Apt_attack133.log-D4VQEX2K.json",
      "FileVersion": "-",
      "Description": "-",
      "Product": "-",
      "Company": "-",
      "OriginalFileName": "-",
      "CommandLine": "/bin/sh -c journalctl --vacuum-time=1s",
      "CurrentDirectory": "/home/vincenzolog/Auto_test",
      "LogonGuid": "{8b8a9dc4-0000-0000-0000-000004000000}",
      "LogonId": 0,
      "TerminalSessionId": 3,
      "IntegrityLevel": "no level",
      "SHA256": "86d31f6fb799e91fa21bad341484564510ca287703a16e9e46c53338776f4f42",
      "Hashes": "SHA256=86d31f6fb799e91fa21bad341484564510ca287703a16e9e46c53338776f4f42",
      "ParentProcessGuid": "{8b8a9dc4-d148-6964-1d23-700000000000}",
      "ParentProcessId": 203912,
      "ParentImage": "/usr/bin/python3.12",
      "ParentCommandLine": "python3",
      "ParentUser": "root"
    },
    {
      "row_id": 5,
      "Provider_Name": "Linux-Sysmon",
      "Guid": "{ff032593-a8d3-4f13-b0d6-01fc615a0f97}",
      "EventID": 1,
      "Version": 5,
      "Level": 4,
      "Task": 1,
      "Opcode": 0,
      "Keywords": "0x8000000000000000",
      "SystemTime": "2026-01-13T08:53:20.832883000Z",
      "EventRecordID": 662947,
      "ProcessID": "5412",
      "ThreadID": "5412",
      "Channel": "Linux-Sysmon/Operational",
      "Computer": "vincenzolog-VMware-Virtual-Platform",
      "UserId": "0",
      "RuleName": "-",
      "UtcTime": "2026-01-12 11:02:46.373",
      "ProcessGuid": "{8b8a9dc4-d4d6-6964-cd9b-111902650000}",
      "Image": "/usr/bin/journalctl",
      "User": "root",
      "OriginalLogfile": "Shell_Invocation_via_Apt_attack133.log-D4VQEX2K.json",
      "FileVersion": "-",
      "Description": "-",
      "Product": "-",
      "Company": "-",
      "OriginalFileName": "-",
      "CommandLine": "journalctl --vacuum-time=1s",
      "CurrentDirectory": "/home/vincenzolog/Auto_test",
      "LogonGuid": "{8b8a9dc4-0000-0000-0000-000004000000}",
      "LogonId": 0,
      "TerminalSessionId": 3,
      "IntegrityLevel": "no level",
      "SHA256": "7bd10a9c601c3204a6c464fc517b204e469eca7f12b09f9c4826f3cc1e42bd79",
      "Hashes": "SHA256=7bd10a9c601c3204a6c464fc517b204e469eca7f12b09f9c4826f3cc1e42bd79",
      "ParentProcessGuid": "{8b8a9dc4-d4d6-6964-1d48-e89a72590000}",
      "ParentProcessId": 262334,
      "ParentImage": "/usr/bin/dash",
      "ParentCommandLine": "/bin/sh",
      "ParentUser": "root"
    }
  ]
},
{
  "title": "File and Directory Discovery - Linux",
  "id": "d3feb4ee-ff1d-4d3d-bd10-5b28a238cc72",
  "description": "Detects usage of system utilities such as \"find\", \"tree\", \"findmnt\", etc, to discover files, directories and network shares.\n",
  "sigmafile": "",
  "sigma": [
    "SELECT * FROM logs WHERE (Image LIKE '%/file' ESCAPE '\\' AND CommandLine REGEXP '(.){200,}') OR (Image LIKE '%/ls' ESCAPE '\\' AND CommandLine LIKE '%-R%' ESCAPE '\\') OR Image LIKE '%/find' ESCAPE '\\' OR Image LIKE '%/tree' ESCAPE '\\' OR Image LIKE '%/findmnt' ESCAPE '\\' OR Image LIKE '%/mlocate' ESCAPE '\\'"
  ],
  "rule_level": "informational",
  "tags": [
    "attack.discovery",
    "attack.t1083"
  ],
  "count": 6,
  "matches": [
    {
      "row_id": 50,
      "Provider_Name": "Linux-Sysmon",
      "Guid": "{ff032593-a8d3-4f13-b0d6-01fc615a0f97}",
      "EventID": 1,
      "Version": 5,
      "Level": 4,
      "Task": 1,
      "Opcode": 0,
      "Keywords": "0x8000000000000000",
      "SystemTime": "2026-01-13T08:53:21.922834000Z",
      "EventRecordID": 662992,
      "ProcessID": "5412",
      "ThreadID": "5412",
      "Channel": "Linux-Sysmon/Operational",
      "Computer": "vincenzolog-VMware-Virtual-Platform",
      "UserId": "0",
      "RuleName": "-",
      "UtcTime": "2026-01-12 11:02:47.458",
      "ProcessGuid": "{8b8a9dc4-d4d7-6964-c16c-905ad95a0000}",
      "Image": "/usr/bin/find",
      "User": "root",
      "OriginalLogfile": "Shell_Invocation_via_Apt_attack133.log-D4VQEX2K.json",
      "FileVersion": "-",
      "Description": "-",
      "Product": "-",
      "Company": "-",
      "OriginalFileName": "-",
      "CommandLine": "find /home /root -name id_rsa -o -name *.conf",
      "CurrentDirectory": "/tmp",
      "LogonGuid": "{8b8a9dc4-0801-6966-0000-000005000000}",
      "LogonId": 0,
      "TerminalSessionId": 3,
      "IntegrityLevel": "no level",
      "SHA256": "ac1ea1c5391de921aca1572f1bf25d03707beb3887b27c16a5b4948fd553941b",
      "Hashes": "SHA256=ac1ea1c5391de921aca1572f1bf25d03707beb3887b27c16a5b4948fd553941b",
      "ParentProcessGuid": "{8b8a9dc4-d4d7-6964-1de8-be3e6b550000}",
      "ParentProcessId": 262362,
      "ParentImage": "/usr/bin/dash",
      "ParentCommandLine": "sh",
      "ParentUser": "root"
    },
    {
      "row_id": 64,
      "Provider_Name": "Linux-Sysmon",
      "Guid": "{ff032593-a8d3-4f13-b0d6-01fc615a0f97}",
      "EventID": 5,
      "Version": 3,
      "Level": 4,
      "Task": 5,
      "Opcode": 0,
      "Keywords": "0x8000000000000000",
      "SystemTime": "2026-01-13T08:53:22.050513000Z",
      "EventRecordID": 663006,
      "ProcessID": "5412",
      "ThreadID": "5412",
      "Channel": "Linux-Sysmon/Operational",
      "Computer": "vincenzolog-VMware-Virtual-Platform",
      "UserId": "0",
      "RuleName": "-",
      "UtcTime": "2026-01-12 11:02:47.591",
      "ProcessGuid": "{8b8a9dc4-d4d7-6964-c16c-905ad95a0000}",
      "Image": "/usr/bin/find",
      "User": "root",
      "OriginalLogfile": "Shell_Invocation_via_Apt_attack133.log-D4VQEX2K.json"
    },
    {
      "row_id": 294,
      "Provider_Name": "Linux-Sysmon",
      "Guid": "{ff032593-a8d3-4f13-b0d6-01fc615a0f97}",
      "EventID": 1,
      "Version": 5,
      "Level": 4,
      "Task": 1,
      "Opcode": 0,
      "Keywords": "0x8000000000000000",
      "SystemTime": "2026-01-13T08:53:22.563067000Z",
      "EventRecordID": 663236,
      "ProcessID": "5412",
      "ThreadID": "5412",
      "Channel": "Linux-Sysmon/Operational",
      "Computer": "vincenzolog-VMware-Virtual-Platform",
      "UserId": "0",
      "RuleName": "-",
      "UtcTime": "2026-01-12 11:02:48.103",
      "ProcessGuid": "{8b8a9dc4-d4d8-6964-c1bc-065f08640000}",
      "Image": "/usr/bin/find",
      "User": "_apt",
      "OriginalLogfile": "Shell_Invocation_via_Apt_attack133.log-D4VQEX2K.json",
      "FileVersion": "-",
      "Description": "-",
      "Product": "-",
      "Company": "-",
      "OriginalFileName": "-",
      "CommandLine": "find /etc/apt/trusted.gpg.d -mindepth 1 -maxdepth 1 ( -name *.gpg -o -name *.asc )",
      "CurrentDirectory": "/",
      "LogonGuid": "{8b8a9dc4-0000-0000-2a00-000005000000}",
      "LogonId": 42,
      "TerminalSessionId": 3,
      "IntegrityLevel": "no level",
      "SHA256": "ac1ea1c5391de921aca1572f1bf25d03707beb3887b27c16a5b4948fd553941b",
      "Hashes": "SHA256=ac1ea1c5391de921aca1572f1bf25d03707beb3887b27c16a5b4948fd553941b",
      "ParentProcessGuid": "{8b8a9dc4-d4d8-6964-1dd8-54bd0b570000}",
      "ParentProcessId": 262478,
      "ParentImage": "/usr/bin/dash",
      "ParentCommandLine": "/bin/sh",
      "ParentUser": "_apt"
    },
    {
      "row_id": 295,
      "Provider_Name": "Linux-Sysmon",
      "Guid": "{ff032593-a8d3-4f13-b0d6-01fc615a0f97}",
      "EventID": 5,
      "Version": 3,
      "Level": 4,
      "Task": 5,
      "Opcode": 0,
      "Keywords": "0x8000000000000000",
      "SystemTime": "2026-01-13T08:53:22.564257000Z",
      "EventRecordID": 663237,
      "ProcessID": "5412",
      "ThreadID": "5412",
      "Channel": "Linux-Sysmon/Operational",
      "Computer": "vincenzolog-VMware-Virtual-Platform",
      "UserId": "0",
      "RuleName": "-",
      "UtcTime": "2026-01-12 11:02:48.105",
      "ProcessGuid": "{8b8a9dc4-d4d8-6964-c1bc-065f08640000}",
      "Image": "/usr/bin/find",
      "User": "_apt",
      "OriginalLogfile": "Shell_Invocation_via_Apt_attack133.log-D4VQEX2K.json"
    },
    {
      "row_id": 533,
      "Provider_Name": "Linux-Sysmon",
      "Guid": "{ff032593-a8d3-4f13-b0d6-01fc615a0f97}",
      "EventID": 1,
      "Version": 5,
      "Level": 4,
      "Task": 1,
      "Opcode": 0,
      "Keywords": "0x8000000000000000",
      "SystemTime": "2026-01-13T08:53:22.966141000Z",
      "EventRecordID": 663475,
      "ProcessID": "5412",
      "ThreadID": "5412",
      "Channel": "Linux-Sysmon/Operational",
      "Computer": "vincenzolog-VMware-Virtual-Platform",
      "UserId": "0",
      "RuleName": "-",
      "UtcTime": "2026-01-12 11:02:48.506",
      "ProcessGuid": "{8b8a9dc4-d4d8-6964-c1ec-bf29fc570000}",
      "Image": "/usr/bin/find",
      "User": "root",
      "OriginalLogfile": "Shell_Invocation_via_Apt_attack133.log-D4VQEX2K.json",
      "FileVersion": "-",
      "Description": "-",
      "Product": "-",
      "Company": "-",
      "OriginalFileName": "-",
      "CommandLine": "find /var/lib/apt/lists/ /etc/apt/sources.list //var/lib/dpkg/status -type f -newer /var/lib/update-notifier/updates-available -print -quit",
      "CurrentDirectory": "/tmp",
      "LogonGuid": "{8b8a9dc4-0801-6966-0000-000005000000}",
      "LogonId": 0,
      "TerminalSessionId": 3,
      "IntegrityLevel": "no level",
      "SHA256": "ac1ea1c5391de921aca1572f1bf25d03707beb3887b27c16a5b4948fd553941b",
      "Hashes": "SHA256=ac1ea1c5391de921aca1572f1bf25d03707beb3887b27c16a5b4948fd553941b",
      "ParentProcessGuid": "{8b8a9dc4-d4d8-6964-1d88-4e98f3630000}",
      "ParentProcessId": 262631,
      "ParentImage": "/usr/bin/dash",
      "ParentCommandLine": "/bin/sh",
      "ParentUser": "root"
    },
    {
      "row_id": 534,
      "Provider_Name": "Linux-Sysmon",
      "Guid": "{ff032593-a8d3-4f13-b0d6-01fc615a0f97}",
      "EventID": 5,
      "Version": 3,
      "Level": 4,
      "Task": 5,
      "Opcode": 0,
      "Keywords": "0x8000000000000000",
      "SystemTime": "2026-01-13T08:53:22.968080000Z",
      "EventRecordID": 663476,
      "ProcessID": "5412",
      "ThreadID": "5412",
      "Channel": "Linux-Sysmon/Operational",
      "Computer": "vincenzolog-VMware-Virtual-Platform",
      "UserId": "0",
      "RuleName": "-",
      "UtcTime": "2026-01-12 11:02:48.509",
      "ProcessGuid": "{8b8a9dc4-d4d8-6964-c1ec-bf29fc570000}",
      "Image": "/usr/bin/find",
      "User": "root",
      "OriginalLogfile": "Shell_Invocation_via_Apt_attack133.log-D4VQEX2K.json"
    }
  ]
},
{
  "title": "File Deletion",
  "id": "30aed7b6-d2c1-4eaf-9382-b6bc43e50c57",
  "description": "Detects file deletion using \"rm\", \"shred\" or \"unlink\" commands which are used often by adversaries to delete files left behind by the actions of their intrusion activity",
  "sigmafile": "",
  "sigma": [
    "SELECT * FROM logs WHERE Image LIKE '%/rm' ESCAPE '\\' OR Image LIKE '%/shred' ESCAPE '\\' OR Image LIKE '%/unlink' ESCAPE '\\'"
  ],
  "rule_level": "informational",
  "tags": [
    "attack.defense-evasion",
    "attack.t1070.004"
  ],
  "count": 20,
  "matches": [
    {
      "row_id": 128,
      "Provider_Name": "Linux-Sysmon",
      "Guid": "{ff032593-a8d3-4f13-b0d6-01fc615a0f97}",
      "EventID": 1,
      "Version": 5,
      "Level": 4,
      "Task": 1,
      "Opcode": 0,
      "Keywords": "0x8000000000000000",
      "SystemTime": "2026-01-13T08:53:22.277558000Z",
      "EventRecordID": 663070,
      "ProcessID": "5412",
      "ThreadID": "5412",
      "Channel": "Linux-Sysmon/Operational",
      "Computer": "vincenzolog-VMware-Virtual-Platform",
      "UserId": "0",
      "RuleName": "-",
      "UtcTime": "2026-01-12 11:02:47.818",
      "ProcessGuid": "{8b8a9dc4-d4d7-6964-418a-2473855c0000}",
      "Image": "/usr/bin/rm",
      "User": "_apt",
      "OriginalLogfile": "Shell_Invocation_via_Apt_attack133.log-D4VQEX2K.json",
      "FileVersion": "-",
      "Description": "-",
      "Product": "-",
      "Company": "-",
      "OriginalFileName": "-",
      "CommandLine": "rm -rf /tmp/apt-key-gpghome.LgrwP6nmnT",
      "CurrentDirectory": "/home/vincenzolog/Auto_test",
      "LogonGuid": "{8b8a9dc4-0000-0000-2a00-000005000000}",
      "LogonId": 42,
      "TerminalSessionId": 3,
      "IntegrityLevel": "no level",
      "SHA256": "8e3faaa5eb4a2a4d0e2788fe442bcac6d604be5a0c5a9f09d08f06e3a3fcf570",
      "Hashes": "SHA256=8e3faaa5eb4a2a4d0e2788fe442bcac6d604be5a0c5a9f09d08f06e3a3fcf570",
      "ParentProcessGuid": "{8b8a9dc4-d4d7-6964-1d98-756b635e0000}",
      "ParentProcessId": 262379,
      "ParentImage": "/usr/bin/dash",
      "ParentCommandLine": "/bin/sh",
      "ParentUser": "_apt"
    },
    {
      "row_id": 129,
      "Provider_Name": "Linux-Sysmon",
      "Guid": "{ff032593-a8d3-4f13-b0d6-01fc615a0f97}",
      "EventID": 5,
      "Version": 3,
      "Level": 4,
      "Task": 5,
      "Opcode": 0,
      "Keywords": "0x8000000000000000",
      "SystemTime": "2026-01-13T08:53:22.278651000Z",
      "EventRecordID": 663071,
      "ProcessID": "5412",
      "ThreadID": "5412",
      "Channel": "Linux-Sysmon/Operational",
      "Computer": "vincenzolog-VMware-Virtual-Platform",
      "UserId": "0",
      "RuleName": "-",
      "UtcTime": "2026-01-12 11:02:47.819",
      "ProcessGuid": "{8b8a9dc4-d4d7-6964-418a-2473855c0000}",
      "Image": "/usr/bin/rm",
      "User": "_apt",
      "OriginalLogfile": "Shell_Invocation_via_Apt_attack133.log-D4VQEX2K.json"
    },
    {
      "row_id": 184,
      "Provider_Name": "Linux-Sysmon",
      "Guid": "{ff032593-a8d3-4f13-b0d6-01fc615a0f97}",
      "EventID": 1,
      "Version": 5,
      "Level": 4,
      "Task": 1,
      "Opcode": 0,
      "Keywords": "0x8000000000000000",
      "SystemTime": "2026-01-13T08:53:22.372208000Z",
      "EventRecordID": 663126,
      "ProcessID": "5412",
      "ThreadID": "5412",
      "Channel": "Linux-Sysmon/Operational",
      "Computer": "vincenzolog-VMware-Virtual-Platform",
      "UserId": "0",
      "RuleName": "-",
      "UtcTime": "2026-01-12 11:02:47.912",
      "ProcessGuid": "{8b8a9dc4-d4d7-6964-41fa-cd9da3620000}",
      "Image": "/usr/bin/rm",
      "User": "_apt",
      "OriginalLogfile": "Shell_Invocation_via_Apt_attack133.log-D4VQEX2K.json",
      "FileVersion": "-",
      "Description": "-",
      "Product": "-",
      "Company": "-",
      "OriginalFileName": "-",
      "CommandLine": "rm -rf /tmp/apt-key-gpghome.OwrlSzrPda",
      "CurrentDirectory": "/home/vincenzolog/Auto_test",
      "LogonGuid": "{8b8a9dc4-0000-0000-2a00-000005000000}",
      "LogonId": 42,
      "TerminalSessionId": 3,
      "IntegrityLevel": "no level",
      "SHA256": "8e3faaa5eb4a2a4d0e2788fe442bcac6d604be5a0c5a9f09d08f06e3a3fcf570",
      "Hashes": "SHA256=8e3faaa5eb4a2a4d0e2788fe442bcac6d604be5a0c5a9f09d08f06e3a3fcf570",
      "ParentProcessGuid": "{8b8a9dc4-d4d7-6964-1de8-53bee85e0000}",
      "ParentProcessId": 262412,
      "ParentImage": "/usr/bin/dash",
      "ParentCommandLine": "/bin/sh",
      "ParentUser": "_apt"
    },
    {
      "row_id": 185,
      "Provider_Name": "Linux-Sysmon",
      "Guid": "{ff032593-a8d3-4f13-b0d6-01fc615a0f97}",
      "EventID": 5,
      "Version": 3,
      "Level": 4,
      "Task": 5,
      "Opcode": 0,
      "Keywords": "0x8000000000000000",
      "SystemTime": "2026-01-13T08:53:22.373341000Z",
      "EventRecordID": 663127,
      "ProcessID": "5412",
      "ThreadID": "5412",
      "Channel": "Linux-Sysmon/Operational",
      "Computer": "vincenzolog-VMware-Virtual-Platform",
      "UserId": "0",
      "RuleName": "-",
      "UtcTime": "2026-01-12 11:02:47.914",
      "ProcessGuid": "{8b8a9dc4-d4d7-6964-41fa-cd9da3620000}",
      "Image": "/usr/bin/rm",
      "User": "_apt",
      "OriginalLogfile": "Shell_Invocation_via_Apt_attack133.log-D4VQEX2K.json"
    },
    {
      "row_id": 240,
      "Provider_Name": "Linux-Sysmon",
      "Guid": "{ff032593-a8d3-4f13-b0d6-01fc615a0f97}",
      "EventID": 1,
      "Version": 5,
      "Level": 4,
      "Task": 1,
      "Opcode": 0,
      "Keywords": "0x8000000000000000",
      "SystemTime": "2026-01-13T08:53:22.465517000Z",
      "EventRecordID": 663182,
      "ProcessID": "5412",
      "ThreadID": "5412",
      "Channel": "Linux-Sysmon/Operational",
      "Computer": "vincenzolog-VMware-Virtual-Platform",
      "UserId": "0",
      "RuleName": "-",
      "UtcTime": "2026-01-12 11:02:48.005",
      "ProcessGuid": "{8b8a9dc4-d4d8-6964-41ba-e390cd5b0000}",
      "Image": "/usr/bin/rm",
      "User": "_apt",
      "OriginalLogfile": "Shell_Invocation_via_Apt_attack133.log-D4VQEX2K.json",
      "FileVersion": "-",
      "Description": "-",
      "Product": "-",
      "Company": "-",
      "OriginalFileName": "-",
      "CommandLine": "rm -rf /tmp/apt-key-gpghome.T2aBeFxrds",
      "CurrentDirectory": "/home/vincenzolog/Auto_test",
      "LogonGuid": "{8b8a9dc4-0000-0000-2a00-000005000000}",
      "LogonId": 42,
      "TerminalSessionId": 3,
      "IntegrityLevel": "no level",
      "SHA256": "8e3faaa5eb4a2a4d0e2788fe442bcac6d604be5a0c5a9f09d08f06e3a3fcf570",
      "Hashes": "SHA256=8e3faaa5eb4a2a4d0e2788fe442bcac6d604be5a0c5a9f09d08f06e3a3fcf570",
      "ParentProcessGuid": "{8b8a9dc4-d4d7-6964-1d48-c620c4640000}",
      "ParentProcessId": 262445,
      "ParentImage": "/usr/bin/dash",
      "ParentCommandLine": "/bin/sh",
      "ParentUser": "_apt"
    },
    {
      "row_id": 241,
      "Provider_Name": "Linux-Sysmon",
      "Guid": "{ff032593-a8d3-4f13-b0d6-01fc615a0f97}",
      "EventID": 5,
      "Version": 3,
      "Level": 4,
      "Task": 5,
      "Opcode": 0,
      "Keywords": "0x8000000000000000",
      "SystemTime": "2026-01-13T08:53:22.466669000Z",
      "EventRecordID": 663183,
      "ProcessID": "5412",
      "ThreadID": "5412",
      "Channel": "Linux-Sysmon/Operational",
      "Computer": "vincenzolog-VMware-Virtual-Platform",
      "UserId": "0",
      "RuleName": "-",
      "UtcTime": "2026-01-12 11:02:48.007",
      "ProcessGuid": "{8b8a9dc4-d4d8-6964-41ba-e390cd5b0000}",
      "Image": "/usr/bin/rm",
      "User": "_apt",
      "OriginalLogfile": "Shell_Invocation_via_Apt_attack133.log-D4VQEX2K.json"
    },
    {
      "row_id": 284,
      "Provider_Name": "Linux-Sysmon",
      "Guid": "{ff032593-a8d3-4f13-b0d6-01fc615a0f97}",
      "EventID": 1,
      "Version": 5,
      "Level": 4,
      "Task": 1,
      "Opcode": 0,
      "Keywords": "0x8000000000000000",
      "SystemTime": "2026-01-13T08:53:22.548694000Z",
      "EventRecordID": 663226,
      "ProcessID": "5412",
      "ThreadID": "5412",
      "Channel": "Linux-Sysmon/Operational",
      "Computer": "vincenzolog-VMware-Virtual-Platform",
      "UserId": "0",
      "RuleName": "-",
      "UtcTime": "2026-01-12 11:02:48.089",
      "ProcessGuid": "{8b8a9dc4-d4d8-6964-416a-68a42b5a0000}",
      "Image": "/usr/bin/rm",
      "User": "_apt",
      "OriginalLogfile": "Shell_Invocation_via_Apt_attack133.log-D4VQEX2K.json",
      "FileVersion": "-",
      "Description": "-",
      "Product": "-",
      "Company": "-",
      "OriginalFileName": "-",
      "CommandLine": "rm -f /tmp/apt-key-gpghome.0LiAGwA31T/pubring.gpg",
      "CurrentDirectory": "/home/vincenzolog/Auto_test",
      "LogonGuid": "{8b8a9dc4-0000-0000-2a00-000005000000}",
      "LogonId": 42,
      "TerminalSessionId": 3,
      "IntegrityLevel": "no level",
      "SHA256": "8e3faaa5eb4a2a4d0e2788fe442bcac6d604be5a0c5a9f09d08f06e3a3fcf570",
      "Hashes": "SHA256=8e3faaa5eb4a2a4d0e2788fe442bcac6d604be5a0c5a9f09d08f06e3a3fcf570",
      "ParentProcessGuid": "{8b8a9dc4-d4d8-6964-1dd8-54bd0b570000}",
      "ParentProcessId": 262478,
      "ParentImage": "/usr/bin/dash",
      "ParentCommandLine": "/bin/sh",
      "ParentUser": "_apt"
    },
    {
      "row_id": 285,
      "Provider_Name": "Linux-Sysmon",
      "Guid": "{ff032593-a8d3-4f13-b0d6-01fc615a0f97}",
      "EventID": 5,
      "Version": 3,
      "Level": 4,
      "Task": 5,
      "Opcode": 0,
      "Keywords": "0x8000000000000000",
      "SystemTime": "2026-01-13T08:53:22.549695000Z",
      "EventRecordID": 663227,
      "ProcessID": "5412",
      "ThreadID": "5412",
      "Channel": "Linux-Sysmon/Operational",
      "Computer": "vincenzolog-VMware-Virtual-Platform",
      "UserId": "0",
      "RuleName": "-",
      "UtcTime": "2026-01-12 11:02:48.090",
      "ProcessGuid": "{8b8a9dc4-d4d8-6964-416a-68a42b5a0000}",
      "Image": "/usr/bin/rm",
      "User": "_apt",
      "OriginalLogfile": "Shell_Invocation_via_Apt_attack133.log-D4VQEX2K.json"
    },
    {
      "row_id": 340,
      "Provider_Name": "Linux-Sysmon",
      "Guid": "{ff032593-a8d3-4f13-b0d6-01fc615a0f97}",
      "EventID": 1,
      "Version": 5,
      "Level": 4,
      "Task": 1,
      "Opcode": 0,
      "Keywords": "0x8000000000000000",
      "SystemTime": "2026-01-13T08:53:22.621449000Z",
      "EventRecordID": 663282,
      "ProcessID": "5412",
      "ThreadID": "5412",
      "Channel": "Linux-Sysmon/Operational",
      "Computer": "vincenzolog-VMware-Virtual-Platform",
      "UserId": "0",
      "RuleName": "-",
      "UtcTime": "2026-01-12 11:02:48.161",
      "ProcessGuid": "{8b8a9dc4-d4d8-6964-41ba-8c6fc25a0000}",
      "Image": "/usr/bin/rm",
      "User": "_apt",
      "OriginalLogfile": "Shell_Invocation_via_Apt_attack133.log-D4VQEX2K.json",
      "FileVersion": "-",
      "Description": "-",
      "Product": "-",
      "Company": "-",
      "OriginalFileName": "-",
      "CommandLine": "rm -rf /tmp/apt-key-gpghome.0LiAGwA31T",
      "CurrentDirectory": "/home/vincenzolog/Auto_test",
      "LogonGuid": "{8b8a9dc4-0000-0000-2a00-000005000000}",
      "LogonId": 42,
      "TerminalSessionId": 3,
      "IntegrityLevel": "no level",
      "SHA256": "8e3faaa5eb4a2a4d0e2788fe442bcac6d604be5a0c5a9f09d08f06e3a3fcf570",
      "Hashes": "SHA256=8e3faaa5eb4a2a4d0e2788fe442bcac6d604be5a0c5a9f09d08f06e3a3fcf570",
      "ParentProcessGuid": "{8b8a9dc4-d4d8-6964-1dd8-54bd0b570000}",
      "ParentProcessId": 262478,
      "ParentImage": "/usr/bin/dash",
      "ParentCommandLine": "/bin/sh",
      "ParentUser": "_apt"
    },
    {
      "row_id": 341,
      "Provider_Name": "Linux-Sysmon",
      "Guid": "{ff032593-a8d3-4f13-b0d6-01fc615a0f97}",
      "EventID": 5,
      "Version": 3,
      "Level": 4,
      "Task": 5,
      "Opcode": 0,
      "Keywords": "0x8000000000000000",
      "SystemTime": "2026-01-13T08:53:22.622961000Z",
      "EventRecordID": 663283,
      "ProcessID": "5412",
      "ThreadID": "5412",
      "Channel": "Linux-Sysmon/Operational",
      "Computer": "vincenzolog-VMware-Virtual-Platform",
      "UserId": "0",
      "RuleName": "-",
      "UtcTime": "2026-01-12 11:02:48.163",
      "ProcessGuid": "{8b8a9dc4-d4d8-6964-41ba-8c6fc25a0000}",
      "Image": "/usr/bin/rm",
      "User": "_apt",
      "OriginalLogfile": "Shell_Invocation_via_Apt_attack133.log-D4VQEX2K.json"
    },
    {
      "row_id": 396,
      "Provider_Name": "Linux-Sysmon",
      "Guid": "{ff032593-a8d3-4f13-b0d6-01fc615a0f97}",
      "EventID": 1,
      "Version": 5,
      "Level": 4,
      "Task": 1,
      "Opcode": 0,
      "Keywords": "0x8000000000000000",
      "SystemTime": "2026-01-13T08:53:22.717104000Z",
      "EventRecordID": 663338,
      "ProcessID": "5412",
      "ThreadID": "5412",
      "Channel": "Linux-Sysmon/Operational",
      "Computer": "vincenzolog-VMware-Virtual-Platform",
      "UserId": "0",
      "RuleName": "-",
      "UtcTime": "2026-01-12 11:02:48.257",
      "ProcessGuid": "{8b8a9dc4-d4d8-6964-410a-0d00e25f0000}",
      "Image": "/usr/bin/rm",
      "User": "_apt",
      "OriginalLogfile": "Shell_Invocation_via_Apt_attack133.log-D4VQEX2K.json",
      "FileVersion": "-",
      "Description": "-",
      "Product": "-",
      "Company": "-",
      "OriginalFileName": "-",
      "CommandLine": "rm -rf /tmp/apt-key-gpghome.eFeXAZDpZy",
      "CurrentDirectory": "/home/vincenzolog/Auto_test",
      "LogonGuid": "{8b8a9dc4-0000-0000-2a00-000005000000}",
      "LogonId": 42,
      "TerminalSessionId": 3,
      "IntegrityLevel": "no level",
      "SHA256": "8e3faaa5eb4a2a4d0e2788fe442bcac6d604be5a0c5a9f09d08f06e3a3fcf570",
      "Hashes": "SHA256=8e3faaa5eb4a2a4d0e2788fe442bcac6d604be5a0c5a9f09d08f06e3a3fcf570",
      "ParentProcessGuid": "{8b8a9dc4-d4d8-6964-1dd8-00ba79610000}",
      "ParentProcessId": 262536,
      "ParentImage": "/usr/bin/dash",
      "ParentCommandLine": "/bin/sh",
      "ParentUser": "_apt"
    },
    {
      "row_id": 397,
      "Provider_Name": "Linux-Sysmon",
      "Guid": "{ff032593-a8d3-4f13-b0d6-01fc615a0f97}",
      "EventID": 5,
      "Version": 3,
      "Level": 4,
      "Task": 5,
      "Opcode": 0,
      "Keywords": "0x8000000000000000",
      "SystemTime": "2026-01-13T08:53:22.718266000Z",
      "EventRecordID": 663339,
      "ProcessID": "5412",
      "ThreadID": "5412",
      "Channel": "Linux-Sysmon/Operational",
      "Computer": "vincenzolog-VMware-Virtual-Platform",
      "UserId": "0",
      "RuleName": "-",
      "UtcTime": "2026-01-12 11:02:48.259",
      "ProcessGuid": "{8b8a9dc4-d4d8-6964-410a-0d00e25f0000}",
      "Image": "/usr/bin/rm",
      "User": "_apt",
      "OriginalLogfile": "Shell_Invocation_via_Apt_attack133.log-D4VQEX2K.json"
    },
    {
      "row_id": 452,
      "Provider_Name": "Linux-Sysmon",
      "Guid": "{ff032593-a8d3-4f13-b0d6-01fc615a0f97}",
      "EventID": 1,
      "Version": 5,
      "Level": 4,
      "Task": 1,
      "Opcode": 0,
      "Keywords": "0x8000000000000000",
      "SystemTime": "2026-01-13T08:53:22.807552000Z",
      "EventRecordID": 663394,
      "ProcessID": "5412",
      "ThreadID": "5412",
      "Channel": "Linux-Sysmon/Operational",
      "Computer": "vincenzolog-VMware-Virtual-Platform",
      "UserId": "0",
      "RuleName": "-",
      "UtcTime": "2026-01-12 11:02:48.348",
      "ProcessGuid": "{8b8a9dc4-d4d8-6964-413a-852861600000}",
      "Image": "/usr/bin/rm",
      "User": "_apt",
      "OriginalLogfile": "Shell_Invocation_via_Apt_attack133.log-D4VQEX2K.json",
      "FileVersion": "-",
      "Description": "-",
      "Product": "-",
      "Company": "-",
      "OriginalFileName": "-",
      "CommandLine": "rm -rf /tmp/apt-key-gpghome.IlA682DHdb",
      "CurrentDirectory": "/home/vincenzolog/Auto_test",
      "LogonGuid": "{8b8a9dc4-0000-0000-2a00-000005000000}",
      "LogonId": 42,
      "TerminalSessionId": 3,
      "IntegrityLevel": "no level",
      "SHA256": "8e3faaa5eb4a2a4d0e2788fe442bcac6d604be5a0c5a9f09d08f06e3a3fcf570",
      "Hashes": "SHA256=8e3faaa5eb4a2a4d0e2788fe442bcac6d604be5a0c5a9f09d08f06e3a3fcf570",
      "ParentProcessGuid": "{8b8a9dc4-d4d8-6964-1d88-45340f640000}",
      "ParentProcessId": 262569,
      "ParentImage": "/usr/bin/dash",
      "ParentCommandLine": "/bin/sh",
      "ParentUser": "_apt"
    },
    {
      "row_id": 453,
      "Provider_Name": "Linux-Sysmon",
      "Guid": "{ff032593-a8d3-4f13-b0d6-01fc615a0f97}",
      "EventID": 5,
      "Version": 3,
      "Level": 4,
      "Task": 5,
      "Opcode": 0,
      "Keywords": "0x8000000000000000",
      "SystemTime": "2026-01-13T08:53:22.808862000Z",
      "EventRecordID": 663395,
      "ProcessID": "5412",
      "ThreadID": "5412",
      "Channel": "Linux-Sysmon/Operational",
      "Computer": "vincenzolog-VMware-Virtual-Platform",
      "UserId": "0",
      "RuleName": "-",
      "UtcTime": "2026-01-12 11:02:48.349",
      "ProcessGuid": "{8b8a9dc4-d4d8-6964-413a-852861600000}",
      "Image": "/usr/bin/rm",
      "User": "_apt",
      "OriginalLogfile": "Shell_Invocation_via_Apt_attack133.log-D4VQEX2K.json"
    },
    {
      "row_id": 539,
      "Provider_Name": "Linux-Sysmon",
      "Guid": "{ff032593-a8d3-4f13-b0d6-01fc615a0f97}",
      "EventID": 1,
      "Version": 5,
      "Level": 4,
      "Task": 1,
      "Opcode": 0,
      "Keywords": "0x8000000000000000",
      "SystemTime": "2026-01-13T08:53:22.972741000Z",
      "EventRecordID": 663481,
      "ProcessID": "5412",
      "ThreadID": "5412",
      "Channel": "Linux-Sysmon/Operational",
      "Computer": "vincenzolog-VMware-Virtual-Platform",
      "UserId": "0",
      "RuleName": "-",
      "UtcTime": "2026-01-12 11:02:48.513",
      "ProcessGuid": "{8b8a9dc4-d4d8-6964-41aa-832702620000}",
      "Image": "/usr/bin/rm",
      "User": "root",
      "OriginalLogfile": "Shell_Invocation_via_Apt_attack133.log-D4VQEX2K.json",
      "FileVersion": "-",
      "Description": "-",
      "Product": "-",
      "Company": "-",
      "OriginalFileName": "-",
      "CommandLine": "rm -f /var/lib/update-notifier/tmp.G3YhWKqqwt",
      "CurrentDirectory": "/tmp",
      "LogonGuid": "{8b8a9dc4-0801-6966-0000-000005000000}",
      "LogonId": 0,
      "TerminalSessionId": 3,
      "IntegrityLevel": "no level",
      "SHA256": "8e3faaa5eb4a2a4d0e2788fe442bcac6d604be5a0c5a9f09d08f06e3a3fcf570",
      "Hashes": "SHA256=8e3faaa5eb4a2a4d0e2788fe442bcac6d604be5a0c5a9f09d08f06e3a3fcf570",
      "ParentProcessGuid": "{8b8a9dc4-d4d8-6964-1d88-4e98f3630000}",
      "ParentProcessId": 262631,
      "ParentImage": "/usr/bin/dash",
      "ParentCommandLine": "/bin/sh",
      "ParentUser": "root"
    },
    {
      "row_id": 540,
      "Provider_Name": "Linux-Sysmon",
      "Guid": "{ff032593-a8d3-4f13-b0d6-01fc615a0f97}",
      "EventID": 5,
      "Version": 3,
      "Level": 4,
      "Task": 5,
      "Opcode": 0,
      "Keywords": "0x8000000000000000",
      "SystemTime": "2026-01-13T08:53:22.973860000Z",
      "EventRecordID": 663482,
      "ProcessID": "5412",
      "ThreadID": "5412",
      "Channel": "Linux-Sysmon/Operational",
      "Computer": "vincenzolog-VMware-Virtual-Platform",
      "UserId": "0",
      "RuleName": "-",
      "UtcTime": "2026-01-12 11:02:48.514",
      "ProcessGuid": "{8b8a9dc4-d4d8-6964-41aa-832702620000}",
      "Image": "/usr/bin/rm",
      "User": "root",
      "OriginalLogfile": "Shell_Invocation_via_Apt_attack133.log-D4VQEX2K.json"
    },
    {
      "row_id": 601,
      "Provider_Name": "Linux-Sysmon",
      "Guid": "{ff032593-a8d3-4f13-b0d6-01fc615a0f97}",
      "EventID": 1,
      "Version": 5,
      "Level": 4,
      "Task": 1,
      "Opcode": 0,
      "Keywords": "0x8000000000000000",
      "SystemTime": "2026-01-13T08:53:23.080040000Z",
      "EventRecordID": 663543,
      "ProcessID": "5412",
      "ThreadID": "5412",
      "Channel": "Linux-Sysmon/Operational",
      "Computer": "vincenzolog-VMware-Virtual-Platform",
      "UserId": "0",
      "RuleName": "-",
      "UtcTime": "2026-01-12 11:02:48.620",
      "ProcessGuid": "{8b8a9dc4-d4d8-6964-419a-a891385e0000}",
      "Image": "/usr/bin/rm",
      "User": "_apt",
      "OriginalLogfile": "Shell_Invocation_via_Apt_attack133.log-D4VQEX2K.json",
      "FileVersion": "-",
      "Description": "-",
      "Product": "-",
      "Company": "-",
      "OriginalFileName": "-",
      "CommandLine": "rm -rf /tmp/apt-key-gpghome.YH6WsaZ348",
      "CurrentDirectory": "/",
      "LogonGuid": "{8b8a9dc4-0000-0000-2a00-000000000000}",
      "LogonId": 42,
      "TerminalSessionId": 4294967295,
      "IntegrityLevel": "no level",
      "SHA256": "8e3faaa5eb4a2a4d0e2788fe442bcac6d604be5a0c5a9f09d08f06e3a3fcf570",
      "Hashes": "SHA256=8e3faaa5eb4a2a4d0e2788fe442bcac6d604be5a0c5a9f09d08f06e3a3fcf570",
      "ParentProcessGuid": "{8b8a9dc4-d4d8-6964-1db8-16acab5f0000}",
      "ParentProcessId": 262649,
      "ParentImage": "/usr/bin/dash",
      "ParentCommandLine": "/bin/sh",
      "ParentUser": "_apt"
    },
    {
      "row_id": 602,
      "Provider_Name": "Linux-Sysmon",
      "Guid": "{ff032593-a8d3-4f13-b0d6-01fc615a0f97}",
      "EventID": 5,
      "Version": 3,
      "Level": 4,
      "Task": 5,
      "Opcode": 0,
      "Keywords": "0x8000000000000000",
      "SystemTime": "2026-01-13T08:53:23.081227000Z",
      "EventRecordID": 663544,
      "ProcessID": "5412",
      "ThreadID": "5412",
      "Channel": "Linux-Sysmon/Operational",
      "Computer": "vincenzolog-VMware-Virtual-Platform",
      "UserId": "0",
      "RuleName": "-",
      "UtcTime": "2026-01-12 11:02:48.622",
      "ProcessGuid": "{8b8a9dc4-d4d8-6964-419a-a891385e0000}",
      "Image": "/usr/bin/rm",
      "User": "_apt",
      "OriginalLogfile": "Shell_Invocation_via_Apt_attack133.log-D4VQEX2K.json"
    },
    {
      "row_id": 657,
      "Provider_Name": "Linux-Sysmon",
      "Guid": "{ff032593-a8d3-4f13-b0d6-01fc615a0f97}",
      "EventID": 1,
      "Version": 5,
      "Level": 4,
      "Task": 1,
      "Opcode": 0,
      "Keywords": "0x8000000000000000",
      "SystemTime": "2026-01-13T08:53:23.277139000Z",
      "EventRecordID": 663599,
      "ProcessID": "5412",
      "ThreadID": "5412",
      "Channel": "Linux-Sysmon/Operational",
      "Computer": "vincenzolog-VMware-Virtual-Platform",
      "UserId": "0",
      "RuleName": "-",
      "UtcTime": "2026-01-12 11:02:48.817",
      "ProcessGuid": "{8b8a9dc4-d4d8-6964-41fa-54892b5e0000}",
      "Image": "/usr/bin/rm",
      "User": "_apt",
      "OriginalLogfile": "Shell_Invocation_via_Apt_attack133.log-D4VQEX2K.json",
      "FileVersion": "-",
      "Description": "-",
      "Product": "-",
      "Company": "-",
      "OriginalFileName": "-",
      "CommandLine": "rm -rf /tmp/apt-key-gpghome.qaAIoljkMh",
      "CurrentDirectory": "/",
      "LogonGuid": "{8b8a9dc4-0000-0000-2a00-000000000000}",
      "LogonId": 42,
      "TerminalSessionId": 4294967295,
      "IntegrityLevel": "no level",
      "SHA256": "8e3faaa5eb4a2a4d0e2788fe442bcac6d604be5a0c5a9f09d08f06e3a3fcf570",
      "Hashes": "SHA256=8e3faaa5eb4a2a4d0e2788fe442bcac6d604be5a0c5a9f09d08f06e3a3fcf570",
      "ParentProcessGuid": "{8b8a9dc4-d4d8-6964-1d28-cb6d0f600000}",
      "ParentProcessId": 262683,
      "ParentImage": "/usr/bin/dash",
      "ParentCommandLine": "/bin/sh",
      "ParentUser": "_apt"
    },
    {
      "row_id": 658,
      "Provider_Name": "Linux-Sysmon",
      "Guid": "{ff032593-a8d3-4f13-b0d6-01fc615a0f97}",
      "EventID": 5,
      "Version": 3,
      "Level": 4,
      "Task": 5,
      "Opcode": 0,
      "Keywords": "0x8000000000000000",
      "SystemTime": "2026-01-13T08:53:23.278277000Z",
      "EventRecordID": 663600,
      "ProcessID": "5412",
      "ThreadID": "5412",
      "Channel": "Linux-Sysmon/Operational",
      "Computer": "vincenzolog-VMware-Virtual-Platform",
      "UserId": "0",
      "RuleName": "-",
      "UtcTime": "2026-01-12 11:02:48.819",
      "ProcessGuid": "{8b8a9dc4-d4d8-6964-41fa-54892b5e0000}",
      "Image": "/usr/bin/rm",
      "User": "_apt",
      "OriginalLogfile": "Shell_Invocation_via_Apt_attack133.log-D4VQEX2K.json"
    }
  ]
},
{
  "title": "Local System Accounts Discovery - Linux",
  "id": "b45e3d6f-42c6-47d8-a478-df6bd6cf534c",
  "description": "Detects enumeration of local system accounts. This information can help adversaries determine which local accounts exist on a system to aid in follow-on behavior.",
  "sigmafile": "",
  "sigma": [
    "SELECT * FROM logs WHERE Image LIKE '%/lastlog' ESCAPE '\\' OR CommandLine LIKE '%''x:0:''%' ESCAPE '\\' OR ((Image LIKE '%/cat' ESCAPE '\\' OR Image LIKE '%/ed' ESCAPE '\\' OR Image LIKE '%/head' ESCAPE '\\' OR Image LIKE '%/more' ESCAPE '\\' OR Image LIKE '%/nano' ESCAPE '\\' OR Image LIKE '%/tail' ESCAPE '\\' OR Image LIKE '%/vi' ESCAPE '\\' OR Image LIKE '%/vim' ESCAPE '\\' OR Image LIKE '%/less' ESCAPE '\\' OR Image LIKE '%/emacs' ESCAPE '\\' OR Image LIKE '%/sqlite3' ESCAPE '\\' OR Image LIKE '%/makemap' ESCAPE '\\') AND (CommandLine LIKE '%/etc/passwd%' ESCAPE '\\' OR CommandLine LIKE '%/etc/shadow%' ESCAPE '\\' OR CommandLine LIKE '%/etc/sudoers%' ESCAPE '\\' OR CommandLine LIKE '%/etc/spwd.db%' ESCAPE '\\' OR CommandLine LIKE '%/etc/pwd.db%' ESCAPE '\\' OR CommandLine LIKE '%/etc/master.passwd%' ESCAPE '\\')) OR Image LIKE '%/id' ESCAPE '\\' OR (Image LIKE '%/lsof' ESCAPE '\\' AND CommandLine LIKE '%-u%' ESCAPE '\\')"
  ],
  "rule_level": "low",
  "tags": [
    "attack.discovery",
    "attack.t1087.001"
  ],
  "count": 2,
  "matches": [
    {
      "row_id": 39,
      "Provider_Name": "Linux-Sysmon",
      "Guid": "{ff032593-a8d3-4f13-b0d6-01fc615a0f97}",
      "EventID": 1,
      "Version": 5,
      "Level": 4,
      "Task": 1,
      "Opcode": 0,
      "Keywords": "0x8000000000000000",
      "SystemTime": "2026-01-13T08:53:21.879366000Z",
      "EventRecordID": 662981,
      "ProcessID": "5412",
      "ThreadID": "5412",
      "Channel": "Linux-Sysmon/Operational",
      "Computer": "vincenzolog-VMware-Virtual-Platform",
      "UserId": "0",
      "RuleName": "-",
      "UtcTime": "2026-01-12 11:02:47.419",
      "ProcessGuid": "{8b8a9dc4-d4d7-6964-014f-59b4c3640000}",
      "Image": "/usr/bin/id",
      "User": "root",
      "OriginalLogfile": "Shell_Invocation_via_Apt_attack133.log-D4VQEX2K.json",
      "FileVersion": "-",
      "Description": "-",
      "Product": "-",
      "Company": "-",
      "OriginalFileName": "-",
      "CommandLine": "id -u",
      "CurrentDirectory": "/tmp",
      "LogonGuid": "{8b8a9dc4-0801-6966-0000-000005000000}",
      "LogonId": 0,
      "TerminalSessionId": 3,
      "IntegrityLevel": "no level",
      "SHA256": "5a5817d18b918a366ef4c07e2806e0aeb3d9b144ff90c036f0a4a94f347a96fc",
      "Hashes": "SHA256=5a5817d18b918a366ef4c07e2806e0aeb3d9b144ff90c036f0a4a94f347a96fc",
      "ParentProcessGuid": "{8b8a9dc4-d4d7-6964-1de8-a8ffcb620000}",
      "ParentProcessId": 262356,
      "ParentImage": "/usr/bin/dash",
      "ParentCommandLine": "sh",
      "ParentUser": "root"
    },
    {
      "row_id": 40,
      "Provider_Name": "Linux-Sysmon",
      "Guid": "{ff032593-a8d3-4f13-b0d6-01fc615a0f97}",
      "EventID": 5,
      "Version": 3,
      "Level": 4,
      "Task": 5,
      "Opcode": 0,
      "Keywords": "0x8000000000000000",
      "SystemTime": "2026-01-13T08:53:21.880903000Z",
      "EventRecordID": 662982,
      "ProcessID": "5412",
      "ThreadID": "5412",
      "Channel": "Linux-Sysmon/Operational",
      "Computer": "vincenzolog-VMware-Virtual-Platform",
      "UserId": "0",
      "RuleName": "-",
      "UtcTime": "2026-01-12 11:02:47.421",
      "ProcessGuid": "{8b8a9dc4-d4d7-6964-014f-59b4c3640000}",
      "Image": "/usr/bin/id",
      "User": "root",
      "OriginalLogfile": "Shell_Invocation_via_Apt_attack133.log-D4VQEX2K.json"
    }
  ]
},
{
  "title": "Chmod Suspicious Directory",
  "id": "6419afd1-3742-47a5-a7e6-b50386cd15f8",
  "description": "Detects chmod targeting files in abnormal directory paths.",
  "sigmafile": "",
  "sigma": [
    "SELECT * FROM logs WHERE Image LIKE '%/chmod' ESCAPE '\\' AND (CommandLine LIKE '%/tmp/%' ESCAPE '\\' OR CommandLine LIKE '%/.Library/%' ESCAPE '\\' OR CommandLine LIKE '%/etc/%' ESCAPE '\\' OR CommandLine LIKE '%/opt/%' ESCAPE '\\')"
  ],
  "rule_level": "medium",
  "tags": [
    "attack.defense-evasion",
    "attack.t1222.002"
  ],
  "count": 8,
  "matches": [
    {
      "row_id": 104,
      "Provider_Name": "Linux-Sysmon",
      "Guid": "{ff032593-a8d3-4f13-b0d6-01fc615a0f97}",
      "EventID": 1,
      "Version": 5,
      "Level": 4,
      "Task": 1,
      "Opcode": 0,
      "Keywords": "0x8000000000000000",
      "SystemTime": "2026-01-13T08:53:22.250054000Z",
      "EventRecordID": 663046,
      "ProcessID": "5412",
      "ThreadID": "5412",
      "Channel": "Linux-Sysmon/Operational",
      "Computer": "vincenzolog-VMware-Virtual-Platform",
      "UserId": "0",
      "RuleName": "-",
      "UtcTime": "2026-01-12 11:02:47.790",
      "ProcessGuid": "{8b8a9dc4-d4d7-6964-d1cf-8421875b0000}",
      "Image": "/usr/bin/chmod",
      "User": "_apt",
      "OriginalLogfile": "Shell_Invocation_via_Apt_attack133.log-D4VQEX2K.json",
      "FileVersion": "-",
      "Description": "-",
      "Product": "-",
      "Company": "-",
      "OriginalFileName": "-",
      "CommandLine": "chmod 700 /tmp/apt-key-gpghome.LgrwP6nmnT",
      "CurrentDirectory": "/home/vincenzolog/Auto_test",
      "LogonGuid": "{8b8a9dc4-0000-0000-2a00-000005000000}",
      "LogonId": 42,
      "TerminalSessionId": 3,
      "IntegrityLevel": "no level",
      "SHA256": "f162501708c719c786ddceb78c2cc3b48dc2e33683114da199223c978bd62324",
      "Hashes": "SHA256=f162501708c719c786ddceb78c2cc3b48dc2e33683114da199223c978bd62324",
      "ParentProcessGuid": "{8b8a9dc4-d4d7-6964-1d98-756b635e0000}",
      "ParentProcessId": 262379,
      "ParentImage": "/usr/bin/dash",
      "ParentCommandLine": "/bin/sh",
      "ParentUser": "_apt"
    },
    {
      "row_id": 160,
      "Provider_Name": "Linux-Sysmon",
      "Guid": "{ff032593-a8d3-4f13-b0d6-01fc615a0f97}",
      "EventID": 1,
      "Version": 5,
      "Level": 4,
      "Task": 1,
      "Opcode": 0,
      "Keywords": "0x8000000000000000",
      "SystemTime": "2026-01-13T08:53:22.345942000Z",
      "EventRecordID": 663102,
      "ProcessID": "5412",
      "ThreadID": "5412",
      "Channel": "Linux-Sysmon/Operational",
      "Computer": "vincenzolog-VMware-Virtual-Platform",
      "UserId": "0",
      "RuleName": "-",
      "UtcTime": "2026-01-12 11:02:47.886",
      "ProcessGuid": "{8b8a9dc4-d4d7-6964-d19f-4080135f0000}",
      "Image": "/usr/bin/chmod",
      "User": "_apt",
      "OriginalLogfile": "Shell_Invocation_via_Apt_attack133.log-D4VQEX2K.json",
      "FileVersion": "-",
      "Description": "-",
      "Product": "-",
      "Company": "-",
      "OriginalFileName": "-",
      "CommandLine": "chmod 700 /tmp/apt-key-gpghome.OwrlSzrPda",
      "CurrentDirectory": "/home/vincenzolog/Auto_test",
      "LogonGuid": "{8b8a9dc4-0000-0000-2a00-000005000000}",
      "LogonId": 42,
      "TerminalSessionId": 3,
      "IntegrityLevel": "no level",
      "SHA256": "f162501708c719c786ddceb78c2cc3b48dc2e33683114da199223c978bd62324",
      "Hashes": "SHA256=f162501708c719c786ddceb78c2cc3b48dc2e33683114da199223c978bd62324",
      "ParentProcessGuid": "{8b8a9dc4-d4d7-6964-1de8-53bee85e0000}",
      "ParentProcessId": 262412,
      "ParentImage": "/usr/bin/dash",
      "ParentCommandLine": "/bin/sh",
      "ParentUser": "_apt"
    },
    {
      "row_id": 216,
      "Provider_Name": "Linux-Sysmon",
      "Guid": "{ff032593-a8d3-4f13-b0d6-01fc615a0f97}",
      "EventID": 1,
      "Version": 5,
      "Level": 4,
      "Task": 1,
      "Opcode": 0,
      "Keywords": "0x8000000000000000",
      "SystemTime": "2026-01-13T08:53:22.438666000Z",
      "EventRecordID": 663158,
      "ProcessID": "5412",
      "ThreadID": "5412",
      "Channel": "Linux-Sysmon/Operational",
      "Computer": "vincenzolog-VMware-Virtual-Platform",
      "UserId": "0",
      "RuleName": "-",
      "UtcTime": "2026-01-12 11:02:47.979",
      "ProcessGuid": "{8b8a9dc4-d4d7-6964-d19f-61de0c600000}",
      "Image": "/usr/bin/chmod",
      "User": "_apt",
      "OriginalLogfile": "Shell_Invocation_via_Apt_attack133.log-D4VQEX2K.json",
      "FileVersion": "-",
      "Description": "-",
      "Product": "-",
      "Company": "-",
      "OriginalFileName": "-",
      "CommandLine": "chmod 700 /tmp/apt-key-gpghome.T2aBeFxrds",
      "CurrentDirectory": "/home/vincenzolog/Auto_test",
      "LogonGuid": "{8b8a9dc4-0000-0000-2a00-000005000000}",
      "LogonId": 42,
      "TerminalSessionId": 3,
      "IntegrityLevel": "no level",
      "SHA256": "f162501708c719c786ddceb78c2cc3b48dc2e33683114da199223c978bd62324",
      "Hashes": "SHA256=f162501708c719c786ddceb78c2cc3b48dc2e33683114da199223c978bd62324",
      "ParentProcessGuid": "{8b8a9dc4-d4d7-6964-1d48-c620c4640000}",
      "ParentProcessId": 262445,
      "ParentImage": "/usr/bin/dash",
      "ParentCommandLine": "/bin/sh",
      "ParentUser": "_apt"
    },
    {
      "row_id": 280,
      "Provider_Name": "Linux-Sysmon",
      "Guid": "{ff032593-a8d3-4f13-b0d6-01fc615a0f97}",
      "EventID": 1,
      "Version": 5,
      "Level": 4,
      "Task": 1,
      "Opcode": 0,
      "Keywords": "0x8000000000000000",
      "SystemTime": "2026-01-13T08:53:22.545168000Z",
      "EventRecordID": 663222,
      "ProcessID": "5412",
      "ThreadID": "5412",
      "Channel": "Linux-Sysmon/Operational",
      "Computer": "vincenzolog-VMware-Virtual-Platform",
      "UserId": "0",
      "RuleName": "-",
      "UtcTime": "2026-01-12 11:02:48.085",
      "ProcessGuid": "{8b8a9dc4-d4d8-6964-d1bf-e39654630000}",
      "Image": "/usr/bin/chmod",
      "User": "_apt",
      "OriginalLogfile": "Shell_Invocation_via_Apt_attack133.log-D4VQEX2K.json",
      "FileVersion": "-",
      "Description": "-",
      "Product": "-",
      "Company": "-",
      "OriginalFileName": "-",
      "CommandLine": "chmod 700 /tmp/apt-key-gpghome.0LiAGwA31T",
      "CurrentDirectory": "/home/vincenzolog/Auto_test",
      "LogonGuid": "{8b8a9dc4-0000-0000-2a00-000005000000}",
      "LogonId": 42,
      "TerminalSessionId": 3,
      "IntegrityLevel": "no level",
      "SHA256": "f162501708c719c786ddceb78c2cc3b48dc2e33683114da199223c978bd62324",
      "Hashes": "SHA256=f162501708c719c786ddceb78c2cc3b48dc2e33683114da199223c978bd62324",
      "ParentProcessGuid": "{8b8a9dc4-d4d8-6964-1dd8-54bd0b570000}",
      "ParentProcessId": 262478,
      "ParentImage": "/usr/bin/dash",
      "ParentCommandLine": "/bin/sh",
      "ParentUser": "_apt"
    },
    {
      "row_id": 372,
      "Provider_Name": "Linux-Sysmon",
      "Guid": "{ff032593-a8d3-4f13-b0d6-01fc615a0f97}",
      "EventID": 1,
      "Version": 5,
      "Level": 4,
      "Task": 1,
      "Opcode": 0,
      "Keywords": "0x8000000000000000",
      "SystemTime": "2026-01-13T08:53:22.691376000Z",
      "EventRecordID": 663314,
      "ProcessID": "5412",
      "ThreadID": "5412",
      "Channel": "Linux-Sysmon/Operational",
      "Computer": "vincenzolog-VMware-Virtual-Platform",
      "UserId": "0",
      "RuleName": "-",
      "UtcTime": "2026-01-12 11:02:48.231",
      "ProcessGuid": "{8b8a9dc4-d4d8-6964-d17f-a3ecb3580000}",
      "Image": "/usr/bin/chmod",
      "User": "_apt",
      "OriginalLogfile": "Shell_Invocation_via_Apt_attack133.log-D4VQEX2K.json",
      "FileVersion": "-",
      "Description": "-",
      "Product": "-",
      "Company": "-",
      "OriginalFileName": "-",
      "CommandLine": "chmod 700 /tmp/apt-key-gpghome.eFeXAZDpZy",
      "CurrentDirectory": "/home/vincenzolog/Auto_test",
      "LogonGuid": "{8b8a9dc4-0000-0000-2a00-000005000000}",
      "LogonId": 42,
      "TerminalSessionId": 3,
      "IntegrityLevel": "no level",
      "SHA256": "f162501708c719c786ddceb78c2cc3b48dc2e33683114da199223c978bd62324",
      "Hashes": "SHA256=f162501708c719c786ddceb78c2cc3b48dc2e33683114da199223c978bd62324",
      "ParentProcessGuid": "{8b8a9dc4-d4d8-6964-1dd8-00ba79610000}",
      "ParentProcessId": 262536,
      "ParentImage": "/usr/bin/dash",
      "ParentCommandLine": "/bin/sh",
      "ParentUser": "_apt"
    },
