[{
  "title": "Syslog Clearing or Removal Via System Utilities",
  "id": "3fcc9b35-39e4-44c0-a2ad-9e82b6902b31",
  "description": "Detects specific commands commonly used to remove or empty the syslog. Which is a technique often used by attacker as a method to hide their tracks\n",
  "sigmafile": "",
  "sigma": [
    "SELECT * FROM logs WHERE (CommandLine LIKE '%/var/log/syslog%' ESCAPE '\\' AND ((Image LIKE '%/rm' ESCAPE '\\' AND (CommandLine LIKE '% -r %' ESCAPE '\\' OR CommandLine LIKE '% -f %' ESCAPE '\\' OR CommandLine LIKE '% -rf %' ESCAPE '\\' OR CommandLine LIKE '%/var/log/syslog%' ESCAPE '\\')) OR Image LIKE '%/unlink' ESCAPE '\\' OR Image LIKE '%/mv' ESCAPE '\\' OR (Image LIKE '%/truncate' ESCAPE '\\' AND (CommandLine LIKE '%0 %' ESCAPE '\\' AND CommandLine LIKE '%/var/log/syslog%' ESCAPE '\\') AND (CommandLine LIKE '%-s %' ESCAPE '\\' OR CommandLine LIKE '%-c %' ESCAPE '\\' OR CommandLine LIKE '%--size%' ESCAPE '\\')) OR (Image LIKE '%/ln' ESCAPE '\\' AND (CommandLine LIKE '%/dev/null %' ESCAPE '\\' AND CommandLine LIKE '%/var/log/syslog%' ESCAPE '\\') AND (CommandLine LIKE '%-sf %' ESCAPE '\\' OR CommandLine LIKE '%-sfn %' ESCAPE '\\' OR CommandLine LIKE '%-sfT %' ESCAPE '\\')) OR (Image LIKE '%/cp' ESCAPE '\\' AND CommandLine LIKE '%/dev/null%' ESCAPE '\\') OR (Image LIKE '%/shred' ESCAPE '\\' AND CommandLine LIKE '%-u %' ESCAPE '\\'))) OR ((CommandLine LIKE '% > /var/log/syslog%' ESCAPE '\\' OR CommandLine LIKE '% >/var/log/syslog%' ESCAPE '\\' OR CommandLine LIKE '% >| /var/log/syslog%' ESCAPE '\\' OR CommandLine LIKE '%: > /var/log/syslog%' ESCAPE '\\' OR CommandLine LIKE '%:> /var/log/syslog%' ESCAPE '\\' OR CommandLine LIKE '%:>/var/log/syslog%' ESCAPE '\\' OR CommandLine LIKE '%>|/var/log/syslog%' ESCAPE '\\') OR (CommandLine LIKE '%journalctl --vacuum%' ESCAPE '\\' OR CommandLine LIKE '%journalctl --rotate%' ESCAPE '\\'))"
  ],
  "rule_level": "high",
  "tags": [
    "attack.defense-evasion",
    "attack.t1070.002"
  ],
  "count": 2,
  "matches": [
    {
      "row_id": 5,
      "Provider_Name": "Linux-Sysmon",
      "Guid": "{ff032593-a8d3-4f13-b0d6-01fc615a0f97}",
      "EventID": 1,
      "Version": 5,
      "Level": 4,
      "Task": 1,
      "Opcode": 0,
      "Keywords": "0x8000000000000000",
      "SystemTime": "2026-01-13T08:53:34.085761000Z",
      "EventRecordID": 664332,
      "ProcessID": "5412",
      "ThreadID": "5412",
      "Channel": "Linux-Sysmon/Operational",
      "Computer": "vincenzolog-VMware-Virtual-Platform",
      "UserId": "0",
      "RuleName": "-",
      "UtcTime": "2026-01-12 11:02:59.625",
      "ProcessGuid": "{8b8a9dc4-d4e3-6964-1dc8-3352c1630000}",
      "Image": "/usr/bin/dash",
      "User": "root",
      "OriginalLogfile": "Shell_Invocation_via_Apt_attack135.log-16RLYWAC.json",
      "FileVersion": "-",
      "Description": "-",
      "Product": "-",
      "Company": "-",
      "OriginalFileName": "-",
      "CommandLine": "/bin/sh -c journalctl --vacuum-time=1s",
      "CurrentDirectory": "/home/vincenzolog/Auto_test",
      "LogonGuid": "{8b8a9dc4-0000-0000-0000-000004000000}",
      "LogonId": 0,
      "TerminalSessionId": 3,
      "IntegrityLevel": "no level",
      "SHA256": "86d31f6fb799e91fa21bad341484564510ca287703a16e9e46c53338776f4f42",
      "Hashes": "SHA256=86d31f6fb799e91fa21bad341484564510ca287703a16e9e46c53338776f4f42",
      "ParentProcessGuid": "{8b8a9dc4-d148-6964-1d23-700000000000}",
      "ParentProcessId": 203912,
      "ParentImage": "/usr/bin/python3.12",
      "ParentCommandLine": "python3",
      "ParentUser": "root"
    },
    {
      "row_id": 6,
      "Provider_Name": "Linux-Sysmon",
      "Guid": "{ff032593-a8d3-4f13-b0d6-01fc615a0f97}",
      "EventID": 1,
      "Version": 5,
      "Level": 4,
      "Task": 1,
      "Opcode": 0,
      "Keywords": "0x8000000000000000",
      "SystemTime": "2026-01-13T08:53:34.087718000Z",
      "EventRecordID": 664333,
      "ProcessID": "5412",
      "ThreadID": "5412",
      "Channel": "Linux-Sysmon/Operational",
      "Computer": "vincenzolog-VMware-Virtual-Platform",
      "UserId": "0",
      "RuleName": "-",
      "UtcTime": "2026-01-12 11:02:59.627",
      "ProcessGuid": "{8b8a9dc4-d4e3-6964-cd6b-ce467e600000}",
      "Image": "/usr/bin/journalctl",
      "User": "root",
      "OriginalLogfile": "Shell_Invocation_via_Apt_attack135.log-16RLYWAC.json",
      "FileVersion": "-",
      "Description": "-",
      "Product": "-",
      "Company": "-",
      "OriginalFileName": "-",
      "CommandLine": "journalctl --vacuum-time=1s",
      "CurrentDirectory": "/home/vincenzolog/Auto_test",
      "LogonGuid": "{8b8a9dc4-0000-0000-0000-000004000000}",
      "LogonId": 0,
      "TerminalSessionId": 3,
      "IntegrityLevel": "no level",
      "SHA256": "7bd10a9c601c3204a6c464fc517b204e469eca7f12b09f9c4826f3cc1e42bd79",
      "Hashes": "SHA256=7bd10a9c601c3204a6c464fc517b204e469eca7f12b09f9c4826f3cc1e42bd79",
      "ParentProcessGuid": "{8b8a9dc4-d4e3-6964-1dc8-3352c1630000}",
      "ParentProcessId": 263130,
      "ParentImage": "/usr/bin/dash",
      "ParentCommandLine": "/bin/sh",
      "ParentUser": "root"
    }
  ]
},
{
  "title": "File and Directory Discovery - Linux",
  "id": "d3feb4ee-ff1d-4d3d-bd10-5b28a238cc72",
  "description": "Detects usage of system utilities such as \"find\", \"tree\", \"findmnt\", etc, to discover files, directories and network shares.\n",
  "sigmafile": "",
  "sigma": [
    "SELECT * FROM logs WHERE (Image LIKE '%/file' ESCAPE '\\' AND CommandLine REGEXP '(.){200,}') OR (Image LIKE '%/ls' ESCAPE '\\' AND CommandLine LIKE '%-R%' ESCAPE '\\') OR Image LIKE '%/find' ESCAPE '\\' OR Image LIKE '%/tree' ESCAPE '\\' OR Image LIKE '%/findmnt' ESCAPE '\\' OR Image LIKE '%/mlocate' ESCAPE '\\'"
  ],
  "rule_level": "informational",
  "tags": [
    "attack.discovery",
    "attack.t1083"
  ],
  "count": 6,
  "matches": [
    {
      "row_id": 50,
      "Provider_Name": "Linux-Sysmon",
      "Guid": "{ff032593-a8d3-4f13-b0d6-01fc615a0f97}",
      "EventID": 1,
      "Version": 5,
      "Level": 4,
      "Task": 1,
      "Opcode": 0,
      "Keywords": "0x8000000000000000",
      "SystemTime": "2026-01-13T08:53:35.174543000Z",
      "EventRecordID": 664377,
      "ProcessID": "5412",
      "ThreadID": "5412",
      "Channel": "Linux-Sysmon/Operational",
      "Computer": "vincenzolog-VMware-Virtual-Platform",
      "UserId": "0",
      "RuleName": "-",
      "UtcTime": "2026-01-12 11:03:00.712",
      "ProcessGuid": "{8b8a9dc4-d4e4-6964-c12c-350e205f0000}",
      "Image": "/usr/bin/find",
      "User": "root",
      "OriginalLogfile": "Shell_Invocation_via_Apt_attack135.log-16RLYWAC.json",
      "FileVersion": "-",
      "Description": "-",
      "Product": "-",
      "Company": "-",
      "OriginalFileName": "-",
      "CommandLine": "find /home /root -name id_rsa -o -name *.conf",
      "CurrentDirectory": "/tmp",
      "LogonGuid": "{8b8a9dc4-080f-6966-0000-000005000000}",
      "LogonId": 0,
      "TerminalSessionId": 3,
      "IntegrityLevel": "no level",
      "SHA256": "ac1ea1c5391de921aca1572f1bf25d03707beb3887b27c16a5b4948fd553941b",
      "Hashes": "SHA256=ac1ea1c5391de921aca1572f1bf25d03707beb3887b27c16a5b4948fd553941b",
      "ParentProcessGuid": "{00000000-0000-0000-0000-000000000000}",
      "ParentProcessId": 263158,
      "ParentImage": "-",
      "ParentCommandLine": "-",
      "ParentUser": "-"
    },
    {
      "row_id": 66,
      "Provider_Name": "Linux-Sysmon",
      "Guid": "{ff032593-a8d3-4f13-b0d6-01fc615a0f97}",
      "EventID": 5,
      "Version": 3,
      "Level": 4,
      "Task": 5,
      "Opcode": 0,
      "Keywords": "0x8000000000000000",
      "SystemTime": "2026-01-13T08:53:35.303144000Z",
      "EventRecordID": 664393,
      "ProcessID": "5412",
      "ThreadID": "5412",
      "Channel": "Linux-Sysmon/Operational",
      "Computer": "vincenzolog-VMware-Virtual-Platform",
      "UserId": "0",
      "RuleName": "-",
      "UtcTime": "2026-01-12 11:03:00.843",
      "ProcessGuid": "{8b8a9dc4-d4e4-6964-c12c-350e205f0000}",
      "Image": "/usr/bin/find",
      "User": "root",
      "OriginalLogfile": "Shell_Invocation_via_Apt_attack135.log-16RLYWAC.json"
    },
    {
      "row_id": 297,
      "Provider_Name": "Linux-Sysmon",
      "Guid": "{ff032593-a8d3-4f13-b0d6-01fc615a0f97}",
      "EventID": 1,
      "Version": 5,
      "Level": 4,
      "Task": 1,
      "Opcode": 0,
      "Keywords": "0x8000000000000000",
      "SystemTime": "2026-01-13T08:53:35.809455000Z",
      "EventRecordID": 664624,
      "ProcessID": "5412",
      "ThreadID": "5412",
      "Channel": "Linux-Sysmon/Operational",
      "Computer": "vincenzolog-VMware-Virtual-Platform",
      "UserId": "0",
      "RuleName": "-",
      "UtcTime": "2026-01-12 11:03:01.349",
      "ProcessGuid": "{8b8a9dc4-d4e5-6964-c1fc-b08fa0560000}",
      "Image": "/usr/bin/find",
      "User": "_apt",
      "OriginalLogfile": "Shell_Invocation_via_Apt_attack135.log-16RLYWAC.json",
      "FileVersion": "-",
      "Description": "-",
      "Product": "-",
      "Company": "-",
      "OriginalFileName": "-",
      "CommandLine": "find /etc/apt/trusted.gpg.d -mindepth 1 -maxdepth 1 ( -name *.gpg -o -name *.asc )",
      "CurrentDirectory": "/",
      "LogonGuid": "{8b8a9dc4-0000-0000-2a00-000005000000}",
      "LogonId": 42,
      "TerminalSessionId": 3,
      "IntegrityLevel": "no level",
      "SHA256": "ac1ea1c5391de921aca1572f1bf25d03707beb3887b27c16a5b4948fd553941b",
      "Hashes": "SHA256=ac1ea1c5391de921aca1572f1bf25d03707beb3887b27c16a5b4948fd553941b",
      "ParentProcessGuid": "{8b8a9dc4-d4e5-6964-1d28-c634d2610000}",
      "ParentProcessId": 263275,
      "ParentImage": "/usr/bin/dash",
      "ParentCommandLine": "/bin/sh",
      "ParentUser": "_apt"
    },
    {
      "row_id": 298,
      "Provider_Name": "Linux-Sysmon",
      "Guid": "{ff032593-a8d3-4f13-b0d6-01fc615a0f97}",
      "EventID": 5,
      "Version": 3,
      "Level": 4,
      "Task": 5,
      "Opcode": 0,
      "Keywords": "0x8000000000000000",
      "SystemTime": "2026-01-13T08:53:35.810889000Z",
      "EventRecordID": 664625,
      "ProcessID": "5412",
      "ThreadID": "5412",
      "Channel": "Linux-Sysmon/Operational",
      "Computer": "vincenzolog-VMware-Virtual-Platform",
      "UserId": "0",
      "RuleName": "-",
      "UtcTime": "2026-01-12 11:03:01.351",
      "ProcessGuid": "{8b8a9dc4-d4e5-6964-c1fc-b08fa0560000}",
      "Image": "/usr/bin/find",
      "User": "_apt",
      "OriginalLogfile": "Shell_Invocation_via_Apt_attack135.log-16RLYWAC.json"
    },
    {
      "row_id": 536,
      "Provider_Name": "Linux-Sysmon",
      "Guid": "{ff032593-a8d3-4f13-b0d6-01fc615a0f97}",
      "EventID": 1,
      "Version": 5,
      "Level": 4,
      "Task": 1,
      "Opcode": 0,
      "Keywords": "0x8000000000000000",
      "SystemTime": "2026-01-13T08:53:36.219251000Z",
      "EventRecordID": 664863,
      "ProcessID": "5412",
      "ThreadID": "5412",
      "Channel": "Linux-Sysmon/Operational",
      "Computer": "vincenzolog-VMware-Virtual-Platform",
      "UserId": "0",
      "RuleName": "-",
      "UtcTime": "2026-01-12 11:03:01.759",
      "ProcessGuid": "{8b8a9dc4-d4e5-6964-c1ec-42ce8a610000}",
      "Image": "/usr/bin/find",
      "User": "root",
      "OriginalLogfile": "Shell_Invocation_via_Apt_attack135.log-16RLYWAC.json",
      "FileVersion": "-",
      "Description": "-",
      "Product": "-",
      "Company": "-",
      "OriginalFileName": "-",
      "CommandLine": "find /var/lib/apt/lists/ /etc/apt/sources.list //var/lib/dpkg/status -type f -newer /var/lib/update-notifier/updates-available -print -quit",
      "CurrentDirectory": "/tmp",
      "LogonGuid": "{8b8a9dc4-080f-6966-0000-000005000000}",
      "LogonId": 0,
      "TerminalSessionId": 3,
      "IntegrityLevel": "no level",
      "SHA256": "ac1ea1c5391de921aca1572f1bf25d03707beb3887b27c16a5b4948fd553941b",
      "Hashes": "SHA256=ac1ea1c5391de921aca1572f1bf25d03707beb3887b27c16a5b4948fd553941b",
      "ParentProcessGuid": "{8b8a9dc4-d4e5-6964-1db8-74562d560000}",
      "ParentProcessId": 263428,
      "ParentImage": "/usr/bin/dash",
      "ParentCommandLine": "/bin/sh",
      "ParentUser": "root"
    },
    {
      "row_id": 537,
      "Provider_Name": "Linux-Sysmon",
      "Guid": "{ff032593-a8d3-4f13-b0d6-01fc615a0f97}",
      "EventID": 5,
      "Version": 3,
      "Level": 4,
      "Task": 5,
      "Opcode": 0,
      "Keywords": "0x8000000000000000",
      "SystemTime": "2026-01-13T08:53:36.221078000Z",
      "EventRecordID": 664864,
      "ProcessID": "5412",
      "ThreadID": "5412",
      "Channel": "Linux-Sysmon/Operational",
      "Computer": "vincenzolog-VMware-Virtual-Platform",
      "UserId": "0",
      "RuleName": "-",
      "UtcTime": "2026-01-12 11:03:01.762",
      "ProcessGuid": "{8b8a9dc4-d4e5-6964-c1ec-42ce8a610000}",
      "Image": "/usr/bin/find",
      "User": "root",
      "OriginalLogfile": "Shell_Invocation_via_Apt_attack135.log-16RLYWAC.json"
    }
  ]
},
{
  "title": "System Information Discovery",
  "id": "42df45e7-e6e9-43b5-8f26-bec5b39cc239",
  "description": "Detects system information discovery commands",
  "sigmafile": "",
  "sigma": [
    "SELECT * FROM logs WHERE Image LIKE '%/uname' ESCAPE '\\' OR Image LIKE '%/hostname' ESCAPE '\\' OR Image LIKE '%/uptime' ESCAPE '\\' OR Image LIKE '%/lspci' ESCAPE '\\' OR Image LIKE '%/dmidecode' ESCAPE '\\' OR Image LIKE '%/lscpu' ESCAPE '\\' OR Image LIKE '%/lsmod' ESCAPE '\\'"
  ],
  "rule_level": "informational",
  "tags": [
    "attack.discovery",
    "attack.t1082"
  ],
  "count": 2,
  "matches": [
    {
      "row_id": 48,
      "Provider_Name": "Linux-Sysmon",
      "Guid": "{ff032593-a8d3-4f13-b0d6-01fc615a0f97}",
      "EventID": 1,
      "Version": 5,
      "Level": 4,
      "Task": 1,
      "Opcode": 0,
      "Keywords": "0x8000000000000000",
      "SystemTime": "2026-01-13T08:53:35.174271000Z",
      "EventRecordID": 664375,
      "ProcessID": "5412",
      "ThreadID": "5412",
      "Channel": "Linux-Sysmon/Operational",
      "Computer": "vincenzolog-VMware-Virtual-Platform",
      "UserId": "0",
      "RuleName": "-",
      "UtcTime": "2026-01-12 11:03:00.710",
      "ProcessGuid": "{8b8a9dc4-d4e4-6964-f135-8431e45c0000}",
      "Image": "/usr/bin/uname",
      "User": "root",
      "OriginalLogfile": "Shell_Invocation_via_Apt_attack135.log-16RLYWAC.json",
      "FileVersion": "-",
      "Description": "-",
      "Product": "-",
      "Company": "-",
      "OriginalFileName": "-",
      "CommandLine": "uname -a",
      "CurrentDirectory": "/tmp",
      "LogonGuid": "{8b8a9dc4-080f-6966-0000-000005000000}",
      "LogonId": 0,
      "TerminalSessionId": 3,
      "IntegrityLevel": "no level",
      "SHA256": "ca548e23cdccdf65e6d15b9f181f94a51d817edb60e83cd7013fab0e2a18568f",
      "Hashes": "SHA256=ca548e23cdccdf65e6d15b9f181f94a51d817edb60e83cd7013fab0e2a18568f",
      "ParentProcessGuid": "{00000000-0000-0000-0000-000000000000}",
      "ParentProcessId": 263158,
      "ParentImage": "-",
      "ParentCommandLine": "-",
      "ParentUser": "-"
    },
    {
      "row_id": 49,
      "Provider_Name": "Linux-Sysmon",
      "Guid": "{ff032593-a8d3-4f13-b0d6-01fc615a0f97}",
      "EventID": 5,
      "Version": 3,
      "Level": 4,
      "Task": 5,
      "Opcode": 0,
      "Keywords": "0x8000000000000000",
      "SystemTime": "2026-01-13T08:53:35.174308000Z",
      "EventRecordID": 664376,
      "ProcessID": "5412",
      "ThreadID": "5412",
      "Channel": "Linux-Sysmon/Operational",
      "Computer": "vincenzolog-VMware-Virtual-Platform",
      "UserId": "0",
      "RuleName": "-",
      "UtcTime": "2026-01-12 11:03:00.712",
      "ProcessGuid": "{8b8a9dc4-d4e4-6964-f135-8431e45c0000}",
      "Image": "/usr/bin/uname",
      "User": "root",
      "OriginalLogfile": "Shell_Invocation_via_Apt_attack135.log-16RLYWAC.json"
    }
  ]
},
{
  "title": "File Deletion",
  "id": "30aed7b6-d2c1-4eaf-9382-b6bc43e50c57",
  "description": "Detects file deletion using \"rm\", \"shred\" or \"unlink\" commands which are used often by adversaries to delete files left behind by the actions of their intrusion activity",
  "sigmafile": "",
  "sigma": [
    "SELECT * FROM logs WHERE Image LIKE '%/rm' ESCAPE '\\' OR Image LIKE '%/shred' ESCAPE '\\' OR Image LIKE '%/unlink' ESCAPE '\\'"
  ],
  "rule_level": "informational",
  "tags": [
    "attack.defense-evasion",
    "attack.t1070.004"
  ],
  "count": 20,
  "matches": [
    {
      "row_id": 131,
      "Provider_Name": "Linux-Sysmon",
      "Guid": "{ff032593-a8d3-4f13-b0d6-01fc615a0f97}",
      "EventID": 1,
      "Version": 5,
      "Level": 4,
      "Task": 1,
      "Opcode": 0,
      "Keywords": "0x8000000000000000",
      "SystemTime": "2026-01-13T08:53:35.525286000Z",
      "EventRecordID": 664458,
      "ProcessID": "5412",
      "ThreadID": "5412",
      "Channel": "Linux-Sysmon/Operational",
      "Computer": "vincenzolog-VMware-Virtual-Platform",
      "UserId": "0",
      "RuleName": "-",
      "UtcTime": "2026-01-12 11:03:01.065",
      "ProcessGuid": "{8b8a9dc4-d4e5-6964-411a-e1ac76580000}",
      "Image": "/usr/bin/rm",
      "User": "_apt",
      "OriginalLogfile": "Shell_Invocation_via_Apt_attack135.log-16RLYWAC.json",
      "FileVersion": "-",
      "Description": "-",
      "Product": "-",
      "Company": "-",
      "OriginalFileName": "-",
      "CommandLine": "rm -rf /tmp/apt-key-gpghome.jch3SCebLt",
      "CurrentDirectory": "/home/vincenzolog/Auto_test",
      "LogonGuid": "{8b8a9dc4-0000-0000-2a00-000005000000}",
      "LogonId": 42,
      "TerminalSessionId": 3,
      "IntegrityLevel": "no level",
      "SHA256": "8e3faaa5eb4a2a4d0e2788fe442bcac6d604be5a0c5a9f09d08f06e3a3fcf570",
      "Hashes": "SHA256=8e3faaa5eb4a2a4d0e2788fe442bcac6d604be5a0c5a9f09d08f06e3a3fcf570",
      "ParentProcessGuid": "{8b8a9dc4-d4e4-6964-1d28-c20e35570000}",
      "ParentProcessId": 263176,
      "ParentImage": "/usr/bin/dash",
      "ParentCommandLine": "/bin/sh",
      "ParentUser": "_apt"
    },
    {
      "row_id": 132,
      "Provider_Name": "Linux-Sysmon",
      "Guid": "{ff032593-a8d3-4f13-b0d6-01fc615a0f97}",
      "EventID": 5,
      "Version": 3,
      "Level": 4,
      "Task": 5,
      "Opcode": 0,
      "Keywords": "0x8000000000000000",
      "SystemTime": "2026-01-13T08:53:35.526364000Z",
      "EventRecordID": 664459,
      "ProcessID": "5412",
      "ThreadID": "5412",
      "Channel": "Linux-Sysmon/Operational",
      "Computer": "vincenzolog-VMware-Virtual-Platform",
      "UserId": "0",
      "RuleName": "-",
      "UtcTime": "2026-01-12 11:03:01.067",
      "ProcessGuid": "{8b8a9dc4-d4e5-6964-411a-e1ac76580000}",
      "Image": "/usr/bin/rm",
      "User": "_apt",
      "OriginalLogfile": "Shell_Invocation_via_Apt_attack135.log-16RLYWAC.json"
    },
    {
      "row_id": 187,
      "Provider_Name": "Linux-Sysmon",
      "Guid": "{ff032593-a8d3-4f13-b0d6-01fc615a0f97}",
      "EventID": 1,
      "Version": 5,
      "Level": 4,
      "Task": 1,
      "Opcode": 0,
      "Keywords": "0x8000000000000000",
      "SystemTime": "2026-01-13T08:53:35.619710000Z",
      "EventRecordID": 664514,
      "ProcessID": "5412",
      "ThreadID": "5412",
      "Channel": "Linux-Sysmon/Operational",
      "Computer": "vincenzolog-VMware-Virtual-Platform",
      "UserId": "0",
      "RuleName": "-",
      "UtcTime": "2026-01-12 11:03:01.160",
      "ProcessGuid": "{8b8a9dc4-d4e5-6964-418a-f7ed285d0000}",
      "Image": "/usr/bin/rm",
      "User": "_apt",
      "OriginalLogfile": "Shell_Invocation_via_Apt_attack135.log-16RLYWAC.json",
      "FileVersion": "-",
      "Description": "-",
      "Product": "-",
      "Company": "-",
      "OriginalFileName": "-",
      "CommandLine": "rm -rf /tmp/apt-key-gpghome.iVp3QxFHQL",
      "CurrentDirectory": "/home/vincenzolog/Auto_test",
      "LogonGuid": "{8b8a9dc4-0000-0000-2a00-000005000000}",
      "LogonId": 42,
      "TerminalSessionId": 3,
      "IntegrityLevel": "no level",
      "SHA256": "8e3faaa5eb4a2a4d0e2788fe442bcac6d604be5a0c5a9f09d08f06e3a3fcf570",
      "Hashes": "SHA256=8e3faaa5eb4a2a4d0e2788fe442bcac6d604be5a0c5a9f09d08f06e3a3fcf570",
      "ParentProcessGuid": "{8b8a9dc4-d4e5-6964-1df8-16950b640000}",
      "ParentProcessId": 263209,
      "ParentImage": "/usr/bin/dash",
      "ParentCommandLine": "/bin/sh",
      "ParentUser": "_apt"
    },
    {
      "row_id": 188,
      "Provider_Name": "Linux-Sysmon",
      "Guid": "{ff032593-a8d3-4f13-b0d6-01fc615a0f97}",
      "EventID": 5,
      "Version": 3,
      "Level": 4,
      "Task": 5,
      "Opcode": 0,
      "Keywords": "0x8000000000000000",
      "SystemTime": "2026-01-13T08:53:35.620831000Z",
      "EventRecordID": 664515,
      "ProcessID": "5412",
      "ThreadID": "5412",
      "Channel": "Linux-Sysmon/Operational",
      "Computer": "vincenzolog-VMware-Virtual-Platform",
      "UserId": "0",
      "RuleName": "-",
      "UtcTime": "2026-01-12 11:03:01.161",
      "ProcessGuid": "{8b8a9dc4-d4e5-6964-418a-f7ed285d0000}",
      "Image": "/usr/bin/rm",
      "User": "_apt",
      "OriginalLogfile": "Shell_Invocation_via_Apt_attack135.log-16RLYWAC.json"
    },
    {
      "row_id": 243,
      "Provider_Name": "Linux-Sysmon",
      "Guid": "{ff032593-a8d3-4f13-b0d6-01fc615a0f97}",
      "EventID": 1,
      "Version": 5,
      "Level": 4,
      "Task": 1,
      "Opcode": 0,
      "Keywords": "0x8000000000000000",
      "SystemTime": "2026-01-13T08:53:35.712996000Z",
      "EventRecordID": 664570,
      "ProcessID": "5412",
      "ThreadID": "5412",
      "Channel": "Linux-Sysmon/Operational",
      "Computer": "vincenzolog-VMware-Virtual-Platform",
      "UserId": "0",
      "RuleName": "-",
      "UtcTime": "2026-01-12 11:03:01.253",
      "ProcessGuid": "{8b8a9dc4-d4e5-6964-415a-ee7ff05d0000}",
      "Image": "/usr/bin/rm",
      "User": "_apt",
      "OriginalLogfile": "Shell_Invocation_via_Apt_attack135.log-16RLYWAC.json",
      "FileVersion": "-",
      "Description": "-",
      "Product": "-",
      "Company": "-",
      "OriginalFileName": "-",
      "CommandLine": "rm -rf /tmp/apt-key-gpghome.tEtQbx7yvq",
      "CurrentDirectory": "/home/vincenzolog/Auto_test",
      "LogonGuid": "{8b8a9dc4-0000-0000-2a00-000005000000}",
      "LogonId": 42,
      "TerminalSessionId": 3,
      "IntegrityLevel": "no level",
      "SHA256": "8e3faaa5eb4a2a4d0e2788fe442bcac6d604be5a0c5a9f09d08f06e3a3fcf570",
      "Hashes": "SHA256=8e3faaa5eb4a2a4d0e2788fe442bcac6d604be5a0c5a9f09d08f06e3a3fcf570",
      "ParentProcessGuid": "{8b8a9dc4-d4e5-6964-1d28-c9da47580000}",
      "ParentProcessId": 263242,
      "ParentImage": "/usr/bin/dash",
      "ParentCommandLine": "/bin/sh",
      "ParentUser": "_apt"
    },
    {
      "row_id": 244,
      "Provider_Name": "Linux-Sysmon",
      "Guid": "{ff032593-a8d3-4f13-b0d6-01fc615a0f97}",
      "EventID": 5,
      "Version": 3,
      "Level": 4,
      "Task": 5,
      "Opcode": 0,
      "Keywords": "0x8000000000000000",
      "SystemTime": "2026-01-13T08:53:35.714253000Z",
      "EventRecordID": 664571,
      "ProcessID": "5412",
      "ThreadID": "5412",
      "Channel": "Linux-Sysmon/Operational",
      "Computer": "vincenzolog-VMware-Virtual-Platform",
      "UserId": "0",
      "RuleName": "-",
      "UtcTime": "2026-01-12 11:03:01.255",
      "ProcessGuid": "{8b8a9dc4-d4e5-6964-415a-ee7ff05d0000}",
      "Image": "/usr/bin/rm",
      "User": "_apt",
      "OriginalLogfile": "Shell_Invocation_via_Apt_attack135.log-16RLYWAC.json"
    },
    {
      "row_id": 287,
      "Provider_Name": "Linux-Sysmon",
      "Guid": "{ff032593-a8d3-4f13-b0d6-01fc615a0f97}",
      "EventID": 1,
      "Version": 5,
      "Level": 4,
      "Task": 1,
      "Opcode": 0,
      "Keywords": "0x8000000000000000",
      "SystemTime": "2026-01-13T08:53:35.794910000Z",
      "EventRecordID": 664614,
      "ProcessID": "5412",
      "ThreadID": "5412",
      "Channel": "Linux-Sysmon/Operational",
      "Computer": "vincenzolog-VMware-Virtual-Platform",
      "UserId": "0",
      "RuleName": "-",
      "UtcTime": "2026-01-12 11:03:01.335",
      "ProcessGuid": "{8b8a9dc4-d4e5-6964-41ba-8ffa775a0000}",
      "Image": "/usr/bin/rm",
      "User": "_apt",
      "OriginalLogfile": "Shell_Invocation_via_Apt_attack135.log-16RLYWAC.json",
      "FileVersion": "-",
      "Description": "-",
      "Product": "-",
      "Company": "-",
      "OriginalFileName": "-",
      "CommandLine": "rm -f /tmp/apt-key-gpghome.YSkGpBtMQ3/pubring.gpg",
      "CurrentDirectory": "/home/vincenzolog/Auto_test",
      "LogonGuid": "{8b8a9dc4-0000-0000-2a00-000005000000}",
      "LogonId": 42,
      "TerminalSessionId": 3,
      "IntegrityLevel": "no level",
      "SHA256": "8e3faaa5eb4a2a4d0e2788fe442bcac6d604be5a0c5a9f09d08f06e3a3fcf570",
      "Hashes": "SHA256=8e3faaa5eb4a2a4d0e2788fe442bcac6d604be5a0c5a9f09d08f06e3a3fcf570",
      "ParentProcessGuid": "{8b8a9dc4-d4e5-6964-1d28-c634d2610000}",
      "ParentProcessId": 263275,
      "ParentImage": "/usr/bin/dash",
      "ParentCommandLine": "/bin/sh",
      "ParentUser": "_apt"
    },
    {
      "row_id": 288,
      "Provider_Name": "Linux-Sysmon",
      "Guid": "{ff032593-a8d3-4f13-b0d6-01fc615a0f97}",
      "EventID": 5,
      "Version": 3,
      "Level": 4,
      "Task": 5,
      "Opcode": 0,
      "Keywords": "0x8000000000000000",
      "SystemTime": "2026-01-13T08:53:35.795894000Z",
      "EventRecordID": 664615,
      "ProcessID": "5412",
      "ThreadID": "5412",
      "Channel": "Linux-Sysmon/Operational",
      "Computer": "vincenzolog-VMware-Virtual-Platform",
      "UserId": "0",
      "RuleName": "-",
      "UtcTime": "2026-01-12 11:03:01.336",
      "ProcessGuid": "{8b8a9dc4-d4e5-6964-41ba-8ffa775a0000}",
      "Image": "/usr/bin/rm",
      "User": "_apt",
      "OriginalLogfile": "Shell_Invocation_via_Apt_attack135.log-16RLYWAC.json"
    },
    {
      "row_id": 343,
      "Provider_Name": "Linux-Sysmon",
      "Guid": "{ff032593-a8d3-4f13-b0d6-01fc615a0f97}",
      "EventID": 1,
      "Version": 5,
      "Level": 4,
      "Task": 1,
      "Opcode": 0,
      "Keywords": "0x8000000000000000",
      "SystemTime": "2026-01-13T08:53:35.854056000Z",
      "EventRecordID": 664670,
      "ProcessID": "5412",
      "ThreadID": "5412",
      "Channel": "Linux-Sysmon/Operational",
      "Computer": "vincenzolog-VMware-Virtual-Platform",
      "UserId": "0",
      "RuleName": "-",
      "UtcTime": "2026-01-12 11:03:01.394",
      "ProcessGuid": "{8b8a9dc4-d4e5-6964-416a-8fead95c0000}",
      "Image": "/usr/bin/rm",
      "User": "_apt",
      "OriginalLogfile": "Shell_Invocation_via_Apt_attack135.log-16RLYWAC.json",
      "FileVersion": "-",
      "Description": "-",
      "Product": "-",
      "Company": "-",
      "OriginalFileName": "-",
      "CommandLine": "rm -rf /tmp/apt-key-gpghome.YSkGpBtMQ3",
      "CurrentDirectory": "/home/vincenzolog/Auto_test",
      "LogonGuid": "{8b8a9dc4-0000-0000-2a00-000005000000}",
      "LogonId": 42,
      "TerminalSessionId": 3,
      "IntegrityLevel": "no level",
      "SHA256": "8e3faaa5eb4a2a4d0e2788fe442bcac6d604be5a0c5a9f09d08f06e3a3fcf570",
      "Hashes": "SHA256=8e3faaa5eb4a2a4d0e2788fe442bcac6d604be5a0c5a9f09d08f06e3a3fcf570",
      "ParentProcessGuid": "{8b8a9dc4-d4e5-6964-1d28-c634d2610000}",
      "ParentProcessId": 263275,
      "ParentImage": "/usr/bin/dash",
      "ParentCommandLine": "/bin/sh",
      "ParentUser": "_apt"
    },
    {
      "row_id": 344,
      "Provider_Name": "Linux-Sysmon",
      "Guid": "{ff032593-a8d3-4f13-b0d6-01fc615a0f97}",
      "EventID": 5,
      "Version": 3,
      "Level": 4,
      "Task": 5,
      "Opcode": 0,
      "Keywords": "0x8000000000000000",
      "SystemTime": "2026-01-13T08:53:35.855368000Z",
      "EventRecordID": 664671,
      "ProcessID": "5412",
      "ThreadID": "5412",
      "Channel": "Linux-Sysmon/Operational",
      "Computer": "vincenzolog-VMware-Virtual-Platform",
      "UserId": "0",
      "RuleName": "-",
      "UtcTime": "2026-01-12 11:03:01.396",
      "ProcessGuid": "{8b8a9dc4-d4e5-6964-416a-8fead95c0000}",
      "Image": "/usr/bin/rm",
      "User": "_apt",
      "OriginalLogfile": "Shell_Invocation_via_Apt_attack135.log-16RLYWAC.json"
    },
    {
      "row_id": 399,
      "Provider_Name": "Linux-Sysmon",
      "Guid": "{ff032593-a8d3-4f13-b0d6-01fc615a0f97}",
      "EventID": 1,
      "Version": 5,
      "Level": 4,
      "Task": 1,
      "Opcode": 0,
      "Keywords": "0x8000000000000000",
      "SystemTime": "2026-01-13T08:53:35.940006000Z",
      "EventRecordID": 664726,
      "ProcessID": "5412",
      "ThreadID": "5412",
      "Channel": "Linux-Sysmon/Operational",
      "Computer": "vincenzolog-VMware-Virtual-Platform",
      "UserId": "0",
      "RuleName": "-",
      "UtcTime": "2026-01-12 11:03:01.480",
      "ProcessGuid": "{8b8a9dc4-d4e5-6964-413a-6d926e5d0000}",
      "Image": "/usr/bin/rm",
      "User": "_apt",
      "OriginalLogfile": "Shell_Invocation_via_Apt_attack135.log-16RLYWAC.json",
      "FileVersion": "-",
      "Description": "-",
      "Product": "-",
      "Company": "-",
      "OriginalFileName": "-",
      "CommandLine": "rm -rf /tmp/apt-key-gpghome.5GL8JLR0jc",
      "CurrentDirectory": "/home/vincenzolog/Auto_test",
      "LogonGuid": "{8b8a9dc4-0000-0000-2a00-000005000000}",
      "LogonId": 42,
      "TerminalSessionId": 3,
      "IntegrityLevel": "no level",
      "SHA256": "8e3faaa5eb4a2a4d0e2788fe442bcac6d604be5a0c5a9f09d08f06e3a3fcf570",
      "Hashes": "SHA256=8e3faaa5eb4a2a4d0e2788fe442bcac6d604be5a0c5a9f09d08f06e3a3fcf570",
      "ParentProcessGuid": "{8b8a9dc4-d4e5-6964-1df8-9e851f5b0000}",
      "ParentProcessId": 263333,
      "ParentImage": "/usr/bin/dash",
      "ParentCommandLine": "/bin/sh",
      "ParentUser": "_apt"
    },
    {
      "row_id": 400,
      "Provider_Name": "Linux-Sysmon",
      "Guid": "{ff032593-a8d3-4f13-b0d6-01fc615a0f97}",
      "EventID": 5,
      "Version": 3,
      "Level": 4,
      "Task": 5,
      "Opcode": 0,
      "Keywords": "0x8000000000000000",
      "SystemTime": "2026-01-13T08:53:35.941171000Z",
      "EventRecordID": 664727,
      "ProcessID": "5412",
      "ThreadID": "5412",
      "Channel": "Linux-Sysmon/Operational",
      "Computer": "vincenzolog-VMware-Virtual-Platform",
      "UserId": "0",
      "RuleName": "-",
      "UtcTime": "2026-01-12 11:03:01.482",
      "ProcessGuid": "{8b8a9dc4-d4e5-6964-413a-6d926e5d0000}",
      "Image": "/usr/bin/rm",
      "User": "_apt",
      "OriginalLogfile": "Shell_Invocation_via_Apt_attack135.log-16RLYWAC.json"
    },
    {
      "row_id": 455,
      "Provider_Name": "Linux-Sysmon",
      "Guid": "{ff032593-a8d3-4f13-b0d6-01fc615a0f97}",
      "EventID": 1,
      "Version": 5,
      "Level": 4,
      "Task": 1,
      "Opcode": 0,
      "Keywords": "0x8000000000000000",
      "SystemTime": "2026-01-13T08:53:36.064727000Z",
      "EventRecordID": 664782,
      "ProcessID": "5412",
      "ThreadID": "5412",
      "Channel": "Linux-Sysmon/Operational",
      "Computer": "vincenzolog-VMware-Virtual-Platform",
      "UserId": "0",
      "RuleName": "-",
      "UtcTime": "2026-01-12 11:03:01.605",
      "ProcessGuid": "{8b8a9dc4-d4e5-6964-41aa-423fe2590000}",
      "Image": "/usr/bin/rm",
      "User": "_apt",
      "OriginalLogfile": "Shell_Invocation_via_Apt_attack135.log-16RLYWAC.json",
      "FileVersion": "-",
      "Description": "-",
      "Product": "-",
      "Company": "-",
      "OriginalFileName": "-",
      "CommandLine": "rm -rf /tmp/apt-key-gpghome.sjGYrXAW85",
      "CurrentDirectory": "/home/vincenzolog/Auto_test",
      "LogonGuid": "{8b8a9dc4-0000-0000-2a00-000005000000}",
      "LogonId": 42,
      "TerminalSessionId": 3,
      "IntegrityLevel": "no level",
      "SHA256": "8e3faaa5eb4a2a4d0e2788fe442bcac6d604be5a0c5a9f09d08f06e3a3fcf570",
      "Hashes": "SHA256=8e3faaa5eb4a2a4d0e2788fe442bcac6d604be5a0c5a9f09d08f06e3a3fcf570",
      "ParentProcessGuid": "{8b8a9dc4-d4e5-6964-1d98-d29050580000}",
      "ParentProcessId": 263366,
      "ParentImage": "/usr/bin/dash",
      "ParentCommandLine": "/bin/sh",
      "ParentUser": "_apt"
    },
    {
      "row_id": 456,
      "Provider_Name": "Linux-Sysmon",
      "Guid": "{ff032593-a8d3-4f13-b0d6-01fc615a0f97}",
      "EventID": 5,
      "Version": 3,
      "Level": 4,
      "Task": 5,
      "Opcode": 0,
      "Keywords": "0x8000000000000000",
      "SystemTime": "2026-01-13T08:53:36.065864000Z",
      "EventRecordID": 664783,
      "ProcessID": "5412",
      "ThreadID": "5412",
      "Channel": "Linux-Sysmon/Operational",
      "Computer": "vincenzolog-VMware-Virtual-Platform",
      "UserId": "0",
      "RuleName": "-",
      "UtcTime": "2026-01-12 11:03:01.606",
      "ProcessGuid": "{8b8a9dc4-d4e5-6964-41aa-423fe2590000}",
      "Image": "/usr/bin/rm",
      "User": "_apt",
      "OriginalLogfile": "Shell_Invocation_via_Apt_attack135.log-16RLYWAC.json"
    },
    {
      "row_id": 542,
      "Provider_Name": "Linux-Sysmon",
      "Guid": "{ff032593-a8d3-4f13-b0d6-01fc615a0f97}",
      "EventID": 1,
      "Version": 5,
      "Level": 4,
      "Task": 1,
      "Opcode": 0,
      "Keywords": "0x8000000000000000",
      "SystemTime": "2026-01-13T08:53:36.225816000Z",
      "EventRecordID": 664869,
      "ProcessID": "5412",
      "ThreadID": "5412",
      "Channel": "Linux-Sysmon/Operational",
      "Computer": "vincenzolog-VMware-Virtual-Platform",
      "UserId": "0",
      "RuleName": "-",
      "UtcTime": "2026-01-12 11:03:01.766",
      "ProcessGuid": "{8b8a9dc4-d4e5-6964-41ca-bfd19c570000}",
      "Image": "/usr/bin/rm",
      "User": "root",
      "OriginalLogfile": "Shell_Invocation_via_Apt_attack135.log-16RLYWAC.json",
      "FileVersion": "-",
      "Description": "-",
      "Product": "-",
      "Company": "-",
      "OriginalFileName": "-",
      "CommandLine": "rm -f /var/lib/update-notifier/tmp.ZrTHv69JUe",
      "CurrentDirectory": "/tmp",
      "LogonGuid": "{8b8a9dc4-080f-6966-0000-000005000000}",
      "LogonId": 0,
      "TerminalSessionId": 3,
      "IntegrityLevel": "no level",
      "SHA256": "8e3faaa5eb4a2a4d0e2788fe442bcac6d604be5a0c5a9f09d08f06e3a3fcf570",
      "Hashes": "SHA256=8e3faaa5eb4a2a4d0e2788fe442bcac6d604be5a0c5a9f09d08f06e3a3fcf570",
      "ParentProcessGuid": "{8b8a9dc4-d4e5-6964-1db8-74562d560000}",
      "ParentProcessId": 263428,
      "ParentImage": "/usr/bin/dash",
      "ParentCommandLine": "/bin/sh",
      "ParentUser": "root"
    },
    {
      "row_id": 543,
      "Provider_Name": "Linux-Sysmon",
      "Guid": "{ff032593-a8d3-4f13-b0d6-01fc615a0f97}",
      "EventID": 5,
      "Version": 3,
      "Level": 4,
      "Task": 5,
      "Opcode": 0,
      "Keywords": "0x8000000000000000",
      "SystemTime": "2026-01-13T08:53:36.226891000Z",
      "EventRecordID": 664870,
      "ProcessID": "5412",
      "ThreadID": "5412",
      "Channel": "Linux-Sysmon/Operational",
      "Computer": "vincenzolog-VMware-Virtual-Platform",
      "UserId": "0",
      "RuleName": "-",
      "UtcTime": "2026-01-12 11:03:01.767",
      "ProcessGuid": "{8b8a9dc4-d4e5-6964-41ca-bfd19c570000}",
      "Image": "/usr/bin/rm",
      "User": "root",
      "OriginalLogfile": "Shell_Invocation_via_Apt_attack135.log-16RLYWAC.json"
    },
    {
      "row_id": 604,
      "Provider_Name": "Linux-Sysmon",
      "Guid": "{ff032593-a8d3-4f13-b0d6-01fc615a0f97}",
      "EventID": 1,
      "Version": 5,
      "Level": 4,
      "Task": 1,
      "Opcode": 0,
      "Keywords": "0x8000000000000000",
      "SystemTime": "2026-01-13T08:53:36.574395000Z",
      "EventRecordID": 664931,
      "ProcessID": "5412",
      "ThreadID": "5412",
      "Channel": "Linux-Sysmon/Operational",
      "Computer": "vincenzolog-VMware-Virtual-Platform",
      "UserId": "0",
      "RuleName": "-",
      "UtcTime": "2026-01-12 11:03:02.115",
      "ProcessGuid": "{8b8a9dc4-d4e6-6964-417a-e1c9f6640000}",
      "Image": "/usr/bin/rm",
      "User": "_apt",
      "OriginalLogfile": "Shell_Invocation_via_Apt_attack135.log-16RLYWAC.json",
      "FileVersion": "-",
      "Description": "-",
      "Product": "-",
      "Company": "-",
      "OriginalFileName": "-",
      "CommandLine": "rm -rf /tmp/apt-key-gpghome.55Z9AB6pyx",
      "CurrentDirectory": "/",
      "LogonGuid": "{8b8a9dc4-0000-0000-2a00-000000000000}",
      "LogonId": 42,
      "TerminalSessionId": 4294967295,
      "IntegrityLevel": "no level",
      "SHA256": "8e3faaa5eb4a2a4d0e2788fe442bcac6d604be5a0c5a9f09d08f06e3a3fcf570",
      "Hashes": "SHA256=8e3faaa5eb4a2a4d0e2788fe442bcac6d604be5a0c5a9f09d08f06e3a3fcf570",
      "ParentProcessGuid": "{8b8a9dc4-d4e6-6964-1d08-382e48570000}",
      "ParentProcessId": 263447,
      "ParentImage": "/usr/bin/dash",
      "ParentCommandLine": "/bin/sh",
      "ParentUser": "_apt"
    },
    {
      "row_id": 605,
      "Provider_Name": "Linux-Sysmon",
      "Guid": "{ff032593-a8d3-4f13-b0d6-01fc615a0f97}",
      "EventID": 5,
      "Version": 3,
      "Level": 4,
      "Task": 5,
      "Opcode": 0,
      "Keywords": "0x8000000000000000",
      "SystemTime": "2026-01-13T08:53:36.575485000Z",
      "EventRecordID": 664932,
      "ProcessID": "5412",
      "ThreadID": "5412",
      "Channel": "Linux-Sysmon/Operational",
      "Computer": "vincenzolog-VMware-Virtual-Platform",
      "UserId": "0",
      "RuleName": "-",
      "UtcTime": "2026-01-12 11:03:02.116",
      "ProcessGuid": "{8b8a9dc4-d4e6-6964-417a-e1c9f6640000}",
      "Image": "/usr/bin/rm",
      "User": "_apt",
      "OriginalLogfile": "Shell_Invocation_via_Apt_attack135.log-16RLYWAC.json"
    },
    {
      "row_id": 660,
      "Provider_Name": "Linux-Sysmon",
      "Guid": "{ff032593-a8d3-4f13-b0d6-01fc615a0f97}",
      "EventID": 1,
      "Version": 5,
      "Level": 4,
      "Task": 1,
      "Opcode": 0,
      "Keywords": "0x8000000000000000",
      "SystemTime": "2026-01-13T08:53:36.841112000Z",
      "EventRecordID": 664987,
      "ProcessID": "5412",
      "ThreadID": "5412",
      "Channel": "Linux-Sysmon/Operational",
      "Computer": "vincenzolog-VMware-Virtual-Platform",
      "UserId": "0",
      "RuleName": "-",
      "UtcTime": "2026-01-12 11:03:02.381",
      "ProcessGuid": "{8b8a9dc4-d4e6-6964-41ca-c3a15e590000}",
      "Image": "/usr/bin/rm",
      "User": "_apt",
      "OriginalLogfile": "Shell_Invocation_via_Apt_attack135.log-16RLYWAC.json",
      "FileVersion": "-",
      "Description": "-",
      "Product": "-",
      "Company": "-",
      "OriginalFileName": "-",
      "CommandLine": "rm -rf /tmp/apt-key-gpghome.FD33e23aUJ",
      "CurrentDirectory": "/",
      "LogonGuid": "{8b8a9dc4-0000-0000-2a00-000000000000}",
      "LogonId": 42,
      "TerminalSessionId": 4294967295,
      "IntegrityLevel": "no level",
      "SHA256": "8e3faaa5eb4a2a4d0e2788fe442bcac6d604be5a0c5a9f09d08f06e3a3fcf570",
      "Hashes": "SHA256=8e3faaa5eb4a2a4d0e2788fe442bcac6d604be5a0c5a9f09d08f06e3a3fcf570",
      "ParentProcessGuid": "{8b8a9dc4-d4e6-6964-1df8-e80ecb580000}",
      "ParentProcessId": 263480,
      "ParentImage": "/usr/bin/dash",
      "ParentCommandLine": "/bin/sh",
      "ParentUser": "_apt"
    },
    {
      "row_id": 661,
      "Provider_Name": "Linux-Sysmon",
      "Guid": "{ff032593-a8d3-4f13-b0d6-01fc615a0f97}",
      "EventID": 5,
      "Version": 3,
      "Level": 4,
      "Task": 5,
      "Opcode": 0,
      "Keywords": "0x8000000000000000",
      "SystemTime": "2026-01-13T08:53:36.842245000Z",
      "EventRecordID": 664988,
      "ProcessID": "5412",
      "ThreadID": "5412",
      "Channel": "Linux-Sysmon/Operational",
      "Computer": "vincenzolog-VMware-Virtual-Platform",
      "UserId": "0",
      "RuleName": "-",
      "UtcTime": "2026-01-12 11:03:02.383",
      "ProcessGuid": "{8b8a9dc4-d4e6-6964-41ca-c3a15e590000}",
      "Image": "/usr/bin/rm",
      "User": "_apt",
      "OriginalLogfile": "Shell_Invocation_via_Apt_attack135.log-16RLYWAC.json"
    }
  ]
},
{
  "title": "Local System Accounts Discovery - Linux",
  "id": "b45e3d6f-42c6-47d8-a478-df6bd6cf534c",
  "description": "Detects enumeration of local system accounts. This information can help adversaries determine which local accounts exist on a system to aid in follow-on behavior.",
  "sigmafile": "",
  "sigma": [
    "SELECT * FROM logs WHERE Image LIKE '%/lastlog' ESCAPE '\\' OR CommandLine LIKE '%''x:0:''%' ESCAPE '\\' OR ((Image LIKE '%/cat' ESCAPE '\\' OR Image LIKE '%/ed' ESCAPE '\\' OR Image LIKE '%/head' ESCAPE '\\' OR Image LIKE '%/more' ESCAPE '\\' OR Image LIKE '%/nano' ESCAPE '\\' OR Image LIKE '%/tail' ESCAPE '\\' OR Image LIKE '%/vi' ESCAPE '\\' OR Image LIKE '%/vim' ESCAPE '\\' OR Image LIKE '%/less' ESCAPE '\\' OR Image LIKE '%/emacs' ESCAPE '\\' OR Image LIKE '%/sqlite3' ESCAPE '\\' OR Image LIKE '%/makemap' ESCAPE '\\') AND (CommandLine LIKE '%/etc/passwd%' ESCAPE '\\' OR CommandLine LIKE '%/etc/shadow%' ESCAPE '\\' OR CommandLine LIKE '%/etc/sudoers%' ESCAPE '\\' OR CommandLine LIKE '%/etc/spwd.db%' ESCAPE '\\' OR CommandLine LIKE '%/etc/pwd.db%' ESCAPE '\\' OR CommandLine LIKE '%/etc/master.passwd%' ESCAPE '\\')) OR Image LIKE '%/id' ESCAPE '\\' OR (Image LIKE '%/lsof' ESCAPE '\\' AND CommandLine LIKE '%-u%' ESCAPE '\\')"
  ],
  "rule_level": "low",
  "tags": [
    "attack.discovery",
    "attack.t1087.001"
  ],
  "count": 2,
  "matches": [
    {
      "row_id": 40,
      "Provider_Name": "Linux-Sysmon",
      "Guid": "{ff032593-a8d3-4f13-b0d6-01fc615a0f97}",
      "EventID": 1,
      "Version": 5,
      "Level": 4,
      "Task": 1,
      "Opcode": 0,
      "Keywords": "0x8000000000000000",
      "SystemTime": "2026-01-13T08:53:35.133163000Z",
      "EventRecordID": 664367,
      "ProcessID": "5412",
      "ThreadID": "5412",
      "Channel": "Linux-Sysmon/Operational",
      "Computer": "vincenzolog-VMware-Virtual-Platform",
      "UserId": "0",
      "RuleName": "-",
      "UtcTime": "2026-01-12 11:03:00.673",
      "ProcessGuid": "{8b8a9dc4-d4e4-6964-01af-43a7d15a0000}",
      "Image": "/usr/bin/id",
      "User": "root",
      "OriginalLogfile": "Shell_Invocation_via_Apt_attack135.log-16RLYWAC.json",
      "FileVersion": "-",
      "Description": "-",
      "Product": "-",
      "Company": "-",
      "OriginalFileName": "-",
      "CommandLine": "id -u",
      "CurrentDirectory": "/tmp",
      "LogonGuid": "{8b8a9dc4-080f-6966-0000-000005000000}",
      "LogonId": 0,
      "TerminalSessionId": 3,
      "IntegrityLevel": "no level",
      "SHA256": "5a5817d18b918a366ef4c07e2806e0aeb3d9b144ff90c036f0a4a94f347a96fc",
      "Hashes": "SHA256=5a5817d18b918a366ef4c07e2806e0aeb3d9b144ff90c036f0a4a94f347a96fc",
      "ParentProcessGuid": "{8b8a9dc4-d4e4-6964-1df8-6a2d66590000}",
      "ParentProcessId": 263152,
      "ParentImage": "/usr/bin/dash",
      "ParentCommandLine": "sh",
      "ParentUser": "root"
    },
    {
      "row_id": 41,
      "Provider_Name": "Linux-Sysmon",
      "Guid": "{ff032593-a8d3-4f13-b0d6-01fc615a0f97}",
      "EventID": 5,
      "Version": 3,
      "Level": 4,
      "Task": 5,
      "Opcode": 0,
      "Keywords": "0x8000000000000000",
      "SystemTime": "2026-01-13T08:53:35.134413000Z",
      "EventRecordID": 664368,
      "ProcessID": "5412",
      "ThreadID": "5412",
      "Channel": "Linux-Sysmon/Operational",
      "Computer": "vincenzolog-VMware-Virtual-Platform",
      "UserId": "0",
      "RuleName": "-",
      "UtcTime": "2026-01-12 11:03:00.675",
      "ProcessGuid": "{8b8a9dc4-d4e4-6964-01af-43a7d15a0000}",
      "Image": "/usr/bin/id",
      "User": "root",
      "OriginalLogfile": "Shell_Invocation_via_Apt_attack135.log-16RLYWAC.json"
    }
  ]
},
{
  "title": "Chmod Suspicious Directory",
  "id": "6419afd1-3742-47a5-a7e6-b50386cd15f8",
  "description": "Detects chmod targeting files in abnormal directory paths.",
  "sigmafile": "",
  "sigma": [
    "SELECT * FROM logs WHERE Image LIKE '%/chmod' ESCAPE '\\' AND (CommandLine LIKE '%/tmp/%' ESCAPE '\\' OR CommandLine LIKE '%/.Library/%' ESCAPE '\\' OR CommandLine LIKE '%/etc/%' ESCAPE '\\' OR CommandLine LIKE '%/opt/%' ESCAPE '\\')"
  ],
  "rule_level": "medium",
  "tags": [
    "attack.defense-evasion",
    "attack.t1222.002"
  ],
  "count": 8,
  "matches": [
    {
      "row_id": 107,
      "Provider_Name": "Linux-Sysmon",
      "Guid": "{ff032593-a8d3-4f13-b0d6-01fc615a0f97}",
      "EventID": 1,
      "Version": 5,
      "Level": 4,
      "Task": 1,
      "Opcode": 0,
      "Keywords": "0x8000000000000000",
      "SystemTime": "2026-01-13T08:53:35.498319000Z",
      "EventRecordID": 664434,
      "ProcessID": "5412",
      "ThreadID": "5412",
      "Channel": "Linux-Sysmon/Operational",
      "Computer": "vincenzolog-VMware-Virtual-Platform",
      "UserId": "0",
      "RuleName": "-",
      "UtcTime": "2026-01-12 11:03:01.038",
      "ProcessGuid": "{8b8a9dc4-d4e5-6964-d12f-b1cd92580000}",
      "Image": "/usr/bin/chmod",
      "User": "_apt",
      "OriginalLogfile": "Shell_Invocation_via_Apt_attack135.log-16RLYWAC.json",
      "FileVersion": "-",
      "Description": "-",
      "Product": "-",
      "Company": "-",
      "OriginalFileName": "-",
      "CommandLine": "chmod 700 /tmp/apt-key-gpghome.jch3SCebLt",
      "CurrentDirectory": "/home/vincenzolog/Auto_test",
      "LogonGuid": "{8b8a9dc4-0000-0000-2a00-000005000000}",
      "LogonId": 42,
      "TerminalSessionId": 3,
      "IntegrityLevel": "no level",
      "SHA256": "f162501708c719c786ddceb78c2cc3b48dc2e33683114da199223c978bd62324",
      "Hashes": "SHA256=f162501708c719c786ddceb78c2cc3b48dc2e33683114da199223c978bd62324",
      "ParentProcessGuid": "{8b8a9dc4-d4e4-6964-1d28-c20e35570000}",
      "ParentProcessId": 263176,
      "ParentImage": "/usr/bin/dash",
      "ParentCommandLine": "/bin/sh",
      "ParentUser": "_apt"
    },
    {
      "row_id": 163,
      "Provider_Name": "Linux-Sysmon",
      "Guid": "{ff032593-a8d3-4f13-b0d6-01fc615a0f97}",
      "EventID": 1,
      "Version": 5,
      "Level": 4,
      "Task": 1,
      "Opcode": 0,
      "Keywords": "0x8000000000000000",
      "SystemTime": "2026-01-13T08:53:35.593554000Z",
      "EventRecordID": 664490,
      "ProcessID": "5412",
      "ThreadID": "5412",
      "Channel": "Linux-Sysmon/Operational",
      "Computer": "vincenzolog-VMware-Virtual-Platform",
      "UserId": "0",
      "RuleName": "-",
      "UtcTime": "2026-01-12 11:03:01.134",
      "ProcessGuid": "{8b8a9dc4-d4e5-6964-d1af-ba45535e0000}",
      "Image": "/usr/bin/chmod",
      "User": "_apt",
      "OriginalLogfile": "Shell_Invocation_via_Apt_attack135.log-16RLYWAC.json",
      "FileVersion": "-",
      "Description": "-",
      "Product": "-",
      "Company": "-",
      "OriginalFileName": "-",
      "CommandLine": "chmod 700 /tmp/apt-key-gpghome.iVp3QxFHQL",
      "CurrentDirectory": "/home/vincenzolog/Auto_test",
      "LogonGuid": "{8b8a9dc4-0000-0000-2a00-000005000000}",
      "LogonId": 42,
      "TerminalSessionId": 3,
      "IntegrityLevel": "no level",
      "SHA256": "f162501708c719c786ddceb78c2cc3b48dc2e33683114da199223c978bd62324",
      "Hashes": "SHA256=f162501708c719c786ddceb78c2cc3b48dc2e33683114da199223c978bd62324",
      "ParentProcessGuid": "{8b8a9dc4-d4e5-6964-1df8-16950b640000}",
      "ParentProcessId": 263209,
      "ParentImage": "/usr/bin/dash",
      "ParentCommandLine": "/bin/sh",
      "ParentUser": "_apt"
    },
    {
      "row_id": 219,
      "Provider_Name": "Linux-Sysmon",
      "Guid": "{ff032593-a8d3-4f13-b0d6-01fc615a0f97}",
      "EventID": 1,
      "Version": 5,
      "Level": 4,
      "Task": 1,
      "Opcode": 0,
      "Keywords": "0x8000000000000000",
      "SystemTime": "2026-01-13T08:53:35.686259000Z",
      "EventRecordID": 664546,
      "ProcessID": "5412",
      "ThreadID": "5412",
      "Channel": "Linux-Sysmon/Operational",
      "Computer": "vincenzolog-VMware-Virtual-Platform",
      "UserId": "0",
      "RuleName": "-",
      "UtcTime": "2026-01-12 11:03:01.226",
      "ProcessGuid": "{8b8a9dc4-d4e5-6964-d1af-9a2576630000}",
      "Image": "/usr/bin/chmod",
      "User": "_apt",
      "OriginalLogfile": "Shell_Invocation_via_Apt_attack135.log-16RLYWAC.json",
      "FileVersion": "-",
      "Description": "-",
      "Product": "-",
      "Company": "-",
      "OriginalFileName": "-",
      "CommandLine": "chmod 700 /tmp/apt-key-gpghome.tEtQbx7yvq",
      "CurrentDirectory": "/home/vincenzolog/Auto_test",
      "LogonGuid": "{8b8a9dc4-0000-0000-2a00-000005000000}",
      "LogonId": 42,
      "TerminalSessionId": 3,
      "IntegrityLevel": "no level",
      "SHA256": "f162501708c719c786ddceb78c2cc3b48dc2e33683114da199223c978bd62324",
      "Hashes": "SHA256=f162501708c719c786ddceb78c2cc3b48dc2e33683114da199223c978bd62324",
      "ParentProcessGuid": "{8b8a9dc4-d4e5-6964-1d28-c9da47580000}",
      "ParentProcessId": 263242,
      "ParentImage": "/usr/bin/dash",
      "ParentCommandLine": "/bin/sh",
      "ParentUser": "_apt"
    },
