    {
      "row_id": 448,
      "Provider_Name": "Linux-Sysmon",
      "Guid": "{ff032593-a8d3-4f13-b0d6-01fc615a0f97}",
      "EventID": 1,
      "Version": 5,
      "Level": 4,
      "Task": 1,
      "Opcode": 0,
      "Keywords": "0x8000000000000000",
      "SystemTime": "2026-01-13T08:52:23.347431000Z",
      "EventRecordID": 657264,
      "ProcessID": "5412",
      "ThreadID": "5412",
      "Channel": "Linux-Sysmon/Operational",
      "Computer": "vincenzolog-VMware-Virtual-Platform",
      "UserId": "0",
      "RuleName": "-",
      "UtcTime": "2026-01-12 11:01:48.887",
      "ProcessGuid": "{8b8a9dc4-d49c-6964-d16f-cd7e99590000}",
      "Image": "/usr/bin/chmod",
      "User": "_apt",
      "OriginalLogfile": "Shell_Invocation_via_Apt_attack124.log-3QUKS460.json",
      "FileVersion": "-",
      "Description": "-",
      "Product": "-",
      "Company": "-",
      "OriginalFileName": "-",
      "CommandLine": "chmod 700 /tmp/apt-key-gpghome.ApKmzsdzzK",
      "CurrentDirectory": "/home/vincenzolog/Auto_test",
      "LogonGuid": "{8b8a9dc4-0000-0000-2a00-000005000000}",
      "LogonId": 42,
      "TerminalSessionId": 3,
      "IntegrityLevel": "no level",
      "SHA256": "f162501708c719c786ddceb78c2cc3b48dc2e33683114da199223c978bd62324",
      "Hashes": "SHA256=f162501708c719c786ddceb78c2cc3b48dc2e33683114da199223c978bd62324",
      "ParentProcessGuid": "{8b8a9dc4-d49c-6964-1d08-13d8b2580000}",
      "ParentProcessId": 259053,
      "ParentImage": "/usr/bin/dash",
      "ParentCommandLine": "/bin/sh",
      "ParentUser": "_apt"
    },
    {
      "row_id": 549,
      "Provider_Name": "Linux-Sysmon",
      "Guid": "{ff032593-a8d3-4f13-b0d6-01fc615a0f97}",
      "EventID": 1,
      "Version": 5,
      "Level": 4,
      "Task": 1,
      "Opcode": 0,
      "Keywords": "0x8000000000000000",
      "SystemTime": "2026-01-13T08:52:23.494257000Z",
      "EventRecordID": 657365,
      "ProcessID": "5412",
      "ThreadID": "5412",
      "Channel": "Linux-Sysmon/Operational",
      "Computer": "vincenzolog-VMware-Virtual-Platform",
      "UserId": "0",
      "RuleName": "-",
      "UtcTime": "2026-01-12 11:01:49.034",
      "ProcessGuid": "{8b8a9dc4-d49d-6964-d10f-7adb88640000}",
      "Image": "/usr/bin/chmod",
      "User": "_apt",
      "OriginalLogfile": "Shell_Invocation_via_Apt_attack124.log-3QUKS460.json",
      "FileVersion": "-",
      "Description": "-",
      "Product": "-",
      "Company": "-",
      "OriginalFileName": "-",
      "CommandLine": "chmod 700 /tmp/apt-key-gpghome.du8T2fcpNM",
      "CurrentDirectory": "/",
      "LogonGuid": "{8b8a9dc4-0000-0000-2a00-000000000000}",
      "LogonId": 42,
      "TerminalSessionId": 4294967295,
      "IntegrityLevel": "no level",
      "SHA256": "f162501708c719c786ddceb78c2cc3b48dc2e33683114da199223c978bd62324",
      "Hashes": "SHA256=f162501708c719c786ddceb78c2cc3b48dc2e33683114da199223c978bd62324",
      "ParentProcessGuid": "{8b8a9dc4-d49c-6964-1d18-90ca5b600000}",
      "ParentProcessId": 259107,
      "ParentImage": "/usr/bin/dash",
      "ParentCommandLine": "/bin/sh",
      "ParentUser": "_apt"
    },
    {
      "row_id": 636,
      "Provider_Name": "Linux-Sysmon",
      "Guid": "{ff032593-a8d3-4f13-b0d6-01fc615a0f97}",
      "EventID": 1,
      "Version": 5,
      "Level": 4,
      "Task": 1,
      "Opcode": 0,
      "Keywords": "0x8000000000000000",
      "SystemTime": "2026-01-13T08:52:23.701192000Z",
      "EventRecordID": 657452,
      "ProcessID": "5412",
      "ThreadID": "5412",
      "Channel": "Linux-Sysmon/Operational",
      "Computer": "vincenzolog-VMware-Virtual-Platform",
      "UserId": "0",
      "RuleName": "-",
      "UtcTime": "2026-01-12 11:01:49.241",
      "ProcessGuid": "{8b8a9dc4-d49d-6964-d1cf-dbe0c05e0000}",
      "Image": "/usr/bin/chmod",
      "User": "_apt",
      "OriginalLogfile": "Shell_Invocation_via_Apt_attack124.log-3QUKS460.json",
      "FileVersion": "-",
      "Description": "-",
      "Product": "-",
      "Company": "-",
      "OriginalFileName": "-",
      "CommandLine": "chmod 700 /tmp/apt-key-gpghome.da2q9fPHh4",
      "CurrentDirectory": "/",
      "LogonGuid": "{8b8a9dc4-0000-0000-2a00-000000000000}",
      "LogonId": 42,
      "TerminalSessionId": 4294967295,
      "IntegrityLevel": "no level",
      "SHA256": "f162501708c719c786ddceb78c2cc3b48dc2e33683114da199223c978bd62324",
      "Hashes": "SHA256=f162501708c719c786ddceb78c2cc3b48dc2e33683114da199223c978bd62324",
      "ParentProcessGuid": "{8b8a9dc4-d49d-6964-1dd8-51f0b35a0000}",
      "ParentProcessId": 259158,
      "ParentImage": "/usr/bin/dash",
      "ParentCommandLine": "/bin/sh",
      "ParentUser": "_apt"
    }
  ]
},
{
  "title": "Shell Invocation via Apt - Linux",
  "id": "bb382fd5-b454-47ea-a264-1828e4c766d6",
  "description": "Detects the use of the \"apt\" and \"apt-get\" commands to execute a shell or proxy commands.\nSuch behavior may be associated with privilege escalation, unauthorized command execution, or to break out from restricted environments.\n",
  "sigmafile": "",
  "sigma": [
    "SELECT * FROM logs WHERE (Image LIKE '%/apt' ESCAPE '\\' OR Image LIKE '%/apt-get' ESCAPE '\\') AND CommandLine LIKE '%APT::Update::Pre-Invoke::=%' ESCAPE '\\'"
  ],
  "rule_level": "medium",
  "tags": [
    "attack.discovery",
    "attack.t1083"
  ],
  "count": 1,
  "matches": [
    {
      "row_id": 16,
      "Provider_Name": "Linux-Sysmon",
      "Guid": "{ff032593-a8d3-4f13-b0d6-01fc615a0f97}",
      "EventID": 1,
      "Version": 5,
      "Level": 4,
      "Task": 1,
      "Opcode": 0,
      "Keywords": "0x8000000000000000",
      "SystemTime": "2026-01-13T08:52:22.252559000Z",
      "EventRecordID": 656832,
      "ProcessID": "5412",
      "ThreadID": "5412",
      "Channel": "Linux-Sysmon/Operational",
      "Computer": "vincenzolog-VMware-Virtual-Platform",
      "UserId": "0",
      "RuleName": "-",
      "UtcTime": "2026-01-12 11:01:47.792",
      "ProcessGuid": "{8b8a9dc4-d49b-6964-a5cb-21a785600000}",
      "Image": "/usr/bin/apt",
      "User": "root",
      "OriginalLogfile": "Shell_Invocation_via_Apt_attack124.log-3QUKS460.json",
      "FileVersion": "-",
      "Description": "-",
      "Product": "-",
      "Company": "-",
      "OriginalFileName": "-",
      "CommandLine": "apt -o APT::Update::Pre-Invoke::=bash -c 'whoami'; find /home /root -name 'id_rsa' -o -name '*.conf' update -qq",
      "CurrentDirectory": "/home/vincenzolog/Auto_test",
      "LogonGuid": "{8b8a9dc4-07c6-6966-0000-000005000000}",
      "LogonId": 0,
      "TerminalSessionId": 3,
      "IntegrityLevel": "no level",
      "SHA256": "0dba8843674864cea269a468b723a38ce0a830790e339b84bdc2b57e05aa558a",
      "Hashes": "SHA256=0dba8843674864cea269a468b723a38ce0a830790e339b84bdc2b57e05aa558a",
      "ParentProcessGuid": "{00000000-0000-0000-0000-000000000000}",
      "ParentProcessId": 258816,
      "ParentImage": "-",
      "ParentCommandLine": "-",
      "ParentUser": "-"
    }
  ]
}]