[{
  "title": "Syslog Clearing or Removal Via System Utilities",
  "id": "3fcc9b35-39e4-44c0-a2ad-9e82b6902b31",
  "description": "Detects specific commands commonly used to remove or empty the syslog. Which is a technique often used by attacker as a method to hide their tracks\n",
  "sigmafile": "",
  "sigma": [
    "SELECT * FROM logs WHERE (CommandLine LIKE '%/var/log/syslog%' ESCAPE '\\' AND ((Image LIKE '%/rm' ESCAPE '\\' AND (CommandLine LIKE '% -r %' ESCAPE '\\' OR CommandLine LIKE '% -f %' ESCAPE '\\' OR CommandLine LIKE '% -rf %' ESCAPE '\\' OR CommandLine LIKE '%/var/log/syslog%' ESCAPE '\\')) OR Image LIKE '%/unlink' ESCAPE '\\' OR Image LIKE '%/mv' ESCAPE '\\' OR (Image LIKE '%/truncate' ESCAPE '\\' AND (CommandLine LIKE '%0 %' ESCAPE '\\' AND CommandLine LIKE '%/var/log/syslog%' ESCAPE '\\') AND (CommandLine LIKE '%-s %' ESCAPE '\\' OR CommandLine LIKE '%-c %' ESCAPE '\\' OR CommandLine LIKE '%--size%' ESCAPE '\\')) OR (Image LIKE '%/ln' ESCAPE '\\' AND (CommandLine LIKE '%/dev/null %' ESCAPE '\\' AND CommandLine LIKE '%/var/log/syslog%' ESCAPE '\\') AND (CommandLine LIKE '%-sf %' ESCAPE '\\' OR CommandLine LIKE '%-sfn %' ESCAPE '\\' OR CommandLine LIKE '%-sfT %' ESCAPE '\\')) OR (Image LIKE '%/cp' ESCAPE '\\' AND CommandLine LIKE '%/dev/null%' ESCAPE '\\') OR (Image LIKE '%/shred' ESCAPE '\\' AND CommandLine LIKE '%-u %' ESCAPE '\\'))) OR ((CommandLine LIKE '% > /var/log/syslog%' ESCAPE '\\' OR CommandLine LIKE '% >/var/log/syslog%' ESCAPE '\\' OR CommandLine LIKE '% >| /var/log/syslog%' ESCAPE '\\' OR CommandLine LIKE '%: > /var/log/syslog%' ESCAPE '\\' OR CommandLine LIKE '%:> /var/log/syslog%' ESCAPE '\\' OR CommandLine LIKE '%:>/var/log/syslog%' ESCAPE '\\' OR CommandLine LIKE '%>|/var/log/syslog%' ESCAPE '\\') OR (CommandLine LIKE '%journalctl --vacuum%' ESCAPE '\\' OR CommandLine LIKE '%journalctl --rotate%' ESCAPE '\\'))"
  ],
  "rule_level": "high",
  "tags": [
    "attack.defense-evasion",
    "attack.t1070.002"
  ],
  "count": 2,
  "matches": [
    {
      "row_id": 4,
      "Provider_Name": "Linux-Sysmon",
      "Guid": "{ff032593-a8d3-4f13-b0d6-01fc615a0f97}",
      "EventID": 1,
      "Version": 5,
      "Level": 4,
      "Task": 1,
      "Opcode": 0,
      "Keywords": "0x8000000000000000",
      "SystemTime": "2026-01-13T08:48:07.726960000Z",
      "EventRecordID": 631012,
      "ProcessID": "5412",
      "ThreadID": "5412",
      "Channel": "Linux-Sysmon/Operational",
      "Computer": "vincenzolog-VMware-Virtual-Platform",
      "UserId": "0",
      "RuleName": "-",
      "UtcTime": "2026-01-12 10:57:33.267",
      "ProcessGuid": "{8b8a9dc4-d39d-6964-1de8-30bf035e0000}",
      "Image": "/usr/bin/dash",
      "User": "root",
      "OriginalLogfile": "Shell_Invocation_via_Apt_attack86.log-KQPV7CUL.json",
      "FileVersion": "-",
      "Description": "-",
      "Product": "-",
      "Company": "-",
      "OriginalFileName": "-",
      "CommandLine": "/bin/sh -c journalctl --vacuum-time=1s",
      "CurrentDirectory": "/home/vincenzolog/Auto_test",
      "LogonGuid": "{8b8a9dc4-0000-0000-0000-000004000000}",
      "LogonId": 0,
      "TerminalSessionId": 3,
      "IntegrityLevel": "no level",
      "SHA256": "86d31f6fb799e91fa21bad341484564510ca287703a16e9e46c53338776f4f42",
      "Hashes": "SHA256=86d31f6fb799e91fa21bad341484564510ca287703a16e9e46c53338776f4f42",
      "ParentProcessGuid": "{8b8a9dc4-d148-6964-1d23-700000000000}",
      "ParentProcessId": 203912,
      "ParentImage": "/usr/bin/python3.12",
      "ParentCommandLine": "python3",
      "ParentUser": "root"
    },
    {
      "row_id": 5,
      "Provider_Name": "Linux-Sysmon",
      "Guid": "{ff032593-a8d3-4f13-b0d6-01fc615a0f97}",
      "EventID": 1,
      "Version": 5,
      "Level": 4,
      "Task": 1,
      "Opcode": 0,
      "Keywords": "0x8000000000000000",
      "SystemTime": "2026-01-13T08:48:07.729187000Z",
      "EventRecordID": 631013,
      "ProcessID": "5412",
      "ThreadID": "5412",
      "Channel": "Linux-Sysmon/Operational",
      "Computer": "vincenzolog-VMware-Virtual-Platform",
      "UserId": "0",
      "RuleName": "-",
      "UtcTime": "2026-01-12 10:57:33.269",
      "ProcessGuid": "{8b8a9dc4-d39d-6964-cd5b-950c115a0000}",
      "Image": "/usr/bin/journalctl",
      "User": "root",
      "OriginalLogfile": "Shell_Invocation_via_Apt_attack86.log-KQPV7CUL.json",
      "FileVersion": "-",
      "Description": "-",
      "Product": "-",
      "Company": "-",
      "OriginalFileName": "-",
      "CommandLine": "journalctl --vacuum-time=1s",
      "CurrentDirectory": "/home/vincenzolog/Auto_test",
      "LogonGuid": "{8b8a9dc4-0000-0000-0000-000004000000}",
      "LogonId": 0,
      "TerminalSessionId": 3,
      "IntegrityLevel": "no level",
      "SHA256": "7bd10a9c601c3204a6c464fc517b204e469eca7f12b09f9c4826f3cc1e42bd79",
      "Hashes": "SHA256=7bd10a9c601c3204a6c464fc517b204e469eca7f12b09f9c4826f3cc1e42bd79",
      "ParentProcessGuid": "{8b8a9dc4-d39d-6964-1de8-30bf035e0000}",
      "ParentProcessId": 243971,
      "ParentImage": "/usr/bin/dash",
      "ParentCommandLine": "/bin/sh",
      "ParentUser": "root"
    }
  ]
},
{
  "title": "File and Directory Discovery - Linux",
  "id": "d3feb4ee-ff1d-4d3d-bd10-5b28a238cc72",
  "description": "Detects usage of system utilities such as \"find\", \"tree\", \"findmnt\", etc, to discover files, directories and network shares.\n",
  "sigmafile": "",
  "sigma": [
    "SELECT * FROM logs WHERE (Image LIKE '%/file' ESCAPE '\\' AND CommandLine REGEXP '(.){200,}') OR (Image LIKE '%/ls' ESCAPE '\\' AND CommandLine LIKE '%-R%' ESCAPE '\\') OR Image LIKE '%/find' ESCAPE '\\' OR Image LIKE '%/tree' ESCAPE '\\' OR Image LIKE '%/findmnt' ESCAPE '\\' OR Image LIKE '%/mlocate' ESCAPE '\\'"
  ],
  "rule_level": "informational",
  "tags": [
    "attack.discovery",
    "attack.t1083"
  ],
  "count": 6,
  "matches": [
    {
      "row_id": 49,
      "Provider_Name": "Linux-Sysmon",
      "Guid": "{ff032593-a8d3-4f13-b0d6-01fc615a0f97}",
      "EventID": 1,
      "Version": 5,
      "Level": 4,
      "Task": 1,
      "Opcode": 0,
      "Keywords": "0x8000000000000000",
      "SystemTime": "2026-01-13T08:48:08.802205000Z",
      "EventRecordID": 631057,
      "ProcessID": "5412",
      "ThreadID": "5412",
      "Channel": "Linux-Sysmon/Operational",
      "Computer": "vincenzolog-VMware-Virtual-Platform",
      "UserId": "0",
      "RuleName": "-",
      "UtcTime": "2026-01-12 10:57:34.338",
      "ProcessGuid": "{8b8a9dc4-d39e-6964-c1ac-247e5b5d0000}",
      "Image": "/usr/bin/find",
      "User": "root",
      "OriginalLogfile": "Shell_Invocation_via_Apt_attack86.log-KQPV7CUL.json",
      "FileVersion": "-",
      "Description": "-",
      "Product": "-",
      "Company": "-",
      "OriginalFileName": "-",
      "CommandLine": "find /home /root -name *.conf",
      "CurrentDirectory": "/tmp",
      "LogonGuid": "{8b8a9dc4-0000-0000-0000-000004000000}",
      "LogonId": 0,
      "TerminalSessionId": 3,
      "IntegrityLevel": "no level",
      "SHA256": "ac1ea1c5391de921aca1572f1bf25d03707beb3887b27c16a5b4948fd553941b",
      "Hashes": "SHA256=ac1ea1c5391de921aca1572f1bf25d03707beb3887b27c16a5b4948fd553941b",
      "ParentProcessGuid": "{8b8a9dc4-d39e-6964-1de8-683ade5c0000}",
      "ParentProcessId": 243997,
      "ParentImage": "/usr/bin/dash",
      "ParentCommandLine": "sh",
      "ParentUser": "root"
    },
    {
      "row_id": 57,
      "Provider_Name": "Linux-Sysmon",
      "Guid": "{ff032593-a8d3-4f13-b0d6-01fc615a0f97}",
      "EventID": 5,
      "Version": 3,
      "Level": 4,
      "Task": 5,
      "Opcode": 0,
      "Keywords": "0x8000000000000000",
      "SystemTime": "2026-01-13T08:48:08.915634000Z",
      "EventRecordID": 631065,
      "ProcessID": "5412",
      "ThreadID": "5412",
      "Channel": "Linux-Sysmon/Operational",
      "Computer": "vincenzolog-VMware-Virtual-Platform",
      "UserId": "0",
      "RuleName": "-",
      "UtcTime": "2026-01-12 10:57:34.456",
      "ProcessGuid": "{8b8a9dc4-d39e-6964-c1ac-247e5b5d0000}",
      "Image": "/usr/bin/find",
      "User": "root",
      "OriginalLogfile": "Shell_Invocation_via_Apt_attack86.log-KQPV7CUL.json"
    },
    {
      "row_id": 295,
      "Provider_Name": "Linux-Sysmon",
      "Guid": "{ff032593-a8d3-4f13-b0d6-01fc615a0f97}",
      "EventID": 1,
      "Version": 5,
      "Level": 4,
      "Task": 1,
      "Opcode": 0,
      "Keywords": "0x8000000000000000",
      "SystemTime": "2026-01-13T08:48:09.413368000Z",
      "EventRecordID": 631303,
      "ProcessID": "5412",
      "ThreadID": "5412",
      "Channel": "Linux-Sysmon/Operational",
      "Computer": "vincenzolog-VMware-Virtual-Platform",
      "UserId": "0",
      "RuleName": "-",
      "UtcTime": "2026-01-12 10:57:34.953",
      "ProcessGuid": "{8b8a9dc4-d39e-6964-c12c-d824485c0000}",
      "Image": "/usr/bin/find",
      "User": "_apt",
      "OriginalLogfile": "Shell_Invocation_via_Apt_attack86.log-KQPV7CUL.json",
      "FileVersion": "-",
      "Description": "-",
      "Product": "-",
      "Company": "-",
      "OriginalFileName": "-",
      "CommandLine": "find /etc/apt/trusted.gpg.d -mindepth 1 -maxdepth 1 ( -name *.gpg -o -name *.asc )",
      "CurrentDirectory": "/",
      "LogonGuid": "{8b8a9dc4-0000-0000-2a00-000004000000}",
      "LogonId": 42,
      "TerminalSessionId": 3,
      "IntegrityLevel": "no level",
      "SHA256": "ac1ea1c5391de921aca1572f1bf25d03707beb3887b27c16a5b4948fd553941b",
      "Hashes": "SHA256=ac1ea1c5391de921aca1572f1bf25d03707beb3887b27c16a5b4948fd553941b",
      "ParentProcessGuid": "{8b8a9dc4-d39e-6964-1d68-48729a5b0000}",
      "ParentProcessId": 244114,
      "ParentImage": "/usr/bin/dash",
      "ParentCommandLine": "/bin/sh",
      "ParentUser": "_apt"
    },
    {
      "row_id": 296,
      "Provider_Name": "Linux-Sysmon",
      "Guid": "{ff032593-a8d3-4f13-b0d6-01fc615a0f97}",
      "EventID": 5,
      "Version": 3,
      "Level": 4,
      "Task": 5,
      "Opcode": 0,
      "Keywords": "0x8000000000000000",
      "SystemTime": "2026-01-13T08:48:09.414801000Z",
      "EventRecordID": 631304,
      "ProcessID": "5412",
      "ThreadID": "5412",
      "Channel": "Linux-Sysmon/Operational",
      "Computer": "vincenzolog-VMware-Virtual-Platform",
      "UserId": "0",
      "RuleName": "-",
      "UtcTime": "2026-01-12 10:57:34.955",
      "ProcessGuid": "{8b8a9dc4-d39e-6964-c12c-d824485c0000}",
      "Image": "/usr/bin/find",
      "User": "_apt",
      "OriginalLogfile": "Shell_Invocation_via_Apt_attack86.log-KQPV7CUL.json"
    },
    {
      "row_id": 529,
      "Provider_Name": "Linux-Sysmon",
      "Guid": "{ff032593-a8d3-4f13-b0d6-01fc615a0f97}",
      "EventID": 1,
      "Version": 5,
      "Level": 4,
      "Task": 1,
      "Opcode": 0,
      "Keywords": "0x8000000000000000",
      "SystemTime": "2026-01-13T08:48:09.788627000Z",
      "EventRecordID": 631537,
      "ProcessID": "5412",
      "ThreadID": "5412",
      "Channel": "Linux-Sysmon/Operational",
      "Computer": "vincenzolog-VMware-Virtual-Platform",
      "UserId": "0",
      "RuleName": "-",
      "UtcTime": "2026-01-12 10:57:35.328",
      "ProcessGuid": "{8b8a9dc4-d39f-6964-c12c-8195c75e0000}",
      "Image": "/usr/bin/find",
      "User": "root",
      "OriginalLogfile": "Shell_Invocation_via_Apt_attack86.log-KQPV7CUL.json",
      "FileVersion": "-",
      "Description": "-",
      "Product": "-",
      "Company": "-",
      "OriginalFileName": "-",
      "CommandLine": "find /var/lib/apt/lists/ /etc/apt/sources.list //var/lib/dpkg/status -type f -newer /var/lib/update-notifier/updates-available -print -quit",
      "CurrentDirectory": "/tmp",
      "LogonGuid": "{8b8a9dc4-0000-0000-0000-000004000000}",
      "LogonId": 0,
      "TerminalSessionId": 3,
      "IntegrityLevel": "no level",
      "SHA256": "ac1ea1c5391de921aca1572f1bf25d03707beb3887b27c16a5b4948fd553941b",
      "Hashes": "SHA256=ac1ea1c5391de921aca1572f1bf25d03707beb3887b27c16a5b4948fd553941b",
      "ParentProcessGuid": "{8b8a9dc4-d39f-6964-1d78-e4a642570000}",
      "ParentProcessId": 244258,
      "ParentImage": "/usr/bin/dash",
      "ParentCommandLine": "/bin/sh",
      "ParentUser": "root"
    },
    {
      "row_id": 532,
      "Provider_Name": "Linux-Sysmon",
      "Guid": "{ff032593-a8d3-4f13-b0d6-01fc615a0f97}",
      "EventID": 5,
      "Version": 3,
      "Level": 4,
      "Task": 5,
      "Opcode": 0,
      "Keywords": "0x8000000000000000",
      "SystemTime": "2026-01-13T08:48:09.790483000Z",
      "EventRecordID": 631540,
      "ProcessID": "5412",
      "ThreadID": "5412",
      "Channel": "Linux-Sysmon/Operational",
      "Computer": "vincenzolog-VMware-Virtual-Platform",
      "UserId": "0",
      "RuleName": "-",
      "UtcTime": "2026-01-12 10:57:35.331",
      "ProcessGuid": "{8b8a9dc4-d39f-6964-c12c-8195c75e0000}",
      "Image": "/usr/bin/find",
      "User": "root",
      "OriginalLogfile": "Shell_Invocation_via_Apt_attack86.log-KQPV7CUL.json"
    }
  ]
},
{
  "title": "File Deletion",
  "id": "30aed7b6-d2c1-4eaf-9382-b6bc43e50c57",
  "description": "Detects file deletion using \"rm\", \"shred\" or \"unlink\" commands which are used often by adversaries to delete files left behind by the actions of their intrusion activity",
  "sigmafile": "",
  "sigma": [
    "SELECT * FROM logs WHERE Image LIKE '%/rm' ESCAPE '\\' OR Image LIKE '%/shred' ESCAPE '\\' OR Image LIKE '%/unlink' ESCAPE '\\'"
  ],
  "rule_level": "informational",
  "tags": [
    "attack.defense-evasion",
    "attack.t1070.004"
  ],
  "count": 20,
  "matches": [
    {
      "row_id": 129,
      "Provider_Name": "Linux-Sysmon",
      "Guid": "{ff032593-a8d3-4f13-b0d6-01fc615a0f97}",
      "EventID": 1,
      "Version": 5,
      "Level": 4,
      "Task": 1,
      "Opcode": 0,
      "Keywords": "0x8000000000000000",
      "SystemTime": "2026-01-13T08:48:09.132704000Z",
      "EventRecordID": 631137,
      "ProcessID": "5412",
      "ThreadID": "5412",
      "Channel": "Linux-Sysmon/Operational",
      "Computer": "vincenzolog-VMware-Virtual-Platform",
      "UserId": "0",
      "RuleName": "-",
      "UtcTime": "2026-01-12 10:57:34.673",
      "ProcessGuid": "{8b8a9dc4-d39e-6964-41aa-52b22b640000}",
      "Image": "/usr/bin/rm",
      "User": "_apt",
      "OriginalLogfile": "Shell_Invocation_via_Apt_attack86.log-KQPV7CUL.json",
      "FileVersion": "-",
      "Description": "-",
      "Product": "-",
      "Company": "-",
      "OriginalFileName": "-",
      "CommandLine": "rm -rf /tmp/apt-key-gpghome.q6Q0xrqIfj",
      "CurrentDirectory": "/home/vincenzolog/Auto_test",
      "LogonGuid": "{8b8a9dc4-0000-0000-2a00-000004000000}",
      "LogonId": 42,
      "TerminalSessionId": 3,
      "IntegrityLevel": "no level",
      "SHA256": "8e3faaa5eb4a2a4d0e2788fe442bcac6d604be5a0c5a9f09d08f06e3a3fcf570",
      "Hashes": "SHA256=8e3faaa5eb4a2a4d0e2788fe442bcac6d604be5a0c5a9f09d08f06e3a3fcf570",
      "ParentProcessGuid": "{8b8a9dc4-d39e-6964-1d38-55d3b95e0000}",
      "ParentProcessId": 244015,
      "ParentImage": "/usr/bin/dash",
      "ParentCommandLine": "/bin/sh",
      "ParentUser": "_apt"
    },
    {
      "row_id": 130,
      "Provider_Name": "Linux-Sysmon",
      "Guid": "{ff032593-a8d3-4f13-b0d6-01fc615a0f97}",
      "EventID": 5,
      "Version": 3,
      "Level": 4,
      "Task": 5,
      "Opcode": 0,
      "Keywords": "0x8000000000000000",
      "SystemTime": "2026-01-13T08:48:09.133943000Z",
      "EventRecordID": 631138,
      "ProcessID": "5412",
      "ThreadID": "5412",
      "Channel": "Linux-Sysmon/Operational",
      "Computer": "vincenzolog-VMware-Virtual-Platform",
      "UserId": "0",
      "RuleName": "-",
      "UtcTime": "2026-01-12 10:57:34.674",
      "ProcessGuid": "{8b8a9dc4-d39e-6964-41aa-52b22b640000}",
      "Image": "/usr/bin/rm",
      "User": "_apt",
      "OriginalLogfile": "Shell_Invocation_via_Apt_attack86.log-KQPV7CUL.json"
    },
    {
      "row_id": 185,
      "Provider_Name": "Linux-Sysmon",
      "Guid": "{ff032593-a8d3-4f13-b0d6-01fc615a0f97}",
      "EventID": 1,
      "Version": 5,
      "Level": 4,
      "Task": 1,
      "Opcode": 0,
      "Keywords": "0x8000000000000000",
      "SystemTime": "2026-01-13T08:48:09.226019000Z",
      "EventRecordID": 631193,
      "ProcessID": "5412",
      "ThreadID": "5412",
      "Channel": "Linux-Sysmon/Operational",
      "Computer": "vincenzolog-VMware-Virtual-Platform",
      "UserId": "0",
      "RuleName": "-",
      "UtcTime": "2026-01-12 10:57:34.766",
      "ProcessGuid": "{8b8a9dc4-d39e-6964-41ba-9be31a5c0000}",
      "Image": "/usr/bin/rm",
      "User": "_apt",
      "OriginalLogfile": "Shell_Invocation_via_Apt_attack86.log-KQPV7CUL.json",
      "FileVersion": "-",
      "Description": "-",
      "Product": "-",
      "Company": "-",
      "OriginalFileName": "-",
      "CommandLine": "rm -rf /tmp/apt-key-gpghome.j50SXzWr7e",
      "CurrentDirectory": "/home/vincenzolog/Auto_test",
      "LogonGuid": "{8b8a9dc4-0000-0000-2a00-000004000000}",
      "LogonId": 42,
      "TerminalSessionId": 3,
      "IntegrityLevel": "no level",
      "SHA256": "8e3faaa5eb4a2a4d0e2788fe442bcac6d604be5a0c5a9f09d08f06e3a3fcf570",
      "Hashes": "SHA256=8e3faaa5eb4a2a4d0e2788fe442bcac6d604be5a0c5a9f09d08f06e3a3fcf570",
      "ParentProcessGuid": "{8b8a9dc4-d39e-6964-1d08-b0edf9550000}",
      "ParentProcessId": 244048,
      "ParentImage": "/usr/bin/dash",
      "ParentCommandLine": "/bin/sh",
      "ParentUser": "_apt"
    },
    {
      "row_id": 186,
      "Provider_Name": "Linux-Sysmon",
      "Guid": "{ff032593-a8d3-4f13-b0d6-01fc615a0f97}",
      "EventID": 5,
      "Version": 3,
      "Level": 4,
      "Task": 5,
      "Opcode": 0,
      "Keywords": "0x8000000000000000",
      "SystemTime": "2026-01-13T08:48:09.227183000Z",
      "EventRecordID": 631194,
      "ProcessID": "5412",
      "ThreadID": "5412",
      "Channel": "Linux-Sysmon/Operational",
      "Computer": "vincenzolog-VMware-Virtual-Platform",
      "UserId": "0",
      "RuleName": "-",
      "UtcTime": "2026-01-12 10:57:34.768",
      "ProcessGuid": "{8b8a9dc4-d39e-6964-41ba-9be31a5c0000}",
      "Image": "/usr/bin/rm",
      "User": "_apt",
      "OriginalLogfile": "Shell_Invocation_via_Apt_attack86.log-KQPV7CUL.json"
    },
    {
      "row_id": 241,
      "Provider_Name": "Linux-Sysmon",
      "Guid": "{ff032593-a8d3-4f13-b0d6-01fc615a0f97}",
      "EventID": 1,
      "Version": 5,
      "Level": 4,
      "Task": 1,
      "Opcode": 0,
      "Keywords": "0x8000000000000000",
      "SystemTime": "2026-01-13T08:48:09.318553000Z",
      "EventRecordID": 631249,
      "ProcessID": "5412",
      "ThreadID": "5412",
      "Channel": "Linux-Sysmon/Operational",
      "Computer": "vincenzolog-VMware-Virtual-Platform",
      "UserId": "0",
      "RuleName": "-",
      "UtcTime": "2026-01-12 10:57:34.859",
      "ProcessGuid": "{8b8a9dc4-d39e-6964-412a-a74f6f5c0000}",
      "Image": "/usr/bin/rm",
      "User": "_apt",
      "OriginalLogfile": "Shell_Invocation_via_Apt_attack86.log-KQPV7CUL.json",
      "FileVersion": "-",
      "Description": "-",
      "Product": "-",
      "Company": "-",
      "OriginalFileName": "-",
      "CommandLine": "rm -rf /tmp/apt-key-gpghome.apIjRnj7ZU",
      "CurrentDirectory": "/home/vincenzolog/Auto_test",
      "LogonGuid": "{8b8a9dc4-0000-0000-2a00-000004000000}",
      "LogonId": 42,
      "TerminalSessionId": 3,
      "IntegrityLevel": "no level",
      "SHA256": "8e3faaa5eb4a2a4d0e2788fe442bcac6d604be5a0c5a9f09d08f06e3a3fcf570",
      "Hashes": "SHA256=8e3faaa5eb4a2a4d0e2788fe442bcac6d604be5a0c5a9f09d08f06e3a3fcf570",
      "ParentProcessGuid": "{8b8a9dc4-d39e-6964-1d48-99779b5a0000}",
      "ParentProcessId": 244081,
      "ParentImage": "/usr/bin/dash",
      "ParentCommandLine": "/bin/sh",
      "ParentUser": "_apt"
    },
    {
      "row_id": 242,
      "Provider_Name": "Linux-Sysmon",
      "Guid": "{ff032593-a8d3-4f13-b0d6-01fc615a0f97}",
      "EventID": 5,
      "Version": 3,
      "Level": 4,
      "Task": 5,
      "Opcode": 0,
      "Keywords": "0x8000000000000000",
      "SystemTime": "2026-01-13T08:48:09.319624000Z",
      "EventRecordID": 631250,
      "ProcessID": "5412",
      "ThreadID": "5412",
      "Channel": "Linux-Sysmon/Operational",
      "Computer": "vincenzolog-VMware-Virtual-Platform",
      "UserId": "0",
      "RuleName": "-",
      "UtcTime": "2026-01-12 10:57:34.860",
      "ProcessGuid": "{8b8a9dc4-d39e-6964-412a-a74f6f5c0000}",
      "Image": "/usr/bin/rm",
      "User": "_apt",
      "OriginalLogfile": "Shell_Invocation_via_Apt_attack86.log-KQPV7CUL.json"
    },
    {
      "row_id": 285,
      "Provider_Name": "Linux-Sysmon",
      "Guid": "{ff032593-a8d3-4f13-b0d6-01fc615a0f97}",
      "EventID": 1,
      "Version": 5,
      "Level": 4,
      "Task": 1,
      "Opcode": 0,
      "Keywords": "0x8000000000000000",
      "SystemTime": "2026-01-13T08:48:09.399242000Z",
      "EventRecordID": 631293,
      "ProcessID": "5412",
      "ThreadID": "5412",
      "Channel": "Linux-Sysmon/Operational",
      "Computer": "vincenzolog-VMware-Virtual-Platform",
      "UserId": "0",
      "RuleName": "-",
      "UtcTime": "2026-01-12 10:57:34.939",
      "ProcessGuid": "{8b8a9dc4-d39e-6964-419a-3625eb5d0000}",
      "Image": "/usr/bin/rm",
      "User": "_apt",
      "OriginalLogfile": "Shell_Invocation_via_Apt_attack86.log-KQPV7CUL.json",
      "FileVersion": "-",
      "Description": "-",
      "Product": "-",
      "Company": "-",
      "OriginalFileName": "-",
      "CommandLine": "rm -f /tmp/apt-key-gpghome.Xb0DW5g2VO/pubring.gpg",
      "CurrentDirectory": "/home/vincenzolog/Auto_test",
      "LogonGuid": "{8b8a9dc4-0000-0000-2a00-000004000000}",
      "LogonId": 42,
      "TerminalSessionId": 3,
      "IntegrityLevel": "no level",
      "SHA256": "8e3faaa5eb4a2a4d0e2788fe442bcac6d604be5a0c5a9f09d08f06e3a3fcf570",
      "Hashes": "SHA256=8e3faaa5eb4a2a4d0e2788fe442bcac6d604be5a0c5a9f09d08f06e3a3fcf570",
      "ParentProcessGuid": "{8b8a9dc4-d39e-6964-1d68-48729a5b0000}",
      "ParentProcessId": 244114,
      "ParentImage": "/usr/bin/dash",
      "ParentCommandLine": "/bin/sh",
      "ParentUser": "_apt"
    },
    {
      "row_id": 286,
      "Provider_Name": "Linux-Sysmon",
      "Guid": "{ff032593-a8d3-4f13-b0d6-01fc615a0f97}",
      "EventID": 5,
      "Version": 3,
      "Level": 4,
      "Task": 5,
      "Opcode": 0,
      "Keywords": "0x8000000000000000",
      "SystemTime": "2026-01-13T08:48:09.400224000Z",
      "EventRecordID": 631294,
      "ProcessID": "5412",
      "ThreadID": "5412",
      "Channel": "Linux-Sysmon/Operational",
      "Computer": "vincenzolog-VMware-Virtual-Platform",
      "UserId": "0",
      "RuleName": "-",
      "UtcTime": "2026-01-12 10:57:34.941",
      "ProcessGuid": "{8b8a9dc4-d39e-6964-419a-3625eb5d0000}",
      "Image": "/usr/bin/rm",
      "User": "_apt",
      "OriginalLogfile": "Shell_Invocation_via_Apt_attack86.log-KQPV7CUL.json"
    },
    {
      "row_id": 341,
      "Provider_Name": "Linux-Sysmon",
      "Guid": "{ff032593-a8d3-4f13-b0d6-01fc615a0f97}",
      "EventID": 1,
      "Version": 5,
      "Level": 4,
      "Task": 1,
      "Opcode": 0,
      "Keywords": "0x8000000000000000",
      "SystemTime": "2026-01-13T08:48:09.457674000Z",
      "EventRecordID": 631349,
      "ProcessID": "5412",
      "ThreadID": "5412",
      "Channel": "Linux-Sysmon/Operational",
      "Computer": "vincenzolog-VMware-Virtual-Platform",
      "UserId": "0",
      "RuleName": "-",
      "UtcTime": "2026-01-12 10:57:34.998",
      "ProcessGuid": "{8b8a9dc4-d39e-6964-41fa-c262a8580000}",
      "Image": "/usr/bin/rm",
      "User": "_apt",
      "OriginalLogfile": "Shell_Invocation_via_Apt_attack86.log-KQPV7CUL.json",
      "FileVersion": "-",
      "Description": "-",
      "Product": "-",
      "Company": "-",
      "OriginalFileName": "-",
      "CommandLine": "rm -rf /tmp/apt-key-gpghome.Xb0DW5g2VO",
      "CurrentDirectory": "/home/vincenzolog/Auto_test",
      "LogonGuid": "{8b8a9dc4-0000-0000-2a00-000004000000}",
      "LogonId": 42,
      "TerminalSessionId": 3,
      "IntegrityLevel": "no level",
      "SHA256": "8e3faaa5eb4a2a4d0e2788fe442bcac6d604be5a0c5a9f09d08f06e3a3fcf570",
      "Hashes": "SHA256=8e3faaa5eb4a2a4d0e2788fe442bcac6d604be5a0c5a9f09d08f06e3a3fcf570",
      "ParentProcessGuid": "{8b8a9dc4-d39e-6964-1d68-48729a5b0000}",
      "ParentProcessId": 244114,
      "ParentImage": "/usr/bin/dash",
      "ParentCommandLine": "/bin/sh",
      "ParentUser": "_apt"
    },
    {
      "row_id": 342,
      "Provider_Name": "Linux-Sysmon",
      "Guid": "{ff032593-a8d3-4f13-b0d6-01fc615a0f97}",
      "EventID": 5,
      "Version": 3,
      "Level": 4,
      "Task": 5,
      "Opcode": 0,
      "Keywords": "0x8000000000000000",
      "SystemTime": "2026-01-13T08:48:09.459147000Z",
      "EventRecordID": 631350,
      "ProcessID": "5412",
      "ThreadID": "5412",
      "Channel": "Linux-Sysmon/Operational",
      "Computer": "vincenzolog-VMware-Virtual-Platform",
      "UserId": "0",
      "RuleName": "-",
      "UtcTime": "2026-01-12 10:57:35.000",
      "ProcessGuid": "{8b8a9dc4-d39e-6964-41fa-c262a8580000}",
      "Image": "/usr/bin/rm",
      "User": "_apt",
      "OriginalLogfile": "Shell_Invocation_via_Apt_attack86.log-KQPV7CUL.json"
    },
    {
      "row_id": 397,
      "Provider_Name": "Linux-Sysmon",
      "Guid": "{ff032593-a8d3-4f13-b0d6-01fc615a0f97}",
      "EventID": 1,
      "Version": 5,
      "Level": 4,
      "Task": 1,
      "Opcode": 0,
      "Keywords": "0x8000000000000000",
      "SystemTime": "2026-01-13T08:48:09.540270000Z",
      "EventRecordID": 631405,
      "ProcessID": "5412",
      "ThreadID": "5412",
      "Channel": "Linux-Sysmon/Operational",
      "Computer": "vincenzolog-VMware-Virtual-Platform",
      "UserId": "0",
      "RuleName": "-",
      "UtcTime": "2026-01-12 10:57:35.080",
      "ProcessGuid": "{8b8a9dc4-d39f-6964-414a-39c103560000}",
      "Image": "/usr/bin/rm",
      "User": "_apt",
      "OriginalLogfile": "Shell_Invocation_via_Apt_attack86.log-KQPV7CUL.json",
      "FileVersion": "-",
      "Description": "-",
      "Product": "-",
      "Company": "-",
      "OriginalFileName": "-",
      "CommandLine": "rm -rf /tmp/apt-key-gpghome.IdWSJLw0aS",
      "CurrentDirectory": "/home/vincenzolog/Auto_test",
      "LogonGuid": "{8b8a9dc4-0000-0000-2a00-000004000000}",
      "LogonId": 42,
      "TerminalSessionId": 3,
      "IntegrityLevel": "no level",
      "SHA256": "8e3faaa5eb4a2a4d0e2788fe442bcac6d604be5a0c5a9f09d08f06e3a3fcf570",
      "Hashes": "SHA256=8e3faaa5eb4a2a4d0e2788fe442bcac6d604be5a0c5a9f09d08f06e3a3fcf570",
      "ParentProcessGuid": "{8b8a9dc4-d39f-6964-1db8-e087bc5a0000}",
      "ParentProcessId": 244172,
      "ParentImage": "/usr/bin/dash",
      "ParentCommandLine": "/bin/sh",
      "ParentUser": "_apt"
    },
    {
      "row_id": 398,
      "Provider_Name": "Linux-Sysmon",
      "Guid": "{ff032593-a8d3-4f13-b0d6-01fc615a0f97}",
      "EventID": 5,
      "Version": 3,
      "Level": 4,
      "Task": 5,
      "Opcode": 0,
      "Keywords": "0x8000000000000000",
      "SystemTime": "2026-01-13T08:48:09.541381000Z",
      "EventRecordID": 631406,
      "ProcessID": "5412",
      "ThreadID": "5412",
      "Channel": "Linux-Sysmon/Operational",
      "Computer": "vincenzolog-VMware-Virtual-Platform",
      "UserId": "0",
      "RuleName": "-",
      "UtcTime": "2026-01-12 10:57:35.082",
      "ProcessGuid": "{8b8a9dc4-d39f-6964-414a-39c103560000}",
      "Image": "/usr/bin/rm",
      "User": "_apt",
      "OriginalLogfile": "Shell_Invocation_via_Apt_attack86.log-KQPV7CUL.json"
    },
    {
      "row_id": 453,
      "Provider_Name": "Linux-Sysmon",
      "Guid": "{ff032593-a8d3-4f13-b0d6-01fc615a0f97}",
      "EventID": 1,
      "Version": 5,
      "Level": 4,
      "Task": 1,
      "Opcode": 0,
      "Keywords": "0x8000000000000000",
      "SystemTime": "2026-01-13T08:48:09.631451000Z",
      "EventRecordID": 631461,
      "ProcessID": "5412",
      "ThreadID": "5412",
      "Channel": "Linux-Sysmon/Operational",
      "Computer": "vincenzolog-VMware-Virtual-Platform",
      "UserId": "0",
      "RuleName": "-",
      "UtcTime": "2026-01-12 10:57:35.171",
      "ProcessGuid": "{8b8a9dc4-d39f-6964-41ca-beb7e35b0000}",
      "Image": "/usr/bin/rm",
      "User": "_apt",
      "OriginalLogfile": "Shell_Invocation_via_Apt_attack86.log-KQPV7CUL.json",
      "FileVersion": "-",
      "Description": "-",
      "Product": "-",
      "Company": "-",
      "OriginalFileName": "-",
      "CommandLine": "rm -rf /tmp/apt-key-gpghome.YsM28KdRhb",
      "CurrentDirectory": "/home/vincenzolog/Auto_test",
      "LogonGuid": "{8b8a9dc4-0000-0000-2a00-000004000000}",
      "LogonId": 42,
      "TerminalSessionId": 3,
      "IntegrityLevel": "no level",
      "SHA256": "8e3faaa5eb4a2a4d0e2788fe442bcac6d604be5a0c5a9f09d08f06e3a3fcf570",
      "Hashes": "SHA256=8e3faaa5eb4a2a4d0e2788fe442bcac6d604be5a0c5a9f09d08f06e3a3fcf570",
      "ParentProcessGuid": "{8b8a9dc4-d39f-6964-1d48-3f46535e0000}",
      "ParentProcessId": 244205,
      "ParentImage": "/usr/bin/dash",
      "ParentCommandLine": "/bin/sh",
      "ParentUser": "_apt"
    },
    {
      "row_id": 454,
      "Provider_Name": "Linux-Sysmon",
      "Guid": "{ff032593-a8d3-4f13-b0d6-01fc615a0f97}",
      "EventID": 5,
      "Version": 3,
      "Level": 4,
      "Task": 5,
      "Opcode": 0,
      "Keywords": "0x8000000000000000",
      "SystemTime": "2026-01-13T08:48:09.632749000Z",
      "EventRecordID": 631462,
      "ProcessID": "5412",
      "ThreadID": "5412",
      "Channel": "Linux-Sysmon/Operational",
      "Computer": "vincenzolog-VMware-Virtual-Platform",
      "UserId": "0",
      "RuleName": "-",
      "UtcTime": "2026-01-12 10:57:35.173",
      "ProcessGuid": "{8b8a9dc4-d39f-6964-41ca-beb7e35b0000}",
      "Image": "/usr/bin/rm",
      "User": "_apt",
      "OriginalLogfile": "Shell_Invocation_via_Apt_attack86.log-KQPV7CUL.json"
    },
    {
      "row_id": 540,
      "Provider_Name": "Linux-Sysmon",
      "Guid": "{ff032593-a8d3-4f13-b0d6-01fc615a0f97}",
      "EventID": 1,
      "Version": 5,
      "Level": 4,
      "Task": 1,
      "Opcode": 0,
      "Keywords": "0x8000000000000000",
      "SystemTime": "2026-01-13T08:48:09.795381000Z",
      "EventRecordID": 631548,
      "ProcessID": "5412",
      "ThreadID": "5412",
      "Channel": "Linux-Sysmon/Operational",
      "Computer": "vincenzolog-VMware-Virtual-Platform",
      "UserId": "0",
      "RuleName": "-",
      "UtcTime": "2026-01-12 10:57:35.335",
      "ProcessGuid": "{8b8a9dc4-d39f-6964-414a-afe6fa590000}",
      "Image": "/usr/bin/rm",
      "User": "root",
      "OriginalLogfile": "Shell_Invocation_via_Apt_attack86.log-KQPV7CUL.json",
      "FileVersion": "-",
      "Description": "-",
      "Product": "-",
      "Company": "-",
      "OriginalFileName": "-",
      "CommandLine": "rm -f /var/lib/update-notifier/tmp.oGXCEgPjZm",
      "CurrentDirectory": "/tmp",
      "LogonGuid": "{8b8a9dc4-0000-0000-0000-000004000000}",
      "LogonId": 0,
      "TerminalSessionId": 3,
      "IntegrityLevel": "no level",
      "SHA256": "8e3faaa5eb4a2a4d0e2788fe442bcac6d604be5a0c5a9f09d08f06e3a3fcf570",
      "Hashes": "SHA256=8e3faaa5eb4a2a4d0e2788fe442bcac6d604be5a0c5a9f09d08f06e3a3fcf570",
      "ParentProcessGuid": "{8b8a9dc4-d39f-6964-1d78-e4a642570000}",
      "ParentProcessId": 244258,
      "ParentImage": "/usr/bin/dash",
      "ParentCommandLine": "/bin/sh",
      "ParentUser": "root"
    },
    {
      "row_id": 541,
      "Provider_Name": "Linux-Sysmon",
      "Guid": "{ff032593-a8d3-4f13-b0d6-01fc615a0f97}",
      "EventID": 5,
      "Version": 3,
      "Level": 4,
      "Task": 5,
      "Opcode": 0,
      "Keywords": "0x8000000000000000",
      "SystemTime": "2026-01-13T08:48:09.796456000Z",
      "EventRecordID": 631549,
      "ProcessID": "5412",
      "ThreadID": "5412",
      "Channel": "Linux-Sysmon/Operational",
      "Computer": "vincenzolog-VMware-Virtual-Platform",
      "UserId": "0",
      "RuleName": "-",
      "UtcTime": "2026-01-12 10:57:35.337",
      "ProcessGuid": "{8b8a9dc4-d39f-6964-414a-afe6fa590000}",
      "Image": "/usr/bin/rm",
      "User": "root",
      "OriginalLogfile": "Shell_Invocation_via_Apt_attack86.log-KQPV7CUL.json"
    },
    {
      "row_id": 602,
      "Provider_Name": "Linux-Sysmon",
      "Guid": "{ff032593-a8d3-4f13-b0d6-01fc615a0f97}",
      "EventID": 1,
      "Version": 5,
      "Level": 4,
      "Task": 1,
      "Opcode": 0,
      "Keywords": "0x8000000000000000",
      "SystemTime": "2026-01-13T08:48:10.241055000Z",
      "EventRecordID": 631610,
      "ProcessID": "5412",
      "ThreadID": "5412",
      "Channel": "Linux-Sysmon/Operational",
      "Computer": "vincenzolog-VMware-Virtual-Platform",
      "UserId": "0",
      "RuleName": "-",
      "UtcTime": "2026-01-12 10:57:35.781",
      "ProcessGuid": "{8b8a9dc4-d39f-6964-41ea-8acab45a0000}",
      "Image": "/usr/bin/rm",
      "User": "_apt",
      "OriginalLogfile": "Shell_Invocation_via_Apt_attack86.log-KQPV7CUL.json",
      "FileVersion": "-",
      "Description": "-",
      "Product": "-",
      "Company": "-",
      "OriginalFileName": "-",
      "CommandLine": "rm -rf /tmp/apt-key-gpghome.mNdspeCpJi",
      "CurrentDirectory": "/",
      "LogonGuid": "{8b8a9dc4-0000-0000-2a00-000000000000}",
      "LogonId": 42,
      "TerminalSessionId": 4294967295,
      "IntegrityLevel": "no level",
      "SHA256": "8e3faaa5eb4a2a4d0e2788fe442bcac6d604be5a0c5a9f09d08f06e3a3fcf570",
      "Hashes": "SHA256=8e3faaa5eb4a2a4d0e2788fe442bcac6d604be5a0c5a9f09d08f06e3a3fcf570",
      "ParentProcessGuid": "{8b8a9dc4-d39f-6964-1d28-ceb736620000}",
      "ParentProcessId": 244286,
      "ParentImage": "/usr/bin/dash",
      "ParentCommandLine": "/bin/sh",
      "ParentUser": "_apt"
    },
    {
      "row_id": 603,
      "Provider_Name": "Linux-Sysmon",
      "Guid": "{ff032593-a8d3-4f13-b0d6-01fc615a0f97}",
      "EventID": 5,
      "Version": 3,
      "Level": 4,
      "Task": 5,
      "Opcode": 0,
      "Keywords": "0x8000000000000000",
      "SystemTime": "2026-01-13T08:48:10.242280000Z",
      "EventRecordID": 631611,
      "ProcessID": "5412",
      "ThreadID": "5412",
      "Channel": "Linux-Sysmon/Operational",
      "Computer": "vincenzolog-VMware-Virtual-Platform",
      "UserId": "0",
      "RuleName": "-",
      "UtcTime": "2026-01-12 10:57:35.783",
      "ProcessGuid": "{8b8a9dc4-d39f-6964-41ea-8acab45a0000}",
      "Image": "/usr/bin/rm",
      "User": "_apt",
      "OriginalLogfile": "Shell_Invocation_via_Apt_attack86.log-KQPV7CUL.json"
    },
    {
      "row_id": 658,
      "Provider_Name": "Linux-Sysmon",
      "Guid": "{ff032593-a8d3-4f13-b0d6-01fc615a0f97}",
      "EventID": 1,
      "Version": 5,
      "Level": 4,
      "Task": 1,
      "Opcode": 0,
      "Keywords": "0x8000000000000000",
      "SystemTime": "2026-01-13T08:48:10.504739000Z",
      "EventRecordID": 631666,
      "ProcessID": "5412",
      "ThreadID": "5412",
      "Channel": "Linux-Sysmon/Operational",
      "Computer": "vincenzolog-VMware-Virtual-Platform",
      "UserId": "0",
      "RuleName": "-",
      "UtcTime": "2026-01-12 10:57:36.045",
      "ProcessGuid": "{8b8a9dc4-d3a0-6964-41fa-4545525c0000}",
      "Image": "/usr/bin/rm",
      "User": "_apt",
      "OriginalLogfile": "Shell_Invocation_via_Apt_attack86.log-KQPV7CUL.json",
      "FileVersion": "-",
      "Description": "-",
      "Product": "-",
      "Company": "-",
      "OriginalFileName": "-",
      "CommandLine": "rm -rf /tmp/apt-key-gpghome.F4kckAlnON",
      "CurrentDirectory": "/",
      "LogonGuid": "{8b8a9dc4-0000-0000-2a00-000000000000}",
      "LogonId": 42,
      "TerminalSessionId": 4294967295,
      "IntegrityLevel": "no level",
      "SHA256": "8e3faaa5eb4a2a4d0e2788fe442bcac6d604be5a0c5a9f09d08f06e3a3fcf570",
      "Hashes": "SHA256=8e3faaa5eb4a2a4d0e2788fe442bcac6d604be5a0c5a9f09d08f06e3a3fcf570",
      "ParentProcessGuid": "{8b8a9dc4-d39f-6964-1db8-d9b6d15f0000}",
      "ParentProcessId": 244319,
      "ParentImage": "/usr/bin/dash",
      "ParentCommandLine": "/bin/sh",
      "ParentUser": "_apt"
    },
    {
      "row_id": 659,
      "Provider_Name": "Linux-Sysmon",
      "Guid": "{ff032593-a8d3-4f13-b0d6-01fc615a0f97}",
      "EventID": 5,
      "Version": 3,
      "Level": 4,
      "Task": 5,
      "Opcode": 0,
      "Keywords": "0x8000000000000000",
      "SystemTime": "2026-01-13T08:48:10.505948000Z",
      "EventRecordID": 631667,
      "ProcessID": "5412",
      "ThreadID": "5412",
      "Channel": "Linux-Sysmon/Operational",
      "Computer": "vincenzolog-VMware-Virtual-Platform",
      "UserId": "0",
      "RuleName": "-",
      "UtcTime": "2026-01-12 10:57:36.046",
      "ProcessGuid": "{8b8a9dc4-d3a0-6964-41fa-4545525c0000}",
      "Image": "/usr/bin/rm",
      "User": "_apt",
      "OriginalLogfile": "Shell_Invocation_via_Apt_attack86.log-KQPV7CUL.json"
    }
  ]
},
{
  "title": "Local System Accounts Discovery - Linux",
  "id": "b45e3d6f-42c6-47d8-a478-df6bd6cf534c",
  "description": "Detects enumeration of local system accounts. This information can help adversaries determine which local accounts exist on a system to aid in follow-on behavior.",
  "sigmafile": "",
  "sigma": [
    "SELECT * FROM logs WHERE Image LIKE '%/lastlog' ESCAPE '\\' OR CommandLine LIKE '%''x:0:''%' ESCAPE '\\' OR ((Image LIKE '%/cat' ESCAPE '\\' OR Image LIKE '%/ed' ESCAPE '\\' OR Image LIKE '%/head' ESCAPE '\\' OR Image LIKE '%/more' ESCAPE '\\' OR Image LIKE '%/nano' ESCAPE '\\' OR Image LIKE '%/tail' ESCAPE '\\' OR Image LIKE '%/vi' ESCAPE '\\' OR Image LIKE '%/vim' ESCAPE '\\' OR Image LIKE '%/less' ESCAPE '\\' OR Image LIKE '%/emacs' ESCAPE '\\' OR Image LIKE '%/sqlite3' ESCAPE '\\' OR Image LIKE '%/makemap' ESCAPE '\\') AND (CommandLine LIKE '%/etc/passwd%' ESCAPE '\\' OR CommandLine LIKE '%/etc/shadow%' ESCAPE '\\' OR CommandLine LIKE '%/etc/sudoers%' ESCAPE '\\' OR CommandLine LIKE '%/etc/spwd.db%' ESCAPE '\\' OR CommandLine LIKE '%/etc/pwd.db%' ESCAPE '\\' OR CommandLine LIKE '%/etc/master.passwd%' ESCAPE '\\')) OR Image LIKE '%/id' ESCAPE '\\' OR (Image LIKE '%/lsof' ESCAPE '\\' AND CommandLine LIKE '%-u%' ESCAPE '\\')"
  ],
  "rule_level": "low",
  "tags": [
    "attack.discovery",
    "attack.t1087.001"
  ],
  "count": 2,
  "matches": [
    {
      "row_id": 31,
      "Provider_Name": "Linux-Sysmon",
      "Guid": "{ff032593-a8d3-4f13-b0d6-01fc615a0f97}",
      "EventID": 1,
      "Version": 5,
      "Level": 4,
      "Task": 1,
      "Opcode": 0,
      "Keywords": "0x8000000000000000",
      "SystemTime": "2026-01-13T08:48:08.765104000Z",
      "EventRecordID": 631039,
      "ProcessID": "5412",
      "ThreadID": "5412",
      "Channel": "Linux-Sysmon/Operational",
      "Computer": "vincenzolog-VMware-Virtual-Platform",
      "UserId": "0",
      "RuleName": "-",
      "UtcTime": "2026-01-12 10:57:34.305",
      "ProcessGuid": "{8b8a9dc4-d39e-6964-01ff-478588570000}",
      "Image": "/usr/bin/id",
      "User": "root",
      "OriginalLogfile": "Shell_Invocation_via_Apt_attack86.log-KQPV7CUL.json",
      "FileVersion": "-",
      "Description": "-",
      "Product": "-",
      "Company": "-",
      "OriginalFileName": "-",
      "CommandLine": "id -u",
      "CurrentDirectory": "/tmp",
      "LogonGuid": "{8b8a9dc4-0000-0000-0000-000004000000}",
      "LogonId": 0,
      "TerminalSessionId": 3,
      "IntegrityLevel": "no level",
      "SHA256": "5a5817d18b918a366ef4c07e2806e0aeb3d9b144ff90c036f0a4a94f347a96fc",
      "Hashes": "SHA256=5a5817d18b918a366ef4c07e2806e0aeb3d9b144ff90c036f0a4a94f347a96fc",
      "ParentProcessGuid": "{8b8a9dc4-d39e-6964-1d48-899f1b630000}",
      "ParentProcessId": 243987,
      "ParentImage": "/usr/bin/dash",
      "ParentCommandLine": "sh",
      "ParentUser": "root"
    },
    {
      "row_id": 33,
      "Provider_Name": "Linux-Sysmon",
      "Guid": "{ff032593-a8d3-4f13-b0d6-01fc615a0f97}",
      "EventID": 5,
      "Version": 3,
      "Level": 4,
      "Task": 5,
      "Opcode": 0,
      "Keywords": "0x8000000000000000",
      "SystemTime": "2026-01-13T08:48:08.766306000Z",
      "EventRecordID": 631041,
      "ProcessID": "5412",
      "ThreadID": "5412",
      "Channel": "Linux-Sysmon/Operational",
      "Computer": "vincenzolog-VMware-Virtual-Platform",
      "UserId": "0",
      "RuleName": "-",
      "UtcTime": "2026-01-12 10:57:34.307",
      "ProcessGuid": "{8b8a9dc4-d39e-6964-01ff-478588570000}",
      "Image": "/usr/bin/id",
      "User": "root",
      "OriginalLogfile": "Shell_Invocation_via_Apt_attack86.log-KQPV7CUL.json"
    }
  ]
},
{
  "title": "Chmod Suspicious Directory",
  "id": "6419afd1-3742-47a5-a7e6-b50386cd15f8",
  "description": "Detects chmod targeting files in abnormal directory paths.",
  "sigmafile": "",
  "sigma": [
    "SELECT * FROM logs WHERE Image LIKE '%/chmod' ESCAPE '\\' AND (CommandLine LIKE '%/tmp/%' ESCAPE '\\' OR CommandLine LIKE '%/.Library/%' ESCAPE '\\' OR CommandLine LIKE '%/etc/%' ESCAPE '\\' OR CommandLine LIKE '%/opt/%' ESCAPE '\\')"
  ],
  "rule_level": "medium",
  "tags": [
    "attack.defense-evasion",
    "attack.t1222.002"
  ],
  "count": 8,
  "matches": [
    {
      "row_id": 105,
      "Provider_Name": "Linux-Sysmon",
      "Guid": "{ff032593-a8d3-4f13-b0d6-01fc615a0f97}",
      "EventID": 1,
      "Version": 5,
      "Level": 4,
      "Task": 1,
      "Opcode": 0,
      "Keywords": "0x8000000000000000",
      "SystemTime": "2026-01-13T08:48:09.105305000Z",
      "EventRecordID": 631113,
      "ProcessID": "5412",
      "ThreadID": "5412",
      "Channel": "Linux-Sysmon/Operational",
      "Computer": "vincenzolog-VMware-Virtual-Platform",
      "UserId": "0",
      "RuleName": "-",
      "UtcTime": "2026-01-12 10:57:34.645",
      "ProcessGuid": "{8b8a9dc4-d39e-6964-d1ff-ba4506560000}",
      "Image": "/usr/bin/chmod",
      "User": "_apt",
      "OriginalLogfile": "Shell_Invocation_via_Apt_attack86.log-KQPV7CUL.json",
      "FileVersion": "-",
      "Description": "-",
      "Product": "-",
      "Company": "-",
      "OriginalFileName": "-",
      "CommandLine": "chmod 700 /tmp/apt-key-gpghome.q6Q0xrqIfj",
      "CurrentDirectory": "/home/vincenzolog/Auto_test",
      "LogonGuid": "{8b8a9dc4-0000-0000-2a00-000004000000}",
      "LogonId": 42,
      "TerminalSessionId": 3,
      "IntegrityLevel": "no level",
      "SHA256": "f162501708c719c786ddceb78c2cc3b48dc2e33683114da199223c978bd62324",
      "Hashes": "SHA256=f162501708c719c786ddceb78c2cc3b48dc2e33683114da199223c978bd62324",
      "ParentProcessGuid": "{8b8a9dc4-d39e-6964-1d38-55d3b95e0000}",
      "ParentProcessId": 244015,
      "ParentImage": "/usr/bin/dash",
      "ParentCommandLine": "/bin/sh",
      "ParentUser": "_apt"
    },
    {
      "row_id": 161,
      "Provider_Name": "Linux-Sysmon",
      "Guid": "{ff032593-a8d3-4f13-b0d6-01fc615a0f97}",
      "EventID": 1,
      "Version": 5,
      "Level": 4,
      "Task": 1,
      "Opcode": 0,
      "Keywords": "0x8000000000000000",
      "SystemTime": "2026-01-13T08:48:09.199208000Z",
      "EventRecordID": 631169,
      "ProcessID": "5412",
      "ThreadID": "5412",
      "Channel": "Linux-Sysmon/Operational",
      "Computer": "vincenzolog-VMware-Virtual-Platform",
      "UserId": "0",
      "RuleName": "-",
      "UtcTime": "2026-01-12 10:57:34.739",
      "ProcessGuid": "{8b8a9dc4-d39e-6964-d1ff-bad1055e0000}",
      "Image": "/usr/bin/chmod",
      "User": "_apt",
      "OriginalLogfile": "Shell_Invocation_via_Apt_attack86.log-KQPV7CUL.json",
      "FileVersion": "-",
      "Description": "-",
      "Product": "-",
      "Company": "-",
      "OriginalFileName": "-",
      "CommandLine": "chmod 700 /tmp/apt-key-gpghome.j50SXzWr7e",
      "CurrentDirectory": "/home/vincenzolog/Auto_test",
      "LogonGuid": "{8b8a9dc4-0000-0000-2a00-000004000000}",
      "LogonId": 42,
      "TerminalSessionId": 3,
      "IntegrityLevel": "no level",
      "SHA256": "f162501708c719c786ddceb78c2cc3b48dc2e33683114da199223c978bd62324",
      "Hashes": "SHA256=f162501708c719c786ddceb78c2cc3b48dc2e33683114da199223c978bd62324",
      "ParentProcessGuid": "{8b8a9dc4-d39e-6964-1d08-b0edf9550000}",
      "ParentProcessId": 244048,
      "ParentImage": "/usr/bin/dash",
      "ParentCommandLine": "/bin/sh",
      "ParentUser": "_apt"
    },
    {
      "row_id": 217,
      "Provider_Name": "Linux-Sysmon",
      "Guid": "{ff032593-a8d3-4f13-b0d6-01fc615a0f97}",
      "EventID": 1,
      "Version": 5,
      "Level": 4,
      "Task": 1,
      "Opcode": 0,
      "Keywords": "0x8000000000000000",
      "SystemTime": "2026-01-13T08:48:09.292357000Z",
      "EventRecordID": 631225,
      "ProcessID": "5412",
      "ThreadID": "5412",
      "Channel": "Linux-Sysmon/Operational",
      "Computer": "vincenzolog-VMware-Virtual-Platform",
      "UserId": "0",
      "RuleName": "-",
      "UtcTime": "2026-01-12 10:57:34.832",
      "ProcessGuid": "{8b8a9dc4-d39e-6964-d17f-663563600000}",
      "Image": "/usr/bin/chmod",
      "User": "_apt",
      "OriginalLogfile": "Shell_Invocation_via_Apt_attack86.log-KQPV7CUL.json",
      "FileVersion": "-",
      "Description": "-",
      "Product": "-",
      "Company": "-",
      "OriginalFileName": "-",
      "CommandLine": "chmod 700 /tmp/apt-key-gpghome.apIjRnj7ZU",
      "CurrentDirectory": "/home/vincenzolog/Auto_test",
      "LogonGuid": "{8b8a9dc4-0000-0000-2a00-000004000000}",
      "LogonId": 42,
      "TerminalSessionId": 3,
      "IntegrityLevel": "no level",
      "SHA256": "f162501708c719c786ddceb78c2cc3b48dc2e33683114da199223c978bd62324",
      "Hashes": "SHA256=f162501708c719c786ddceb78c2cc3b48dc2e33683114da199223c978bd62324",
      "ParentProcessGuid": "{8b8a9dc4-d39e-6964-1d48-99779b5a0000}",
      "ParentProcessId": 244081,
      "ParentImage": "/usr/bin/dash",
      "ParentCommandLine": "/bin/sh",
      "ParentUser": "_apt"
    },
    {
      "row_id": 281,
      "Provider_Name": "Linux-Sysmon",
      "Guid": "{ff032593-a8d3-4f13-b0d6-01fc615a0f97}",
      "EventID": 1,
      "Version": 5,
      "Level": 4,
      "Task": 1,
      "Opcode": 0,
      "Keywords": "0x8000000000000000",
      "SystemTime": "2026-01-13T08:48:09.395450000Z",
      "EventRecordID": 631289,
      "ProcessID": "5412",
      "ThreadID": "5412",
      "Channel": "Linux-Sysmon/Operational",
      "Computer": "vincenzolog-VMware-Virtual-Platform",
      "UserId": "0",
      "RuleName": "-",
      "UtcTime": "2026-01-12 10:57:34.935",
      "ProcessGuid": "{8b8a9dc4-d39e-6964-d17f-a5518f620000}",
      "Image": "/usr/bin/chmod",
      "User": "_apt",
      "OriginalLogfile": "Shell_Invocation_via_Apt_attack86.log-KQPV7CUL.json",
      "FileVersion": "-",
      "Description": "-",
      "Product": "-",
      "Company": "-",
      "OriginalFileName": "-",
      "CommandLine": "chmod 700 /tmp/apt-key-gpghome.Xb0DW5g2VO",
      "CurrentDirectory": "/home/vincenzolog/Auto_test",
      "LogonGuid": "{8b8a9dc4-0000-0000-2a00-000004000000}",
      "LogonId": 42,
      "TerminalSessionId": 3,
      "IntegrityLevel": "no level",
      "SHA256": "f162501708c719c786ddceb78c2cc3b48dc2e33683114da199223c978bd62324",
      "Hashes": "SHA256=f162501708c719c786ddceb78c2cc3b48dc2e33683114da199223c978bd62324",
      "ParentProcessGuid": "{8b8a9dc4-d39e-6964-1d68-48729a5b0000}",
      "ParentProcessId": 244114,
      "ParentImage": "/usr/bin/dash",
      "ParentCommandLine": "/bin/sh",
      "ParentUser": "_apt"
    },
    {
      "row_id": 373,
      "Provider_Name": "Linux-Sysmon",
      "Guid": "{ff032593-a8d3-4f13-b0d6-01fc615a0f97}",
      "EventID": 1,
      "Version": 5,
      "Level": 4,
      "Task": 1,
      "Opcode": 0,
      "Keywords": "0x8000000000000000",
      "SystemTime": "2026-01-13T08:48:09.514999000Z",
      "EventRecordID": 631381,
      "ProcessID": "5412",
      "ThreadID": "5412",
      "Channel": "Linux-Sysmon/Operational",
      "Computer": "vincenzolog-VMware-Virtual-Platform",
      "UserId": "0",
      "RuleName": "-",
      "UtcTime": "2026-01-12 10:57:35.055",
      "ProcessGuid": "{8b8a9dc4-d39f-6964-d12f-fe579d550000}",
      "Image": "/usr/bin/chmod",
      "User": "_apt",
      "OriginalLogfile": "Shell_Invocation_via_Apt_attack86.log-KQPV7CUL.json",
      "FileVersion": "-",
      "Description": "-",
      "Product": "-",
      "Company": "-",
      "OriginalFileName": "-",
      "CommandLine": "chmod 700 /tmp/apt-key-gpghome.IdWSJLw0aS",
      "CurrentDirectory": "/home/vincenzolog/Auto_test",
      "LogonGuid": "{8b8a9dc4-0000-0000-2a00-000004000000}",
      "LogonId": 42,
      "TerminalSessionId": 3,
      "IntegrityLevel": "no level",
      "SHA256": "f162501708c719c786ddceb78c2cc3b48dc2e33683114da199223c978bd62324",
      "Hashes": "SHA256=f162501708c719c786ddceb78c2cc3b48dc2e33683114da199223c978bd62324",
      "ParentProcessGuid": "{8b8a9dc4-d39f-6964-1db8-e087bc5a0000}",
      "ParentProcessId": 244172,
      "ParentImage": "/usr/bin/dash",
      "ParentCommandLine": "/bin/sh",
      "ParentUser": "_apt"
    },
