[{
  "title": "Syslog Clearing or Removal Via System Utilities",
  "id": "3fcc9b35-39e4-44c0-a2ad-9e82b6902b31",
  "description": "Detects specific commands commonly used to remove or empty the syslog. Which is a technique often used by attacker as a method to hide their tracks\n",
  "sigmafile": "",
  "sigma": [
    "SELECT * FROM logs WHERE (CommandLine LIKE '%/var/log/syslog%' ESCAPE '\\' AND ((Image LIKE '%/rm' ESCAPE '\\' AND (CommandLine LIKE '% -r %' ESCAPE '\\' OR CommandLine LIKE '% -f %' ESCAPE '\\' OR CommandLine LIKE '% -rf %' ESCAPE '\\' OR CommandLine LIKE '%/var/log/syslog%' ESCAPE '\\')) OR Image LIKE '%/unlink' ESCAPE '\\' OR Image LIKE '%/mv' ESCAPE '\\' OR (Image LIKE '%/truncate' ESCAPE '\\' AND (CommandLine LIKE '%0 %' ESCAPE '\\' AND CommandLine LIKE '%/var/log/syslog%' ESCAPE '\\') AND (CommandLine LIKE '%-s %' ESCAPE '\\' OR CommandLine LIKE '%-c %' ESCAPE '\\' OR CommandLine LIKE '%--size%' ESCAPE '\\')) OR (Image LIKE '%/ln' ESCAPE '\\' AND (CommandLine LIKE '%/dev/null %' ESCAPE '\\' AND CommandLine LIKE '%/var/log/syslog%' ESCAPE '\\') AND (CommandLine LIKE '%-sf %' ESCAPE '\\' OR CommandLine LIKE '%-sfn %' ESCAPE '\\' OR CommandLine LIKE '%-sfT %' ESCAPE '\\')) OR (Image LIKE '%/cp' ESCAPE '\\' AND CommandLine LIKE '%/dev/null%' ESCAPE '\\') OR (Image LIKE '%/shred' ESCAPE '\\' AND CommandLine LIKE '%-u %' ESCAPE '\\'))) OR ((CommandLine LIKE '% > /var/log/syslog%' ESCAPE '\\' OR CommandLine LIKE '% >/var/log/syslog%' ESCAPE '\\' OR CommandLine LIKE '% >| /var/log/syslog%' ESCAPE '\\' OR CommandLine LIKE '%: > /var/log/syslog%' ESCAPE '\\' OR CommandLine LIKE '%:> /var/log/syslog%' ESCAPE '\\' OR CommandLine LIKE '%:>/var/log/syslog%' ESCAPE '\\' OR CommandLine LIKE '%>|/var/log/syslog%' ESCAPE '\\') OR (CommandLine LIKE '%journalctl --vacuum%' ESCAPE '\\' OR CommandLine LIKE '%journalctl --rotate%' ESCAPE '\\'))"
  ],
  "rule_level": "high",
  "tags": [
    "attack.defense-evasion",
    "attack.t1070.002"
  ],
  "count": 2,
  "matches": [
    {
      "row_id": 4,
      "Provider_Name": "Linux-Sysmon",
      "Guid": "{ff032593-a8d3-4f13-b0d6-01fc615a0f97}",
      "EventID": 1,
      "Version": 5,
      "Level": 4,
      "Task": 1,
      "Opcode": 0,
      "Keywords": "0x8000000000000000",
      "SystemTime": "2026-01-13T08:39:03.543084000Z",
      "EventRecordID": 570119,
      "ProcessID": "5412",
      "ThreadID": "5412",
      "Channel": "Linux-Sysmon/Operational",
      "Computer": "vincenzolog-VMware-Virtual-Platform",
      "UserId": "0",
      "RuleName": "-",
      "UtcTime": "2026-01-12 10:48:29.083",
      "ProcessGuid": "{8b8a9dc4-d17d-6964-1d68-a5093f600000}",
      "Image": "/usr/bin/dash",
      "User": "root",
      "OriginalLogfile": "Shell_Invocation_via_Apt_attack6.log-W7AWJQ3U.json",
      "FileVersion": "-",
      "Description": "-",
      "Product": "-",
      "Company": "-",
      "OriginalFileName": "-",
      "CommandLine": "/bin/sh -c journalctl --vacuum-time=1s",
      "CurrentDirectory": "/home/vincenzolog/Auto_test",
      "LogonGuid": "{8b8a9dc4-0000-0000-0000-000004000000}",
      "LogonId": 0,
      "TerminalSessionId": 3,
      "IntegrityLevel": "no level",
      "SHA256": "86d31f6fb799e91fa21bad341484564510ca287703a16e9e46c53338776f4f42",
      "Hashes": "SHA256=86d31f6fb799e91fa21bad341484564510ca287703a16e9e46c53338776f4f42",
      "ParentProcessGuid": "{8b8a9dc4-d148-6964-1d23-700000000000}",
      "ParentProcessId": 203912,
      "ParentImage": "/usr/bin/python3.12",
      "ParentCommandLine": "python3",
      "ParentUser": "root"
    },
    {
      "row_id": 5,
      "Provider_Name": "Linux-Sysmon",
      "Guid": "{ff032593-a8d3-4f13-b0d6-01fc615a0f97}",
      "EventID": 1,
      "Version": 5,
      "Level": 4,
      "Task": 1,
      "Opcode": 0,
      "Keywords": "0x8000000000000000",
      "SystemTime": "2026-01-13T08:39:03.544914000Z",
      "EventRecordID": 570120,
      "ProcessID": "5412",
      "ThreadID": "5412",
      "Channel": "Linux-Sysmon/Operational",
      "Computer": "vincenzolog-VMware-Virtual-Platform",
      "UserId": "0",
      "RuleName": "-",
      "UtcTime": "2026-01-12 10:48:29.085",
      "ProcessGuid": "{8b8a9dc4-d17d-6964-cddb-1e8439610000}",
      "Image": "/usr/bin/journalctl",
      "User": "root",
      "OriginalLogfile": "Shell_Invocation_via_Apt_attack6.log-W7AWJQ3U.json",
      "FileVersion": "-",
      "Description": "-",
      "Product": "-",
      "Company": "-",
      "OriginalFileName": "-",
      "CommandLine": "journalctl --vacuum-time=1s",
      "CurrentDirectory": "/home/vincenzolog/Auto_test",
      "LogonGuid": "{8b8a9dc4-0000-0000-0000-000004000000}",
      "LogonId": 0,
      "TerminalSessionId": 3,
      "IntegrityLevel": "no level",
      "SHA256": "7bd10a9c601c3204a6c464fc517b204e469eca7f12b09f9c4826f3cc1e42bd79",
      "Hashes": "SHA256=7bd10a9c601c3204a6c464fc517b204e469eca7f12b09f9c4826f3cc1e42bd79",
      "ParentProcessGuid": "{8b8a9dc4-d17d-6964-1d68-a5093f600000}",
      "ParentProcessId": 206272,
      "ParentImage": "/usr/bin/dash",
      "ParentCommandLine": "/bin/sh",
      "ParentUser": "root"
    }
  ]
},
{
  "title": "File and Directory Discovery - Linux",
  "id": "d3feb4ee-ff1d-4d3d-bd10-5b28a238cc72",
  "description": "Detects usage of system utilities such as \"find\", \"tree\", \"findmnt\", etc, to discover files, directories and network shares.\n",
  "sigmafile": "",
  "sigma": [
    "SELECT * FROM logs WHERE (Image LIKE '%/file' ESCAPE '\\' AND CommandLine REGEXP '(.){200,}') OR (Image LIKE '%/ls' ESCAPE '\\' AND CommandLine LIKE '%-R%' ESCAPE '\\') OR Image LIKE '%/find' ESCAPE '\\' OR Image LIKE '%/tree' ESCAPE '\\' OR Image LIKE '%/findmnt' ESCAPE '\\' OR Image LIKE '%/mlocate' ESCAPE '\\'"
  ],
  "rule_level": "informational",
  "tags": [
    "attack.discovery",
    "attack.t1083"
  ],
  "count": 6,
  "matches": [
    {
      "row_id": 52,
      "Provider_Name": "Linux-Sysmon",
      "Guid": "{ff032593-a8d3-4f13-b0d6-01fc615a0f97}",
      "EventID": 1,
      "Version": 5,
      "Level": 4,
      "Task": 1,
      "Opcode": 0,
      "Keywords": "0x8000000000000000",
      "SystemTime": "2026-01-13T08:39:04.638737000Z",
      "EventRecordID": 570167,
      "ProcessID": "5412",
      "ThreadID": "5412",
      "Channel": "Linux-Sysmon/Operational",
      "Computer": "vincenzolog-VMware-Virtual-Platform",
      "UserId": "0",
      "RuleName": "-",
      "UtcTime": "2026-01-12 10:48:30.175",
      "ProcessGuid": "{8b8a9dc4-d17e-6964-c1fc-db97385e0000}",
      "Image": "/usr/bin/find",
      "User": "root",
      "OriginalLogfile": "Shell_Invocation_via_Apt_attack6.log-W7AWJQ3U.json",
      "FileVersion": "-",
      "Description": "-",
      "Product": "-",
      "Company": "-",
      "OriginalFileName": "-",
      "CommandLine": "find /home /root -name id_rsa -o -name *.conf",
      "CurrentDirectory": "/tmp",
      "LogonGuid": "{8b8a9dc4-04a8-6966-0000-000005000000}",
      "LogonId": 0,
      "TerminalSessionId": 3,
      "IntegrityLevel": "no level",
      "SHA256": "ac1ea1c5391de921aca1572f1bf25d03707beb3887b27c16a5b4948fd553941b",
      "Hashes": "SHA256=ac1ea1c5391de921aca1572f1bf25d03707beb3887b27c16a5b4948fd553941b",
      "ParentProcessGuid": "{8b8a9dc4-d17e-6964-1d48-1db30d620000}",
      "ParentProcessId": 206300,
      "ParentImage": "/usr/bin/dash",
      "ParentCommandLine": "sh",
      "ParentUser": "root"
    },
    {
      "row_id": 66,
      "Provider_Name": "Linux-Sysmon",
      "Guid": "{ff032593-a8d3-4f13-b0d6-01fc615a0f97}",
      "EventID": 5,
      "Version": 3,
      "Level": 4,
      "Task": 5,
      "Opcode": 0,
      "Keywords": "0x8000000000000000",
      "SystemTime": "2026-01-13T08:39:04.765338000Z",
      "EventRecordID": 570181,
      "ProcessID": "5412",
      "ThreadID": "5412",
      "Channel": "Linux-Sysmon/Operational",
      "Computer": "vincenzolog-VMware-Virtual-Platform",
      "UserId": "0",
      "RuleName": "-",
      "UtcTime": "2026-01-12 10:48:30.306",
      "ProcessGuid": "{8b8a9dc4-d17e-6964-c1fc-db97385e0000}",
      "Image": "/usr/bin/find",
      "User": "root",
      "OriginalLogfile": "Shell_Invocation_via_Apt_attack6.log-W7AWJQ3U.json"
    },
    {
      "row_id": 296,
      "Provider_Name": "Linux-Sysmon",
      "Guid": "{ff032593-a8d3-4f13-b0d6-01fc615a0f97}",
      "EventID": 1,
      "Version": 5,
      "Level": 4,
      "Task": 1,
      "Opcode": 0,
      "Keywords": "0x8000000000000000",
      "SystemTime": "2026-01-13T08:39:05.270230000Z",
      "EventRecordID": 570411,
      "ProcessID": "5412",
      "ThreadID": "5412",
      "Channel": "Linux-Sysmon/Operational",
      "Computer": "vincenzolog-VMware-Virtual-Platform",
      "UserId": "0",
      "RuleName": "-",
      "UtcTime": "2026-01-12 10:48:30.810",
      "ProcessGuid": "{8b8a9dc4-d17e-6964-c14c-6a3f6d600000}",
      "Image": "/usr/bin/find",
      "User": "_apt",
      "OriginalLogfile": "Shell_Invocation_via_Apt_attack6.log-W7AWJQ3U.json",
      "FileVersion": "-",
      "Description": "-",
      "Product": "-",
      "Company": "-",
      "OriginalFileName": "-",
      "CommandLine": "find /etc/apt/trusted.gpg.d -mindepth 1 -maxdepth 1 ( -name *.gpg -o -name *.asc )",
      "CurrentDirectory": "/",
      "LogonGuid": "{8b8a9dc4-0000-0000-2a00-000005000000}",
      "LogonId": 42,
      "TerminalSessionId": 3,
      "IntegrityLevel": "no level",
      "SHA256": "ac1ea1c5391de921aca1572f1bf25d03707beb3887b27c16a5b4948fd553941b",
      "Hashes": "SHA256=ac1ea1c5391de921aca1572f1bf25d03707beb3887b27c16a5b4948fd553941b",
      "ParentProcessGuid": "{8b8a9dc4-d17e-6964-1dc8-1823435e0000}",
      "ParentProcessId": 206418,
      "ParentImage": "/usr/bin/dash",
      "ParentCommandLine": "/bin/sh",
      "ParentUser": "_apt"
    },
    {
      "row_id": 297,
      "Provider_Name": "Linux-Sysmon",
      "Guid": "{ff032593-a8d3-4f13-b0d6-01fc615a0f97}",
      "EventID": 5,
      "Version": 3,
      "Level": 4,
      "Task": 5,
      "Opcode": 0,
      "Keywords": "0x8000000000000000",
      "SystemTime": "2026-01-13T08:39:05.271458000Z",
      "EventRecordID": 570412,
      "ProcessID": "5412",
      "ThreadID": "5412",
      "Channel": "Linux-Sysmon/Operational",
      "Computer": "vincenzolog-VMware-Virtual-Platform",
      "UserId": "0",
      "RuleName": "-",
      "UtcTime": "2026-01-12 10:48:30.812",
      "ProcessGuid": "{8b8a9dc4-d17e-6964-c14c-6a3f6d600000}",
      "Image": "/usr/bin/find",
      "User": "_apt",
      "OriginalLogfile": "Shell_Invocation_via_Apt_attack6.log-W7AWJQ3U.json"
    },
    {
      "row_id": 535,
      "Provider_Name": "Linux-Sysmon",
      "Guid": "{ff032593-a8d3-4f13-b0d6-01fc615a0f97}",
      "EventID": 1,
      "Version": 5,
      "Level": 4,
      "Task": 1,
      "Opcode": 0,
      "Keywords": "0x8000000000000000",
      "SystemTime": "2026-01-13T08:39:05.646853000Z",
      "EventRecordID": 570650,
      "ProcessID": "5412",
      "ThreadID": "5412",
      "Channel": "Linux-Sysmon/Operational",
      "Computer": "vincenzolog-VMware-Virtual-Platform",
      "UserId": "0",
      "RuleName": "-",
      "UtcTime": "2026-01-12 10:48:31.187",
      "ProcessGuid": "{8b8a9dc4-d17f-6964-c12c-777730650000}",
      "Image": "/usr/bin/find",
      "User": "root",
      "OriginalLogfile": "Shell_Invocation_via_Apt_attack6.log-W7AWJQ3U.json",
      "FileVersion": "-",
      "Description": "-",
      "Product": "-",
      "Company": "-",
      "OriginalFileName": "-",
      "CommandLine": "find /var/lib/apt/lists/ /etc/apt/sources.list //var/lib/dpkg/status -type f -newer /var/lib/update-notifier/updates-available -print -quit",
      "CurrentDirectory": "/tmp",
      "LogonGuid": "{8b8a9dc4-04a8-6966-0000-000005000000}",
      "LogonId": 0,
      "TerminalSessionId": 3,
      "IntegrityLevel": "no level",
      "SHA256": "ac1ea1c5391de921aca1572f1bf25d03707beb3887b27c16a5b4948fd553941b",
      "Hashes": "SHA256=ac1ea1c5391de921aca1572f1bf25d03707beb3887b27c16a5b4948fd553941b",
      "ParentProcessGuid": "{8b8a9dc4-d17f-6964-1d88-6df13c580000}",
      "ParentProcessId": 206568,
      "ParentImage": "/usr/bin/dash",
      "ParentCommandLine": "/bin/sh",
      "ParentUser": "root"
    },
    {
      "row_id": 536,
      "Provider_Name": "Linux-Sysmon",
      "Guid": "{ff032593-a8d3-4f13-b0d6-01fc615a0f97}",
      "EventID": 5,
      "Version": 3,
      "Level": 4,
      "Task": 5,
      "Opcode": 0,
      "Keywords": "0x8000000000000000",
      "SystemTime": "2026-01-13T08:39:05.648656000Z",
      "EventRecordID": 570651,
      "ProcessID": "5412",
      "ThreadID": "5412",
      "Channel": "Linux-Sysmon/Operational",
      "Computer": "vincenzolog-VMware-Virtual-Platform",
      "UserId": "0",
      "RuleName": "-",
      "UtcTime": "2026-01-12 10:48:31.189",
      "ProcessGuid": "{8b8a9dc4-d17f-6964-c12c-777730650000}",
      "Image": "/usr/bin/find",
      "User": "root",
      "OriginalLogfile": "Shell_Invocation_via_Apt_attack6.log-W7AWJQ3U.json"
    }
  ]
},
{
  "title": "File Deletion",
  "id": "30aed7b6-d2c1-4eaf-9382-b6bc43e50c57",
  "description": "Detects file deletion using \"rm\", \"shred\" or \"unlink\" commands which are used often by adversaries to delete files left behind by the actions of their intrusion activity",
  "sigmafile": "",
  "sigma": [
    "SELECT * FROM logs WHERE Image LIKE '%/rm' ESCAPE '\\' OR Image LIKE '%/shred' ESCAPE '\\' OR Image LIKE '%/unlink' ESCAPE '\\'"
  ],
  "rule_level": "informational",
  "tags": [
    "attack.defense-evasion",
    "attack.t1070.004"
  ],
  "count": 20,
  "matches": [
    {
      "row_id": 130,
      "Provider_Name": "Linux-Sysmon",
      "Guid": "{ff032593-a8d3-4f13-b0d6-01fc615a0f97}",
      "EventID": 1,
      "Version": 5,
      "Level": 4,
      "Task": 1,
      "Opcode": 0,
      "Keywords": "0x8000000000000000",
      "SystemTime": "2026-01-13T08:39:04.983048000Z",
      "EventRecordID": 570245,
      "ProcessID": "5412",
      "ThreadID": "5412",
      "Channel": "Linux-Sysmon/Operational",
      "Computer": "vincenzolog-VMware-Virtual-Platform",
      "UserId": "0",
      "RuleName": "-",
      "UtcTime": "2026-01-12 10:48:30.523",
      "ProcessGuid": "{8b8a9dc4-d17e-6964-412a-0c75d3560000}",
      "Image": "/usr/bin/rm",
      "User": "_apt",
      "OriginalLogfile": "Shell_Invocation_via_Apt_attack6.log-W7AWJQ3U.json",
      "FileVersion": "-",
      "Description": "-",
      "Product": "-",
      "Company": "-",
      "OriginalFileName": "-",
      "CommandLine": "rm -rf /tmp/apt-key-gpghome.2vn2IGMOAG",
      "CurrentDirectory": "/home/vincenzolog/Auto_test",
      "LogonGuid": "{8b8a9dc4-0000-0000-2a00-000005000000}",
      "LogonId": 42,
      "TerminalSessionId": 3,
      "IntegrityLevel": "no level",
      "SHA256": "8e3faaa5eb4a2a4d0e2788fe442bcac6d604be5a0c5a9f09d08f06e3a3fcf570",
      "Hashes": "SHA256=8e3faaa5eb4a2a4d0e2788fe442bcac6d604be5a0c5a9f09d08f06e3a3fcf570",
      "ParentProcessGuid": "{8b8a9dc4-d17e-6964-1d88-d2b00d5e0000}",
      "ParentProcessId": 206319,
      "ParentImage": "/usr/bin/dash",
      "ParentCommandLine": "/bin/sh",
      "ParentUser": "_apt"
    },
    {
      "row_id": 131,
      "Provider_Name": "Linux-Sysmon",
      "Guid": "{ff032593-a8d3-4f13-b0d6-01fc615a0f97}",
      "EventID": 5,
      "Version": 3,
      "Level": 4,
      "Task": 5,
      "Opcode": 0,
      "Keywords": "0x8000000000000000",
      "SystemTime": "2026-01-13T08:39:04.984081000Z",
      "EventRecordID": 570246,
      "ProcessID": "5412",
      "ThreadID": "5412",
      "Channel": "Linux-Sysmon/Operational",
      "Computer": "vincenzolog-VMware-Virtual-Platform",
      "UserId": "0",
      "RuleName": "-",
      "UtcTime": "2026-01-12 10:48:30.525",
      "ProcessGuid": "{8b8a9dc4-d17e-6964-412a-0c75d3560000}",
      "Image": "/usr/bin/rm",
      "User": "_apt",
      "OriginalLogfile": "Shell_Invocation_via_Apt_attack6.log-W7AWJQ3U.json"
    },
    {
      "row_id": 186,
      "Provider_Name": "Linux-Sysmon",
      "Guid": "{ff032593-a8d3-4f13-b0d6-01fc615a0f97}",
      "EventID": 1,
      "Version": 5,
      "Level": 4,
      "Task": 1,
      "Opcode": 0,
      "Keywords": "0x8000000000000000",
      "SystemTime": "2026-01-13T08:39:05.079294000Z",
      "EventRecordID": 570301,
      "ProcessID": "5412",
      "ThreadID": "5412",
      "Channel": "Linux-Sysmon/Operational",
      "Computer": "vincenzolog-VMware-Virtual-Platform",
      "UserId": "0",
      "RuleName": "-",
      "UtcTime": "2026-01-12 10:48:30.619",
      "ProcessGuid": "{8b8a9dc4-d17e-6964-41ba-315117610000}",
      "Image": "/usr/bin/rm",
      "User": "_apt",
      "OriginalLogfile": "Shell_Invocation_via_Apt_attack6.log-W7AWJQ3U.json",
      "FileVersion": "-",
      "Description": "-",
      "Product": "-",
      "Company": "-",
      "OriginalFileName": "-",
      "CommandLine": "rm -rf /tmp/apt-key-gpghome.26Y0K6u0ok",
      "CurrentDirectory": "/home/vincenzolog/Auto_test",
      "LogonGuid": "{8b8a9dc4-0000-0000-2a00-000005000000}",
      "LogonId": 42,
      "TerminalSessionId": 3,
      "IntegrityLevel": "no level",
      "SHA256": "8e3faaa5eb4a2a4d0e2788fe442bcac6d604be5a0c5a9f09d08f06e3a3fcf570",
      "Hashes": "SHA256=8e3faaa5eb4a2a4d0e2788fe442bcac6d604be5a0c5a9f09d08f06e3a3fcf570",
      "ParentProcessGuid": "{8b8a9dc4-d17e-6964-1d88-8e7d505b0000}",
      "ParentProcessId": 206352,
      "ParentImage": "/usr/bin/dash",
      "ParentCommandLine": "/bin/sh",
      "ParentUser": "_apt"
    },
    {
      "row_id": 187,
      "Provider_Name": "Linux-Sysmon",
      "Guid": "{ff032593-a8d3-4f13-b0d6-01fc615a0f97}",
      "EventID": 5,
      "Version": 3,
      "Level": 4,
      "Task": 5,
      "Opcode": 0,
      "Keywords": "0x8000000000000000",
      "SystemTime": "2026-01-13T08:39:05.080439000Z",
      "EventRecordID": 570302,
      "ProcessID": "5412",
      "ThreadID": "5412",
      "Channel": "Linux-Sysmon/Operational",
      "Computer": "vincenzolog-VMware-Virtual-Platform",
      "UserId": "0",
      "RuleName": "-",
      "UtcTime": "2026-01-12 10:48:30.621",
      "ProcessGuid": "{8b8a9dc4-d17e-6964-41ba-315117610000}",
      "Image": "/usr/bin/rm",
      "User": "_apt",
      "OriginalLogfile": "Shell_Invocation_via_Apt_attack6.log-W7AWJQ3U.json"
    },
    {
      "row_id": 242,
      "Provider_Name": "Linux-Sysmon",
      "Guid": "{ff032593-a8d3-4f13-b0d6-01fc615a0f97}",
      "EventID": 1,
      "Version": 5,
      "Level": 4,
      "Task": 1,
      "Opcode": 0,
      "Keywords": "0x8000000000000000",
      "SystemTime": "2026-01-13T08:39:05.173059000Z",
      "EventRecordID": 570357,
      "ProcessID": "5412",
      "ThreadID": "5412",
      "Channel": "Linux-Sysmon/Operational",
      "Computer": "vincenzolog-VMware-Virtual-Platform",
      "UserId": "0",
      "RuleName": "-",
      "UtcTime": "2026-01-12 10:48:30.713",
      "ProcessGuid": "{8b8a9dc4-d17e-6964-41fa-423c3d610000}",
      "Image": "/usr/bin/rm",
      "User": "_apt",
      "OriginalLogfile": "Shell_Invocation_via_Apt_attack6.log-W7AWJQ3U.json",
      "FileVersion": "-",
      "Description": "-",
      "Product": "-",
      "Company": "-",
      "OriginalFileName": "-",
      "CommandLine": "rm -rf /tmp/apt-key-gpghome.12QjWPnF9S",
      "CurrentDirectory": "/home/vincenzolog/Auto_test",
      "LogonGuid": "{8b8a9dc4-0000-0000-2a00-000005000000}",
      "LogonId": 42,
      "TerminalSessionId": 3,
      "IntegrityLevel": "no level",
      "SHA256": "8e3faaa5eb4a2a4d0e2788fe442bcac6d604be5a0c5a9f09d08f06e3a3fcf570",
      "Hashes": "SHA256=8e3faaa5eb4a2a4d0e2788fe442bcac6d604be5a0c5a9f09d08f06e3a3fcf570",
      "ParentProcessGuid": "{8b8a9dc4-d17e-6964-1de8-423e46580000}",
      "ParentProcessId": 206385,
      "ParentImage": "/usr/bin/dash",
      "ParentCommandLine": "/bin/sh",
      "ParentUser": "_apt"
    },
    {
      "row_id": 243,
      "Provider_Name": "Linux-Sysmon",
      "Guid": "{ff032593-a8d3-4f13-b0d6-01fc615a0f97}",
      "EventID": 5,
      "Version": 3,
      "Level": 4,
      "Task": 5,
      "Opcode": 0,
      "Keywords": "0x8000000000000000",
      "SystemTime": "2026-01-13T08:39:05.174201000Z",
      "EventRecordID": 570358,
      "ProcessID": "5412",
      "ThreadID": "5412",
      "Channel": "Linux-Sysmon/Operational",
      "Computer": "vincenzolog-VMware-Virtual-Platform",
      "UserId": "0",
      "RuleName": "-",
      "UtcTime": "2026-01-12 10:48:30.715",
      "ProcessGuid": "{8b8a9dc4-d17e-6964-41fa-423c3d610000}",
      "Image": "/usr/bin/rm",
      "User": "_apt",
      "OriginalLogfile": "Shell_Invocation_via_Apt_attack6.log-W7AWJQ3U.json"
    },
    {
      "row_id": 286,
      "Provider_Name": "Linux-Sysmon",
      "Guid": "{ff032593-a8d3-4f13-b0d6-01fc615a0f97}",
      "EventID": 1,
      "Version": 5,
      "Level": 4,
      "Task": 1,
      "Opcode": 0,
      "Keywords": "0x8000000000000000",
      "SystemTime": "2026-01-13T08:39:05.254440000Z",
      "EventRecordID": 570401,
      "ProcessID": "5412",
      "ThreadID": "5412",
      "Channel": "Linux-Sysmon/Operational",
      "Computer": "vincenzolog-VMware-Virtual-Platform",
      "UserId": "0",
      "RuleName": "-",
      "UtcTime": "2026-01-12 10:48:30.795",
      "ProcessGuid": "{8b8a9dc4-d17e-6964-414a-245568600000}",
      "Image": "/usr/bin/rm",
      "User": "_apt",
      "OriginalLogfile": "Shell_Invocation_via_Apt_attack6.log-W7AWJQ3U.json",
      "FileVersion": "-",
      "Description": "-",
      "Product": "-",
      "Company": "-",
      "OriginalFileName": "-",
      "CommandLine": "rm -f /tmp/apt-key-gpghome.cYNDrm8Fyb/pubring.gpg",
      "CurrentDirectory": "/home/vincenzolog/Auto_test",
      "LogonGuid": "{8b8a9dc4-0000-0000-2a00-000005000000}",
      "LogonId": 42,
      "TerminalSessionId": 3,
      "IntegrityLevel": "no level",
      "SHA256": "8e3faaa5eb4a2a4d0e2788fe442bcac6d604be5a0c5a9f09d08f06e3a3fcf570",
      "Hashes": "SHA256=8e3faaa5eb4a2a4d0e2788fe442bcac6d604be5a0c5a9f09d08f06e3a3fcf570",
      "ParentProcessGuid": "{8b8a9dc4-d17e-6964-1dc8-1823435e0000}",
      "ParentProcessId": 206418,
      "ParentImage": "/usr/bin/dash",
      "ParentCommandLine": "/bin/sh",
      "ParentUser": "_apt"
    },
    {
      "row_id": 287,
      "Provider_Name": "Linux-Sysmon",
      "Guid": "{ff032593-a8d3-4f13-b0d6-01fc615a0f97}",
      "EventID": 5,
      "Version": 3,
      "Level": 4,
      "Task": 5,
      "Opcode": 0,
      "Keywords": "0x8000000000000000",
      "SystemTime": "2026-01-13T08:39:05.255417000Z",
      "EventRecordID": 570402,
      "ProcessID": "5412",
      "ThreadID": "5412",
      "Channel": "Linux-Sysmon/Operational",
      "Computer": "vincenzolog-VMware-Virtual-Platform",
      "UserId": "0",
      "RuleName": "-",
      "UtcTime": "2026-01-12 10:48:30.796",
      "ProcessGuid": "{8b8a9dc4-d17e-6964-414a-245568600000}",
      "Image": "/usr/bin/rm",
      "User": "_apt",
      "OriginalLogfile": "Shell_Invocation_via_Apt_attack6.log-W7AWJQ3U.json"
    },
    {
      "row_id": 342,
      "Provider_Name": "Linux-Sysmon",
      "Guid": "{ff032593-a8d3-4f13-b0d6-01fc615a0f97}",
      "EventID": 1,
      "Version": 5,
      "Level": 4,
      "Task": 1,
      "Opcode": 0,
      "Keywords": "0x8000000000000000",
      "SystemTime": "2026-01-13T08:39:05.315551000Z",
      "EventRecordID": 570457,
      "ProcessID": "5412",
      "ThreadID": "5412",
      "Channel": "Linux-Sysmon/Operational",
      "Computer": "vincenzolog-VMware-Virtual-Platform",
      "UserId": "0",
      "RuleName": "-",
      "UtcTime": "2026-01-12 10:48:30.855",
      "ProcessGuid": "{8b8a9dc4-d17e-6964-413a-64bdf95f0000}",
      "Image": "/usr/bin/rm",
      "User": "_apt",
      "OriginalLogfile": "Shell_Invocation_via_Apt_attack6.log-W7AWJQ3U.json",
      "FileVersion": "-",
      "Description": "-",
      "Product": "-",
      "Company": "-",
      "OriginalFileName": "-",
      "CommandLine": "rm -rf /tmp/apt-key-gpghome.cYNDrm8Fyb",
      "CurrentDirectory": "/home/vincenzolog/Auto_test",
      "LogonGuid": "{8b8a9dc4-0000-0000-2a00-000005000000}",
      "LogonId": 42,
      "TerminalSessionId": 3,
      "IntegrityLevel": "no level",
      "SHA256": "8e3faaa5eb4a2a4d0e2788fe442bcac6d604be5a0c5a9f09d08f06e3a3fcf570",
      "Hashes": "SHA256=8e3faaa5eb4a2a4d0e2788fe442bcac6d604be5a0c5a9f09d08f06e3a3fcf570",
      "ParentProcessGuid": "{8b8a9dc4-d17e-6964-1dc8-1823435e0000}",
      "ParentProcessId": 206418,
      "ParentImage": "/usr/bin/dash",
      "ParentCommandLine": "/bin/sh",
      "ParentUser": "_apt"
    },
    {
      "row_id": 343,
      "Provider_Name": "Linux-Sysmon",
      "Guid": "{ff032593-a8d3-4f13-b0d6-01fc615a0f97}",
      "EventID": 5,
      "Version": 3,
      "Level": 4,
      "Task": 5,
      "Opcode": 0,
      "Keywords": "0x8000000000000000",
      "SystemTime": "2026-01-13T08:39:05.316733000Z",
      "EventRecordID": 570458,
      "ProcessID": "5412",
      "ThreadID": "5412",
      "Channel": "Linux-Sysmon/Operational",
      "Computer": "vincenzolog-VMware-Virtual-Platform",
      "UserId": "0",
      "RuleName": "-",
      "UtcTime": "2026-01-12 10:48:30.857",
      "ProcessGuid": "{8b8a9dc4-d17e-6964-413a-64bdf95f0000}",
      "Image": "/usr/bin/rm",
      "User": "_apt",
      "OriginalLogfile": "Shell_Invocation_via_Apt_attack6.log-W7AWJQ3U.json"
    },
    {
      "row_id": 398,
      "Provider_Name": "Linux-Sysmon",
      "Guid": "{ff032593-a8d3-4f13-b0d6-01fc615a0f97}",
      "EventID": 1,
      "Version": 5,
      "Level": 4,
      "Task": 1,
      "Opcode": 0,
      "Keywords": "0x8000000000000000",
      "SystemTime": "2026-01-13T08:39:05.399775000Z",
      "EventRecordID": 570513,
      "ProcessID": "5412",
      "ThreadID": "5412",
      "Channel": "Linux-Sysmon/Operational",
      "Computer": "vincenzolog-VMware-Virtual-Platform",
      "UserId": "0",
      "RuleName": "-",
      "UtcTime": "2026-01-12 10:48:30.940",
      "ProcessGuid": "{8b8a9dc4-d17e-6964-41da-d8ee475e0000}",
      "Image": "/usr/bin/rm",
      "User": "_apt",
      "OriginalLogfile": "Shell_Invocation_via_Apt_attack6.log-W7AWJQ3U.json",
      "FileVersion": "-",
      "Description": "-",
      "Product": "-",
      "Company": "-",
      "OriginalFileName": "-",
      "CommandLine": "rm -rf /tmp/apt-key-gpghome.Y99Xhp74xt",
      "CurrentDirectory": "/home/vincenzolog/Auto_test",
      "LogonGuid": "{8b8a9dc4-0000-0000-2a00-000005000000}",
      "LogonId": 42,
      "TerminalSessionId": 3,
      "IntegrityLevel": "no level",
      "SHA256": "8e3faaa5eb4a2a4d0e2788fe442bcac6d604be5a0c5a9f09d08f06e3a3fcf570",
      "Hashes": "SHA256=8e3faaa5eb4a2a4d0e2788fe442bcac6d604be5a0c5a9f09d08f06e3a3fcf570",
      "ParentProcessGuid": "{8b8a9dc4-d17e-6964-1d98-fdb73a5c0000}",
      "ParentProcessId": 206476,
      "ParentImage": "/usr/bin/dash",
      "ParentCommandLine": "/bin/sh",
      "ParentUser": "_apt"
    },
    {
      "row_id": 399,
      "Provider_Name": "Linux-Sysmon",
      "Guid": "{ff032593-a8d3-4f13-b0d6-01fc615a0f97}",
      "EventID": 5,
      "Version": 3,
      "Level": 4,
      "Task": 5,
      "Opcode": 0,
      "Keywords": "0x8000000000000000",
      "SystemTime": "2026-01-13T08:39:05.401030000Z",
      "EventRecordID": 570514,
      "ProcessID": "5412",
      "ThreadID": "5412",
      "Channel": "Linux-Sysmon/Operational",
      "Computer": "vincenzolog-VMware-Virtual-Platform",
      "UserId": "0",
      "RuleName": "-",
      "UtcTime": "2026-01-12 10:48:30.941",
      "ProcessGuid": "{8b8a9dc4-d17e-6964-41da-d8ee475e0000}",
      "Image": "/usr/bin/rm",
      "User": "_apt",
      "OriginalLogfile": "Shell_Invocation_via_Apt_attack6.log-W7AWJQ3U.json"
    },
    {
      "row_id": 454,
      "Provider_Name": "Linux-Sysmon",
      "Guid": "{ff032593-a8d3-4f13-b0d6-01fc615a0f97}",
      "EventID": 1,
      "Version": 5,
      "Level": 4,
      "Task": 1,
      "Opcode": 0,
      "Keywords": "0x8000000000000000",
      "SystemTime": "2026-01-13T08:39:05.490310000Z",
      "EventRecordID": 570569,
      "ProcessID": "5412",
      "ThreadID": "5412",
      "Channel": "Linux-Sysmon/Operational",
      "Computer": "vincenzolog-VMware-Virtual-Platform",
      "UserId": "0",
      "RuleName": "-",
      "UtcTime": "2026-01-12 10:48:31.030",
      "ProcessGuid": "{8b8a9dc4-d17f-6964-412a-cd3dd45b0000}",
      "Image": "/usr/bin/rm",
      "User": "_apt",
      "OriginalLogfile": "Shell_Invocation_via_Apt_attack6.log-W7AWJQ3U.json",
      "FileVersion": "-",
      "Description": "-",
      "Product": "-",
      "Company": "-",
      "OriginalFileName": "-",
      "CommandLine": "rm -rf /tmp/apt-key-gpghome.NIQltuEt76",
      "CurrentDirectory": "/home/vincenzolog/Auto_test",
      "LogonGuid": "{8b8a9dc4-0000-0000-2a00-000005000000}",
      "LogonId": 42,
      "TerminalSessionId": 3,
      "IntegrityLevel": "no level",
      "SHA256": "8e3faaa5eb4a2a4d0e2788fe442bcac6d604be5a0c5a9f09d08f06e3a3fcf570",
      "Hashes": "SHA256=8e3faaa5eb4a2a4d0e2788fe442bcac6d604be5a0c5a9f09d08f06e3a3fcf570",
      "ParentProcessGuid": "{8b8a9dc4-d17e-6964-1d68-27dac9580000}",
      "ParentProcessId": 206509,
      "ParentImage": "/usr/bin/dash",
      "ParentCommandLine": "/bin/sh",
      "ParentUser": "_apt"
    },
    {
      "row_id": 455,
      "Provider_Name": "Linux-Sysmon",
      "Guid": "{ff032593-a8d3-4f13-b0d6-01fc615a0f97}",
      "EventID": 5,
      "Version": 3,
      "Level": 4,
      "Task": 5,
      "Opcode": 0,
      "Keywords": "0x8000000000000000",
      "SystemTime": "2026-01-13T08:39:05.491420000Z",
      "EventRecordID": 570570,
      "ProcessID": "5412",
      "ThreadID": "5412",
      "Channel": "Linux-Sysmon/Operational",
      "Computer": "vincenzolog-VMware-Virtual-Platform",
      "UserId": "0",
      "RuleName": "-",
      "UtcTime": "2026-01-12 10:48:31.032",
      "ProcessGuid": "{8b8a9dc4-d17f-6964-412a-cd3dd45b0000}",
      "Image": "/usr/bin/rm",
      "User": "_apt",
      "OriginalLogfile": "Shell_Invocation_via_Apt_attack6.log-W7AWJQ3U.json"
    },
    {
      "row_id": 541,
      "Provider_Name": "Linux-Sysmon",
      "Guid": "{ff032593-a8d3-4f13-b0d6-01fc615a0f97}",
      "EventID": 1,
      "Version": 5,
      "Level": 4,
      "Task": 1,
      "Opcode": 0,
      "Keywords": "0x8000000000000000",
      "SystemTime": "2026-01-13T08:39:05.653625000Z",
      "EventRecordID": 570656,
      "ProcessID": "5412",
      "ThreadID": "5412",
      "Channel": "Linux-Sysmon/Operational",
      "Computer": "vincenzolog-VMware-Virtual-Platform",
      "UserId": "0",
      "RuleName": "-",
      "UtcTime": "2026-01-12 10:48:31.194",
      "ProcessGuid": "{8b8a9dc4-d17f-6964-412a-0c6bba630000}",
      "Image": "/usr/bin/rm",
      "User": "root",
      "OriginalLogfile": "Shell_Invocation_via_Apt_attack6.log-W7AWJQ3U.json",
      "FileVersion": "-",
      "Description": "-",
      "Product": "-",
      "Company": "-",
      "OriginalFileName": "-",
      "CommandLine": "rm -f /var/lib/update-notifier/tmp.A5sg7WKoUq",
      "CurrentDirectory": "/tmp",
      "LogonGuid": "{8b8a9dc4-04a8-6966-0000-000005000000}",
      "LogonId": 0,
      "TerminalSessionId": 3,
      "IntegrityLevel": "no level",
      "SHA256": "8e3faaa5eb4a2a4d0e2788fe442bcac6d604be5a0c5a9f09d08f06e3a3fcf570",
      "Hashes": "SHA256=8e3faaa5eb4a2a4d0e2788fe442bcac6d604be5a0c5a9f09d08f06e3a3fcf570",
      "ParentProcessGuid": "{8b8a9dc4-d17f-6964-1d88-6df13c580000}",
      "ParentProcessId": 206568,
      "ParentImage": "/usr/bin/dash",
      "ParentCommandLine": "/bin/sh",
      "ParentUser": "root"
    },
    {
      "row_id": 542,
      "Provider_Name": "Linux-Sysmon",
      "Guid": "{ff032593-a8d3-4f13-b0d6-01fc615a0f97}",
      "EventID": 5,
      "Version": 3,
      "Level": 4,
      "Task": 5,
      "Opcode": 0,
      "Keywords": "0x8000000000000000",
      "SystemTime": "2026-01-13T08:39:05.654712000Z",
      "EventRecordID": 570657,
      "ProcessID": "5412",
      "ThreadID": "5412",
      "Channel": "Linux-Sysmon/Operational",
      "Computer": "vincenzolog-VMware-Virtual-Platform",
      "UserId": "0",
      "RuleName": "-",
      "UtcTime": "2026-01-12 10:48:31.195",
      "ProcessGuid": "{8b8a9dc4-d17f-6964-412a-0c6bba630000}",
      "Image": "/usr/bin/rm",
      "User": "root",
      "OriginalLogfile": "Shell_Invocation_via_Apt_attack6.log-W7AWJQ3U.json"
    },
    {
      "row_id": 603,
      "Provider_Name": "Linux-Sysmon",
      "Guid": "{ff032593-a8d3-4f13-b0d6-01fc615a0f97}",
      "EventID": 1,
      "Version": 5,
      "Level": 4,
      "Task": 1,
      "Opcode": 0,
      "Keywords": "0x8000000000000000",
      "SystemTime": "2026-01-13T08:39:05.846963000Z",
      "EventRecordID": 570718,
      "ProcessID": "5412",
      "ThreadID": "5412",
      "Channel": "Linux-Sysmon/Operational",
      "Computer": "vincenzolog-VMware-Virtual-Platform",
      "UserId": "0",
      "RuleName": "-",
      "UtcTime": "2026-01-12 10:48:31.387",
      "ProcessGuid": "{8b8a9dc4-d17f-6964-41aa-a53ddd5e0000}",
      "Image": "/usr/bin/rm",
      "User": "_apt",
      "OriginalLogfile": "Shell_Invocation_via_Apt_attack6.log-W7AWJQ3U.json",
      "FileVersion": "-",
      "Description": "-",
      "Product": "-",
      "Company": "-",
      "OriginalFileName": "-",
      "CommandLine": "rm -rf /tmp/apt-key-gpghome.24jggoRUzD",
      "CurrentDirectory": "/",
      "LogonGuid": "{8b8a9dc4-0000-0000-2a00-000000000000}",
      "LogonId": 42,
      "TerminalSessionId": 4294967295,
      "IntegrityLevel": "no level",
      "SHA256": "8e3faaa5eb4a2a4d0e2788fe442bcac6d604be5a0c5a9f09d08f06e3a3fcf570",
      "Hashes": "SHA256=8e3faaa5eb4a2a4d0e2788fe442bcac6d604be5a0c5a9f09d08f06e3a3fcf570",
      "ParentProcessGuid": "{8b8a9dc4-d17f-6964-1d58-ed3fbb590000}",
      "ParentProcessId": 206590,
      "ParentImage": "/usr/bin/dash",
      "ParentCommandLine": "/bin/sh",
      "ParentUser": "_apt"
    },
    {
      "row_id": 604,
      "Provider_Name": "Linux-Sysmon",
      "Guid": "{ff032593-a8d3-4f13-b0d6-01fc615a0f97}",
      "EventID": 5,
      "Version": 3,
      "Level": 4,
      "Task": 5,
      "Opcode": 0,
      "Keywords": "0x8000000000000000",
      "SystemTime": "2026-01-13T08:39:05.848105000Z",
      "EventRecordID": 570719,
      "ProcessID": "5412",
      "ThreadID": "5412",
      "Channel": "Linux-Sysmon/Operational",
      "Computer": "vincenzolog-VMware-Virtual-Platform",
      "UserId": "0",
      "RuleName": "-",
      "UtcTime": "2026-01-12 10:48:31.389",
      "ProcessGuid": "{8b8a9dc4-d17f-6964-41aa-a53ddd5e0000}",
      "Image": "/usr/bin/rm",
      "User": "_apt",
      "OriginalLogfile": "Shell_Invocation_via_Apt_attack6.log-W7AWJQ3U.json"
    },
    {
      "row_id": 659,
      "Provider_Name": "Linux-Sysmon",
      "Guid": "{ff032593-a8d3-4f13-b0d6-01fc615a0f97}",
      "EventID": 1,
      "Version": 5,
      "Level": 4,
      "Task": 1,
      "Opcode": 0,
      "Keywords": "0x8000000000000000",
      "SystemTime": "2026-01-13T08:39:06.059357000Z",
      "EventRecordID": 570774,
      "ProcessID": "5412",
      "ThreadID": "5412",
      "Channel": "Linux-Sysmon/Operational",
      "Computer": "vincenzolog-VMware-Virtual-Platform",
      "UserId": "0",
      "RuleName": "-",
      "UtcTime": "2026-01-12 10:48:31.599",
      "ProcessGuid": "{8b8a9dc4-d17f-6964-417a-7f6bce5f0000}",
      "Image": "/usr/bin/rm",
      "User": "_apt",
      "OriginalLogfile": "Shell_Invocation_via_Apt_attack6.log-W7AWJQ3U.json",
      "FileVersion": "-",
      "Description": "-",
      "Product": "-",
      "Company": "-",
      "OriginalFileName": "-",
      "CommandLine": "rm -rf /tmp/apt-key-gpghome.p1YesvVle1",
      "CurrentDirectory": "/",
      "LogonGuid": "{8b8a9dc4-0000-0000-2a00-000000000000}",
      "LogonId": 42,
      "TerminalSessionId": 4294967295,
      "IntegrityLevel": "no level",
      "SHA256": "8e3faaa5eb4a2a4d0e2788fe442bcac6d604be5a0c5a9f09d08f06e3a3fcf570",
      "Hashes": "SHA256=8e3faaa5eb4a2a4d0e2788fe442bcac6d604be5a0c5a9f09d08f06e3a3fcf570",
      "ParentProcessGuid": "{8b8a9dc4-d17f-6964-1df8-d053c45f0000}",
      "ParentProcessId": 206623,
      "ParentImage": "/usr/bin/dash",
      "ParentCommandLine": "/bin/sh",
      "ParentUser": "_apt"
    },
    {
      "row_id": 660,
      "Provider_Name": "Linux-Sysmon",
      "Guid": "{ff032593-a8d3-4f13-b0d6-01fc615a0f97}",
      "EventID": 5,
      "Version": 3,
      "Level": 4,
      "Task": 5,
      "Opcode": 0,
      "Keywords": "0x8000000000000000",
      "SystemTime": "2026-01-13T08:39:06.060418000Z",
      "EventRecordID": 570775,
      "ProcessID": "5412",
      "ThreadID": "5412",
      "Channel": "Linux-Sysmon/Operational",
      "Computer": "vincenzolog-VMware-Virtual-Platform",
      "UserId": "0",
      "RuleName": "-",
      "UtcTime": "2026-01-12 10:48:31.601",
      "ProcessGuid": "{8b8a9dc4-d17f-6964-417a-7f6bce5f0000}",
      "Image": "/usr/bin/rm",
      "User": "_apt",
      "OriginalLogfile": "Shell_Invocation_via_Apt_attack6.log-W7AWJQ3U.json"
    }
  ]
},
{
  "title": "Local System Accounts Discovery - Linux",
  "id": "b45e3d6f-42c6-47d8-a478-df6bd6cf534c",
  "description": "Detects enumeration of local system accounts. This information can help adversaries determine which local accounts exist on a system to aid in follow-on behavior.",
  "sigmafile": "",
  "sigma": [
    "SELECT * FROM logs WHERE Image LIKE '%/lastlog' ESCAPE '\\' OR CommandLine LIKE '%''x:0:''%' ESCAPE '\\' OR ((Image LIKE '%/cat' ESCAPE '\\' OR Image LIKE '%/ed' ESCAPE '\\' OR Image LIKE '%/head' ESCAPE '\\' OR Image LIKE '%/more' ESCAPE '\\' OR Image LIKE '%/nano' ESCAPE '\\' OR Image LIKE '%/tail' ESCAPE '\\' OR Image LIKE '%/vi' ESCAPE '\\' OR Image LIKE '%/vim' ESCAPE '\\' OR Image LIKE '%/less' ESCAPE '\\' OR Image LIKE '%/emacs' ESCAPE '\\' OR Image LIKE '%/sqlite3' ESCAPE '\\' OR Image LIKE '%/makemap' ESCAPE '\\') AND (CommandLine LIKE '%/etc/passwd%' ESCAPE '\\' OR CommandLine LIKE '%/etc/shadow%' ESCAPE '\\' OR CommandLine LIKE '%/etc/sudoers%' ESCAPE '\\' OR CommandLine LIKE '%/etc/spwd.db%' ESCAPE '\\' OR CommandLine LIKE '%/etc/pwd.db%' ESCAPE '\\' OR CommandLine LIKE '%/etc/master.passwd%' ESCAPE '\\')) OR Image LIKE '%/id' ESCAPE '\\' OR (Image LIKE '%/lsof' ESCAPE '\\' AND CommandLine LIKE '%-u%' ESCAPE '\\')"
  ],
  "rule_level": "low",
  "tags": [
    "attack.discovery",
    "attack.t1087.001"
  ],
  "count": 2,
  "matches": [
    {
      "row_id": 39,
      "Provider_Name": "Linux-Sysmon",
      "Guid": "{ff032593-a8d3-4f13-b0d6-01fc615a0f97}",
      "EventID": 1,
      "Version": 5,
      "Level": 4,
      "Task": 1,
      "Opcode": 0,
      "Keywords": "0x8000000000000000",
      "SystemTime": "2026-01-13T08:39:04.590766000Z",
      "EventRecordID": 570154,
      "ProcessID": "5412",
      "ThreadID": "5412",
      "Channel": "Linux-Sysmon/Operational",
      "Computer": "vincenzolog-VMware-Virtual-Platform",
      "UserId": "0",
      "RuleName": "-",
      "UtcTime": "2026-01-12 10:48:30.131",
      "ProcessGuid": "{8b8a9dc4-d17e-6964-01ef-3217ec640000}",
      "Image": "/usr/bin/id",
      "User": "root",
      "OriginalLogfile": "Shell_Invocation_via_Apt_attack6.log-W7AWJQ3U.json",
      "FileVersion": "-",
      "Description": "-",
      "Product": "-",
      "Company": "-",
      "OriginalFileName": "-",
      "CommandLine": "id -u",
      "CurrentDirectory": "/tmp",
      "LogonGuid": "{8b8a9dc4-04a8-6966-0000-000005000000}",
      "LogonId": 0,
      "TerminalSessionId": 3,
      "IntegrityLevel": "no level",
      "SHA256": "5a5817d18b918a366ef4c07e2806e0aeb3d9b144ff90c036f0a4a94f347a96fc",
      "Hashes": "SHA256=5a5817d18b918a366ef4c07e2806e0aeb3d9b144ff90c036f0a4a94f347a96fc",
      "ParentProcessGuid": "{8b8a9dc4-d17e-6964-1d88-c52fa5580000}",
      "ParentProcessId": 206294,
      "ParentImage": "/usr/bin/dash",
      "ParentCommandLine": "sh",
      "ParentUser": "root"
    },
    {
      "row_id": 40,
      "Provider_Name": "Linux-Sysmon",
      "Guid": "{ff032593-a8d3-4f13-b0d6-01fc615a0f97}",
      "EventID": 5,
      "Version": 3,
      "Level": 4,
      "Task": 5,
      "Opcode": 0,
      "Keywords": "0x8000000000000000",
      "SystemTime": "2026-01-13T08:39:04.592216000Z",
      "EventRecordID": 570155,
      "ProcessID": "5412",
      "ThreadID": "5412",
      "Channel": "Linux-Sysmon/Operational",
      "Computer": "vincenzolog-VMware-Virtual-Platform",
      "UserId": "0",
      "RuleName": "-",
      "UtcTime": "2026-01-12 10:48:30.133",
      "ProcessGuid": "{8b8a9dc4-d17e-6964-01ef-3217ec640000}",
      "Image": "/usr/bin/id",
      "User": "root",
      "OriginalLogfile": "Shell_Invocation_via_Apt_attack6.log-W7AWJQ3U.json"
    }
  ]
},
{
  "title": "Chmod Suspicious Directory",
  "id": "6419afd1-3742-47a5-a7e6-b50386cd15f8",
  "description": "Detects chmod targeting files in abnormal directory paths.",
  "sigmafile": "",
  "sigma": [
    "SELECT * FROM logs WHERE Image LIKE '%/chmod' ESCAPE '\\' AND (CommandLine LIKE '%/tmp/%' ESCAPE '\\' OR CommandLine LIKE '%/.Library/%' ESCAPE '\\' OR CommandLine LIKE '%/etc/%' ESCAPE '\\' OR CommandLine LIKE '%/opt/%' ESCAPE '\\')"
  ],
  "rule_level": "medium",
  "tags": [
    "attack.defense-evasion",
    "attack.t1222.002"
  ],
  "count": 8,
  "matches": [
    {
      "row_id": 106,
      "Provider_Name": "Linux-Sysmon",
      "Guid": "{ff032593-a8d3-4f13-b0d6-01fc615a0f97}",
      "EventID": 1,
      "Version": 5,
      "Level": 4,
      "Task": 1,
      "Opcode": 0,
      "Keywords": "0x8000000000000000",
      "SystemTime": "2026-01-13T08:39:04.956103000Z",
      "EventRecordID": 570221,
      "ProcessID": "5412",
      "ThreadID": "5412",
      "Channel": "Linux-Sysmon/Operational",
      "Computer": "vincenzolog-VMware-Virtual-Platform",
      "UserId": "0",
      "RuleName": "-",
      "UtcTime": "2026-01-12 10:48:30.496",
      "ProcessGuid": "{8b8a9dc4-d17e-6964-d16f-52893f580000}",
      "Image": "/usr/bin/chmod",
      "User": "_apt",
      "OriginalLogfile": "Shell_Invocation_via_Apt_attack6.log-W7AWJQ3U.json",
      "FileVersion": "-",
      "Description": "-",
      "Product": "-",
      "Company": "-",
      "OriginalFileName": "-",
      "CommandLine": "chmod 700 /tmp/apt-key-gpghome.2vn2IGMOAG",
      "CurrentDirectory": "/home/vincenzolog/Auto_test",
      "LogonGuid": "{8b8a9dc4-0000-0000-2a00-000005000000}",
      "LogonId": 42,
      "TerminalSessionId": 3,
      "IntegrityLevel": "no level",
      "SHA256": "f162501708c719c786ddceb78c2cc3b48dc2e33683114da199223c978bd62324",
      "Hashes": "SHA256=f162501708c719c786ddceb78c2cc3b48dc2e33683114da199223c978bd62324",
      "ParentProcessGuid": "{8b8a9dc4-d17e-6964-1d88-d2b00d5e0000}",
      "ParentProcessId": 206319,
      "ParentImage": "/usr/bin/dash",
      "ParentCommandLine": "/bin/sh",
      "ParentUser": "_apt"
    },
    {
      "row_id": 162,
      "Provider_Name": "Linux-Sysmon",
      "Guid": "{ff032593-a8d3-4f13-b0d6-01fc615a0f97}",
      "EventID": 1,
      "Version": 5,
      "Level": 4,
      "Task": 1,
      "Opcode": 0,
      "Keywords": "0x8000000000000000",
      "SystemTime": "2026-01-13T08:39:05.052319000Z",
      "EventRecordID": 570277,
      "ProcessID": "5412",
      "ThreadID": "5412",
      "Channel": "Linux-Sysmon/Operational",
      "Computer": "vincenzolog-VMware-Virtual-Platform",
      "UserId": "0",
      "RuleName": "-",
      "UtcTime": "2026-01-12 10:48:30.592",
      "ProcessGuid": "{8b8a9dc4-d17e-6964-d12f-0c1c835f0000}",
      "Image": "/usr/bin/chmod",
      "User": "_apt",
      "OriginalLogfile": "Shell_Invocation_via_Apt_attack6.log-W7AWJQ3U.json",
      "FileVersion": "-",
      "Description": "-",
      "Product": "-",
      "Company": "-",
      "OriginalFileName": "-",
      "CommandLine": "chmod 700 /tmp/apt-key-gpghome.26Y0K6u0ok",
      "CurrentDirectory": "/home/vincenzolog/Auto_test",
      "LogonGuid": "{8b8a9dc4-0000-0000-2a00-000005000000}",
      "LogonId": 42,
      "TerminalSessionId": 3,
      "IntegrityLevel": "no level",
      "SHA256": "f162501708c719c786ddceb78c2cc3b48dc2e33683114da199223c978bd62324",
      "Hashes": "SHA256=f162501708c719c786ddceb78c2cc3b48dc2e33683114da199223c978bd62324",
      "ParentProcessGuid": "{8b8a9dc4-d17e-6964-1d88-8e7d505b0000}",
      "ParentProcessId": 206352,
      "ParentImage": "/usr/bin/dash",
      "ParentCommandLine": "/bin/sh",
      "ParentUser": "_apt"
    },
    {
      "row_id": 218,
      "Provider_Name": "Linux-Sysmon",
      "Guid": "{ff032593-a8d3-4f13-b0d6-01fc615a0f97}",
      "EventID": 1,
      "Version": 5,
      "Level": 4,
      "Task": 1,
      "Opcode": 0,
      "Keywords": "0x8000000000000000",
      "SystemTime": "2026-01-13T08:39:05.146273000Z",
      "EventRecordID": 570333,
      "ProcessID": "5412",
      "ThreadID": "5412",
      "Channel": "Linux-Sysmon/Operational",
      "Computer": "vincenzolog-VMware-Virtual-Platform",
      "UserId": "0",
      "RuleName": "-",
      "UtcTime": "2026-01-12 10:48:30.686",
      "ProcessGuid": "{8b8a9dc4-d17e-6964-d18f-9252be5b0000}",
      "Image": "/usr/bin/chmod",
      "User": "_apt",
      "OriginalLogfile": "Shell_Invocation_via_Apt_attack6.log-W7AWJQ3U.json",
      "FileVersion": "-",
      "Description": "-",
      "Product": "-",
      "Company": "-",
      "OriginalFileName": "-",
      "CommandLine": "chmod 700 /tmp/apt-key-gpghome.12QjWPnF9S",
      "CurrentDirectory": "/home/vincenzolog/Auto_test",
      "LogonGuid": "{8b8a9dc4-0000-0000-2a00-000005000000}",
      "LogonId": 42,
      "TerminalSessionId": 3,
      "IntegrityLevel": "no level",
      "SHA256": "f162501708c719c786ddceb78c2cc3b48dc2e33683114da199223c978bd62324",
      "Hashes": "SHA256=f162501708c719c786ddceb78c2cc3b48dc2e33683114da199223c978bd62324",
      "ParentProcessGuid": "{8b8a9dc4-d17e-6964-1de8-423e46580000}",
      "ParentProcessId": 206385,
      "ParentImage": "/usr/bin/dash",
      "ParentCommandLine": "/bin/sh",
      "ParentUser": "_apt"
    },
    {
      "row_id": 282,
      "Provider_Name": "Linux-Sysmon",
      "Guid": "{ff032593-a8d3-4f13-b0d6-01fc615a0f97}",
      "EventID": 1,
      "Version": 5,
      "Level": 4,
      "Task": 1,
      "Opcode": 0,
      "Keywords": "0x8000000000000000",
      "SystemTime": "2026-01-13T08:39:05.250572000Z",
      "EventRecordID": 570397,
      "ProcessID": "5412",
      "ThreadID": "5412",
      "Channel": "Linux-Sysmon/Operational",
      "Computer": "vincenzolog-VMware-Virtual-Platform",
      "UserId": "0",
      "RuleName": "-",
      "UtcTime": "2026-01-12 10:48:30.791",
      "ProcessGuid": "{8b8a9dc4-d17e-6964-d11f-8fc90e570000}",
      "Image": "/usr/bin/chmod",
      "User": "_apt",
      "OriginalLogfile": "Shell_Invocation_via_Apt_attack6.log-W7AWJQ3U.json",
      "FileVersion": "-",
      "Description": "-",
      "Product": "-",
      "Company": "-",
      "OriginalFileName": "-",
      "CommandLine": "chmod 700 /tmp/apt-key-gpghome.cYNDrm8Fyb",
      "CurrentDirectory": "/home/vincenzolog/Auto_test",
      "LogonGuid": "{8b8a9dc4-0000-0000-2a00-000005000000}",
      "LogonId": 42,
      "TerminalSessionId": 3,
      "IntegrityLevel": "no level",
      "SHA256": "f162501708c719c786ddceb78c2cc3b48dc2e33683114da199223c978bd62324",
      "Hashes": "SHA256=f162501708c719c786ddceb78c2cc3b48dc2e33683114da199223c978bd62324",
      "ParentProcessGuid": "{8b8a9dc4-d17e-6964-1dc8-1823435e0000}",
      "ParentProcessId": 206418,
      "ParentImage": "/usr/bin/dash",
      "ParentCommandLine": "/bin/sh",
      "ParentUser": "_apt"
    },
    {
      "row_id": 374,
      "Provider_Name": "Linux-Sysmon",
      "Guid": "{ff032593-a8d3-4f13-b0d6-01fc615a0f97}",
      "EventID": 1,
      "Version": 5,
      "Level": 4,
      "Task": 1,
      "Opcode": 0,
      "Keywords": "0x8000000000000000",
      "SystemTime": "2026-01-13T08:39:05.374228000Z",
      "EventRecordID": 570489,
      "ProcessID": "5412",
      "ThreadID": "5412",
      "Channel": "Linux-Sysmon/Operational",
      "Computer": "vincenzolog-VMware-Virtual-Platform",
      "UserId": "0",
      "RuleName": "-",
      "UtcTime": "2026-01-12 10:48:30.914",
      "ProcessGuid": "{8b8a9dc4-d17e-6964-d1af-0522b25c0000}",
      "Image": "/usr/bin/chmod",
      "User": "_apt",
      "OriginalLogfile": "Shell_Invocation_via_Apt_attack6.log-W7AWJQ3U.json",
      "FileVersion": "-",
      "Description": "-",
      "Product": "-",
      "Company": "-",
      "OriginalFileName": "-",
      "CommandLine": "chmod 700 /tmp/apt-key-gpghome.Y99Xhp74xt",
      "CurrentDirectory": "/home/vincenzolog/Auto_test",
      "LogonGuid": "{8b8a9dc4-0000-0000-2a00-000005000000}",
      "LogonId": 42,
      "TerminalSessionId": 3,
      "IntegrityLevel": "no level",
      "SHA256": "f162501708c719c786ddceb78c2cc3b48dc2e33683114da199223c978bd62324",
      "Hashes": "SHA256=f162501708c719c786ddceb78c2cc3b48dc2e33683114da199223c978bd62324",
      "ParentProcessGuid": "{8b8a9dc4-d17e-6964-1d98-fdb73a5c0000}",
      "ParentProcessId": 206476,
      "ParentImage": "/usr/bin/dash",
      "ParentCommandLine": "/bin/sh",
      "ParentUser": "_apt"
    },
