Jan 15 23:40:17 vincenzolog-VMware-Virtual-Platform sysmon[1614]: <Event><System><Provider Name="Linux-Sysmon" Guid="{ff032593-a8d3-4f13-b0d6-01fc615a0f97}"/><EventID>5</EventID><Version>3</Version><Level>4</Level><Task>5</Task><Opcode>0</Opcode><Keywords>0x8000000000000000</Keywords><TimeCreated SystemTime="2026-01-15T16:40:17.040556000Z"/><EventRecordID>717081</EventRecordID><Correlation/><Execution ProcessID="1614" ThreadID="1614"/><Channel>Linux-Sysmon/Operational</Channel><Computer>vincenzolog-VMware-Virtual-Platform</Computer><Security UserId="0"/></System><EventData><Data Name="RuleName">-</Data><Data Name="UtcTime">2026-01-15 16:40:18.450</Data><Data Name="ProcessGuid">{8b8a9dc4-1872-6969-0195-55af8e560000}</Data><Data Name="ProcessId">14318</Data><Data Name="Image">/usr/bin/git</Data><Data Name="User">vincenzolog</Data></EventData></Event>
Jan 15 23:40:17 vincenzolog-VMware-Virtual-Platform sysmon[1614]: <Event><System><Provider Name="Linux-Sysmon" Guid="{ff032593-a8d3-4f13-b0d6-01fc615a0f97}"/><EventID>5</EventID><Version>3</Version><Level>4</Level><Task>5</Task><Opcode>0</Opcode><Keywords>0x8000000000000000</Keywords><TimeCreated SystemTime="2026-01-15T16:40:17.041793000Z"/><EventRecordID>717082</EventRecordID><Correlation/><Execution ProcessID="1614" ThreadID="1614"/><Channel>Linux-Sysmon/Operational</Channel><Computer>vincenzolog-VMware-Virtual-Platform</Computer><Security UserId="0"/></System><EventData><Data Name="RuleName">-</Data><Data Name="UtcTime">2026-01-15 16:40:18.451</Data><Data Name="ProcessGuid">{8b8a9dc4-1872-6969-0195-55af8e560000}</Data><Data Name="ProcessId">14318</Data><Data Name="Image">/usr/bin/git</Data><Data Name="User">vincenzolog</Data></EventData></Event>
Jan 15 23:40:17 vincenzolog-VMware-Virtual-Platform sysmon[1614]: <Event><System><Provider Name="Linux-Sysmon" Guid="{ff032593-a8d3-4f13-b0d6-01fc615a0f97}"/><EventID>5</EventID><Version>3</Version><Level>4</Level><Task>5</Task><Opcode>0</Opcode><Keywords>0x8000000000000000</Keywords><TimeCreated SystemTime="2026-01-15T16:40:17.042058000Z"/><EventRecordID>717083</EventRecordID><Correlation/><Execution ProcessID="1614" ThreadID="1614"/><Channel>Linux-Sysmon/Operational</Channel><Computer>vincenzolog-VMware-Virtual-Platform</Computer><Security UserId="0"/></System><EventData><Data Name="RuleName">-</Data><Data Name="UtcTime">2026-01-15 16:40:18.452</Data><Data Name="ProcessGuid">{8b8a9dc4-1872-6969-0195-55af8e560000}</Data><Data Name="ProcessId">14318</Data><Data Name="Image">/usr/bin/git</Data><Data Name="User">vincenzolog</Data></EventData></Event>
Jan 15 23:40:17 vincenzolog-VMware-Virtual-Platform sysmon[1614]: <Event><System><Provider Name="Linux-Sysmon" Guid="{ff032593-a8d3-4f13-b0d6-01fc615a0f97}"/><EventID>5</EventID><Version>3</Version><Level>4</Level><Task>5</Task><Opcode>0</Opcode><Keywords>0x8000000000000000</Keywords><TimeCreated SystemTime="2026-01-15T16:40:17.042098000Z"/><EventRecordID>717084</EventRecordID><Correlation/><Execution ProcessID="1614" ThreadID="1614"/><Channel>Linux-Sysmon/Operational</Channel><Computer>vincenzolog-VMware-Virtual-Platform</Computer><Security UserId="0"/></System><EventData><Data Name="RuleName">-</Data><Data Name="UtcTime">2026-01-15 16:40:18.452</Data><Data Name="ProcessGuid">{8b8a9dc4-1872-6969-0195-55af8e560000}</Data><Data Name="ProcessId">14318</Data><Data Name="Image">/usr/bin/git</Data><Data Name="User">vincenzolog</Data></EventData></Event>
Jan 15 23:40:17 vincenzolog-VMware-Virtual-Platform sysmon[1614]: <Event><System><Provider Name="Linux-Sysmon" Guid="{ff032593-a8d3-4f13-b0d6-01fc615a0f97}"/><EventID>5</EventID><Version>3</Version><Level>4</Level><Task>5</Task><Opcode>0</Opcode><Keywords>0x8000000000000000</Keywords><TimeCreated SystemTime="2026-01-15T16:40:17.042971000Z"/><EventRecordID>717085</EventRecordID><Correlation/><Execution ProcessID="1614" ThreadID="1614"/><Channel>Linux-Sysmon/Operational</Channel><Computer>vincenzolog-VMware-Virtual-Platform</Computer><Security UserId="0"/></System><EventData><Data Name="RuleName">-</Data><Data Name="UtcTime">2026-01-15 16:40:18.453</Data><Data Name="ProcessGuid">{8b8a9dc4-1872-6969-0195-55af8e560000}</Data><Data Name="ProcessId">14318</Data><Data Name="Image">/usr/bin/git</Data><Data Name="User">vincenzolog</Data></EventData></Event>
Jan 15 23:40:17 vincenzolog-VMware-Virtual-Platform sysmon[1614]: <Event><System><Provider Name="Linux-Sysmon" Guid="{ff032593-a8d3-4f13-b0d6-01fc615a0f97}"/><EventID>5</EventID><Version>3</Version><Level>4</Level><Task>5</Task><Opcode>0</Opcode><Keywords>0x8000000000000000</Keywords><TimeCreated SystemTime="2026-01-15T16:40:17.043083000Z"/><EventRecordID>717086</EventRecordID><Correlation/><Execution ProcessID="1614" ThreadID="1614"/><Channel>Linux-Sysmon/Operational</Channel><Computer>vincenzolog-VMware-Virtual-Platform</Computer><Security UserId="0"/></System><EventData><Data Name="RuleName">-</Data><Data Name="UtcTime">2026-01-15 16:40:18.453</Data><Data Name="ProcessGuid">{8b8a9dc4-1872-6969-0195-55af8e560000}</Data><Data Name="ProcessId">14318</Data><Data Name="Image">/usr/bin/git</Data><Data Name="User">vincenzolog</Data></EventData></Event>
Jan 15 23:40:17 vincenzolog-VMware-Virtual-Platform sysmon[1614]: <Event><System><Provider Name="Linux-Sysmon" Guid="{ff032593-a8d3-4f13-b0d6-01fc615a0f97}"/><EventID>5</EventID><Version>3</Version><Level>4</Level><Task>5</Task><Opcode>0</Opcode><Keywords>0x8000000000000000</Keywords><TimeCreated SystemTime="2026-01-15T16:40:17.043630000Z"/><EventRecordID>717087</EventRecordID><Correlation/><Execution ProcessID="1614" ThreadID="1614"/><Channel>Linux-Sysmon/Operational</Channel><Computer>vincenzolog-VMware-Virtual-Platform</Computer><Security UserId="0"/></System><EventData><Data Name="RuleName">-</Data><Data Name="UtcTime">2026-01-15 16:40:18.453</Data><Data Name="ProcessGuid">{8b8a9dc4-1872-6969-0195-55af8e560000}</Data><Data Name="ProcessId">14318</Data><Data Name="Image">/usr/bin/git</Data><Data Name="User">vincenzolog</Data></EventData></Event>
Jan 15 23:40:17 vincenzolog-VMware-Virtual-Platform sysmon[1614]: <Event><System><Provider Name="Linux-Sysmon" Guid="{ff032593-a8d3-4f13-b0d6-01fc615a0f97}"/><EventID>5</EventID><Version>3</Version><Level>4</Level><Task>5</Task><Opcode>0</Opcode><Keywords>0x8000000000000000</Keywords><TimeCreated SystemTime="2026-01-15T16:40:17.044009000Z"/><EventRecordID>717088</EventRecordID><Correlation/><Execution ProcessID="1614" ThreadID="1614"/><Channel>Linux-Sysmon/Operational</Channel><Computer>vincenzolog-VMware-Virtual-Platform</Computer><Security UserId="0"/></System><EventData><Data Name="RuleName">-</Data><Data Name="UtcTime">2026-01-15 16:40:18.454</Data><Data Name="ProcessGuid">{8b8a9dc4-1872-6969-0195-55af8e560000}</Data><Data Name="ProcessId">14318</Data><Data Name="Image">/usr/bin/git</Data><Data Name="User">vincenzolog</Data></EventData></Event>
Jan 15 23:40:17 vincenzolog-VMware-Virtual-Platform sysmon[1614]: <Event><System><Provider Name="Linux-Sysmon" Guid="{ff032593-a8d3-4f13-b0d6-01fc615a0f97}"/><EventID>5</EventID><Version>3</Version><Level>4</Level><Task>5</Task><Opcode>0</Opcode><Keywords>0x8000000000000000</Keywords><TimeCreated SystemTime="2026-01-15T16:40:17.044496000Z"/><EventRecordID>717089</EventRecordID><Correlation/><Execution ProcessID="1614" ThreadID="1614"/><Channel>Linux-Sysmon/Operational</Channel><Computer>vincenzolog-VMware-Virtual-Platform</Computer><Security UserId="0"/></System><EventData><Data Name="RuleName">-</Data><Data Name="UtcTime">2026-01-15 16:40:18.454</Data><Data Name="ProcessGuid">{8b8a9dc4-1872-6969-0195-55af8e560000}</Data><Data Name="ProcessId">14318</Data><Data Name="Image">/usr/bin/git</Data><Data Name="User">vincenzolog</Data></EventData></Event>
Jan 15 23:40:17 vincenzolog-VMware-Virtual-Platform sysmon[1614]: <Event><System><Provider Name="Linux-Sysmon" Guid="{ff032593-a8d3-4f13-b0d6-01fc615a0f97}"/><EventID>5</EventID><Version>3</Version><Level>4</Level><Task>5</Task><Opcode>0</Opcode><Keywords>0x8000000000000000</Keywords><TimeCreated SystemTime="2026-01-15T16:40:17.044753000Z"/><EventRecordID>717090</EventRecordID><Correlation/><Execution ProcessID="1614" ThreadID="1614"/><Channel>Linux-Sysmon/Operational</Channel><Computer>vincenzolog-VMware-Virtual-Platform</Computer><Security UserId="0"/></System><EventData><Data Name="RuleName">-</Data><Data Name="UtcTime">2026-01-15 16:40:18.455</Data><Data Name="ProcessGuid">{8b8a9dc4-1872-6969-0195-55af8e560000}</Data><Data Name="ProcessId">14318</Data><Data Name="Image">/usr/bin/git</Data><Data Name="User">vincenzolog</Data></EventData></Event>
Jan 15 23:40:17 vincenzolog-VMware-Virtual-Platform sysmon[1614]: <Event><System><Provider Name="Linux-Sysmon" Guid="{ff032593-a8d3-4f13-b0d6-01fc615a0f97}"/><EventID>5</EventID><Version>3</Version><Level>4</Level><Task>5</Task><Opcode>0</Opcode><Keywords>0x8000000000000000</Keywords><TimeCreated SystemTime="2026-01-15T16:40:17.044842000Z"/><EventRecordID>717091</EventRecordID><Correlation/><Execution ProcessID="1614" ThreadID="1614"/><Channel>Linux-Sysmon/Operational</Channel><Computer>vincenzolog-VMware-Virtual-Platform</Computer><Security UserId="0"/></System><EventData><Data Name="RuleName">-</Data><Data Name="UtcTime">2026-01-15 16:40:18.455</Data><Data Name="ProcessGuid">{8b8a9dc4-1872-6969-0195-55af8e560000}</Data><Data Name="ProcessId">14318</Data><Data Name="Image">/usr/bin/git</Data><Data Name="User">vincenzolog</Data></EventData></Event>
Jan 15 23:40:17 vincenzolog-VMware-Virtual-Platform sysmon[1614]: <Event><System><Provider Name="Linux-Sysmon" Guid="{ff032593-a8d3-4f13-b0d6-01fc615a0f97}"/><EventID>5</EventID><Version>3</Version><Level>4</Level><Task>5</Task><Opcode>0</Opcode><Keywords>0x8000000000000000</Keywords><TimeCreated SystemTime="2026-01-15T16:40:17.044878000Z"/><EventRecordID>717092</EventRecordID><Correlation/><Execution ProcessID="1614" ThreadID="1614"/><Channel>Linux-Sysmon/Operational</Channel><Computer>vincenzolog-VMware-Virtual-Platform</Computer><Security UserId="0"/></System><EventData><Data Name="RuleName">-</Data><Data Name="UtcTime">2026-01-15 16:40:18.455</Data><Data Name="ProcessGuid">{8b8a9dc4-1872-6969-0195-55af8e560000}</Data><Data Name="ProcessId">14318</Data><Data Name="Image">/usr/bin/git</Data><Data Name="User">vincenzolog</Data></EventData></Event>
Jan 15 23:40:17 vincenzolog-VMware-Virtual-Platform sysmon[1614]: <Event><System><Provider Name="Linux-Sysmon" Guid="{ff032593-a8d3-4f13-b0d6-01fc615a0f97}"/><EventID>1</EventID><Version>5</Version><Level>4</Level><Task>1</Task><Opcode>0</Opcode><Keywords>0x8000000000000000</Keywords><TimeCreated SystemTime="2026-01-15T16:40:17.048598000Z"/><EventRecordID>717093</EventRecordID><Correlation/><Execution ProcessID="1614" ThreadID="1614"/><Channel>Linux-Sysmon/Operational</Channel><Computer>vincenzolog-VMware-Virtual-Platform</Computer><Security UserId="0"/></System><EventData><Data Name="RuleName">-</Data><Data Name="UtcTime">2026-01-15 16:40:18.450</Data><Data Name="ProcessGuid">{8b8a9dc4-1872-6969-01c5-ca4e375f0000}</Data><Data Name="ProcessId">14339</Data><Data Name="Image">/usr/bin/git</Data><Data Name="FileVersion">-</Data><Data Name="Description">-</Data><Data Name="Product">-</Data><Data Name="Company">-</Data><Data Name="OriginalFileName">-</Data><Data Name="CommandLine">git for-each-ref --sort -committerdate --format %(refname)%00%(objectname)%00%(*objectname)</Data><Data Name="CurrentDirectory">/home/vincenzolog/Auto_test</Data><Data Name="User">vincenzolog</Data><Data Name="LogonGuid">{8b8a9dc4-0000-0000-e803-000000000000}</Data><Data Name="LogonId">1000</Data><Data Name="TerminalSessionId">3</Data><Data Name="IntegrityLevel">no level</Data><Data Name="Hashes">SHA256=2a8c18fbf43da9f692d75474c72bea9dfd796c260b0f3dfe456376abc3bbd668</Data><Data Name="ParentProcessGuid">{00000000-0000-0000-0000-000000000000}</Data><Data Name="ParentProcessId">3566</Data><Data Name="ParentImage">-</Data><Data Name="ParentCommandLine">-</Data><Data Name="ParentUser">-</Data></EventData></Event>
Jan 15 23:40:17 vincenzolog-VMware-Virtual-Platform sysmon[1614]: <Event><System><Provider Name="Linux-Sysmon" Guid="{ff032593-a8d3-4f13-b0d6-01fc615a0f97}"/><EventID>5</EventID><Version>3</Version><Level>4</Level><Task>5</Task><Opcode>0</Opcode><Keywords>0x8000000000000000</Keywords><TimeCreated SystemTime="2026-01-15T16:40:17.049147000Z"/><EventRecordID>717094</EventRecordID><Correlation/><Execution ProcessID="1614" ThreadID="1614"/><Channel>Linux-Sysmon/Operational</Channel><Computer>vincenzolog-VMware-Virtual-Platform</Computer><Security UserId="0"/></System><EventData><Data Name="RuleName">-</Data><Data Name="UtcTime">2026-01-15 16:40:18.459</Data><Data Name="ProcessGuid">{8b8a9dc4-1872-6969-01c5-ca4e375f0000}</Data><Data Name="ProcessId">14339</Data><Data Name="Image">/usr/bin/git</Data><Data Name="User">vincenzolog</Data></EventData></Event>
Jan 15 23:40:17 vincenzolog-VMware-Virtual-Platform sysmon[1614]: <Event><System><Provider Name="Linux-Sysmon" Guid="{ff032593-a8d3-4f13-b0d6-01fc615a0f97}"/><EventID>5</EventID><Version>3</Version><Level>4</Level><Task>5</Task><Opcode>0</Opcode><Keywords>0x8000000000000000</Keywords><TimeCreated SystemTime="2026-01-15T16:40:17.139419000Z"/><EventRecordID>717095</EventRecordID><Correlation/><Execution ProcessID="1614" ThreadID="1614"/><Channel>Linux-Sysmon/Operational</Channel><Computer>vincenzolog-VMware-Virtual-Platform</Computer><Security UserId="0"/></System><EventData><Data Name="RuleName">-</Data><Data Name="UtcTime">2026-01-15 16:40:18.549</Data><Data Name="ProcessGuid">{8b8a9dc4-1872-6969-0195-55af8e560000}</Data><Data Name="ProcessId">14318</Data><Data Name="Image">/usr/bin/git</Data><Data Name="User">vincenzolog</Data></EventData></Event>
Jan 15 23:40:17 vincenzolog-VMware-Virtual-Platform sysmon[1614]: <Event><System><Provider Name="Linux-Sysmon" Guid="{ff032593-a8d3-4f13-b0d6-01fc615a0f97}"/><EventID>1</EventID><Version>5</Version><Level>4</Level><Task>1</Task><Opcode>0</Opcode><Keywords>0x8000000000000000</Keywords><TimeCreated SystemTime="2026-01-15T16:40:17.396226000Z"/><EventRecordID>717096</EventRecordID><Correlation/><Execution ProcessID="1614" ThreadID="1614"/><Channel>Linux-Sysmon/Operational</Channel><Computer>vincenzolog-VMware-Virtual-Platform</Computer><Security UserId="0"/></System><EventData><Data Name="RuleName">-</Data><Data Name="UtcTime">2026-01-15 16:40:18.805</Data><Data Name="ProcessGuid">{8b8a9dc4-1872-6969-1d38-c81dcd630000}</Data><Data Name="ProcessId">14340</Data><Data Name="Image">/usr/bin/dash</Data><Data Name="FileVersion">-</Data><Data Name="Description">-</Data><Data Name="Product">-</Data><Data Name="Company">-</Data><Data Name="OriginalFileName">-</Data><Data Name="CommandLine">/bin/sh -c cp /bin/echo ~/echo2 &amp;&amp; ~/echo2 &quot;IyEvYmluL2Jhc2gKZWNobyAiU2ltdWxhdGluZyBNYWxpY2lvdXMgUGF5bG9hZCI=&quot; | base64 -d | bash</Data><Data Name="CurrentDirectory">/home/vincenzolog/Auto_test</Data><Data Name="User">root</Data><Data Name="LogonGuid">{8b8a9dc4-0000-0000-0000-000001000000}</Data><Data Name="LogonId">0</Data><Data Name="TerminalSessionId">3</Data><Data Name="IntegrityLevel">no level</Data><Data Name="Hashes">SHA256=86d31f6fb799e91fa21bad341484564510ca287703a16e9e46c53338776f4f42</Data><Data Name="ParentProcessGuid">{8b8a9dc4-1506-6969-dd23-700000000000}</Data><Data Name="ParentProcessId">4285</Data><Data Name="ParentImage">/usr/bin/python3.12</Data><Data Name="ParentCommandLine">python3</Data><Data Name="ParentUser">root</Data></EventData></Event>
Jan 15 23:40:17 vincenzolog-VMware-Virtual-Platform sysmon[1614]: <Event><System><Provider Name="Linux-Sysmon" Guid="{ff032593-a8d3-4f13-b0d6-01fc615a0f97}"/><EventID>1</EventID><Version>5</Version><Level>4</Level><Task>1</Task><Opcode>0</Opcode><Keywords>0x8000000000000000</Keywords><TimeCreated SystemTime="2026-01-15T16:40:17.397746000Z"/><EventRecordID>717097</EventRecordID><Correlation/><Execution ProcessID="1614" ThreadID="1614"/><Channel>Linux-Sysmon/Operational</Channel><Computer>vincenzolog-VMware-Virtual-Platform</Computer><Security UserId="0"/></System><EventData><Data Name="RuleName">-</Data><Data Name="UtcTime">2026-01-15 16:40:18.807</Data><Data Name="ProcessGuid">{8b8a9dc4-1872-6969-e16c-84468f630000}</Data><Data Name="ProcessId">14341</Data><Data Name="Image">/usr/bin/cp</Data><Data Name="FileVersion">-</Data><Data Name="Description">-</Data><Data Name="Product">-</Data><Data Name="Company">-</Data><Data Name="OriginalFileName">-</Data><Data Name="CommandLine">cp /bin/echo /root/echo2</Data><Data Name="CurrentDirectory">/home/vincenzolog/Auto_test</Data><Data Name="User">root</Data><Data Name="LogonGuid">{8b8a9dc4-0000-0000-0000-000001000000}</Data><Data Name="LogonId">0</Data><Data Name="TerminalSessionId">3</Data><Data Name="IntegrityLevel">no level</Data><Data Name="Hashes">SHA256=2e17fe58f9bd77232d9565a503fb43f20bdc2206a3c6bf0d841071a1da6efd35</Data><Data Name="ParentProcessGuid">{8b8a9dc4-1872-6969-1d38-c81dcd630000}</Data><Data Name="ParentProcessId">14340</Data><Data Name="ParentImage">/usr/bin/dash</Data><Data Name="ParentCommandLine">/bin/sh</Data><Data Name="ParentUser">root</Data></EventData></Event>
Jan 15 23:40:17 vincenzolog-VMware-Virtual-Platform sysmon[1614]: <Event><System><Provider Name="Linux-Sysmon" Guid="{ff032593-a8d3-4f13-b0d6-01fc615a0f97}"/><EventID>5</EventID><Version>3</Version><Level>4</Level><Task>5</Task><Opcode>0</Opcode><Keywords>0x8000000000000000</Keywords><TimeCreated SystemTime="2026-01-15T16:40:17.400717000Z"/><EventRecordID>717098</EventRecordID><Correlation/><Execution ProcessID="1614" ThreadID="1614"/><Channel>Linux-Sysmon/Operational</Channel><Computer>vincenzolog-VMware-Virtual-Platform</Computer><Security UserId="0"/></System><EventData><Data Name="RuleName">-</Data><Data Name="UtcTime">2026-01-15 16:40:18.810</Data><Data Name="ProcessGuid">{8b8a9dc4-1872-6969-e16c-84468f630000}</Data><Data Name="ProcessId">14341</Data><Data Name="Image">/usr/bin/cp</Data><Data Name="User">root</Data></EventData></Event>
Jan 15 23:40:17 vincenzolog-VMware-Virtual-Platform sysmon[1614]: <Event><System><Provider Name="Linux-Sysmon" Guid="{ff032593-a8d3-4f13-b0d6-01fc615a0f97}"/><EventID>1</EventID><Version>5</Version><Level>4</Level><Task>1</Task><Opcode>0</Opcode><Keywords>0x8000000000000000</Keywords><TimeCreated SystemTime="2026-01-15T16:40:17.401483000Z"/><EventRecordID>717099</EventRecordID><Correlation/><Execution ProcessID="1614" ThreadID="1614"/><Channel>Linux-Sysmon/Operational</Channel><Computer>vincenzolog-VMware-Virtual-Platform</Computer><Security UserId="0"/></System><EventData><Data Name="RuleName">-</Data><Data Name="UtcTime">2026-01-15 16:40:18.811</Data><Data Name="ProcessGuid">{8b8a9dc4-1872-6969-21f6-772a3e590000}</Data><Data Name="ProcessId">14342</Data><Data Name="Image">/root/echo2</Data><Data Name="FileVersion">-</Data><Data Name="Description">-</Data><Data Name="Product">-</Data><Data Name="Company">-</Data><Data Name="OriginalFileName">-</Data><Data Name="CommandLine">/root/echo2 IyEvYmluL2Jhc2gKZWNobyAiU2ltdWxhdGluZyBNYWxpY2lvdXMgUGF5bG9hZCI=</Data><Data Name="CurrentDirectory">/home/vincenzolog/Auto_test</Data><Data Name="User">root</Data><Data Name="LogonGuid">{8b8a9dc4-0000-0000-0000-000001000000}</Data><Data Name="LogonId">0</Data><Data Name="TerminalSessionId">3</Data><Data Name="IntegrityLevel">no level</Data><Data Name="Hashes">SHA256=75775b3c920d5c6686814bfb4c270e4d186c1155fb9136c9400581f9ef535835</Data><Data Name="ParentProcessGuid">{8b8a9dc4-1872-6969-1d38-c81dcd630000}</Data><Data Name="ParentProcessId">14340</Data><Data Name="ParentImage">/usr/bin/dash</Data><Data Name="ParentCommandLine">/bin/sh</Data><Data Name="ParentUser">root</Data></EventData></Event>
Jan 15 23:40:17 vincenzolog-VMware-Virtual-Platform sysmon[1614]: <Event><System><Provider Name="Linux-Sysmon" Guid="{ff032593-a8d3-4f13-b0d6-01fc615a0f97}"/><EventID>1</EventID><Version>5</Version><Level>4</Level><Task>1</Task><Opcode>0</Opcode><Keywords>0x8000000000000000</Keywords><TimeCreated SystemTime="2026-01-15T16:40:17.401727000Z"/><EventRecordID>717100</EventRecordID><Correlation/><Execution ProcessID="1614" ThreadID="1614"/><Channel>Linux-Sysmon/Operational</Channel><Computer>vincenzolog-VMware-Virtual-Platform</Computer><Security UserId="0"/></System><EventData><Data Name="RuleName">-</Data><Data Name="UtcTime">2026-01-15 16:40:18.811</Data><Data Name="ProcessGuid">{8b8a9dc4-1872-6969-31e8-d40551580000}</Data><Data Name="ProcessId">14343</Data><Data Name="Image">/usr/bin/base64</Data><Data Name="FileVersion">-</Data><Data Name="Description">-</Data><Data Name="Product">-</Data><Data Name="Company">-</Data><Data Name="OriginalFileName">-</Data><Data Name="CommandLine">base64 -d</Data><Data Name="CurrentDirectory">/home/vincenzolog/Auto_test</Data><Data Name="User">root</Data><Data Name="LogonGuid">{8b8a9dc4-0000-0000-0000-000001000000}</Data><Data Name="LogonId">0</Data><Data Name="TerminalSessionId">3</Data><Data Name="IntegrityLevel">no level</Data><Data Name="Hashes">SHA256=40e5639fa360b47ffb5f512c0644280dc6f7fdb7a3141e1df11bab4bb4253d60</Data><Data Name="ParentProcessGuid">{8b8a9dc4-1872-6969-1d38-c81dcd630000}</Data><Data Name="ParentProcessId">14340</Data><Data Name="ParentImage">/usr/bin/dash</Data><Data Name="ParentCommandLine">/bin/sh</Data><Data Name="ParentUser">root</Data></EventData></Event>
Jan 15 23:40:17 vincenzolog-VMware-Virtual-Platform sysmon[1614]: <Event><System><Provider Name="Linux-Sysmon" Guid="{ff032593-a8d3-4f13-b0d6-01fc615a0f97}"/><EventID>1</EventID><Version>5</Version><Level>4</Level><Task>1</Task><Opcode>0</Opcode><Keywords>0x8000000000000000</Keywords><TimeCreated SystemTime="2026-01-15T16:40:17.403071000Z"/><EventRecordID>717101</EventRecordID><Correlation/><Execution ProcessID="1614" ThreadID="1614"/><Channel>Linux-Sysmon/Operational</Channel><Computer>vincenzolog-VMware-Virtual-Platform</Computer><Security UserId="0"/></System><EventData><Data Name="RuleName">-</Data><Data Name="UtcTime">2026-01-15 16:40:18.811</Data><Data Name="ProcessGuid">{8b8a9dc4-1872-6969-2d23-03cdd4570000}</Data><Data Name="ProcessId">14344</Data><Data Name="Image">/usr/bin/bash</Data><Data Name="FileVersion">-</Data><Data Name="Description">-</Data><Data Name="Product">-</Data><Data Name="Company">-</Data><Data Name="OriginalFileName">-</Data><Data Name="CommandLine">bash</Data><Data Name="CurrentDirectory">/home/vincenzolog/Auto_test</Data><Data Name="User">root</Data><Data Name="LogonGuid">{8b8a9dc4-0000-0000-0000-000001000000}</Data><Data Name="LogonId">0</Data><Data Name="TerminalSessionId">3</Data><Data Name="IntegrityLevel">no level</Data><Data Name="Hashes">SHA256=bc5945feb8bd26203ebfafea5ce1878bb2e32cb8fb50ab7ae395cfb1e1aaaef1</Data><Data Name="ParentProcessGuid">{8b8a9dc4-1872-6969-1d38-c81dcd630000}</Data><Data Name="ParentProcessId">14340</Data><Data Name="ParentImage">/usr/bin/dash</Data><Data Name="ParentCommandLine">/bin/sh</Data><Data Name="ParentUser">root</Data></EventData></Event>
Jan 15 23:40:17 vincenzolog-VMware-Virtual-Platform sysmon[1614]: <Event><System><Provider Name="Linux-Sysmon" Guid="{ff032593-a8d3-4f13-b0d6-01fc615a0f97}"/><EventID>5</EventID><Version>3</Version><Level>4</Level><Task>5</Task><Opcode>0</Opcode><Keywords>0x8000000000000000</Keywords><TimeCreated SystemTime="2026-01-15T16:40:17.403632000Z"/><EventRecordID>717102</EventRecordID><Correlation/><Execution ProcessID="1614" ThreadID="1614"/><Channel>Linux-Sysmon/Operational</Channel><Computer>vincenzolog-VMware-Virtual-Platform</Computer><Security UserId="0"/></System><EventData><Data Name="RuleName">-</Data><Data Name="UtcTime">2026-01-15 16:40:18.813</Data><Data Name="ProcessGuid">{8b8a9dc4-1872-6969-21f6-772a3e590000}</Data><Data Name="ProcessId">14342</Data><Data Name="Image">/root/echo2</Data><Data Name="User">root</Data></EventData></Event>
Jan 15 23:40:17 vincenzolog-VMware-Virtual-Platform sysmon[1614]: <Event><System><Provider Name="Linux-Sysmon" Guid="{ff032593-a8d3-4f13-b0d6-01fc615a0f97}"/><EventID>5</EventID><Version>3</Version><Level>4</Level><Task>5</Task><Opcode>0</Opcode><Keywords>0x8000000000000000</Keywords><TimeCreated SystemTime="2026-01-15T16:40:17.403812000Z"/><EventRecordID>717103</EventRecordID><Correlation/><Execution ProcessID="1614" ThreadID="1614"/><Channel>Linux-Sysmon/Operational</Channel><Computer>vincenzolog-VMware-Virtual-Platform</Computer><Security UserId="0"/></System><EventData><Data Name="RuleName">-</Data><Data Name="UtcTime">2026-01-15 16:40:18.814</Data><Data Name="ProcessGuid">{8b8a9dc4-1872-6969-31e8-d40551580000}</Data><Data Name="ProcessId">14343</Data><Data Name="Image">/usr/bin/base64</Data><Data Name="User">root</Data></EventData></Event>
Jan 15 23:40:17 vincenzolog-VMware-Virtual-Platform sysmon[1614]: <Event><System><Provider Name="Linux-Sysmon" Guid="{ff032593-a8d3-4f13-b0d6-01fc615a0f97}"/><EventID>5</EventID><Version>3</Version><Level>4</Level><Task>5</Task><Opcode>0</Opcode><Keywords>0x8000000000000000</Keywords><TimeCreated SystemTime="2026-01-15T16:40:17.403850000Z"/><EventRecordID>717104</EventRecordID><Correlation/><Execution ProcessID="1614" ThreadID="1614"/><Channel>Linux-Sysmon/Operational</Channel><Computer>vincenzolog-VMware-Virtual-Platform</Computer><Security UserId="0"/></System><EventData><Data Name="RuleName">-</Data><Data Name="UtcTime">2026-01-15 16:40:18.814</Data><Data Name="ProcessGuid">{8b8a9dc4-1872-6969-2d23-03cdd4570000}</Data><Data Name="ProcessId">14344</Data><Data Name="Image">/usr/bin/bash</Data><Data Name="User">root</Data></EventData></Event>
Jan 15 23:40:17 vincenzolog-VMware-Virtual-Platform sysmon[1614]: <Event><System><Provider Name="Linux-Sysmon" Guid="{ff032593-a8d3-4f13-b0d6-01fc615a0f97}"/><EventID>5</EventID><Version>3</Version><Level>4</Level><Task>5</Task><Opcode>0</Opcode><Keywords>0x8000000000000000</Keywords><TimeCreated SystemTime="2026-01-15T16:40:17.404175000Z"/><EventRecordID>717105</EventRecordID><Correlation/><Execution ProcessID="1614" ThreadID="1614"/><Channel>Linux-Sysmon/Operational</Channel><Computer>vincenzolog-VMware-Virtual-Platform</Computer><Security UserId="0"/></System><EventData><Data Name="RuleName">-</Data><Data Name="UtcTime">2026-01-15 16:40:18.814</Data><Data Name="ProcessGuid">{8b8a9dc4-1872-6969-1d38-c81dcd630000}</Data><Data Name="ProcessId">14340</Data><Data Name="Image">/usr/bin/dash</Data><Data Name="User">root</Data></EventData></Event>
Jan 15 23:40:17 vincenzolog-VMware-Virtual-Platform sysmon[1614]: <Event><System><Provider Name="Linux-Sysmon" Guid="{ff032593-a8d3-4f13-b0d6-01fc615a0f97}"/><EventID>5</EventID><Version>3</Version><Level>4</Level><Task>5</Task><Opcode>0</Opcode><Keywords>0x8000000000000000</Keywords><TimeCreated SystemTime="2026-01-15T16:40:17.682687000Z"/><EventRecordID>717106</EventRecordID><Correlation/><Execution ProcessID="1614" ThreadID="1614"/><Channel>Linux-Sysmon/Operational</Channel><Computer>vincenzolog-VMware-Virtual-Platform</Computer><Security UserId="0"/></System><EventData><Data Name="RuleName">-</Data><Data Name="UtcTime">2026-01-15 16:40:19.092</Data><Data Name="ProcessGuid">{8b8a9dc4-1872-6969-b116-54ec8a5e0000}</Data><Data Name="ProcessId">14315</Data><Data Name="Image">/usr/bin/sleep</Data><Data Name="User">vincenzolog</Data></EventData></Event>
Jan 15 23:40:17 vincenzolog-VMware-Virtual-Platform sysmon[1614]: <Event><System><Provider Name="Linux-Sysmon" Guid="{ff032593-a8d3-4f13-b0d6-01fc615a0f97}"/><EventID>1</EventID><Version>5</Version><Level>4</Level><Task>1</Task><Opcode>0</Opcode><Keywords>0x8000000000000000</Keywords><TimeCreated SystemTime="2026-01-15T16:40:17.683898000Z"/><EventRecordID>717107</EventRecordID><Correlation/><Execution ProcessID="1614" ThreadID="1614"/><Channel>Linux-Sysmon/Operational</Channel><Computer>vincenzolog-VMware-Virtual-Platform</Computer><Security UserId="0"/></System><EventData><Data Name="RuleName">-</Data><Data Name="UtcTime">2026-01-15 16:40:19.093</Data><Data Name="ProcessGuid">{8b8a9dc4-1873-6969-81be-aebb47630000}</Data><Data Name="ProcessId">14345</Data><Data Name="Image">/usr/bin/sed</Data><Data Name="FileVersion">-</Data><Data Name="Description">-</Data><Data Name="Product">-</Data><Data Name="Company">-</Data><Data Name="OriginalFileName">-</Data><Data Name="CommandLine">sed -n s/^cpu\s//p /proc/stat</Data><Data Name="CurrentDirectory">/home/vincenzolog</Data><Data Name="User">vincenzolog</Data><Data Name="LogonGuid">{8b8a9dc4-0000-0000-e803-000000000000}</Data><Data Name="LogonId">1000</Data><Data Name="TerminalSessionId">3</Data><Data Name="IntegrityLevel">no level</Data><Data Name="Hashes">SHA256=db67d4895f868617bfd19786247ebda7c2f50f4cb3857a987f732a2c267a799e</Data><Data Name="ParentProcessGuid">{8b8a9dc4-1872-6969-2df3-6dd7f65a0000}</Data><Data Name="ParentProcessId">14309</Data><Data Name="ParentImage">/usr/bin/bash</Data><Data Name="ParentCommandLine">/bin/bash</Data><Data Name="ParentUser">vincenzolog</Data></EventData></Event>
Jan 15 23:40:17 vincenzolog-VMware-Virtual-Platform sysmon[1614]: <Event><System><Provider Name="Linux-Sysmon" Guid="{ff032593-a8d3-4f13-b0d6-01fc615a0f97}"/><EventID>5</EventID><Version>3</Version><Level>4</Level><Task>5</Task><Opcode>0</Opcode><Keywords>0x8000000000000000</Keywords><TimeCreated SystemTime="2026-01-15T16:40:17.685792000Z"/><EventRecordID>717108</EventRecordID><Correlation/><Execution ProcessID="1614" ThreadID="1614"/><Channel>Linux-Sysmon/Operational</Channel><Computer>vincenzolog-VMware-Virtual-Platform</Computer><Security UserId="0"/></System><EventData><Data Name="RuleName">-</Data><Data Name="UtcTime">2026-01-15 16:40:19.095</Data><Data Name="ProcessGuid">{8b8a9dc4-1873-6969-81be-aebb47630000}</Data><Data Name="ProcessId">14345</Data><Data Name="Image">/usr/bin/sed</Data><Data Name="User">vincenzolog</Data></EventData></Event>
Jan 15 23:40:17 vincenzolog-VMware-Virtual-Platform sysmon[1614]: <Event><System><Provider Name="Linux-Sysmon" Guid="{ff032593-a8d3-4f13-b0d6-01fc615a0f97}"/><EventID>1</EventID><Version>5</Version><Level>4</Level><Task>1</Task><Opcode>0</Opcode><Keywords>0x8000000000000000</Keywords><TimeCreated SystemTime="2026-01-15T16:40:17.687015000Z"/><EventRecordID>717109</EventRecordID><Correlation/><Execution ProcessID="1614" ThreadID="1614"/><Channel>Linux-Sysmon/Operational</Channel><Computer>vincenzolog-VMware-Virtual-Platform</Computer><Security UserId="0"/></System><EventData><Data Name="RuleName">-</Data><Data Name="UtcTime">2026-01-15 16:40:19.096</Data><Data Name="ProcessGuid">{8b8a9dc4-1873-6969-b1f4-1082c5620000}</Data><Data Name="ProcessId">14346</Data><Data Name="Image">/usr/bin/cat</Data><Data Name="FileVersion">-</Data><Data Name="Description">-</Data><Data Name="Product">-</Data><Data Name="Company">-</Data><Data Name="OriginalFileName">-</Data><Data Name="CommandLine">cat /proc/3648/stat</Data><Data Name="CurrentDirectory">/home/vincenzolog</Data><Data Name="User">vincenzolog</Data><Data Name="LogonGuid">{8b8a9dc4-0000-0000-e803-000000000000}</Data><Data Name="LogonId">1000</Data><Data Name="TerminalSessionId">3</Data><Data Name="IntegrityLevel">no level</Data><Data Name="Hashes">SHA256=dda0961715677dff3cd560e1933379c0eca73c0b6e19fef2737492ebc1de1700</Data><Data Name="ParentProcessGuid">{8b8a9dc4-1872-6969-2df3-6dd7f65a0000}</Data><Data Name="ParentProcessId">14309</Data><Data Name="ParentImage">/usr/bin/bash</Data><Data Name="ParentCommandLine">/bin/bash</Data><Data Name="ParentUser">vincenzolog</Data></EventData></Event>
Jan 15 23:40:17 vincenzolog-VMware-Virtual-Platform sysmon[1614]: <Event><System><Provider Name="Linux-Sysmon" Guid="{ff032593-a8d3-4f13-b0d6-01fc615a0f97}"/><EventID>5</EventID><Version>3</Version><Level>4</Level><Task>5</Task><Opcode>0</Opcode><Keywords>0x8000000000000000</Keywords><TimeCreated SystemTime="2026-01-15T16:40:17.687965000Z"/><EventRecordID>717110</EventRecordID><Correlation/><Execution ProcessID="1614" ThreadID="1614"/><Channel>Linux-Sysmon/Operational</Channel><Computer>vincenzolog-VMware-Virtual-Platform</Computer><Security UserId="0"/></System><EventData><Data Name="RuleName">-</Data><Data Name="UtcTime">2026-01-15 16:40:19.098</Data><Data Name="ProcessGuid">{8b8a9dc4-1873-6969-b1f4-1082c5620000}</Data><Data Name="ProcessId">14346</Data><Data Name="Image">/usr/bin/cat</Data><Data Name="User">vincenzolog</Data></EventData></Event>
Jan 15 23:40:17 vincenzolog-VMware-Virtual-Platform sysmon[1614]: <Event><System><Provider Name="Linux-Sysmon" Guid="{ff032593-a8d3-4f13-b0d6-01fc615a0f97}"/><EventID>5</EventID><Version>3</Version><Level>4</Level><Task>5</Task><Opcode>0</Opcode><Keywords>0x8000000000000000</Keywords><TimeCreated SystemTime="2026-01-15T16:40:17.688927000Z"/><EventRecordID>717111</EventRecordID><Correlation/><Execution ProcessID="1614" ThreadID="1614"/><Channel>Linux-Sysmon/Operational</Channel><Computer>vincenzolog-VMware-Virtual-Platform</Computer><Security UserId="0"/></System><EventData><Data Name="RuleName">-</Data><Data Name="UtcTime">2026-01-15 16:40:19.099</Data><Data Name="ProcessGuid">{8b8a9dc4-1309-6969-15de-f714d65a0000}</Data><Data Name="ProcessId">14347</Data><Data Name="Image">-</Data><Data Name="User">vincenzolog</Data></EventData></Event>
Jan 15 23:40:17 vincenzolog-VMware-Virtual-Platform sysmon[1614]: <Event><System><Provider Name="Linux-Sysmon" Guid="{ff032593-a8d3-4f13-b0d6-01fc615a0f97}"/><EventID>1</EventID><Version>5</Version><Level>4</Level><Task>1</Task><Opcode>0</Opcode><Keywords>0x8000000000000000</Keywords><TimeCreated SystemTime="2026-01-15T16:40:17.690200000Z"/><EventRecordID>717112</EventRecordID><Correlation/><Execution ProcessID="1614" ThreadID="1614"/><Channel>Linux-Sysmon/Operational</Channel><Computer>vincenzolog-VMware-Virtual-Platform</Computer><Security UserId="0"/></System><EventData><Data Name="RuleName">-</Data><Data Name="UtcTime">2026-01-15 16:40:19.099</Data><Data Name="ProcessGuid">{8b8a9dc4-1873-6969-b104-c0e0f7600000}</Data><Data Name="ProcessId">14348</Data><Data Name="Image">/usr/bin/cat</Data><Data Name="FileVersion">-</Data><Data Name="Description">-</Data><Data Name="Product">-</Data><Data Name="Company">-</Data><Data Name="OriginalFileName">-</Data><Data Name="CommandLine">cat /proc/4268/stat</Data><Data Name="CurrentDirectory">/home/vincenzolog</Data><Data Name="User">vincenzolog</Data><Data Name="LogonGuid">{8b8a9dc4-0000-0000-e803-000000000000}</Data><Data Name="LogonId">1000</Data><Data Name="TerminalSessionId">3</Data><Data Name="IntegrityLevel">no level</Data><Data Name="Hashes">SHA256=dda0961715677dff3cd560e1933379c0eca73c0b6e19fef2737492ebc1de1700</Data><Data Name="ParentProcessGuid">{8b8a9dc4-1872-6969-2df3-6dd7f65a0000}</Data><Data Name="ParentProcessId">14309</Data><Data Name="ParentImage">/usr/bin/bash</Data><Data Name="ParentCommandLine">/bin/bash</Data><Data Name="ParentUser">vincenzolog</Data></EventData></Event>
Jan 15 23:40:17 vincenzolog-VMware-Virtual-Platform sysmon[1614]: <Event><System><Provider Name="Linux-Sysmon" Guid="{ff032593-a8d3-4f13-b0d6-01fc615a0f97}"/><EventID>5</EventID><Version>3</Version><Level>4</Level><Task>5</Task><Opcode>0</Opcode><Keywords>0x8000000000000000</Keywords><TimeCreated SystemTime="2026-01-15T16:40:17.691378000Z"/><EventRecordID>717113</EventRecordID><Correlation/><Execution ProcessID="1614" ThreadID="1614"/><Channel>Linux-Sysmon/Operational</Channel><Computer>vincenzolog-VMware-Virtual-Platform</Computer><Security UserId="0"/></System><EventData><Data Name="RuleName">-</Data><Data Name="UtcTime">2026-01-15 16:40:19.101</Data><Data Name="ProcessGuid">{8b8a9dc4-1873-6969-b104-c0e0f7600000}</Data><Data Name="ProcessId">14348</Data><Data Name="Image">/usr/bin/cat</Data><Data Name="User">vincenzolog</Data></EventData></Event>
Jan 15 23:40:17 vincenzolog-VMware-Virtual-Platform sysmon[1614]: <Event><System><Provider Name="Linux-Sysmon" Guid="{ff032593-a8d3-4f13-b0d6-01fc615a0f97}"/><EventID>5</EventID><Version>3</Version><Level>4</Level><Task>5</Task><Opcode>0</Opcode><Keywords>0x8000000000000000</Keywords><TimeCreated SystemTime="2026-01-15T16:40:17.692250000Z"/><EventRecordID>717114</EventRecordID><Correlation/><Execution ProcessID="1614" ThreadID="1614"/><Channel>Linux-Sysmon/Operational</Channel><Computer>vincenzolog-VMware-Virtual-Platform</Computer><Security UserId="0"/></System><EventData><Data Name="RuleName">-</Data><Data Name="UtcTime">2026-01-15 16:40:19.102</Data><Data Name="ProcessGuid">{8b8a9dc4-1309-6969-15de-f714d65a0000}</Data><Data Name="ProcessId">14349</Data><Data Name="Image">-</Data><Data Name="User">vincenzolog</Data></EventData></Event>
Jan 15 23:40:17 vincenzolog-VMware-Virtual-Platform sysmon[1614]: <Event><System><Provider Name="Linux-Sysmon" Guid="{ff032593-a8d3-4f13-b0d6-01fc615a0f97}"/><EventID>1</EventID><Version>5</Version><Level>4</Level><Task>1</Task><Opcode>0</Opcode><Keywords>0x8000000000000000</Keywords><TimeCreated SystemTime="2026-01-15T16:40:17.693218000Z"/><EventRecordID>717115</EventRecordID><Correlation/><Execution ProcessID="1614" ThreadID="1614"/><Channel>Linux-Sysmon/Operational</Channel><Computer>vincenzolog-VMware-Virtual-Platform</Computer><Security UserId="0"/></System><EventData><Data Name="RuleName">-</Data><Data Name="UtcTime">2026-01-15 16:40:19.102</Data><Data Name="ProcessGuid">{8b8a9dc4-1873-6969-b1f4-eb11c7590000}</Data><Data Name="ProcessId">14350</Data><Data Name="Image">/usr/bin/cat</Data><Data Name="FileVersion">-</Data><Data Name="Description">-</Data><Data Name="Product">-</Data><Data Name="Company">-</Data><Data Name="OriginalFileName">-</Data><Data Name="CommandLine">cat /proc/4284/stat</Data><Data Name="CurrentDirectory">/home/vincenzolog</Data><Data Name="User">vincenzolog</Data><Data Name="LogonGuid">{8b8a9dc4-0000-0000-e803-000000000000}</Data><Data Name="LogonId">1000</Data><Data Name="TerminalSessionId">3</Data><Data Name="IntegrityLevel">no level</Data><Data Name="Hashes">SHA256=dda0961715677dff3cd560e1933379c0eca73c0b6e19fef2737492ebc1de1700</Data><Data Name="ParentProcessGuid">{8b8a9dc4-1872-6969-2df3-6dd7f65a0000}</Data><Data Name="ParentProcessId">14309</Data><Data Name="ParentImage">/usr/bin/bash</Data><Data Name="ParentCommandLine">/bin/bash</Data><Data Name="ParentUser">vincenzolog</Data></EventData></Event>
Jan 15 23:40:17 vincenzolog-VMware-Virtual-Platform sysmon[1614]: <Event><System><Provider Name="Linux-Sysmon" Guid="{ff032593-a8d3-4f13-b0d6-01fc615a0f97}"/><EventID>5</EventID><Version>3</Version><Level>4</Level><Task>5</Task><Opcode>0</Opcode><Keywords>0x8000000000000000</Keywords><TimeCreated SystemTime="2026-01-15T16:40:17.694387000Z"/><EventRecordID>717116</EventRecordID><Correlation/><Execution ProcessID="1614" ThreadID="1614"/><Channel>Linux-Sysmon/Operational</Channel><Computer>vincenzolog-VMware-Virtual-Platform</Computer><Security UserId="0"/></System><EventData><Data Name="RuleName">-</Data><Data Name="UtcTime">2026-01-15 16:40:19.104</Data><Data Name="ProcessGuid">{8b8a9dc4-1873-6969-b1f4-eb11c7590000}</Data><Data Name="ProcessId">14350</Data><Data Name="Image">/usr/bin/cat</Data><Data Name="User">vincenzolog</Data></EventData></Event>
Jan 15 23:40:17 vincenzolog-VMware-Virtual-Platform sysmon[1614]: <Event><System><Provider Name="Linux-Sysmon" Guid="{ff032593-a8d3-4f13-b0d6-01fc615a0f97}"/><EventID>5</EventID><Version>3</Version><Level>4</Level><Task>5</Task><Opcode>0</Opcode><Keywords>0x8000000000000000</Keywords><TimeCreated SystemTime="2026-01-15T16:40:17.695159000Z"/><EventRecordID>717117</EventRecordID><Correlation/><Execution ProcessID="1614" ThreadID="1614"/><Channel>Linux-Sysmon/Operational</Channel><Computer>vincenzolog-VMware-Virtual-Platform</Computer><Security UserId="0"/></System><EventData><Data Name="RuleName">-</Data><Data Name="UtcTime">2026-01-15 16:40:19.105</Data><Data Name="ProcessGuid">{00000000-0000-0000-0000-000000000000}</Data><Data Name="ProcessId">14351</Data><Data Name="Image">&lt;unknown process&gt;</Data><Data Name="User">vincenzolog</Data></EventData></Event>
Jan 15 23:40:17 vincenzolog-VMware-Virtual-Platform sysmon[1614]: <Event><System><Provider Name="Linux-Sysmon" Guid="{ff032593-a8d3-4f13-b0d6-01fc615a0f97}"/><EventID>1</EventID><Version>5</Version><Level>4</Level><Task>1</Task><Opcode>0</Opcode><Keywords>0x8000000000000000</Keywords><TimeCreated SystemTime="2026-01-15T16:40:17.696376000Z"/><EventRecordID>717118</EventRecordID><Correlation/><Execution ProcessID="1614" ThreadID="1614"/><Channel>Linux-Sysmon/Operational</Channel><Computer>vincenzolog-VMware-Virtual-Platform</Computer><Security UserId="0"/></System><EventData><Data Name="RuleName">-</Data><Data Name="UtcTime">2026-01-15 16:40:19.105</Data><Data Name="ProcessGuid">{8b8a9dc4-1873-6969-b194-6fecc8640000}</Data><Data Name="ProcessId">14352</Data><Data Name="Image">/usr/bin/cat</Data><Data Name="FileVersion">-</Data><Data Name="Description">-</Data><Data Name="Product">-</Data><Data Name="Company">-</Data><Data Name="OriginalFileName">-</Data><Data Name="CommandLine">cat /proc/4285/stat</Data><Data Name="CurrentDirectory">/home/vincenzolog</Data><Data Name="User">vincenzolog</Data><Data Name="LogonGuid">{8b8a9dc4-0000-0000-e803-000000000000}</Data><Data Name="LogonId">1000</Data><Data Name="TerminalSessionId">3</Data><Data Name="IntegrityLevel">no level</Data><Data Name="Hashes">SHA256=dda0961715677dff3cd560e1933379c0eca73c0b6e19fef2737492ebc1de1700</Data><Data Name="ParentProcessGuid">{8b8a9dc4-1872-6969-2df3-6dd7f65a0000}</Data><Data Name="ParentProcessId">14309</Data><Data Name="ParentImage">/usr/bin/bash</Data><Data Name="ParentCommandLine">/bin/bash</Data><Data Name="ParentUser">vincenzolog</Data></EventData></Event>
Jan 15 23:40:17 vincenzolog-VMware-Virtual-Platform sysmon[1614]: <Event><System><Provider Name="Linux-Sysmon" Guid="{ff032593-a8d3-4f13-b0d6-01fc615a0f97}"/><EventID>5</EventID><Version>3</Version><Level>4</Level><Task>5</Task><Opcode>0</Opcode><Keywords>0x8000000000000000</Keywords><TimeCreated SystemTime="2026-01-15T16:40:17.697534000Z"/><EventRecordID>717119</EventRecordID><Correlation/><Execution ProcessID="1614" ThreadID="1614"/><Channel>Linux-Sysmon/Operational</Channel><Computer>vincenzolog-VMware-Virtual-Platform</Computer><Security UserId="0"/></System><EventData><Data Name="RuleName">-</Data><Data Name="UtcTime">2026-01-15 16:40:19.107</Data><Data Name="ProcessGuid">{8b8a9dc4-1873-6969-b194-6fecc8640000}</Data><Data Name="ProcessId">14352</Data><Data Name="Image">/usr/bin/cat</Data><Data Name="User">vincenzolog</Data></EventData></Event>
Jan 15 23:40:17 vincenzolog-VMware-Virtual-Platform sysmon[1614]: <Event><System><Provider Name="Linux-Sysmon" Guid="{ff032593-a8d3-4f13-b0d6-01fc615a0f97}"/><EventID>5</EventID><Version>3</Version><Level>4</Level><Task>5</Task><Opcode>0</Opcode><Keywords>0x8000000000000000</Keywords><TimeCreated SystemTime="2026-01-15T16:40:17.698394000Z"/><EventRecordID>717120</EventRecordID><Correlation/><Execution ProcessID="1614" ThreadID="1614"/><Channel>Linux-Sysmon/Operational</Channel><Computer>vincenzolog-VMware-Virtual-Platform</Computer><Security UserId="0"/></System><EventData><Data Name="RuleName">-</Data><Data Name="UtcTime">2026-01-15 16:40:19.108</Data><Data Name="ProcessGuid">{8b8a9dc4-1309-6969-15de-f714d65a0000}</Data><Data Name="ProcessId">14353</Data><Data Name="Image">-</Data><Data Name="User">vincenzolog</Data></EventData></Event>
Jan 15 23:40:17 vincenzolog-VMware-Virtual-Platform sysmon[1614]: <Event><System><Provider Name="Linux-Sysmon" Guid="{ff032593-a8d3-4f13-b0d6-01fc615a0f97}"/><EventID>5</EventID><Version>3</Version><Level>4</Level><Task>5</Task><Opcode>0</Opcode><Keywords>0x8000000000000000</Keywords><TimeCreated SystemTime="2026-01-15T16:40:17.698817000Z"/><EventRecordID>717121</EventRecordID><Correlation/><Execution ProcessID="1614" ThreadID="1614"/><Channel>Linux-Sysmon/Operational</Channel><Computer>vincenzolog-VMware-Virtual-Platform</Computer><Security UserId="0"/></System><EventData><Data Name="RuleName">-</Data><Data Name="UtcTime">2026-01-15 16:40:19.109</Data><Data Name="ProcessGuid">{8b8a9dc4-1872-6969-2df3-6dd7f65a0000}</Data><Data Name="ProcessId">14309</Data><Data Name="Image">/usr/bin/bash</Data><Data Name="User">vincenzolog</Data></EventData></Event>
Jan 15 23:40:17 vincenzolog-VMware-Virtual-Platform sysmon[1614]: <Event><System><Provider Name="Linux-Sysmon" Guid="{ff032593-a8d3-4f13-b0d6-01fc615a0f97}"/><EventID>5</EventID><Version>3</Version><Level>4</Level><Task>5</Task><Opcode>0</Opcode><Keywords>0x8000000000000000</Keywords><TimeCreated SystemTime="2026-01-15T16:40:17.699192000Z"/><EventRecordID>717122</EventRecordID><Correlation/><Execution ProcessID="1614" ThreadID="1614"/><Channel>Linux-Sysmon/Operational</Channel><Computer>vincenzolog-VMware-Virtual-Platform</Computer><Security UserId="0"/></System><EventData><Data Name="RuleName">-</Data><Data Name="UtcTime">2026-01-15 16:40:19.109</Data><Data Name="ProcessGuid">{8b8a9dc4-1872-6969-1d38-25113e5a0000}</Data><Data Name="ProcessId">14308</Data><Data Name="Image">/usr/bin/dash</Data><Data Name="User">vincenzolog</Data></EventData></Event>
Jan 15 23:40:20 vincenzolog-VMware-Virtual-Platform sysmon[1614]: <Event><System><Provider Name="Linux-Sysmon" Guid="{ff032593-a8d3-4f13-b0d6-01fc615a0f97}"/><EventID>1</EventID><Version>5</Version><Level>4</Level><Task>1</Task><Opcode>0</Opcode><Keywords>0x8000000000000000</Keywords><TimeCreated SystemTime="2026-01-15T16:40:20.414062000Z"/><EventRecordID>717123</EventRecordID><Correlation/><Execution ProcessID="1614" ThreadID="1614"/><Channel>Linux-Sysmon/Operational</Channel><Computer>vincenzolog-VMware-Virtual-Platform</Computer><Security UserId="0"/></System><EventData><Data Name="RuleName">-</Data><Data Name="UtcTime">2026-01-15 16:40:21.823</Data><Data Name="ProcessGuid">{8b8a9dc4-1875-6969-1dd8-ac75215e0000}</Data><Data Name="ProcessId">14354</Data><Data Name="Image">/usr/bin/dash</Data><Data Name="FileVersion">-</Data><Data Name="Description">-</Data><Data Name="Product">-</Data><Data Name="Company">-</Data><Data Name="OriginalFileName">-</Data><Data Name="CommandLine">/bin/sh -c journalctl -u sysmon --no-pager &gt; logs_output/Linux_Base64_Encoded_Shebang_In_CLI/Linux_Base64_Encoded_Shebang_In_CLI_attack215.log</Data><Data Name="CurrentDirectory">/home/vincenzolog/Auto_test</Data><Data Name="User">root</Data><Data Name="LogonGuid">{8b8a9dc4-0000-0000-0000-000001000000}</Data><Data Name="LogonId">0</Data><Data Name="TerminalSessionId">3</Data><Data Name="IntegrityLevel">no level</Data><Data Name="Hashes">SHA256=86d31f6fb799e91fa21bad341484564510ca287703a16e9e46c53338776f4f42</Data><Data Name="ParentProcessGuid">{8b8a9dc4-1506-6969-dd23-700000000000}</Data><Data Name="ParentProcessId">4285</Data><Data Name="ParentImage">/usr/bin/python3.12</Data><Data Name="ParentCommandLine">python3</Data><Data Name="ParentUser">root</Data></EventData></Event>
Jan 15 23:40:20 vincenzolog-VMware-Virtual-Platform sysmon[1614]: <Event><System><Provider Name="Linux-Sysmon" Guid="{ff032593-a8d3-4f13-b0d6-01fc615a0f97}"/><EventID>1</EventID><Version>5</Version><Level>4</Level><Task>1</Task><Opcode>0</Opcode><Keywords>0x8000000000000000</Keywords><TimeCreated SystemTime="2026-01-15T16:40:20.415777000Z"/><EventRecordID>717124</EventRecordID><Correlation/><Execution ProcessID="1614" ThreadID="1614"/><Channel>Linux-Sysmon/Operational</Channel><Computer>vincenzolog-VMware-Virtual-Platform</Computer><Security UserId="0"/></System><EventData><Data Name="RuleName">-</Data><Data Name="UtcTime">2026-01-15 16:40:21.825</Data><Data Name="ProcessGuid">{8b8a9dc4-1875-6969-cdfb-f408965f0000}</Data><Data Name="ProcessId">14355</Data><Data Name="Image">/usr/bin/journalctl</Data><Data Name="FileVersion">-</Data><Data Name="Description">-</Data><Data Name="Product">-</Data><Data Name="Company">-</Data><Data Name="OriginalFileName">-</Data><Data Name="CommandLine">journalctl -u sysmon --no-pager</Data><Data Name="CurrentDirectory">/home/vincenzolog/Auto_test</Data><Data Name="User">root</Data><Data Name="LogonGuid">{8b8a9dc4-0000-0000-0000-000001000000}</Data><Data Name="LogonId">0</Data><Data Name="TerminalSessionId">3</Data><Data Name="IntegrityLevel">no level</Data><Data Name="Hashes">SHA256=7bd10a9c601c3204a6c464fc517b204e469eca7f12b09f9c4826f3cc1e42bd79</Data><Data Name="ParentProcessGuid">{8b8a9dc4-1875-6969-1dd8-ac75215e0000}</Data><Data Name="ParentProcessId">14354</Data><Data Name="ParentImage">/usr/bin/dash</Data><Data Name="ParentCommandLine">/bin/sh</Data><Data Name="ParentUser">root</Data></EventData></Event>
