Jan 15 23:31:22 vincenzolog-VMware-Virtual-Platform sysmon[1614]: <Event><System><Provider Name="Linux-Sysmon" Guid="{ff032593-a8d3-4f13-b0d6-01fc615a0f97}"/><EventID>5</EventID><Version>3</Version><Level>4</Level><Task>5</Task><Opcode>0</Opcode><Keywords>0x8000000000000000</Keywords><TimeCreated SystemTime="2026-01-15T16:31:22.752034000Z"/><EventRecordID>707591</EventRecordID><Correlation/><Execution ProcessID="1614" ThreadID="1614"/><Channel>Linux-Sysmon/Operational</Channel><Computer>vincenzolog-VMware-Virtual-Platform</Computer><Security UserId="0"/></System><EventData><Data Name="RuleName">-</Data><Data Name="UtcTime">2026-01-15 16:31:24.162</Data><Data Name="ProcessGuid">{8b8a9dc4-165c-6969-cd6b-2d137e5b0000}</Data><Data Name="ProcessId">8210</Data><Data Name="Image">/usr/bin/journalctl</Data><Data Name="User">root</Data></EventData></Event>
Jan 15 23:31:22 vincenzolog-VMware-Virtual-Platform sysmon[1614]: <Event><System><Provider Name="Linux-Sysmon" Guid="{ff032593-a8d3-4f13-b0d6-01fc615a0f97}"/><EventID>5</EventID><Version>3</Version><Level>4</Level><Task>5</Task><Opcode>0</Opcode><Keywords>0x8000000000000000</Keywords><TimeCreated SystemTime="2026-01-15T16:31:22.752650000Z"/><EventRecordID>707592</EventRecordID><Correlation/><Execution ProcessID="1614" ThreadID="1614"/><Channel>Linux-Sysmon/Operational</Channel><Computer>vincenzolog-VMware-Virtual-Platform</Computer><Security UserId="0"/></System><EventData><Data Name="RuleName">-</Data><Data Name="UtcTime">2026-01-15 16:31:24.162</Data><Data Name="ProcessGuid">{8b8a9dc4-165c-6969-1d68-6d9de15b0000}</Data><Data Name="ProcessId">8209</Data><Data Name="Image">/usr/bin/dash</Data><Data Name="User">root</Data></EventData></Event>
Jan 15 23:31:22 vincenzolog-VMware-Virtual-Platform sysmon[1614]: <Event><System><Provider Name="Linux-Sysmon" Guid="{ff032593-a8d3-4f13-b0d6-01fc615a0f97}"/><EventID>5</EventID><Version>3</Version><Level>4</Level><Task>5</Task><Opcode>0</Opcode><Keywords>0x8000000000000000</Keywords><TimeCreated SystemTime="2026-01-15T16:31:22.752823000Z"/><EventRecordID>707593</EventRecordID><Correlation/><Execution ProcessID="1614" ThreadID="1614"/><Channel>Linux-Sysmon/Operational</Channel><Computer>vincenzolog-VMware-Virtual-Platform</Computer><Security UserId="0"/></System><EventData><Data Name="RuleName">-</Data><Data Name="UtcTime">2026-01-15 16:31:24.163</Data><Data Name="ProcessGuid">{8b8a9dc4-1309-6969-15de-f714d65a0000}</Data><Data Name="ProcessId">382</Data><Data Name="Image">/usr/lib/systemd/systemd-journald</Data><Data Name="User">root</Data></EventData></Event>
Jan 15 23:31:22 vincenzolog-VMware-Virtual-Platform sysmon[1614]: <Event><System><Provider Name="Linux-Sysmon" Guid="{ff032593-a8d3-4f13-b0d6-01fc615a0f97}"/><EventID>1</EventID><Version>5</Version><Level>4</Level><Task>1</Task><Opcode>0</Opcode><Keywords>0x8000000000000000</Keywords><TimeCreated SystemTime="2026-01-15T16:31:22.753343000Z"/><EventRecordID>707594</EventRecordID><Correlation/><Execution ProcessID="1614" ThreadID="1614"/><Channel>Linux-Sysmon/Operational</Channel><Computer>vincenzolog-VMware-Virtual-Platform</Computer><Security UserId="0"/></System><EventData><Data Name="RuleName">-</Data><Data Name="UtcTime">2026-01-15 16:31:24.163</Data><Data Name="ProcessGuid">{8b8a9dc4-165c-6969-1da8-58a68d620000}</Data><Data Name="ProcessId">8212</Data><Data Name="Image">/usr/bin/dash</Data><Data Name="FileVersion">-</Data><Data Name="Description">-</Data><Data Name="Product">-</Data><Data Name="Company">-</Data><Data Name="OriginalFileName">-</Data><Data Name="CommandLine">/bin/sh -c journalctl --vacuum-time=1s</Data><Data Name="CurrentDirectory">/home/vincenzolog/Auto_test</Data><Data Name="User">root</Data><Data Name="LogonGuid">{8b8a9dc4-0000-0000-0000-000001000000}</Data><Data Name="LogonId">0</Data><Data Name="TerminalSessionId">3</Data><Data Name="IntegrityLevel">no level</Data><Data Name="Hashes">SHA256=86d31f6fb799e91fa21bad341484564510ca287703a16e9e46c53338776f4f42</Data><Data Name="ParentProcessGuid">{8b8a9dc4-1506-6969-dd23-700000000000}</Data><Data Name="ParentProcessId">4285</Data><Data Name="ParentImage">/usr/bin/python3.12</Data><Data Name="ParentCommandLine">python3</Data><Data Name="ParentUser">root</Data></EventData></Event>
Jan 15 23:31:22 vincenzolog-VMware-Virtual-Platform sysmon[1614]: <Event><System><Provider Name="Linux-Sysmon" Guid="{ff032593-a8d3-4f13-b0d6-01fc615a0f97}"/><EventID>1</EventID><Version>5</Version><Level>4</Level><Task>1</Task><Opcode>0</Opcode><Keywords>0x8000000000000000</Keywords><TimeCreated SystemTime="2026-01-15T16:31:22.755143000Z"/><EventRecordID>707595</EventRecordID><Correlation/><Execution ProcessID="1614" ThreadID="1614"/><Channel>Linux-Sysmon/Operational</Channel><Computer>vincenzolog-VMware-Virtual-Platform</Computer><Security UserId="0"/></System><EventData><Data Name="RuleName">-</Data><Data Name="UtcTime">2026-01-15 16:31:24.164</Data><Data Name="ProcessGuid">{8b8a9dc4-165c-6969-cdfb-2a8e76580000}</Data><Data Name="ProcessId">8213</Data><Data Name="Image">/usr/bin/journalctl</Data><Data Name="FileVersion">-</Data><Data Name="Description">-</Data><Data Name="Product">-</Data><Data Name="Company">-</Data><Data Name="OriginalFileName">-</Data><Data Name="CommandLine">journalctl --vacuum-time=1s</Data><Data Name="CurrentDirectory">/home/vincenzolog/Auto_test</Data><Data Name="User">root</Data><Data Name="LogonGuid">{8b8a9dc4-0000-0000-0000-000001000000}</Data><Data Name="LogonId">0</Data><Data Name="TerminalSessionId">3</Data><Data Name="IntegrityLevel">no level</Data><Data Name="Hashes">SHA256=7bd10a9c601c3204a6c464fc517b204e469eca7f12b09f9c4826f3cc1e42bd79</Data><Data Name="ParentProcessGuid">{8b8a9dc4-165c-6969-1da8-58a68d620000}</Data><Data Name="ParentProcessId">8212</Data><Data Name="ParentImage">/usr/bin/dash</Data><Data Name="ParentCommandLine">/bin/sh</Data><Data Name="ParentUser">root</Data></EventData></Event>
Jan 15 23:31:22 vincenzolog-VMware-Virtual-Platform sysmon[1614]: <Event><System><Provider Name="Linux-Sysmon" Guid="{ff032593-a8d3-4f13-b0d6-01fc615a0f97}"/><EventID>5</EventID><Version>3</Version><Level>4</Level><Task>5</Task><Opcode>0</Opcode><Keywords>0x8000000000000000</Keywords><TimeCreated SystemTime="2026-01-15T16:31:22.761346000Z"/><EventRecordID>707596</EventRecordID><Correlation/><Execution ProcessID="1614" ThreadID="1614"/><Channel>Linux-Sysmon/Operational</Channel><Computer>vincenzolog-VMware-Virtual-Platform</Computer><Security UserId="0"/></System><EventData><Data Name="RuleName">-</Data><Data Name="UtcTime">2026-01-15 16:31:24.171</Data><Data Name="ProcessGuid">{8b8a9dc4-165c-6969-cdfb-2a8e76580000}</Data><Data Name="ProcessId">8213</Data><Data Name="Image">/usr/bin/journalctl</Data><Data Name="User">root</Data></EventData></Event>
Jan 15 23:31:22 vincenzolog-VMware-Virtual-Platform sysmon[1614]: <Event><System><Provider Name="Linux-Sysmon" Guid="{ff032593-a8d3-4f13-b0d6-01fc615a0f97}"/><EventID>5</EventID><Version>3</Version><Level>4</Level><Task>5</Task><Opcode>0</Opcode><Keywords>0x8000000000000000</Keywords><TimeCreated SystemTime="2026-01-15T16:31:22.761709000Z"/><EventRecordID>707597</EventRecordID><Correlation/><Execution ProcessID="1614" ThreadID="1614"/><Channel>Linux-Sysmon/Operational</Channel><Computer>vincenzolog-VMware-Virtual-Platform</Computer><Security UserId="0"/></System><EventData><Data Name="RuleName">-</Data><Data Name="UtcTime">2026-01-15 16:31:24.171</Data><Data Name="ProcessGuid">{8b8a9dc4-165c-6969-1da8-58a68d620000}</Data><Data Name="ProcessId">8212</Data><Data Name="Image">/usr/bin/dash</Data><Data Name="User">root</Data></EventData></Event>
Jan 15 23:31:23 vincenzolog-VMware-Virtual-Platform sysmon[1614]: <Event><System><Provider Name="Linux-Sysmon" Guid="{ff032593-a8d3-4f13-b0d6-01fc615a0f97}"/><EventID>1</EventID><Version>5</Version><Level>4</Level><Task>1</Task><Opcode>0</Opcode><Keywords>0x8000000000000000</Keywords><TimeCreated SystemTime="2026-01-15T16:31:23.126728000Z"/><EventRecordID>707598</EventRecordID><Correlation/><Execution ProcessID="1614" ThreadID="1614"/><Channel>Linux-Sysmon/Operational</Channel><Computer>vincenzolog-VMware-Virtual-Platform</Computer><Security UserId="0"/></System><EventData><Data Name="RuleName">-</Data><Data Name="UtcTime">2026-01-15 16:31:24.528</Data><Data Name="ProcessGuid">{8b8a9dc4-165c-6969-0175-872fd85e0000}</Data><Data Name="ProcessId">8214</Data><Data Name="Image">/usr/bin/git</Data><Data Name="FileVersion">-</Data><Data Name="Description">-</Data><Data Name="Product">-</Data><Data Name="Company">-</Data><Data Name="OriginalFileName">-</Data><Data Name="CommandLine">git config --get commit.template</Data><Data Name="CurrentDirectory">/home/vincenzolog/Auto_test</Data><Data Name="User">vincenzolog</Data><Data Name="LogonGuid">{8b8a9dc4-0000-0000-e803-000000000000}</Data><Data Name="LogonId">1000</Data><Data Name="TerminalSessionId">3</Data><Data Name="IntegrityLevel">no level</Data><Data Name="Hashes">SHA256=2a8c18fbf43da9f692d75474c72bea9dfd796c260b0f3dfe456376abc3bbd668</Data><Data Name="ParentProcessGuid">{00000000-0000-0000-0000-000000000000}</Data><Data Name="ParentProcessId">3566</Data><Data Name="ParentImage">-</Data><Data Name="ParentCommandLine">-</Data><Data Name="ParentUser">-</Data></EventData></Event>
Jan 15 23:31:23 vincenzolog-VMware-Virtual-Platform sysmon[1614]: <Event><System><Provider Name="Linux-Sysmon" Guid="{ff032593-a8d3-4f13-b0d6-01fc615a0f97}"/><EventID>5</EventID><Version>3</Version><Level>4</Level><Task>5</Task><Opcode>0</Opcode><Keywords>0x8000000000000000</Keywords><TimeCreated SystemTime="2026-01-15T16:31:23.126878000Z"/><EventRecordID>707599</EventRecordID><Correlation/><Execution ProcessID="1614" ThreadID="1614"/><Channel>Linux-Sysmon/Operational</Channel><Computer>vincenzolog-VMware-Virtual-Platform</Computer><Security UserId="0"/></System><EventData><Data Name="RuleName">-</Data><Data Name="UtcTime">2026-01-15 16:31:24.535</Data><Data Name="ProcessGuid">{8b8a9dc4-165c-6969-0175-872fd85e0000}</Data><Data Name="ProcessId">8214</Data><Data Name="Image">/usr/bin/git</Data><Data Name="User">vincenzolog</Data></EventData></Event>
Jan 15 23:31:23 vincenzolog-VMware-Virtual-Platform sysmon[1614]: <Event><System><Provider Name="Linux-Sysmon" Guid="{ff032593-a8d3-4f13-b0d6-01fc615a0f97}"/><EventID>1</EventID><Version>5</Version><Level>4</Level><Task>1</Task><Opcode>0</Opcode><Keywords>0x8000000000000000</Keywords><TimeCreated SystemTime="2026-01-15T16:31:23.137553000Z"/><EventRecordID>707600</EventRecordID><Correlation/><Execution ProcessID="1614" ThreadID="1614"/><Channel>Linux-Sysmon/Operational</Channel><Computer>vincenzolog-VMware-Virtual-Platform</Computer><Security UserId="0"/></System><EventData><Data Name="RuleName">-</Data><Data Name="UtcTime">2026-01-15 16:31:24.539</Data><Data Name="ProcessGuid">{8b8a9dc4-165c-6969-01b5-ec7c495b0000}</Data><Data Name="ProcessId">8215</Data><Data Name="Image">/usr/bin/git</Data><Data Name="FileVersion">-</Data><Data Name="Description">-</Data><Data Name="Product">-</Data><Data Name="Company">-</Data><Data Name="OriginalFileName">-</Data><Data Name="CommandLine">git for-each-ref --format=%(refname)%00%(upstream:short)%00%(objectname)%00%(upstream:track)%00%(upstream:remotename)%00%(upstream:remoteref) refs/heads/main refs/remotes/main</Data><Data Name="CurrentDirectory">/home/vincenzolog/Auto_test</Data><Data Name="User">vincenzolog</Data><Data Name="LogonGuid">{8b8a9dc4-0000-0000-e803-000000000000}</Data><Data Name="LogonId">1000</Data><Data Name="TerminalSessionId">3</Data><Data Name="IntegrityLevel">no level</Data><Data Name="Hashes">SHA256=2a8c18fbf43da9f692d75474c72bea9dfd796c260b0f3dfe456376abc3bbd668</Data><Data Name="ParentProcessGuid">{00000000-0000-0000-0000-000000000000}</Data><Data Name="ParentProcessId">3566</Data><Data Name="ParentImage">-</Data><Data Name="ParentCommandLine">-</Data><Data Name="ParentUser">-</Data></EventData></Event>
Jan 15 23:31:23 vincenzolog-VMware-Virtual-Platform sysmon[1614]: <Event><System><Provider Name="Linux-Sysmon" Guid="{ff032593-a8d3-4f13-b0d6-01fc615a0f97}"/><EventID>5</EventID><Version>3</Version><Level>4</Level><Task>5</Task><Opcode>0</Opcode><Keywords>0x8000000000000000</Keywords><TimeCreated SystemTime="2026-01-15T16:31:23.137695000Z"/><EventRecordID>707601</EventRecordID><Correlation/><Execution ProcessID="1614" ThreadID="1614"/><Channel>Linux-Sysmon/Operational</Channel><Computer>vincenzolog-VMware-Virtual-Platform</Computer><Security UserId="0"/></System><EventData><Data Name="RuleName">-</Data><Data Name="UtcTime">2026-01-15 16:31:24.546</Data><Data Name="ProcessGuid">{8b8a9dc4-165c-6969-01b5-ec7c495b0000}</Data><Data Name="ProcessId">8215</Data><Data Name="Image">/usr/bin/git</Data><Data Name="User">vincenzolog</Data></EventData></Event>
Jan 15 23:31:23 vincenzolog-VMware-Virtual-Platform sysmon[1614]: <Event><System><Provider Name="Linux-Sysmon" Guid="{ff032593-a8d3-4f13-b0d6-01fc615a0f97}"/><EventID>1</EventID><Version>5</Version><Level>4</Level><Task>1</Task><Opcode>0</Opcode><Keywords>0x8000000000000000</Keywords><TimeCreated SystemTime="2026-01-15T16:31:23.152111000Z"/><EventRecordID>707602</EventRecordID><Correlation/><Execution ProcessID="1614" ThreadID="1614"/><Channel>Linux-Sysmon/Operational</Channel><Computer>vincenzolog-VMware-Virtual-Platform</Computer><Security UserId="0"/></System><EventData><Data Name="RuleName">-</Data><Data Name="UtcTime">2026-01-15 16:31:24.553</Data><Data Name="ProcessGuid">{8b8a9dc4-165c-6969-01a5-d1806d630000}</Data><Data Name="ProcessId">8216</Data><Data Name="Image">/usr/bin/git</Data><Data Name="FileVersion">-</Data><Data Name="Description">-</Data><Data Name="Product">-</Data><Data Name="Company">-</Data><Data Name="OriginalFileName">-</Data><Data Name="CommandLine">git status -z -uall</Data><Data Name="CurrentDirectory">/home/vincenzolog/Auto_test</Data><Data Name="User">vincenzolog</Data><Data Name="LogonGuid">{8b8a9dc4-0000-0000-e803-000000000000}</Data><Data Name="LogonId">1000</Data><Data Name="TerminalSessionId">3</Data><Data Name="IntegrityLevel">no level</Data><Data Name="Hashes">SHA256=2a8c18fbf43da9f692d75474c72bea9dfd796c260b0f3dfe456376abc3bbd668</Data><Data Name="ParentProcessGuid">{00000000-0000-0000-0000-000000000000}</Data><Data Name="ParentProcessId">3566</Data><Data Name="ParentImage">-</Data><Data Name="ParentCommandLine">-</Data><Data Name="ParentUser">-</Data></EventData></Event>
Jan 15 23:31:23 vincenzolog-VMware-Virtual-Platform sysmon[1614]: <Event><System><Provider Name="Linux-Sysmon" Guid="{ff032593-a8d3-4f13-b0d6-01fc615a0f97}"/><EventID>5</EventID><Version>3</Version><Level>4</Level><Task>5</Task><Opcode>0</Opcode><Keywords>0x8000000000000000</Keywords><TimeCreated SystemTime="2026-01-15T16:31:23.156436000Z"/><EventRecordID>707603</EventRecordID><Correlation/><Execution ProcessID="1614" ThreadID="1614"/><Channel>Linux-Sysmon/Operational</Channel><Computer>vincenzolog-VMware-Virtual-Platform</Computer><Security UserId="0"/></System><EventData><Data Name="RuleName">-</Data><Data Name="UtcTime">2026-01-15 16:31:24.566</Data><Data Name="ProcessGuid">{8b8a9dc4-165c-6969-01a5-d1806d630000}</Data><Data Name="ProcessId">8216</Data><Data Name="Image">/usr/bin/git</Data><Data Name="User">vincenzolog</Data></EventData></Event>
Jan 15 23:31:23 vincenzolog-VMware-Virtual-Platform sysmon[1614]: <Event><System><Provider Name="Linux-Sysmon" Guid="{ff032593-a8d3-4f13-b0d6-01fc615a0f97}"/><EventID>5</EventID><Version>3</Version><Level>4</Level><Task>5</Task><Opcode>0</Opcode><Keywords>0x8000000000000000</Keywords><TimeCreated SystemTime="2026-01-15T16:31:23.156702000Z"/><EventRecordID>707604</EventRecordID><Correlation/><Execution ProcessID="1614" ThreadID="1614"/><Channel>Linux-Sysmon/Operational</Channel><Computer>vincenzolog-VMware-Virtual-Platform</Computer><Security UserId="0"/></System><EventData><Data Name="RuleName">-</Data><Data Name="UtcTime">2026-01-15 16:31:24.566</Data><Data Name="ProcessGuid">{8b8a9dc4-165c-6969-01a5-d1806d630000}</Data><Data Name="ProcessId">8216</Data><Data Name="Image">/usr/bin/git</Data><Data Name="User">vincenzolog</Data></EventData></Event>
Jan 15 23:31:23 vincenzolog-VMware-Virtual-Platform sysmon[1614]: <Event><System><Provider Name="Linux-Sysmon" Guid="{ff032593-a8d3-4f13-b0d6-01fc615a0f97}"/><EventID>5</EventID><Version>3</Version><Level>4</Level><Task>5</Task><Opcode>0</Opcode><Keywords>0x8000000000000000</Keywords><TimeCreated SystemTime="2026-01-15T16:31:23.157722000Z"/><EventRecordID>707605</EventRecordID><Correlation/><Execution ProcessID="1614" ThreadID="1614"/><Channel>Linux-Sysmon/Operational</Channel><Computer>vincenzolog-VMware-Virtual-Platform</Computer><Security UserId="0"/></System><EventData><Data Name="RuleName">-</Data><Data Name="UtcTime">2026-01-15 16:31:24.567</Data><Data Name="ProcessGuid">{8b8a9dc4-165c-6969-01a5-d1806d630000}</Data><Data Name="ProcessId">8216</Data><Data Name="Image">/usr/bin/git</Data><Data Name="User">vincenzolog</Data></EventData></Event>
Jan 15 23:31:23 vincenzolog-VMware-Virtual-Platform sysmon[1614]: <Event><System><Provider Name="Linux-Sysmon" Guid="{ff032593-a8d3-4f13-b0d6-01fc615a0f97}"/><EventID>5</EventID><Version>3</Version><Level>4</Level><Task>5</Task><Opcode>0</Opcode><Keywords>0x8000000000000000</Keywords><TimeCreated SystemTime="2026-01-15T16:31:23.159077000Z"/><EventRecordID>707606</EventRecordID><Correlation/><Execution ProcessID="1614" ThreadID="1614"/><Channel>Linux-Sysmon/Operational</Channel><Computer>vincenzolog-VMware-Virtual-Platform</Computer><Security UserId="0"/></System><EventData><Data Name="RuleName">-</Data><Data Name="UtcTime">2026-01-15 16:31:24.569</Data><Data Name="ProcessGuid">{8b8a9dc4-165c-6969-01a5-d1806d630000}</Data><Data Name="ProcessId">8216</Data><Data Name="Image">/usr/bin/git</Data><Data Name="User">vincenzolog</Data></EventData></Event>
Jan 15 23:31:23 vincenzolog-VMware-Virtual-Platform sysmon[1614]: <Event><System><Provider Name="Linux-Sysmon" Guid="{ff032593-a8d3-4f13-b0d6-01fc615a0f97}"/><EventID>5</EventID><Version>3</Version><Level>4</Level><Task>5</Task><Opcode>0</Opcode><Keywords>0x8000000000000000</Keywords><TimeCreated SystemTime="2026-01-15T16:31:23.159119000Z"/><EventRecordID>707607</EventRecordID><Correlation/><Execution ProcessID="1614" ThreadID="1614"/><Channel>Linux-Sysmon/Operational</Channel><Computer>vincenzolog-VMware-Virtual-Platform</Computer><Security UserId="0"/></System><EventData><Data Name="RuleName">-</Data><Data Name="UtcTime">2026-01-15 16:31:24.569</Data><Data Name="ProcessGuid">{8b8a9dc4-165c-6969-01a5-d1806d630000}</Data><Data Name="ProcessId">8216</Data><Data Name="Image">/usr/bin/git</Data><Data Name="User">vincenzolog</Data></EventData></Event>
Jan 15 23:31:23 vincenzolog-VMware-Virtual-Platform sysmon[1614]: <Event><System><Provider Name="Linux-Sysmon" Guid="{ff032593-a8d3-4f13-b0d6-01fc615a0f97}"/><EventID>5</EventID><Version>3</Version><Level>4</Level><Task>5</Task><Opcode>0</Opcode><Keywords>0x8000000000000000</Keywords><TimeCreated SystemTime="2026-01-15T16:31:23.160108000Z"/><EventRecordID>707608</EventRecordID><Correlation/><Execution ProcessID="1614" ThreadID="1614"/><Channel>Linux-Sysmon/Operational</Channel><Computer>vincenzolog-VMware-Virtual-Platform</Computer><Security UserId="0"/></System><EventData><Data Name="RuleName">-</Data><Data Name="UtcTime">2026-01-15 16:31:24.570</Data><Data Name="ProcessGuid">{8b8a9dc4-165c-6969-01a5-d1806d630000}</Data><Data Name="ProcessId">8216</Data><Data Name="Image">/usr/bin/git</Data><Data Name="User">vincenzolog</Data></EventData></Event>
Jan 15 23:31:23 vincenzolog-VMware-Virtual-Platform sysmon[1614]: <Event><System><Provider Name="Linux-Sysmon" Guid="{ff032593-a8d3-4f13-b0d6-01fc615a0f97}"/><EventID>5</EventID><Version>3</Version><Level>4</Level><Task>5</Task><Opcode>0</Opcode><Keywords>0x8000000000000000</Keywords><TimeCreated SystemTime="2026-01-15T16:31:23.160965000Z"/><EventRecordID>707609</EventRecordID><Correlation/><Execution ProcessID="1614" ThreadID="1614"/><Channel>Linux-Sysmon/Operational</Channel><Computer>vincenzolog-VMware-Virtual-Platform</Computer><Security UserId="0"/></System><EventData><Data Name="RuleName">-</Data><Data Name="UtcTime">2026-01-15 16:31:24.571</Data><Data Name="ProcessGuid">{8b8a9dc4-165c-6969-01a5-d1806d630000}</Data><Data Name="ProcessId">8216</Data><Data Name="Image">/usr/bin/git</Data><Data Name="User">vincenzolog</Data></EventData></Event>
Jan 15 23:31:23 vincenzolog-VMware-Virtual-Platform sysmon[1614]: <Event><System><Provider Name="Linux-Sysmon" Guid="{ff032593-a8d3-4f13-b0d6-01fc615a0f97}"/><EventID>5</EventID><Version>3</Version><Level>4</Level><Task>5</Task><Opcode>0</Opcode><Keywords>0x8000000000000000</Keywords><TimeCreated SystemTime="2026-01-15T16:31:23.162133000Z"/><EventRecordID>707610</EventRecordID><Correlation/><Execution ProcessID="1614" ThreadID="1614"/><Channel>Linux-Sysmon/Operational</Channel><Computer>vincenzolog-VMware-Virtual-Platform</Computer><Security UserId="0"/></System><EventData><Data Name="RuleName">-</Data><Data Name="UtcTime">2026-01-15 16:31:24.572</Data><Data Name="ProcessGuid">{8b8a9dc4-165c-6969-01a5-d1806d630000}</Data><Data Name="ProcessId">8216</Data><Data Name="Image">/usr/bin/git</Data><Data Name="User">vincenzolog</Data></EventData></Event>
Jan 15 23:31:23 vincenzolog-VMware-Virtual-Platform sysmon[1614]: <Event><System><Provider Name="Linux-Sysmon" Guid="{ff032593-a8d3-4f13-b0d6-01fc615a0f97}"/><EventID>1</EventID><Version>5</Version><Level>4</Level><Task>1</Task><Opcode>0</Opcode><Keywords>0x8000000000000000</Keywords><TimeCreated SystemTime="2026-01-15T16:31:23.166501000Z"/><EventRecordID>707611</EventRecordID><Correlation/><Execution ProcessID="1614" ThreadID="1614"/><Channel>Linux-Sysmon/Operational</Channel><Computer>vincenzolog-VMware-Virtual-Platform</Computer><Security UserId="0"/></System><EventData><Data Name="RuleName">-</Data><Data Name="UtcTime">2026-01-15 16:31:24.565</Data><Data Name="ProcessGuid">{8b8a9dc4-165c-6969-01f5-bd74c6600000}</Data><Data Name="ProcessId">8231</Data><Data Name="Image">/usr/bin/git</Data><Data Name="FileVersion">-</Data><Data Name="Description">-</Data><Data Name="Product">-</Data><Data Name="Company">-</Data><Data Name="OriginalFileName">-</Data><Data Name="CommandLine">git for-each-ref --sort -committerdate --format %(refname)%00%(objectname)%00%(*objectname)</Data><Data Name="CurrentDirectory">/home/vincenzolog/Auto_test</Data><Data Name="User">vincenzolog</Data><Data Name="LogonGuid">{8b8a9dc4-0000-0000-e803-000000000000}</Data><Data Name="LogonId">1000</Data><Data Name="TerminalSessionId">3</Data><Data Name="IntegrityLevel">no level</Data><Data Name="Hashes">SHA256=2a8c18fbf43da9f692d75474c72bea9dfd796c260b0f3dfe456376abc3bbd668</Data><Data Name="ParentProcessGuid">{00000000-0000-0000-0000-000000000000}</Data><Data Name="ParentProcessId">3566</Data><Data Name="ParentImage">-</Data><Data Name="ParentCommandLine">-</Data><Data Name="ParentUser">-</Data></EventData></Event>
Jan 15 23:31:23 vincenzolog-VMware-Virtual-Platform sysmon[1614]: <Event><System><Provider Name="Linux-Sysmon" Guid="{ff032593-a8d3-4f13-b0d6-01fc615a0f97}"/><EventID>5</EventID><Version>3</Version><Level>4</Level><Task>5</Task><Opcode>0</Opcode><Keywords>0x8000000000000000</Keywords><TimeCreated SystemTime="2026-01-15T16:31:23.166607000Z"/><EventRecordID>707612</EventRecordID><Correlation/><Execution ProcessID="1614" ThreadID="1614"/><Channel>Linux-Sysmon/Operational</Channel><Computer>vincenzolog-VMware-Virtual-Platform</Computer><Security UserId="0"/></System><EventData><Data Name="RuleName">-</Data><Data Name="UtcTime">2026-01-15 16:31:24.575</Data><Data Name="ProcessGuid">{8b8a9dc4-165c-6969-01f5-bd74c6600000}</Data><Data Name="ProcessId">8231</Data><Data Name="Image">/usr/bin/git</Data><Data Name="User">vincenzolog</Data></EventData></Event>
Jan 15 23:31:23 vincenzolog-VMware-Virtual-Platform sysmon[1614]: <Event><System><Provider Name="Linux-Sysmon" Guid="{ff032593-a8d3-4f13-b0d6-01fc615a0f97}"/><EventID>5</EventID><Version>3</Version><Level>4</Level><Task>5</Task><Opcode>0</Opcode><Keywords>0x8000000000000000</Keywords><TimeCreated SystemTime="2026-01-15T16:31:23.166639000Z"/><EventRecordID>707613</EventRecordID><Correlation/><Execution ProcessID="1614" ThreadID="1614"/><Channel>Linux-Sysmon/Operational</Channel><Computer>vincenzolog-VMware-Virtual-Platform</Computer><Security UserId="0"/></System><EventData><Data Name="RuleName">-</Data><Data Name="UtcTime">2026-01-15 16:31:24.576</Data><Data Name="ProcessGuid">{8b8a9dc4-165c-6969-01a5-d1806d630000}</Data><Data Name="ProcessId">8216</Data><Data Name="Image">/usr/bin/git</Data><Data Name="User">vincenzolog</Data></EventData></Event>
Jan 15 23:31:23 vincenzolog-VMware-Virtual-Platform sysmon[1614]: <Event><System><Provider Name="Linux-Sysmon" Guid="{ff032593-a8d3-4f13-b0d6-01fc615a0f97}"/><EventID>5</EventID><Version>3</Version><Level>4</Level><Task>5</Task><Opcode>0</Opcode><Keywords>0x8000000000000000</Keywords><TimeCreated SystemTime="2026-01-15T16:31:23.166719000Z"/><EventRecordID>707614</EventRecordID><Correlation/><Execution ProcessID="1614" ThreadID="1614"/><Channel>Linux-Sysmon/Operational</Channel><Computer>vincenzolog-VMware-Virtual-Platform</Computer><Security UserId="0"/></System><EventData><Data Name="RuleName">-</Data><Data Name="UtcTime">2026-01-15 16:31:24.576</Data><Data Name="ProcessGuid">{8b8a9dc4-165c-6969-01a5-d1806d630000}</Data><Data Name="ProcessId">8216</Data><Data Name="Image">/usr/bin/git</Data><Data Name="User">vincenzolog</Data></EventData></Event>
Jan 15 23:31:23 vincenzolog-VMware-Virtual-Platform sysmon[1614]: <Event><System><Provider Name="Linux-Sysmon" Guid="{ff032593-a8d3-4f13-b0d6-01fc615a0f97}"/><EventID>5</EventID><Version>3</Version><Level>4</Level><Task>5</Task><Opcode>0</Opcode><Keywords>0x8000000000000000</Keywords><TimeCreated SystemTime="2026-01-15T16:31:23.166760000Z"/><EventRecordID>707615</EventRecordID><Correlation/><Execution ProcessID="1614" ThreadID="1614"/><Channel>Linux-Sysmon/Operational</Channel><Computer>vincenzolog-VMware-Virtual-Platform</Computer><Security UserId="0"/></System><EventData><Data Name="RuleName">-</Data><Data Name="UtcTime">2026-01-15 16:31:24.573</Data><Data Name="ProcessGuid">{8b8a9dc4-165c-6969-01a5-d1806d630000}</Data><Data Name="ProcessId">8216</Data><Data Name="Image">/usr/bin/git</Data><Data Name="User">vincenzolog</Data></EventData></Event>
Jan 15 23:31:23 vincenzolog-VMware-Virtual-Platform sysmon[1614]: <Event><System><Provider Name="Linux-Sysmon" Guid="{ff032593-a8d3-4f13-b0d6-01fc615a0f97}"/><EventID>5</EventID><Version>3</Version><Level>4</Level><Task>5</Task><Opcode>0</Opcode><Keywords>0x8000000000000000</Keywords><TimeCreated SystemTime="2026-01-15T16:31:23.166787000Z"/><EventRecordID>707616</EventRecordID><Correlation/><Execution ProcessID="1614" ThreadID="1614"/><Channel>Linux-Sysmon/Operational</Channel><Computer>vincenzolog-VMware-Virtual-Platform</Computer><Security UserId="0"/></System><EventData><Data Name="RuleName">-</Data><Data Name="UtcTime">2026-01-15 16:31:24.573</Data><Data Name="ProcessGuid">{8b8a9dc4-165c-6969-01a5-d1806d630000}</Data><Data Name="ProcessId">8216</Data><Data Name="Image">/usr/bin/git</Data><Data Name="User">vincenzolog</Data></EventData></Event>
Jan 15 23:31:23 vincenzolog-VMware-Virtual-Platform sysmon[1614]: <Event><System><Provider Name="Linux-Sysmon" Guid="{ff032593-a8d3-4f13-b0d6-01fc615a0f97}"/><EventID>5</EventID><Version>3</Version><Level>4</Level><Task>5</Task><Opcode>0</Opcode><Keywords>0x8000000000000000</Keywords><TimeCreated SystemTime="2026-01-15T16:31:23.166813000Z"/><EventRecordID>707617</EventRecordID><Correlation/><Execution ProcessID="1614" ThreadID="1614"/><Channel>Linux-Sysmon/Operational</Channel><Computer>vincenzolog-VMware-Virtual-Platform</Computer><Security UserId="0"/></System><EventData><Data Name="RuleName">-</Data><Data Name="UtcTime">2026-01-15 16:31:24.574</Data><Data Name="ProcessGuid">{8b8a9dc4-165c-6969-01a5-d1806d630000}</Data><Data Name="ProcessId">8216</Data><Data Name="Image">/usr/bin/git</Data><Data Name="User">vincenzolog</Data></EventData></Event>
Jan 15 23:31:23 vincenzolog-VMware-Virtual-Platform sysmon[1614]: <Event><System><Provider Name="Linux-Sysmon" Guid="{ff032593-a8d3-4f13-b0d6-01fc615a0f97}"/><EventID>5</EventID><Version>3</Version><Level>4</Level><Task>5</Task><Opcode>0</Opcode><Keywords>0x8000000000000000</Keywords><TimeCreated SystemTime="2026-01-15T16:31:23.166839000Z"/><EventRecordID>707618</EventRecordID><Correlation/><Execution ProcessID="1614" ThreadID="1614"/><Channel>Linux-Sysmon/Operational</Channel><Computer>vincenzolog-VMware-Virtual-Platform</Computer><Security UserId="0"/></System><EventData><Data Name="RuleName">-</Data><Data Name="UtcTime">2026-01-15 16:31:24.576</Data><Data Name="ProcessGuid">{8b8a9dc4-165c-6969-01a5-d1806d630000}</Data><Data Name="ProcessId">8216</Data><Data Name="Image">/usr/bin/git</Data><Data Name="User">vincenzolog</Data></EventData></Event>
Jan 15 23:31:23 vincenzolog-VMware-Virtual-Platform sysmon[1614]: <Event><System><Provider Name="Linux-Sysmon" Guid="{ff032593-a8d3-4f13-b0d6-01fc615a0f97}"/><EventID>5</EventID><Version>3</Version><Level>4</Level><Task>5</Task><Opcode>0</Opcode><Keywords>0x8000000000000000</Keywords><TimeCreated SystemTime="2026-01-15T16:31:23.166864000Z"/><EventRecordID>707619</EventRecordID><Correlation/><Execution ProcessID="1614" ThreadID="1614"/><Channel>Linux-Sysmon/Operational</Channel><Computer>vincenzolog-VMware-Virtual-Platform</Computer><Security UserId="0"/></System><EventData><Data Name="RuleName">-</Data><Data Name="UtcTime">2026-01-15 16:31:24.576</Data><Data Name="ProcessGuid">{8b8a9dc4-165c-6969-01a5-d1806d630000}</Data><Data Name="ProcessId">8216</Data><Data Name="Image">/usr/bin/git</Data><Data Name="User">vincenzolog</Data></EventData></Event>
Jan 15 23:31:23 vincenzolog-VMware-Virtual-Platform sysmon[1614]: <Event><System><Provider Name="Linux-Sysmon" Guid="{ff032593-a8d3-4f13-b0d6-01fc615a0f97}"/><EventID>5</EventID><Version>3</Version><Level>4</Level><Task>5</Task><Opcode>0</Opcode><Keywords>0x8000000000000000</Keywords><TimeCreated SystemTime="2026-01-15T16:31:23.166890000Z"/><EventRecordID>707620</EventRecordID><Correlation/><Execution ProcessID="1614" ThreadID="1614"/><Channel>Linux-Sysmon/Operational</Channel><Computer>vincenzolog-VMware-Virtual-Platform</Computer><Security UserId="0"/></System><EventData><Data Name="RuleName">-</Data><Data Name="UtcTime">2026-01-15 16:31:24.574</Data><Data Name="ProcessGuid">{8b8a9dc4-165c-6969-01a5-d1806d630000}</Data><Data Name="ProcessId">8216</Data><Data Name="Image">/usr/bin/git</Data><Data Name="User">vincenzolog</Data></EventData></Event>
Jan 15 23:31:23 vincenzolog-VMware-Virtual-Platform sysmon[1614]: <Event><System><Provider Name="Linux-Sysmon" Guid="{ff032593-a8d3-4f13-b0d6-01fc615a0f97}"/><EventID>5</EventID><Version>3</Version><Level>4</Level><Task>5</Task><Opcode>0</Opcode><Keywords>0x8000000000000000</Keywords><TimeCreated SystemTime="2026-01-15T16:31:23.166915000Z"/><EventRecordID>707621</EventRecordID><Correlation/><Execution ProcessID="1614" ThreadID="1614"/><Channel>Linux-Sysmon/Operational</Channel><Computer>vincenzolog-VMware-Virtual-Platform</Computer><Security UserId="0"/></System><EventData><Data Name="RuleName">-</Data><Data Name="UtcTime">2026-01-15 16:31:24.575</Data><Data Name="ProcessGuid">{8b8a9dc4-165c-6969-01a5-d1806d630000}</Data><Data Name="ProcessId">8216</Data><Data Name="Image">/usr/bin/git</Data><Data Name="User">vincenzolog</Data></EventData></Event>
Jan 15 23:31:23 vincenzolog-VMware-Virtual-Platform sysmon[1614]: <Event><System><Provider Name="Linux-Sysmon" Guid="{ff032593-a8d3-4f13-b0d6-01fc615a0f97}"/><EventID>5</EventID><Version>3</Version><Level>4</Level><Task>5</Task><Opcode>0</Opcode><Keywords>0x8000000000000000</Keywords><TimeCreated SystemTime="2026-01-15T16:31:23.167833000Z"/><EventRecordID>707622</EventRecordID><Correlation/><Execution ProcessID="1614" ThreadID="1614"/><Channel>Linux-Sysmon/Operational</Channel><Computer>vincenzolog-VMware-Virtual-Platform</Computer><Security UserId="0"/></System><EventData><Data Name="RuleName">-</Data><Data Name="UtcTime">2026-01-15 16:31:24.577</Data><Data Name="ProcessGuid">{8b8a9dc4-165c-6969-01a5-d1806d630000}</Data><Data Name="ProcessId">8216</Data><Data Name="Image">/usr/bin/git</Data><Data Name="User">vincenzolog</Data></EventData></Event>
Jan 15 23:31:23 vincenzolog-VMware-Virtual-Platform sysmon[1614]: <Event><System><Provider Name="Linux-Sysmon" Guid="{ff032593-a8d3-4f13-b0d6-01fc615a0f97}"/><EventID>5</EventID><Version>3</Version><Level>4</Level><Task>5</Task><Opcode>0</Opcode><Keywords>0x8000000000000000</Keywords><TimeCreated SystemTime="2026-01-15T16:31:23.167875000Z"/><EventRecordID>707623</EventRecordID><Correlation/><Execution ProcessID="1614" ThreadID="1614"/><Channel>Linux-Sysmon/Operational</Channel><Computer>vincenzolog-VMware-Virtual-Platform</Computer><Security UserId="0"/></System><EventData><Data Name="RuleName">-</Data><Data Name="UtcTime">2026-01-15 16:31:24.577</Data><Data Name="ProcessGuid">{8b8a9dc4-165c-6969-01a5-d1806d630000}</Data><Data Name="ProcessId">8216</Data><Data Name="Image">/usr/bin/git</Data><Data Name="User">vincenzolog</Data></EventData></Event>
Jan 15 23:31:23 vincenzolog-VMware-Virtual-Platform sysmon[1614]: <Event><System><Provider Name="Linux-Sysmon" Guid="{ff032593-a8d3-4f13-b0d6-01fc615a0f97}"/><EventID>5</EventID><Version>3</Version><Level>4</Level><Task>5</Task><Opcode>0</Opcode><Keywords>0x8000000000000000</Keywords><TimeCreated SystemTime="2026-01-15T16:31:23.168724000Z"/><EventRecordID>707624</EventRecordID><Correlation/><Execution ProcessID="1614" ThreadID="1614"/><Channel>Linux-Sysmon/Operational</Channel><Computer>vincenzolog-VMware-Virtual-Platform</Computer><Security UserId="0"/></System><EventData><Data Name="RuleName">-</Data><Data Name="UtcTime">2026-01-15 16:31:24.578</Data><Data Name="ProcessGuid">{8b8a9dc4-165c-6969-01a5-d1806d630000}</Data><Data Name="ProcessId">8216</Data><Data Name="Image">/usr/bin/git</Data><Data Name="User">vincenzolog</Data></EventData></Event>
Jan 15 23:31:23 vincenzolog-VMware-Virtual-Platform sysmon[1614]: <Event><System><Provider Name="Linux-Sysmon" Guid="{ff032593-a8d3-4f13-b0d6-01fc615a0f97}"/><EventID>5</EventID><Version>3</Version><Level>4</Level><Task>5</Task><Opcode>0</Opcode><Keywords>0x8000000000000000</Keywords><TimeCreated SystemTime="2026-01-15T16:31:23.265444000Z"/><EventRecordID>707625</EventRecordID><Correlation/><Execution ProcessID="1614" ThreadID="1614"/><Channel>Linux-Sysmon/Operational</Channel><Computer>vincenzolog-VMware-Virtual-Platform</Computer><Security UserId="0"/></System><EventData><Data Name="RuleName">-</Data><Data Name="UtcTime">2026-01-15 16:31:24.675</Data><Data Name="ProcessGuid">{8b8a9dc4-165c-6969-01a5-d1806d630000}</Data><Data Name="ProcessId">8216</Data><Data Name="Image">/usr/bin/git</Data><Data Name="User">vincenzolog</Data></EventData></Event>
Jan 15 23:31:23 vincenzolog-VMware-Virtual-Platform sysmon[1614]: <Event><System><Provider Name="Linux-Sysmon" Guid="{ff032593-a8d3-4f13-b0d6-01fc615a0f97}"/><EventID>1</EventID><Version>5</Version><Level>4</Level><Task>1</Task><Opcode>0</Opcode><Keywords>0x8000000000000000</Keywords><TimeCreated SystemTime="2026-01-15T16:31:23.763653000Z"/><EventRecordID>707626</EventRecordID><Correlation/><Execution ProcessID="1614" ThreadID="1614"/><Channel>Linux-Sysmon/Operational</Channel><Computer>vincenzolog-VMware-Virtual-Platform</Computer><Security UserId="0"/></System><EventData><Data Name="RuleName">-</Data><Data Name="UtcTime">2026-01-15 16:31:25.173</Data><Data Name="ProcessGuid">{8b8a9dc4-165d-6969-1dc8-146939620000}</Data><Data Name="ProcessId">8238</Data><Data Name="Image">/usr/bin/dash</Data><Data Name="FileVersion">-</Data><Data Name="Description">-</Data><Data Name="Product">-</Data><Data Name="Company">-</Data><Data Name="OriginalFileName">-</Data><Data Name="CommandLine">/bin/sh -c echo $'IyEvYmluL2Jhc2gKZWNobyAiU2ltdWxhdGluZyBNYWxpY2lvdXMgUGF5bG9hZCI=' | base64 -d | bash</Data><Data Name="CurrentDirectory">/home/vincenzolog/Auto_test</Data><Data Name="User">root</Data><Data Name="LogonGuid">{8b8a9dc4-0000-0000-0000-000001000000}</Data><Data Name="LogonId">0</Data><Data Name="TerminalSessionId">3</Data><Data Name="IntegrityLevel">no level</Data><Data Name="Hashes">SHA256=86d31f6fb799e91fa21bad341484564510ca287703a16e9e46c53338776f4f42</Data><Data Name="ParentProcessGuid">{8b8a9dc4-1506-6969-dd23-700000000000}</Data><Data Name="ParentProcessId">4285</Data><Data Name="ParentImage">/usr/bin/python3.12</Data><Data Name="ParentCommandLine">python3</Data><Data Name="ParentUser">root</Data></EventData></Event>
Jan 15 23:31:23 vincenzolog-VMware-Virtual-Platform sysmon[1614]: <Event><System><Provider Name="Linux-Sysmon" Guid="{ff032593-a8d3-4f13-b0d6-01fc615a0f97}"/><EventID>5</EventID><Version>3</Version><Level>4</Level><Task>5</Task><Opcode>0</Opcode><Keywords>0x8000000000000000</Keywords><TimeCreated SystemTime="2026-01-15T16:31:23.765616000Z"/><EventRecordID>707627</EventRecordID><Correlation/><Execution ProcessID="1614" ThreadID="1614"/><Channel>Linux-Sysmon/Operational</Channel><Computer>vincenzolog-VMware-Virtual-Platform</Computer><Security UserId="0"/></System><EventData><Data Name="RuleName">-</Data><Data Name="UtcTime">2026-01-15 16:31:25.175</Data><Data Name="ProcessGuid">{00000000-0000-0000-0000-000000000000}</Data><Data Name="ProcessId">8239</Data><Data Name="Image">&lt;unknown process&gt;</Data><Data Name="User">root</Data></EventData></Event>
Jan 15 23:31:23 vincenzolog-VMware-Virtual-Platform sysmon[1614]: <Event><System><Provider Name="Linux-Sysmon" Guid="{ff032593-a8d3-4f13-b0d6-01fc615a0f97}"/><EventID>1</EventID><Version>5</Version><Level>4</Level><Task>1</Task><Opcode>0</Opcode><Keywords>0x8000000000000000</Keywords><TimeCreated SystemTime="2026-01-15T16:31:23.766131000Z"/><EventRecordID>707628</EventRecordID><Correlation/><Execution ProcessID="1614" ThreadID="1614"/><Channel>Linux-Sysmon/Operational</Channel><Computer>vincenzolog-VMware-Virtual-Platform</Computer><Security UserId="0"/></System><EventData><Data Name="RuleName">-</Data><Data Name="UtcTime">2026-01-15 16:31:25.175</Data><Data Name="ProcessGuid">{8b8a9dc4-165d-6969-3188-3acd66630000}</Data><Data Name="ProcessId">8240</Data><Data Name="Image">/usr/bin/base64</Data><Data Name="FileVersion">-</Data><Data Name="Description">-</Data><Data Name="Product">-</Data><Data Name="Company">-</Data><Data Name="OriginalFileName">-</Data><Data Name="CommandLine">base64 -d</Data><Data Name="CurrentDirectory">/home/vincenzolog/Auto_test</Data><Data Name="User">root</Data><Data Name="LogonGuid">{8b8a9dc4-0000-0000-0000-000001000000}</Data><Data Name="LogonId">0</Data><Data Name="TerminalSessionId">3</Data><Data Name="IntegrityLevel">no level</Data><Data Name="Hashes">SHA256=40e5639fa360b47ffb5f512c0644280dc6f7fdb7a3141e1df11bab4bb4253d60</Data><Data Name="ParentProcessGuid">{8b8a9dc4-165d-6969-1dc8-146939620000}</Data><Data Name="ParentProcessId">8238</Data><Data Name="ParentImage">/usr/bin/dash</Data><Data Name="ParentCommandLine">/bin/sh</Data><Data Name="ParentUser">root</Data></EventData></Event>
Jan 15 23:31:23 vincenzolog-VMware-Virtual-Platform sysmon[1614]: <Event><System><Provider Name="Linux-Sysmon" Guid="{ff032593-a8d3-4f13-b0d6-01fc615a0f97}"/><EventID>1</EventID><Version>5</Version><Level>4</Level><Task>1</Task><Opcode>0</Opcode><Keywords>0x8000000000000000</Keywords><TimeCreated SystemTime="2026-01-15T16:31:23.767807000Z"/><EventRecordID>707629</EventRecordID><Correlation/><Execution ProcessID="1614" ThreadID="1614"/><Channel>Linux-Sysmon/Operational</Channel><Computer>vincenzolog-VMware-Virtual-Platform</Computer><Security UserId="0"/></System><EventData><Data Name="RuleName">-</Data><Data Name="UtcTime">2026-01-15 16:31:25.175</Data><Data Name="ProcessGuid">{8b8a9dc4-165d-6969-2d53-cda1375f0000}</Data><Data Name="ProcessId">8241</Data><Data Name="Image">/usr/bin/bash</Data><Data Name="FileVersion">-</Data><Data Name="Description">-</Data><Data Name="Product">-</Data><Data Name="Company">-</Data><Data Name="OriginalFileName">-</Data><Data Name="CommandLine">bash</Data><Data Name="CurrentDirectory">/home/vincenzolog/Auto_test</Data><Data Name="User">root</Data><Data Name="LogonGuid">{8b8a9dc4-0000-0000-0000-000001000000}</Data><Data Name="LogonId">0</Data><Data Name="TerminalSessionId">3</Data><Data Name="IntegrityLevel">no level</Data><Data Name="Hashes">SHA256=bc5945feb8bd26203ebfafea5ce1878bb2e32cb8fb50ab7ae395cfb1e1aaaef1</Data><Data Name="ParentProcessGuid">{8b8a9dc4-165d-6969-1dc8-146939620000}</Data><Data Name="ParentProcessId">8238</Data><Data Name="ParentImage">/usr/bin/dash</Data><Data Name="ParentCommandLine">/bin/sh</Data><Data Name="ParentUser">root</Data></EventData></Event>
Jan 15 23:31:23 vincenzolog-VMware-Virtual-Platform sysmon[1614]: <Event><System><Provider Name="Linux-Sysmon" Guid="{ff032593-a8d3-4f13-b0d6-01fc615a0f97}"/><EventID>5</EventID><Version>3</Version><Level>4</Level><Task>5</Task><Opcode>0</Opcode><Keywords>0x8000000000000000</Keywords><TimeCreated SystemTime="2026-01-15T16:31:23.767886000Z"/><EventRecordID>707630</EventRecordID><Correlation/><Execution ProcessID="1614" ThreadID="1614"/><Channel>Linux-Sysmon/Operational</Channel><Computer>vincenzolog-VMware-Virtual-Platform</Computer><Security UserId="0"/></System><EventData><Data Name="RuleName">-</Data><Data Name="UtcTime">2026-01-15 16:31:25.178</Data><Data Name="ProcessGuid">{8b8a9dc4-165d-6969-3188-3acd66630000}</Data><Data Name="ProcessId">8240</Data><Data Name="Image">/usr/bin/base64</Data><Data Name="User">root</Data></EventData></Event>
Jan 15 23:31:23 vincenzolog-VMware-Virtual-Platform sysmon[1614]: <Event><System><Provider Name="Linux-Sysmon" Guid="{ff032593-a8d3-4f13-b0d6-01fc615a0f97}"/><EventID>5</EventID><Version>3</Version><Level>4</Level><Task>5</Task><Opcode>0</Opcode><Keywords>0x8000000000000000</Keywords><TimeCreated SystemTime="2026-01-15T16:31:23.767915000Z"/><EventRecordID>707631</EventRecordID><Correlation/><Execution ProcessID="1614" ThreadID="1614"/><Channel>Linux-Sysmon/Operational</Channel><Computer>vincenzolog-VMware-Virtual-Platform</Computer><Security UserId="0"/></System><EventData><Data Name="RuleName">-</Data><Data Name="UtcTime">2026-01-15 16:31:25.178</Data><Data Name="ProcessGuid">{8b8a9dc4-165d-6969-2d53-cda1375f0000}</Data><Data Name="ProcessId">8241</Data><Data Name="Image">/usr/bin/bash</Data><Data Name="User">root</Data></EventData></Event>
Jan 15 23:31:23 vincenzolog-VMware-Virtual-Platform sysmon[1614]: <Event><System><Provider Name="Linux-Sysmon" Guid="{ff032593-a8d3-4f13-b0d6-01fc615a0f97}"/><EventID>5</EventID><Version>3</Version><Level>4</Level><Task>5</Task><Opcode>0</Opcode><Keywords>0x8000000000000000</Keywords><TimeCreated SystemTime="2026-01-15T16:31:23.768170000Z"/><EventRecordID>707632</EventRecordID><Correlation/><Execution ProcessID="1614" ThreadID="1614"/><Channel>Linux-Sysmon/Operational</Channel><Computer>vincenzolog-VMware-Virtual-Platform</Computer><Security UserId="0"/></System><EventData><Data Name="RuleName">-</Data><Data Name="UtcTime">2026-01-15 16:31:25.178</Data><Data Name="ProcessGuid">{8b8a9dc4-165d-6969-1dc8-146939620000}</Data><Data Name="ProcessId">8238</Data><Data Name="Image">/usr/bin/dash</Data><Data Name="User">root</Data></EventData></Event>
Jan 15 23:31:26 vincenzolog-VMware-Virtual-Platform sysmon[1614]: <Event><System><Provider Name="Linux-Sysmon" Guid="{ff032593-a8d3-4f13-b0d6-01fc615a0f97}"/><EventID>1</EventID><Version>5</Version><Level>4</Level><Task>1</Task><Opcode>0</Opcode><Keywords>0x8000000000000000</Keywords><TimeCreated SystemTime="2026-01-15T16:31:26.546546000Z"/><EventRecordID>707633</EventRecordID><Correlation/><Execution ProcessID="1614" ThreadID="1614"/><Channel>Linux-Sysmon/Operational</Channel><Computer>vincenzolog-VMware-Virtual-Platform</Computer><Security UserId="0"/></System><EventData><Data Name="RuleName">-</Data><Data Name="UtcTime">2026-01-15 16:31:27.954</Data><Data Name="ProcessGuid">{8b8a9dc4-165f-6969-1d58-be4d68630000}</Data><Data Name="ProcessId">8242</Data><Data Name="Image">/usr/bin/dash</Data><Data Name="FileVersion">-</Data><Data Name="Description">-</Data><Data Name="Product">-</Data><Data Name="Company">-</Data><Data Name="OriginalFileName">-</Data><Data Name="CommandLine">/bin/sh -c which ps</Data><Data Name="CurrentDirectory">/home/vincenzolog</Data><Data Name="User">vincenzolog</Data><Data Name="LogonGuid">{8b8a9dc4-0000-0000-e803-000000000000}</Data><Data Name="LogonId">1000</Data><Data Name="TerminalSessionId">3</Data><Data Name="IntegrityLevel">no level</Data><Data Name="Hashes">SHA256=86d31f6fb799e91fa21bad341484564510ca287703a16e9e46c53338776f4f42</Data><Data Name="ParentProcessGuid">{8b8a9dc4-1341-6969-d0bf-29b881610000}</Data><Data Name="ParentProcessId">3553</Data><Data Name="ParentImage">/usr/share/code/code</Data><Data Name="ParentCommandLine">/proc/self/exe</Data><Data Name="ParentUser">vincenzolog</Data></EventData></Event>
Jan 15 23:31:26 vincenzolog-VMware-Virtual-Platform sysmon[1614]: <Event><System><Provider Name="Linux-Sysmon" Guid="{ff032593-a8d3-4f13-b0d6-01fc615a0f97}"/><EventID>1</EventID><Version>5</Version><Level>4</Level><Task>1</Task><Opcode>0</Opcode><Keywords>0x8000000000000000</Keywords><TimeCreated SystemTime="2026-01-15T16:31:26.548054000Z"/><EventRecordID>707634</EventRecordID><Correlation/><Execution ProcessID="1614" ThreadID="1614"/><Channel>Linux-Sysmon/Operational</Channel><Computer>vincenzolog-VMware-Virtual-Platform</Computer><Security UserId="0"/></System><EventData><Data Name="RuleName">-</Data><Data Name="UtcTime">2026-01-15 16:31:27.957</Data><Data Name="ProcessGuid">{8b8a9dc4-165f-6969-1d28-0b85585a0000}</Data><Data Name="ProcessId">8243</Data><Data Name="Image">/usr/bin/dash</Data><Data Name="FileVersion">-</Data><Data Name="Description">-</Data><Data Name="Product">-</Data><Data Name="Company">-</Data><Data Name="OriginalFileName">-</Data><Data Name="CommandLine">/bin/sh /usr/bin/which ps</Data><Data Name="CurrentDirectory">/home/vincenzolog</Data><Data Name="User">vincenzolog</Data><Data Name="LogonGuid">{8b8a9dc4-0000-0000-e803-000000000000}</Data><Data Name="LogonId">1000</Data><Data Name="TerminalSessionId">3</Data><Data Name="IntegrityLevel">no level</Data><Data Name="Hashes">SHA256=86d31f6fb799e91fa21bad341484564510ca287703a16e9e46c53338776f4f42</Data><Data Name="ParentProcessGuid">{8b8a9dc4-165f-6969-1d58-be4d68630000}</Data><Data Name="ParentProcessId">8242</Data><Data Name="ParentImage">/usr/bin/dash</Data><Data Name="ParentCommandLine">/bin/sh</Data><Data Name="ParentUser">vincenzolog</Data></EventData></Event>
Jan 15 23:31:26 vincenzolog-VMware-Virtual-Platform sysmon[1614]: <Event><System><Provider Name="Linux-Sysmon" Guid="{ff032593-a8d3-4f13-b0d6-01fc615a0f97}"/><EventID>5</EventID><Version>3</Version><Level>4</Level><Task>5</Task><Opcode>0</Opcode><Keywords>0x8000000000000000</Keywords><TimeCreated SystemTime="2026-01-15T16:31:26.549065000Z"/><EventRecordID>707635</EventRecordID><Correlation/><Execution ProcessID="1614" ThreadID="1614"/><Channel>Linux-Sysmon/Operational</Channel><Computer>vincenzolog-VMware-Virtual-Platform</Computer><Security UserId="0"/></System><EventData><Data Name="RuleName">-</Data><Data Name="UtcTime">2026-01-15 16:31:27.959</Data><Data Name="ProcessGuid">{8b8a9dc4-165f-6969-1d28-0b85585a0000}</Data><Data Name="ProcessId">8243</Data><Data Name="Image">/usr/bin/dash</Data><Data Name="User">vincenzolog</Data></EventData></Event>
Jan 15 23:31:26 vincenzolog-VMware-Virtual-Platform sysmon[1614]: <Event><System><Provider Name="Linux-Sysmon" Guid="{ff032593-a8d3-4f13-b0d6-01fc615a0f97}"/><EventID>5</EventID><Version>3</Version><Level>4</Level><Task>5</Task><Opcode>0</Opcode><Keywords>0x8000000000000000</Keywords><TimeCreated SystemTime="2026-01-15T16:31:26.549431000Z"/><EventRecordID>707636</EventRecordID><Correlation/><Execution ProcessID="1614" ThreadID="1614"/><Channel>Linux-Sysmon/Operational</Channel><Computer>vincenzolog-VMware-Virtual-Platform</Computer><Security UserId="0"/></System><EventData><Data Name="RuleName">-</Data><Data Name="UtcTime">2026-01-15 16:31:27.959</Data><Data Name="ProcessGuid">{8b8a9dc4-165f-6969-1d58-be4d68630000}</Data><Data Name="ProcessId">8242</Data><Data Name="Image">/usr/bin/dash</Data><Data Name="User">vincenzolog</Data></EventData></Event>
