Jan 15 23:39:35 vincenzolog-VMware-Virtual-Platform sysmon[1614]: <Event><System><Provider Name="Linux-Sysmon" Guid="{ff032593-a8d3-4f13-b0d6-01fc615a0f97}"/><EventID>5</EventID><Version>3</Version><Level>4</Level><Task>5</Task><Opcode>0</Opcode><Keywords>0x8000000000000000</Keywords><TimeCreated SystemTime="2026-01-15T16:39:35.821105000Z"/><EventRecordID>716287</EventRecordID><Correlation/><Execution ProcessID="1614" ThreadID="1614"/><Channel>Linux-Sysmon/Operational</Channel><Computer>vincenzolog-VMware-Virtual-Platform</Computer><Security UserId="0"/></System><EventData><Data Name="RuleName">-</Data><Data Name="UtcTime">2026-01-15 16:39:37.229</Data><Data Name="ProcessGuid">{8b8a9dc4-1849-6969-01a5-725327570000}</Data><Data Name="ProcessId">13812</Data><Data Name="Image">/usr/bin/git</Data><Data Name="User">vincenzolog</Data></EventData></Event>
Jan 15 23:39:35 vincenzolog-VMware-Virtual-Platform sysmon[1614]: <Event><System><Provider Name="Linux-Sysmon" Guid="{ff032593-a8d3-4f13-b0d6-01fc615a0f97}"/><EventID>5</EventID><Version>3</Version><Level>4</Level><Task>5</Task><Opcode>0</Opcode><Keywords>0x8000000000000000</Keywords><TimeCreated SystemTime="2026-01-15T16:39:35.821130000Z"/><EventRecordID>716288</EventRecordID><Correlation/><Execution ProcessID="1614" ThreadID="1614"/><Channel>Linux-Sysmon/Operational</Channel><Computer>vincenzolog-VMware-Virtual-Platform</Computer><Security UserId="0"/></System><EventData><Data Name="RuleName">-</Data><Data Name="UtcTime">2026-01-15 16:39:37.230</Data><Data Name="ProcessGuid">{8b8a9dc4-1849-6969-01a5-725327570000}</Data><Data Name="ProcessId">13812</Data><Data Name="Image">/usr/bin/git</Data><Data Name="User">vincenzolog</Data></EventData></Event>
Jan 15 23:39:35 vincenzolog-VMware-Virtual-Platform sysmon[1614]: <Event><System><Provider Name="Linux-Sysmon" Guid="{ff032593-a8d3-4f13-b0d6-01fc615a0f97}"/><EventID>5</EventID><Version>3</Version><Level>4</Level><Task>5</Task><Opcode>0</Opcode><Keywords>0x8000000000000000</Keywords><TimeCreated SystemTime="2026-01-15T16:39:35.821157000Z"/><EventRecordID>716289</EventRecordID><Correlation/><Execution ProcessID="1614" ThreadID="1614"/><Channel>Linux-Sysmon/Operational</Channel><Computer>vincenzolog-VMware-Virtual-Platform</Computer><Security UserId="0"/></System><EventData><Data Name="RuleName">-</Data><Data Name="UtcTime">2026-01-15 16:39:37.228</Data><Data Name="ProcessGuid">{8b8a9dc4-1849-6969-01a5-725327570000}</Data><Data Name="ProcessId">13812</Data><Data Name="Image">/usr/bin/git</Data><Data Name="User">vincenzolog</Data></EventData></Event>
Jan 15 23:39:35 vincenzolog-VMware-Virtual-Platform sysmon[1614]: <Event><System><Provider Name="Linux-Sysmon" Guid="{ff032593-a8d3-4f13-b0d6-01fc615a0f97}"/><EventID>5</EventID><Version>3</Version><Level>4</Level><Task>5</Task><Opcode>0</Opcode><Keywords>0x8000000000000000</Keywords><TimeCreated SystemTime="2026-01-15T16:39:35.821182000Z"/><EventRecordID>716290</EventRecordID><Correlation/><Execution ProcessID="1614" ThreadID="1614"/><Channel>Linux-Sysmon/Operational</Channel><Computer>vincenzolog-VMware-Virtual-Platform</Computer><Security UserId="0"/></System><EventData><Data Name="RuleName">-</Data><Data Name="UtcTime">2026-01-15 16:39:37.230</Data><Data Name="ProcessGuid">{8b8a9dc4-1849-6969-01a5-725327570000}</Data><Data Name="ProcessId">13812</Data><Data Name="Image">/usr/bin/git</Data><Data Name="User">vincenzolog</Data></EventData></Event>
Jan 15 23:39:35 vincenzolog-VMware-Virtual-Platform sysmon[1614]: <Event><System><Provider Name="Linux-Sysmon" Guid="{ff032593-a8d3-4f13-b0d6-01fc615a0f97}"/><EventID>5</EventID><Version>3</Version><Level>4</Level><Task>5</Task><Opcode>0</Opcode><Keywords>0x8000000000000000</Keywords><TimeCreated SystemTime="2026-01-15T16:39:35.821207000Z"/><EventRecordID>716291</EventRecordID><Correlation/><Execution ProcessID="1614" ThreadID="1614"/><Channel>Linux-Sysmon/Operational</Channel><Computer>vincenzolog-VMware-Virtual-Platform</Computer><Security UserId="0"/></System><EventData><Data Name="RuleName">-</Data><Data Name="UtcTime">2026-01-15 16:39:37.231</Data><Data Name="ProcessGuid">{8b8a9dc4-1849-6969-01a5-725327570000}</Data><Data Name="ProcessId">13812</Data><Data Name="Image">/usr/bin/git</Data><Data Name="User">vincenzolog</Data></EventData></Event>
Jan 15 23:39:35 vincenzolog-VMware-Virtual-Platform sysmon[1614]: <Event><System><Provider Name="Linux-Sysmon" Guid="{ff032593-a8d3-4f13-b0d6-01fc615a0f97}"/><EventID>5</EventID><Version>3</Version><Level>4</Level><Task>5</Task><Opcode>0</Opcode><Keywords>0x8000000000000000</Keywords><TimeCreated SystemTime="2026-01-15T16:39:35.821236000Z"/><EventRecordID>716292</EventRecordID><Correlation/><Execution ProcessID="1614" ThreadID="1614"/><Channel>Linux-Sysmon/Operational</Channel><Computer>vincenzolog-VMware-Virtual-Platform</Computer><Security UserId="0"/></System><EventData><Data Name="RuleName">-</Data><Data Name="UtcTime">2026-01-15 16:39:37.231</Data><Data Name="ProcessGuid">{8b8a9dc4-1849-6969-01a5-725327570000}</Data><Data Name="ProcessId">13812</Data><Data Name="Image">/usr/bin/git</Data><Data Name="User">vincenzolog</Data></EventData></Event>
Jan 15 23:39:35 vincenzolog-VMware-Virtual-Platform sysmon[1614]: <Event><System><Provider Name="Linux-Sysmon" Guid="{ff032593-a8d3-4f13-b0d6-01fc615a0f97}"/><EventID>5</EventID><Version>3</Version><Level>4</Level><Task>5</Task><Opcode>0</Opcode><Keywords>0x8000000000000000</Keywords><TimeCreated SystemTime="2026-01-15T16:39:35.821263000Z"/><EventRecordID>716293</EventRecordID><Correlation/><Execution ProcessID="1614" ThreadID="1614"/><Channel>Linux-Sysmon/Operational</Channel><Computer>vincenzolog-VMware-Virtual-Platform</Computer><Security UserId="0"/></System><EventData><Data Name="RuleName">-</Data><Data Name="UtcTime">2026-01-15 16:39:37.231</Data><Data Name="ProcessGuid">{8b8a9dc4-1849-6969-01d5-9bbeed570000}</Data><Data Name="ProcessId">13821</Data><Data Name="Image">/usr/bin/git</Data><Data Name="User">vincenzolog</Data></EventData></Event>
Jan 15 23:39:35 vincenzolog-VMware-Virtual-Platform sysmon[1614]: <Event><System><Provider Name="Linux-Sysmon" Guid="{ff032593-a8d3-4f13-b0d6-01fc615a0f97}"/><EventID>1</EventID><Version>5</Version><Level>4</Level><Task>1</Task><Opcode>0</Opcode><Keywords>0x8000000000000000</Keywords><TimeCreated SystemTime="2026-01-15T16:39:35.881115000Z"/><EventRecordID>716294</EventRecordID><Correlation/><Execution ProcessID="1614" ThreadID="1614"/><Channel>Linux-Sysmon/Operational</Channel><Computer>vincenzolog-VMware-Virtual-Platform</Computer><Security UserId="0"/></System><EventData><Data Name="RuleName">-</Data><Data Name="UtcTime">2026-01-15 16:39:37.290</Data><Data Name="ProcessGuid">{8b8a9dc4-1849-6969-1dd8-f991a6560000}</Data><Data Name="ProcessId">13834</Data><Data Name="Image">/usr/bin/dash</Data><Data Name="FileVersion">-</Data><Data Name="Description">-</Data><Data Name="Product">-</Data><Data Name="Company">-</Data><Data Name="OriginalFileName">-</Data><Data Name="CommandLine">/bin/sh -c journalctl -u sysmon --no-pager &gt; logs_output/Linux_Base64_Encoded_Shebang_In_CLI/Linux_Base64_Encoded_Shebang_In_CLI_attack204.log</Data><Data Name="CurrentDirectory">/home/vincenzolog/Auto_test</Data><Data Name="User">root</Data><Data Name="LogonGuid">{8b8a9dc4-0000-0000-0000-000001000000}</Data><Data Name="LogonId">0</Data><Data Name="TerminalSessionId">3</Data><Data Name="IntegrityLevel">no level</Data><Data Name="Hashes">SHA256=86d31f6fb799e91fa21bad341484564510ca287703a16e9e46c53338776f4f42</Data><Data Name="ParentProcessGuid">{8b8a9dc4-1506-6969-dd23-700000000000}</Data><Data Name="ParentProcessId">4285</Data><Data Name="ParentImage">/usr/bin/python3.12</Data><Data Name="ParentCommandLine">python3</Data><Data Name="ParentUser">root</Data></EventData></Event>
Jan 15 23:39:35 vincenzolog-VMware-Virtual-Platform sysmon[1614]: <Event><System><Provider Name="Linux-Sysmon" Guid="{ff032593-a8d3-4f13-b0d6-01fc615a0f97}"/><EventID>1</EventID><Version>5</Version><Level>4</Level><Task>1</Task><Opcode>0</Opcode><Keywords>0x8000000000000000</Keywords><TimeCreated SystemTime="2026-01-15T16:39:35.882598000Z"/><EventRecordID>716295</EventRecordID><Correlation/><Execution ProcessID="1614" ThreadID="1614"/><Channel>Linux-Sysmon/Operational</Channel><Computer>vincenzolog-VMware-Virtual-Platform</Computer><Security UserId="0"/></System><EventData><Data Name="RuleName">-</Data><Data Name="UtcTime">2026-01-15 16:39:37.292</Data><Data Name="ProcessGuid">{8b8a9dc4-1849-6969-cdeb-494b77580000}</Data><Data Name="ProcessId">13835</Data><Data Name="Image">/usr/bin/journalctl</Data><Data Name="FileVersion">-</Data><Data Name="Description">-</Data><Data Name="Product">-</Data><Data Name="Company">-</Data><Data Name="OriginalFileName">-</Data><Data Name="CommandLine">journalctl -u sysmon --no-pager</Data><Data Name="CurrentDirectory">/home/vincenzolog/Auto_test</Data><Data Name="User">root</Data><Data Name="LogonGuid">{8b8a9dc4-0000-0000-0000-000001000000}</Data><Data Name="LogonId">0</Data><Data Name="TerminalSessionId">3</Data><Data Name="IntegrityLevel">no level</Data><Data Name="Hashes">SHA256=7bd10a9c601c3204a6c464fc517b204e469eca7f12b09f9c4826f3cc1e42bd79</Data><Data Name="ParentProcessGuid">{8b8a9dc4-1849-6969-1dd8-f991a6560000}</Data><Data Name="ParentProcessId">13834</Data><Data Name="ParentImage">/usr/bin/dash</Data><Data Name="ParentCommandLine">/bin/sh</Data><Data Name="ParentUser">root</Data></EventData></Event>
