Jan 13 15:54:30 vincenzolog-VMware-Virtual-Platform sysmon[5412]: <Event><System><Provider Name="Linux-Sysmon" Guid="{ff032593-a8d3-4f13-b0d6-01fc615a0f97}"/><EventID>5</EventID><Version>3</Version><Level>4</Level><Task>5</Task><Opcode>0</Opcode><Keywords>0x8000000000000000</Keywords><TimeCreated SystemTime="2026-01-13T08:54:30.606311000Z"/><EventRecordID>669932</EventRecordID><Correlation/><Execution ProcessID="5412" ThreadID="5412"/><Channel>Linux-Sysmon/Operational</Channel><Computer>vincenzolog-VMware-Virtual-Platform</Computer><Security UserId="0"/></System><EventData><Data Name="RuleName">-</Data><Data Name="UtcTime">2026-01-12 11:03:56.147</Data><Data Name="ProcessGuid">{8b8a9dc4-d51c-6964-b134-4bc5ee550000}</Data><Data Name="ProcessId">266352</Data><Data Name="Image">/usr/bin/dpkg</Data><Data Name="User">_apt</Data></EventData></Event>
Jan 13 15:54:30 vincenzolog-VMware-Virtual-Platform sysmon[5412]: <Event><System><Provider Name="Linux-Sysmon" Guid="{ff032593-a8d3-4f13-b0d6-01fc615a0f97}"/><EventID>5</EventID><Version>3</Version><Level>4</Level><Task>5</Task><Opcode>0</Opcode><Keywords>0x8000000000000000</Keywords><TimeCreated SystemTime="2026-01-13T08:54:30.607344000Z"/><EventRecordID>669933</EventRecordID><Correlation/><Execution ProcessID="5412" ThreadID="5412"/><Channel>Linux-Sysmon/Operational</Channel><Computer>vincenzolog-VMware-Virtual-Platform</Computer><Security UserId="0"/></System><EventData><Data Name="RuleName">-</Data><Data Name="UtcTime">2026-01-12 11:03:56.148</Data><Data Name="ProcessGuid">{8b8a9dc4-d51c-6964-4530-f801bb550000}</Data><Data Name="ProcessId">266351</Data><Data Name="Image">/usr/bin/apt-config</Data><Data Name="User">_apt</Data></EventData></Event>
Jan 13 15:54:30 vincenzolog-VMware-Virtual-Platform sysmon[5412]: <Event><System><Provider Name="Linux-Sysmon" Guid="{ff032593-a8d3-4f13-b0d6-01fc615a0f97}"/><EventID>1</EventID><Version>5</Version><Level>4</Level><Task>1</Task><Opcode>0</Opcode><Keywords>0x8000000000000000</Keywords><TimeCreated SystemTime="2026-01-13T08:54:30.608884000Z"/><EventRecordID>669934</EventRecordID><Correlation/><Execution ProcessID="5412" ThreadID="5412"/><Channel>Linux-Sysmon/Operational</Channel><Computer>vincenzolog-VMware-Virtual-Platform</Computer><Security UserId="0"/></System><EventData><Data Name="RuleName">-</Data><Data Name="UtcTime">2026-01-12 11:03:56.149</Data><Data Name="ProcessGuid">{8b8a9dc4-d51c-6964-c117-29859d590000}</Data><Data Name="ProcessId">266354</Data><Data Name="Image">/usr/bin/gpgv</Data><Data Name="FileVersion">-</Data><Data Name="Description">-</Data><Data Name="Product">-</Data><Data Name="Company">-</Data><Data Name="OriginalFileName">-</Data><Data Name="CommandLine">gpgv --assert-pubkey-algo</Data><Data Name="CurrentDirectory">/home/vincenzolog/Auto_test</Data><Data Name="User">_apt</Data><Data Name="LogonGuid">{8b8a9dc4-0000-0000-2a00-000005000000}</Data><Data Name="LogonId">42</Data><Data Name="TerminalSessionId">3</Data><Data Name="IntegrityLevel">no level</Data><Data Name="Hashes">SHA256=097b577cdf8b51dcc1fb42417d5ef3ca2e22b36a8ad16c9df4bd083a38fe476c</Data><Data Name="ParentProcessGuid">{00000000-0000-0000-0000-000000000000}</Data><Data Name="ParentProcessId">266353</Data><Data Name="ParentImage">-</Data><Data Name="ParentCommandLine">-</Data><Data Name="ParentUser">-</Data></EventData></Event>
Jan 13 15:54:30 vincenzolog-VMware-Virtual-Platform sysmon[5412]: <Event><System><Provider Name="Linux-Sysmon" Guid="{ff032593-a8d3-4f13-b0d6-01fc615a0f97}"/><EventID>5</EventID><Version>3</Version><Level>4</Level><Task>5</Task><Opcode>0</Opcode><Keywords>0x8000000000000000</Keywords><TimeCreated SystemTime="2026-01-13T08:54:30.610706000Z"/><EventRecordID>669935</EventRecordID><Correlation/><Execution ProcessID="5412" ThreadID="5412"/><Channel>Linux-Sysmon/Operational</Channel><Computer>vincenzolog-VMware-Virtual-Platform</Computer><Security UserId="0"/></System><EventData><Data Name="RuleName">-</Data><Data Name="UtcTime">2026-01-12 11:03:56.151</Data><Data Name="ProcessGuid">{8b8a9dc4-d51c-6964-c117-29859d590000}</Data><Data Name="ProcessId">266354</Data><Data Name="Image">/usr/bin/gpgv</Data><Data Name="User">_apt</Data></EventData></Event>
Jan 13 15:54:30 vincenzolog-VMware-Virtual-Platform sysmon[5412]: <Event><System><Provider Name="Linux-Sysmon" Guid="{ff032593-a8d3-4f13-b0d6-01fc615a0f97}"/><EventID>5</EventID><Version>3</Version><Level>4</Level><Task>5</Task><Opcode>0</Opcode><Keywords>0x8000000000000000</Keywords><TimeCreated SystemTime="2026-01-13T08:54:30.611206000Z"/><EventRecordID>669936</EventRecordID><Correlation/><Execution ProcessID="5412" ThreadID="5412"/><Channel>Linux-Sysmon/Operational</Channel><Computer>vincenzolog-VMware-Virtual-Platform</Computer><Security UserId="0"/></System><EventData><Data Name="RuleName">-</Data><Data Name="UtcTime">2026-01-12 11:03:56.152</Data><Data Name="ProcessGuid">{8b8a9dc4-d51c-6964-0000-000000000000}</Data><Data Name="ProcessId">266353</Data><Data Name="Image">-</Data><Data Name="User">_apt</Data></EventData></Event>
Jan 13 15:54:30 vincenzolog-VMware-Virtual-Platform sysmon[5412]: <Event><System><Provider Name="Linux-Sysmon" Guid="{ff032593-a8d3-4f13-b0d6-01fc615a0f97}"/><EventID>1</EventID><Version>5</Version><Level>4</Level><Task>1</Task><Opcode>0</Opcode><Keywords>0x8000000000000000</Keywords><TimeCreated SystemTime="2026-01-13T08:54:30.612249000Z"/><EventRecordID>669937</EventRecordID><Correlation/><Execution ProcessID="5412" ThreadID="5412"/><Channel>Linux-Sysmon/Operational</Channel><Computer>vincenzolog-VMware-Virtual-Platform</Computer><Security UserId="0"/></System><EventData><Data Name="RuleName">-</Data><Data Name="UtcTime">2026-01-12 11:03:56.152</Data><Data Name="ProcessGuid">{8b8a9dc4-d51c-6964-618e-a4b206610000}</Data><Data Name="ProcessId">266355</Data><Data Name="Image">/usr/bin/mktemp</Data><Data Name="FileVersion">-</Data><Data Name="Description">-</Data><Data Name="Product">-</Data><Data Name="Company">-</Data><Data Name="OriginalFileName">-</Data><Data Name="CommandLine">mktemp --directory --tmpdir apt-key-gpghome.XXXXXXXXXX</Data><Data Name="CurrentDirectory">/home/vincenzolog/Auto_test</Data><Data Name="User">_apt</Data><Data Name="LogonGuid">{8b8a9dc4-0000-0000-2a00-000005000000}</Data><Data Name="LogonId">42</Data><Data Name="TerminalSessionId">3</Data><Data Name="IntegrityLevel">no level</Data><Data Name="Hashes">SHA256=f580f6b40b1c1c8f515fa45ac794ea784fea5370d17888339c1cd9b7213d5589</Data><Data Name="ParentProcessGuid">{8b8a9dc4-d51c-6964-1d88-633f28640000}</Data><Data Name="ParentProcessId">266340</Data><Data Name="ParentImage">/usr/bin/dash</Data><Data Name="ParentCommandLine">/bin/sh</Data><Data Name="ParentUser">_apt</Data></EventData></Event>
Jan 13 15:54:30 vincenzolog-VMware-Virtual-Platform sysmon[5412]: <Event><System><Provider Name="Linux-Sysmon" Guid="{ff032593-a8d3-4f13-b0d6-01fc615a0f97}"/><EventID>5</EventID><Version>3</Version><Level>4</Level><Task>5</Task><Opcode>0</Opcode><Keywords>0x8000000000000000</Keywords><TimeCreated SystemTime="2026-01-13T08:54:30.613416000Z"/><EventRecordID>669938</EventRecordID><Correlation/><Execution ProcessID="5412" ThreadID="5412"/><Channel>Linux-Sysmon/Operational</Channel><Computer>vincenzolog-VMware-Virtual-Platform</Computer><Security UserId="0"/></System><EventData><Data Name="RuleName">-</Data><Data Name="UtcTime">2026-01-12 11:03:56.154</Data><Data Name="ProcessGuid">{8b8a9dc4-d51c-6964-618e-a4b206610000}</Data><Data Name="ProcessId">266355</Data><Data Name="Image">/usr/bin/mktemp</Data><Data Name="User">_apt</Data></EventData></Event>
Jan 13 15:54:30 vincenzolog-VMware-Virtual-Platform sysmon[5412]: <Event><System><Provider Name="Linux-Sysmon" Guid="{ff032593-a8d3-4f13-b0d6-01fc615a0f97}"/><EventID>1</EventID><Version>5</Version><Level>4</Level><Task>1</Task><Opcode>0</Opcode><Keywords>0x8000000000000000</Keywords><TimeCreated SystemTime="2026-01-13T08:54:30.614043000Z"/><EventRecordID>669939</EventRecordID><Correlation/><Execution ProcessID="5412" ThreadID="5412"/><Channel>Linux-Sysmon/Operational</Channel><Computer>vincenzolog-VMware-Virtual-Platform</Computer><Security UserId="0"/></System><EventData><Data Name="RuleName">-</Data><Data Name="UtcTime">2026-01-12 11:03:56.154</Data><Data Name="ProcessGuid">{8b8a9dc4-d51c-6964-d12f-369c5e5a0000}</Data><Data Name="ProcessId">266356</Data><Data Name="Image">/usr/bin/chmod</Data><Data Name="FileVersion">-</Data><Data Name="Description">-</Data><Data Name="Product">-</Data><Data Name="Company">-</Data><Data Name="OriginalFileName">-</Data><Data Name="CommandLine">chmod 700 /tmp/apt-key-gpghome.29CXpCmt0h</Data><Data Name="CurrentDirectory">/home/vincenzolog/Auto_test</Data><Data Name="User">_apt</Data><Data Name="LogonGuid">{8b8a9dc4-0000-0000-2a00-000005000000}</Data><Data Name="LogonId">42</Data><Data Name="TerminalSessionId">3</Data><Data Name="IntegrityLevel">no level</Data><Data Name="Hashes">SHA256=f162501708c719c786ddceb78c2cc3b48dc2e33683114da199223c978bd62324</Data><Data Name="ParentProcessGuid">{8b8a9dc4-d51c-6964-1d88-633f28640000}</Data><Data Name="ParentProcessId">266340</Data><Data Name="ParentImage">/usr/bin/dash</Data><Data Name="ParentCommandLine">/bin/sh</Data><Data Name="ParentUser">_apt</Data></EventData></Event>
Jan 13 15:54:30 vincenzolog-VMware-Virtual-Platform sysmon[5412]: <Event><System><Provider Name="Linux-Sysmon" Guid="{ff032593-a8d3-4f13-b0d6-01fc615a0f97}"/><EventID>5</EventID><Version>3</Version><Level>4</Level><Task>5</Task><Opcode>0</Opcode><Keywords>0x8000000000000000</Keywords><TimeCreated SystemTime="2026-01-13T08:54:30.615168000Z"/><EventRecordID>669940</EventRecordID><Correlation/><Execution ProcessID="5412" ThreadID="5412"/><Channel>Linux-Sysmon/Operational</Channel><Computer>vincenzolog-VMware-Virtual-Platform</Computer><Security UserId="0"/></System><EventData><Data Name="RuleName">-</Data><Data Name="UtcTime">2026-01-12 11:03:56.156</Data><Data Name="ProcessGuid">{8b8a9dc4-d51c-6964-d12f-369c5e5a0000}</Data><Data Name="ProcessId">266356</Data><Data Name="Image">/usr/bin/chmod</Data><Data Name="User">_apt</Data></EventData></Event>
Jan 13 15:54:30 vincenzolog-VMware-Virtual-Platform sysmon[5412]: <Event><System><Provider Name="Linux-Sysmon" Guid="{ff032593-a8d3-4f13-b0d6-01fc615a0f97}"/><EventID>5</EventID><Version>3</Version><Level>4</Level><Task>5</Task><Opcode>0</Opcode><Keywords>0x8000000000000000</Keywords><TimeCreated SystemTime="2026-01-13T08:54:30.615908000Z"/><EventRecordID>669941</EventRecordID><Correlation/><Execution ProcessID="5412" ThreadID="5412"/><Channel>Linux-Sysmon/Operational</Channel><Computer>vincenzolog-VMware-Virtual-Platform</Computer><Security UserId="0"/></System><EventData><Data Name="RuleName">-</Data><Data Name="UtcTime">2026-01-12 11:03:56.156</Data><Data Name="ProcessGuid">{8b8a9dc4-d51c-6964-0000-000000000000}</Data><Data Name="ProcessId">266357</Data><Data Name="Image">-</Data><Data Name="User">_apt</Data></EventData></Event>
Jan 13 15:54:30 vincenzolog-VMware-Virtual-Platform sysmon[5412]: <Event><System><Provider Name="Linux-Sysmon" Guid="{ff032593-a8d3-4f13-b0d6-01fc615a0f97}"/><EventID>5</EventID><Version>3</Version><Level>4</Level><Task>5</Task><Opcode>0</Opcode><Keywords>0x8000000000000000</Keywords><TimeCreated SystemTime="2026-01-13T08:54:30.616863000Z"/><EventRecordID>669942</EventRecordID><Correlation/><Execution ProcessID="5412" ThreadID="5412"/><Channel>Linux-Sysmon/Operational</Channel><Computer>vincenzolog-VMware-Virtual-Platform</Computer><Security UserId="0"/></System><EventData><Data Name="RuleName">-</Data><Data Name="UtcTime">2026-01-12 11:03:56.157</Data><Data Name="ProcessGuid">{8b8a9dc4-d51c-6964-0000-000000000000}</Data><Data Name="ProcessId">266359</Data><Data Name="Image">-</Data><Data Name="User">_apt</Data></EventData></Event>
Jan 13 15:54:30 vincenzolog-VMware-Virtual-Platform sysmon[5412]: <Event><System><Provider Name="Linux-Sysmon" Guid="{ff032593-a8d3-4f13-b0d6-01fc615a0f97}"/><EventID>1</EventID><Version>5</Version><Level>4</Level><Task>1</Task><Opcode>0</Opcode><Keywords>0x8000000000000000</Keywords><TimeCreated SystemTime="2026-01-13T08:54:30.617395000Z"/><EventRecordID>669943</EventRecordID><Correlation/><Execution ProcessID="5412" ThreadID="5412"/><Channel>Linux-Sysmon/Operational</Channel><Computer>vincenzolog-VMware-Virtual-Platform</Computer><Security UserId="0"/></System><EventData><Data Name="RuleName">-</Data><Data Name="UtcTime">2026-01-12 11:03:56.157</Data><Data Name="ProcessGuid">{8b8a9dc4-d51c-6964-813e-07e78e630000}</Data><Data Name="ProcessId">266360</Data><Data Name="Image">/usr/bin/sed</Data><Data Name="FileVersion">-</Data><Data Name="Description">-</Data><Data Name="Product">-</Data><Data Name="Company">-</Data><Data Name="OriginalFileName">-</Data><Data Name="CommandLine">sed -e s#'#'&quot;'&quot;'#g</Data><Data Name="CurrentDirectory">/home/vincenzolog/Auto_test</Data><Data Name="User">_apt</Data><Data Name="LogonGuid">{8b8a9dc4-0000-0000-2a00-000005000000}</Data><Data Name="LogonId">42</Data><Data Name="TerminalSessionId">3</Data><Data Name="IntegrityLevel">no level</Data><Data Name="Hashes">SHA256=db67d4895f868617bfd19786247ebda7c2f50f4cb3857a987f732a2c267a799e</Data><Data Name="ParentProcessGuid">{00000000-0000-0000-0000-000000000000}</Data><Data Name="ParentProcessId">266358</Data><Data Name="ParentImage">-</Data><Data Name="ParentCommandLine">-</Data><Data Name="ParentUser">-</Data></EventData></Event>
Jan 13 15:54:30 vincenzolog-VMware-Virtual-Platform sysmon[5412]: <Event><System><Provider Name="Linux-Sysmon" Guid="{ff032593-a8d3-4f13-b0d6-01fc615a0f97}"/><EventID>5</EventID><Version>3</Version><Level>4</Level><Task>5</Task><Opcode>0</Opcode><Keywords>0x8000000000000000</Keywords><TimeCreated SystemTime="2026-01-13T08:54:30.618934000Z"/><EventRecordID>669944</EventRecordID><Correlation/><Execution ProcessID="5412" ThreadID="5412"/><Channel>Linux-Sysmon/Operational</Channel><Computer>vincenzolog-VMware-Virtual-Platform</Computer><Security UserId="0"/></System><EventData><Data Name="RuleName">-</Data><Data Name="UtcTime">2026-01-12 11:03:56.159</Data><Data Name="ProcessGuid">{8b8a9dc4-d51c-6964-813e-07e78e630000}</Data><Data Name="ProcessId">266360</Data><Data Name="Image">/usr/bin/sed</Data><Data Name="User">_apt</Data></EventData></Event>
Jan 13 15:54:30 vincenzolog-VMware-Virtual-Platform sysmon[5412]: <Event><System><Provider Name="Linux-Sysmon" Guid="{ff032593-a8d3-4f13-b0d6-01fc615a0f97}"/><EventID>5</EventID><Version>3</Version><Level>4</Level><Task>5</Task><Opcode>0</Opcode><Keywords>0x8000000000000000</Keywords><TimeCreated SystemTime="2026-01-13T08:54:30.619183000Z"/><EventRecordID>669945</EventRecordID><Correlation/><Execution ProcessID="5412" ThreadID="5412"/><Channel>Linux-Sysmon/Operational</Channel><Computer>vincenzolog-VMware-Virtual-Platform</Computer><Security UserId="0"/></System><EventData><Data Name="RuleName">-</Data><Data Name="UtcTime">2026-01-12 11:03:56.160</Data><Data Name="ProcessGuid">{8b8a9dc4-d51c-6964-0000-000000000000}</Data><Data Name="ProcessId">266358</Data><Data Name="Image">-</Data><Data Name="User">_apt</Data></EventData></Event>
Jan 13 15:54:30 vincenzolog-VMware-Virtual-Platform sysmon[5412]: <Event><System><Provider Name="Linux-Sysmon" Guid="{ff032593-a8d3-4f13-b0d6-01fc615a0f97}"/><EventID>5</EventID><Version>3</Version><Level>4</Level><Task>5</Task><Opcode>0</Opcode><Keywords>0x8000000000000000</Keywords><TimeCreated SystemTime="2026-01-13T08:54:30.620032000Z"/><EventRecordID>669946</EventRecordID><Correlation/><Execution ProcessID="5412" ThreadID="5412"/><Channel>Linux-Sysmon/Operational</Channel><Computer>vincenzolog-VMware-Virtual-Platform</Computer><Security UserId="0"/></System><EventData><Data Name="RuleName">-</Data><Data Name="UtcTime">2026-01-12 11:03:56.160</Data><Data Name="ProcessGuid">{8b8a9dc4-d51c-6964-0000-000000000000}</Data><Data Name="ProcessId">266362</Data><Data Name="Image">-</Data><Data Name="User">_apt</Data></EventData></Event>
Jan 13 15:54:30 vincenzolog-VMware-Virtual-Platform sysmon[5412]: <Event><System><Provider Name="Linux-Sysmon" Guid="{ff032593-a8d3-4f13-b0d6-01fc615a0f97}"/><EventID>1</EventID><Version>5</Version><Level>4</Level><Task>1</Task><Opcode>0</Opcode><Keywords>0x8000000000000000</Keywords><TimeCreated SystemTime="2026-01-13T08:54:30.620555000Z"/><EventRecordID>669947</EventRecordID><Correlation/><Execution ProcessID="5412" ThreadID="5412"/><Channel>Linux-Sysmon/Operational</Channel><Computer>vincenzolog-VMware-Virtual-Platform</Computer><Security UserId="0"/></System><EventData><Data Name="RuleName">-</Data><Data Name="UtcTime">2026-01-12 11:03:56.161</Data><Data Name="ProcessGuid">{8b8a9dc4-d51c-6964-81de-e2e8fd620000}</Data><Data Name="ProcessId">266363</Data><Data Name="Image">/usr/bin/sed</Data><Data Name="FileVersion">-</Data><Data Name="Description">-</Data><Data Name="Product">-</Data><Data Name="Company">-</Data><Data Name="OriginalFileName">-</Data><Data Name="CommandLine">sed -e s#'#'&quot;'&quot;'#g</Data><Data Name="CurrentDirectory">/home/vincenzolog/Auto_test</Data><Data Name="User">_apt</Data><Data Name="LogonGuid">{8b8a9dc4-0000-0000-2a00-000005000000}</Data><Data Name="LogonId">42</Data><Data Name="TerminalSessionId">3</Data><Data Name="IntegrityLevel">no level</Data><Data Name="Hashes">SHA256=db67d4895f868617bfd19786247ebda7c2f50f4cb3857a987f732a2c267a799e</Data><Data Name="ParentProcessGuid">{00000000-0000-0000-0000-000000000000}</Data><Data Name="ParentProcessId">266361</Data><Data Name="ParentImage">-</Data><Data Name="ParentCommandLine">-</Data><Data Name="ParentUser">-</Data></EventData></Event>
Jan 13 15:54:30 vincenzolog-VMware-Virtual-Platform sysmon[5412]: <Event><System><Provider Name="Linux-Sysmon" Guid="{ff032593-a8d3-4f13-b0d6-01fc615a0f97}"/><EventID>5</EventID><Version>3</Version><Level>4</Level><Task>5</Task><Opcode>0</Opcode><Keywords>0x8000000000000000</Keywords><TimeCreated SystemTime="2026-01-13T08:54:30.622035000Z"/><EventRecordID>669948</EventRecordID><Correlation/><Execution ProcessID="5412" ThreadID="5412"/><Channel>Linux-Sysmon/Operational</Channel><Computer>vincenzolog-VMware-Virtual-Platform</Computer><Security UserId="0"/></System><EventData><Data Name="RuleName">-</Data><Data Name="UtcTime">2026-01-12 11:03:56.162</Data><Data Name="ProcessGuid">{8b8a9dc4-d51c-6964-81de-e2e8fd620000}</Data><Data Name="ProcessId">266363</Data><Data Name="Image">/usr/bin/sed</Data><Data Name="User">_apt</Data></EventData></Event>
Jan 13 15:54:30 vincenzolog-VMware-Virtual-Platform sysmon[5412]: <Event><System><Provider Name="Linux-Sysmon" Guid="{ff032593-a8d3-4f13-b0d6-01fc615a0f97}"/><EventID>5</EventID><Version>3</Version><Level>4</Level><Task>5</Task><Opcode>0</Opcode><Keywords>0x8000000000000000</Keywords><TimeCreated SystemTime="2026-01-13T08:54:30.622330000Z"/><EventRecordID>669949</EventRecordID><Correlation/><Execution ProcessID="5412" ThreadID="5412"/><Channel>Linux-Sysmon/Operational</Channel><Computer>vincenzolog-VMware-Virtual-Platform</Computer><Security UserId="0"/></System><EventData><Data Name="RuleName">-</Data><Data Name="UtcTime">2026-01-12 11:03:56.163</Data><Data Name="ProcessGuid">{8b8a9dc4-d51c-6964-0000-000000000000}</Data><Data Name="ProcessId">266361</Data><Data Name="Image">-</Data><Data Name="User">_apt</Data></EventData></Event>
Jan 13 15:54:30 vincenzolog-VMware-Virtual-Platform sysmon[5412]: <Event><System><Provider Name="Linux-Sysmon" Guid="{ff032593-a8d3-4f13-b0d6-01fc615a0f97}"/><EventID>5</EventID><Version>3</Version><Level>4</Level><Task>5</Task><Opcode>0</Opcode><Keywords>0x8000000000000000</Keywords><TimeCreated SystemTime="2026-01-13T08:54:30.623046000Z"/><EventRecordID>669950</EventRecordID><Correlation/><Execution ProcessID="5412" ThreadID="5412"/><Channel>Linux-Sysmon/Operational</Channel><Computer>vincenzolog-VMware-Virtual-Platform</Computer><Security UserId="0"/></System><EventData><Data Name="RuleName">-</Data><Data Name="UtcTime">2026-01-12 11:03:56.163</Data><Data Name="ProcessGuid">{8b8a9dc4-d51c-6964-0000-000000000000}</Data><Data Name="ProcessId">266364</Data><Data Name="Image">-</Data><Data Name="User">_apt</Data></EventData></Event>
Jan 13 15:54:30 vincenzolog-VMware-Virtual-Platform sysmon[5412]: <Event><System><Provider Name="Linux-Sysmon" Guid="{ff032593-a8d3-4f13-b0d6-01fc615a0f97}"/><EventID>1</EventID><Version>5</Version><Level>4</Level><Task>1</Task><Opcode>0</Opcode><Keywords>0x8000000000000000</Keywords><TimeCreated SystemTime="2026-01-13T08:54:30.623836000Z"/><EventRecordID>669951</EventRecordID><Correlation/><Execution ProcessID="5412" ThreadID="5412"/><Channel>Linux-Sysmon/Operational</Channel><Computer>vincenzolog-VMware-Virtual-Platform</Computer><Security UserId="0"/></System><EventData><Data Name="RuleName">-</Data><Data Name="UtcTime">2026-01-12 11:03:56.164</Data><Data Name="ProcessGuid">{8b8a9dc4-d51c-6964-c137-834ff85f0000}</Data><Data Name="ProcessId">266365</Data><Data Name="Image">/usr/bin/gpgv</Data><Data Name="FileVersion">-</Data><Data Name="Description">-</Data><Data Name="Product">-</Data><Data Name="Company">-</Data><Data Name="OriginalFileName">-</Data><Data Name="CommandLine">gpgv --assert-pubkey-algo=&gt;=rsa1024,ed25519,ed448,nistp256,nistp384,nistp512,brainpoolP256r1,brainpoolP320r1,brainpoolP384r1,brainpoolP512r1,secp256k1 --homedir /tmp/apt-key-gpghome.29CXpCmt0h --keyring /usr/share/keyrings/ubuntu-archive-keyring.gpg --ignore-time-conflict --status-fd 3 /tmp/apt.sig.Nt3iEH /tmp/apt.data.EeGSVc</Data><Data Name="CurrentDirectory">/home/vincenzolog/Auto_test</Data><Data Name="User">_apt</Data><Data Name="LogonGuid">{8b8a9dc4-0000-0000-2a00-000005000000}</Data><Data Name="LogonId">42</Data><Data Name="TerminalSessionId">3</Data><Data Name="IntegrityLevel">no level</Data><Data Name="Hashes">SHA256=097b577cdf8b51dcc1fb42417d5ef3ca2e22b36a8ad16c9df4bd083a38fe476c</Data><Data Name="ParentProcessGuid">{8b8a9dc4-d51c-6964-1d88-633f28640000}</Data><Data Name="ParentProcessId">266340</Data><Data Name="ParentImage">/usr/bin/dash</Data><Data Name="ParentCommandLine">/bin/sh</Data><Data Name="ParentUser">_apt</Data></EventData></Event>
Jan 13 15:54:30 vincenzolog-VMware-Virtual-Platform sysmon[5412]: <Event><System><Provider Name="Linux-Sysmon" Guid="{ff032593-a8d3-4f13-b0d6-01fc615a0f97}"/><EventID>5</EventID><Version>3</Version><Level>4</Level><Task>5</Task><Opcode>0</Opcode><Keywords>0x8000000000000000</Keywords><TimeCreated SystemTime="2026-01-13T08:54:30.627005000Z"/><EventRecordID>669952</EventRecordID><Correlation/><Execution ProcessID="5412" ThreadID="5412"/><Channel>Linux-Sysmon/Operational</Channel><Computer>vincenzolog-VMware-Virtual-Platform</Computer><Security UserId="0"/></System><EventData><Data Name="RuleName">-</Data><Data Name="UtcTime">2026-01-12 11:03:56.167</Data><Data Name="ProcessGuid">{8b8a9dc4-d51c-6964-c137-834ff85f0000}</Data><Data Name="ProcessId">266365</Data><Data Name="Image">/usr/bin/gpgv</Data><Data Name="User">_apt</Data></EventData></Event>
Jan 13 15:54:30 vincenzolog-VMware-Virtual-Platform sysmon[5412]: <Event><System><Provider Name="Linux-Sysmon" Guid="{ff032593-a8d3-4f13-b0d6-01fc615a0f97}"/><EventID>1</EventID><Version>5</Version><Level>4</Level><Task>1</Task><Opcode>0</Opcode><Keywords>0x8000000000000000</Keywords><TimeCreated SystemTime="2026-01-13T08:54:30.627945000Z"/><EventRecordID>669953</EventRecordID><Correlation/><Execution ProcessID="5412" ThreadID="5412"/><Channel>Linux-Sysmon/Operational</Channel><Computer>vincenzolog-VMware-Virtual-Platform</Computer><Security UserId="0"/></System><EventData><Data Name="RuleName">-</Data><Data Name="UtcTime">2026-01-12 11:03:56.168</Data><Data Name="ProcessGuid">{8b8a9dc4-d51c-6964-c1e9-106fa95e0000}</Data><Data Name="ProcessId">266366</Data><Data Name="Image">/usr/bin/gpgconf</Data><Data Name="FileVersion">-</Data><Data Name="Description">-</Data><Data Name="Product">-</Data><Data Name="Company">-</Data><Data Name="OriginalFileName">-</Data><Data Name="CommandLine">gpgconf --kill all</Data><Data Name="CurrentDirectory">/home/vincenzolog/Auto_test</Data><Data Name="User">_apt</Data><Data Name="LogonGuid">{8b8a9dc4-0000-0000-2a00-000005000000}</Data><Data Name="LogonId">42</Data><Data Name="TerminalSessionId">3</Data><Data Name="IntegrityLevel">no level</Data><Data Name="Hashes">SHA256=58a25b1b169b1467ab395ae2011a462fae70b41f3f7c080cec8940e85f85b8c8</Data><Data Name="ParentProcessGuid">{8b8a9dc4-d51c-6964-1d88-633f28640000}</Data><Data Name="ParentProcessId">266340</Data><Data Name="ParentImage">/usr/bin/dash</Data><Data Name="ParentCommandLine">/bin/sh</Data><Data Name="ParentUser">_apt</Data></EventData></Event>
Jan 13 15:54:30 vincenzolog-VMware-Virtual-Platform sysmon[5412]: <Event><System><Provider Name="Linux-Sysmon" Guid="{ff032593-a8d3-4f13-b0d6-01fc615a0f97}"/><EventID>1</EventID><Version>5</Version><Level>4</Level><Task>1</Task><Opcode>0</Opcode><Keywords>0x8000000000000000</Keywords><TimeCreated SystemTime="2026-01-13T08:54:30.630054000Z"/><EventRecordID>669954</EventRecordID><Correlation/><Execution ProcessID="5412" ThreadID="5412"/><Channel>Linux-Sysmon/Operational</Channel><Computer>vincenzolog-VMware-Virtual-Platform</Computer><Security UserId="0"/></System><EventData><Data Name="RuleName">-</Data><Data Name="UtcTime">2026-01-12 11:03:56.170</Data><Data Name="ProcessGuid">{8b8a9dc4-d51c-6964-4192-cb02f95a0000}</Data><Data Name="ProcessId">266367</Data><Data Name="Image">/usr/bin/gpg-connect-agent</Data><Data Name="FileVersion">-</Data><Data Name="Description">-</Data><Data Name="Product">-</Data><Data Name="Company">-</Data><Data Name="OriginalFileName">-</Data><Data Name="CommandLine">gpg-connect-agent --homedir /tmp/apt-key-gpghome.29CXpCmt0h --no-autostart --dirmngr KILLDIRMNGR</Data><Data Name="CurrentDirectory">/home/vincenzolog/Auto_test</Data><Data Name="User">_apt</Data><Data Name="LogonGuid">{8b8a9dc4-0000-0000-2a00-000005000000}</Data><Data Name="LogonId">42</Data><Data Name="TerminalSessionId">3</Data><Data Name="IntegrityLevel">no level</Data><Data Name="Hashes">SHA256=7f51064f399016e6be442dad17feedbe45b3587267bc7365d8c6d7f482d9fc08</Data><Data Name="ParentProcessGuid">{8b8a9dc4-d51c-6964-c1e9-106fa95e0000}</Data><Data Name="ParentProcessId">266366</Data><Data Name="ParentImage">/usr/bin/gpgconf</Data><Data Name="ParentCommandLine">gpgconf</Data><Data Name="ParentUser">_apt</Data></EventData></Event>
Jan 13 15:54:30 vincenzolog-VMware-Virtual-Platform sysmon[5412]: <Event><System><Provider Name="Linux-Sysmon" Guid="{ff032593-a8d3-4f13-b0d6-01fc615a0f97}"/><EventID>5</EventID><Version>3</Version><Level>4</Level><Task>5</Task><Opcode>0</Opcode><Keywords>0x8000000000000000</Keywords><TimeCreated SystemTime="2026-01-13T08:54:30.631723000Z"/><EventRecordID>669955</EventRecordID><Correlation/><Execution ProcessID="5412" ThreadID="5412"/><Channel>Linux-Sysmon/Operational</Channel><Computer>vincenzolog-VMware-Virtual-Platform</Computer><Security UserId="0"/></System><EventData><Data Name="RuleName">-</Data><Data Name="UtcTime">2026-01-12 11:03:56.172</Data><Data Name="ProcessGuid">{8b8a9dc4-d51c-6964-4192-cb02f95a0000}</Data><Data Name="ProcessId">266367</Data><Data Name="Image">/usr/bin/gpg-connect-agent</Data><Data Name="User">_apt</Data></EventData></Event>
Jan 13 15:54:30 vincenzolog-VMware-Virtual-Platform sysmon[5412]: <Event><System><Provider Name="Linux-Sysmon" Guid="{ff032593-a8d3-4f13-b0d6-01fc615a0f97}"/><EventID>1</EventID><Version>5</Version><Level>4</Level><Task>1</Task><Opcode>0</Opcode><Keywords>0x8000000000000000</Keywords><TimeCreated SystemTime="2026-01-13T08:54:30.632793000Z"/><EventRecordID>669956</EventRecordID><Correlation/><Execution ProcessID="5412" ThreadID="5412"/><Channel>Linux-Sysmon/Operational</Channel><Computer>vincenzolog-VMware-Virtual-Platform</Computer><Security UserId="0"/></System><EventData><Data Name="RuleName">-</Data><Data Name="UtcTime">2026-01-12 11:03:56.173</Data><Data Name="ProcessGuid">{8b8a9dc4-d51c-6964-4172-62a3c2600000}</Data><Data Name="ProcessId">266368</Data><Data Name="Image">/usr/bin/gpg-connect-agent</Data><Data Name="FileVersion">-</Data><Data Name="Description">-</Data><Data Name="Product">-</Data><Data Name="Company">-</Data><Data Name="OriginalFileName">-</Data><Data Name="CommandLine">gpg-connect-agent --homedir /tmp/apt-key-gpghome.29CXpCmt0h -s --no-autostart GETINFO scd_running /if ${! $?} scd killscd /end</Data><Data Name="CurrentDirectory">/home/vincenzolog/Auto_test</Data><Data Name="User">_apt</Data><Data Name="LogonGuid">{8b8a9dc4-0000-0000-2a00-000005000000}</Data><Data Name="LogonId">42</Data><Data Name="TerminalSessionId">3</Data><Data Name="IntegrityLevel">no level</Data><Data Name="Hashes">SHA256=7f51064f399016e6be442dad17feedbe45b3587267bc7365d8c6d7f482d9fc08</Data><Data Name="ParentProcessGuid">{8b8a9dc4-d51c-6964-c1e9-106fa95e0000}</Data><Data Name="ParentProcessId">266366</Data><Data Name="ParentImage">/usr/bin/gpgconf</Data><Data Name="ParentCommandLine">gpgconf</Data><Data Name="ParentUser">_apt</Data></EventData></Event>
Jan 13 15:54:30 vincenzolog-VMware-Virtual-Platform sysmon[5412]: <Event><System><Provider Name="Linux-Sysmon" Guid="{ff032593-a8d3-4f13-b0d6-01fc615a0f97}"/><EventID>5</EventID><Version>3</Version><Level>4</Level><Task>5</Task><Opcode>0</Opcode><Keywords>0x8000000000000000</Keywords><TimeCreated SystemTime="2026-01-13T08:54:30.634590000Z"/><EventRecordID>669957</EventRecordID><Correlation/><Execution ProcessID="5412" ThreadID="5412"/><Channel>Linux-Sysmon/Operational</Channel><Computer>vincenzolog-VMware-Virtual-Platform</Computer><Security UserId="0"/></System><EventData><Data Name="RuleName">-</Data><Data Name="UtcTime">2026-01-12 11:03:56.175</Data><Data Name="ProcessGuid">{8b8a9dc4-d51c-6964-4172-62a3c2600000}</Data><Data Name="ProcessId">266368</Data><Data Name="Image">/usr/bin/gpg-connect-agent</Data><Data Name="User">_apt</Data></EventData></Event>
Jan 13 15:54:30 vincenzolog-VMware-Virtual-Platform sysmon[5412]: <Event><System><Provider Name="Linux-Sysmon" Guid="{ff032593-a8d3-4f13-b0d6-01fc615a0f97}"/><EventID>1</EventID><Version>5</Version><Level>4</Level><Task>1</Task><Opcode>0</Opcode><Keywords>0x8000000000000000</Keywords><TimeCreated SystemTime="2026-01-13T08:54:30.635727000Z"/><EventRecordID>669958</EventRecordID><Correlation/><Execution ProcessID="5412" ThreadID="5412"/><Channel>Linux-Sysmon/Operational</Channel><Computer>vincenzolog-VMware-Virtual-Platform</Computer><Security UserId="0"/></System><EventData><Data Name="RuleName">-</Data><Data Name="UtcTime">2026-01-12 11:03:56.175</Data><Data Name="ProcessGuid">{8b8a9dc4-d51c-6964-41e2-5f810f580000}</Data><Data Name="ProcessId">266369</Data><Data Name="Image">/usr/bin/gpg-connect-agent</Data><Data Name="FileVersion">-</Data><Data Name="Description">-</Data><Data Name="Product">-</Data><Data Name="Company">-</Data><Data Name="OriginalFileName">-</Data><Data Name="CommandLine">gpg-connect-agent --homedir /tmp/apt-key-gpghome.29CXpCmt0h --no-autostart KILLAGENT</Data><Data Name="CurrentDirectory">/home/vincenzolog/Auto_test</Data><Data Name="User">_apt</Data><Data Name="LogonGuid">{8b8a9dc4-0000-0000-2a00-000005000000}</Data><Data Name="LogonId">42</Data><Data Name="TerminalSessionId">3</Data><Data Name="IntegrityLevel">no level</Data><Data Name="Hashes">SHA256=7f51064f399016e6be442dad17feedbe45b3587267bc7365d8c6d7f482d9fc08</Data><Data Name="ParentProcessGuid">{8b8a9dc4-d51c-6964-c1e9-106fa95e0000}</Data><Data Name="ParentProcessId">266366</Data><Data Name="ParentImage">/usr/bin/gpgconf</Data><Data Name="ParentCommandLine">gpgconf</Data><Data Name="ParentUser">_apt</Data></EventData></Event>
Jan 13 15:54:30 vincenzolog-VMware-Virtual-Platform sysmon[5412]: <Event><System><Provider Name="Linux-Sysmon" Guid="{ff032593-a8d3-4f13-b0d6-01fc615a0f97}"/><EventID>5</EventID><Version>3</Version><Level>4</Level><Task>5</Task><Opcode>0</Opcode><Keywords>0x8000000000000000</Keywords><TimeCreated SystemTime="2026-01-13T08:54:30.637347000Z"/><EventRecordID>669959</EventRecordID><Correlation/><Execution ProcessID="5412" ThreadID="5412"/><Channel>Linux-Sysmon/Operational</Channel><Computer>vincenzolog-VMware-Virtual-Platform</Computer><Security UserId="0"/></System><EventData><Data Name="RuleName">-</Data><Data Name="UtcTime">2026-01-12 11:03:56.178</Data><Data Name="ProcessGuid">{8b8a9dc4-d51c-6964-41e2-5f810f580000}</Data><Data Name="ProcessId">266369</Data><Data Name="Image">/usr/bin/gpg-connect-agent</Data><Data Name="User">_apt</Data></EventData></Event>
Jan 13 15:54:30 vincenzolog-VMware-Virtual-Platform sysmon[5412]: <Event><System><Provider Name="Linux-Sysmon" Guid="{ff032593-a8d3-4f13-b0d6-01fc615a0f97}"/><EventID>1</EventID><Version>5</Version><Level>4</Level><Task>1</Task><Opcode>0</Opcode><Keywords>0x8000000000000000</Keywords><TimeCreated SystemTime="2026-01-13T08:54:30.638452000Z"/><EventRecordID>669960</EventRecordID><Correlation/><Execution ProcessID="5412" ThreadID="5412"/><Channel>Linux-Sysmon/Operational</Channel><Computer>vincenzolog-VMware-Virtual-Platform</Computer><Security UserId="0"/></System><EventData><Data Name="RuleName">-</Data><Data Name="UtcTime">2026-01-12 11:03:56.178</Data><Data Name="ProcessGuid">{8b8a9dc4-d51c-6964-4152-037c8a580000}</Data><Data Name="ProcessId">266370</Data><Data Name="Image">/usr/bin/gpg-connect-agent</Data><Data Name="FileVersion">-</Data><Data Name="Description">-</Data><Data Name="Product">-</Data><Data Name="Company">-</Data><Data Name="OriginalFileName">-</Data><Data Name="CommandLine">gpg-connect-agent --no-autostart --keyboxd KILLKEYBOXD --homedir /tmp/apt-key-gpghome.29CXpCmt0h</Data><Data Name="CurrentDirectory">/home/vincenzolog/Auto_test</Data><Data Name="User">_apt</Data><Data Name="LogonGuid">{8b8a9dc4-0000-0000-2a00-000005000000}</Data><Data Name="LogonId">42</Data><Data Name="TerminalSessionId">3</Data><Data Name="IntegrityLevel">no level</Data><Data Name="Hashes">SHA256=7f51064f399016e6be442dad17feedbe45b3587267bc7365d8c6d7f482d9fc08</Data><Data Name="ParentProcessGuid">{8b8a9dc4-d51c-6964-c1e9-106fa95e0000}</Data><Data Name="ParentProcessId">266366</Data><Data Name="ParentImage">/usr/bin/gpgconf</Data><Data Name="ParentCommandLine">gpgconf</Data><Data Name="ParentUser">_apt</Data></EventData></Event>
Jan 13 15:54:30 vincenzolog-VMware-Virtual-Platform sysmon[5412]: <Event><System><Provider Name="Linux-Sysmon" Guid="{ff032593-a8d3-4f13-b0d6-01fc615a0f97}"/><EventID>5</EventID><Version>3</Version><Level>4</Level><Task>5</Task><Opcode>0</Opcode><Keywords>0x8000000000000000</Keywords><TimeCreated SystemTime="2026-01-13T08:54:30.640081000Z"/><EventRecordID>669961</EventRecordID><Correlation/><Execution ProcessID="5412" ThreadID="5412"/><Channel>Linux-Sysmon/Operational</Channel><Computer>vincenzolog-VMware-Virtual-Platform</Computer><Security UserId="0"/></System><EventData><Data Name="RuleName">-</Data><Data Name="UtcTime">2026-01-12 11:03:56.181</Data><Data Name="ProcessGuid">{8b8a9dc4-d51c-6964-4152-037c8a580000}</Data><Data Name="ProcessId">266370</Data><Data Name="Image">/usr/bin/gpg-connect-agent</Data><Data Name="User">_apt</Data></EventData></Event>
Jan 13 15:54:30 vincenzolog-VMware-Virtual-Platform sysmon[5412]: <Event><System><Provider Name="Linux-Sysmon" Guid="{ff032593-a8d3-4f13-b0d6-01fc615a0f97}"/><EventID>5</EventID><Version>3</Version><Level>4</Level><Task>5</Task><Opcode>0</Opcode><Keywords>0x8000000000000000</Keywords><TimeCreated SystemTime="2026-01-13T08:54:30.640378000Z"/><EventRecordID>669962</EventRecordID><Correlation/><Execution ProcessID="5412" ThreadID="5412"/><Channel>Linux-Sysmon/Operational</Channel><Computer>vincenzolog-VMware-Virtual-Platform</Computer><Security UserId="0"/></System><EventData><Data Name="RuleName">-</Data><Data Name="UtcTime">2026-01-12 11:03:56.181</Data><Data Name="ProcessGuid">{8b8a9dc4-d51c-6964-c1e9-106fa95e0000}</Data><Data Name="ProcessId">266366</Data><Data Name="Image">/usr/bin/gpgconf</Data><Data Name="User">_apt</Data></EventData></Event>
Jan 13 15:54:30 vincenzolog-VMware-Virtual-Platform sysmon[5412]: <Event><System><Provider Name="Linux-Sysmon" Guid="{ff032593-a8d3-4f13-b0d6-01fc615a0f97}"/><EventID>1</EventID><Version>5</Version><Level>4</Level><Task>1</Task><Opcode>0</Opcode><Keywords>0x8000000000000000</Keywords><TimeCreated SystemTime="2026-01-13T08:54:30.641011000Z"/><EventRecordID>669963</EventRecordID><Correlation/><Execution ProcessID="5412" ThreadID="5412"/><Channel>Linux-Sysmon/Operational</Channel><Computer>vincenzolog-VMware-Virtual-Platform</Computer><Security UserId="0"/></System><EventData><Data Name="RuleName">-</Data><Data Name="UtcTime">2026-01-12 11:03:56.181</Data><Data Name="ProcessGuid">{8b8a9dc4-d51c-6964-41da-07380d640000}</Data><Data Name="ProcessId">266371</Data><Data Name="Image">/usr/bin/rm</Data><Data Name="FileVersion">-</Data><Data Name="Description">-</Data><Data Name="Product">-</Data><Data Name="Company">-</Data><Data Name="OriginalFileName">-</Data><Data Name="CommandLine">rm -rf /tmp/apt-key-gpghome.29CXpCmt0h</Data><Data Name="CurrentDirectory">/home/vincenzolog/Auto_test</Data><Data Name="User">_apt</Data><Data Name="LogonGuid">{8b8a9dc4-0000-0000-2a00-000005000000}</Data><Data Name="LogonId">42</Data><Data Name="TerminalSessionId">3</Data><Data Name="IntegrityLevel">no level</Data><Data Name="Hashes">SHA256=8e3faaa5eb4a2a4d0e2788fe442bcac6d604be5a0c5a9f09d08f06e3a3fcf570</Data><Data Name="ParentProcessGuid">{8b8a9dc4-d51c-6964-1d88-633f28640000}</Data><Data Name="ParentProcessId">266340</Data><Data Name="ParentImage">/usr/bin/dash</Data><Data Name="ParentCommandLine">/bin/sh</Data><Data Name="ParentUser">_apt</Data></EventData></Event>
Jan 13 15:54:30 vincenzolog-VMware-Virtual-Platform sysmon[5412]: <Event><System><Provider Name="Linux-Sysmon" Guid="{ff032593-a8d3-4f13-b0d6-01fc615a0f97}"/><EventID>5</EventID><Version>3</Version><Level>4</Level><Task>5</Task><Opcode>0</Opcode><Keywords>0x8000000000000000</Keywords><TimeCreated SystemTime="2026-01-13T08:54:30.642151000Z"/><EventRecordID>669964</EventRecordID><Correlation/><Execution ProcessID="5412" ThreadID="5412"/><Channel>Linux-Sysmon/Operational</Channel><Computer>vincenzolog-VMware-Virtual-Platform</Computer><Security UserId="0"/></System><EventData><Data Name="RuleName">-</Data><Data Name="UtcTime">2026-01-12 11:03:56.183</Data><Data Name="ProcessGuid">{8b8a9dc4-d51c-6964-41da-07380d640000}</Data><Data Name="ProcessId">266371</Data><Data Name="Image">/usr/bin/rm</Data><Data Name="User">_apt</Data></EventData></Event>
Jan 13 15:54:30 vincenzolog-VMware-Virtual-Platform sysmon[5412]: <Event><System><Provider Name="Linux-Sysmon" Guid="{ff032593-a8d3-4f13-b0d6-01fc615a0f97}"/><EventID>5</EventID><Version>3</Version><Level>4</Level><Task>5</Task><Opcode>0</Opcode><Keywords>0x8000000000000000</Keywords><TimeCreated SystemTime="2026-01-13T08:54:30.642563000Z"/><EventRecordID>669965</EventRecordID><Correlation/><Execution ProcessID="5412" ThreadID="5412"/><Channel>Linux-Sysmon/Operational</Channel><Computer>vincenzolog-VMware-Virtual-Platform</Computer><Security UserId="0"/></System><EventData><Data Name="RuleName">-</Data><Data Name="UtcTime">2026-01-12 11:03:56.183</Data><Data Name="ProcessGuid">{8b8a9dc4-d51c-6964-1d88-633f28640000}</Data><Data Name="ProcessId">266340</Data><Data Name="Image">/usr/bin/dash</Data><Data Name="User">_apt</Data></EventData></Event>
Jan 13 15:54:30 vincenzolog-VMware-Virtual-Platform sysmon[5412]: <Event><System><Provider Name="Linux-Sysmon" Guid="{ff032593-a8d3-4f13-b0d6-01fc615a0f97}"/><EventID>5</EventID><Version>3</Version><Level>4</Level><Task>5</Task><Opcode>0</Opcode><Keywords>0x8000000000000000</Keywords><TimeCreated SystemTime="2026-01-13T08:54:30.643697000Z"/><EventRecordID>669966</EventRecordID><Correlation/><Execution ProcessID="5412" ThreadID="5412"/><Channel>Linux-Sysmon/Operational</Channel><Computer>vincenzolog-VMware-Virtual-Platform</Computer><Security UserId="0"/></System><EventData><Data Name="RuleName">-</Data><Data Name="UtcTime">2026-01-12 11:03:56.184</Data><Data Name="ProcessGuid">{8b8a9dc4-d51c-6964-0000-000000000000}</Data><Data Name="ProcessId">266339</Data><Data Name="Image">-</Data><Data Name="User">_apt</Data></EventData></Event>
Jan 13 15:54:30 vincenzolog-VMware-Virtual-Platform sysmon[5412]: <Event><System><Provider Name="Linux-Sysmon" Guid="{ff032593-a8d3-4f13-b0d6-01fc615a0f97}"/><EventID>1</EventID><Version>5</Version><Level>4</Level><Task>1</Task><Opcode>0</Opcode><Keywords>0x8000000000000000</Keywords><TimeCreated SystemTime="2026-01-13T08:54:30.655530000Z"/><EventRecordID>669967</EventRecordID><Correlation/><Execution ProcessID="5412" ThreadID="5412"/><Channel>Linux-Sysmon/Operational</Channel><Computer>vincenzolog-VMware-Virtual-Platform</Computer><Security UserId="0"/></System><EventData><Data Name="RuleName">-</Data><Data Name="UtcTime">2026-01-12 11:03:56.195</Data><Data Name="ProcessGuid">{8b8a9dc4-d51c-6964-1d68-c693e9620000}</Data><Data Name="ProcessId">266373</Data><Data Name="Image">/usr/bin/dash</Data><Data Name="FileVersion">-</Data><Data Name="Description">-</Data><Data Name="Product">-</Data><Data Name="Company">-</Data><Data Name="OriginalFileName">-</Data><Data Name="CommandLine">/bin/sh /usr/bin/apt-key --quiet --readonly --keyring /usr/share/keyrings/ubuntu-archive-keyring.gpg verify --status-fd 3 /tmp/apt.sig.YrjX5T /tmp/apt.data.yJQa77</Data><Data Name="CurrentDirectory">/home/vincenzolog/Auto_test</Data><Data Name="User">_apt</Data><Data Name="LogonGuid">{8b8a9dc4-0000-0000-2a00-000005000000}</Data><Data Name="LogonId">42</Data><Data Name="TerminalSessionId">3</Data><Data Name="IntegrityLevel">no level</Data><Data Name="Hashes">SHA256=86d31f6fb799e91fa21bad341484564510ca287703a16e9e46c53338776f4f42</Data><Data Name="ParentProcessGuid">{00000000-0000-0000-0000-000000000000}</Data><Data Name="ParentProcessId">266372</Data><Data Name="ParentImage">-</Data><Data Name="ParentCommandLine">-</Data><Data Name="ParentUser">-</Data></EventData></Event>
Jan 13 15:54:30 vincenzolog-VMware-Virtual-Platform sysmon[5412]: <Event><System><Provider Name="Linux-Sysmon" Guid="{ff032593-a8d3-4f13-b0d6-01fc615a0f97}"/><EventID>5</EventID><Version>3</Version><Level>4</Level><Task>5</Task><Opcode>0</Opcode><Keywords>0x8000000000000000</Keywords><TimeCreated SystemTime="2026-01-13T08:54:30.656856000Z"/><EventRecordID>669968</EventRecordID><Correlation/><Execution ProcessID="5412" ThreadID="5412"/><Channel>Linux-Sysmon/Operational</Channel><Computer>vincenzolog-VMware-Virtual-Platform</Computer><Security UserId="0"/></System><EventData><Data Name="RuleName">-</Data><Data Name="UtcTime">2026-01-12 11:03:56.197</Data><Data Name="ProcessGuid">{8b8a9dc4-d51c-6964-0000-000000000000}</Data><Data Name="ProcessId">266374</Data><Data Name="Image">-</Data><Data Name="User">_apt</Data></EventData></Event>
Jan 13 15:54:30 vincenzolog-VMware-Virtual-Platform sysmon[5412]: <Event><System><Provider Name="Linux-Sysmon" Guid="{ff032593-a8d3-4f13-b0d6-01fc615a0f97}"/><EventID>1</EventID><Version>5</Version><Level>4</Level><Task>1</Task><Opcode>0</Opcode><Keywords>0x8000000000000000</Keywords><TimeCreated SystemTime="2026-01-13T08:54:30.657655000Z"/><EventRecordID>669969</EventRecordID><Correlation/><Execution ProcessID="5412" ThreadID="5412"/><Channel>Linux-Sysmon/Operational</Channel><Computer>vincenzolog-VMware-Virtual-Platform</Computer><Security UserId="0"/></System><EventData><Data Name="RuleName">-</Data><Data Name="UtcTime">2026-01-12 11:03:56.198</Data><Data Name="ProcessGuid">{8b8a9dc4-d51c-6964-4510-59fba2580000}</Data><Data Name="ProcessId">266375</Data><Data Name="Image">/usr/bin/apt-config</Data><Data Name="FileVersion">-</Data><Data Name="Description">-</Data><Data Name="Product">-</Data><Data Name="Company">-</Data><Data Name="OriginalFileName">-</Data><Data Name="CommandLine">apt-config shell MASTER_KEYRING APT::Key::MasterKeyring</Data><Data Name="CurrentDirectory">/home/vincenzolog/Auto_test</Data><Data Name="User">_apt</Data><Data Name="LogonGuid">{8b8a9dc4-0000-0000-2a00-000005000000}</Data><Data Name="LogonId">42</Data><Data Name="TerminalSessionId">3</Data><Data Name="IntegrityLevel">no level</Data><Data Name="Hashes">SHA256=44ec8b9197670a2c12ed2c6b837dd623c23b641e8c491be03ccefc23dd0fba8c</Data><Data Name="ParentProcessGuid">{8b8a9dc4-d51c-6964-1d68-c693e9620000}</Data><Data Name="ParentProcessId">266373</Data><Data Name="ParentImage">/usr/bin/dash</Data><Data Name="ParentCommandLine">/bin/sh</Data><Data Name="ParentUser">_apt</Data></EventData></Event>
Jan 13 15:54:30 vincenzolog-VMware-Virtual-Platform sysmon[5412]: <Event><System><Provider Name="Linux-Sysmon" Guid="{ff032593-a8d3-4f13-b0d6-01fc615a0f97}"/><EventID>1</EventID><Version>5</Version><Level>4</Level><Task>1</Task><Opcode>0</Opcode><Keywords>0x8000000000000000</Keywords><TimeCreated SystemTime="2026-01-13T08:54:30.663288000Z"/><EventRecordID>669970</EventRecordID><Correlation/><Execution ProcessID="5412" ThreadID="5412"/><Channel>Linux-Sysmon/Operational</Channel><Computer>vincenzolog-VMware-Virtual-Platform</Computer><Security UserId="0"/></System><EventData><Data Name="RuleName">-</Data><Data Name="UtcTime">2026-01-12 11:03:56.203</Data><Data Name="ProcessGuid">{8b8a9dc4-d51c-6964-b1a4-d40fdc5e0000}</Data><Data Name="ProcessId">266376</Data><Data Name="Image">/usr/bin/dpkg</Data><Data Name="FileVersion">-</Data><Data Name="Description">-</Data><Data Name="Product">-</Data><Data Name="Company">-</Data><Data Name="OriginalFileName">-</Data><Data Name="CommandLine">/usr/bin/dpkg --print-foreign-architectures</Data><Data Name="CurrentDirectory">/home/vincenzolog/Auto_test</Data><Data Name="User">_apt</Data><Data Name="LogonGuid">{8b8a9dc4-0000-0000-2a00-000005000000}</Data><Data Name="LogonId">42</Data><Data Name="TerminalSessionId">3</Data><Data Name="IntegrityLevel">no level</Data><Data Name="Hashes">SHA256=052d7ffc6a813d0744e45b89ed2d9f4c6368b5ee9126aef1c7290d6cac38e287</Data><Data Name="ParentProcessGuid">{8b8a9dc4-d51c-6964-4510-59fba2580000}</Data><Data Name="ParentProcessId">266375</Data><Data Name="ParentImage">/usr/bin/apt-config</Data><Data Name="ParentCommandLine">apt-config</Data><Data Name="ParentUser">_apt</Data></EventData></Event>
Jan 13 15:54:30 vincenzolog-VMware-Virtual-Platform sysmon[5412]: <Event><System><Provider Name="Linux-Sysmon" Guid="{ff032593-a8d3-4f13-b0d6-01fc615a0f97}"/><EventID>5</EventID><Version>3</Version><Level>4</Level><Task>5</Task><Opcode>0</Opcode><Keywords>0x8000000000000000</Keywords><TimeCreated SystemTime="2026-01-13T08:54:30.664470000Z"/><EventRecordID>669971</EventRecordID><Correlation/><Execution ProcessID="5412" ThreadID="5412"/><Channel>Linux-Sysmon/Operational</Channel><Computer>vincenzolog-VMware-Virtual-Platform</Computer><Security UserId="0"/></System><EventData><Data Name="RuleName">-</Data><Data Name="UtcTime">2026-01-12 11:03:56.205</Data><Data Name="ProcessGuid">{8b8a9dc4-d51c-6964-b1a4-d40fdc5e0000}</Data><Data Name="ProcessId">266376</Data><Data Name="Image">/usr/bin/dpkg</Data><Data Name="User">_apt</Data></EventData></Event>
Jan 13 15:54:30 vincenzolog-VMware-Virtual-Platform sysmon[5412]: <Event><System><Provider Name="Linux-Sysmon" Guid="{ff032593-a8d3-4f13-b0d6-01fc615a0f97}"/><EventID>5</EventID><Version>3</Version><Level>4</Level><Task>5</Task><Opcode>0</Opcode><Keywords>0x8000000000000000</Keywords><TimeCreated SystemTime="2026-01-13T08:54:30.665217000Z"/><EventRecordID>669972</EventRecordID><Correlation/><Execution ProcessID="5412" ThreadID="5412"/><Channel>Linux-Sysmon/Operational</Channel><Computer>vincenzolog-VMware-Virtual-Platform</Computer><Security UserId="0"/></System><EventData><Data Name="RuleName">-</Data><Data Name="UtcTime">2026-01-12 11:03:56.206</Data><Data Name="ProcessGuid">{8b8a9dc4-d51c-6964-4510-59fba2580000}</Data><Data Name="ProcessId">266375</Data><Data Name="Image">/usr/bin/apt-config</Data><Data Name="User">_apt</Data></EventData></Event>
Jan 13 15:54:30 vincenzolog-VMware-Virtual-Platform sysmon[5412]: <Event><System><Provider Name="Linux-Sysmon" Guid="{ff032593-a8d3-4f13-b0d6-01fc615a0f97}"/><EventID>1</EventID><Version>5</Version><Level>4</Level><Task>1</Task><Opcode>0</Opcode><Keywords>0x8000000000000000</Keywords><TimeCreated SystemTime="2026-01-13T08:54:30.666008000Z"/><EventRecordID>669973</EventRecordID><Correlation/><Execution ProcessID="5412" ThreadID="5412"/><Channel>Linux-Sysmon/Operational</Channel><Computer>vincenzolog-VMware-Virtual-Platform</Computer><Security UserId="0"/></System><EventData><Data Name="RuleName">-</Data><Data Name="UtcTime">2026-01-12 11:03:56.206</Data><Data Name="ProcessGuid">{8b8a9dc4-d51c-6964-45a0-894550610000}</Data><Data Name="ProcessId">266377</Data><Data Name="Image">/usr/bin/apt-config</Data><Data Name="FileVersion">-</Data><Data Name="Description">-</Data><Data Name="Product">-</Data><Data Name="Company">-</Data><Data Name="OriginalFileName">-</Data><Data Name="CommandLine">apt-config shell ARCHIVE_KEYRING APT::Key::ArchiveKeyring</Data><Data Name="CurrentDirectory">/home/vincenzolog/Auto_test</Data><Data Name="User">_apt</Data><Data Name="LogonGuid">{8b8a9dc4-0000-0000-2a00-000005000000}</Data><Data Name="LogonId">42</Data><Data Name="TerminalSessionId">3</Data><Data Name="IntegrityLevel">no level</Data><Data Name="Hashes">SHA256=44ec8b9197670a2c12ed2c6b837dd623c23b641e8c491be03ccefc23dd0fba8c</Data><Data Name="ParentProcessGuid">{8b8a9dc4-d51c-6964-1d68-c693e9620000}</Data><Data Name="ParentProcessId">266373</Data><Data Name="ParentImage">/usr/bin/dash</Data><Data Name="ParentCommandLine">/bin/sh</Data><Data Name="ParentUser">_apt</Data></EventData></Event>
