Jan 13 15:53:29 vincenzolog-VMware-Virtual-Platform sysmon[5412]: <Event><System><Provider Name="Linux-Sysmon" Guid="{ff032593-a8d3-4f13-b0d6-01fc615a0f97}"/><EventID>5</EventID><Version>3</Version><Level>4</Level><Task>5</Task><Opcode>0</Opcode><Keywords>0x8000000000000000</Keywords><TimeCreated SystemTime="2026-01-13T08:53:29.647943000Z"/><EventRecordID>664146</EventRecordID><Correlation/><Execution ProcessID="5412" ThreadID="5412"/><Channel>Linux-Sysmon/Operational</Channel><Computer>vincenzolog-VMware-Virtual-Platform</Computer><Security UserId="0"/></System><EventData><Data Name="RuleName">-</Data><Data Name="UtcTime">2026-01-12 11:02:55.188</Data><Data Name="ProcessGuid">{8b8a9dc4-d4df-6964-4570-54aef95a0000}</Data><Data Name="ProcessId">263028</Data><Data Name="Image">/usr/bin/apt-config</Data><Data Name="User">root</Data></EventData></Event>
Jan 13 15:53:29 vincenzolog-VMware-Virtual-Platform sysmon[5412]: <Event><System><Provider Name="Linux-Sysmon" Guid="{ff032593-a8d3-4f13-b0d6-01fc615a0f97}"/><EventID>1</EventID><Version>5</Version><Level>4</Level><Task>1</Task><Opcode>0</Opcode><Keywords>0x8000000000000000</Keywords><TimeCreated SystemTime="2026-01-13T08:53:29.648904000Z"/><EventRecordID>664147</EventRecordID><Correlation/><Execution ProcessID="5412" ThreadID="5412"/><Channel>Linux-Sysmon/Operational</Channel><Computer>vincenzolog-VMware-Virtual-Platform</Computer><Security UserId="0"/></System><EventData><Data Name="RuleName">-</Data><Data Name="UtcTime">2026-01-12 11:02:55.189</Data><Data Name="ProcessGuid">{8b8a9dc4-d4df-6964-4550-84c6ef5e0000}</Data><Data Name="ProcessId">263030</Data><Data Name="Image">/usr/bin/apt-config</Data><Data Name="FileVersion">-</Data><Data Name="Description">-</Data><Data Name="Product">-</Data><Data Name="Company">-</Data><Data Name="OriginalFileName">-</Data><Data Name="CommandLine">apt-config shell EtcDir Dir::Etc</Data><Data Name="CurrentDirectory">/tmp</Data><Data Name="User">root</Data><Data Name="LogonGuid">{8b8a9dc4-0808-6966-0000-000005000000}</Data><Data Name="LogonId">0</Data><Data Name="TerminalSessionId">3</Data><Data Name="IntegrityLevel">no level</Data><Data Name="Hashes">SHA256=44ec8b9197670a2c12ed2c6b837dd623c23b641e8c491be03ccefc23dd0fba8c</Data><Data Name="ParentProcessGuid">{8b8a9dc4-d4df-6964-1d18-48d2e5640000}</Data><Data Name="ParentProcessId">263023</Data><Data Name="ParentImage">/usr/bin/dash</Data><Data Name="ParentCommandLine">/bin/sh</Data><Data Name="ParentUser">root</Data></EventData></Event>
Jan 13 15:53:29 vincenzolog-VMware-Virtual-Platform sysmon[5412]: <Event><System><Provider Name="Linux-Sysmon" Guid="{ff032593-a8d3-4f13-b0d6-01fc615a0f97}"/><EventID>1</EventID><Version>5</Version><Level>4</Level><Task>1</Task><Opcode>0</Opcode><Keywords>0x8000000000000000</Keywords><TimeCreated SystemTime="2026-01-13T08:53:29.654467000Z"/><EventRecordID>664148</EventRecordID><Correlation/><Execution ProcessID="5412" ThreadID="5412"/><Channel>Linux-Sysmon/Operational</Channel><Computer>vincenzolog-VMware-Virtual-Platform</Computer><Security UserId="0"/></System><EventData><Data Name="RuleName">-</Data><Data Name="UtcTime">2026-01-12 11:02:55.194</Data><Data Name="ProcessGuid">{8b8a9dc4-d4df-6964-b114-7fcd22640000}</Data><Data Name="ProcessId">263031</Data><Data Name="Image">/usr/bin/dpkg</Data><Data Name="FileVersion">-</Data><Data Name="Description">-</Data><Data Name="Product">-</Data><Data Name="Company">-</Data><Data Name="OriginalFileName">-</Data><Data Name="CommandLine">/usr/bin/dpkg --print-foreign-architectures</Data><Data Name="CurrentDirectory">/tmp</Data><Data Name="User">root</Data><Data Name="LogonGuid">{8b8a9dc4-0808-6966-0000-000005000000}</Data><Data Name="LogonId">0</Data><Data Name="TerminalSessionId">3</Data><Data Name="IntegrityLevel">no level</Data><Data Name="Hashes">SHA256=052d7ffc6a813d0744e45b89ed2d9f4c6368b5ee9126aef1c7290d6cac38e287</Data><Data Name="ParentProcessGuid">{8b8a9dc4-d4df-6964-4550-84c6ef5e0000}</Data><Data Name="ParentProcessId">263030</Data><Data Name="ParentImage">/usr/bin/apt-config</Data><Data Name="ParentCommandLine">apt-config</Data><Data Name="ParentUser">root</Data></EventData></Event>
Jan 13 15:53:29 vincenzolog-VMware-Virtual-Platform sysmon[5412]: <Event><System><Provider Name="Linux-Sysmon" Guid="{ff032593-a8d3-4f13-b0d6-01fc615a0f97}"/><EventID>5</EventID><Version>3</Version><Level>4</Level><Task>5</Task><Opcode>0</Opcode><Keywords>0x8000000000000000</Keywords><TimeCreated SystemTime="2026-01-13T08:53:29.655673000Z"/><EventRecordID>664149</EventRecordID><Correlation/><Execution ProcessID="5412" ThreadID="5412"/><Channel>Linux-Sysmon/Operational</Channel><Computer>vincenzolog-VMware-Virtual-Platform</Computer><Security UserId="0"/></System><EventData><Data Name="RuleName">-</Data><Data Name="UtcTime">2026-01-12 11:02:55.196</Data><Data Name="ProcessGuid">{8b8a9dc4-d4df-6964-b114-7fcd22640000}</Data><Data Name="ProcessId">263031</Data><Data Name="Image">/usr/bin/dpkg</Data><Data Name="User">root</Data></EventData></Event>
Jan 13 15:53:29 vincenzolog-VMware-Virtual-Platform sysmon[5412]: <Event><System><Provider Name="Linux-Sysmon" Guid="{ff032593-a8d3-4f13-b0d6-01fc615a0f97}"/><EventID>5</EventID><Version>3</Version><Level>4</Level><Task>5</Task><Opcode>0</Opcode><Keywords>0x8000000000000000</Keywords><TimeCreated SystemTime="2026-01-13T08:53:29.656502000Z"/><EventRecordID>664150</EventRecordID><Correlation/><Execution ProcessID="5412" ThreadID="5412"/><Channel>Linux-Sysmon/Operational</Channel><Computer>vincenzolog-VMware-Virtual-Platform</Computer><Security UserId="0"/></System><EventData><Data Name="RuleName">-</Data><Data Name="UtcTime">2026-01-12 11:02:55.197</Data><Data Name="ProcessGuid">{8b8a9dc4-d4df-6964-4550-84c6ef5e0000}</Data><Data Name="ProcessId">263030</Data><Data Name="Image">/usr/bin/apt-config</Data><Data Name="User">root</Data></EventData></Event>
Jan 13 15:53:29 vincenzolog-VMware-Virtual-Platform sysmon[5412]: <Event><System><Provider Name="Linux-Sysmon" Guid="{ff032593-a8d3-4f13-b0d6-01fc615a0f97}"/><EventID>1</EventID><Version>5</Version><Level>4</Level><Task>1</Task><Opcode>0</Opcode><Keywords>0x8000000000000000</Keywords><TimeCreated SystemTime="2026-01-13T08:53:29.657380000Z"/><EventRecordID>664151</EventRecordID><Correlation/><Execution ProcessID="5412" ThreadID="5412"/><Channel>Linux-Sysmon/Operational</Channel><Computer>vincenzolog-VMware-Virtual-Platform</Computer><Security UserId="0"/></System><EventData><Data Name="RuleName">-</Data><Data Name="UtcTime">2026-01-12 11:02:55.197</Data><Data Name="ProcessGuid">{8b8a9dc4-d4df-6964-45a0-b5f69f560000}</Data><Data Name="ProcessId">263032</Data><Data Name="Image">/usr/bin/apt-config</Data><Data Name="FileVersion">-</Data><Data Name="Description">-</Data><Data Name="Product">-</Data><Data Name="Company">-</Data><Data Name="OriginalFileName">-</Data><Data Name="CommandLine">apt-config shell SourceList Dir::Etc::sourcelist</Data><Data Name="CurrentDirectory">/tmp</Data><Data Name="User">root</Data><Data Name="LogonGuid">{8b8a9dc4-0808-6966-0000-000005000000}</Data><Data Name="LogonId">0</Data><Data Name="TerminalSessionId">3</Data><Data Name="IntegrityLevel">no level</Data><Data Name="Hashes">SHA256=44ec8b9197670a2c12ed2c6b837dd623c23b641e8c491be03ccefc23dd0fba8c</Data><Data Name="ParentProcessGuid">{8b8a9dc4-d4df-6964-1d18-48d2e5640000}</Data><Data Name="ParentProcessId">263023</Data><Data Name="ParentImage">/usr/bin/dash</Data><Data Name="ParentCommandLine">/bin/sh</Data><Data Name="ParentUser">root</Data></EventData></Event>
Jan 13 15:53:29 vincenzolog-VMware-Virtual-Platform sysmon[5412]: <Event><System><Provider Name="Linux-Sysmon" Guid="{ff032593-a8d3-4f13-b0d6-01fc615a0f97}"/><EventID>1</EventID><Version>5</Version><Level>4</Level><Task>1</Task><Opcode>0</Opcode><Keywords>0x8000000000000000</Keywords><TimeCreated SystemTime="2026-01-13T08:53:29.663030000Z"/><EventRecordID>664152</EventRecordID><Correlation/><Execution ProcessID="5412" ThreadID="5412"/><Channel>Linux-Sysmon/Operational</Channel><Computer>vincenzolog-VMware-Virtual-Platform</Computer><Security UserId="0"/></System><EventData><Data Name="RuleName">-</Data><Data Name="UtcTime">2026-01-12 11:02:55.202</Data><Data Name="ProcessGuid">{8b8a9dc4-d4df-6964-b1c4-2cb8ec590000}</Data><Data Name="ProcessId">263033</Data><Data Name="Image">/usr/bin/dpkg</Data><Data Name="FileVersion">-</Data><Data Name="Description">-</Data><Data Name="Product">-</Data><Data Name="Company">-</Data><Data Name="OriginalFileName">-</Data><Data Name="CommandLine">/usr/bin/dpkg --print-foreign-architectures</Data><Data Name="CurrentDirectory">/tmp</Data><Data Name="User">root</Data><Data Name="LogonGuid">{8b8a9dc4-0808-6966-0000-000005000000}</Data><Data Name="LogonId">0</Data><Data Name="TerminalSessionId">3</Data><Data Name="IntegrityLevel">no level</Data><Data Name="Hashes">SHA256=052d7ffc6a813d0744e45b89ed2d9f4c6368b5ee9126aef1c7290d6cac38e287</Data><Data Name="ParentProcessGuid">{8b8a9dc4-d4df-6964-45a0-b5f69f560000}</Data><Data Name="ParentProcessId">263032</Data><Data Name="ParentImage">/usr/bin/apt-config</Data><Data Name="ParentCommandLine">apt-config</Data><Data Name="ParentUser">root</Data></EventData></Event>
Jan 13 15:53:29 vincenzolog-VMware-Virtual-Platform sysmon[5412]: <Event><System><Provider Name="Linux-Sysmon" Guid="{ff032593-a8d3-4f13-b0d6-01fc615a0f97}"/><EventID>5</EventID><Version>3</Version><Level>4</Level><Task>5</Task><Opcode>0</Opcode><Keywords>0x8000000000000000</Keywords><TimeCreated SystemTime="2026-01-13T08:53:29.664279000Z"/><EventRecordID>664153</EventRecordID><Correlation/><Execution ProcessID="5412" ThreadID="5412"/><Channel>Linux-Sysmon/Operational</Channel><Computer>vincenzolog-VMware-Virtual-Platform</Computer><Security UserId="0"/></System><EventData><Data Name="RuleName">-</Data><Data Name="UtcTime">2026-01-12 11:02:55.205</Data><Data Name="ProcessGuid">{8b8a9dc4-d4df-6964-b1c4-2cb8ec590000}</Data><Data Name="ProcessId">263033</Data><Data Name="Image">/usr/bin/dpkg</Data><Data Name="User">root</Data></EventData></Event>
Jan 13 15:53:29 vincenzolog-VMware-Virtual-Platform sysmon[5412]: <Event><System><Provider Name="Linux-Sysmon" Guid="{ff032593-a8d3-4f13-b0d6-01fc615a0f97}"/><EventID>5</EventID><Version>3</Version><Level>4</Level><Task>5</Task><Opcode>0</Opcode><Keywords>0x8000000000000000</Keywords><TimeCreated SystemTime="2026-01-13T08:53:29.665084000Z"/><EventRecordID>664154</EventRecordID><Correlation/><Execution ProcessID="5412" ThreadID="5412"/><Channel>Linux-Sysmon/Operational</Channel><Computer>vincenzolog-VMware-Virtual-Platform</Computer><Security UserId="0"/></System><EventData><Data Name="RuleName">-</Data><Data Name="UtcTime">2026-01-12 11:02:55.205</Data><Data Name="ProcessGuid">{8b8a9dc4-d4df-6964-45a0-b5f69f560000}</Data><Data Name="ProcessId">263032</Data><Data Name="Image">/usr/bin/apt-config</Data><Data Name="User">root</Data></EventData></Event>
Jan 13 15:53:29 vincenzolog-VMware-Virtual-Platform sysmon[5412]: <Event><System><Provider Name="Linux-Sysmon" Guid="{ff032593-a8d3-4f13-b0d6-01fc615a0f97}"/><EventID>1</EventID><Version>5</Version><Level>4</Level><Task>1</Task><Opcode>0</Opcode><Keywords>0x8000000000000000</Keywords><TimeCreated SystemTime="2026-01-13T08:53:29.666230000Z"/><EventRecordID>664155</EventRecordID><Correlation/><Execution ProcessID="5412" ThreadID="5412"/><Channel>Linux-Sysmon/Operational</Channel><Computer>vincenzolog-VMware-Virtual-Platform</Computer><Security UserId="0"/></System><EventData><Data Name="RuleName">-</Data><Data Name="UtcTime">2026-01-12 11:02:55.206</Data><Data Name="ProcessGuid">{8b8a9dc4-d4df-6964-c13c-89aed25d0000}</Data><Data Name="ProcessId">263034</Data><Data Name="Image">/usr/bin/find</Data><Data Name="FileVersion">-</Data><Data Name="Description">-</Data><Data Name="Product">-</Data><Data Name="Company">-</Data><Data Name="OriginalFileName">-</Data><Data Name="CommandLine">find /var/lib/apt/lists/ /etc/apt/sources.list //var/lib/dpkg/status -type f -newer /var/lib/update-notifier/updates-available -print -quit</Data><Data Name="CurrentDirectory">/tmp</Data><Data Name="User">root</Data><Data Name="LogonGuid">{8b8a9dc4-0808-6966-0000-000005000000}</Data><Data Name="LogonId">0</Data><Data Name="TerminalSessionId">3</Data><Data Name="IntegrityLevel">no level</Data><Data Name="Hashes">SHA256=ac1ea1c5391de921aca1572f1bf25d03707beb3887b27c16a5b4948fd553941b</Data><Data Name="ParentProcessGuid">{8b8a9dc4-d4df-6964-1d18-48d2e5640000}</Data><Data Name="ParentProcessId">263023</Data><Data Name="ParentImage">/usr/bin/dash</Data><Data Name="ParentCommandLine">/bin/sh</Data><Data Name="ParentUser">root</Data></EventData></Event>
Jan 13 15:53:29 vincenzolog-VMware-Virtual-Platform sysmon[5412]: <Event><System><Provider Name="Linux-Sysmon" Guid="{ff032593-a8d3-4f13-b0d6-01fc615a0f97}"/><EventID>5</EventID><Version>3</Version><Level>4</Level><Task>5</Task><Opcode>0</Opcode><Keywords>0x8000000000000000</Keywords><TimeCreated SystemTime="2026-01-13T08:53:29.668072000Z"/><EventRecordID>664156</EventRecordID><Correlation/><Execution ProcessID="5412" ThreadID="5412"/><Channel>Linux-Sysmon/Operational</Channel><Computer>vincenzolog-VMware-Virtual-Platform</Computer><Security UserId="0"/></System><EventData><Data Name="RuleName">-</Data><Data Name="UtcTime">2026-01-12 11:02:55.209</Data><Data Name="ProcessGuid">{8b8a9dc4-d4df-6964-c13c-89aed25d0000}</Data><Data Name="ProcessId">263034</Data><Data Name="Image">/usr/bin/find</Data><Data Name="User">root</Data></EventData></Event>
Jan 13 15:53:29 vincenzolog-VMware-Virtual-Platform sysmon[5412]: <Event><System><Provider Name="Linux-Sysmon" Guid="{ff032593-a8d3-4f13-b0d6-01fc615a0f97}"/><EventID>1</EventID><Version>5</Version><Level>4</Level><Task>1</Task><Opcode>0</Opcode><Keywords>0x8000000000000000</Keywords><TimeCreated SystemTime="2026-01-13T08:53:29.669153000Z"/><EventRecordID>664157</EventRecordID><Correlation/><Execution ProcessID="5412" ThreadID="5412"/><Channel>Linux-Sysmon/Operational</Channel><Computer>vincenzolog-VMware-Virtual-Platform</Computer><Security UserId="0"/></System><EventData><Data Name="RuleName">-</Data><Data Name="UtcTime">2026-01-12 11:02:55.209</Data><Data Name="ProcessGuid">{8b8a9dc4-d4df-6964-21d1-c538c7570000}</Data><Data Name="ProcessId">263036</Data><Data Name="Image">/usr/bin/dirname</Data><Data Name="FileVersion">-</Data><Data Name="Description">-</Data><Data Name="Product">-</Data><Data Name="Company">-</Data><Data Name="OriginalFileName">-</Data><Data Name="CommandLine">dirname /var/lib/update-notifier/updates-available</Data><Data Name="CurrentDirectory">/tmp</Data><Data Name="User">root</Data><Data Name="LogonGuid">{8b8a9dc4-0808-6966-0000-000005000000}</Data><Data Name="LogonId">0</Data><Data Name="TerminalSessionId">3</Data><Data Name="IntegrityLevel">no level</Data><Data Name="Hashes">SHA256=a4971d130c32ab627ced7aae414fe32304159b31df2c86ace516eef795e91a14</Data><Data Name="ParentProcessGuid">{00000000-0000-0000-0000-000000000000}</Data><Data Name="ParentProcessId">263035</Data><Data Name="ParentImage">-</Data><Data Name="ParentCommandLine">-</Data><Data Name="ParentUser">-</Data></EventData></Event>
Jan 13 15:53:29 vincenzolog-VMware-Virtual-Platform sysmon[5412]: <Event><System><Provider Name="Linux-Sysmon" Guid="{ff032593-a8d3-4f13-b0d6-01fc615a0f97}"/><EventID>5</EventID><Version>3</Version><Level>4</Level><Task>5</Task><Opcode>0</Opcode><Keywords>0x8000000000000000</Keywords><TimeCreated SystemTime="2026-01-13T08:53:29.670340000Z"/><EventRecordID>664158</EventRecordID><Correlation/><Execution ProcessID="5412" ThreadID="5412"/><Channel>Linux-Sysmon/Operational</Channel><Computer>vincenzolog-VMware-Virtual-Platform</Computer><Security UserId="0"/></System><EventData><Data Name="RuleName">-</Data><Data Name="UtcTime">2026-01-12 11:02:55.211</Data><Data Name="ProcessGuid">{8b8a9dc4-d4df-6964-21d1-c538c7570000}</Data><Data Name="ProcessId">263036</Data><Data Name="Image">/usr/bin/dirname</Data><Data Name="User">root</Data></EventData></Event>
Jan 13 15:53:29 vincenzolog-VMware-Virtual-Platform sysmon[5412]: <Event><System><Provider Name="Linux-Sysmon" Guid="{ff032593-a8d3-4f13-b0d6-01fc615a0f97}"/><EventID>1</EventID><Version>5</Version><Level>4</Level><Task>1</Task><Opcode>0</Opcode><Keywords>0x8000000000000000</Keywords><TimeCreated SystemTime="2026-01-13T08:53:29.670928000Z"/><EventRecordID>664159</EventRecordID><Correlation/><Execution ProcessID="5412" ThreadID="5412"/><Channel>Linux-Sysmon/Operational</Channel><Computer>vincenzolog-VMware-Virtual-Platform</Computer><Security UserId="0"/></System><EventData><Data Name="RuleName">-</Data><Data Name="UtcTime">2026-01-12 11:02:55.209</Data><Data Name="ProcessGuid">{8b8a9dc4-d4df-6964-61ae-cd0eca5e0000}</Data><Data Name="ProcessId">263035</Data><Data Name="Image">/usr/bin/mktemp</Data><Data Name="FileVersion">-</Data><Data Name="Description">-</Data><Data Name="Product">-</Data><Data Name="Company">-</Data><Data Name="OriginalFileName">-</Data><Data Name="CommandLine">mktemp -p /var/lib/update-notifier</Data><Data Name="CurrentDirectory">/tmp</Data><Data Name="User">root</Data><Data Name="LogonGuid">{8b8a9dc4-0808-6966-0000-000005000000}</Data><Data Name="LogonId">0</Data><Data Name="TerminalSessionId">3</Data><Data Name="IntegrityLevel">no level</Data><Data Name="Hashes">SHA256=f580f6b40b1c1c8f515fa45ac794ea784fea5370d17888339c1cd9b7213d5589</Data><Data Name="ParentProcessGuid">{8b8a9dc4-d4df-6964-1d18-48d2e5640000}</Data><Data Name="ParentProcessId">263023</Data><Data Name="ParentImage">/usr/bin/dash</Data><Data Name="ParentCommandLine">/bin/sh</Data><Data Name="ParentUser">root</Data></EventData></Event>
Jan 13 15:53:29 vincenzolog-VMware-Virtual-Platform sysmon[5412]: <Event><System><Provider Name="Linux-Sysmon" Guid="{ff032593-a8d3-4f13-b0d6-01fc615a0f97}"/><EventID>5</EventID><Version>3</Version><Level>4</Level><Task>5</Task><Opcode>0</Opcode><Keywords>0x8000000000000000</Keywords><TimeCreated SystemTime="2026-01-13T08:53:29.672105000Z"/><EventRecordID>664160</EventRecordID><Correlation/><Execution ProcessID="5412" ThreadID="5412"/><Channel>Linux-Sysmon/Operational</Channel><Computer>vincenzolog-VMware-Virtual-Platform</Computer><Security UserId="0"/></System><EventData><Data Name="RuleName">-</Data><Data Name="UtcTime">2026-01-12 11:02:55.213</Data><Data Name="ProcessGuid">{8b8a9dc4-d4df-6964-61ae-cd0eca5e0000}</Data><Data Name="ProcessId">263035</Data><Data Name="Image">/usr/bin/mktemp</Data><Data Name="User">root</Data></EventData></Event>
Jan 13 15:53:29 vincenzolog-VMware-Virtual-Platform sysmon[5412]: <Event><System><Provider Name="Linux-Sysmon" Guid="{ff032593-a8d3-4f13-b0d6-01fc615a0f97}"/><EventID>1</EventID><Version>5</Version><Level>4</Level><Task>1</Task><Opcode>0</Opcode><Keywords>0x8000000000000000</Keywords><TimeCreated SystemTime="2026-01-13T08:53:29.672815000Z"/><EventRecordID>664161</EventRecordID><Correlation/><Execution ProcessID="5412" ThreadID="5412"/><Channel>Linux-Sysmon/Operational</Channel><Computer>vincenzolog-VMware-Virtual-Platform</Computer><Security UserId="0"/></System><EventData><Data Name="RuleName">-</Data><Data Name="UtcTime">2026-01-12 11:02:55.213</Data><Data Name="ProcessGuid">{8b8a9dc4-d4df-6964-41da-c83dcb570000}</Data><Data Name="ProcessId">263037</Data><Data Name="Image">/usr/bin/rm</Data><Data Name="FileVersion">-</Data><Data Name="Description">-</Data><Data Name="Product">-</Data><Data Name="Company">-</Data><Data Name="OriginalFileName">-</Data><Data Name="CommandLine">rm -f /var/lib/update-notifier/tmp.ahOP9FAn4R</Data><Data Name="CurrentDirectory">/tmp</Data><Data Name="User">root</Data><Data Name="LogonGuid">{8b8a9dc4-0808-6966-0000-000005000000}</Data><Data Name="LogonId">0</Data><Data Name="TerminalSessionId">3</Data><Data Name="IntegrityLevel">no level</Data><Data Name="Hashes">SHA256=8e3faaa5eb4a2a4d0e2788fe442bcac6d604be5a0c5a9f09d08f06e3a3fcf570</Data><Data Name="ParentProcessGuid">{8b8a9dc4-d4df-6964-1d18-48d2e5640000}</Data><Data Name="ParentProcessId">263023</Data><Data Name="ParentImage">/usr/bin/dash</Data><Data Name="ParentCommandLine">/bin/sh</Data><Data Name="ParentUser">root</Data></EventData></Event>
Jan 13 15:53:29 vincenzolog-VMware-Virtual-Platform sysmon[5412]: <Event><System><Provider Name="Linux-Sysmon" Guid="{ff032593-a8d3-4f13-b0d6-01fc615a0f97}"/><EventID>5</EventID><Version>3</Version><Level>4</Level><Task>5</Task><Opcode>0</Opcode><Keywords>0x8000000000000000</Keywords><TimeCreated SystemTime="2026-01-13T08:53:29.673850000Z"/><EventRecordID>664162</EventRecordID><Correlation/><Execution ProcessID="5412" ThreadID="5412"/><Channel>Linux-Sysmon/Operational</Channel><Computer>vincenzolog-VMware-Virtual-Platform</Computer><Security UserId="0"/></System><EventData><Data Name="RuleName">-</Data><Data Name="UtcTime">2026-01-12 11:02:55.214</Data><Data Name="ProcessGuid">{8b8a9dc4-d4df-6964-41da-c83dcb570000}</Data><Data Name="ProcessId">263037</Data><Data Name="Image">/usr/bin/rm</Data><Data Name="User">root</Data></EventData></Event>
Jan 13 15:53:29 vincenzolog-VMware-Virtual-Platform sysmon[5412]: <Event><System><Provider Name="Linux-Sysmon" Guid="{ff032593-a8d3-4f13-b0d6-01fc615a0f97}"/><EventID>5</EventID><Version>3</Version><Level>4</Level><Task>5</Task><Opcode>0</Opcode><Keywords>0x8000000000000000</Keywords><TimeCreated SystemTime="2026-01-13T08:53:29.674285000Z"/><EventRecordID>664163</EventRecordID><Correlation/><Execution ProcessID="5412" ThreadID="5412"/><Channel>Linux-Sysmon/Operational</Channel><Computer>vincenzolog-VMware-Virtual-Platform</Computer><Security UserId="0"/></System><EventData><Data Name="RuleName">-</Data><Data Name="UtcTime">2026-01-12 11:02:55.215</Data><Data Name="ProcessGuid">{8b8a9dc4-d4df-6964-1d18-48d2e5640000}</Data><Data Name="ProcessId">263023</Data><Data Name="Image">/usr/bin/dash</Data><Data Name="User">root</Data></EventData></Event>
Jan 13 15:53:29 vincenzolog-VMware-Virtual-Platform sysmon[5412]: <Event><System><Provider Name="Linux-Sysmon" Guid="{ff032593-a8d3-4f13-b0d6-01fc615a0f97}"/><EventID>5</EventID><Version>3</Version><Level>4</Level><Task>5</Task><Opcode>0</Opcode><Keywords>0x8000000000000000</Keywords><TimeCreated SystemTime="2026-01-13T08:53:29.674548000Z"/><EventRecordID>664164</EventRecordID><Correlation/><Execution ProcessID="5412" ThreadID="5412"/><Channel>Linux-Sysmon/Operational</Channel><Computer>vincenzolog-VMware-Virtual-Platform</Computer><Security UserId="0"/></System><EventData><Data Name="RuleName">-</Data><Data Name="UtcTime">2026-01-12 11:02:55.215</Data><Data Name="ProcessGuid">{8b8a9dc4-d4df-6964-1df8-0e3e83600000}</Data><Data Name="ProcessId">263022</Data><Data Name="Image">/usr/bin/dash</Data><Data Name="User">root</Data></EventData></Event>
Jan 13 15:53:29 vincenzolog-VMware-Virtual-Platform sysmon[5412]: <Event><System><Provider Name="Linux-Sysmon" Guid="{ff032593-a8d3-4f13-b0d6-01fc615a0f97}"/><EventID>5</EventID><Version>3</Version><Level>4</Level><Task>5</Task><Opcode>0</Opcode><Keywords>0x8000000000000000</Keywords><TimeCreated SystemTime="2026-01-13T08:53:29.675274000Z"/><EventRecordID>664165</EventRecordID><Correlation/><Execution ProcessID="5412" ThreadID="5412"/><Channel>Linux-Sysmon/Operational</Channel><Computer>vincenzolog-VMware-Virtual-Platform</Computer><Security UserId="0"/></System><EventData><Data Name="RuleName">-</Data><Data Name="UtcTime">2026-01-12 11:02:55.216</Data><Data Name="ProcessGuid">{8b8a9dc4-d4df-6964-0000-000000000000}</Data><Data Name="ProcessId">263002</Data><Data Name="Image">-</Data><Data Name="User">root</Data></EventData></Event>
Jan 13 15:53:29 vincenzolog-VMware-Virtual-Platform sysmon[5412]: <Event><System><Provider Name="Linux-Sysmon" Guid="{ff032593-a8d3-4f13-b0d6-01fc615a0f97}"/><EventID>1</EventID><Version>5</Version><Level>4</Level><Task>1</Task><Opcode>0</Opcode><Keywords>0x8000000000000000</Keywords><TimeCreated SystemTime="2026-01-13T08:53:29.704406000Z"/><EventRecordID>664166</EventRecordID><Correlation/><Execution ProcessID="5412" ThreadID="5412"/><Channel>Linux-Sysmon/Operational</Channel><Computer>vincenzolog-VMware-Virtual-Platform</Computer><Security UserId="0"/></System><EventData><Data Name="RuleName">-</Data><Data Name="UtcTime">2026-01-12 11:02:55.244</Data><Data Name="ProcessGuid">{8b8a9dc4-d4df-6964-b194-0f818b550000}</Data><Data Name="ProcessId">263038</Data><Data Name="Image">/usr/bin/dpkg</Data><Data Name="FileVersion">-</Data><Data Name="Description">-</Data><Data Name="Product">-</Data><Data Name="Company">-</Data><Data Name="OriginalFileName">-</Data><Data Name="CommandLine">/usr/bin/dpkg --print-foreign-architectures</Data><Data Name="CurrentDirectory">/home/vincenzolog/Auto_test</Data><Data Name="User">root</Data><Data Name="LogonGuid">{8b8a9dc4-0808-6966-0000-000005000000}</Data><Data Name="LogonId">0</Data><Data Name="TerminalSessionId">3</Data><Data Name="IntegrityLevel">no level</Data><Data Name="Hashes">SHA256=052d7ffc6a813d0744e45b89ed2d9f4c6368b5ee9126aef1c7290d6cac38e287</Data><Data Name="ParentProcessGuid">{8b8a9dc4-d4dd-6964-a5ab-03fedd5f0000}</Data><Data Name="ParentProcessId">262734</Data><Data Name="ParentImage">/usr/bin/apt</Data><Data Name="ParentCommandLine">apt</Data><Data Name="ParentUser">root</Data></EventData></Event>
Jan 13 15:53:29 vincenzolog-VMware-Virtual-Platform sysmon[5412]: <Event><System><Provider Name="Linux-Sysmon" Guid="{ff032593-a8d3-4f13-b0d6-01fc615a0f97}"/><EventID>5</EventID><Version>3</Version><Level>4</Level><Task>5</Task><Opcode>0</Opcode><Keywords>0x8000000000000000</Keywords><TimeCreated SystemTime="2026-01-13T08:53:29.705755000Z"/><EventRecordID>664167</EventRecordID><Correlation/><Execution ProcessID="5412" ThreadID="5412"/><Channel>Linux-Sysmon/Operational</Channel><Computer>vincenzolog-VMware-Virtual-Platform</Computer><Security UserId="0"/></System><EventData><Data Name="RuleName">-</Data><Data Name="UtcTime">2026-01-12 11:02:55.246</Data><Data Name="ProcessGuid">{8b8a9dc4-d4df-6964-b194-0f818b550000}</Data><Data Name="ProcessId">263038</Data><Data Name="Image">/usr/bin/dpkg</Data><Data Name="User">root</Data></EventData></Event>
Jan 13 15:53:29 vincenzolog-VMware-Virtual-Platform sysmon[5412]: <Event><System><Provider Name="Linux-Sysmon" Guid="{ff032593-a8d3-4f13-b0d6-01fc615a0f97}"/><EventID>1</EventID><Version>5</Version><Level>4</Level><Task>1</Task><Opcode>0</Opcode><Keywords>0x8000000000000000</Keywords><TimeCreated SystemTime="2026-01-13T08:53:29.719810000Z"/><EventRecordID>664168</EventRecordID><Correlation/><Execution ProcessID="5412" ThreadID="5412"/><Channel>Linux-Sysmon/Operational</Channel><Computer>vincenzolog-VMware-Virtual-Platform</Computer><Security UserId="0"/></System><EventData><Data Name="RuleName">-</Data><Data Name="UtcTime">2026-01-12 11:02:55.259</Data><Data Name="ProcessGuid">{8b8a9dc4-d4df-6964-d110-31780c630000}</Data><Data Name="ProcessId">263039</Data><Data Name="Image">/usr/lib/apt/methods/gpgv</Data><Data Name="FileVersion">-</Data><Data Name="Description">-</Data><Data Name="Product">-</Data><Data Name="Company">-</Data><Data Name="OriginalFileName">-</Data><Data Name="CommandLine">/usr/lib/apt/methods/gpgv</Data><Data Name="CurrentDirectory">/</Data><Data Name="User">root</Data><Data Name="LogonGuid">{8b8a9dc4-0000-0000-0000-000000000000}</Data><Data Name="LogonId">0</Data><Data Name="TerminalSessionId">4294967295</Data><Data Name="IntegrityLevel">no level</Data><Data Name="Hashes">SHA256=52201cea3a61b3f0e8368687ce46391c482cd0c52cbea10dbbcf2cb04de56e63</Data><Data Name="ParentProcessGuid">{8b8a9dc4-d4de-6964-a9b3-6ca08e5f0000}</Data><Data Name="ParentProcessId">262752</Data><Data Name="ParentImage">/usr/lib/systemd/systemd-executor</Data><Data Name="ParentCommandLine">/usr/lib/systemd/systemd-executor</Data><Data Name="ParentUser">root</Data></EventData></Event>
Jan 13 15:53:29 vincenzolog-VMware-Virtual-Platform sysmon[5412]: <Event><System><Provider Name="Linux-Sysmon" Guid="{ff032593-a8d3-4f13-b0d6-01fc615a0f97}"/><EventID>5</EventID><Version>3</Version><Level>4</Level><Task>5</Task><Opcode>0</Opcode><Keywords>0x8000000000000000</Keywords><TimeCreated SystemTime="2026-01-13T08:53:29.723808000Z"/><EventRecordID>664169</EventRecordID><Correlation/><Execution ProcessID="5412" ThreadID="5412"/><Channel>Linux-Sysmon/Operational</Channel><Computer>vincenzolog-VMware-Virtual-Platform</Computer><Security UserId="0"/></System><EventData><Data Name="RuleName">-</Data><Data Name="UtcTime">2026-01-12 11:02:55.264</Data><Data Name="ProcessGuid">{8b8a9dc4-d4df-6964-d110-31780c630000}</Data><Data Name="ProcessId">263039</Data><Data Name="Image">/usr/lib/apt/methods/gpgv</Data><Data Name="User">root</Data></EventData></Event>
Jan 13 15:53:29 vincenzolog-VMware-Virtual-Platform sysmon[5412]: <Event><System><Provider Name="Linux-Sysmon" Guid="{ff032593-a8d3-4f13-b0d6-01fc615a0f97}"/><EventID>1</EventID><Version>5</Version><Level>4</Level><Task>1</Task><Opcode>0</Opcode><Keywords>0x8000000000000000</Keywords><TimeCreated SystemTime="2026-01-13T08:53:29.725984000Z"/><EventRecordID>664170</EventRecordID><Correlation/><Execution ProcessID="5412" ThreadID="5412"/><Channel>Linux-Sysmon/Operational</Channel><Computer>vincenzolog-VMware-Virtual-Platform</Computer><Security UserId="0"/></System><EventData><Data Name="RuleName">-</Data><Data Name="UtcTime">2026-01-12 11:02:55.265</Data><Data Name="ProcessGuid">{8b8a9dc4-d4df-6964-d1f0-71809f5d0000}</Data><Data Name="ProcessId">263040</Data><Data Name="Image">/usr/lib/apt/methods/gpgv</Data><Data Name="FileVersion">-</Data><Data Name="Description">-</Data><Data Name="Product">-</Data><Data Name="Company">-</Data><Data Name="OriginalFileName">-</Data><Data Name="CommandLine">/usr/lib/apt/methods/gpgv</Data><Data Name="CurrentDirectory">/</Data><Data Name="User">root</Data><Data Name="LogonGuid">{8b8a9dc4-0000-0000-0000-000000000000}</Data><Data Name="LogonId">0</Data><Data Name="TerminalSessionId">4294967295</Data><Data Name="IntegrityLevel">no level</Data><Data Name="Hashes">SHA256=52201cea3a61b3f0e8368687ce46391c482cd0c52cbea10dbbcf2cb04de56e63</Data><Data Name="ParentProcessGuid">{8b8a9dc4-d4de-6964-a9b3-6ca08e5f0000}</Data><Data Name="ParentProcessId">262752</Data><Data Name="ParentImage">/usr/lib/systemd/systemd-executor</Data><Data Name="ParentCommandLine">/usr/lib/systemd/systemd-executor</Data><Data Name="ParentUser">root</Data></EventData></Event>
Jan 13 15:53:29 vincenzolog-VMware-Virtual-Platform sysmon[5412]: <Event><System><Provider Name="Linux-Sysmon" Guid="{ff032593-a8d3-4f13-b0d6-01fc615a0f97}"/><EventID>1</EventID><Version>5</Version><Level>4</Level><Task>1</Task><Opcode>0</Opcode><Keywords>0x8000000000000000</Keywords><TimeCreated SystemTime="2026-01-13T08:53:29.733014000Z"/><EventRecordID>664171</EventRecordID><Correlation/><Execution ProcessID="5412" ThreadID="5412"/><Channel>Linux-Sysmon/Operational</Channel><Computer>vincenzolog-VMware-Virtual-Platform</Computer><Security UserId="0"/></System><EventData><Data Name="RuleName">-</Data><Data Name="UtcTime">2026-01-12 11:02:55.273</Data><Data Name="ProcessGuid">{8b8a9dc4-d4df-6964-1db8-e1ba2f580000}</Data><Data Name="ProcessId">263042</Data><Data Name="Image">/usr/bin/dash</Data><Data Name="FileVersion">-</Data><Data Name="Description">-</Data><Data Name="Product">-</Data><Data Name="Company">-</Data><Data Name="OriginalFileName">-</Data><Data Name="CommandLine">/bin/sh /usr/bin/apt-key --quiet --readonly --keyring /usr/share/keyrings/ubuntu-pro-esm-apps.gpg verify --status-fd 3 /tmp/apt.sig.3W3je4 /tmp/apt.data.Yuzp4P</Data><Data Name="CurrentDirectory">/</Data><Data Name="User">_apt</Data><Data Name="LogonGuid">{8b8a9dc4-0000-0000-2a00-000000000000}</Data><Data Name="LogonId">42</Data><Data Name="TerminalSessionId">4294967295</Data><Data Name="IntegrityLevel">no level</Data><Data Name="Hashes">SHA256=86d31f6fb799e91fa21bad341484564510ca287703a16e9e46c53338776f4f42</Data><Data Name="ParentProcessGuid">{00000000-0000-0000-0000-000000000000}</Data><Data Name="ParentProcessId">263041</Data><Data Name="ParentImage">-</Data><Data Name="ParentCommandLine">-</Data><Data Name="ParentUser">-</Data></EventData></Event>
Jan 13 15:53:29 vincenzolog-VMware-Virtual-Platform sysmon[5412]: <Event><System><Provider Name="Linux-Sysmon" Guid="{ff032593-a8d3-4f13-b0d6-01fc615a0f97}"/><EventID>5</EventID><Version>3</Version><Level>4</Level><Task>5</Task><Opcode>0</Opcode><Keywords>0x8000000000000000</Keywords><TimeCreated SystemTime="2026-01-13T08:53:29.734404000Z"/><EventRecordID>664172</EventRecordID><Correlation/><Execution ProcessID="5412" ThreadID="5412"/><Channel>Linux-Sysmon/Operational</Channel><Computer>vincenzolog-VMware-Virtual-Platform</Computer><Security UserId="0"/></System><EventData><Data Name="RuleName">-</Data><Data Name="UtcTime">2026-01-12 11:02:55.275</Data><Data Name="ProcessGuid">{8b8a9dc4-d4df-6964-0000-000000000000}</Data><Data Name="ProcessId">263043</Data><Data Name="Image">-</Data><Data Name="User">_apt</Data></EventData></Event>
Jan 13 15:53:29 vincenzolog-VMware-Virtual-Platform sysmon[5412]: <Event><System><Provider Name="Linux-Sysmon" Guid="{ff032593-a8d3-4f13-b0d6-01fc615a0f97}"/><EventID>1</EventID><Version>5</Version><Level>4</Level><Task>1</Task><Opcode>0</Opcode><Keywords>0x8000000000000000</Keywords><TimeCreated SystemTime="2026-01-13T08:53:29.735186000Z"/><EventRecordID>664173</EventRecordID><Correlation/><Execution ProcessID="5412" ThreadID="5412"/><Channel>Linux-Sysmon/Operational</Channel><Computer>vincenzolog-VMware-Virtual-Platform</Computer><Security UserId="0"/></System><EventData><Data Name="RuleName">-</Data><Data Name="UtcTime">2026-01-12 11:02:55.275</Data><Data Name="ProcessGuid">{8b8a9dc4-d4df-6964-45f0-a8de515b0000}</Data><Data Name="ProcessId">263044</Data><Data Name="Image">/usr/bin/apt-config</Data><Data Name="FileVersion">-</Data><Data Name="Description">-</Data><Data Name="Product">-</Data><Data Name="Company">-</Data><Data Name="OriginalFileName">-</Data><Data Name="CommandLine">apt-config shell MASTER_KEYRING APT::Key::MasterKeyring</Data><Data Name="CurrentDirectory">/</Data><Data Name="User">_apt</Data><Data Name="LogonGuid">{8b8a9dc4-0000-0000-2a00-000000000000}</Data><Data Name="LogonId">42</Data><Data Name="TerminalSessionId">4294967295</Data><Data Name="IntegrityLevel">no level</Data><Data Name="Hashes">SHA256=44ec8b9197670a2c12ed2c6b837dd623c23b641e8c491be03ccefc23dd0fba8c</Data><Data Name="ParentProcessGuid">{8b8a9dc4-d4df-6964-1db8-e1ba2f580000}</Data><Data Name="ParentProcessId">263042</Data><Data Name="ParentImage">/usr/bin/dash</Data><Data Name="ParentCommandLine">/bin/sh</Data><Data Name="ParentUser">_apt</Data></EventData></Event>
Jan 13 15:53:29 vincenzolog-VMware-Virtual-Platform sysmon[5412]: <Event><System><Provider Name="Linux-Sysmon" Guid="{ff032593-a8d3-4f13-b0d6-01fc615a0f97}"/><EventID>1</EventID><Version>5</Version><Level>4</Level><Task>1</Task><Opcode>0</Opcode><Keywords>0x8000000000000000</Keywords><TimeCreated SystemTime="2026-01-13T08:53:29.740470000Z"/><EventRecordID>664174</EventRecordID><Correlation/><Execution ProcessID="5412" ThreadID="5412"/><Channel>Linux-Sysmon/Operational</Channel><Computer>vincenzolog-VMware-Virtual-Platform</Computer><Security UserId="0"/></System><EventData><Data Name="RuleName">-</Data><Data Name="UtcTime">2026-01-12 11:02:55.280</Data><Data Name="ProcessGuid">{8b8a9dc4-d4df-6964-b1d4-0d8d575d0000}</Data><Data Name="ProcessId">263045</Data><Data Name="Image">/usr/bin/dpkg</Data><Data Name="FileVersion">-</Data><Data Name="Description">-</Data><Data Name="Product">-</Data><Data Name="Company">-</Data><Data Name="OriginalFileName">-</Data><Data Name="CommandLine">/usr/bin/dpkg --print-foreign-architectures</Data><Data Name="CurrentDirectory">/</Data><Data Name="User">_apt</Data><Data Name="LogonGuid">{8b8a9dc4-0000-0000-2a00-000000000000}</Data><Data Name="LogonId">42</Data><Data Name="TerminalSessionId">4294967295</Data><Data Name="IntegrityLevel">no level</Data><Data Name="Hashes">SHA256=052d7ffc6a813d0744e45b89ed2d9f4c6368b5ee9126aef1c7290d6cac38e287</Data><Data Name="ParentProcessGuid">{8b8a9dc4-d4df-6964-45f0-a8de515b0000}</Data><Data Name="ParentProcessId">263044</Data><Data Name="ParentImage">/usr/bin/apt-config</Data><Data Name="ParentCommandLine">apt-config</Data><Data Name="ParentUser">_apt</Data></EventData></Event>
Jan 13 15:53:29 vincenzolog-VMware-Virtual-Platform sysmon[5412]: <Event><System><Provider Name="Linux-Sysmon" Guid="{ff032593-a8d3-4f13-b0d6-01fc615a0f97}"/><EventID>5</EventID><Version>3</Version><Level>4</Level><Task>5</Task><Opcode>0</Opcode><Keywords>0x8000000000000000</Keywords><TimeCreated SystemTime="2026-01-13T08:53:29.741597000Z"/><EventRecordID>664175</EventRecordID><Correlation/><Execution ProcessID="5412" ThreadID="5412"/><Channel>Linux-Sysmon/Operational</Channel><Computer>vincenzolog-VMware-Virtual-Platform</Computer><Security UserId="0"/></System><EventData><Data Name="RuleName">-</Data><Data Name="UtcTime">2026-01-12 11:02:55.282</Data><Data Name="ProcessGuid">{8b8a9dc4-d4df-6964-b1d4-0d8d575d0000}</Data><Data Name="ProcessId">263045</Data><Data Name="Image">/usr/bin/dpkg</Data><Data Name="User">_apt</Data></EventData></Event>
Jan 13 15:53:29 vincenzolog-VMware-Virtual-Platform sysmon[5412]: <Event><System><Provider Name="Linux-Sysmon" Guid="{ff032593-a8d3-4f13-b0d6-01fc615a0f97}"/><EventID>5</EventID><Version>3</Version><Level>4</Level><Task>5</Task><Opcode>0</Opcode><Keywords>0x8000000000000000</Keywords><TimeCreated SystemTime="2026-01-13T08:53:29.742340000Z"/><EventRecordID>664176</EventRecordID><Correlation/><Execution ProcessID="5412" ThreadID="5412"/><Channel>Linux-Sysmon/Operational</Channel><Computer>vincenzolog-VMware-Virtual-Platform</Computer><Security UserId="0"/></System><EventData><Data Name="RuleName">-</Data><Data Name="UtcTime">2026-01-12 11:02:55.283</Data><Data Name="ProcessGuid">{8b8a9dc4-d4df-6964-45f0-a8de515b0000}</Data><Data Name="ProcessId">263044</Data><Data Name="Image">/usr/bin/apt-config</Data><Data Name="User">_apt</Data></EventData></Event>
Jan 13 15:53:29 vincenzolog-VMware-Virtual-Platform sysmon[5412]: <Event><System><Provider Name="Linux-Sysmon" Guid="{ff032593-a8d3-4f13-b0d6-01fc615a0f97}"/><EventID>1</EventID><Version>5</Version><Level>4</Level><Task>1</Task><Opcode>0</Opcode><Keywords>0x8000000000000000</Keywords><TimeCreated SystemTime="2026-01-13T08:53:29.743194000Z"/><EventRecordID>664177</EventRecordID><Correlation/><Execution ProcessID="5412" ThreadID="5412"/><Channel>Linux-Sysmon/Operational</Channel><Computer>vincenzolog-VMware-Virtual-Platform</Computer><Security UserId="0"/></System><EventData><Data Name="RuleName">-</Data><Data Name="UtcTime">2026-01-12 11:02:55.283</Data><Data Name="ProcessGuid">{8b8a9dc4-d4df-6964-4500-08d712600000}</Data><Data Name="ProcessId">263046</Data><Data Name="Image">/usr/bin/apt-config</Data><Data Name="FileVersion">-</Data><Data Name="Description">-</Data><Data Name="Product">-</Data><Data Name="Company">-</Data><Data Name="OriginalFileName">-</Data><Data Name="CommandLine">apt-config shell ARCHIVE_KEYRING APT::Key::ArchiveKeyring</Data><Data Name="CurrentDirectory">/</Data><Data Name="User">_apt</Data><Data Name="LogonGuid">{8b8a9dc4-0000-0000-2a00-000000000000}</Data><Data Name="LogonId">42</Data><Data Name="TerminalSessionId">4294967295</Data><Data Name="IntegrityLevel">no level</Data><Data Name="Hashes">SHA256=44ec8b9197670a2c12ed2c6b837dd623c23b641e8c491be03ccefc23dd0fba8c</Data><Data Name="ParentProcessGuid">{8b8a9dc4-d4df-6964-1db8-e1ba2f580000}</Data><Data Name="ParentProcessId">263042</Data><Data Name="ParentImage">/usr/bin/dash</Data><Data Name="ParentCommandLine">/bin/sh</Data><Data Name="ParentUser">_apt</Data></EventData></Event>
Jan 13 15:53:29 vincenzolog-VMware-Virtual-Platform sysmon[5412]: <Event><System><Provider Name="Linux-Sysmon" Guid="{ff032593-a8d3-4f13-b0d6-01fc615a0f97}"/><EventID>1</EventID><Version>5</Version><Level>4</Level><Task>1</Task><Opcode>0</Opcode><Keywords>0x8000000000000000</Keywords><TimeCreated SystemTime="2026-01-13T08:53:29.748280000Z"/><EventRecordID>664178</EventRecordID><Correlation/><Execution ProcessID="5412" ThreadID="5412"/><Channel>Linux-Sysmon/Operational</Channel><Computer>vincenzolog-VMware-Virtual-Platform</Computer><Security UserId="0"/></System><EventData><Data Name="RuleName">-</Data><Data Name="UtcTime">2026-01-12 11:02:55.288</Data><Data Name="ProcessGuid">{8b8a9dc4-d4df-6964-b1f4-f28eea600000}</Data><Data Name="ProcessId">263047</Data><Data Name="Image">/usr/bin/dpkg</Data><Data Name="FileVersion">-</Data><Data Name="Description">-</Data><Data Name="Product">-</Data><Data Name="Company">-</Data><Data Name="OriginalFileName">-</Data><Data Name="CommandLine">/usr/bin/dpkg --print-foreign-architectures</Data><Data Name="CurrentDirectory">/</Data><Data Name="User">_apt</Data><Data Name="LogonGuid">{8b8a9dc4-0000-0000-2a00-000000000000}</Data><Data Name="LogonId">42</Data><Data Name="TerminalSessionId">4294967295</Data><Data Name="IntegrityLevel">no level</Data><Data Name="Hashes">SHA256=052d7ffc6a813d0744e45b89ed2d9f4c6368b5ee9126aef1c7290d6cac38e287</Data><Data Name="ParentProcessGuid">{8b8a9dc4-d4df-6964-4500-08d712600000}</Data><Data Name="ParentProcessId">263046</Data><Data Name="ParentImage">/usr/bin/apt-config</Data><Data Name="ParentCommandLine">apt-config</Data><Data Name="ParentUser">_apt</Data></EventData></Event>
Jan 13 15:53:29 vincenzolog-VMware-Virtual-Platform sysmon[5412]: <Event><System><Provider Name="Linux-Sysmon" Guid="{ff032593-a8d3-4f13-b0d6-01fc615a0f97}"/><EventID>5</EventID><Version>3</Version><Level>4</Level><Task>5</Task><Opcode>0</Opcode><Keywords>0x8000000000000000</Keywords><TimeCreated SystemTime="2026-01-13T08:53:29.749607000Z"/><EventRecordID>664179</EventRecordID><Correlation/><Execution ProcessID="5412" ThreadID="5412"/><Channel>Linux-Sysmon/Operational</Channel><Computer>vincenzolog-VMware-Virtual-Platform</Computer><Security UserId="0"/></System><EventData><Data Name="RuleName">-</Data><Data Name="UtcTime">2026-01-12 11:02:55.290</Data><Data Name="ProcessGuid">{8b8a9dc4-d4df-6964-b1f4-f28eea600000}</Data><Data Name="ProcessId">263047</Data><Data Name="Image">/usr/bin/dpkg</Data><Data Name="User">_apt</Data></EventData></Event>
Jan 13 15:53:29 vincenzolog-VMware-Virtual-Platform sysmon[5412]: <Event><System><Provider Name="Linux-Sysmon" Guid="{ff032593-a8d3-4f13-b0d6-01fc615a0f97}"/><EventID>5</EventID><Version>3</Version><Level>4</Level><Task>5</Task><Opcode>0</Opcode><Keywords>0x8000000000000000</Keywords><TimeCreated SystemTime="2026-01-13T08:53:29.750341000Z"/><EventRecordID>664180</EventRecordID><Correlation/><Execution ProcessID="5412" ThreadID="5412"/><Channel>Linux-Sysmon/Operational</Channel><Computer>vincenzolog-VMware-Virtual-Platform</Computer><Security UserId="0"/></System><EventData><Data Name="RuleName">-</Data><Data Name="UtcTime">2026-01-12 11:02:55.291</Data><Data Name="ProcessGuid">{8b8a9dc4-d4df-6964-4500-08d712600000}</Data><Data Name="ProcessId">263046</Data><Data Name="Image">/usr/bin/apt-config</Data><Data Name="User">_apt</Data></EventData></Event>
Jan 13 15:53:29 vincenzolog-VMware-Virtual-Platform sysmon[5412]: <Event><System><Provider Name="Linux-Sysmon" Guid="{ff032593-a8d3-4f13-b0d6-01fc615a0f97}"/><EventID>1</EventID><Version>5</Version><Level>4</Level><Task>1</Task><Opcode>0</Opcode><Keywords>0x8000000000000000</Keywords><TimeCreated SystemTime="2026-01-13T08:53:29.751223000Z"/><EventRecordID>664181</EventRecordID><Correlation/><Execution ProcessID="5412" ThreadID="5412"/><Channel>Linux-Sysmon/Operational</Channel><Computer>vincenzolog-VMware-Virtual-Platform</Computer><Security UserId="0"/></System><EventData><Data Name="RuleName">-</Data><Data Name="UtcTime">2026-01-12 11:02:55.291</Data><Data Name="ProcessGuid">{8b8a9dc4-d4df-6964-45c0-8c7c195e0000}</Data><Data Name="ProcessId">263048</Data><Data Name="Image">/usr/bin/apt-config</Data><Data Name="FileVersion">-</Data><Data Name="Description">-</Data><Data Name="Product">-</Data><Data Name="Company">-</Data><Data Name="OriginalFileName">-</Data><Data Name="CommandLine">apt-config shell REMOVED_KEYS APT::Key::RemovedKeys</Data><Data Name="CurrentDirectory">/</Data><Data Name="User">_apt</Data><Data Name="LogonGuid">{8b8a9dc4-0000-0000-2a00-000000000000}</Data><Data Name="LogonId">42</Data><Data Name="TerminalSessionId">4294967295</Data><Data Name="IntegrityLevel">no level</Data><Data Name="Hashes">SHA256=44ec8b9197670a2c12ed2c6b837dd623c23b641e8c491be03ccefc23dd0fba8c</Data><Data Name="ParentProcessGuid">{8b8a9dc4-d4df-6964-1db8-e1ba2f580000}</Data><Data Name="ParentProcessId">263042</Data><Data Name="ParentImage">/usr/bin/dash</Data><Data Name="ParentCommandLine">/bin/sh</Data><Data Name="ParentUser">_apt</Data></EventData></Event>
Jan 13 15:53:29 vincenzolog-VMware-Virtual-Platform sysmon[5412]: <Event><System><Provider Name="Linux-Sysmon" Guid="{ff032593-a8d3-4f13-b0d6-01fc615a0f97}"/><EventID>1</EventID><Version>5</Version><Level>4</Level><Task>1</Task><Opcode>0</Opcode><Keywords>0x8000000000000000</Keywords><TimeCreated SystemTime="2026-01-13T08:53:29.756424000Z"/><EventRecordID>664182</EventRecordID><Correlation/><Execution ProcessID="5412" ThreadID="5412"/><Channel>Linux-Sysmon/Operational</Channel><Computer>vincenzolog-VMware-Virtual-Platform</Computer><Security UserId="0"/></System><EventData><Data Name="RuleName">-</Data><Data Name="UtcTime">2026-01-12 11:02:55.296</Data><Data Name="ProcessGuid">{8b8a9dc4-d4df-6964-b114-a98876620000}</Data><Data Name="ProcessId">263049</Data><Data Name="Image">/usr/bin/dpkg</Data><Data Name="FileVersion">-</Data><Data Name="Description">-</Data><Data Name="Product">-</Data><Data Name="Company">-</Data><Data Name="OriginalFileName">-</Data><Data Name="CommandLine">/usr/bin/dpkg --print-foreign-architectures</Data><Data Name="CurrentDirectory">/</Data><Data Name="User">_apt</Data><Data Name="LogonGuid">{8b8a9dc4-0000-0000-2a00-000000000000}</Data><Data Name="LogonId">42</Data><Data Name="TerminalSessionId">4294967295</Data><Data Name="IntegrityLevel">no level</Data><Data Name="Hashes">SHA256=052d7ffc6a813d0744e45b89ed2d9f4c6368b5ee9126aef1c7290d6cac38e287</Data><Data Name="ParentProcessGuid">{8b8a9dc4-d4df-6964-45c0-8c7c195e0000}</Data><Data Name="ParentProcessId">263048</Data><Data Name="ParentImage">/usr/bin/apt-config</Data><Data Name="ParentCommandLine">apt-config</Data><Data Name="ParentUser">_apt</Data></EventData></Event>
Jan 13 15:53:29 vincenzolog-VMware-Virtual-Platform sysmon[5412]: <Event><System><Provider Name="Linux-Sysmon" Guid="{ff032593-a8d3-4f13-b0d6-01fc615a0f97}"/><EventID>5</EventID><Version>3</Version><Level>4</Level><Task>5</Task><Opcode>0</Opcode><Keywords>0x8000000000000000</Keywords><TimeCreated SystemTime="2026-01-13T08:53:29.757505000Z"/><EventRecordID>664183</EventRecordID><Correlation/><Execution ProcessID="5412" ThreadID="5412"/><Channel>Linux-Sysmon/Operational</Channel><Computer>vincenzolog-VMware-Virtual-Platform</Computer><Security UserId="0"/></System><EventData><Data Name="RuleName">-</Data><Data Name="UtcTime">2026-01-12 11:02:55.298</Data><Data Name="ProcessGuid">{8b8a9dc4-d4df-6964-b114-a98876620000}</Data><Data Name="ProcessId">263049</Data><Data Name="Image">/usr/bin/dpkg</Data><Data Name="User">_apt</Data></EventData></Event>
Jan 13 15:53:29 vincenzolog-VMware-Virtual-Platform sysmon[5412]: <Event><System><Provider Name="Linux-Sysmon" Guid="{ff032593-a8d3-4f13-b0d6-01fc615a0f97}"/><EventID>5</EventID><Version>3</Version><Level>4</Level><Task>5</Task><Opcode>0</Opcode><Keywords>0x8000000000000000</Keywords><TimeCreated SystemTime="2026-01-13T08:53:29.758209000Z"/><EventRecordID>664184</EventRecordID><Correlation/><Execution ProcessID="5412" ThreadID="5412"/><Channel>Linux-Sysmon/Operational</Channel><Computer>vincenzolog-VMware-Virtual-Platform</Computer><Security UserId="0"/></System><EventData><Data Name="RuleName">-</Data><Data Name="UtcTime">2026-01-12 11:02:55.299</Data><Data Name="ProcessGuid">{8b8a9dc4-d4df-6964-45c0-8c7c195e0000}</Data><Data Name="ProcessId">263048</Data><Data Name="Image">/usr/bin/apt-config</Data><Data Name="User">_apt</Data></EventData></Event>
Jan 13 15:53:29 vincenzolog-VMware-Virtual-Platform sysmon[5412]: <Event><System><Provider Name="Linux-Sysmon" Guid="{ff032593-a8d3-4f13-b0d6-01fc615a0f97}"/><EventID>1</EventID><Version>5</Version><Level>4</Level><Task>1</Task><Opcode>0</Opcode><Keywords>0x8000000000000000</Keywords><TimeCreated SystemTime="2026-01-13T08:53:29.758957000Z"/><EventRecordID>664185</EventRecordID><Correlation/><Execution ProcessID="5412" ThreadID="5412"/><Channel>Linux-Sysmon/Operational</Channel><Computer>vincenzolog-VMware-Virtual-Platform</Computer><Security UserId="0"/></System><EventData><Data Name="RuleName">-</Data><Data Name="UtcTime">2026-01-12 11:02:55.299</Data><Data Name="ProcessGuid">{8b8a9dc4-d4df-6964-4540-a7dd1e5f0000}</Data><Data Name="ProcessId">263050</Data><Data Name="Image">/usr/bin/apt-config</Data><Data Name="FileVersion">-</Data><Data Name="Description">-</Data><Data Name="Product">-</Data><Data Name="Company">-</Data><Data Name="OriginalFileName">-</Data><Data Name="CommandLine">apt-config shell ARCHIVE_KEYRING_URI APT::Key::ArchiveKeyringURI</Data><Data Name="CurrentDirectory">/</Data><Data Name="User">_apt</Data><Data Name="LogonGuid">{8b8a9dc4-0000-0000-2a00-000000000000}</Data><Data Name="LogonId">42</Data><Data Name="TerminalSessionId">4294967295</Data><Data Name="IntegrityLevel">no level</Data><Data Name="Hashes">SHA256=44ec8b9197670a2c12ed2c6b837dd623c23b641e8c491be03ccefc23dd0fba8c</Data><Data Name="ParentProcessGuid">{8b8a9dc4-d4df-6964-1db8-e1ba2f580000}</Data><Data Name="ParentProcessId">263042</Data><Data Name="ParentImage">/usr/bin/dash</Data><Data Name="ParentCommandLine">/bin/sh</Data><Data Name="ParentUser">_apt</Data></EventData></Event>
