Jan 13 15:40:11 vincenzolog-VMware-Virtual-Platform sysmon[5412]: <Event><System><Provider Name="Linux-Sysmon" Guid="{ff032593-a8d3-4f13-b0d6-01fc615a0f97}"/><EventID>1</EventID><Version>5</Version><Level>4</Level><Task>1</Task><Opcode>0</Opcode><Keywords>0x8000000000000000</Keywords><TimeCreated SystemTime="2026-01-13T08:40:11.260171000Z"/><EventRecordID>577310</EventRecordID><Correlation/><Execution ProcessID="5412" ThreadID="5412"/><Channel>Linux-Sysmon/Operational</Channel><Computer>vincenzolog-VMware-Virtual-Platform</Computer><Security UserId="0"/></System><EventData><Data Name="RuleName">-</Data><Data Name="UtcTime">2026-01-12 10:49:36.800</Data><Data Name="ProcessGuid">{8b8a9dc4-d1c0-6964-b154-2c0da5570000}</Data><Data Name="ProcessId">210485</Data><Data Name="Image">/usr/bin/dpkg</Data><Data Name="FileVersion">-</Data><Data Name="Description">-</Data><Data Name="Product">-</Data><Data Name="Company">-</Data><Data Name="OriginalFileName">-</Data><Data Name="CommandLine">/usr/bin/dpkg --print-foreign-architectures</Data><Data Name="CurrentDirectory">/home/vincenzolog/Auto_test</Data><Data Name="User">_apt</Data><Data Name="LogonGuid">{8b8a9dc4-0000-0000-2a00-000005000000}</Data><Data Name="LogonId">42</Data><Data Name="TerminalSessionId">3</Data><Data Name="IntegrityLevel">no level</Data><Data Name="Hashes">SHA256=052d7ffc6a813d0744e45b89ed2d9f4c6368b5ee9126aef1c7290d6cac38e287</Data><Data Name="ParentProcessGuid">{8b8a9dc4-d1c0-6964-4530-07df32580000}</Data><Data Name="ParentProcessId">210484</Data><Data Name="ParentImage">/usr/bin/apt-config</Data><Data Name="ParentCommandLine">apt-config</Data><Data Name="ParentUser">_apt</Data></EventData></Event>
Jan 13 15:40:11 vincenzolog-VMware-Virtual-Platform sysmon[5412]: <Event><System><Provider Name="Linux-Sysmon" Guid="{ff032593-a8d3-4f13-b0d6-01fc615a0f97}"/><EventID>5</EventID><Version>3</Version><Level>4</Level><Task>5</Task><Opcode>0</Opcode><Keywords>0x8000000000000000</Keywords><TimeCreated SystemTime="2026-01-13T08:40:11.261424000Z"/><EventRecordID>577311</EventRecordID><Correlation/><Execution ProcessID="5412" ThreadID="5412"/><Channel>Linux-Sysmon/Operational</Channel><Computer>vincenzolog-VMware-Virtual-Platform</Computer><Security UserId="0"/></System><EventData><Data Name="RuleName">-</Data><Data Name="UtcTime">2026-01-12 10:49:36.802</Data><Data Name="ProcessGuid">{8b8a9dc4-d1c0-6964-b154-2c0da5570000}</Data><Data Name="ProcessId">210485</Data><Data Name="Image">/usr/bin/dpkg</Data><Data Name="User">_apt</Data></EventData></Event>
Jan 13 15:40:11 vincenzolog-VMware-Virtual-Platform sysmon[5412]: <Event><System><Provider Name="Linux-Sysmon" Guid="{ff032593-a8d3-4f13-b0d6-01fc615a0f97}"/><EventID>5</EventID><Version>3</Version><Level>4</Level><Task>5</Task><Opcode>0</Opcode><Keywords>0x8000000000000000</Keywords><TimeCreated SystemTime="2026-01-13T08:40:11.262174000Z"/><EventRecordID>577312</EventRecordID><Correlation/><Execution ProcessID="5412" ThreadID="5412"/><Channel>Linux-Sysmon/Operational</Channel><Computer>vincenzolog-VMware-Virtual-Platform</Computer><Security UserId="0"/></System><EventData><Data Name="RuleName">-</Data><Data Name="UtcTime">2026-01-12 10:49:36.803</Data><Data Name="ProcessGuid">{8b8a9dc4-d1c0-6964-4530-07df32580000}</Data><Data Name="ProcessId">210484</Data><Data Name="Image">/usr/bin/apt-config</Data><Data Name="User">_apt</Data></EventData></Event>
Jan 13 15:40:11 vincenzolog-VMware-Virtual-Platform sysmon[5412]: <Event><System><Provider Name="Linux-Sysmon" Guid="{ff032593-a8d3-4f13-b0d6-01fc615a0f97}"/><EventID>1</EventID><Version>5</Version><Level>4</Level><Task>1</Task><Opcode>0</Opcode><Keywords>0x8000000000000000</Keywords><TimeCreated SystemTime="2026-01-13T08:40:11.263196000Z"/><EventRecordID>577313</EventRecordID><Correlation/><Execution ProcessID="5412" ThreadID="5412"/><Channel>Linux-Sysmon/Operational</Channel><Computer>vincenzolog-VMware-Virtual-Platform</Computer><Security UserId="0"/></System><EventData><Data Name="RuleName">-</Data><Data Name="UtcTime">2026-01-12 10:49:36.803</Data><Data Name="ProcessGuid">{8b8a9dc4-d1c0-6964-4520-9535a7590000}</Data><Data Name="ProcessId">210486</Data><Data Name="Image">/usr/bin/apt-config</Data><Data Name="FileVersion">-</Data><Data Name="Description">-</Data><Data Name="Product">-</Data><Data Name="Company">-</Data><Data Name="OriginalFileName">-</Data><Data Name="CommandLine">apt-config shell ARCHIVE_KEYRING APT::Key::ArchiveKeyring</Data><Data Name="CurrentDirectory">/home/vincenzolog/Auto_test</Data><Data Name="User">_apt</Data><Data Name="LogonGuid">{8b8a9dc4-0000-0000-2a00-000005000000}</Data><Data Name="LogonId">42</Data><Data Name="TerminalSessionId">3</Data><Data Name="IntegrityLevel">no level</Data><Data Name="Hashes">SHA256=44ec8b9197670a2c12ed2c6b837dd623c23b641e8c491be03ccefc23dd0fba8c</Data><Data Name="ParentProcessGuid">{8b8a9dc4-d1c0-6964-1d58-72b9a7570000}</Data><Data Name="ParentProcessId">210482</Data><Data Name="ParentImage">/usr/bin/dash</Data><Data Name="ParentCommandLine">/bin/sh</Data><Data Name="ParentUser">_apt</Data></EventData></Event>
Jan 13 15:40:11 vincenzolog-VMware-Virtual-Platform sysmon[5412]: <Event><System><Provider Name="Linux-Sysmon" Guid="{ff032593-a8d3-4f13-b0d6-01fc615a0f97}"/><EventID>1</EventID><Version>5</Version><Level>4</Level><Task>1</Task><Opcode>0</Opcode><Keywords>0x8000000000000000</Keywords><TimeCreated SystemTime="2026-01-13T08:40:11.269248000Z"/><EventRecordID>577314</EventRecordID><Correlation/><Execution ProcessID="5412" ThreadID="5412"/><Channel>Linux-Sysmon/Operational</Channel><Computer>vincenzolog-VMware-Virtual-Platform</Computer><Security UserId="0"/></System><EventData><Data Name="RuleName">-</Data><Data Name="UtcTime">2026-01-12 10:49:36.809</Data><Data Name="ProcessGuid">{8b8a9dc4-d1c0-6964-b1a4-9125bc5f0000}</Data><Data Name="ProcessId">210487</Data><Data Name="Image">/usr/bin/dpkg</Data><Data Name="FileVersion">-</Data><Data Name="Description">-</Data><Data Name="Product">-</Data><Data Name="Company">-</Data><Data Name="OriginalFileName">-</Data><Data Name="CommandLine">/usr/bin/dpkg --print-foreign-architectures</Data><Data Name="CurrentDirectory">/home/vincenzolog/Auto_test</Data><Data Name="User">_apt</Data><Data Name="LogonGuid">{8b8a9dc4-0000-0000-2a00-000005000000}</Data><Data Name="LogonId">42</Data><Data Name="TerminalSessionId">3</Data><Data Name="IntegrityLevel">no level</Data><Data Name="Hashes">SHA256=052d7ffc6a813d0744e45b89ed2d9f4c6368b5ee9126aef1c7290d6cac38e287</Data><Data Name="ParentProcessGuid">{8b8a9dc4-d1c0-6964-4520-9535a7590000}</Data><Data Name="ParentProcessId">210486</Data><Data Name="ParentImage">/usr/bin/apt-config</Data><Data Name="ParentCommandLine">apt-config</Data><Data Name="ParentUser">_apt</Data></EventData></Event>
Jan 13 15:40:11 vincenzolog-VMware-Virtual-Platform sysmon[5412]: <Event><System><Provider Name="Linux-Sysmon" Guid="{ff032593-a8d3-4f13-b0d6-01fc615a0f97}"/><EventID>5</EventID><Version>3</Version><Level>4</Level><Task>5</Task><Opcode>0</Opcode><Keywords>0x8000000000000000</Keywords><TimeCreated SystemTime="2026-01-13T08:40:11.270439000Z"/><EventRecordID>577315</EventRecordID><Correlation/><Execution ProcessID="5412" ThreadID="5412"/><Channel>Linux-Sysmon/Operational</Channel><Computer>vincenzolog-VMware-Virtual-Platform</Computer><Security UserId="0"/></System><EventData><Data Name="RuleName">-</Data><Data Name="UtcTime">2026-01-12 10:49:36.811</Data><Data Name="ProcessGuid">{8b8a9dc4-d1c0-6964-b1a4-9125bc5f0000}</Data><Data Name="ProcessId">210487</Data><Data Name="Image">/usr/bin/dpkg</Data><Data Name="User">_apt</Data></EventData></Event>
Jan 13 15:40:11 vincenzolog-VMware-Virtual-Platform sysmon[5412]: <Event><System><Provider Name="Linux-Sysmon" Guid="{ff032593-a8d3-4f13-b0d6-01fc615a0f97}"/><EventID>5</EventID><Version>3</Version><Level>4</Level><Task>5</Task><Opcode>0</Opcode><Keywords>0x8000000000000000</Keywords><TimeCreated SystemTime="2026-01-13T08:40:11.271191000Z"/><EventRecordID>577316</EventRecordID><Correlation/><Execution ProcessID="5412" ThreadID="5412"/><Channel>Linux-Sysmon/Operational</Channel><Computer>vincenzolog-VMware-Virtual-Platform</Computer><Security UserId="0"/></System><EventData><Data Name="RuleName">-</Data><Data Name="UtcTime">2026-01-12 10:49:36.812</Data><Data Name="ProcessGuid">{8b8a9dc4-d1c0-6964-4520-9535a7590000}</Data><Data Name="ProcessId">210486</Data><Data Name="Image">/usr/bin/apt-config</Data><Data Name="User">_apt</Data></EventData></Event>
Jan 13 15:40:11 vincenzolog-VMware-Virtual-Platform sysmon[5412]: <Event><System><Provider Name="Linux-Sysmon" Guid="{ff032593-a8d3-4f13-b0d6-01fc615a0f97}"/><EventID>1</EventID><Version>5</Version><Level>4</Level><Task>1</Task><Opcode>0</Opcode><Keywords>0x8000000000000000</Keywords><TimeCreated SystemTime="2026-01-13T08:40:11.272319000Z"/><EventRecordID>577317</EventRecordID><Correlation/><Execution ProcessID="5412" ThreadID="5412"/><Channel>Linux-Sysmon/Operational</Channel><Computer>vincenzolog-VMware-Virtual-Platform</Computer><Security UserId="0"/></System><EventData><Data Name="RuleName">-</Data><Data Name="UtcTime">2026-01-12 10:49:36.812</Data><Data Name="ProcessGuid">{8b8a9dc4-d1c0-6964-4560-9b3aa5590000}</Data><Data Name="ProcessId">210488</Data><Data Name="Image">/usr/bin/apt-config</Data><Data Name="FileVersion">-</Data><Data Name="Description">-</Data><Data Name="Product">-</Data><Data Name="Company">-</Data><Data Name="OriginalFileName">-</Data><Data Name="CommandLine">apt-config shell REMOVED_KEYS APT::Key::RemovedKeys</Data><Data Name="CurrentDirectory">/home/vincenzolog/Auto_test</Data><Data Name="User">_apt</Data><Data Name="LogonGuid">{8b8a9dc4-0000-0000-2a00-000005000000}</Data><Data Name="LogonId">42</Data><Data Name="TerminalSessionId">3</Data><Data Name="IntegrityLevel">no level</Data><Data Name="Hashes">SHA256=44ec8b9197670a2c12ed2c6b837dd623c23b641e8c491be03ccefc23dd0fba8c</Data><Data Name="ParentProcessGuid">{8b8a9dc4-d1c0-6964-1d58-72b9a7570000}</Data><Data Name="ParentProcessId">210482</Data><Data Name="ParentImage">/usr/bin/dash</Data><Data Name="ParentCommandLine">/bin/sh</Data><Data Name="ParentUser">_apt</Data></EventData></Event>
Jan 13 15:40:11 vincenzolog-VMware-Virtual-Platform sysmon[5412]: <Event><System><Provider Name="Linux-Sysmon" Guid="{ff032593-a8d3-4f13-b0d6-01fc615a0f97}"/><EventID>1</EventID><Version>5</Version><Level>4</Level><Task>1</Task><Opcode>0</Opcode><Keywords>0x8000000000000000</Keywords><TimeCreated SystemTime="2026-01-13T08:40:11.278321000Z"/><EventRecordID>577318</EventRecordID><Correlation/><Execution ProcessID="5412" ThreadID="5412"/><Channel>Linux-Sysmon/Operational</Channel><Computer>vincenzolog-VMware-Virtual-Platform</Computer><Security UserId="0"/></System><EventData><Data Name="RuleName">-</Data><Data Name="UtcTime">2026-01-12 10:49:36.817</Data><Data Name="ProcessGuid">{8b8a9dc4-d1c0-6964-b114-76f294550000}</Data><Data Name="ProcessId">210489</Data><Data Name="Image">/usr/bin/dpkg</Data><Data Name="FileVersion">-</Data><Data Name="Description">-</Data><Data Name="Product">-</Data><Data Name="Company">-</Data><Data Name="OriginalFileName">-</Data><Data Name="CommandLine">/usr/bin/dpkg --print-foreign-architectures</Data><Data Name="CurrentDirectory">/home/vincenzolog/Auto_test</Data><Data Name="User">_apt</Data><Data Name="LogonGuid">{8b8a9dc4-0000-0000-2a00-000005000000}</Data><Data Name="LogonId">42</Data><Data Name="TerminalSessionId">3</Data><Data Name="IntegrityLevel">no level</Data><Data Name="Hashes">SHA256=052d7ffc6a813d0744e45b89ed2d9f4c6368b5ee9126aef1c7290d6cac38e287</Data><Data Name="ParentProcessGuid">{8b8a9dc4-d1c0-6964-4560-9b3aa5590000}</Data><Data Name="ParentProcessId">210488</Data><Data Name="ParentImage">/usr/bin/apt-config</Data><Data Name="ParentCommandLine">apt-config</Data><Data Name="ParentUser">_apt</Data></EventData></Event>
Jan 13 15:40:11 vincenzolog-VMware-Virtual-Platform sysmon[5412]: <Event><System><Provider Name="Linux-Sysmon" Guid="{ff032593-a8d3-4f13-b0d6-01fc615a0f97}"/><EventID>5</EventID><Version>3</Version><Level>4</Level><Task>5</Task><Opcode>0</Opcode><Keywords>0x8000000000000000</Keywords><TimeCreated SystemTime="2026-01-13T08:40:11.279557000Z"/><EventRecordID>577319</EventRecordID><Correlation/><Execution ProcessID="5412" ThreadID="5412"/><Channel>Linux-Sysmon/Operational</Channel><Computer>vincenzolog-VMware-Virtual-Platform</Computer><Security UserId="0"/></System><EventData><Data Name="RuleName">-</Data><Data Name="UtcTime">2026-01-12 10:49:36.820</Data><Data Name="ProcessGuid">{8b8a9dc4-d1c0-6964-b114-76f294550000}</Data><Data Name="ProcessId">210489</Data><Data Name="Image">/usr/bin/dpkg</Data><Data Name="User">_apt</Data></EventData></Event>
Jan 13 15:40:11 vincenzolog-VMware-Virtual-Platform sysmon[5412]: <Event><System><Provider Name="Linux-Sysmon" Guid="{ff032593-a8d3-4f13-b0d6-01fc615a0f97}"/><EventID>5</EventID><Version>3</Version><Level>4</Level><Task>5</Task><Opcode>0</Opcode><Keywords>0x8000000000000000</Keywords><TimeCreated SystemTime="2026-01-13T08:40:11.280472000Z"/><EventRecordID>577320</EventRecordID><Correlation/><Execution ProcessID="5412" ThreadID="5412"/><Channel>Linux-Sysmon/Operational</Channel><Computer>vincenzolog-VMware-Virtual-Platform</Computer><Security UserId="0"/></System><EventData><Data Name="RuleName">-</Data><Data Name="UtcTime">2026-01-12 10:49:36.821</Data><Data Name="ProcessGuid">{8b8a9dc4-d1c0-6964-4560-9b3aa5590000}</Data><Data Name="ProcessId">210488</Data><Data Name="Image">/usr/bin/apt-config</Data><Data Name="User">_apt</Data></EventData></Event>
Jan 13 15:40:11 vincenzolog-VMware-Virtual-Platform sysmon[5412]: <Event><System><Provider Name="Linux-Sysmon" Guid="{ff032593-a8d3-4f13-b0d6-01fc615a0f97}"/><EventID>1</EventID><Version>5</Version><Level>4</Level><Task>1</Task><Opcode>0</Opcode><Keywords>0x8000000000000000</Keywords><TimeCreated SystemTime="2026-01-13T08:40:11.281273000Z"/><EventRecordID>577321</EventRecordID><Correlation/><Execution ProcessID="5412" ThreadID="5412"/><Channel>Linux-Sysmon/Operational</Channel><Computer>vincenzolog-VMware-Virtual-Platform</Computer><Security UserId="0"/></System><EventData><Data Name="RuleName">-</Data><Data Name="UtcTime">2026-01-12 10:49:36.821</Data><Data Name="ProcessGuid">{8b8a9dc4-d1c0-6964-45c0-fd94bd5a0000}</Data><Data Name="ProcessId">210490</Data><Data Name="Image">/usr/bin/apt-config</Data><Data Name="FileVersion">-</Data><Data Name="Description">-</Data><Data Name="Product">-</Data><Data Name="Company">-</Data><Data Name="OriginalFileName">-</Data><Data Name="CommandLine">apt-config shell ARCHIVE_KEYRING_URI APT::Key::ArchiveKeyringURI</Data><Data Name="CurrentDirectory">/home/vincenzolog/Auto_test</Data><Data Name="User">_apt</Data><Data Name="LogonGuid">{8b8a9dc4-0000-0000-2a00-000005000000}</Data><Data Name="LogonId">42</Data><Data Name="TerminalSessionId">3</Data><Data Name="IntegrityLevel">no level</Data><Data Name="Hashes">SHA256=44ec8b9197670a2c12ed2c6b837dd623c23b641e8c491be03ccefc23dd0fba8c</Data><Data Name="ParentProcessGuid">{8b8a9dc4-d1c0-6964-1d58-72b9a7570000}</Data><Data Name="ParentProcessId">210482</Data><Data Name="ParentImage">/usr/bin/dash</Data><Data Name="ParentCommandLine">/bin/sh</Data><Data Name="ParentUser">_apt</Data></EventData></Event>
Jan 13 15:40:11 vincenzolog-VMware-Virtual-Platform sysmon[5412]: <Event><System><Provider Name="Linux-Sysmon" Guid="{ff032593-a8d3-4f13-b0d6-01fc615a0f97}"/><EventID>1</EventID><Version>5</Version><Level>4</Level><Task>1</Task><Opcode>0</Opcode><Keywords>0x8000000000000000</Keywords><TimeCreated SystemTime="2026-01-13T08:40:11.287047000Z"/><EventRecordID>577322</EventRecordID><Correlation/><Execution ProcessID="5412" ThreadID="5412"/><Channel>Linux-Sysmon/Operational</Channel><Computer>vincenzolog-VMware-Virtual-Platform</Computer><Security UserId="0"/></System><EventData><Data Name="RuleName">-</Data><Data Name="UtcTime">2026-01-12 10:49:36.826</Data><Data Name="ProcessGuid">{8b8a9dc4-d1c0-6964-b164-9fef34570000}</Data><Data Name="ProcessId">210491</Data><Data Name="Image">/usr/bin/dpkg</Data><Data Name="FileVersion">-</Data><Data Name="Description">-</Data><Data Name="Product">-</Data><Data Name="Company">-</Data><Data Name="OriginalFileName">-</Data><Data Name="CommandLine">/usr/bin/dpkg --print-foreign-architectures</Data><Data Name="CurrentDirectory">/home/vincenzolog/Auto_test</Data><Data Name="User">_apt</Data><Data Name="LogonGuid">{8b8a9dc4-0000-0000-2a00-000005000000}</Data><Data Name="LogonId">42</Data><Data Name="TerminalSessionId">3</Data><Data Name="IntegrityLevel">no level</Data><Data Name="Hashes">SHA256=052d7ffc6a813d0744e45b89ed2d9f4c6368b5ee9126aef1c7290d6cac38e287</Data><Data Name="ParentProcessGuid">{8b8a9dc4-d1c0-6964-45c0-fd94bd5a0000}</Data><Data Name="ParentProcessId">210490</Data><Data Name="ParentImage">/usr/bin/apt-config</Data><Data Name="ParentCommandLine">apt-config</Data><Data Name="ParentUser">_apt</Data></EventData></Event>
Jan 13 15:40:11 vincenzolog-VMware-Virtual-Platform sysmon[5412]: <Event><System><Provider Name="Linux-Sysmon" Guid="{ff032593-a8d3-4f13-b0d6-01fc615a0f97}"/><EventID>5</EventID><Version>3</Version><Level>4</Level><Task>5</Task><Opcode>0</Opcode><Keywords>0x8000000000000000</Keywords><TimeCreated SystemTime="2026-01-13T08:40:11.287950000Z"/><EventRecordID>577323</EventRecordID><Correlation/><Execution ProcessID="5412" ThreadID="5412"/><Channel>Linux-Sysmon/Operational</Channel><Computer>vincenzolog-VMware-Virtual-Platform</Computer><Security UserId="0"/></System><EventData><Data Name="RuleName">-</Data><Data Name="UtcTime">2026-01-12 10:49:36.828</Data><Data Name="ProcessGuid">{8b8a9dc4-d1c0-6964-b164-9fef34570000}</Data><Data Name="ProcessId">210491</Data><Data Name="Image">/usr/bin/dpkg</Data><Data Name="User">_apt</Data></EventData></Event>
Jan 13 15:40:11 vincenzolog-VMware-Virtual-Platform sysmon[5412]: <Event><System><Provider Name="Linux-Sysmon" Guid="{ff032593-a8d3-4f13-b0d6-01fc615a0f97}"/><EventID>5</EventID><Version>3</Version><Level>4</Level><Task>5</Task><Opcode>0</Opcode><Keywords>0x8000000000000000</Keywords><TimeCreated SystemTime="2026-01-13T08:40:11.288704000Z"/><EventRecordID>577324</EventRecordID><Correlation/><Execution ProcessID="5412" ThreadID="5412"/><Channel>Linux-Sysmon/Operational</Channel><Computer>vincenzolog-VMware-Virtual-Platform</Computer><Security UserId="0"/></System><EventData><Data Name="RuleName">-</Data><Data Name="UtcTime">2026-01-12 10:49:36.829</Data><Data Name="ProcessGuid">{8b8a9dc4-d1c0-6964-45c0-fd94bd5a0000}</Data><Data Name="ProcessId">210490</Data><Data Name="Image">/usr/bin/apt-config</Data><Data Name="User">_apt</Data></EventData></Event>
Jan 13 15:40:11 vincenzolog-VMware-Virtual-Platform sysmon[5412]: <Event><System><Provider Name="Linux-Sysmon" Guid="{ff032593-a8d3-4f13-b0d6-01fc615a0f97}"/><EventID>5</EventID><Version>3</Version><Level>4</Level><Task>5</Task><Opcode>0</Opcode><Keywords>0x8000000000000000</Keywords><TimeCreated SystemTime="2026-01-13T08:40:11.289431000Z"/><EventRecordID>577325</EventRecordID><Correlation/><Execution ProcessID="5412" ThreadID="5412"/><Channel>Linux-Sysmon/Operational</Channel><Computer>vincenzolog-VMware-Virtual-Platform</Computer><Security UserId="0"/></System><EventData><Data Name="RuleName">-</Data><Data Name="UtcTime">2026-01-12 10:49:36.830</Data><Data Name="ProcessGuid">{8b8a9dc4-d1c0-6964-0000-000000000000}</Data><Data Name="ProcessId">210492</Data><Data Name="Image">-</Data><Data Name="User">_apt</Data></EventData></Event>
Jan 13 15:40:11 vincenzolog-VMware-Virtual-Platform sysmon[5412]: <Event><System><Provider Name="Linux-Sysmon" Guid="{ff032593-a8d3-4f13-b0d6-01fc615a0f97}"/><EventID>1</EventID><Version>5</Version><Level>4</Level><Task>1</Task><Opcode>0</Opcode><Keywords>0x8000000000000000</Keywords><TimeCreated SystemTime="2026-01-13T08:40:11.290999000Z"/><EventRecordID>577326</EventRecordID><Correlation/><Execution ProcessID="5412" ThreadID="5412"/><Channel>Linux-Sysmon/Operational</Channel><Computer>vincenzolog-VMware-Virtual-Platform</Computer><Security UserId="0"/></System><EventData><Data Name="RuleName">-</Data><Data Name="UtcTime">2026-01-12 10:49:36.831</Data><Data Name="ProcessGuid">{8b8a9dc4-d1c0-6964-45a0-28ee735f0000}</Data><Data Name="ProcessId">210493</Data><Data Name="Image">/usr/bin/apt-config</Data><Data Name="FileVersion">-</Data><Data Name="Description">-</Data><Data Name="Product">-</Data><Data Name="Company">-</Data><Data Name="OriginalFileName">-</Data><Data Name="CommandLine">apt-config shell TRUSTEDFILE Apt::GPGV::TrustedKeyring</Data><Data Name="CurrentDirectory">/home/vincenzolog/Auto_test</Data><Data Name="User">_apt</Data><Data Name="LogonGuid">{8b8a9dc4-0000-0000-2a00-000005000000}</Data><Data Name="LogonId">42</Data><Data Name="TerminalSessionId">3</Data><Data Name="IntegrityLevel">no level</Data><Data Name="Hashes">SHA256=44ec8b9197670a2c12ed2c6b837dd623c23b641e8c491be03ccefc23dd0fba8c</Data><Data Name="ParentProcessGuid">{8b8a9dc4-d1c0-6964-1d58-72b9a7570000}</Data><Data Name="ParentProcessId">210482</Data><Data Name="ParentImage">/usr/bin/dash</Data><Data Name="ParentCommandLine">/bin/sh</Data><Data Name="ParentUser">_apt</Data></EventData></Event>
Jan 13 15:40:11 vincenzolog-VMware-Virtual-Platform sysmon[5412]: <Event><System><Provider Name="Linux-Sysmon" Guid="{ff032593-a8d3-4f13-b0d6-01fc615a0f97}"/><EventID>1</EventID><Version>5</Version><Level>4</Level><Task>1</Task><Opcode>0</Opcode><Keywords>0x8000000000000000</Keywords><TimeCreated SystemTime="2026-01-13T08:40:11.297347000Z"/><EventRecordID>577327</EventRecordID><Correlation/><Execution ProcessID="5412" ThreadID="5412"/><Channel>Linux-Sysmon/Operational</Channel><Computer>vincenzolog-VMware-Virtual-Platform</Computer><Security UserId="0"/></System><EventData><Data Name="RuleName">-</Data><Data Name="UtcTime">2026-01-12 10:49:36.837</Data><Data Name="ProcessGuid">{8b8a9dc4-d1c0-6964-b1c4-195b2e640000}</Data><Data Name="ProcessId">210494</Data><Data Name="Image">/usr/bin/dpkg</Data><Data Name="FileVersion">-</Data><Data Name="Description">-</Data><Data Name="Product">-</Data><Data Name="Company">-</Data><Data Name="OriginalFileName">-</Data><Data Name="CommandLine">/usr/bin/dpkg --print-foreign-architectures</Data><Data Name="CurrentDirectory">/home/vincenzolog/Auto_test</Data><Data Name="User">_apt</Data><Data Name="LogonGuid">{8b8a9dc4-0000-0000-2a00-000005000000}</Data><Data Name="LogonId">42</Data><Data Name="TerminalSessionId">3</Data><Data Name="IntegrityLevel">no level</Data><Data Name="Hashes">SHA256=052d7ffc6a813d0744e45b89ed2d9f4c6368b5ee9126aef1c7290d6cac38e287</Data><Data Name="ParentProcessGuid">{8b8a9dc4-d1c0-6964-45a0-28ee735f0000}</Data><Data Name="ParentProcessId">210493</Data><Data Name="ParentImage">/usr/bin/apt-config</Data><Data Name="ParentCommandLine">apt-config</Data><Data Name="ParentUser">_apt</Data></EventData></Event>
Jan 13 15:40:11 vincenzolog-VMware-Virtual-Platform sysmon[5412]: <Event><System><Provider Name="Linux-Sysmon" Guid="{ff032593-a8d3-4f13-b0d6-01fc615a0f97}"/><EventID>5</EventID><Version>3</Version><Level>4</Level><Task>5</Task><Opcode>0</Opcode><Keywords>0x8000000000000000</Keywords><TimeCreated SystemTime="2026-01-13T08:40:11.298728000Z"/><EventRecordID>577328</EventRecordID><Correlation/><Execution ProcessID="5412" ThreadID="5412"/><Channel>Linux-Sysmon/Operational</Channel><Computer>vincenzolog-VMware-Virtual-Platform</Computer><Security UserId="0"/></System><EventData><Data Name="RuleName">-</Data><Data Name="UtcTime">2026-01-12 10:49:36.839</Data><Data Name="ProcessGuid">{8b8a9dc4-d1c0-6964-b1c4-195b2e640000}</Data><Data Name="ProcessId">210494</Data><Data Name="Image">/usr/bin/dpkg</Data><Data Name="User">_apt</Data></EventData></Event>
Jan 13 15:40:11 vincenzolog-VMware-Virtual-Platform sysmon[5412]: <Event><System><Provider Name="Linux-Sysmon" Guid="{ff032593-a8d3-4f13-b0d6-01fc615a0f97}"/><EventID>5</EventID><Version>3</Version><Level>4</Level><Task>5</Task><Opcode>0</Opcode><Keywords>0x8000000000000000</Keywords><TimeCreated SystemTime="2026-01-13T08:40:11.299517000Z"/><EventRecordID>577329</EventRecordID><Correlation/><Execution ProcessID="5412" ThreadID="5412"/><Channel>Linux-Sysmon/Operational</Channel><Computer>vincenzolog-VMware-Virtual-Platform</Computer><Security UserId="0"/></System><EventData><Data Name="RuleName">-</Data><Data Name="UtcTime">2026-01-12 10:49:36.840</Data><Data Name="ProcessGuid">{8b8a9dc4-d1c0-6964-45a0-28ee735f0000}</Data><Data Name="ProcessId">210493</Data><Data Name="Image">/usr/bin/apt-config</Data><Data Name="User">_apt</Data></EventData></Event>
Jan 13 15:40:11 vincenzolog-VMware-Virtual-Platform sysmon[5412]: <Event><System><Provider Name="Linux-Sysmon" Guid="{ff032593-a8d3-4f13-b0d6-01fc615a0f97}"/><EventID>1</EventID><Version>5</Version><Level>4</Level><Task>1</Task><Opcode>0</Opcode><Keywords>0x8000000000000000</Keywords><TimeCreated SystemTime="2026-01-13T08:40:11.300511000Z"/><EventRecordID>577330</EventRecordID><Correlation/><Execution ProcessID="5412" ThreadID="5412"/><Channel>Linux-Sysmon/Operational</Channel><Computer>vincenzolog-VMware-Virtual-Platform</Computer><Security UserId="0"/></System><EventData><Data Name="RuleName">-</Data><Data Name="UtcTime">2026-01-12 10:49:36.840</Data><Data Name="ProcessGuid">{8b8a9dc4-d1c0-6964-4590-7b55df560000}</Data><Data Name="ProcessId">210495</Data><Data Name="Image">/usr/bin/apt-config</Data><Data Name="FileVersion">-</Data><Data Name="Description">-</Data><Data Name="Product">-</Data><Data Name="Company">-</Data><Data Name="OriginalFileName">-</Data><Data Name="CommandLine">apt-config shell TRUSTEDFILE Dir::Etc::Trusted/f</Data><Data Name="CurrentDirectory">/home/vincenzolog/Auto_test</Data><Data Name="User">_apt</Data><Data Name="LogonGuid">{8b8a9dc4-0000-0000-2a00-000005000000}</Data><Data Name="LogonId">42</Data><Data Name="TerminalSessionId">3</Data><Data Name="IntegrityLevel">no level</Data><Data Name="Hashes">SHA256=44ec8b9197670a2c12ed2c6b837dd623c23b641e8c491be03ccefc23dd0fba8c</Data><Data Name="ParentProcessGuid">{8b8a9dc4-d1c0-6964-1d58-72b9a7570000}</Data><Data Name="ParentProcessId">210482</Data><Data Name="ParentImage">/usr/bin/dash</Data><Data Name="ParentCommandLine">/bin/sh</Data><Data Name="ParentUser">_apt</Data></EventData></Event>
Jan 13 15:40:11 vincenzolog-VMware-Virtual-Platform sysmon[5412]: <Event><System><Provider Name="Linux-Sysmon" Guid="{ff032593-a8d3-4f13-b0d6-01fc615a0f97}"/><EventID>1</EventID><Version>5</Version><Level>4</Level><Task>1</Task><Opcode>0</Opcode><Keywords>0x8000000000000000</Keywords><TimeCreated SystemTime="2026-01-13T08:40:11.306818000Z"/><EventRecordID>577331</EventRecordID><Correlation/><Execution ProcessID="5412" ThreadID="5412"/><Channel>Linux-Sysmon/Operational</Channel><Computer>vincenzolog-VMware-Virtual-Platform</Computer><Security UserId="0"/></System><EventData><Data Name="RuleName">-</Data><Data Name="UtcTime">2026-01-12 10:49:36.846</Data><Data Name="ProcessGuid">{8b8a9dc4-d1c0-6964-b194-3cb6865d0000}</Data><Data Name="ProcessId">210496</Data><Data Name="Image">/usr/bin/dpkg</Data><Data Name="FileVersion">-</Data><Data Name="Description">-</Data><Data Name="Product">-</Data><Data Name="Company">-</Data><Data Name="OriginalFileName">-</Data><Data Name="CommandLine">/usr/bin/dpkg --print-foreign-architectures</Data><Data Name="CurrentDirectory">/home/vincenzolog/Auto_test</Data><Data Name="User">_apt</Data><Data Name="LogonGuid">{8b8a9dc4-0000-0000-2a00-000005000000}</Data><Data Name="LogonId">42</Data><Data Name="TerminalSessionId">3</Data><Data Name="IntegrityLevel">no level</Data><Data Name="Hashes">SHA256=052d7ffc6a813d0744e45b89ed2d9f4c6368b5ee9126aef1c7290d6cac38e287</Data><Data Name="ParentProcessGuid">{8b8a9dc4-d1c0-6964-4590-7b55df560000}</Data><Data Name="ParentProcessId">210495</Data><Data Name="ParentImage">/usr/bin/apt-config</Data><Data Name="ParentCommandLine">apt-config</Data><Data Name="ParentUser">_apt</Data></EventData></Event>
Jan 13 15:40:11 vincenzolog-VMware-Virtual-Platform sysmon[5412]: <Event><System><Provider Name="Linux-Sysmon" Guid="{ff032593-a8d3-4f13-b0d6-01fc615a0f97}"/><EventID>5</EventID><Version>3</Version><Level>4</Level><Task>5</Task><Opcode>0</Opcode><Keywords>0x8000000000000000</Keywords><TimeCreated SystemTime="2026-01-13T08:40:11.308175000Z"/><EventRecordID>577332</EventRecordID><Correlation/><Execution ProcessID="5412" ThreadID="5412"/><Channel>Linux-Sysmon/Operational</Channel><Computer>vincenzolog-VMware-Virtual-Platform</Computer><Security UserId="0"/></System><EventData><Data Name="RuleName">-</Data><Data Name="UtcTime">2026-01-12 10:49:36.849</Data><Data Name="ProcessGuid">{8b8a9dc4-d1c0-6964-b194-3cb6865d0000}</Data><Data Name="ProcessId">210496</Data><Data Name="Image">/usr/bin/dpkg</Data><Data Name="User">_apt</Data></EventData></Event>
Jan 13 15:40:11 vincenzolog-VMware-Virtual-Platform sysmon[5412]: <Event><System><Provider Name="Linux-Sysmon" Guid="{ff032593-a8d3-4f13-b0d6-01fc615a0f97}"/><EventID>5</EventID><Version>3</Version><Level>4</Level><Task>5</Task><Opcode>0</Opcode><Keywords>0x8000000000000000</Keywords><TimeCreated SystemTime="2026-01-13T08:40:11.309158000Z"/><EventRecordID>577333</EventRecordID><Correlation/><Execution ProcessID="5412" ThreadID="5412"/><Channel>Linux-Sysmon/Operational</Channel><Computer>vincenzolog-VMware-Virtual-Platform</Computer><Security UserId="0"/></System><EventData><Data Name="RuleName">-</Data><Data Name="UtcTime">2026-01-12 10:49:36.850</Data><Data Name="ProcessGuid">{8b8a9dc4-d1c0-6964-4590-7b55df560000}</Data><Data Name="ProcessId">210495</Data><Data Name="Image">/usr/bin/apt-config</Data><Data Name="User">_apt</Data></EventData></Event>
Jan 13 15:40:11 vincenzolog-VMware-Virtual-Platform sysmon[5412]: <Event><System><Provider Name="Linux-Sysmon" Guid="{ff032593-a8d3-4f13-b0d6-01fc615a0f97}"/><EventID>1</EventID><Version>5</Version><Level>4</Level><Task>1</Task><Opcode>0</Opcode><Keywords>0x8000000000000000</Keywords><TimeCreated SystemTime="2026-01-13T08:40:11.310277000Z"/><EventRecordID>577334</EventRecordID><Correlation/><Execution ProcessID="5412" ThreadID="5412"/><Channel>Linux-Sysmon/Operational</Channel><Computer>vincenzolog-VMware-Virtual-Platform</Computer><Security UserId="0"/></System><EventData><Data Name="RuleName">-</Data><Data Name="UtcTime">2026-01-12 10:49:36.850</Data><Data Name="ProcessGuid">{8b8a9dc4-d1c0-6964-45b0-848874580000}</Data><Data Name="ProcessId">210497</Data><Data Name="Image">/usr/bin/apt-config</Data><Data Name="FileVersion">-</Data><Data Name="Description">-</Data><Data Name="Product">-</Data><Data Name="Company">-</Data><Data Name="OriginalFileName">-</Data><Data Name="CommandLine">apt-config shell GPGV Apt::Key::gpgvcommand ASSERT_PUBKEY_ALGO Apt::Key::assert-pubkey-algo</Data><Data Name="CurrentDirectory">/home/vincenzolog/Auto_test</Data><Data Name="User">_apt</Data><Data Name="LogonGuid">{8b8a9dc4-0000-0000-2a00-000005000000}</Data><Data Name="LogonId">42</Data><Data Name="TerminalSessionId">3</Data><Data Name="IntegrityLevel">no level</Data><Data Name="Hashes">SHA256=44ec8b9197670a2c12ed2c6b837dd623c23b641e8c491be03ccefc23dd0fba8c</Data><Data Name="ParentProcessGuid">{8b8a9dc4-d1c0-6964-1d58-72b9a7570000}</Data><Data Name="ParentProcessId">210482</Data><Data Name="ParentImage">/usr/bin/dash</Data><Data Name="ParentCommandLine">/bin/sh</Data><Data Name="ParentUser">_apt</Data></EventData></Event>
Jan 13 15:40:11 vincenzolog-VMware-Virtual-Platform sysmon[5412]: <Event><System><Provider Name="Linux-Sysmon" Guid="{ff032593-a8d3-4f13-b0d6-01fc615a0f97}"/><EventID>1</EventID><Version>5</Version><Level>4</Level><Task>1</Task><Opcode>0</Opcode><Keywords>0x8000000000000000</Keywords><TimeCreated SystemTime="2026-01-13T08:40:11.316461000Z"/><EventRecordID>577335</EventRecordID><Correlation/><Execution ProcessID="5412" ThreadID="5412"/><Channel>Linux-Sysmon/Operational</Channel><Computer>vincenzolog-VMware-Virtual-Platform</Computer><Security UserId="0"/></System><EventData><Data Name="RuleName">-</Data><Data Name="UtcTime">2026-01-12 10:49:36.856</Data><Data Name="ProcessGuid">{8b8a9dc4-d1c0-6964-b184-5d5b8f640000}</Data><Data Name="ProcessId">210498</Data><Data Name="Image">/usr/bin/dpkg</Data><Data Name="FileVersion">-</Data><Data Name="Description">-</Data><Data Name="Product">-</Data><Data Name="Company">-</Data><Data Name="OriginalFileName">-</Data><Data Name="CommandLine">/usr/bin/dpkg --print-foreign-architectures</Data><Data Name="CurrentDirectory">/home/vincenzolog/Auto_test</Data><Data Name="User">_apt</Data><Data Name="LogonGuid">{8b8a9dc4-0000-0000-2a00-000005000000}</Data><Data Name="LogonId">42</Data><Data Name="TerminalSessionId">3</Data><Data Name="IntegrityLevel">no level</Data><Data Name="Hashes">SHA256=052d7ffc6a813d0744e45b89ed2d9f4c6368b5ee9126aef1c7290d6cac38e287</Data><Data Name="ParentProcessGuid">{8b8a9dc4-d1c0-6964-45b0-848874580000}</Data><Data Name="ParentProcessId">210497</Data><Data Name="ParentImage">/usr/bin/apt-config</Data><Data Name="ParentCommandLine">apt-config</Data><Data Name="ParentUser">_apt</Data></EventData></Event>
Jan 13 15:40:11 vincenzolog-VMware-Virtual-Platform sysmon[5412]: <Event><System><Provider Name="Linux-Sysmon" Guid="{ff032593-a8d3-4f13-b0d6-01fc615a0f97}"/><EventID>5</EventID><Version>3</Version><Level>4</Level><Task>5</Task><Opcode>0</Opcode><Keywords>0x8000000000000000</Keywords><TimeCreated SystemTime="2026-01-13T08:40:11.317716000Z"/><EventRecordID>577336</EventRecordID><Correlation/><Execution ProcessID="5412" ThreadID="5412"/><Channel>Linux-Sysmon/Operational</Channel><Computer>vincenzolog-VMware-Virtual-Platform</Computer><Security UserId="0"/></System><EventData><Data Name="RuleName">-</Data><Data Name="UtcTime">2026-01-12 10:49:36.858</Data><Data Name="ProcessGuid">{8b8a9dc4-d1c0-6964-b184-5d5b8f640000}</Data><Data Name="ProcessId">210498</Data><Data Name="Image">/usr/bin/dpkg</Data><Data Name="User">_apt</Data></EventData></Event>
Jan 13 15:40:11 vincenzolog-VMware-Virtual-Platform sysmon[5412]: <Event><System><Provider Name="Linux-Sysmon" Guid="{ff032593-a8d3-4f13-b0d6-01fc615a0f97}"/><EventID>5</EventID><Version>3</Version><Level>4</Level><Task>5</Task><Opcode>0</Opcode><Keywords>0x8000000000000000</Keywords><TimeCreated SystemTime="2026-01-13T08:40:11.318511000Z"/><EventRecordID>577337</EventRecordID><Correlation/><Execution ProcessID="5412" ThreadID="5412"/><Channel>Linux-Sysmon/Operational</Channel><Computer>vincenzolog-VMware-Virtual-Platform</Computer><Security UserId="0"/></System><EventData><Data Name="RuleName">-</Data><Data Name="UtcTime">2026-01-12 10:49:36.859</Data><Data Name="ProcessGuid">{8b8a9dc4-d1c0-6964-45b0-848874580000}</Data><Data Name="ProcessId">210497</Data><Data Name="Image">/usr/bin/apt-config</Data><Data Name="User">_apt</Data></EventData></Event>
Jan 13 15:40:11 vincenzolog-VMware-Virtual-Platform sysmon[5412]: <Event><System><Provider Name="Linux-Sysmon" Guid="{ff032593-a8d3-4f13-b0d6-01fc615a0f97}"/><EventID>1</EventID><Version>5</Version><Level>4</Level><Task>1</Task><Opcode>0</Opcode><Keywords>0x8000000000000000</Keywords><TimeCreated SystemTime="2026-01-13T08:40:11.320053000Z"/><EventRecordID>577338</EventRecordID><Correlation/><Execution ProcessID="5412" ThreadID="5412"/><Channel>Linux-Sysmon/Operational</Channel><Computer>vincenzolog-VMware-Virtual-Platform</Computer><Security UserId="0"/></System><EventData><Data Name="RuleName">-</Data><Data Name="UtcTime">2026-01-12 10:49:36.860</Data><Data Name="ProcessGuid">{8b8a9dc4-d1c0-6964-c1d7-7486245d0000}</Data><Data Name="ProcessId">210500</Data><Data Name="Image">/usr/bin/gpgv</Data><Data Name="FileVersion">-</Data><Data Name="Description">-</Data><Data Name="Product">-</Data><Data Name="Company">-</Data><Data Name="OriginalFileName">-</Data><Data Name="CommandLine">gpgv --assert-pubkey-algo</Data><Data Name="CurrentDirectory">/home/vincenzolog/Auto_test</Data><Data Name="User">_apt</Data><Data Name="LogonGuid">{8b8a9dc4-0000-0000-2a00-000005000000}</Data><Data Name="LogonId">42</Data><Data Name="TerminalSessionId">3</Data><Data Name="IntegrityLevel">no level</Data><Data Name="Hashes">SHA256=097b577cdf8b51dcc1fb42417d5ef3ca2e22b36a8ad16c9df4bd083a38fe476c</Data><Data Name="ParentProcessGuid">{00000000-0000-0000-0000-000000000000}</Data><Data Name="ParentProcessId">210499</Data><Data Name="ParentImage">-</Data><Data Name="ParentCommandLine">-</Data><Data Name="ParentUser">-</Data></EventData></Event>
Jan 13 15:40:11 vincenzolog-VMware-Virtual-Platform sysmon[5412]: <Event><System><Provider Name="Linux-Sysmon" Guid="{ff032593-a8d3-4f13-b0d6-01fc615a0f97}"/><EventID>5</EventID><Version>3</Version><Level>4</Level><Task>5</Task><Opcode>0</Opcode><Keywords>0x8000000000000000</Keywords><TimeCreated SystemTime="2026-01-13T08:40:11.321856000Z"/><EventRecordID>577339</EventRecordID><Correlation/><Execution ProcessID="5412" ThreadID="5412"/><Channel>Linux-Sysmon/Operational</Channel><Computer>vincenzolog-VMware-Virtual-Platform</Computer><Security UserId="0"/></System><EventData><Data Name="RuleName">-</Data><Data Name="UtcTime">2026-01-12 10:49:36.862</Data><Data Name="ProcessGuid">{8b8a9dc4-d1c0-6964-c1d7-7486245d0000}</Data><Data Name="ProcessId">210500</Data><Data Name="Image">/usr/bin/gpgv</Data><Data Name="User">_apt</Data></EventData></Event>
Jan 13 15:40:11 vincenzolog-VMware-Virtual-Platform sysmon[5412]: <Event><System><Provider Name="Linux-Sysmon" Guid="{ff032593-a8d3-4f13-b0d6-01fc615a0f97}"/><EventID>5</EventID><Version>3</Version><Level>4</Level><Task>5</Task><Opcode>0</Opcode><Keywords>0x8000000000000000</Keywords><TimeCreated SystemTime="2026-01-13T08:40:11.322309000Z"/><EventRecordID>577340</EventRecordID><Correlation/><Execution ProcessID="5412" ThreadID="5412"/><Channel>Linux-Sysmon/Operational</Channel><Computer>vincenzolog-VMware-Virtual-Platform</Computer><Security UserId="0"/></System><EventData><Data Name="RuleName">-</Data><Data Name="UtcTime">2026-01-12 10:49:36.863</Data><Data Name="ProcessGuid">{8b8a9dc4-d1c0-6964-0000-000000000000}</Data><Data Name="ProcessId">210499</Data><Data Name="Image">-</Data><Data Name="User">_apt</Data></EventData></Event>
Jan 13 15:40:11 vincenzolog-VMware-Virtual-Platform sysmon[5412]: <Event><System><Provider Name="Linux-Sysmon" Guid="{ff032593-a8d3-4f13-b0d6-01fc615a0f97}"/><EventID>1</EventID><Version>5</Version><Level>4</Level><Task>1</Task><Opcode>0</Opcode><Keywords>0x8000000000000000</Keywords><TimeCreated SystemTime="2026-01-13T08:40:11.323273000Z"/><EventRecordID>577341</EventRecordID><Correlation/><Execution ProcessID="5412" ThreadID="5412"/><Channel>Linux-Sysmon/Operational</Channel><Computer>vincenzolog-VMware-Virtual-Platform</Computer><Security UserId="0"/></System><EventData><Data Name="RuleName">-</Data><Data Name="UtcTime">2026-01-12 10:49:36.863</Data><Data Name="ProcessGuid">{8b8a9dc4-d1c0-6964-615e-ed5ae6550000}</Data><Data Name="ProcessId">210501</Data><Data Name="Image">/usr/bin/mktemp</Data><Data Name="FileVersion">-</Data><Data Name="Description">-</Data><Data Name="Product">-</Data><Data Name="Company">-</Data><Data Name="OriginalFileName">-</Data><Data Name="CommandLine">mktemp --directory --tmpdir apt-key-gpghome.XXXXXXXXXX</Data><Data Name="CurrentDirectory">/home/vincenzolog/Auto_test</Data><Data Name="User">_apt</Data><Data Name="LogonGuid">{8b8a9dc4-0000-0000-2a00-000005000000}</Data><Data Name="LogonId">42</Data><Data Name="TerminalSessionId">3</Data><Data Name="IntegrityLevel">no level</Data><Data Name="Hashes">SHA256=f580f6b40b1c1c8f515fa45ac794ea784fea5370d17888339c1cd9b7213d5589</Data><Data Name="ParentProcessGuid">{8b8a9dc4-d1c0-6964-1d58-72b9a7570000}</Data><Data Name="ParentProcessId">210482</Data><Data Name="ParentImage">/usr/bin/dash</Data><Data Name="ParentCommandLine">/bin/sh</Data><Data Name="ParentUser">_apt</Data></EventData></Event>
Jan 13 15:40:11 vincenzolog-VMware-Virtual-Platform sysmon[5412]: <Event><System><Provider Name="Linux-Sysmon" Guid="{ff032593-a8d3-4f13-b0d6-01fc615a0f97}"/><EventID>5</EventID><Version>3</Version><Level>4</Level><Task>5</Task><Opcode>0</Opcode><Keywords>0x8000000000000000</Keywords><TimeCreated SystemTime="2026-01-13T08:40:11.324493000Z"/><EventRecordID>577342</EventRecordID><Correlation/><Execution ProcessID="5412" ThreadID="5412"/><Channel>Linux-Sysmon/Operational</Channel><Computer>vincenzolog-VMware-Virtual-Platform</Computer><Security UserId="0"/></System><EventData><Data Name="RuleName">-</Data><Data Name="UtcTime">2026-01-12 10:49:36.865</Data><Data Name="ProcessGuid">{8b8a9dc4-d1c0-6964-615e-ed5ae6550000}</Data><Data Name="ProcessId">210501</Data><Data Name="Image">/usr/bin/mktemp</Data><Data Name="User">_apt</Data></EventData></Event>
Jan 13 15:40:11 vincenzolog-VMware-Virtual-Platform sysmon[5412]: <Event><System><Provider Name="Linux-Sysmon" Guid="{ff032593-a8d3-4f13-b0d6-01fc615a0f97}"/><EventID>1</EventID><Version>5</Version><Level>4</Level><Task>1</Task><Opcode>0</Opcode><Keywords>0x8000000000000000</Keywords><TimeCreated SystemTime="2026-01-13T08:40:11.325149000Z"/><EventRecordID>577343</EventRecordID><Correlation/><Execution ProcessID="5412" ThreadID="5412"/><Channel>Linux-Sysmon/Operational</Channel><Computer>vincenzolog-VMware-Virtual-Platform</Computer><Security UserId="0"/></System><EventData><Data Name="RuleName">-</Data><Data Name="UtcTime">2026-01-12 10:49:36.865</Data><Data Name="ProcessGuid">{8b8a9dc4-d1c0-6964-d17f-b62877550000}</Data><Data Name="ProcessId">210502</Data><Data Name="Image">/usr/bin/chmod</Data><Data Name="FileVersion">-</Data><Data Name="Description">-</Data><Data Name="Product">-</Data><Data Name="Company">-</Data><Data Name="OriginalFileName">-</Data><Data Name="CommandLine">chmod 700 /tmp/apt-key-gpghome.a7TPcPQzqp</Data><Data Name="CurrentDirectory">/home/vincenzolog/Auto_test</Data><Data Name="User">_apt</Data><Data Name="LogonGuid">{8b8a9dc4-0000-0000-2a00-000005000000}</Data><Data Name="LogonId">42</Data><Data Name="TerminalSessionId">3</Data><Data Name="IntegrityLevel">no level</Data><Data Name="Hashes">SHA256=f162501708c719c786ddceb78c2cc3b48dc2e33683114da199223c978bd62324</Data><Data Name="ParentProcessGuid">{8b8a9dc4-d1c0-6964-1d58-72b9a7570000}</Data><Data Name="ParentProcessId">210482</Data><Data Name="ParentImage">/usr/bin/dash</Data><Data Name="ParentCommandLine">/bin/sh</Data><Data Name="ParentUser">_apt</Data></EventData></Event>
Jan 13 15:40:11 vincenzolog-VMware-Virtual-Platform sysmon[5412]: <Event><System><Provider Name="Linux-Sysmon" Guid="{ff032593-a8d3-4f13-b0d6-01fc615a0f97}"/><EventID>5</EventID><Version>3</Version><Level>4</Level><Task>5</Task><Opcode>0</Opcode><Keywords>0x8000000000000000</Keywords><TimeCreated SystemTime="2026-01-13T08:40:11.326302000Z"/><EventRecordID>577344</EventRecordID><Correlation/><Execution ProcessID="5412" ThreadID="5412"/><Channel>Linux-Sysmon/Operational</Channel><Computer>vincenzolog-VMware-Virtual-Platform</Computer><Security UserId="0"/></System><EventData><Data Name="RuleName">-</Data><Data Name="UtcTime">2026-01-12 10:49:36.867</Data><Data Name="ProcessGuid">{8b8a9dc4-d1c0-6964-d17f-b62877550000}</Data><Data Name="ProcessId">210502</Data><Data Name="Image">/usr/bin/chmod</Data><Data Name="User">_apt</Data></EventData></Event>
Jan 13 15:40:11 vincenzolog-VMware-Virtual-Platform sysmon[5412]: <Event><System><Provider Name="Linux-Sysmon" Guid="{ff032593-a8d3-4f13-b0d6-01fc615a0f97}"/><EventID>1</EventID><Version>5</Version><Level>4</Level><Task>1</Task><Opcode>0</Opcode><Keywords>0x8000000000000000</Keywords><TimeCreated SystemTime="2026-01-13T08:40:11.327196000Z"/><EventRecordID>577345</EventRecordID><Correlation/><Execution ProcessID="5412" ThreadID="5412"/><Channel>Linux-Sysmon/Operational</Channel><Computer>vincenzolog-VMware-Virtual-Platform</Computer><Security UserId="0"/></System><EventData><Data Name="RuleName">-</Data><Data Name="UtcTime">2026-01-12 10:49:36.867</Data><Data Name="ProcessGuid">{8b8a9dc4-d1c0-6964-91c0-e0f5da5a0000}</Data><Data Name="ProcessId">210503</Data><Data Name="Image">/usr/bin/readlink</Data><Data Name="FileVersion">-</Data><Data Name="Description">-</Data><Data Name="Product">-</Data><Data Name="Company">-</Data><Data Name="OriginalFileName">-</Data><Data Name="CommandLine">readlink -f /tmp/apt-key-gpghome.a7TPcPQzqp</Data><Data Name="CurrentDirectory">/home/vincenzolog/Auto_test</Data><Data Name="User">_apt</Data><Data Name="LogonGuid">{8b8a9dc4-0000-0000-2a00-000005000000}</Data><Data Name="LogonId">42</Data><Data Name="TerminalSessionId">3</Data><Data Name="IntegrityLevel">no level</Data><Data Name="Hashes">SHA256=50ed90349234d4db9575c4945f20467666387695a4abf619f14066d097700891</Data><Data Name="ParentProcessGuid">{8b8a9dc4-d1c0-6964-1d58-72b9a7570000}</Data><Data Name="ParentProcessId">210482</Data><Data Name="ParentImage">/usr/bin/dash</Data><Data Name="ParentCommandLine">/bin/sh</Data><Data Name="ParentUser">_apt</Data></EventData></Event>
Jan 13 15:40:11 vincenzolog-VMware-Virtual-Platform sysmon[5412]: <Event><System><Provider Name="Linux-Sysmon" Guid="{ff032593-a8d3-4f13-b0d6-01fc615a0f97}"/><EventID>5</EventID><Version>3</Version><Level>4</Level><Task>5</Task><Opcode>0</Opcode><Keywords>0x8000000000000000</Keywords><TimeCreated SystemTime="2026-01-13T08:40:11.328218000Z"/><EventRecordID>577346</EventRecordID><Correlation/><Execution ProcessID="5412" ThreadID="5412"/><Channel>Linux-Sysmon/Operational</Channel><Computer>vincenzolog-VMware-Virtual-Platform</Computer><Security UserId="0"/></System><EventData><Data Name="RuleName">-</Data><Data Name="UtcTime">2026-01-12 10:49:36.869</Data><Data Name="ProcessGuid">{8b8a9dc4-d1c0-6964-91c0-e0f5da5a0000}</Data><Data Name="ProcessId">210503</Data><Data Name="Image">/usr/bin/readlink</Data><Data Name="User">_apt</Data></EventData></Event>
Jan 13 15:40:11 vincenzolog-VMware-Virtual-Platform sysmon[5412]: <Event><System><Provider Name="Linux-Sysmon" Guid="{ff032593-a8d3-4f13-b0d6-01fc615a0f97}"/><EventID>1</EventID><Version>5</Version><Level>4</Level><Task>1</Task><Opcode>0</Opcode><Keywords>0x8000000000000000</Keywords><TimeCreated SystemTime="2026-01-13T08:40:11.328842000Z"/><EventRecordID>577347</EventRecordID><Correlation/><Execution ProcessID="5412" ThreadID="5412"/><Channel>Linux-Sysmon/Operational</Channel><Computer>vincenzolog-VMware-Virtual-Platform</Computer><Security UserId="0"/></System><EventData><Data Name="RuleName">-</Data><Data Name="UtcTime">2026-01-12 10:49:36.869</Data><Data Name="ProcessGuid">{8b8a9dc4-d1c0-6964-41aa-2d42375a0000}</Data><Data Name="ProcessId">210504</Data><Data Name="Image">/usr/bin/rm</Data><Data Name="FileVersion">-</Data><Data Name="Description">-</Data><Data Name="Product">-</Data><Data Name="Company">-</Data><Data Name="OriginalFileName">-</Data><Data Name="CommandLine">rm -f /tmp/apt-key-gpghome.a7TPcPQzqp/pubring.gpg</Data><Data Name="CurrentDirectory">/home/vincenzolog/Auto_test</Data><Data Name="User">_apt</Data><Data Name="LogonGuid">{8b8a9dc4-0000-0000-2a00-000005000000}</Data><Data Name="LogonId">42</Data><Data Name="TerminalSessionId">3</Data><Data Name="IntegrityLevel">no level</Data><Data Name="Hashes">SHA256=8e3faaa5eb4a2a4d0e2788fe442bcac6d604be5a0c5a9f09d08f06e3a3fcf570</Data><Data Name="ParentProcessGuid">{8b8a9dc4-d1c0-6964-1d58-72b9a7570000}</Data><Data Name="ParentProcessId">210482</Data><Data Name="ParentImage">/usr/bin/dash</Data><Data Name="ParentCommandLine">/bin/sh</Data><Data Name="ParentUser">_apt</Data></EventData></Event>
Jan 13 15:40:11 vincenzolog-VMware-Virtual-Platform sysmon[5412]: <Event><System><Provider Name="Linux-Sysmon" Guid="{ff032593-a8d3-4f13-b0d6-01fc615a0f97}"/><EventID>5</EventID><Version>3</Version><Level>4</Level><Task>5</Task><Opcode>0</Opcode><Keywords>0x8000000000000000</Keywords><TimeCreated SystemTime="2026-01-13T08:40:11.330031000Z"/><EventRecordID>577348</EventRecordID><Correlation/><Execution ProcessID="5412" ThreadID="5412"/><Channel>Linux-Sysmon/Operational</Channel><Computer>vincenzolog-VMware-Virtual-Platform</Computer><Security UserId="0"/></System><EventData><Data Name="RuleName">-</Data><Data Name="UtcTime">2026-01-12 10:49:36.870</Data><Data Name="ProcessGuid">{8b8a9dc4-d1c0-6964-41aa-2d42375a0000}</Data><Data Name="ProcessId">210504</Data><Data Name="Image">/usr/bin/rm</Data><Data Name="User">_apt</Data></EventData></Event>
