Jan 13 15:50:04 vincenzolog-VMware-Virtual-Platform sysmon[5412]: <Event><System><Provider Name="Linux-Sysmon" Guid="{ff032593-a8d3-4f13-b0d6-01fc615a0f97}"/><EventID>5</EventID><Version>3</Version><Level>4</Level><Task>5</Task><Opcode>0</Opcode><Keywords>0x8000000000000000</Keywords><TimeCreated SystemTime="2026-01-13T08:50:04.136378000Z"/><EventRecordID>642839</EventRecordID><Correlation/><Execution ProcessID="5412" ThreadID="5412"/><Channel>Linux-Sysmon/Operational</Channel><Computer>vincenzolog-VMware-Virtual-Platform</Computer><Security UserId="0"/></System><EventData><Data Name="RuleName">-</Data><Data Name="UtcTime">2026-01-12 10:59:29.677</Data><Data Name="ProcessGuid">{8b8a9dc4-d411-6964-b1a4-ea5082590000}</Data><Data Name="ProcessId">250775</Data><Data Name="Image">/usr/bin/cat</Data><Data Name="User">_apt</Data></EventData></Event>
Jan 13 15:50:04 vincenzolog-VMware-Virtual-Platform sysmon[5412]: <Event><System><Provider Name="Linux-Sysmon" Guid="{ff032593-a8d3-4f13-b0d6-01fc615a0f97}"/><EventID>1</EventID><Version>5</Version><Level>4</Level><Task>1</Task><Opcode>0</Opcode><Keywords>0x8000000000000000</Keywords><TimeCreated SystemTime="2026-01-13T08:50:04.137035000Z"/><EventRecordID>642840</EventRecordID><Correlation/><Execution ProcessID="5412" ThreadID="5412"/><Channel>Linux-Sysmon/Operational</Channel><Computer>vincenzolog-VMware-Virtual-Platform</Computer><Security UserId="0"/></System><EventData><Data Name="RuleName">-</Data><Data Name="UtcTime">2026-01-12 10:59:29.677</Data><Data Name="ProcessGuid">{8b8a9dc4-d411-6964-e13c-380889590000}</Data><Data Name="ProcessId">250776</Data><Data Name="Image">/usr/bin/cp</Data><Data Name="FileVersion">-</Data><Data Name="Description">-</Data><Data Name="Product">-</Data><Data Name="Company">-</Data><Data Name="OriginalFileName">-</Data><Data Name="CommandLine">cp -a /tmp/apt-key-gpghome.8uERGvQgtU/pubring.gpg /tmp/apt-key-gpghome.8uERGvQgtU/pubring.orig.gpg</Data><Data Name="CurrentDirectory">/home/vincenzolog/Auto_test</Data><Data Name="User">_apt</Data><Data Name="LogonGuid">{8b8a9dc4-0000-0000-2a00-000004000000}</Data><Data Name="LogonId">42</Data><Data Name="TerminalSessionId">3</Data><Data Name="IntegrityLevel">no level</Data><Data Name="Hashes">SHA256=2e17fe58f9bd77232d9565a503fb43f20bdc2206a3c6bf0d841071a1da6efd35</Data><Data Name="ParentProcessGuid">{8b8a9dc4-d411-6964-1d18-4cc3b45a0000}</Data><Data Name="ParentProcessId">250733</Data><Data Name="ParentImage">/usr/bin/dash</Data><Data Name="ParentCommandLine">/bin/sh</Data><Data Name="ParentUser">_apt</Data></EventData></Event>
Jan 13 15:50:04 vincenzolog-VMware-Virtual-Platform sysmon[5412]: <Event><System><Provider Name="Linux-Sysmon" Guid="{ff032593-a8d3-4f13-b0d6-01fc615a0f97}"/><EventID>5</EventID><Version>3</Version><Level>4</Level><Task>5</Task><Opcode>0</Opcode><Keywords>0x8000000000000000</Keywords><TimeCreated SystemTime="2026-01-13T08:50:04.138604000Z"/><EventRecordID>642841</EventRecordID><Correlation/><Execution ProcessID="5412" ThreadID="5412"/><Channel>Linux-Sysmon/Operational</Channel><Computer>vincenzolog-VMware-Virtual-Platform</Computer><Security UserId="0"/></System><EventData><Data Name="RuleName">-</Data><Data Name="UtcTime">2026-01-12 10:59:29.679</Data><Data Name="ProcessGuid">{8b8a9dc4-d411-6964-e13c-380889590000}</Data><Data Name="ProcessId">250776</Data><Data Name="Image">/usr/bin/cp</Data><Data Name="User">_apt</Data></EventData></Event>
Jan 13 15:50:04 vincenzolog-VMware-Virtual-Platform sysmon[5412]: <Event><System><Provider Name="Linux-Sysmon" Guid="{ff032593-a8d3-4f13-b0d6-01fc615a0f97}"/><EventID>5</EventID><Version>3</Version><Level>4</Level><Task>5</Task><Opcode>0</Opcode><Keywords>0x8000000000000000</Keywords><TimeCreated SystemTime="2026-01-13T08:50:04.139545000Z"/><EventRecordID>642842</EventRecordID><Correlation/><Execution ProcessID="5412" ThreadID="5412"/><Channel>Linux-Sysmon/Operational</Channel><Computer>vincenzolog-VMware-Virtual-Platform</Computer><Security UserId="0"/></System><EventData><Data Name="RuleName">-</Data><Data Name="UtcTime">2026-01-12 10:59:29.680</Data><Data Name="ProcessGuid">{8b8a9dc4-d411-6964-0000-000000000000}</Data><Data Name="ProcessId">250778</Data><Data Name="Image">-</Data><Data Name="User">_apt</Data></EventData></Event>
Jan 13 15:50:04 vincenzolog-VMware-Virtual-Platform sysmon[5412]: <Event><System><Provider Name="Linux-Sysmon" Guid="{ff032593-a8d3-4f13-b0d6-01fc615a0f97}"/><EventID>1</EventID><Version>5</Version><Level>4</Level><Task>1</Task><Opcode>0</Opcode><Keywords>0x8000000000000000</Keywords><TimeCreated SystemTime="2026-01-13T08:50:04.140264000Z"/><EventRecordID>642843</EventRecordID><Correlation/><Execution ProcessID="5412" ThreadID="5412"/><Channel>Linux-Sysmon/Operational</Channel><Computer>vincenzolog-VMware-Virtual-Platform</Computer><Security UserId="0"/></System><EventData><Data Name="RuleName">-</Data><Data Name="UtcTime">2026-01-12 10:59:29.680</Data><Data Name="ProcessGuid">{8b8a9dc4-d411-6964-81de-2039e7600000}</Data><Data Name="ProcessId">250779</Data><Data Name="Image">/usr/bin/sed</Data><Data Name="FileVersion">-</Data><Data Name="Description">-</Data><Data Name="Product">-</Data><Data Name="Company">-</Data><Data Name="OriginalFileName">-</Data><Data Name="CommandLine">sed -e s#'#'&quot;'&quot;'#g</Data><Data Name="CurrentDirectory">/home/vincenzolog/Auto_test</Data><Data Name="User">_apt</Data><Data Name="LogonGuid">{8b8a9dc4-0000-0000-2a00-000004000000}</Data><Data Name="LogonId">42</Data><Data Name="TerminalSessionId">3</Data><Data Name="IntegrityLevel">no level</Data><Data Name="Hashes">SHA256=db67d4895f868617bfd19786247ebda7c2f50f4cb3857a987f732a2c267a799e</Data><Data Name="ParentProcessGuid">{00000000-0000-0000-0000-000000000000}</Data><Data Name="ParentProcessId">250777</Data><Data Name="ParentImage">-</Data><Data Name="ParentCommandLine">-</Data><Data Name="ParentUser">-</Data></EventData></Event>
Jan 13 15:50:04 vincenzolog-VMware-Virtual-Platform sysmon[5412]: <Event><System><Provider Name="Linux-Sysmon" Guid="{ff032593-a8d3-4f13-b0d6-01fc615a0f97}"/><EventID>5</EventID><Version>3</Version><Level>4</Level><Task>5</Task><Opcode>0</Opcode><Keywords>0x8000000000000000</Keywords><TimeCreated SystemTime="2026-01-13T08:50:04.141720000Z"/><EventRecordID>642844</EventRecordID><Correlation/><Execution ProcessID="5412" ThreadID="5412"/><Channel>Linux-Sysmon/Operational</Channel><Computer>vincenzolog-VMware-Virtual-Platform</Computer><Security UserId="0"/></System><EventData><Data Name="RuleName">-</Data><Data Name="UtcTime">2026-01-12 10:59:29.682</Data><Data Name="ProcessGuid">{8b8a9dc4-d411-6964-81de-2039e7600000}</Data><Data Name="ProcessId">250779</Data><Data Name="Image">/usr/bin/sed</Data><Data Name="User">_apt</Data></EventData></Event>
Jan 13 15:50:04 vincenzolog-VMware-Virtual-Platform sysmon[5412]: <Event><System><Provider Name="Linux-Sysmon" Guid="{ff032593-a8d3-4f13-b0d6-01fc615a0f97}"/><EventID>5</EventID><Version>3</Version><Level>4</Level><Task>5</Task><Opcode>0</Opcode><Keywords>0x8000000000000000</Keywords><TimeCreated SystemTime="2026-01-13T08:50:04.142123000Z"/><EventRecordID>642845</EventRecordID><Correlation/><Execution ProcessID="5412" ThreadID="5412"/><Channel>Linux-Sysmon/Operational</Channel><Computer>vincenzolog-VMware-Virtual-Platform</Computer><Security UserId="0"/></System><EventData><Data Name="RuleName">-</Data><Data Name="UtcTime">2026-01-12 10:59:29.682</Data><Data Name="ProcessGuid">{8b8a9dc4-d411-6964-0000-000000000000}</Data><Data Name="ProcessId">250777</Data><Data Name="Image">-</Data><Data Name="User">_apt</Data></EventData></Event>
Jan 13 15:50:04 vincenzolog-VMware-Virtual-Platform sysmon[5412]: <Event><System><Provider Name="Linux-Sysmon" Guid="{ff032593-a8d3-4f13-b0d6-01fc615a0f97}"/><EventID>5</EventID><Version>3</Version><Level>4</Level><Task>5</Task><Opcode>0</Opcode><Keywords>0x8000000000000000</Keywords><TimeCreated SystemTime="2026-01-13T08:50:04.143047000Z"/><EventRecordID>642846</EventRecordID><Correlation/><Execution ProcessID="5412" ThreadID="5412"/><Channel>Linux-Sysmon/Operational</Channel><Computer>vincenzolog-VMware-Virtual-Platform</Computer><Security UserId="0"/></System><EventData><Data Name="RuleName">-</Data><Data Name="UtcTime">2026-01-12 10:59:29.683</Data><Data Name="ProcessGuid">{8b8a9dc4-d411-6964-0000-000000000000}</Data><Data Name="ProcessId">250781</Data><Data Name="Image">-</Data><Data Name="User">_apt</Data></EventData></Event>
Jan 13 15:50:04 vincenzolog-VMware-Virtual-Platform sysmon[5412]: <Event><System><Provider Name="Linux-Sysmon" Guid="{ff032593-a8d3-4f13-b0d6-01fc615a0f97}"/><EventID>1</EventID><Version>5</Version><Level>4</Level><Task>1</Task><Opcode>0</Opcode><Keywords>0x8000000000000000</Keywords><TimeCreated SystemTime="2026-01-13T08:50:04.143432000Z"/><EventRecordID>642847</EventRecordID><Correlation/><Execution ProcessID="5412" ThreadID="5412"/><Channel>Linux-Sysmon/Operational</Channel><Computer>vincenzolog-VMware-Virtual-Platform</Computer><Security UserId="0"/></System><EventData><Data Name="RuleName">-</Data><Data Name="UtcTime">2026-01-12 10:59:29.683</Data><Data Name="ProcessGuid">{8b8a9dc4-d411-6964-814e-33c4d35a0000}</Data><Data Name="ProcessId">250782</Data><Data Name="Image">/usr/bin/sed</Data><Data Name="FileVersion">-</Data><Data Name="Description">-</Data><Data Name="Product">-</Data><Data Name="Company">-</Data><Data Name="OriginalFileName">-</Data><Data Name="CommandLine">sed -e s#'#'&quot;'&quot;'#g</Data><Data Name="CurrentDirectory">/home/vincenzolog/Auto_test</Data><Data Name="User">_apt</Data><Data Name="LogonGuid">{8b8a9dc4-0000-0000-2a00-000004000000}</Data><Data Name="LogonId">42</Data><Data Name="TerminalSessionId">3</Data><Data Name="IntegrityLevel">no level</Data><Data Name="Hashes">SHA256=db67d4895f868617bfd19786247ebda7c2f50f4cb3857a987f732a2c267a799e</Data><Data Name="ParentProcessGuid">{00000000-0000-0000-0000-000000000000}</Data><Data Name="ParentProcessId">250780</Data><Data Name="ParentImage">-</Data><Data Name="ParentCommandLine">-</Data><Data Name="ParentUser">-</Data></EventData></Event>
Jan 13 15:50:04 vincenzolog-VMware-Virtual-Platform sysmon[5412]: <Event><System><Provider Name="Linux-Sysmon" Guid="{ff032593-a8d3-4f13-b0d6-01fc615a0f97}"/><EventID>5</EventID><Version>3</Version><Level>4</Level><Task>5</Task><Opcode>0</Opcode><Keywords>0x8000000000000000</Keywords><TimeCreated SystemTime="2026-01-13T08:50:04.144873000Z"/><EventRecordID>642848</EventRecordID><Correlation/><Execution ProcessID="5412" ThreadID="5412"/><Channel>Linux-Sysmon/Operational</Channel><Computer>vincenzolog-VMware-Virtual-Platform</Computer><Security UserId="0"/></System><EventData><Data Name="RuleName">-</Data><Data Name="UtcTime">2026-01-12 10:59:29.685</Data><Data Name="ProcessGuid">{8b8a9dc4-d411-6964-814e-33c4d35a0000}</Data><Data Name="ProcessId">250782</Data><Data Name="Image">/usr/bin/sed</Data><Data Name="User">_apt</Data></EventData></Event>
Jan 13 15:50:04 vincenzolog-VMware-Virtual-Platform sysmon[5412]: <Event><System><Provider Name="Linux-Sysmon" Guid="{ff032593-a8d3-4f13-b0d6-01fc615a0f97}"/><EventID>5</EventID><Version>3</Version><Level>4</Level><Task>5</Task><Opcode>0</Opcode><Keywords>0x8000000000000000</Keywords><TimeCreated SystemTime="2026-01-13T08:50:04.145175000Z"/><EventRecordID>642849</EventRecordID><Correlation/><Execution ProcessID="5412" ThreadID="5412"/><Channel>Linux-Sysmon/Operational</Channel><Computer>vincenzolog-VMware-Virtual-Platform</Computer><Security UserId="0"/></System><EventData><Data Name="RuleName">-</Data><Data Name="UtcTime">2026-01-12 10:59:29.686</Data><Data Name="ProcessGuid">{8b8a9dc4-d411-6964-0000-000000000000}</Data><Data Name="ProcessId">250780</Data><Data Name="Image">-</Data><Data Name="User">_apt</Data></EventData></Event>
Jan 13 15:50:04 vincenzolog-VMware-Virtual-Platform sysmon[5412]: <Event><System><Provider Name="Linux-Sysmon" Guid="{ff032593-a8d3-4f13-b0d6-01fc615a0f97}"/><EventID>1</EventID><Version>5</Version><Level>4</Level><Task>1</Task><Opcode>0</Opcode><Keywords>0x8000000000000000</Keywords><TimeCreated SystemTime="2026-01-13T08:50:04.146271000Z"/><EventRecordID>642850</EventRecordID><Correlation/><Execution ProcessID="5412" ThreadID="5412"/><Channel>Linux-Sysmon/Operational</Channel><Computer>vincenzolog-VMware-Virtual-Platform</Computer><Security UserId="0"/></System><EventData><Data Name="RuleName">-</Data><Data Name="UtcTime">2026-01-12 10:59:29.686</Data><Data Name="ProcessGuid">{8b8a9dc4-d411-6964-c117-6c741c5c0000}</Data><Data Name="ProcessId">250783</Data><Data Name="Image">/usr/bin/gpgv</Data><Data Name="FileVersion">-</Data><Data Name="Description">-</Data><Data Name="Product">-</Data><Data Name="Company">-</Data><Data Name="OriginalFileName">-</Data><Data Name="CommandLine">gpgv --assert-pubkey-algo=&gt;=rsa1024,ed25519,ed448,nistp256,nistp384,nistp512,brainpoolP256r1,brainpoolP320r1,brainpoolP384r1,brainpoolP512r1,secp256k1 --homedir /tmp/apt-key-gpghome.8uERGvQgtU --keyring /tmp/apt-key-gpghome.8uERGvQgtU/pubring.gpg --ignore-time-conflict --status-fd 3 /tmp/apt.sig.MJq1rw /tmp/apt.data.WvgohI</Data><Data Name="CurrentDirectory">/home/vincenzolog/Auto_test</Data><Data Name="User">_apt</Data><Data Name="LogonGuid">{8b8a9dc4-0000-0000-2a00-000004000000}</Data><Data Name="LogonId">42</Data><Data Name="TerminalSessionId">3</Data><Data Name="IntegrityLevel">no level</Data><Data Name="Hashes">SHA256=097b577cdf8b51dcc1fb42417d5ef3ca2e22b36a8ad16c9df4bd083a38fe476c</Data><Data Name="ParentProcessGuid">{8b8a9dc4-d411-6964-1d18-4cc3b45a0000}</Data><Data Name="ParentProcessId">250733</Data><Data Name="ParentImage">/usr/bin/dash</Data><Data Name="ParentCommandLine">/bin/sh</Data><Data Name="ParentUser">_apt</Data></EventData></Event>
Jan 13 15:50:04 vincenzolog-VMware-Virtual-Platform sysmon[5412]: <Event><System><Provider Name="Linux-Sysmon" Guid="{ff032593-a8d3-4f13-b0d6-01fc615a0f97}"/><EventID>5</EventID><Version>3</Version><Level>4</Level><Task>5</Task><Opcode>0</Opcode><Keywords>0x8000000000000000</Keywords><TimeCreated SystemTime="2026-01-13T08:50:04.148463000Z"/><EventRecordID>642851</EventRecordID><Correlation/><Execution ProcessID="5412" ThreadID="5412"/><Channel>Linux-Sysmon/Operational</Channel><Computer>vincenzolog-VMware-Virtual-Platform</Computer><Security UserId="0"/></System><EventData><Data Name="RuleName">-</Data><Data Name="UtcTime">2026-01-12 10:59:29.689</Data><Data Name="ProcessGuid">{8b8a9dc4-d411-6964-c117-6c741c5c0000}</Data><Data Name="ProcessId">250783</Data><Data Name="Image">/usr/bin/gpgv</Data><Data Name="User">_apt</Data></EventData></Event>
Jan 13 15:50:04 vincenzolog-VMware-Virtual-Platform sysmon[5412]: <Event><System><Provider Name="Linux-Sysmon" Guid="{ff032593-a8d3-4f13-b0d6-01fc615a0f97}"/><EventID>1</EventID><Version>5</Version><Level>4</Level><Task>1</Task><Opcode>0</Opcode><Keywords>0x8000000000000000</Keywords><TimeCreated SystemTime="2026-01-13T08:50:04.149196000Z"/><EventRecordID>642852</EventRecordID><Correlation/><Execution ProcessID="5412" ThreadID="5412"/><Channel>Linux-Sysmon/Operational</Channel><Computer>vincenzolog-VMware-Virtual-Platform</Computer><Security UserId="0"/></System><EventData><Data Name="RuleName">-</Data><Data Name="UtcTime">2026-01-12 10:59:29.689</Data><Data Name="ProcessGuid">{8b8a9dc4-d411-6964-c179-f49c9f580000}</Data><Data Name="ProcessId">250784</Data><Data Name="Image">/usr/bin/gpgconf</Data><Data Name="FileVersion">-</Data><Data Name="Description">-</Data><Data Name="Product">-</Data><Data Name="Company">-</Data><Data Name="OriginalFileName">-</Data><Data Name="CommandLine">gpgconf --kill all</Data><Data Name="CurrentDirectory">/home/vincenzolog/Auto_test</Data><Data Name="User">_apt</Data><Data Name="LogonGuid">{8b8a9dc4-0000-0000-2a00-000004000000}</Data><Data Name="LogonId">42</Data><Data Name="TerminalSessionId">3</Data><Data Name="IntegrityLevel">no level</Data><Data Name="Hashes">SHA256=58a25b1b169b1467ab395ae2011a462fae70b41f3f7c080cec8940e85f85b8c8</Data><Data Name="ParentProcessGuid">{8b8a9dc4-d411-6964-1d18-4cc3b45a0000}</Data><Data Name="ParentProcessId">250733</Data><Data Name="ParentImage">/usr/bin/dash</Data><Data Name="ParentCommandLine">/bin/sh</Data><Data Name="ParentUser">_apt</Data></EventData></Event>
Jan 13 15:50:04 vincenzolog-VMware-Virtual-Platform sysmon[5412]: <Event><System><Provider Name="Linux-Sysmon" Guid="{ff032593-a8d3-4f13-b0d6-01fc615a0f97}"/><EventID>1</EventID><Version>5</Version><Level>4</Level><Task>1</Task><Opcode>0</Opcode><Keywords>0x8000000000000000</Keywords><TimeCreated SystemTime="2026-01-13T08:50:04.151139000Z"/><EventRecordID>642853</EventRecordID><Correlation/><Execution ProcessID="5412" ThreadID="5412"/><Channel>Linux-Sysmon/Operational</Channel><Computer>vincenzolog-VMware-Virtual-Platform</Computer><Security UserId="0"/></System><EventData><Data Name="RuleName">-</Data><Data Name="UtcTime">2026-01-12 10:59:29.691</Data><Data Name="ProcessGuid">{8b8a9dc4-d411-6964-4162-721bcd5e0000}</Data><Data Name="ProcessId">250785</Data><Data Name="Image">/usr/bin/gpg-connect-agent</Data><Data Name="FileVersion">-</Data><Data Name="Description">-</Data><Data Name="Product">-</Data><Data Name="Company">-</Data><Data Name="OriginalFileName">-</Data><Data Name="CommandLine">gpg-connect-agent --homedir /tmp/apt-key-gpghome.8uERGvQgtU --no-autostart --dirmngr KILLDIRMNGR</Data><Data Name="CurrentDirectory">/home/vincenzolog/Auto_test</Data><Data Name="User">_apt</Data><Data Name="LogonGuid">{8b8a9dc4-0000-0000-2a00-000004000000}</Data><Data Name="LogonId">42</Data><Data Name="TerminalSessionId">3</Data><Data Name="IntegrityLevel">no level</Data><Data Name="Hashes">SHA256=7f51064f399016e6be442dad17feedbe45b3587267bc7365d8c6d7f482d9fc08</Data><Data Name="ParentProcessGuid">{8b8a9dc4-d411-6964-c179-f49c9f580000}</Data><Data Name="ParentProcessId">250784</Data><Data Name="ParentImage">/usr/bin/gpgconf</Data><Data Name="ParentCommandLine">gpgconf</Data><Data Name="ParentUser">_apt</Data></EventData></Event>
Jan 13 15:50:04 vincenzolog-VMware-Virtual-Platform sysmon[5412]: <Event><System><Provider Name="Linux-Sysmon" Guid="{ff032593-a8d3-4f13-b0d6-01fc615a0f97}"/><EventID>5</EventID><Version>3</Version><Level>4</Level><Task>5</Task><Opcode>0</Opcode><Keywords>0x8000000000000000</Keywords><TimeCreated SystemTime="2026-01-13T08:50:04.152746000Z"/><EventRecordID>642854</EventRecordID><Correlation/><Execution ProcessID="5412" ThreadID="5412"/><Channel>Linux-Sysmon/Operational</Channel><Computer>vincenzolog-VMware-Virtual-Platform</Computer><Security UserId="0"/></System><EventData><Data Name="RuleName">-</Data><Data Name="UtcTime">2026-01-12 10:59:29.693</Data><Data Name="ProcessGuid">{8b8a9dc4-d411-6964-4162-721bcd5e0000}</Data><Data Name="ProcessId">250785</Data><Data Name="Image">/usr/bin/gpg-connect-agent</Data><Data Name="User">_apt</Data></EventData></Event>
Jan 13 15:50:04 vincenzolog-VMware-Virtual-Platform sysmon[5412]: <Event><System><Provider Name="Linux-Sysmon" Guid="{ff032593-a8d3-4f13-b0d6-01fc615a0f97}"/><EventID>1</EventID><Version>5</Version><Level>4</Level><Task>1</Task><Opcode>0</Opcode><Keywords>0x8000000000000000</Keywords><TimeCreated SystemTime="2026-01-13T08:50:04.153674000Z"/><EventRecordID>642855</EventRecordID><Correlation/><Execution ProcessID="5412" ThreadID="5412"/><Channel>Linux-Sysmon/Operational</Channel><Computer>vincenzolog-VMware-Virtual-Platform</Computer><Security UserId="0"/></System><EventData><Data Name="RuleName">-</Data><Data Name="UtcTime">2026-01-12 10:59:29.693</Data><Data Name="ProcessGuid">{8b8a9dc4-d411-6964-41c2-79a2be570000}</Data><Data Name="ProcessId">250786</Data><Data Name="Image">/usr/bin/gpg-connect-agent</Data><Data Name="FileVersion">-</Data><Data Name="Description">-</Data><Data Name="Product">-</Data><Data Name="Company">-</Data><Data Name="OriginalFileName">-</Data><Data Name="CommandLine">gpg-connect-agent --homedir /tmp/apt-key-gpghome.8uERGvQgtU -s --no-autostart GETINFO scd_running /if ${! $?} scd killscd /end</Data><Data Name="CurrentDirectory">/home/vincenzolog/Auto_test</Data><Data Name="User">_apt</Data><Data Name="LogonGuid">{8b8a9dc4-0000-0000-2a00-000004000000}</Data><Data Name="LogonId">42</Data><Data Name="TerminalSessionId">3</Data><Data Name="IntegrityLevel">no level</Data><Data Name="Hashes">SHA256=7f51064f399016e6be442dad17feedbe45b3587267bc7365d8c6d7f482d9fc08</Data><Data Name="ParentProcessGuid">{8b8a9dc4-d411-6964-c179-f49c9f580000}</Data><Data Name="ParentProcessId">250784</Data><Data Name="ParentImage">/usr/bin/gpgconf</Data><Data Name="ParentCommandLine">gpgconf</Data><Data Name="ParentUser">_apt</Data></EventData></Event>
Jan 13 15:50:04 vincenzolog-VMware-Virtual-Platform sysmon[5412]: <Event><System><Provider Name="Linux-Sysmon" Guid="{ff032593-a8d3-4f13-b0d6-01fc615a0f97}"/><EventID>5</EventID><Version>3</Version><Level>4</Level><Task>5</Task><Opcode>0</Opcode><Keywords>0x8000000000000000</Keywords><TimeCreated SystemTime="2026-01-13T08:50:04.155366000Z"/><EventRecordID>642856</EventRecordID><Correlation/><Execution ProcessID="5412" ThreadID="5412"/><Channel>Linux-Sysmon/Operational</Channel><Computer>vincenzolog-VMware-Virtual-Platform</Computer><Security UserId="0"/></System><EventData><Data Name="RuleName">-</Data><Data Name="UtcTime">2026-01-12 10:59:29.696</Data><Data Name="ProcessGuid">{8b8a9dc4-d411-6964-41c2-79a2be570000}</Data><Data Name="ProcessId">250786</Data><Data Name="Image">/usr/bin/gpg-connect-agent</Data><Data Name="User">_apt</Data></EventData></Event>
Jan 13 15:50:04 vincenzolog-VMware-Virtual-Platform sysmon[5412]: <Event><System><Provider Name="Linux-Sysmon" Guid="{ff032593-a8d3-4f13-b0d6-01fc615a0f97}"/><EventID>1</EventID><Version>5</Version><Level>4</Level><Task>1</Task><Opcode>0</Opcode><Keywords>0x8000000000000000</Keywords><TimeCreated SystemTime="2026-01-13T08:50:04.156345000Z"/><EventRecordID>642857</EventRecordID><Correlation/><Execution ProcessID="5412" ThreadID="5412"/><Channel>Linux-Sysmon/Operational</Channel><Computer>vincenzolog-VMware-Virtual-Platform</Computer><Security UserId="0"/></System><EventData><Data Name="RuleName">-</Data><Data Name="UtcTime">2026-01-12 10:59:29.696</Data><Data Name="ProcessGuid">{8b8a9dc4-d411-6964-4142-378d07620000}</Data><Data Name="ProcessId">250787</Data><Data Name="Image">/usr/bin/gpg-connect-agent</Data><Data Name="FileVersion">-</Data><Data Name="Description">-</Data><Data Name="Product">-</Data><Data Name="Company">-</Data><Data Name="OriginalFileName">-</Data><Data Name="CommandLine">gpg-connect-agent --homedir /tmp/apt-key-gpghome.8uERGvQgtU --no-autostart KILLAGENT</Data><Data Name="CurrentDirectory">/home/vincenzolog/Auto_test</Data><Data Name="User">_apt</Data><Data Name="LogonGuid">{8b8a9dc4-0000-0000-2a00-000004000000}</Data><Data Name="LogonId">42</Data><Data Name="TerminalSessionId">3</Data><Data Name="IntegrityLevel">no level</Data><Data Name="Hashes">SHA256=7f51064f399016e6be442dad17feedbe45b3587267bc7365d8c6d7f482d9fc08</Data><Data Name="ParentProcessGuid">{8b8a9dc4-d411-6964-c179-f49c9f580000}</Data><Data Name="ParentProcessId">250784</Data><Data Name="ParentImage">/usr/bin/gpgconf</Data><Data Name="ParentCommandLine">gpgconf</Data><Data Name="ParentUser">_apt</Data></EventData></Event>
Jan 13 15:50:04 vincenzolog-VMware-Virtual-Platform sysmon[5412]: <Event><System><Provider Name="Linux-Sysmon" Guid="{ff032593-a8d3-4f13-b0d6-01fc615a0f97}"/><EventID>5</EventID><Version>3</Version><Level>4</Level><Task>5</Task><Opcode>0</Opcode><Keywords>0x8000000000000000</Keywords><TimeCreated SystemTime="2026-01-13T08:50:04.158149000Z"/><EventRecordID>642858</EventRecordID><Correlation/><Execution ProcessID="5412" ThreadID="5412"/><Channel>Linux-Sysmon/Operational</Channel><Computer>vincenzolog-VMware-Virtual-Platform</Computer><Security UserId="0"/></System><EventData><Data Name="RuleName">-</Data><Data Name="UtcTime">2026-01-12 10:59:29.699</Data><Data Name="ProcessGuid">{8b8a9dc4-d411-6964-4142-378d07620000}</Data><Data Name="ProcessId">250787</Data><Data Name="Image">/usr/bin/gpg-connect-agent</Data><Data Name="User">_apt</Data></EventData></Event>
Jan 13 15:50:04 vincenzolog-VMware-Virtual-Platform sysmon[5412]: <Event><System><Provider Name="Linux-Sysmon" Guid="{ff032593-a8d3-4f13-b0d6-01fc615a0f97}"/><EventID>1</EventID><Version>5</Version><Level>4</Level><Task>1</Task><Opcode>0</Opcode><Keywords>0x8000000000000000</Keywords><TimeCreated SystemTime="2026-01-13T08:50:04.159072000Z"/><EventRecordID>642859</EventRecordID><Correlation/><Execution ProcessID="5412" ThreadID="5412"/><Channel>Linux-Sysmon/Operational</Channel><Computer>vincenzolog-VMware-Virtual-Platform</Computer><Security UserId="0"/></System><EventData><Data Name="RuleName">-</Data><Data Name="UtcTime">2026-01-12 10:59:29.699</Data><Data Name="ProcessGuid">{8b8a9dc4-d411-6964-4102-5f0342580000}</Data><Data Name="ProcessId">250788</Data><Data Name="Image">/usr/bin/gpg-connect-agent</Data><Data Name="FileVersion">-</Data><Data Name="Description">-</Data><Data Name="Product">-</Data><Data Name="Company">-</Data><Data Name="OriginalFileName">-</Data><Data Name="CommandLine">gpg-connect-agent --no-autostart --keyboxd KILLKEYBOXD --homedir /tmp/apt-key-gpghome.8uERGvQgtU</Data><Data Name="CurrentDirectory">/home/vincenzolog/Auto_test</Data><Data Name="User">_apt</Data><Data Name="LogonGuid">{8b8a9dc4-0000-0000-2a00-000004000000}</Data><Data Name="LogonId">42</Data><Data Name="TerminalSessionId">3</Data><Data Name="IntegrityLevel">no level</Data><Data Name="Hashes">SHA256=7f51064f399016e6be442dad17feedbe45b3587267bc7365d8c6d7f482d9fc08</Data><Data Name="ParentProcessGuid">{8b8a9dc4-d411-6964-c179-f49c9f580000}</Data><Data Name="ParentProcessId">250784</Data><Data Name="ParentImage">/usr/bin/gpgconf</Data><Data Name="ParentCommandLine">gpgconf</Data><Data Name="ParentUser">_apt</Data></EventData></Event>
Jan 13 15:50:04 vincenzolog-VMware-Virtual-Platform sysmon[5412]: <Event><System><Provider Name="Linux-Sysmon" Guid="{ff032593-a8d3-4f13-b0d6-01fc615a0f97}"/><EventID>5</EventID><Version>3</Version><Level>4</Level><Task>5</Task><Opcode>0</Opcode><Keywords>0x8000000000000000</Keywords><TimeCreated SystemTime="2026-01-13T08:50:04.160658000Z"/><EventRecordID>642860</EventRecordID><Correlation/><Execution ProcessID="5412" ThreadID="5412"/><Channel>Linux-Sysmon/Operational</Channel><Computer>vincenzolog-VMware-Virtual-Platform</Computer><Security UserId="0"/></System><EventData><Data Name="RuleName">-</Data><Data Name="UtcTime">2026-01-12 10:59:29.701</Data><Data Name="ProcessGuid">{8b8a9dc4-d411-6964-4102-5f0342580000}</Data><Data Name="ProcessId">250788</Data><Data Name="Image">/usr/bin/gpg-connect-agent</Data><Data Name="User">_apt</Data></EventData></Event>
Jan 13 15:50:04 vincenzolog-VMware-Virtual-Platform sysmon[5412]: <Event><System><Provider Name="Linux-Sysmon" Guid="{ff032593-a8d3-4f13-b0d6-01fc615a0f97}"/><EventID>5</EventID><Version>3</Version><Level>4</Level><Task>5</Task><Opcode>0</Opcode><Keywords>0x8000000000000000</Keywords><TimeCreated SystemTime="2026-01-13T08:50:04.161017000Z"/><EventRecordID>642861</EventRecordID><Correlation/><Execution ProcessID="5412" ThreadID="5412"/><Channel>Linux-Sysmon/Operational</Channel><Computer>vincenzolog-VMware-Virtual-Platform</Computer><Security UserId="0"/></System><EventData><Data Name="RuleName">-</Data><Data Name="UtcTime">2026-01-12 10:59:29.701</Data><Data Name="ProcessGuid">{8b8a9dc4-d411-6964-c179-f49c9f580000}</Data><Data Name="ProcessId">250784</Data><Data Name="Image">/usr/bin/gpgconf</Data><Data Name="User">_apt</Data></EventData></Event>
Jan 13 15:50:04 vincenzolog-VMware-Virtual-Platform sysmon[5412]: <Event><System><Provider Name="Linux-Sysmon" Guid="{ff032593-a8d3-4f13-b0d6-01fc615a0f97}"/><EventID>1</EventID><Version>5</Version><Level>4</Level><Task>1</Task><Opcode>0</Opcode><Keywords>0x8000000000000000</Keywords><TimeCreated SystemTime="2026-01-13T08:50:04.161750000Z"/><EventRecordID>642862</EventRecordID><Correlation/><Execution ProcessID="5412" ThreadID="5412"/><Channel>Linux-Sysmon/Operational</Channel><Computer>vincenzolog-VMware-Virtual-Platform</Computer><Security UserId="0"/></System><EventData><Data Name="RuleName">-</Data><Data Name="UtcTime">2026-01-12 10:59:29.702</Data><Data Name="ProcessGuid">{8b8a9dc4-d411-6964-410a-d15f6a560000}</Data><Data Name="ProcessId">250789</Data><Data Name="Image">/usr/bin/rm</Data><Data Name="FileVersion">-</Data><Data Name="Description">-</Data><Data Name="Product">-</Data><Data Name="Company">-</Data><Data Name="OriginalFileName">-</Data><Data Name="CommandLine">rm -rf /tmp/apt-key-gpghome.8uERGvQgtU</Data><Data Name="CurrentDirectory">/home/vincenzolog/Auto_test</Data><Data Name="User">_apt</Data><Data Name="LogonGuid">{8b8a9dc4-0000-0000-2a00-000004000000}</Data><Data Name="LogonId">42</Data><Data Name="TerminalSessionId">3</Data><Data Name="IntegrityLevel">no level</Data><Data Name="Hashes">SHA256=8e3faaa5eb4a2a4d0e2788fe442bcac6d604be5a0c5a9f09d08f06e3a3fcf570</Data><Data Name="ParentProcessGuid">{8b8a9dc4-d411-6964-1d18-4cc3b45a0000}</Data><Data Name="ParentProcessId">250733</Data><Data Name="ParentImage">/usr/bin/dash</Data><Data Name="ParentCommandLine">/bin/sh</Data><Data Name="ParentUser">_apt</Data></EventData></Event>
Jan 13 15:50:04 vincenzolog-VMware-Virtual-Platform sysmon[5412]: <Event><System><Provider Name="Linux-Sysmon" Guid="{ff032593-a8d3-4f13-b0d6-01fc615a0f97}"/><EventID>5</EventID><Version>3</Version><Level>4</Level><Task>5</Task><Opcode>0</Opcode><Keywords>0x8000000000000000</Keywords><TimeCreated SystemTime="2026-01-13T08:50:04.163047000Z"/><EventRecordID>642863</EventRecordID><Correlation/><Execution ProcessID="5412" ThreadID="5412"/><Channel>Linux-Sysmon/Operational</Channel><Computer>vincenzolog-VMware-Virtual-Platform</Computer><Security UserId="0"/></System><EventData><Data Name="RuleName">-</Data><Data Name="UtcTime">2026-01-12 10:59:29.704</Data><Data Name="ProcessGuid">{8b8a9dc4-d411-6964-410a-d15f6a560000}</Data><Data Name="ProcessId">250789</Data><Data Name="Image">/usr/bin/rm</Data><Data Name="User">_apt</Data></EventData></Event>
Jan 13 15:50:04 vincenzolog-VMware-Virtual-Platform sysmon[5412]: <Event><System><Provider Name="Linux-Sysmon" Guid="{ff032593-a8d3-4f13-b0d6-01fc615a0f97}"/><EventID>5</EventID><Version>3</Version><Level>4</Level><Task>5</Task><Opcode>0</Opcode><Keywords>0x8000000000000000</Keywords><TimeCreated SystemTime="2026-01-13T08:50:04.163430000Z"/><EventRecordID>642864</EventRecordID><Correlation/><Execution ProcessID="5412" ThreadID="5412"/><Channel>Linux-Sysmon/Operational</Channel><Computer>vincenzolog-VMware-Virtual-Platform</Computer><Security UserId="0"/></System><EventData><Data Name="RuleName">-</Data><Data Name="UtcTime">2026-01-12 10:59:29.704</Data><Data Name="ProcessGuid">{8b8a9dc4-d411-6964-1d18-4cc3b45a0000}</Data><Data Name="ProcessId">250733</Data><Data Name="Image">/usr/bin/dash</Data><Data Name="User">_apt</Data></EventData></Event>
Jan 13 15:50:04 vincenzolog-VMware-Virtual-Platform sysmon[5412]: <Event><System><Provider Name="Linux-Sysmon" Guid="{ff032593-a8d3-4f13-b0d6-01fc615a0f97}"/><EventID>5</EventID><Version>3</Version><Level>4</Level><Task>5</Task><Opcode>0</Opcode><Keywords>0x8000000000000000</Keywords><TimeCreated SystemTime="2026-01-13T08:50:04.164737000Z"/><EventRecordID>642865</EventRecordID><Correlation/><Execution ProcessID="5412" ThreadID="5412"/><Channel>Linux-Sysmon/Operational</Channel><Computer>vincenzolog-VMware-Virtual-Platform</Computer><Security UserId="0"/></System><EventData><Data Name="RuleName">-</Data><Data Name="UtcTime">2026-01-12 10:59:29.705</Data><Data Name="ProcessGuid">{8b8a9dc4-d411-6964-0000-000000000000}</Data><Data Name="ProcessId">250732</Data><Data Name="Image">-</Data><Data Name="User">_apt</Data></EventData></Event>
Jan 13 15:50:04 vincenzolog-VMware-Virtual-Platform sysmon[5412]: <Event><System><Provider Name="Linux-Sysmon" Guid="{ff032593-a8d3-4f13-b0d6-01fc615a0f97}"/><EventID>1</EventID><Version>5</Version><Level>4</Level><Task>1</Task><Opcode>0</Opcode><Keywords>0x8000000000000000</Keywords><TimeCreated SystemTime="2026-01-13T08:50:04.168650000Z"/><EventRecordID>642866</EventRecordID><Correlation/><Execution ProcessID="5412" ThreadID="5412"/><Channel>Linux-Sysmon/Operational</Channel><Computer>vincenzolog-VMware-Virtual-Platform</Computer><Security UserId="0"/></System><EventData><Data Name="RuleName">-</Data><Data Name="UtcTime">2026-01-12 10:59:29.708</Data><Data Name="ProcessGuid">{8b8a9dc4-d411-6964-1d28-e0d3bb550000}</Data><Data Name="ProcessId">250791</Data><Data Name="Image">/usr/bin/dash</Data><Data Name="FileVersion">-</Data><Data Name="Description">-</Data><Data Name="Product">-</Data><Data Name="Company">-</Data><Data Name="OriginalFileName">-</Data><Data Name="CommandLine">/bin/sh /usr/bin/apt-key --quiet --readonly --keyring /usr/share/keyrings/microsoft.gpg verify --status-fd 3 /tmp/apt.sig.eeltPI /tmp/apt.data.VKrFjv</Data><Data Name="CurrentDirectory">/home/vincenzolog/Auto_test</Data><Data Name="User">_apt</Data><Data Name="LogonGuid">{8b8a9dc4-0000-0000-2a00-000004000000}</Data><Data Name="LogonId">42</Data><Data Name="TerminalSessionId">3</Data><Data Name="IntegrityLevel">no level</Data><Data Name="Hashes">SHA256=86d31f6fb799e91fa21bad341484564510ca287703a16e9e46c53338776f4f42</Data><Data Name="ParentProcessGuid">{00000000-0000-0000-0000-000000000000}</Data><Data Name="ParentProcessId">250790</Data><Data Name="ParentImage">-</Data><Data Name="ParentCommandLine">-</Data><Data Name="ParentUser">-</Data></EventData></Event>
Jan 13 15:50:04 vincenzolog-VMware-Virtual-Platform sysmon[5412]: <Event><System><Provider Name="Linux-Sysmon" Guid="{ff032593-a8d3-4f13-b0d6-01fc615a0f97}"/><EventID>5</EventID><Version>3</Version><Level>4</Level><Task>5</Task><Opcode>0</Opcode><Keywords>0x8000000000000000</Keywords><TimeCreated SystemTime="2026-01-13T08:50:04.170099000Z"/><EventRecordID>642867</EventRecordID><Correlation/><Execution ProcessID="5412" ThreadID="5412"/><Channel>Linux-Sysmon/Operational</Channel><Computer>vincenzolog-VMware-Virtual-Platform</Computer><Security UserId="0"/></System><EventData><Data Name="RuleName">-</Data><Data Name="UtcTime">2026-01-12 10:59:29.710</Data><Data Name="ProcessGuid">{8b8a9dc4-d411-6964-0000-000000000000}</Data><Data Name="ProcessId">250792</Data><Data Name="Image">-</Data><Data Name="User">_apt</Data></EventData></Event>
Jan 13 15:50:04 vincenzolog-VMware-Virtual-Platform sysmon[5412]: <Event><System><Provider Name="Linux-Sysmon" Guid="{ff032593-a8d3-4f13-b0d6-01fc615a0f97}"/><EventID>1</EventID><Version>5</Version><Level>4</Level><Task>1</Task><Opcode>0</Opcode><Keywords>0x8000000000000000</Keywords><TimeCreated SystemTime="2026-01-13T08:50:04.171088000Z"/><EventRecordID>642868</EventRecordID><Correlation/><Execution ProcessID="5412" ThreadID="5412"/><Channel>Linux-Sysmon/Operational</Channel><Computer>vincenzolog-VMware-Virtual-Platform</Computer><Security UserId="0"/></System><EventData><Data Name="RuleName">-</Data><Data Name="UtcTime">2026-01-12 10:59:29.711</Data><Data Name="ProcessGuid">{8b8a9dc4-d411-6964-45b0-f4559e5c0000}</Data><Data Name="ProcessId">250793</Data><Data Name="Image">/usr/bin/apt-config</Data><Data Name="FileVersion">-</Data><Data Name="Description">-</Data><Data Name="Product">-</Data><Data Name="Company">-</Data><Data Name="OriginalFileName">-</Data><Data Name="CommandLine">apt-config shell MASTER_KEYRING APT::Key::MasterKeyring</Data><Data Name="CurrentDirectory">/home/vincenzolog/Auto_test</Data><Data Name="User">_apt</Data><Data Name="LogonGuid">{8b8a9dc4-0000-0000-2a00-000004000000}</Data><Data Name="LogonId">42</Data><Data Name="TerminalSessionId">3</Data><Data Name="IntegrityLevel">no level</Data><Data Name="Hashes">SHA256=44ec8b9197670a2c12ed2c6b837dd623c23b641e8c491be03ccefc23dd0fba8c</Data><Data Name="ParentProcessGuid">{8b8a9dc4-d411-6964-1d28-e0d3bb550000}</Data><Data Name="ParentProcessId">250791</Data><Data Name="ParentImage">/usr/bin/dash</Data><Data Name="ParentCommandLine">/bin/sh</Data><Data Name="ParentUser">_apt</Data></EventData></Event>
Jan 13 15:50:04 vincenzolog-VMware-Virtual-Platform sysmon[5412]: <Event><System><Provider Name="Linux-Sysmon" Guid="{ff032593-a8d3-4f13-b0d6-01fc615a0f97}"/><EventID>1</EventID><Version>5</Version><Level>4</Level><Task>1</Task><Opcode>0</Opcode><Keywords>0x8000000000000000</Keywords><TimeCreated SystemTime="2026-01-13T08:50:04.176696000Z"/><EventRecordID>642869</EventRecordID><Correlation/><Execution ProcessID="5412" ThreadID="5412"/><Channel>Linux-Sysmon/Operational</Channel><Computer>vincenzolog-VMware-Virtual-Platform</Computer><Security UserId="0"/></System><EventData><Data Name="RuleName">-</Data><Data Name="UtcTime">2026-01-12 10:59:29.716</Data><Data Name="ProcessGuid">{8b8a9dc4-d411-6964-b174-a01ac7630000}</Data><Data Name="ProcessId">250794</Data><Data Name="Image">/usr/bin/dpkg</Data><Data Name="FileVersion">-</Data><Data Name="Description">-</Data><Data Name="Product">-</Data><Data Name="Company">-</Data><Data Name="OriginalFileName">-</Data><Data Name="CommandLine">/usr/bin/dpkg --print-foreign-architectures</Data><Data Name="CurrentDirectory">/home/vincenzolog/Auto_test</Data><Data Name="User">_apt</Data><Data Name="LogonGuid">{8b8a9dc4-0000-0000-2a00-000004000000}</Data><Data Name="LogonId">42</Data><Data Name="TerminalSessionId">3</Data><Data Name="IntegrityLevel">no level</Data><Data Name="Hashes">SHA256=052d7ffc6a813d0744e45b89ed2d9f4c6368b5ee9126aef1c7290d6cac38e287</Data><Data Name="ParentProcessGuid">{8b8a9dc4-d411-6964-45b0-f4559e5c0000}</Data><Data Name="ParentProcessId">250793</Data><Data Name="ParentImage">/usr/bin/apt-config</Data><Data Name="ParentCommandLine">apt-config</Data><Data Name="ParentUser">_apt</Data></EventData></Event>
Jan 13 15:50:04 vincenzolog-VMware-Virtual-Platform sysmon[5412]: <Event><System><Provider Name="Linux-Sysmon" Guid="{ff032593-a8d3-4f13-b0d6-01fc615a0f97}"/><EventID>5</EventID><Version>3</Version><Level>4</Level><Task>5</Task><Opcode>0</Opcode><Keywords>0x8000000000000000</Keywords><TimeCreated SystemTime="2026-01-13T08:50:04.177910000Z"/><EventRecordID>642870</EventRecordID><Correlation/><Execution ProcessID="5412" ThreadID="5412"/><Channel>Linux-Sysmon/Operational</Channel><Computer>vincenzolog-VMware-Virtual-Platform</Computer><Security UserId="0"/></System><EventData><Data Name="RuleName">-</Data><Data Name="UtcTime">2026-01-12 10:59:29.718</Data><Data Name="ProcessGuid">{8b8a9dc4-d411-6964-b174-a01ac7630000}</Data><Data Name="ProcessId">250794</Data><Data Name="Image">/usr/bin/dpkg</Data><Data Name="User">_apt</Data></EventData></Event>
Jan 13 15:50:04 vincenzolog-VMware-Virtual-Platform sysmon[5412]: <Event><System><Provider Name="Linux-Sysmon" Guid="{ff032593-a8d3-4f13-b0d6-01fc615a0f97}"/><EventID>5</EventID><Version>3</Version><Level>4</Level><Task>5</Task><Opcode>0</Opcode><Keywords>0x8000000000000000</Keywords><TimeCreated SystemTime="2026-01-13T08:50:04.178843000Z"/><EventRecordID>642871</EventRecordID><Correlation/><Execution ProcessID="5412" ThreadID="5412"/><Channel>Linux-Sysmon/Operational</Channel><Computer>vincenzolog-VMware-Virtual-Platform</Computer><Security UserId="0"/></System><EventData><Data Name="RuleName">-</Data><Data Name="UtcTime">2026-01-12 10:59:29.719</Data><Data Name="ProcessGuid">{8b8a9dc4-d411-6964-45b0-f4559e5c0000}</Data><Data Name="ProcessId">250793</Data><Data Name="Image">/usr/bin/apt-config</Data><Data Name="User">_apt</Data></EventData></Event>
Jan 13 15:50:04 vincenzolog-VMware-Virtual-Platform sysmon[5412]: <Event><System><Provider Name="Linux-Sysmon" Guid="{ff032593-a8d3-4f13-b0d6-01fc615a0f97}"/><EventID>1</EventID><Version>5</Version><Level>4</Level><Task>1</Task><Opcode>0</Opcode><Keywords>0x8000000000000000</Keywords><TimeCreated SystemTime="2026-01-13T08:50:04.179827000Z"/><EventRecordID>642872</EventRecordID><Correlation/><Execution ProcessID="5412" ThreadID="5412"/><Channel>Linux-Sysmon/Operational</Channel><Computer>vincenzolog-VMware-Virtual-Platform</Computer><Security UserId="0"/></System><EventData><Data Name="RuleName">-</Data><Data Name="UtcTime">2026-01-12 10:59:29.720</Data><Data Name="ProcessGuid">{8b8a9dc4-d411-6964-45e0-f6f9e2570000}</Data><Data Name="ProcessId">250795</Data><Data Name="Image">/usr/bin/apt-config</Data><Data Name="FileVersion">-</Data><Data Name="Description">-</Data><Data Name="Product">-</Data><Data Name="Company">-</Data><Data Name="OriginalFileName">-</Data><Data Name="CommandLine">apt-config shell ARCHIVE_KEYRING APT::Key::ArchiveKeyring</Data><Data Name="CurrentDirectory">/home/vincenzolog/Auto_test</Data><Data Name="User">_apt</Data><Data Name="LogonGuid">{8b8a9dc4-0000-0000-2a00-000004000000}</Data><Data Name="LogonId">42</Data><Data Name="TerminalSessionId">3</Data><Data Name="IntegrityLevel">no level</Data><Data Name="Hashes">SHA256=44ec8b9197670a2c12ed2c6b837dd623c23b641e8c491be03ccefc23dd0fba8c</Data><Data Name="ParentProcessGuid">{8b8a9dc4-d411-6964-1d28-e0d3bb550000}</Data><Data Name="ParentProcessId">250791</Data><Data Name="ParentImage">/usr/bin/dash</Data><Data Name="ParentCommandLine">/bin/sh</Data><Data Name="ParentUser">_apt</Data></EventData></Event>
Jan 13 15:50:04 vincenzolog-VMware-Virtual-Platform sysmon[5412]: <Event><System><Provider Name="Linux-Sysmon" Guid="{ff032593-a8d3-4f13-b0d6-01fc615a0f97}"/><EventID>1</EventID><Version>5</Version><Level>4</Level><Task>1</Task><Opcode>0</Opcode><Keywords>0x8000000000000000</Keywords><TimeCreated SystemTime="2026-01-13T08:50:04.185639000Z"/><EventRecordID>642873</EventRecordID><Correlation/><Execution ProcessID="5412" ThreadID="5412"/><Channel>Linux-Sysmon/Operational</Channel><Computer>vincenzolog-VMware-Virtual-Platform</Computer><Security UserId="0"/></System><EventData><Data Name="RuleName">-</Data><Data Name="UtcTime">2026-01-12 10:59:29.725</Data><Data Name="ProcessGuid">{8b8a9dc4-d411-6964-b1c4-c7077f620000}</Data><Data Name="ProcessId">250796</Data><Data Name="Image">/usr/bin/dpkg</Data><Data Name="FileVersion">-</Data><Data Name="Description">-</Data><Data Name="Product">-</Data><Data Name="Company">-</Data><Data Name="OriginalFileName">-</Data><Data Name="CommandLine">/usr/bin/dpkg --print-foreign-architectures</Data><Data Name="CurrentDirectory">/home/vincenzolog/Auto_test</Data><Data Name="User">_apt</Data><Data Name="LogonGuid">{8b8a9dc4-0000-0000-2a00-000004000000}</Data><Data Name="LogonId">42</Data><Data Name="TerminalSessionId">3</Data><Data Name="IntegrityLevel">no level</Data><Data Name="Hashes">SHA256=052d7ffc6a813d0744e45b89ed2d9f4c6368b5ee9126aef1c7290d6cac38e287</Data><Data Name="ParentProcessGuid">{8b8a9dc4-d411-6964-45e0-f6f9e2570000}</Data><Data Name="ParentProcessId">250795</Data><Data Name="ParentImage">/usr/bin/apt-config</Data><Data Name="ParentCommandLine">apt-config</Data><Data Name="ParentUser">_apt</Data></EventData></Event>
Jan 13 15:50:04 vincenzolog-VMware-Virtual-Platform sysmon[5412]: <Event><System><Provider Name="Linux-Sysmon" Guid="{ff032593-a8d3-4f13-b0d6-01fc615a0f97}"/><EventID>5</EventID><Version>3</Version><Level>4</Level><Task>5</Task><Opcode>0</Opcode><Keywords>0x8000000000000000</Keywords><TimeCreated SystemTime="2026-01-13T08:50:04.186711000Z"/><EventRecordID>642874</EventRecordID><Correlation/><Execution ProcessID="5412" ThreadID="5412"/><Channel>Linux-Sysmon/Operational</Channel><Computer>vincenzolog-VMware-Virtual-Platform</Computer><Security UserId="0"/></System><EventData><Data Name="RuleName">-</Data><Data Name="UtcTime">2026-01-12 10:59:29.727</Data><Data Name="ProcessGuid">{8b8a9dc4-d411-6964-b1c4-c7077f620000}</Data><Data Name="ProcessId">250796</Data><Data Name="Image">/usr/bin/dpkg</Data><Data Name="User">_apt</Data></EventData></Event>
Jan 13 15:50:04 vincenzolog-VMware-Virtual-Platform sysmon[5412]: <Event><System><Provider Name="Linux-Sysmon" Guid="{ff032593-a8d3-4f13-b0d6-01fc615a0f97}"/><EventID>5</EventID><Version>3</Version><Level>4</Level><Task>5</Task><Opcode>0</Opcode><Keywords>0x8000000000000000</Keywords><TimeCreated SystemTime="2026-01-13T08:50:04.187624000Z"/><EventRecordID>642875</EventRecordID><Correlation/><Execution ProcessID="5412" ThreadID="5412"/><Channel>Linux-Sysmon/Operational</Channel><Computer>vincenzolog-VMware-Virtual-Platform</Computer><Security UserId="0"/></System><EventData><Data Name="RuleName">-</Data><Data Name="UtcTime">2026-01-12 10:59:29.728</Data><Data Name="ProcessGuid">{8b8a9dc4-d411-6964-45e0-f6f9e2570000}</Data><Data Name="ProcessId">250795</Data><Data Name="Image">/usr/bin/apt-config</Data><Data Name="User">_apt</Data></EventData></Event>
Jan 13 15:50:04 vincenzolog-VMware-Virtual-Platform sysmon[5412]: <Event><System><Provider Name="Linux-Sysmon" Guid="{ff032593-a8d3-4f13-b0d6-01fc615a0f97}"/><EventID>1</EventID><Version>5</Version><Level>4</Level><Task>1</Task><Opcode>0</Opcode><Keywords>0x8000000000000000</Keywords><TimeCreated SystemTime="2026-01-13T08:50:04.188383000Z"/><EventRecordID>642876</EventRecordID><Correlation/><Execution ProcessID="5412" ThreadID="5412"/><Channel>Linux-Sysmon/Operational</Channel><Computer>vincenzolog-VMware-Virtual-Platform</Computer><Security UserId="0"/></System><EventData><Data Name="RuleName">-</Data><Data Name="UtcTime">2026-01-12 10:59:29.728</Data><Data Name="ProcessGuid">{8b8a9dc4-d411-6964-45d0-652a24600000}</Data><Data Name="ProcessId">250797</Data><Data Name="Image">/usr/bin/apt-config</Data><Data Name="FileVersion">-</Data><Data Name="Description">-</Data><Data Name="Product">-</Data><Data Name="Company">-</Data><Data Name="OriginalFileName">-</Data><Data Name="CommandLine">apt-config shell REMOVED_KEYS APT::Key::RemovedKeys</Data><Data Name="CurrentDirectory">/home/vincenzolog/Auto_test</Data><Data Name="User">_apt</Data><Data Name="LogonGuid">{8b8a9dc4-0000-0000-2a00-000004000000}</Data><Data Name="LogonId">42</Data><Data Name="TerminalSessionId">3</Data><Data Name="IntegrityLevel">no level</Data><Data Name="Hashes">SHA256=44ec8b9197670a2c12ed2c6b837dd623c23b641e8c491be03ccefc23dd0fba8c</Data><Data Name="ParentProcessGuid">{8b8a9dc4-d411-6964-1d28-e0d3bb550000}</Data><Data Name="ParentProcessId">250791</Data><Data Name="ParentImage">/usr/bin/dash</Data><Data Name="ParentCommandLine">/bin/sh</Data><Data Name="ParentUser">_apt</Data></EventData></Event>
Jan 13 15:50:04 vincenzolog-VMware-Virtual-Platform sysmon[5412]: <Event><System><Provider Name="Linux-Sysmon" Guid="{ff032593-a8d3-4f13-b0d6-01fc615a0f97}"/><EventID>1</EventID><Version>5</Version><Level>4</Level><Task>1</Task><Opcode>0</Opcode><Keywords>0x8000000000000000</Keywords><TimeCreated SystemTime="2026-01-13T08:50:04.193913000Z"/><EventRecordID>642877</EventRecordID><Correlation/><Execution ProcessID="5412" ThreadID="5412"/><Channel>Linux-Sysmon/Operational</Channel><Computer>vincenzolog-VMware-Virtual-Platform</Computer><Security UserId="0"/></System><EventData><Data Name="RuleName">-</Data><Data Name="UtcTime">2026-01-12 10:59:29.733</Data><Data Name="ProcessGuid">{8b8a9dc4-d411-6964-b114-8c127c640000}</Data><Data Name="ProcessId">250798</Data><Data Name="Image">/usr/bin/dpkg</Data><Data Name="FileVersion">-</Data><Data Name="Description">-</Data><Data Name="Product">-</Data><Data Name="Company">-</Data><Data Name="OriginalFileName">-</Data><Data Name="CommandLine">/usr/bin/dpkg --print-foreign-architectures</Data><Data Name="CurrentDirectory">/home/vincenzolog/Auto_test</Data><Data Name="User">_apt</Data><Data Name="LogonGuid">{8b8a9dc4-0000-0000-2a00-000004000000}</Data><Data Name="LogonId">42</Data><Data Name="TerminalSessionId">3</Data><Data Name="IntegrityLevel">no level</Data><Data Name="Hashes">SHA256=052d7ffc6a813d0744e45b89ed2d9f4c6368b5ee9126aef1c7290d6cac38e287</Data><Data Name="ParentProcessGuid">{8b8a9dc4-d411-6964-45d0-652a24600000}</Data><Data Name="ParentProcessId">250797</Data><Data Name="ParentImage">/usr/bin/apt-config</Data><Data Name="ParentCommandLine">apt-config</Data><Data Name="ParentUser">_apt</Data></EventData></Event>
Jan 13 15:50:04 vincenzolog-VMware-Virtual-Platform sysmon[5412]: <Event><System><Provider Name="Linux-Sysmon" Guid="{ff032593-a8d3-4f13-b0d6-01fc615a0f97}"/><EventID>5</EventID><Version>3</Version><Level>4</Level><Task>5</Task><Opcode>0</Opcode><Keywords>0x8000000000000000</Keywords><TimeCreated SystemTime="2026-01-13T08:50:04.194933000Z"/><EventRecordID>642878</EventRecordID><Correlation/><Execution ProcessID="5412" ThreadID="5412"/><Channel>Linux-Sysmon/Operational</Channel><Computer>vincenzolog-VMware-Virtual-Platform</Computer><Security UserId="0"/></System><EventData><Data Name="RuleName">-</Data><Data Name="UtcTime">2026-01-12 10:59:29.735</Data><Data Name="ProcessGuid">{8b8a9dc4-d411-6964-b114-8c127c640000}</Data><Data Name="ProcessId">250798</Data><Data Name="Image">/usr/bin/dpkg</Data><Data Name="User">_apt</Data></EventData></Event>
Jan 13 15:50:04 vincenzolog-VMware-Virtual-Platform sysmon[5412]: <Event><System><Provider Name="Linux-Sysmon" Guid="{ff032593-a8d3-4f13-b0d6-01fc615a0f97}"/><EventID>5</EventID><Version>3</Version><Level>4</Level><Task>5</Task><Opcode>0</Opcode><Keywords>0x8000000000000000</Keywords><TimeCreated SystemTime="2026-01-13T08:50:04.195599000Z"/><EventRecordID>642879</EventRecordID><Correlation/><Execution ProcessID="5412" ThreadID="5412"/><Channel>Linux-Sysmon/Operational</Channel><Computer>vincenzolog-VMware-Virtual-Platform</Computer><Security UserId="0"/></System><EventData><Data Name="RuleName">-</Data><Data Name="UtcTime">2026-01-12 10:59:29.736</Data><Data Name="ProcessGuid">{8b8a9dc4-d411-6964-45d0-652a24600000}</Data><Data Name="ProcessId">250797</Data><Data Name="Image">/usr/bin/apt-config</Data><Data Name="User">_apt</Data></EventData></Event>
