Jan 13 15:51:22 vincenzolog-VMware-Virtual-Platform sysmon[5412]: <Event><System><Provider Name="Linux-Sysmon" Guid="{ff032593-a8d3-4f13-b0d6-01fc615a0f97}"/><EventID>1</EventID><Version>5</Version><Level>4</Level><Task>1</Task><Opcode>0</Opcode><Keywords>0x8000000000000000</Keywords><TimeCreated SystemTime="2026-01-13T08:51:22.917084000Z"/><EventRecordID>650841</EventRecordID><Correlation/><Execution ProcessID="5412" ThreadID="5412"/><Channel>Linux-Sysmon/Operational</Channel><Computer>vincenzolog-VMware-Virtual-Platform</Computer><Security UserId="0"/></System><EventData><Data Name="RuleName">-</Data><Data Name="UtcTime">2026-01-12 11:00:48.457</Data><Data Name="ProcessGuid">{8b8a9dc4-d460-6964-c127-47b078580000}</Data><Data Name="ProcessId">255376</Data><Data Name="Image">/usr/bin/gpgv</Data><Data Name="FileVersion">-</Data><Data Name="Description">-</Data><Data Name="Product">-</Data><Data Name="Company">-</Data><Data Name="OriginalFileName">-</Data><Data Name="CommandLine">gpgv --assert-pubkey-algo</Data><Data Name="CurrentDirectory">/home/vincenzolog/Auto_test</Data><Data Name="User">_apt</Data><Data Name="LogonGuid">{8b8a9dc4-0000-0000-2a00-000005000000}</Data><Data Name="LogonId">42</Data><Data Name="TerminalSessionId">3</Data><Data Name="IntegrityLevel">no level</Data><Data Name="Hashes">SHA256=097b577cdf8b51dcc1fb42417d5ef3ca2e22b36a8ad16c9df4bd083a38fe476c</Data><Data Name="ParentProcessGuid">{00000000-0000-0000-0000-000000000000}</Data><Data Name="ParentProcessId">255375</Data><Data Name="ParentImage">-</Data><Data Name="ParentCommandLine">-</Data><Data Name="ParentUser">-</Data></EventData></Event>
Jan 13 15:51:22 vincenzolog-VMware-Virtual-Platform sysmon[5412]: <Event><System><Provider Name="Linux-Sysmon" Guid="{ff032593-a8d3-4f13-b0d6-01fc615a0f97}"/><EventID>5</EventID><Version>3</Version><Level>4</Level><Task>5</Task><Opcode>0</Opcode><Keywords>0x8000000000000000</Keywords><TimeCreated SystemTime="2026-01-13T08:51:22.918623000Z"/><EventRecordID>650842</EventRecordID><Correlation/><Execution ProcessID="5412" ThreadID="5412"/><Channel>Linux-Sysmon/Operational</Channel><Computer>vincenzolog-VMware-Virtual-Platform</Computer><Security UserId="0"/></System><EventData><Data Name="RuleName">-</Data><Data Name="UtcTime">2026-01-12 11:00:48.459</Data><Data Name="ProcessGuid">{8b8a9dc4-d460-6964-c127-47b078580000}</Data><Data Name="ProcessId">255376</Data><Data Name="Image">/usr/bin/gpgv</Data><Data Name="User">_apt</Data></EventData></Event>
Jan 13 15:51:22 vincenzolog-VMware-Virtual-Platform sysmon[5412]: <Event><System><Provider Name="Linux-Sysmon" Guid="{ff032593-a8d3-4f13-b0d6-01fc615a0f97}"/><EventID>5</EventID><Version>3</Version><Level>4</Level><Task>5</Task><Opcode>0</Opcode><Keywords>0x8000000000000000</Keywords><TimeCreated SystemTime="2026-01-13T08:51:22.919123000Z"/><EventRecordID>650843</EventRecordID><Correlation/><Execution ProcessID="5412" ThreadID="5412"/><Channel>Linux-Sysmon/Operational</Channel><Computer>vincenzolog-VMware-Virtual-Platform</Computer><Security UserId="0"/></System><EventData><Data Name="RuleName">-</Data><Data Name="UtcTime">2026-01-12 11:00:48.460</Data><Data Name="ProcessGuid">{8b8a9dc4-d460-6964-0000-000000000000}</Data><Data Name="ProcessId">255375</Data><Data Name="Image">-</Data><Data Name="User">_apt</Data></EventData></Event>
Jan 13 15:51:22 vincenzolog-VMware-Virtual-Platform sysmon[5412]: <Event><System><Provider Name="Linux-Sysmon" Guid="{ff032593-a8d3-4f13-b0d6-01fc615a0f97}"/><EventID>1</EventID><Version>5</Version><Level>4</Level><Task>1</Task><Opcode>0</Opcode><Keywords>0x8000000000000000</Keywords><TimeCreated SystemTime="2026-01-13T08:51:22.920149000Z"/><EventRecordID>650844</EventRecordID><Correlation/><Execution ProcessID="5412" ThreadID="5412"/><Channel>Linux-Sysmon/Operational</Channel><Computer>vincenzolog-VMware-Virtual-Platform</Computer><Security UserId="0"/></System><EventData><Data Name="RuleName">-</Data><Data Name="UtcTime">2026-01-12 11:00:48.460</Data><Data Name="ProcessGuid">{8b8a9dc4-d460-6964-61de-8491ec580000}</Data><Data Name="ProcessId">255377</Data><Data Name="Image">/usr/bin/mktemp</Data><Data Name="FileVersion">-</Data><Data Name="Description">-</Data><Data Name="Product">-</Data><Data Name="Company">-</Data><Data Name="OriginalFileName">-</Data><Data Name="CommandLine">mktemp --directory --tmpdir apt-key-gpghome.XXXXXXXXXX</Data><Data Name="CurrentDirectory">/home/vincenzolog/Auto_test</Data><Data Name="User">_apt</Data><Data Name="LogonGuid">{8b8a9dc4-0000-0000-2a00-000005000000}</Data><Data Name="LogonId">42</Data><Data Name="TerminalSessionId">3</Data><Data Name="IntegrityLevel">no level</Data><Data Name="Hashes">SHA256=f580f6b40b1c1c8f515fa45ac794ea784fea5370d17888339c1cd9b7213d5589</Data><Data Name="ParentProcessGuid">{8b8a9dc4-d460-6964-1db8-6e3fe95f0000}</Data><Data Name="ParentProcessId">255362</Data><Data Name="ParentImage">/usr/bin/dash</Data><Data Name="ParentCommandLine">/bin/sh</Data><Data Name="ParentUser">_apt</Data></EventData></Event>
Jan 13 15:51:22 vincenzolog-VMware-Virtual-Platform sysmon[5412]: <Event><System><Provider Name="Linux-Sysmon" Guid="{ff032593-a8d3-4f13-b0d6-01fc615a0f97}"/><EventID>5</EventID><Version>3</Version><Level>4</Level><Task>5</Task><Opcode>0</Opcode><Keywords>0x8000000000000000</Keywords><TimeCreated SystemTime="2026-01-13T08:51:22.921262000Z"/><EventRecordID>650845</EventRecordID><Correlation/><Execution ProcessID="5412" ThreadID="5412"/><Channel>Linux-Sysmon/Operational</Channel><Computer>vincenzolog-VMware-Virtual-Platform</Computer><Security UserId="0"/></System><EventData><Data Name="RuleName">-</Data><Data Name="UtcTime">2026-01-12 11:00:48.462</Data><Data Name="ProcessGuid">{8b8a9dc4-d460-6964-61de-8491ec580000}</Data><Data Name="ProcessId">255377</Data><Data Name="Image">/usr/bin/mktemp</Data><Data Name="User">_apt</Data></EventData></Event>
Jan 13 15:51:22 vincenzolog-VMware-Virtual-Platform sysmon[5412]: <Event><System><Provider Name="Linux-Sysmon" Guid="{ff032593-a8d3-4f13-b0d6-01fc615a0f97}"/><EventID>1</EventID><Version>5</Version><Level>4</Level><Task>1</Task><Opcode>0</Opcode><Keywords>0x8000000000000000</Keywords><TimeCreated SystemTime="2026-01-13T08:51:22.921888000Z"/><EventRecordID>650846</EventRecordID><Correlation/><Execution ProcessID="5412" ThreadID="5412"/><Channel>Linux-Sysmon/Operational</Channel><Computer>vincenzolog-VMware-Virtual-Platform</Computer><Security UserId="0"/></System><EventData><Data Name="RuleName">-</Data><Data Name="UtcTime">2026-01-12 11:00:48.462</Data><Data Name="ProcessGuid">{8b8a9dc4-d460-6964-d12f-ff11ed570000}</Data><Data Name="ProcessId">255378</Data><Data Name="Image">/usr/bin/chmod</Data><Data Name="FileVersion">-</Data><Data Name="Description">-</Data><Data Name="Product">-</Data><Data Name="Company">-</Data><Data Name="OriginalFileName">-</Data><Data Name="CommandLine">chmod 700 /tmp/apt-key-gpghome.FW5Tx6sBCj</Data><Data Name="CurrentDirectory">/home/vincenzolog/Auto_test</Data><Data Name="User">_apt</Data><Data Name="LogonGuid">{8b8a9dc4-0000-0000-2a00-000005000000}</Data><Data Name="LogonId">42</Data><Data Name="TerminalSessionId">3</Data><Data Name="IntegrityLevel">no level</Data><Data Name="Hashes">SHA256=f162501708c719c786ddceb78c2cc3b48dc2e33683114da199223c978bd62324</Data><Data Name="ParentProcessGuid">{8b8a9dc4-d460-6964-1db8-6e3fe95f0000}</Data><Data Name="ParentProcessId">255362</Data><Data Name="ParentImage">/usr/bin/dash</Data><Data Name="ParentCommandLine">/bin/sh</Data><Data Name="ParentUser">_apt</Data></EventData></Event>
Jan 13 15:51:22 vincenzolog-VMware-Virtual-Platform sysmon[5412]: <Event><System><Provider Name="Linux-Sysmon" Guid="{ff032593-a8d3-4f13-b0d6-01fc615a0f97}"/><EventID>5</EventID><Version>3</Version><Level>4</Level><Task>5</Task><Opcode>0</Opcode><Keywords>0x8000000000000000</Keywords><TimeCreated SystemTime="2026-01-13T08:51:22.923007000Z"/><EventRecordID>650847</EventRecordID><Correlation/><Execution ProcessID="5412" ThreadID="5412"/><Channel>Linux-Sysmon/Operational</Channel><Computer>vincenzolog-VMware-Virtual-Platform</Computer><Security UserId="0"/></System><EventData><Data Name="RuleName">-</Data><Data Name="UtcTime">2026-01-12 11:00:48.463</Data><Data Name="ProcessGuid">{8b8a9dc4-d460-6964-d12f-ff11ed570000}</Data><Data Name="ProcessId">255378</Data><Data Name="Image">/usr/bin/chmod</Data><Data Name="User">_apt</Data></EventData></Event>
Jan 13 15:51:22 vincenzolog-VMware-Virtual-Platform sysmon[5412]: <Event><System><Provider Name="Linux-Sysmon" Guid="{ff032593-a8d3-4f13-b0d6-01fc615a0f97}"/><EventID>5</EventID><Version>3</Version><Level>4</Level><Task>5</Task><Opcode>0</Opcode><Keywords>0x8000000000000000</Keywords><TimeCreated SystemTime="2026-01-13T08:51:22.923727000Z"/><EventRecordID>650848</EventRecordID><Correlation/><Execution ProcessID="5412" ThreadID="5412"/><Channel>Linux-Sysmon/Operational</Channel><Computer>vincenzolog-VMware-Virtual-Platform</Computer><Security UserId="0"/></System><EventData><Data Name="RuleName">-</Data><Data Name="UtcTime">2026-01-12 11:00:48.464</Data><Data Name="ProcessGuid">{8b8a9dc4-d460-6964-0000-000000000000}</Data><Data Name="ProcessId">255379</Data><Data Name="Image">-</Data><Data Name="User">_apt</Data></EventData></Event>
Jan 13 15:51:22 vincenzolog-VMware-Virtual-Platform sysmon[5412]: <Event><System><Provider Name="Linux-Sysmon" Guid="{ff032593-a8d3-4f13-b0d6-01fc615a0f97}"/><EventID>5</EventID><Version>3</Version><Level>4</Level><Task>5</Task><Opcode>0</Opcode><Keywords>0x8000000000000000</Keywords><TimeCreated SystemTime="2026-01-13T08:51:22.924565000Z"/><EventRecordID>650849</EventRecordID><Correlation/><Execution ProcessID="5412" ThreadID="5412"/><Channel>Linux-Sysmon/Operational</Channel><Computer>vincenzolog-VMware-Virtual-Platform</Computer><Security UserId="0"/></System><EventData><Data Name="RuleName">-</Data><Data Name="UtcTime">2026-01-12 11:00:48.465</Data><Data Name="ProcessGuid">{8b8a9dc4-d460-6964-0000-000000000000}</Data><Data Name="ProcessId">255381</Data><Data Name="Image">-</Data><Data Name="User">_apt</Data></EventData></Event>
Jan 13 15:51:22 vincenzolog-VMware-Virtual-Platform sysmon[5412]: <Event><System><Provider Name="Linux-Sysmon" Guid="{ff032593-a8d3-4f13-b0d6-01fc615a0f97}"/><EventID>1</EventID><Version>5</Version><Level>4</Level><Task>1</Task><Opcode>0</Opcode><Keywords>0x8000000000000000</Keywords><TimeCreated SystemTime="2026-01-13T08:51:22.925240000Z"/><EventRecordID>650850</EventRecordID><Correlation/><Execution ProcessID="5412" ThreadID="5412"/><Channel>Linux-Sysmon/Operational</Channel><Computer>vincenzolog-VMware-Virtual-Platform</Computer><Security UserId="0"/></System><EventData><Data Name="RuleName">-</Data><Data Name="UtcTime">2026-01-12 11:00:48.465</Data><Data Name="ProcessGuid">{8b8a9dc4-d460-6964-811e-e7e415650000}</Data><Data Name="ProcessId">255382</Data><Data Name="Image">/usr/bin/sed</Data><Data Name="FileVersion">-</Data><Data Name="Description">-</Data><Data Name="Product">-</Data><Data Name="Company">-</Data><Data Name="OriginalFileName">-</Data><Data Name="CommandLine">sed -e s#'#'&quot;'&quot;'#g</Data><Data Name="CurrentDirectory">/home/vincenzolog/Auto_test</Data><Data Name="User">_apt</Data><Data Name="LogonGuid">{8b8a9dc4-0000-0000-2a00-000005000000}</Data><Data Name="LogonId">42</Data><Data Name="TerminalSessionId">3</Data><Data Name="IntegrityLevel">no level</Data><Data Name="Hashes">SHA256=db67d4895f868617bfd19786247ebda7c2f50f4cb3857a987f732a2c267a799e</Data><Data Name="ParentProcessGuid">{00000000-0000-0000-0000-000000000000}</Data><Data Name="ParentProcessId">255380</Data><Data Name="ParentImage">-</Data><Data Name="ParentCommandLine">-</Data><Data Name="ParentUser">-</Data></EventData></Event>
Jan 13 15:51:22 vincenzolog-VMware-Virtual-Platform sysmon[5412]: <Event><System><Provider Name="Linux-Sysmon" Guid="{ff032593-a8d3-4f13-b0d6-01fc615a0f97}"/><EventID>5</EventID><Version>3</Version><Level>4</Level><Task>5</Task><Opcode>0</Opcode><Keywords>0x8000000000000000</Keywords><TimeCreated SystemTime="2026-01-13T08:51:22.926548000Z"/><EventRecordID>650851</EventRecordID><Correlation/><Execution ProcessID="5412" ThreadID="5412"/><Channel>Linux-Sysmon/Operational</Channel><Computer>vincenzolog-VMware-Virtual-Platform</Computer><Security UserId="0"/></System><EventData><Data Name="RuleName">-</Data><Data Name="UtcTime">2026-01-12 11:00:48.467</Data><Data Name="ProcessGuid">{8b8a9dc4-d460-6964-811e-e7e415650000}</Data><Data Name="ProcessId">255382</Data><Data Name="Image">/usr/bin/sed</Data><Data Name="User">_apt</Data></EventData></Event>
Jan 13 15:51:22 vincenzolog-VMware-Virtual-Platform sysmon[5412]: <Event><System><Provider Name="Linux-Sysmon" Guid="{ff032593-a8d3-4f13-b0d6-01fc615a0f97}"/><EventID>5</EventID><Version>3</Version><Level>4</Level><Task>5</Task><Opcode>0</Opcode><Keywords>0x8000000000000000</Keywords><TimeCreated SystemTime="2026-01-13T08:51:22.926825000Z"/><EventRecordID>650852</EventRecordID><Correlation/><Execution ProcessID="5412" ThreadID="5412"/><Channel>Linux-Sysmon/Operational</Channel><Computer>vincenzolog-VMware-Virtual-Platform</Computer><Security UserId="0"/></System><EventData><Data Name="RuleName">-</Data><Data Name="UtcTime">2026-01-12 11:00:48.467</Data><Data Name="ProcessGuid">{8b8a9dc4-d460-6964-0000-000000000000}</Data><Data Name="ProcessId">255380</Data><Data Name="Image">-</Data><Data Name="User">_apt</Data></EventData></Event>
Jan 13 15:51:22 vincenzolog-VMware-Virtual-Platform sysmon[5412]: <Event><System><Provider Name="Linux-Sysmon" Guid="{ff032593-a8d3-4f13-b0d6-01fc615a0f97}"/><EventID>5</EventID><Version>3</Version><Level>4</Level><Task>5</Task><Opcode>0</Opcode><Keywords>0x8000000000000000</Keywords><TimeCreated SystemTime="2026-01-13T08:51:22.927875000Z"/><EventRecordID>650853</EventRecordID><Correlation/><Execution ProcessID="5412" ThreadID="5412"/><Channel>Linux-Sysmon/Operational</Channel><Computer>vincenzolog-VMware-Virtual-Platform</Computer><Security UserId="0"/></System><EventData><Data Name="RuleName">-</Data><Data Name="UtcTime">2026-01-12 11:00:48.468</Data><Data Name="ProcessGuid">{8b8a9dc4-d460-6964-0000-000000000000}</Data><Data Name="ProcessId">255384</Data><Data Name="Image">-</Data><Data Name="User">_apt</Data></EventData></Event>
Jan 13 15:51:22 vincenzolog-VMware-Virtual-Platform sysmon[5412]: <Event><System><Provider Name="Linux-Sysmon" Guid="{ff032593-a8d3-4f13-b0d6-01fc615a0f97}"/><EventID>1</EventID><Version>5</Version><Level>4</Level><Task>1</Task><Opcode>0</Opcode><Keywords>0x8000000000000000</Keywords><TimeCreated SystemTime="2026-01-13T08:51:22.928195000Z"/><EventRecordID>650854</EventRecordID><Correlation/><Execution ProcessID="5412" ThreadID="5412"/><Channel>Linux-Sysmon/Operational</Channel><Computer>vincenzolog-VMware-Virtual-Platform</Computer><Security UserId="0"/></System><EventData><Data Name="RuleName">-</Data><Data Name="UtcTime">2026-01-12 11:00:48.468</Data><Data Name="ProcessGuid">{8b8a9dc4-d460-6964-817e-a2eaa3550000}</Data><Data Name="ProcessId">255385</Data><Data Name="Image">/usr/bin/sed</Data><Data Name="FileVersion">-</Data><Data Name="Description">-</Data><Data Name="Product">-</Data><Data Name="Company">-</Data><Data Name="OriginalFileName">-</Data><Data Name="CommandLine">sed -e s#'#'&quot;'&quot;'#g</Data><Data Name="CurrentDirectory">/home/vincenzolog/Auto_test</Data><Data Name="User">_apt</Data><Data Name="LogonGuid">{8b8a9dc4-0000-0000-2a00-000005000000}</Data><Data Name="LogonId">42</Data><Data Name="TerminalSessionId">3</Data><Data Name="IntegrityLevel">no level</Data><Data Name="Hashes">SHA256=db67d4895f868617bfd19786247ebda7c2f50f4cb3857a987f732a2c267a799e</Data><Data Name="ParentProcessGuid">{00000000-0000-0000-0000-000000000000}</Data><Data Name="ParentProcessId">255383</Data><Data Name="ParentImage">-</Data><Data Name="ParentCommandLine">-</Data><Data Name="ParentUser">-</Data></EventData></Event>
Jan 13 15:51:22 vincenzolog-VMware-Virtual-Platform sysmon[5412]: <Event><System><Provider Name="Linux-Sysmon" Guid="{ff032593-a8d3-4f13-b0d6-01fc615a0f97}"/><EventID>5</EventID><Version>3</Version><Level>4</Level><Task>5</Task><Opcode>0</Opcode><Keywords>0x8000000000000000</Keywords><TimeCreated SystemTime="2026-01-13T08:51:22.929510000Z"/><EventRecordID>650855</EventRecordID><Correlation/><Execution ProcessID="5412" ThreadID="5412"/><Channel>Linux-Sysmon/Operational</Channel><Computer>vincenzolog-VMware-Virtual-Platform</Computer><Security UserId="0"/></System><EventData><Data Name="RuleName">-</Data><Data Name="UtcTime">2026-01-12 11:00:48.470</Data><Data Name="ProcessGuid">{8b8a9dc4-d460-6964-817e-a2eaa3550000}</Data><Data Name="ProcessId">255385</Data><Data Name="Image">/usr/bin/sed</Data><Data Name="User">_apt</Data></EventData></Event>
Jan 13 15:51:22 vincenzolog-VMware-Virtual-Platform sysmon[5412]: <Event><System><Provider Name="Linux-Sysmon" Guid="{ff032593-a8d3-4f13-b0d6-01fc615a0f97}"/><EventID>5</EventID><Version>3</Version><Level>4</Level><Task>5</Task><Opcode>0</Opcode><Keywords>0x8000000000000000</Keywords><TimeCreated SystemTime="2026-01-13T08:51:22.929874000Z"/><EventRecordID>650856</EventRecordID><Correlation/><Execution ProcessID="5412" ThreadID="5412"/><Channel>Linux-Sysmon/Operational</Channel><Computer>vincenzolog-VMware-Virtual-Platform</Computer><Security UserId="0"/></System><EventData><Data Name="RuleName">-</Data><Data Name="UtcTime">2026-01-12 11:00:48.470</Data><Data Name="ProcessGuid">{8b8a9dc4-d460-6964-0000-000000000000}</Data><Data Name="ProcessId">255383</Data><Data Name="Image">-</Data><Data Name="User">_apt</Data></EventData></Event>
Jan 13 15:51:22 vincenzolog-VMware-Virtual-Platform sysmon[5412]: <Event><System><Provider Name="Linux-Sysmon" Guid="{ff032593-a8d3-4f13-b0d6-01fc615a0f97}"/><EventID>5</EventID><Version>3</Version><Level>4</Level><Task>5</Task><Opcode>0</Opcode><Keywords>0x8000000000000000</Keywords><TimeCreated SystemTime="2026-01-13T08:51:22.930657000Z"/><EventRecordID>650857</EventRecordID><Correlation/><Execution ProcessID="5412" ThreadID="5412"/><Channel>Linux-Sysmon/Operational</Channel><Computer>vincenzolog-VMware-Virtual-Platform</Computer><Security UserId="0"/></System><EventData><Data Name="RuleName">-</Data><Data Name="UtcTime">2026-01-12 11:00:48.471</Data><Data Name="ProcessGuid">{8b8a9dc4-d460-6964-0000-000000000000}</Data><Data Name="ProcessId">255386</Data><Data Name="Image">-</Data><Data Name="User">_apt</Data></EventData></Event>
Jan 13 15:51:22 vincenzolog-VMware-Virtual-Platform sysmon[5412]: <Event><System><Provider Name="Linux-Sysmon" Guid="{ff032593-a8d3-4f13-b0d6-01fc615a0f97}"/><EventID>1</EventID><Version>5</Version><Level>4</Level><Task>1</Task><Opcode>0</Opcode><Keywords>0x8000000000000000</Keywords><TimeCreated SystemTime="2026-01-13T08:51:22.931693000Z"/><EventRecordID>650858</EventRecordID><Correlation/><Execution ProcessID="5412" ThreadID="5412"/><Channel>Linux-Sysmon/Operational</Channel><Computer>vincenzolog-VMware-Virtual-Platform</Computer><Security UserId="0"/></System><EventData><Data Name="RuleName">-</Data><Data Name="UtcTime">2026-01-12 11:00:48.471</Data><Data Name="ProcessGuid">{8b8a9dc4-d460-6964-c1f7-f3a258600000}</Data><Data Name="ProcessId">255387</Data><Data Name="Image">/usr/bin/gpgv</Data><Data Name="FileVersion">-</Data><Data Name="Description">-</Data><Data Name="Product">-</Data><Data Name="Company">-</Data><Data Name="OriginalFileName">-</Data><Data Name="CommandLine">gpgv --assert-pubkey-algo=&gt;=rsa1024,ed25519,ed448,nistp256,nistp384,nistp512,brainpoolP256r1,brainpoolP320r1,brainpoolP384r1,brainpoolP512r1,secp256k1 --homedir /tmp/apt-key-gpghome.FW5Tx6sBCj --keyring /usr/share/keyrings/ubuntu-archive-keyring.gpg --ignore-time-conflict --status-fd 3 /tmp/apt.sig.JQcbBy /tmp/apt.data.PPcEtO</Data><Data Name="CurrentDirectory">/home/vincenzolog/Auto_test</Data><Data Name="User">_apt</Data><Data Name="LogonGuid">{8b8a9dc4-0000-0000-2a00-000005000000}</Data><Data Name="LogonId">42</Data><Data Name="TerminalSessionId">3</Data><Data Name="IntegrityLevel">no level</Data><Data Name="Hashes">SHA256=097b577cdf8b51dcc1fb42417d5ef3ca2e22b36a8ad16c9df4bd083a38fe476c</Data><Data Name="ParentProcessGuid">{8b8a9dc4-d460-6964-1db8-6e3fe95f0000}</Data><Data Name="ParentProcessId">255362</Data><Data Name="ParentImage">/usr/bin/dash</Data><Data Name="ParentCommandLine">/bin/sh</Data><Data Name="ParentUser">_apt</Data></EventData></Event>
Jan 13 15:51:22 vincenzolog-VMware-Virtual-Platform sysmon[5412]: <Event><System><Provider Name="Linux-Sysmon" Guid="{ff032593-a8d3-4f13-b0d6-01fc615a0f97}"/><EventID>5</EventID><Version>3</Version><Level>4</Level><Task>5</Task><Opcode>0</Opcode><Keywords>0x8000000000000000</Keywords><TimeCreated SystemTime="2026-01-13T08:51:22.934792000Z"/><EventRecordID>650859</EventRecordID><Correlation/><Execution ProcessID="5412" ThreadID="5412"/><Channel>Linux-Sysmon/Operational</Channel><Computer>vincenzolog-VMware-Virtual-Platform</Computer><Security UserId="0"/></System><EventData><Data Name="RuleName">-</Data><Data Name="UtcTime">2026-01-12 11:00:48.475</Data><Data Name="ProcessGuid">{8b8a9dc4-d460-6964-c1f7-f3a258600000}</Data><Data Name="ProcessId">255387</Data><Data Name="Image">/usr/bin/gpgv</Data><Data Name="User">_apt</Data></EventData></Event>
Jan 13 15:51:22 vincenzolog-VMware-Virtual-Platform sysmon[5412]: <Event><System><Provider Name="Linux-Sysmon" Guid="{ff032593-a8d3-4f13-b0d6-01fc615a0f97}"/><EventID>1</EventID><Version>5</Version><Level>4</Level><Task>1</Task><Opcode>0</Opcode><Keywords>0x8000000000000000</Keywords><TimeCreated SystemTime="2026-01-13T08:51:22.935569000Z"/><EventRecordID>650860</EventRecordID><Correlation/><Execution ProcessID="5412" ThreadID="5412"/><Channel>Linux-Sysmon/Operational</Channel><Computer>vincenzolog-VMware-Virtual-Platform</Computer><Security UserId="0"/></System><EventData><Data Name="RuleName">-</Data><Data Name="UtcTime">2026-01-12 11:00:48.476</Data><Data Name="ProcessGuid">{8b8a9dc4-d460-6964-c109-d98cf85e0000}</Data><Data Name="ProcessId">255388</Data><Data Name="Image">/usr/bin/gpgconf</Data><Data Name="FileVersion">-</Data><Data Name="Description">-</Data><Data Name="Product">-</Data><Data Name="Company">-</Data><Data Name="OriginalFileName">-</Data><Data Name="CommandLine">gpgconf --kill all</Data><Data Name="CurrentDirectory">/home/vincenzolog/Auto_test</Data><Data Name="User">_apt</Data><Data Name="LogonGuid">{8b8a9dc4-0000-0000-2a00-000005000000}</Data><Data Name="LogonId">42</Data><Data Name="TerminalSessionId">3</Data><Data Name="IntegrityLevel">no level</Data><Data Name="Hashes">SHA256=58a25b1b169b1467ab395ae2011a462fae70b41f3f7c080cec8940e85f85b8c8</Data><Data Name="ParentProcessGuid">{8b8a9dc4-d460-6964-1db8-6e3fe95f0000}</Data><Data Name="ParentProcessId">255362</Data><Data Name="ParentImage">/usr/bin/dash</Data><Data Name="ParentCommandLine">/bin/sh</Data><Data Name="ParentUser">_apt</Data></EventData></Event>
Jan 13 15:51:22 vincenzolog-VMware-Virtual-Platform sysmon[5412]: <Event><System><Provider Name="Linux-Sysmon" Guid="{ff032593-a8d3-4f13-b0d6-01fc615a0f97}"/><EventID>1</EventID><Version>5</Version><Level>4</Level><Task>1</Task><Opcode>0</Opcode><Keywords>0x8000000000000000</Keywords><TimeCreated SystemTime="2026-01-13T08:51:22.937673000Z"/><EventRecordID>650861</EventRecordID><Correlation/><Execution ProcessID="5412" ThreadID="5412"/><Channel>Linux-Sysmon/Operational</Channel><Computer>vincenzolog-VMware-Virtual-Platform</Computer><Security UserId="0"/></System><EventData><Data Name="RuleName">-</Data><Data Name="UtcTime">2026-01-12 11:00:48.478</Data><Data Name="ProcessGuid">{8b8a9dc4-d460-6964-41d2-0ba842560000}</Data><Data Name="ProcessId">255389</Data><Data Name="Image">/usr/bin/gpg-connect-agent</Data><Data Name="FileVersion">-</Data><Data Name="Description">-</Data><Data Name="Product">-</Data><Data Name="Company">-</Data><Data Name="OriginalFileName">-</Data><Data Name="CommandLine">gpg-connect-agent --homedir /tmp/apt-key-gpghome.FW5Tx6sBCj --no-autostart --dirmngr KILLDIRMNGR</Data><Data Name="CurrentDirectory">/home/vincenzolog/Auto_test</Data><Data Name="User">_apt</Data><Data Name="LogonGuid">{8b8a9dc4-0000-0000-2a00-000005000000}</Data><Data Name="LogonId">42</Data><Data Name="TerminalSessionId">3</Data><Data Name="IntegrityLevel">no level</Data><Data Name="Hashes">SHA256=7f51064f399016e6be442dad17feedbe45b3587267bc7365d8c6d7f482d9fc08</Data><Data Name="ParentProcessGuid">{8b8a9dc4-d460-6964-c109-d98cf85e0000}</Data><Data Name="ParentProcessId">255388</Data><Data Name="ParentImage">/usr/bin/gpgconf</Data><Data Name="ParentCommandLine">gpgconf</Data><Data Name="ParentUser">_apt</Data></EventData></Event>
Jan 13 15:51:22 vincenzolog-VMware-Virtual-Platform sysmon[5412]: <Event><System><Provider Name="Linux-Sysmon" Guid="{ff032593-a8d3-4f13-b0d6-01fc615a0f97}"/><EventID>5</EventID><Version>3</Version><Level>4</Level><Task>5</Task><Opcode>0</Opcode><Keywords>0x8000000000000000</Keywords><TimeCreated SystemTime="2026-01-13T08:51:22.939434000Z"/><EventRecordID>650862</EventRecordID><Correlation/><Execution ProcessID="5412" ThreadID="5412"/><Channel>Linux-Sysmon/Operational</Channel><Computer>vincenzolog-VMware-Virtual-Platform</Computer><Security UserId="0"/></System><EventData><Data Name="RuleName">-</Data><Data Name="UtcTime">2026-01-12 11:00:48.480</Data><Data Name="ProcessGuid">{8b8a9dc4-d460-6964-41d2-0ba842560000}</Data><Data Name="ProcessId">255389</Data><Data Name="Image">/usr/bin/gpg-connect-agent</Data><Data Name="User">_apt</Data></EventData></Event>
Jan 13 15:51:22 vincenzolog-VMware-Virtual-Platform sysmon[5412]: <Event><System><Provider Name="Linux-Sysmon" Guid="{ff032593-a8d3-4f13-b0d6-01fc615a0f97}"/><EventID>1</EventID><Version>5</Version><Level>4</Level><Task>1</Task><Opcode>0</Opcode><Keywords>0x8000000000000000</Keywords><TimeCreated SystemTime="2026-01-13T08:51:22.940371000Z"/><EventRecordID>650863</EventRecordID><Correlation/><Execution ProcessID="5412" ThreadID="5412"/><Channel>Linux-Sysmon/Operational</Channel><Computer>vincenzolog-VMware-Virtual-Platform</Computer><Security UserId="0"/></System><EventData><Data Name="RuleName">-</Data><Data Name="UtcTime">2026-01-12 11:00:48.480</Data><Data Name="ProcessGuid">{8b8a9dc4-d460-6964-4172-1ad055580000}</Data><Data Name="ProcessId">255390</Data><Data Name="Image">/usr/bin/gpg-connect-agent</Data><Data Name="FileVersion">-</Data><Data Name="Description">-</Data><Data Name="Product">-</Data><Data Name="Company">-</Data><Data Name="OriginalFileName">-</Data><Data Name="CommandLine">gpg-connect-agent --homedir /tmp/apt-key-gpghome.FW5Tx6sBCj -s --no-autostart GETINFO scd_running /if ${! $?} scd killscd /end</Data><Data Name="CurrentDirectory">/home/vincenzolog/Auto_test</Data><Data Name="User">_apt</Data><Data Name="LogonGuid">{8b8a9dc4-0000-0000-2a00-000005000000}</Data><Data Name="LogonId">42</Data><Data Name="TerminalSessionId">3</Data><Data Name="IntegrityLevel">no level</Data><Data Name="Hashes">SHA256=7f51064f399016e6be442dad17feedbe45b3587267bc7365d8c6d7f482d9fc08</Data><Data Name="ParentProcessGuid">{8b8a9dc4-d460-6964-c109-d98cf85e0000}</Data><Data Name="ParentProcessId">255388</Data><Data Name="ParentImage">/usr/bin/gpgconf</Data><Data Name="ParentCommandLine">gpgconf</Data><Data Name="ParentUser">_apt</Data></EventData></Event>
Jan 13 15:51:22 vincenzolog-VMware-Virtual-Platform sysmon[5412]: <Event><System><Provider Name="Linux-Sysmon" Guid="{ff032593-a8d3-4f13-b0d6-01fc615a0f97}"/><EventID>5</EventID><Version>3</Version><Level>4</Level><Task>5</Task><Opcode>0</Opcode><Keywords>0x8000000000000000</Keywords><TimeCreated SystemTime="2026-01-13T08:51:22.942081000Z"/><EventRecordID>650864</EventRecordID><Correlation/><Execution ProcessID="5412" ThreadID="5412"/><Channel>Linux-Sysmon/Operational</Channel><Computer>vincenzolog-VMware-Virtual-Platform</Computer><Security UserId="0"/></System><EventData><Data Name="RuleName">-</Data><Data Name="UtcTime">2026-01-12 11:00:48.483</Data><Data Name="ProcessGuid">{8b8a9dc4-d460-6964-4172-1ad055580000}</Data><Data Name="ProcessId">255390</Data><Data Name="Image">/usr/bin/gpg-connect-agent</Data><Data Name="User">_apt</Data></EventData></Event>
Jan 13 15:51:22 vincenzolog-VMware-Virtual-Platform sysmon[5412]: <Event><System><Provider Name="Linux-Sysmon" Guid="{ff032593-a8d3-4f13-b0d6-01fc615a0f97}"/><EventID>1</EventID><Version>5</Version><Level>4</Level><Task>1</Task><Opcode>0</Opcode><Keywords>0x8000000000000000</Keywords><TimeCreated SystemTime="2026-01-13T08:51:22.943038000Z"/><EventRecordID>650865</EventRecordID><Correlation/><Execution ProcessID="5412" ThreadID="5412"/><Channel>Linux-Sysmon/Operational</Channel><Computer>vincenzolog-VMware-Virtual-Platform</Computer><Security UserId="0"/></System><EventData><Data Name="RuleName">-</Data><Data Name="UtcTime">2026-01-12 11:00:48.483</Data><Data Name="ProcessGuid">{8b8a9dc4-d460-6964-4152-4f2e8e610000}</Data><Data Name="ProcessId">255391</Data><Data Name="Image">/usr/bin/gpg-connect-agent</Data><Data Name="FileVersion">-</Data><Data Name="Description">-</Data><Data Name="Product">-</Data><Data Name="Company">-</Data><Data Name="OriginalFileName">-</Data><Data Name="CommandLine">gpg-connect-agent --homedir /tmp/apt-key-gpghome.FW5Tx6sBCj --no-autostart KILLAGENT</Data><Data Name="CurrentDirectory">/home/vincenzolog/Auto_test</Data><Data Name="User">_apt</Data><Data Name="LogonGuid">{8b8a9dc4-0000-0000-2a00-000005000000}</Data><Data Name="LogonId">42</Data><Data Name="TerminalSessionId">3</Data><Data Name="IntegrityLevel">no level</Data><Data Name="Hashes">SHA256=7f51064f399016e6be442dad17feedbe45b3587267bc7365d8c6d7f482d9fc08</Data><Data Name="ParentProcessGuid">{8b8a9dc4-d460-6964-c109-d98cf85e0000}</Data><Data Name="ParentProcessId">255388</Data><Data Name="ParentImage">/usr/bin/gpgconf</Data><Data Name="ParentCommandLine">gpgconf</Data><Data Name="ParentUser">_apt</Data></EventData></Event>
Jan 13 15:51:22 vincenzolog-VMware-Virtual-Platform sysmon[5412]: <Event><System><Provider Name="Linux-Sysmon" Guid="{ff032593-a8d3-4f13-b0d6-01fc615a0f97}"/><EventID>5</EventID><Version>3</Version><Level>4</Level><Task>5</Task><Opcode>0</Opcode><Keywords>0x8000000000000000</Keywords><TimeCreated SystemTime="2026-01-13T08:51:22.944620000Z"/><EventRecordID>650866</EventRecordID><Correlation/><Execution ProcessID="5412" ThreadID="5412"/><Channel>Linux-Sysmon/Operational</Channel><Computer>vincenzolog-VMware-Virtual-Platform</Computer><Security UserId="0"/></System><EventData><Data Name="RuleName">-</Data><Data Name="UtcTime">2026-01-12 11:00:48.485</Data><Data Name="ProcessGuid">{8b8a9dc4-d460-6964-4152-4f2e8e610000}</Data><Data Name="ProcessId">255391</Data><Data Name="Image">/usr/bin/gpg-connect-agent</Data><Data Name="User">_apt</Data></EventData></Event>
Jan 13 15:51:22 vincenzolog-VMware-Virtual-Platform sysmon[5412]: <Event><System><Provider Name="Linux-Sysmon" Guid="{ff032593-a8d3-4f13-b0d6-01fc615a0f97}"/><EventID>1</EventID><Version>5</Version><Level>4</Level><Task>1</Task><Opcode>0</Opcode><Keywords>0x8000000000000000</Keywords><TimeCreated SystemTime="2026-01-13T08:51:22.945583000Z"/><EventRecordID>650867</EventRecordID><Correlation/><Execution ProcessID="5412" ThreadID="5412"/><Channel>Linux-Sysmon/Operational</Channel><Computer>vincenzolog-VMware-Virtual-Platform</Computer><Security UserId="0"/></System><EventData><Data Name="RuleName">-</Data><Data Name="UtcTime">2026-01-12 11:00:48.486</Data><Data Name="ProcessGuid">{8b8a9dc4-d460-6964-4172-ac1578580000}</Data><Data Name="ProcessId">255392</Data><Data Name="Image">/usr/bin/gpg-connect-agent</Data><Data Name="FileVersion">-</Data><Data Name="Description">-</Data><Data Name="Product">-</Data><Data Name="Company">-</Data><Data Name="OriginalFileName">-</Data><Data Name="CommandLine">gpg-connect-agent --no-autostart --keyboxd KILLKEYBOXD --homedir /tmp/apt-key-gpghome.FW5Tx6sBCj</Data><Data Name="CurrentDirectory">/home/vincenzolog/Auto_test</Data><Data Name="User">_apt</Data><Data Name="LogonGuid">{8b8a9dc4-0000-0000-2a00-000005000000}</Data><Data Name="LogonId">42</Data><Data Name="TerminalSessionId">3</Data><Data Name="IntegrityLevel">no level</Data><Data Name="Hashes">SHA256=7f51064f399016e6be442dad17feedbe45b3587267bc7365d8c6d7f482d9fc08</Data><Data Name="ParentProcessGuid">{8b8a9dc4-d460-6964-c109-d98cf85e0000}</Data><Data Name="ParentProcessId">255388</Data><Data Name="ParentImage">/usr/bin/gpgconf</Data><Data Name="ParentCommandLine">gpgconf</Data><Data Name="ParentUser">_apt</Data></EventData></Event>
Jan 13 15:51:22 vincenzolog-VMware-Virtual-Platform sysmon[5412]: <Event><System><Provider Name="Linux-Sysmon" Guid="{ff032593-a8d3-4f13-b0d6-01fc615a0f97}"/><EventID>5</EventID><Version>3</Version><Level>4</Level><Task>5</Task><Opcode>0</Opcode><Keywords>0x8000000000000000</Keywords><TimeCreated SystemTime="2026-01-13T08:51:22.947277000Z"/><EventRecordID>650868</EventRecordID><Correlation/><Execution ProcessID="5412" ThreadID="5412"/><Channel>Linux-Sysmon/Operational</Channel><Computer>vincenzolog-VMware-Virtual-Platform</Computer><Security UserId="0"/></System><EventData><Data Name="RuleName">-</Data><Data Name="UtcTime">2026-01-12 11:00:48.488</Data><Data Name="ProcessGuid">{8b8a9dc4-d460-6964-4172-ac1578580000}</Data><Data Name="ProcessId">255392</Data><Data Name="Image">/usr/bin/gpg-connect-agent</Data><Data Name="User">_apt</Data></EventData></Event>
Jan 13 15:51:22 vincenzolog-VMware-Virtual-Platform sysmon[5412]: <Event><System><Provider Name="Linux-Sysmon" Guid="{ff032593-a8d3-4f13-b0d6-01fc615a0f97}"/><EventID>5</EventID><Version>3</Version><Level>4</Level><Task>5</Task><Opcode>0</Opcode><Keywords>0x8000000000000000</Keywords><TimeCreated SystemTime="2026-01-13T08:51:22.947564000Z"/><EventRecordID>650869</EventRecordID><Correlation/><Execution ProcessID="5412" ThreadID="5412"/><Channel>Linux-Sysmon/Operational</Channel><Computer>vincenzolog-VMware-Virtual-Platform</Computer><Security UserId="0"/></System><EventData><Data Name="RuleName">-</Data><Data Name="UtcTime">2026-01-12 11:00:48.488</Data><Data Name="ProcessGuid">{8b8a9dc4-d460-6964-c109-d98cf85e0000}</Data><Data Name="ProcessId">255388</Data><Data Name="Image">/usr/bin/gpgconf</Data><Data Name="User">_apt</Data></EventData></Event>
Jan 13 15:51:22 vincenzolog-VMware-Virtual-Platform sysmon[5412]: <Event><System><Provider Name="Linux-Sysmon" Guid="{ff032593-a8d3-4f13-b0d6-01fc615a0f97}"/><EventID>1</EventID><Version>5</Version><Level>4</Level><Task>1</Task><Opcode>0</Opcode><Keywords>0x8000000000000000</Keywords><TimeCreated SystemTime="2026-01-13T08:51:22.948347000Z"/><EventRecordID>650870</EventRecordID><Correlation/><Execution ProcessID="5412" ThreadID="5412"/><Channel>Linux-Sysmon/Operational</Channel><Computer>vincenzolog-VMware-Virtual-Platform</Computer><Security UserId="0"/></System><EventData><Data Name="RuleName">-</Data><Data Name="UtcTime">2026-01-12 11:00:48.488</Data><Data Name="ProcessGuid">{8b8a9dc4-d460-6964-414a-e30a64630000}</Data><Data Name="ProcessId">255393</Data><Data Name="Image">/usr/bin/rm</Data><Data Name="FileVersion">-</Data><Data Name="Description">-</Data><Data Name="Product">-</Data><Data Name="Company">-</Data><Data Name="OriginalFileName">-</Data><Data Name="CommandLine">rm -rf /tmp/apt-key-gpghome.FW5Tx6sBCj</Data><Data Name="CurrentDirectory">/home/vincenzolog/Auto_test</Data><Data Name="User">_apt</Data><Data Name="LogonGuid">{8b8a9dc4-0000-0000-2a00-000005000000}</Data><Data Name="LogonId">42</Data><Data Name="TerminalSessionId">3</Data><Data Name="IntegrityLevel">no level</Data><Data Name="Hashes">SHA256=8e3faaa5eb4a2a4d0e2788fe442bcac6d604be5a0c5a9f09d08f06e3a3fcf570</Data><Data Name="ParentProcessGuid">{8b8a9dc4-d460-6964-1db8-6e3fe95f0000}</Data><Data Name="ParentProcessId">255362</Data><Data Name="ParentImage">/usr/bin/dash</Data><Data Name="ParentCommandLine">/bin/sh</Data><Data Name="ParentUser">_apt</Data></EventData></Event>
Jan 13 15:51:22 vincenzolog-VMware-Virtual-Platform sysmon[5412]: <Event><System><Provider Name="Linux-Sysmon" Guid="{ff032593-a8d3-4f13-b0d6-01fc615a0f97}"/><EventID>5</EventID><Version>3</Version><Level>4</Level><Task>5</Task><Opcode>0</Opcode><Keywords>0x8000000000000000</Keywords><TimeCreated SystemTime="2026-01-13T08:51:22.949592000Z"/><EventRecordID>650871</EventRecordID><Correlation/><Execution ProcessID="5412" ThreadID="5412"/><Channel>Linux-Sysmon/Operational</Channel><Computer>vincenzolog-VMware-Virtual-Platform</Computer><Security UserId="0"/></System><EventData><Data Name="RuleName">-</Data><Data Name="UtcTime">2026-01-12 11:00:48.490</Data><Data Name="ProcessGuid">{8b8a9dc4-d460-6964-414a-e30a64630000}</Data><Data Name="ProcessId">255393</Data><Data Name="Image">/usr/bin/rm</Data><Data Name="User">_apt</Data></EventData></Event>
Jan 13 15:51:22 vincenzolog-VMware-Virtual-Platform sysmon[5412]: <Event><System><Provider Name="Linux-Sysmon" Guid="{ff032593-a8d3-4f13-b0d6-01fc615a0f97}"/><EventID>5</EventID><Version>3</Version><Level>4</Level><Task>5</Task><Opcode>0</Opcode><Keywords>0x8000000000000000</Keywords><TimeCreated SystemTime="2026-01-13T08:51:22.950061000Z"/><EventRecordID>650872</EventRecordID><Correlation/><Execution ProcessID="5412" ThreadID="5412"/><Channel>Linux-Sysmon/Operational</Channel><Computer>vincenzolog-VMware-Virtual-Platform</Computer><Security UserId="0"/></System><EventData><Data Name="RuleName">-</Data><Data Name="UtcTime">2026-01-12 11:00:48.491</Data><Data Name="ProcessGuid">{8b8a9dc4-d460-6964-1db8-6e3fe95f0000}</Data><Data Name="ProcessId">255362</Data><Data Name="Image">/usr/bin/dash</Data><Data Name="User">_apt</Data></EventData></Event>
Jan 13 15:51:22 vincenzolog-VMware-Virtual-Platform sysmon[5412]: <Event><System><Provider Name="Linux-Sysmon" Guid="{ff032593-a8d3-4f13-b0d6-01fc615a0f97}"/><EventID>5</EventID><Version>3</Version><Level>4</Level><Task>5</Task><Opcode>0</Opcode><Keywords>0x8000000000000000</Keywords><TimeCreated SystemTime="2026-01-13T08:51:22.951170000Z"/><EventRecordID>650873</EventRecordID><Correlation/><Execution ProcessID="5412" ThreadID="5412"/><Channel>Linux-Sysmon/Operational</Channel><Computer>vincenzolog-VMware-Virtual-Platform</Computer><Security UserId="0"/></System><EventData><Data Name="RuleName">-</Data><Data Name="UtcTime">2026-01-12 11:00:48.492</Data><Data Name="ProcessGuid">{8b8a9dc4-d460-6964-0000-000000000000}</Data><Data Name="ProcessId">255361</Data><Data Name="Image">-</Data><Data Name="User">_apt</Data></EventData></Event>
Jan 13 15:51:22 vincenzolog-VMware-Virtual-Platform sysmon[5412]: <Event><System><Provider Name="Linux-Sysmon" Guid="{ff032593-a8d3-4f13-b0d6-01fc615a0f97}"/><EventID>1</EventID><Version>5</Version><Level>4</Level><Task>1</Task><Opcode>0</Opcode><Keywords>0x8000000000000000</Keywords><TimeCreated SystemTime="2026-01-13T08:51:22.963250000Z"/><EventRecordID>650874</EventRecordID><Correlation/><Execution ProcessID="5412" ThreadID="5412"/><Channel>Linux-Sysmon/Operational</Channel><Computer>vincenzolog-VMware-Virtual-Platform</Computer><Security UserId="0"/></System><EventData><Data Name="RuleName">-</Data><Data Name="UtcTime">2026-01-12 11:00:48.503</Data><Data Name="ProcessGuid">{8b8a9dc4-d460-6964-1d98-52f880630000}</Data><Data Name="ProcessId">255395</Data><Data Name="Image">/usr/bin/dash</Data><Data Name="FileVersion">-</Data><Data Name="Description">-</Data><Data Name="Product">-</Data><Data Name="Company">-</Data><Data Name="OriginalFileName">-</Data><Data Name="CommandLine">/bin/sh /usr/bin/apt-key --quiet --readonly --keyring /usr/share/keyrings/ubuntu-archive-keyring.gpg verify --status-fd 3 /tmp/apt.sig.SqtuFV /tmp/apt.data.fE8hjo</Data><Data Name="CurrentDirectory">/home/vincenzolog/Auto_test</Data><Data Name="User">_apt</Data><Data Name="LogonGuid">{8b8a9dc4-0000-0000-2a00-000005000000}</Data><Data Name="LogonId">42</Data><Data Name="TerminalSessionId">3</Data><Data Name="IntegrityLevel">no level</Data><Data Name="Hashes">SHA256=86d31f6fb799e91fa21bad341484564510ca287703a16e9e46c53338776f4f42</Data><Data Name="ParentProcessGuid">{00000000-0000-0000-0000-000000000000}</Data><Data Name="ParentProcessId">255394</Data><Data Name="ParentImage">-</Data><Data Name="ParentCommandLine">-</Data><Data Name="ParentUser">-</Data></EventData></Event>
Jan 13 15:51:22 vincenzolog-VMware-Virtual-Platform sysmon[5412]: <Event><System><Provider Name="Linux-Sysmon" Guid="{ff032593-a8d3-4f13-b0d6-01fc615a0f97}"/><EventID>5</EventID><Version>3</Version><Level>4</Level><Task>5</Task><Opcode>0</Opcode><Keywords>0x8000000000000000</Keywords><TimeCreated SystemTime="2026-01-13T08:51:22.964709000Z"/><EventRecordID>650875</EventRecordID><Correlation/><Execution ProcessID="5412" ThreadID="5412"/><Channel>Linux-Sysmon/Operational</Channel><Computer>vincenzolog-VMware-Virtual-Platform</Computer><Security UserId="0"/></System><EventData><Data Name="RuleName">-</Data><Data Name="UtcTime">2026-01-12 11:00:48.505</Data><Data Name="ProcessGuid">{8b8a9dc4-d460-6964-0000-000000000000}</Data><Data Name="ProcessId">255396</Data><Data Name="Image">-</Data><Data Name="User">_apt</Data></EventData></Event>
Jan 13 15:51:22 vincenzolog-VMware-Virtual-Platform sysmon[5412]: <Event><System><Provider Name="Linux-Sysmon" Guid="{ff032593-a8d3-4f13-b0d6-01fc615a0f97}"/><EventID>1</EventID><Version>5</Version><Level>4</Level><Task>1</Task><Opcode>0</Opcode><Keywords>0x8000000000000000</Keywords><TimeCreated SystemTime="2026-01-13T08:51:22.965485000Z"/><EventRecordID>650876</EventRecordID><Correlation/><Execution ProcessID="5412" ThreadID="5412"/><Channel>Linux-Sysmon/Operational</Channel><Computer>vincenzolog-VMware-Virtual-Platform</Computer><Security UserId="0"/></System><EventData><Data Name="RuleName">-</Data><Data Name="UtcTime">2026-01-12 11:00:48.506</Data><Data Name="ProcessGuid">{8b8a9dc4-d460-6964-45a0-609e3f570000}</Data><Data Name="ProcessId">255397</Data><Data Name="Image">/usr/bin/apt-config</Data><Data Name="FileVersion">-</Data><Data Name="Description">-</Data><Data Name="Product">-</Data><Data Name="Company">-</Data><Data Name="OriginalFileName">-</Data><Data Name="CommandLine">apt-config shell MASTER_KEYRING APT::Key::MasterKeyring</Data><Data Name="CurrentDirectory">/home/vincenzolog/Auto_test</Data><Data Name="User">_apt</Data><Data Name="LogonGuid">{8b8a9dc4-0000-0000-2a00-000005000000}</Data><Data Name="LogonId">42</Data><Data Name="TerminalSessionId">3</Data><Data Name="IntegrityLevel">no level</Data><Data Name="Hashes">SHA256=44ec8b9197670a2c12ed2c6b837dd623c23b641e8c491be03ccefc23dd0fba8c</Data><Data Name="ParentProcessGuid">{8b8a9dc4-d460-6964-1d98-52f880630000}</Data><Data Name="ParentProcessId">255395</Data><Data Name="ParentImage">/usr/bin/dash</Data><Data Name="ParentCommandLine">/bin/sh</Data><Data Name="ParentUser">_apt</Data></EventData></Event>
Jan 13 15:51:22 vincenzolog-VMware-Virtual-Platform sysmon[5412]: <Event><System><Provider Name="Linux-Sysmon" Guid="{ff032593-a8d3-4f13-b0d6-01fc615a0f97}"/><EventID>1</EventID><Version>5</Version><Level>4</Level><Task>1</Task><Opcode>0</Opcode><Keywords>0x8000000000000000</Keywords><TimeCreated SystemTime="2026-01-13T08:51:22.971427000Z"/><EventRecordID>650877</EventRecordID><Correlation/><Execution ProcessID="5412" ThreadID="5412"/><Channel>Linux-Sysmon/Operational</Channel><Computer>vincenzolog-VMware-Virtual-Platform</Computer><Security UserId="0"/></System><EventData><Data Name="RuleName">-</Data><Data Name="UtcTime">2026-01-12 11:00:48.511</Data><Data Name="ProcessGuid">{8b8a9dc4-d460-6964-b1d4-08a87e5f0000}</Data><Data Name="ProcessId">255398</Data><Data Name="Image">/usr/bin/dpkg</Data><Data Name="FileVersion">-</Data><Data Name="Description">-</Data><Data Name="Product">-</Data><Data Name="Company">-</Data><Data Name="OriginalFileName">-</Data><Data Name="CommandLine">/usr/bin/dpkg --print-foreign-architectures</Data><Data Name="CurrentDirectory">/home/vincenzolog/Auto_test</Data><Data Name="User">_apt</Data><Data Name="LogonGuid">{8b8a9dc4-0000-0000-2a00-000005000000}</Data><Data Name="LogonId">42</Data><Data Name="TerminalSessionId">3</Data><Data Name="IntegrityLevel">no level</Data><Data Name="Hashes">SHA256=052d7ffc6a813d0744e45b89ed2d9f4c6368b5ee9126aef1c7290d6cac38e287</Data><Data Name="ParentProcessGuid">{8b8a9dc4-d460-6964-45a0-609e3f570000}</Data><Data Name="ParentProcessId">255397</Data><Data Name="ParentImage">/usr/bin/apt-config</Data><Data Name="ParentCommandLine">apt-config</Data><Data Name="ParentUser">_apt</Data></EventData></Event>
Jan 13 15:51:22 vincenzolog-VMware-Virtual-Platform sysmon[5412]: <Event><System><Provider Name="Linux-Sysmon" Guid="{ff032593-a8d3-4f13-b0d6-01fc615a0f97}"/><EventID>5</EventID><Version>3</Version><Level>4</Level><Task>5</Task><Opcode>0</Opcode><Keywords>0x8000000000000000</Keywords><TimeCreated SystemTime="2026-01-13T08:51:22.972646000Z"/><EventRecordID>650878</EventRecordID><Correlation/><Execution ProcessID="5412" ThreadID="5412"/><Channel>Linux-Sysmon/Operational</Channel><Computer>vincenzolog-VMware-Virtual-Platform</Computer><Security UserId="0"/></System><EventData><Data Name="RuleName">-</Data><Data Name="UtcTime">2026-01-12 11:00:48.513</Data><Data Name="ProcessGuid">{8b8a9dc4-d460-6964-b1d4-08a87e5f0000}</Data><Data Name="ProcessId">255398</Data><Data Name="Image">/usr/bin/dpkg</Data><Data Name="User">_apt</Data></EventData></Event>
Jan 13 15:51:22 vincenzolog-VMware-Virtual-Platform sysmon[5412]: <Event><System><Provider Name="Linux-Sysmon" Guid="{ff032593-a8d3-4f13-b0d6-01fc615a0f97}"/><EventID>5</EventID><Version>3</Version><Level>4</Level><Task>5</Task><Opcode>0</Opcode><Keywords>0x8000000000000000</Keywords><TimeCreated SystemTime="2026-01-13T08:51:22.973342000Z"/><EventRecordID>650879</EventRecordID><Correlation/><Execution ProcessID="5412" ThreadID="5412"/><Channel>Linux-Sysmon/Operational</Channel><Computer>vincenzolog-VMware-Virtual-Platform</Computer><Security UserId="0"/></System><EventData><Data Name="RuleName">-</Data><Data Name="UtcTime">2026-01-12 11:00:48.514</Data><Data Name="ProcessGuid">{8b8a9dc4-d460-6964-45a0-609e3f570000}</Data><Data Name="ProcessId">255397</Data><Data Name="Image">/usr/bin/apt-config</Data><Data Name="User">_apt</Data></EventData></Event>
Jan 13 15:51:22 vincenzolog-VMware-Virtual-Platform sysmon[5412]: <Event><System><Provider Name="Linux-Sysmon" Guid="{ff032593-a8d3-4f13-b0d6-01fc615a0f97}"/><EventID>1</EventID><Version>5</Version><Level>4</Level><Task>1</Task><Opcode>0</Opcode><Keywords>0x8000000000000000</Keywords><TimeCreated SystemTime="2026-01-13T08:51:22.974352000Z"/><EventRecordID>650880</EventRecordID><Correlation/><Execution ProcessID="5412" ThreadID="5412"/><Channel>Linux-Sysmon/Operational</Channel><Computer>vincenzolog-VMware-Virtual-Platform</Computer><Security UserId="0"/></System><EventData><Data Name="RuleName">-</Data><Data Name="UtcTime">2026-01-12 11:00:48.514</Data><Data Name="ProcessGuid">{8b8a9dc4-d460-6964-4500-1d640e5d0000}</Data><Data Name="ProcessId">255399</Data><Data Name="Image">/usr/bin/apt-config</Data><Data Name="FileVersion">-</Data><Data Name="Description">-</Data><Data Name="Product">-</Data><Data Name="Company">-</Data><Data Name="OriginalFileName">-</Data><Data Name="CommandLine">apt-config shell ARCHIVE_KEYRING APT::Key::ArchiveKeyring</Data><Data Name="CurrentDirectory">/home/vincenzolog/Auto_test</Data><Data Name="User">_apt</Data><Data Name="LogonGuid">{8b8a9dc4-0000-0000-2a00-000005000000}</Data><Data Name="LogonId">42</Data><Data Name="TerminalSessionId">3</Data><Data Name="IntegrityLevel">no level</Data><Data Name="Hashes">SHA256=44ec8b9197670a2c12ed2c6b837dd623c23b641e8c491be03ccefc23dd0fba8c</Data><Data Name="ParentProcessGuid">{8b8a9dc4-d460-6964-1d98-52f880630000}</Data><Data Name="ParentProcessId">255395</Data><Data Name="ParentImage">/usr/bin/dash</Data><Data Name="ParentCommandLine">/bin/sh</Data><Data Name="ParentUser">_apt</Data></EventData></Event>
Jan 13 15:51:22 vincenzolog-VMware-Virtual-Platform sysmon[5412]: <Event><System><Provider Name="Linux-Sysmon" Guid="{ff032593-a8d3-4f13-b0d6-01fc615a0f97}"/><EventID>1</EventID><Version>5</Version><Level>4</Level><Task>1</Task><Opcode>0</Opcode><Keywords>0x8000000000000000</Keywords><TimeCreated SystemTime="2026-01-13T08:51:22.980240000Z"/><EventRecordID>650881</EventRecordID><Correlation/><Execution ProcessID="5412" ThreadID="5412"/><Channel>Linux-Sysmon/Operational</Channel><Computer>vincenzolog-VMware-Virtual-Platform</Computer><Security UserId="0"/></System><EventData><Data Name="RuleName">-</Data><Data Name="UtcTime">2026-01-12 11:00:48.520</Data><Data Name="ProcessGuid">{8b8a9dc4-d460-6964-b194-d5473c5e0000}</Data><Data Name="ProcessId">255400</Data><Data Name="Image">/usr/bin/dpkg</Data><Data Name="FileVersion">-</Data><Data Name="Description">-</Data><Data Name="Product">-</Data><Data Name="Company">-</Data><Data Name="OriginalFileName">-</Data><Data Name="CommandLine">/usr/bin/dpkg --print-foreign-architectures</Data><Data Name="CurrentDirectory">/home/vincenzolog/Auto_test</Data><Data Name="User">_apt</Data><Data Name="LogonGuid">{8b8a9dc4-0000-0000-2a00-000005000000}</Data><Data Name="LogonId">42</Data><Data Name="TerminalSessionId">3</Data><Data Name="IntegrityLevel">no level</Data><Data Name="Hashes">SHA256=052d7ffc6a813d0744e45b89ed2d9f4c6368b5ee9126aef1c7290d6cac38e287</Data><Data Name="ParentProcessGuid">{8b8a9dc4-d460-6964-4500-1d640e5d0000}</Data><Data Name="ParentProcessId">255399</Data><Data Name="ParentImage">/usr/bin/apt-config</Data><Data Name="ParentCommandLine">apt-config</Data><Data Name="ParentUser">_apt</Data></EventData></Event>
