Jan 13 13:49:04 vincenzolog-VMware-Virtual-Platform sysmon[5412]: <Event><System><Provider Name="Linux-Sysmon" Guid="{ff032593-a8d3-4f13-b0d6-01fc615a0f97}"/><EventID>5</EventID><Version>3</Version><Level>4</Level><Task>5</Task><Opcode>0</Opcode><Keywords>0x8000000000000000</Keywords><TimeCreated SystemTime="2026-01-13T06:49:04.110571000Z"/><EventRecordID>520064</EventRecordID><Correlation/><Execution ProcessID="5412" ThreadID="5412"/><Channel>Linux-Sysmon/Operational</Channel><Computer>vincenzolog-VMware-Virtual-Platform</Computer><Security UserId="0"/></System><EventData><Data Name="RuleName">-</Data><Data Name="UtcTime">2026-01-12 09:42:35.500</Data><Data Name="ProcessGuid">{8b8a9dc4-2a69-6964-155e-e86f4b610000}</Data><Data Name="ProcessId">520</Data><Data Name="Image">/usr/lib/systemd/systemd-journald</Data><Data Name="User">root</Data></EventData></Event>
Jan 13 13:49:04 vincenzolog-VMware-Virtual-Platform sysmon[5412]: <Event><System><Provider Name="Linux-Sysmon" Guid="{ff032593-a8d3-4f13-b0d6-01fc615a0f97}"/><EventID>5</EventID><Version>3</Version><Level>4</Level><Task>5</Task><Opcode>0</Opcode><Keywords>0x8000000000000000</Keywords><TimeCreated SystemTime="2026-01-13T06:49:04.112119000Z"/><EventRecordID>520065</EventRecordID><Correlation/><Execution ProcessID="5412" ThreadID="5412"/><Channel>Linux-Sysmon/Operational</Channel><Computer>vincenzolog-VMware-Virtual-Platform</Computer><Security UserId="0"/></System><EventData><Data Name="RuleName">-</Data><Data Name="UtcTime">2026-01-12 09:42:35.502</Data><Data Name="ProcessGuid">{8b8a9dc4-c20b-6964-cd1b-20bc00610000}</Data><Data Name="ProcessId">164208</Data><Data Name="Image">/usr/bin/journalctl</Data><Data Name="User">root</Data></EventData></Event>
Jan 13 13:49:04 vincenzolog-VMware-Virtual-Platform sysmon[5412]: <Event><System><Provider Name="Linux-Sysmon" Guid="{ff032593-a8d3-4f13-b0d6-01fc615a0f97}"/><EventID>5</EventID><Version>3</Version><Level>4</Level><Task>5</Task><Opcode>0</Opcode><Keywords>0x8000000000000000</Keywords><TimeCreated SystemTime="2026-01-13T06:49:04.112573000Z"/><EventRecordID>520066</EventRecordID><Correlation/><Execution ProcessID="5412" ThreadID="5412"/><Channel>Linux-Sysmon/Operational</Channel><Computer>vincenzolog-VMware-Virtual-Platform</Computer><Security UserId="0"/></System><EventData><Data Name="RuleName">-</Data><Data Name="UtcTime">2026-01-12 09:42:35.502</Data><Data Name="ProcessGuid">{8b8a9dc4-c20b-6964-1d48-fa8226570000}</Data><Data Name="ProcessId">164207</Data><Data Name="Image">/usr/bin/dash</Data><Data Name="User">root</Data></EventData></Event>
Jan 13 13:49:04 vincenzolog-VMware-Virtual-Platform sysmon[5412]: <Event><System><Provider Name="Linux-Sysmon" Guid="{ff032593-a8d3-4f13-b0d6-01fc615a0f97}"/><EventID>1</EventID><Version>5</Version><Level>4</Level><Task>1</Task><Opcode>0</Opcode><Keywords>0x8000000000000000</Keywords><TimeCreated SystemTime="2026-01-13T06:49:04.113719000Z"/><EventRecordID>520067</EventRecordID><Correlation/><Execution ProcessID="5412" ThreadID="5412"/><Channel>Linux-Sysmon/Operational</Channel><Computer>vincenzolog-VMware-Virtual-Platform</Computer><Security UserId="0"/></System><EventData><Data Name="RuleName">-</Data><Data Name="UtcTime">2026-01-12 09:42:35.503</Data><Data Name="ProcessGuid">{8b8a9dc4-c20b-6964-1df8-bed53b650000}</Data><Data Name="ProcessId">164210</Data><Data Name="Image">/usr/bin/dash</Data><Data Name="FileVersion">-</Data><Data Name="Description">-</Data><Data Name="Product">-</Data><Data Name="Company">-</Data><Data Name="OriginalFileName">-</Data><Data Name="CommandLine">/bin/sh -c journalctl --vacuum-time=1s</Data><Data Name="CurrentDirectory">/home/vincenzolog/Auto_test</Data><Data Name="User">root</Data><Data Name="LogonGuid">{8b8a9dc4-0000-0000-0000-000004000000}</Data><Data Name="LogonId">0</Data><Data Name="TerminalSessionId">3</Data><Data Name="IntegrityLevel">no level</Data><Data Name="Hashes">SHA256=86d31f6fb799e91fa21bad341484564510ca287703a16e9e46c53338776f4f42</Data><Data Name="ParentProcessGuid">{8b8a9dc4-be24-6964-1d23-700000000000}</Data><Data Name="ParentProcessId">154367</Data><Data Name="ParentImage">/usr/bin/python3.12</Data><Data Name="ParentCommandLine">python3</Data><Data Name="ParentUser">root</Data></EventData></Event>
Jan 13 13:49:04 vincenzolog-VMware-Virtual-Platform sysmon[5412]: <Event><System><Provider Name="Linux-Sysmon" Guid="{ff032593-a8d3-4f13-b0d6-01fc615a0f97}"/><EventID>1</EventID><Version>5</Version><Level>4</Level><Task>1</Task><Opcode>0</Opcode><Keywords>0x8000000000000000</Keywords><TimeCreated SystemTime="2026-01-13T06:49:04.115351000Z"/><EventRecordID>520068</EventRecordID><Correlation/><Execution ProcessID="5412" ThreadID="5412"/><Channel>Linux-Sysmon/Operational</Channel><Computer>vincenzolog-VMware-Virtual-Platform</Computer><Security UserId="0"/></System><EventData><Data Name="RuleName">-</Data><Data Name="UtcTime">2026-01-12 09:42:35.505</Data><Data Name="ProcessGuid">{8b8a9dc4-c20b-6964-cd5b-0d3a5e5c0000}</Data><Data Name="ProcessId">164211</Data><Data Name="Image">/usr/bin/journalctl</Data><Data Name="FileVersion">-</Data><Data Name="Description">-</Data><Data Name="Product">-</Data><Data Name="Company">-</Data><Data Name="OriginalFileName">-</Data><Data Name="CommandLine">journalctl --vacuum-time=1s</Data><Data Name="CurrentDirectory">/home/vincenzolog/Auto_test</Data><Data Name="User">root</Data><Data Name="LogonGuid">{8b8a9dc4-0000-0000-0000-000004000000}</Data><Data Name="LogonId">0</Data><Data Name="TerminalSessionId">3</Data><Data Name="IntegrityLevel">no level</Data><Data Name="Hashes">SHA256=7bd10a9c601c3204a6c464fc517b204e469eca7f12b09f9c4826f3cc1e42bd79</Data><Data Name="ParentProcessGuid">{8b8a9dc4-c20b-6964-1df8-bed53b650000}</Data><Data Name="ParentProcessId">164210</Data><Data Name="ParentImage">/usr/bin/dash</Data><Data Name="ParentCommandLine">/bin/sh</Data><Data Name="ParentUser">root</Data></EventData></Event>
Jan 13 13:49:04 vincenzolog-VMware-Virtual-Platform sysmon[5412]: <Event><System><Provider Name="Linux-Sysmon" Guid="{ff032593-a8d3-4f13-b0d6-01fc615a0f97}"/><EventID>5</EventID><Version>3</Version><Level>4</Level><Task>5</Task><Opcode>0</Opcode><Keywords>0x8000000000000000</Keywords><TimeCreated SystemTime="2026-01-13T06:49:04.120803000Z"/><EventRecordID>520069</EventRecordID><Correlation/><Execution ProcessID="5412" ThreadID="5412"/><Channel>Linux-Sysmon/Operational</Channel><Computer>vincenzolog-VMware-Virtual-Platform</Computer><Security UserId="0"/></System><EventData><Data Name="RuleName">-</Data><Data Name="UtcTime">2026-01-12 09:42:35.511</Data><Data Name="ProcessGuid">{8b8a9dc4-c20b-6964-cd5b-0d3a5e5c0000}</Data><Data Name="ProcessId">164211</Data><Data Name="Image">/usr/bin/journalctl</Data><Data Name="User">root</Data></EventData></Event>
Jan 13 13:49:04 vincenzolog-VMware-Virtual-Platform sysmon[5412]: <Event><System><Provider Name="Linux-Sysmon" Guid="{ff032593-a8d3-4f13-b0d6-01fc615a0f97}"/><EventID>5</EventID><Version>3</Version><Level>4</Level><Task>5</Task><Opcode>0</Opcode><Keywords>0x8000000000000000</Keywords><TimeCreated SystemTime="2026-01-13T06:49:04.121265000Z"/><EventRecordID>520070</EventRecordID><Correlation/><Execution ProcessID="5412" ThreadID="5412"/><Channel>Linux-Sysmon/Operational</Channel><Computer>vincenzolog-VMware-Virtual-Platform</Computer><Security UserId="0"/></System><EventData><Data Name="RuleName">-</Data><Data Name="UtcTime">2026-01-12 09:42:35.511</Data><Data Name="ProcessGuid">{8b8a9dc4-c20b-6964-1df8-bed53b650000}</Data><Data Name="ProcessId">164210</Data><Data Name="Image">/usr/bin/dash</Data><Data Name="User">root</Data></EventData></Event>
Jan 13 13:49:04 vincenzolog-VMware-Virtual-Platform sysmon[5412]: <Event><System><Provider Name="Linux-Sysmon" Guid="{ff032593-a8d3-4f13-b0d6-01fc615a0f97}"/><EventID>1</EventID><Version>5</Version><Level>4</Level><Task>1</Task><Opcode>0</Opcode><Keywords>0x8000000000000000</Keywords><TimeCreated SystemTime="2026-01-13T06:49:04.799326000Z"/><EventRecordID>520071</EventRecordID><Correlation/><Execution ProcessID="5412" ThreadID="5412"/><Channel>Linux-Sysmon/Operational</Channel><Computer>vincenzolog-VMware-Virtual-Platform</Computer><Security UserId="0"/></System><EventData><Data Name="RuleName">-</Data><Data Name="UtcTime">2026-01-12 09:42:36.181</Data><Data Name="ProcessGuid">{8b8a9dc4-c20c-6964-01f5-272618620000}</Data><Data Name="ProcessId">164212</Data><Data Name="Image">/usr/bin/git</Data><Data Name="FileVersion">-</Data><Data Name="Description">-</Data><Data Name="Product">-</Data><Data Name="Company">-</Data><Data Name="OriginalFileName">-</Data><Data Name="CommandLine">git config --get commit.template</Data><Data Name="CurrentDirectory">/home/vincenzolog/Auto_test</Data><Data Name="User">vincenzolog</Data><Data Name="LogonGuid">{8b8a9dc4-0000-0000-e803-000000000000}</Data><Data Name="LogonId">1000</Data><Data Name="TerminalSessionId">3</Data><Data Name="IntegrityLevel">no level</Data><Data Name="Hashes">SHA256=2a8c18fbf43da9f692d75474c72bea9dfd796c260b0f3dfe456376abc3bbd668</Data><Data Name="ParentProcessGuid">{00000000-0000-0000-0000-000000000000}</Data><Data Name="ParentProcessId">26615</Data><Data Name="ParentImage">-</Data><Data Name="ParentCommandLine">-</Data><Data Name="ParentUser">-</Data></EventData></Event>
Jan 13 13:49:04 vincenzolog-VMware-Virtual-Platform sysmon[5412]: <Event><System><Provider Name="Linux-Sysmon" Guid="{ff032593-a8d3-4f13-b0d6-01fc615a0f97}"/><EventID>5</EventID><Version>3</Version><Level>4</Level><Task>5</Task><Opcode>0</Opcode><Keywords>0x8000000000000000</Keywords><TimeCreated SystemTime="2026-01-13T06:49:04.799443000Z"/><EventRecordID>520072</EventRecordID><Correlation/><Execution ProcessID="5412" ThreadID="5412"/><Channel>Linux-Sysmon/Operational</Channel><Computer>vincenzolog-VMware-Virtual-Platform</Computer><Security UserId="0"/></System><EventData><Data Name="RuleName">-</Data><Data Name="UtcTime">2026-01-12 09:42:36.187</Data><Data Name="ProcessGuid">{8b8a9dc4-c20c-6964-01f5-272618620000}</Data><Data Name="ProcessId">164212</Data><Data Name="Image">/usr/bin/git</Data><Data Name="User">vincenzolog</Data></EventData></Event>
Jan 13 13:49:04 vincenzolog-VMware-Virtual-Platform sysmon[5412]: <Event><System><Provider Name="Linux-Sysmon" Guid="{ff032593-a8d3-4f13-b0d6-01fc615a0f97}"/><EventID>1</EventID><Version>5</Version><Level>4</Level><Task>1</Task><Opcode>0</Opcode><Keywords>0x8000000000000000</Keywords><TimeCreated SystemTime="2026-01-13T06:49:04.810046000Z"/><EventRecordID>520073</EventRecordID><Correlation/><Execution ProcessID="5412" ThreadID="5412"/><Channel>Linux-Sysmon/Operational</Channel><Computer>vincenzolog-VMware-Virtual-Platform</Computer><Security UserId="0"/></System><EventData><Data Name="RuleName">-</Data><Data Name="UtcTime">2026-01-12 09:42:36.192</Data><Data Name="ProcessGuid">{8b8a9dc4-c20c-6964-01b5-8c1f605c0000}</Data><Data Name="ProcessId">164213</Data><Data Name="Image">/usr/bin/git</Data><Data Name="FileVersion">-</Data><Data Name="Description">-</Data><Data Name="Product">-</Data><Data Name="Company">-</Data><Data Name="OriginalFileName">-</Data><Data Name="CommandLine">git for-each-ref --format=%(refname)%00%(upstream:short)%00%(objectname)%00%(upstream:track)%00%(upstream:remotename)%00%(upstream:remoteref) refs/heads/main refs/remotes/main</Data><Data Name="CurrentDirectory">/home/vincenzolog/Auto_test</Data><Data Name="User">vincenzolog</Data><Data Name="LogonGuid">{8b8a9dc4-0000-0000-e803-000000000000}</Data><Data Name="LogonId">1000</Data><Data Name="TerminalSessionId">3</Data><Data Name="IntegrityLevel">no level</Data><Data Name="Hashes">SHA256=2a8c18fbf43da9f692d75474c72bea9dfd796c260b0f3dfe456376abc3bbd668</Data><Data Name="ParentProcessGuid">{00000000-0000-0000-0000-000000000000}</Data><Data Name="ParentProcessId">26615</Data><Data Name="ParentImage">-</Data><Data Name="ParentCommandLine">-</Data><Data Name="ParentUser">-</Data></EventData></Event>
Jan 13 13:49:04 vincenzolog-VMware-Virtual-Platform sysmon[5412]: <Event><System><Provider Name="Linux-Sysmon" Guid="{ff032593-a8d3-4f13-b0d6-01fc615a0f97}"/><EventID>5</EventID><Version>3</Version><Level>4</Level><Task>5</Task><Opcode>0</Opcode><Keywords>0x8000000000000000</Keywords><TimeCreated SystemTime="2026-01-13T06:49:04.810154000Z"/><EventRecordID>520074</EventRecordID><Correlation/><Execution ProcessID="5412" ThreadID="5412"/><Channel>Linux-Sysmon/Operational</Channel><Computer>vincenzolog-VMware-Virtual-Platform</Computer><Security UserId="0"/></System><EventData><Data Name="RuleName">-</Data><Data Name="UtcTime">2026-01-12 09:42:36.198</Data><Data Name="ProcessGuid">{8b8a9dc4-c20c-6964-01b5-8c1f605c0000}</Data><Data Name="ProcessId">164213</Data><Data Name="Image">/usr/bin/git</Data><Data Name="User">vincenzolog</Data></EventData></Event>
Jan 13 13:49:04 vincenzolog-VMware-Virtual-Platform sysmon[5412]: <Event><System><Provider Name="Linux-Sysmon" Guid="{ff032593-a8d3-4f13-b0d6-01fc615a0f97}"/><EventID>1</EventID><Version>5</Version><Level>4</Level><Task>1</Task><Opcode>0</Opcode><Keywords>0x8000000000000000</Keywords><TimeCreated SystemTime="2026-01-13T06:49:04.823164000Z"/><EventRecordID>520075</EventRecordID><Correlation/><Execution ProcessID="5412" ThreadID="5412"/><Channel>Linux-Sysmon/Operational</Channel><Computer>vincenzolog-VMware-Virtual-Platform</Computer><Security UserId="0"/></System><EventData><Data Name="RuleName">-</Data><Data Name="UtcTime">2026-01-12 09:42:36.205</Data><Data Name="ProcessGuid">{8b8a9dc4-c20c-6964-01a5-91ec975c0000}</Data><Data Name="ProcessId">164214</Data><Data Name="Image">/usr/bin/git</Data><Data Name="FileVersion">-</Data><Data Name="Description">-</Data><Data Name="Product">-</Data><Data Name="Company">-</Data><Data Name="OriginalFileName">-</Data><Data Name="CommandLine">git status -z -uall</Data><Data Name="CurrentDirectory">/home/vincenzolog/Auto_test</Data><Data Name="User">vincenzolog</Data><Data Name="LogonGuid">{8b8a9dc4-0000-0000-e803-000000000000}</Data><Data Name="LogonId">1000</Data><Data Name="TerminalSessionId">3</Data><Data Name="IntegrityLevel">no level</Data><Data Name="Hashes">SHA256=2a8c18fbf43da9f692d75474c72bea9dfd796c260b0f3dfe456376abc3bbd668</Data><Data Name="ParentProcessGuid">{00000000-0000-0000-0000-000000000000}</Data><Data Name="ParentProcessId">26615</Data><Data Name="ParentImage">-</Data><Data Name="ParentCommandLine">-</Data><Data Name="ParentUser">-</Data></EventData></Event>
Jan 13 13:49:04 vincenzolog-VMware-Virtual-Platform sysmon[5412]: <Event><System><Provider Name="Linux-Sysmon" Guid="{ff032593-a8d3-4f13-b0d6-01fc615a0f97}"/><EventID>5</EventID><Version>3</Version><Level>4</Level><Task>5</Task><Opcode>0</Opcode><Keywords>0x8000000000000000</Keywords><TimeCreated SystemTime="2026-01-13T06:49:04.824086000Z"/><EventRecordID>520076</EventRecordID><Correlation/><Execution ProcessID="5412" ThreadID="5412"/><Channel>Linux-Sysmon/Operational</Channel><Computer>vincenzolog-VMware-Virtual-Platform</Computer><Security UserId="0"/></System><EventData><Data Name="RuleName">-</Data><Data Name="UtcTime">2026-01-12 09:42:36.214</Data><Data Name="ProcessGuid">{8b8a9dc4-c20c-6964-01a5-91ec975c0000}</Data><Data Name="ProcessId">164214</Data><Data Name="Image">/usr/bin/git</Data><Data Name="User">vincenzolog</Data></EventData></Event>
Jan 13 13:49:04 vincenzolog-VMware-Virtual-Platform sysmon[5412]: <Event><System><Provider Name="Linux-Sysmon" Guid="{ff032593-a8d3-4f13-b0d6-01fc615a0f97}"/><EventID>5</EventID><Version>3</Version><Level>4</Level><Task>5</Task><Opcode>0</Opcode><Keywords>0x8000000000000000</Keywords><TimeCreated SystemTime="2026-01-13T06:49:04.824380000Z"/><EventRecordID>520077</EventRecordID><Correlation/><Execution ProcessID="5412" ThreadID="5412"/><Channel>Linux-Sysmon/Operational</Channel><Computer>vincenzolog-VMware-Virtual-Platform</Computer><Security UserId="0"/></System><EventData><Data Name="RuleName">-</Data><Data Name="UtcTime">2026-01-12 09:42:36.214</Data><Data Name="ProcessGuid">{8b8a9dc4-c20c-6964-01a5-91ec975c0000}</Data><Data Name="ProcessId">164214</Data><Data Name="Image">/usr/bin/git</Data><Data Name="User">vincenzolog</Data></EventData></Event>
Jan 13 13:49:04 vincenzolog-VMware-Virtual-Platform sysmon[5412]: <Event><System><Provider Name="Linux-Sysmon" Guid="{ff032593-a8d3-4f13-b0d6-01fc615a0f97}"/><EventID>5</EventID><Version>3</Version><Level>4</Level><Task>5</Task><Opcode>0</Opcode><Keywords>0x8000000000000000</Keywords><TimeCreated SystemTime="2026-01-13T06:49:04.824432000Z"/><EventRecordID>520078</EventRecordID><Correlation/><Execution ProcessID="5412" ThreadID="5412"/><Channel>Linux-Sysmon/Operational</Channel><Computer>vincenzolog-VMware-Virtual-Platform</Computer><Security UserId="0"/></System><EventData><Data Name="RuleName">-</Data><Data Name="UtcTime">2026-01-12 09:42:36.214</Data><Data Name="ProcessGuid">{8b8a9dc4-c20c-6964-01a5-91ec975c0000}</Data><Data Name="ProcessId">164214</Data><Data Name="Image">/usr/bin/git</Data><Data Name="User">vincenzolog</Data></EventData></Event>
Jan 13 13:49:04 vincenzolog-VMware-Virtual-Platform sysmon[5412]: <Event><System><Provider Name="Linux-Sysmon" Guid="{ff032593-a8d3-4f13-b0d6-01fc615a0f97}"/><EventID>5</EventID><Version>3</Version><Level>4</Level><Task>5</Task><Opcode>0</Opcode><Keywords>0x8000000000000000</Keywords><TimeCreated SystemTime="2026-01-13T06:49:04.824563000Z"/><EventRecordID>520079</EventRecordID><Correlation/><Execution ProcessID="5412" ThreadID="5412"/><Channel>Linux-Sysmon/Operational</Channel><Computer>vincenzolog-VMware-Virtual-Platform</Computer><Security UserId="0"/></System><EventData><Data Name="RuleName">-</Data><Data Name="UtcTime">2026-01-12 09:42:36.214</Data><Data Name="ProcessGuid">{8b8a9dc4-c20c-6964-01a5-91ec975c0000}</Data><Data Name="ProcessId">164214</Data><Data Name="Image">/usr/bin/git</Data><Data Name="User">vincenzolog</Data></EventData></Event>
Jan 13 13:49:04 vincenzolog-VMware-Virtual-Platform sysmon[5412]: <Event><System><Provider Name="Linux-Sysmon" Guid="{ff032593-a8d3-4f13-b0d6-01fc615a0f97}"/><EventID>5</EventID><Version>3</Version><Level>4</Level><Task>5</Task><Opcode>0</Opcode><Keywords>0x8000000000000000</Keywords><TimeCreated SystemTime="2026-01-13T06:49:04.824632000Z"/><EventRecordID>520080</EventRecordID><Correlation/><Execution ProcessID="5412" ThreadID="5412"/><Channel>Linux-Sysmon/Operational</Channel><Computer>vincenzolog-VMware-Virtual-Platform</Computer><Security UserId="0"/></System><EventData><Data Name="RuleName">-</Data><Data Name="UtcTime">2026-01-12 09:42:36.214</Data><Data Name="ProcessGuid">{8b8a9dc4-c20c-6964-01a5-91ec975c0000}</Data><Data Name="ProcessId">164214</Data><Data Name="Image">/usr/bin/git</Data><Data Name="User">vincenzolog</Data></EventData></Event>
Jan 13 13:49:04 vincenzolog-VMware-Virtual-Platform sysmon[5412]: <Event><System><Provider Name="Linux-Sysmon" Guid="{ff032593-a8d3-4f13-b0d6-01fc615a0f97}"/><EventID>5</EventID><Version>3</Version><Level>4</Level><Task>5</Task><Opcode>0</Opcode><Keywords>0x8000000000000000</Keywords><TimeCreated SystemTime="2026-01-13T06:49:04.824943000Z"/><EventRecordID>520081</EventRecordID><Correlation/><Execution ProcessID="5412" ThreadID="5412"/><Channel>Linux-Sysmon/Operational</Channel><Computer>vincenzolog-VMware-Virtual-Platform</Computer><Security UserId="0"/></System><EventData><Data Name="RuleName">-</Data><Data Name="UtcTime">2026-01-12 09:42:36.215</Data><Data Name="ProcessGuid">{8b8a9dc4-c20c-6964-01a5-91ec975c0000}</Data><Data Name="ProcessId">164214</Data><Data Name="Image">/usr/bin/git</Data><Data Name="User">vincenzolog</Data></EventData></Event>
Jan 13 13:49:04 vincenzolog-VMware-Virtual-Platform sysmon[5412]: <Event><System><Provider Name="Linux-Sysmon" Guid="{ff032593-a8d3-4f13-b0d6-01fc615a0f97}"/><EventID>5</EventID><Version>3</Version><Level>4</Level><Task>5</Task><Opcode>0</Opcode><Keywords>0x8000000000000000</Keywords><TimeCreated SystemTime="2026-01-13T06:49:04.824989000Z"/><EventRecordID>520082</EventRecordID><Correlation/><Execution ProcessID="5412" ThreadID="5412"/><Channel>Linux-Sysmon/Operational</Channel><Computer>vincenzolog-VMware-Virtual-Platform</Computer><Security UserId="0"/></System><EventData><Data Name="RuleName">-</Data><Data Name="UtcTime">2026-01-12 09:42:36.215</Data><Data Name="ProcessGuid">{8b8a9dc4-c20c-6964-01a5-91ec975c0000}</Data><Data Name="ProcessId">164214</Data><Data Name="Image">/usr/bin/git</Data><Data Name="User">vincenzolog</Data></EventData></Event>
Jan 13 13:49:04 vincenzolog-VMware-Virtual-Platform sysmon[5412]: <Event><System><Provider Name="Linux-Sysmon" Guid="{ff032593-a8d3-4f13-b0d6-01fc615a0f97}"/><EventID>5</EventID><Version>3</Version><Level>4</Level><Task>5</Task><Opcode>0</Opcode><Keywords>0x8000000000000000</Keywords><TimeCreated SystemTime="2026-01-13T06:49:04.825724000Z"/><EventRecordID>520083</EventRecordID><Correlation/><Execution ProcessID="5412" ThreadID="5412"/><Channel>Linux-Sysmon/Operational</Channel><Computer>vincenzolog-VMware-Virtual-Platform</Computer><Security UserId="0"/></System><EventData><Data Name="RuleName">-</Data><Data Name="UtcTime">2026-01-12 09:42:36.215</Data><Data Name="ProcessGuid">{8b8a9dc4-c20c-6964-01a5-91ec975c0000}</Data><Data Name="ProcessId">164214</Data><Data Name="Image">/usr/bin/git</Data><Data Name="User">vincenzolog</Data></EventData></Event>
Jan 13 13:49:04 vincenzolog-VMware-Virtual-Platform sysmon[5412]: <Event><System><Provider Name="Linux-Sysmon" Guid="{ff032593-a8d3-4f13-b0d6-01fc615a0f97}"/><EventID>5</EventID><Version>3</Version><Level>4</Level><Task>5</Task><Opcode>0</Opcode><Keywords>0x8000000000000000</Keywords><TimeCreated SystemTime="2026-01-13T06:49:04.825805000Z"/><EventRecordID>520084</EventRecordID><Correlation/><Execution ProcessID="5412" ThreadID="5412"/><Channel>Linux-Sysmon/Operational</Channel><Computer>vincenzolog-VMware-Virtual-Platform</Computer><Security UserId="0"/></System><EventData><Data Name="RuleName">-</Data><Data Name="UtcTime">2026-01-12 09:42:36.216</Data><Data Name="ProcessGuid">{8b8a9dc4-c20c-6964-01a5-91ec975c0000}</Data><Data Name="ProcessId">164214</Data><Data Name="Image">/usr/bin/git</Data><Data Name="User">vincenzolog</Data></EventData></Event>
Jan 13 13:49:04 vincenzolog-VMware-Virtual-Platform sysmon[5412]: <Event><System><Provider Name="Linux-Sysmon" Guid="{ff032593-a8d3-4f13-b0d6-01fc615a0f97}"/><EventID>5</EventID><Version>3</Version><Level>4</Level><Task>5</Task><Opcode>0</Opcode><Keywords>0x8000000000000000</Keywords><TimeCreated SystemTime="2026-01-13T06:49:04.826100000Z"/><EventRecordID>520085</EventRecordID><Correlation/><Execution ProcessID="5412" ThreadID="5412"/><Channel>Linux-Sysmon/Operational</Channel><Computer>vincenzolog-VMware-Virtual-Platform</Computer><Security UserId="0"/></System><EventData><Data Name="RuleName">-</Data><Data Name="UtcTime">2026-01-12 09:42:36.216</Data><Data Name="ProcessGuid">{8b8a9dc4-c20c-6964-01a5-91ec975c0000}</Data><Data Name="ProcessId">164214</Data><Data Name="Image">/usr/bin/git</Data><Data Name="User">vincenzolog</Data></EventData></Event>
Jan 13 13:49:04 vincenzolog-VMware-Virtual-Platform sysmon[5412]: <Event><System><Provider Name="Linux-Sysmon" Guid="{ff032593-a8d3-4f13-b0d6-01fc615a0f97}"/><EventID>5</EventID><Version>3</Version><Level>4</Level><Task>5</Task><Opcode>0</Opcode><Keywords>0x8000000000000000</Keywords><TimeCreated SystemTime="2026-01-13T06:49:04.826311000Z"/><EventRecordID>520086</EventRecordID><Correlation/><Execution ProcessID="5412" ThreadID="5412"/><Channel>Linux-Sysmon/Operational</Channel><Computer>vincenzolog-VMware-Virtual-Platform</Computer><Security UserId="0"/></System><EventData><Data Name="RuleName">-</Data><Data Name="UtcTime">2026-01-12 09:42:36.216</Data><Data Name="ProcessGuid">{8b8a9dc4-c20c-6964-01a5-91ec975c0000}</Data><Data Name="ProcessId">164214</Data><Data Name="Image">/usr/bin/git</Data><Data Name="User">vincenzolog</Data></EventData></Event>
Jan 13 13:49:04 vincenzolog-VMware-Virtual-Platform sysmon[5412]: <Event><System><Provider Name="Linux-Sysmon" Guid="{ff032593-a8d3-4f13-b0d6-01fc615a0f97}"/><EventID>5</EventID><Version>3</Version><Level>4</Level><Task>5</Task><Opcode>0</Opcode><Keywords>0x8000000000000000</Keywords><TimeCreated SystemTime="2026-01-13T06:49:04.826349000Z"/><EventRecordID>520087</EventRecordID><Correlation/><Execution ProcessID="5412" ThreadID="5412"/><Channel>Linux-Sysmon/Operational</Channel><Computer>vincenzolog-VMware-Virtual-Platform</Computer><Security UserId="0"/></System><EventData><Data Name="RuleName">-</Data><Data Name="UtcTime">2026-01-12 09:42:36.216</Data><Data Name="ProcessGuid">{8b8a9dc4-c20c-6964-01a5-91ec975c0000}</Data><Data Name="ProcessId">164214</Data><Data Name="Image">/usr/bin/git</Data><Data Name="User">vincenzolog</Data></EventData></Event>
Jan 13 13:49:04 vincenzolog-VMware-Virtual-Platform sysmon[5412]: <Event><System><Provider Name="Linux-Sysmon" Guid="{ff032593-a8d3-4f13-b0d6-01fc615a0f97}"/><EventID>1</EventID><Version>5</Version><Level>4</Level><Task>1</Task><Opcode>0</Opcode><Keywords>0x8000000000000000</Keywords><TimeCreated SystemTime="2026-01-13T06:49:04.835417000Z"/><EventRecordID>520088</EventRecordID><Correlation/><Execution ProcessID="5412" ThreadID="5412"/><Channel>Linux-Sysmon/Operational</Channel><Computer>vincenzolog-VMware-Virtual-Platform</Computer><Security UserId="0"/></System><EventData><Data Name="RuleName">-</Data><Data Name="UtcTime">2026-01-12 09:42:36.216</Data><Data Name="ProcessGuid">{8b8a9dc4-c20c-6964-0105-9b1bd05b0000}</Data><Data Name="ProcessId">164227</Data><Data Name="Image">/usr/bin/git</Data><Data Name="FileVersion">-</Data><Data Name="Description">-</Data><Data Name="Product">-</Data><Data Name="Company">-</Data><Data Name="OriginalFileName">-</Data><Data Name="CommandLine">git for-each-ref --sort -committerdate --format %(refname)%00%(objectname)%00%(*objectname)</Data><Data Name="CurrentDirectory">/home/vincenzolog/Auto_test</Data><Data Name="User">vincenzolog</Data><Data Name="LogonGuid">{8b8a9dc4-0000-0000-e803-000000000000}</Data><Data Name="LogonId">1000</Data><Data Name="TerminalSessionId">3</Data><Data Name="IntegrityLevel">no level</Data><Data Name="Hashes">SHA256=2a8c18fbf43da9f692d75474c72bea9dfd796c260b0f3dfe456376abc3bbd668</Data><Data Name="ParentProcessGuid">{00000000-0000-0000-0000-000000000000}</Data><Data Name="ParentProcessId">26615</Data><Data Name="ParentImage">-</Data><Data Name="ParentCommandLine">-</Data><Data Name="ParentUser">-</Data></EventData></Event>
Jan 13 13:49:04 vincenzolog-VMware-Virtual-Platform sysmon[5412]: <Event><System><Provider Name="Linux-Sysmon" Guid="{ff032593-a8d3-4f13-b0d6-01fc615a0f97}"/><EventID>5</EventID><Version>3</Version><Level>4</Level><Task>5</Task><Opcode>0</Opcode><Keywords>0x8000000000000000</Keywords><TimeCreated SystemTime="2026-01-13T06:49:04.835522000Z"/><EventRecordID>520089</EventRecordID><Correlation/><Execution ProcessID="5412" ThreadID="5412"/><Channel>Linux-Sysmon/Operational</Channel><Computer>vincenzolog-VMware-Virtual-Platform</Computer><Security UserId="0"/></System><EventData><Data Name="RuleName">-</Data><Data Name="UtcTime">2026-01-12 09:42:36.224</Data><Data Name="ProcessGuid">{8b8a9dc4-c20c-6964-0105-9b1bd05b0000}</Data><Data Name="ProcessId">164227</Data><Data Name="Image">/usr/bin/git</Data><Data Name="User">vincenzolog</Data></EventData></Event>
Jan 13 13:49:04 vincenzolog-VMware-Virtual-Platform sysmon[5412]: <Event><System><Provider Name="Linux-Sysmon" Guid="{ff032593-a8d3-4f13-b0d6-01fc615a0f97}"/><EventID>5</EventID><Version>3</Version><Level>4</Level><Task>5</Task><Opcode>0</Opcode><Keywords>0x8000000000000000</Keywords><TimeCreated SystemTime="2026-01-13T06:49:04.837976000Z"/><EventRecordID>520090</EventRecordID><Correlation/><Execution ProcessID="5412" ThreadID="5412"/><Channel>Linux-Sysmon/Operational</Channel><Computer>vincenzolog-VMware-Virtual-Platform</Computer><Security UserId="0"/></System><EventData><Data Name="RuleName">-</Data><Data Name="UtcTime">2026-01-12 09:42:36.228</Data><Data Name="ProcessGuid">{8b8a9dc4-c20c-6964-0000-000000000000}</Data><Data Name="ProcessId">164214</Data><Data Name="Image">-</Data><Data Name="User">vincenzolog</Data></EventData></Event>
Jan 13 13:49:05 vincenzolog-VMware-Virtual-Platform sysmon[5412]: <Event><System><Provider Name="Linux-Sysmon" Guid="{ff032593-a8d3-4f13-b0d6-01fc615a0f97}"/><EventID>1</EventID><Version>5</Version><Level>4</Level><Task>1</Task><Opcode>0</Opcode><Keywords>0x8000000000000000</Keywords><TimeCreated SystemTime="2026-01-13T06:49:05.122902000Z"/><EventRecordID>520091</EventRecordID><Correlation/><Execution ProcessID="5412" ThreadID="5412"/><Channel>Linux-Sysmon/Operational</Channel><Computer>vincenzolog-VMware-Virtual-Platform</Computer><Security UserId="0"/></System><EventData><Data Name="RuleName">-</Data><Data Name="UtcTime">2026-01-12 09:42:36.512</Data><Data Name="ProcessGuid">{8b8a9dc4-c20c-6964-1de8-146e6c610000}</Data><Data Name="ProcessId">164228</Data><Data Name="Image">/usr/bin/dash</Data><Data Name="FileVersion">-</Data><Data Name="Description">-</Data><Data Name="Product">-</Data><Data Name="Company">-</Data><Data Name="OriginalFileName">-</Data><Data Name="CommandLine">/bin/sh -c /usr/bin/cat /etc/\g\ro\up</Data><Data Name="CurrentDirectory">/home/vincenzolog/Auto_test</Data><Data Name="User">root</Data><Data Name="LogonGuid">{8b8a9dc4-0000-0000-0000-000004000000}</Data><Data Name="LogonId">0</Data><Data Name="TerminalSessionId">3</Data><Data Name="IntegrityLevel">no level</Data><Data Name="Hashes">SHA256=86d31f6fb799e91fa21bad341484564510ca287703a16e9e46c53338776f4f42</Data><Data Name="ParentProcessGuid">{8b8a9dc4-be24-6964-1d23-700000000000}</Data><Data Name="ParentProcessId">154367</Data><Data Name="ParentImage">/usr/bin/python3.12</Data><Data Name="ParentCommandLine">python3</Data><Data Name="ParentUser">root</Data></EventData></Event>
Jan 13 13:49:05 vincenzolog-VMware-Virtual-Platform sysmon[5412]: <Event><System><Provider Name="Linux-Sysmon" Guid="{ff032593-a8d3-4f13-b0d6-01fc615a0f97}"/><EventID>1</EventID><Version>5</Version><Level>4</Level><Task>1</Task><Opcode>0</Opcode><Keywords>0x8000000000000000</Keywords><TimeCreated SystemTime="2026-01-13T06:49:05.124472000Z"/><EventRecordID>520092</EventRecordID><Correlation/><Execution ProcessID="5412" ThreadID="5412"/><Channel>Linux-Sysmon/Operational</Channel><Computer>vincenzolog-VMware-Virtual-Platform</Computer><Security UserId="0"/></System><EventData><Data Name="RuleName">-</Data><Data Name="UtcTime">2026-01-12 09:42:36.514</Data><Data Name="ProcessGuid">{8b8a9dc4-c20c-6964-b154-327e7e610000}</Data><Data Name="ProcessId">164229</Data><Data Name="Image">/usr/bin/cat</Data><Data Name="FileVersion">-</Data><Data Name="Description">-</Data><Data Name="Product">-</Data><Data Name="Company">-</Data><Data Name="OriginalFileName">-</Data><Data Name="CommandLine">/usr/bin/cat /etc/group</Data><Data Name="CurrentDirectory">/home/vincenzolog/Auto_test</Data><Data Name="User">root</Data><Data Name="LogonGuid">{8b8a9dc4-0000-0000-0000-000004000000}</Data><Data Name="LogonId">0</Data><Data Name="TerminalSessionId">3</Data><Data Name="IntegrityLevel">no level</Data><Data Name="Hashes">SHA256=dda0961715677dff3cd560e1933379c0eca73c0b6e19fef2737492ebc1de1700</Data><Data Name="ParentProcessGuid">{8b8a9dc4-c20c-6964-1de8-146e6c610000}</Data><Data Name="ParentProcessId">164228</Data><Data Name="ParentImage">/usr/bin/dash</Data><Data Name="ParentCommandLine">/bin/sh</Data><Data Name="ParentUser">root</Data></EventData></Event>
Jan 13 13:49:05 vincenzolog-VMware-Virtual-Platform sysmon[5412]: <Event><System><Provider Name="Linux-Sysmon" Guid="{ff032593-a8d3-4f13-b0d6-01fc615a0f97}"/><EventID>5</EventID><Version>3</Version><Level>4</Level><Task>5</Task><Opcode>0</Opcode><Keywords>0x8000000000000000</Keywords><TimeCreated SystemTime="2026-01-13T06:49:05.125692000Z"/><EventRecordID>520093</EventRecordID><Correlation/><Execution ProcessID="5412" ThreadID="5412"/><Channel>Linux-Sysmon/Operational</Channel><Computer>vincenzolog-VMware-Virtual-Platform</Computer><Security UserId="0"/></System><EventData><Data Name="RuleName">-</Data><Data Name="UtcTime">2026-01-12 09:42:36.515</Data><Data Name="ProcessGuid">{8b8a9dc4-c20c-6964-b154-327e7e610000}</Data><Data Name="ProcessId">164229</Data><Data Name="Image">/usr/bin/cat</Data><Data Name="User">root</Data></EventData></Event>
Jan 13 13:49:05 vincenzolog-VMware-Virtual-Platform sysmon[5412]: <Event><System><Provider Name="Linux-Sysmon" Guid="{ff032593-a8d3-4f13-b0d6-01fc615a0f97}"/><EventID>5</EventID><Version>3</Version><Level>4</Level><Task>5</Task><Opcode>0</Opcode><Keywords>0x8000000000000000</Keywords><TimeCreated SystemTime="2026-01-13T06:49:05.126124000Z"/><EventRecordID>520094</EventRecordID><Correlation/><Execution ProcessID="5412" ThreadID="5412"/><Channel>Linux-Sysmon/Operational</Channel><Computer>vincenzolog-VMware-Virtual-Platform</Computer><Security UserId="0"/></System><EventData><Data Name="RuleName">-</Data><Data Name="UtcTime">2026-01-12 09:42:36.516</Data><Data Name="ProcessGuid">{8b8a9dc4-c20c-6964-1de8-146e6c610000}</Data><Data Name="ProcessId">164228</Data><Data Name="Image">/usr/bin/dash</Data><Data Name="User">root</Data></EventData></Event>
Jan 13 13:49:05 vincenzolog-VMware-Virtual-Platform sysmon[5412]: <Event><System><Provider Name="Linux-Sysmon" Guid="{ff032593-a8d3-4f13-b0d6-01fc615a0f97}"/><EventID>1</EventID><Version>5</Version><Level>4</Level><Task>1</Task><Opcode>0</Opcode><Keywords>0x8000000000000000</Keywords><TimeCreated SystemTime="2026-01-13T06:49:05.293580000Z"/><EventRecordID>520095</EventRecordID><Correlation/><Execution ProcessID="5412" ThreadID="5412"/><Channel>Linux-Sysmon/Operational</Channel><Computer>vincenzolog-VMware-Virtual-Platform</Computer><Security UserId="0"/></System><EventData><Data Name="RuleName">-</Data><Data Name="UtcTime">2026-01-12 09:42:36.681</Data><Data Name="ProcessGuid">{8b8a9dc4-c20c-6964-1dc8-7bdda15f0000}</Data><Data Name="ProcessId">164230</Data><Data Name="Image">/usr/bin/dash</Data><Data Name="FileVersion">-</Data><Data Name="Description">-</Data><Data Name="Product">-</Data><Data Name="Company">-</Data><Data Name="OriginalFileName">-</Data><Data Name="CommandLine">/bin/sh -c which ps</Data><Data Name="CurrentDirectory">/home/vincenzolog</Data><Data Name="User">vincenzolog</Data><Data Name="LogonGuid">{8b8a9dc4-0000-0000-e803-000000000000}</Data><Data Name="LogonId">1000</Data><Data Name="TerminalSessionId">3</Data><Data Name="IntegrityLevel">no level</Data><Data Name="Hashes">SHA256=86d31f6fb799e91fa21bad341484564510ca287703a16e9e46c53338776f4f42</Data><Data Name="ParentProcessGuid">{00000000-0000-0000-0000-000000000000}</Data><Data Name="ParentProcessId">26644</Data><Data Name="ParentImage">-</Data><Data Name="ParentCommandLine">-</Data><Data Name="ParentUser">-</Data></EventData></Event>
Jan 13 13:49:05 vincenzolog-VMware-Virtual-Platform sysmon[5412]: <Event><System><Provider Name="Linux-Sysmon" Guid="{ff032593-a8d3-4f13-b0d6-01fc615a0f97}"/><EventID>1</EventID><Version>5</Version><Level>4</Level><Task>1</Task><Opcode>0</Opcode><Keywords>0x8000000000000000</Keywords><TimeCreated SystemTime="2026-01-13T06:49:05.295166000Z"/><EventRecordID>520096</EventRecordID><Correlation/><Execution ProcessID="5412" ThreadID="5412"/><Channel>Linux-Sysmon/Operational</Channel><Computer>vincenzolog-VMware-Virtual-Platform</Computer><Security UserId="0"/></System><EventData><Data Name="RuleName">-</Data><Data Name="UtcTime">2026-01-12 09:42:36.684</Data><Data Name="ProcessGuid">{8b8a9dc4-c20c-6964-1da8-2340845e0000}</Data><Data Name="ProcessId">164231</Data><Data Name="Image">/usr/bin/dash</Data><Data Name="FileVersion">-</Data><Data Name="Description">-</Data><Data Name="Product">-</Data><Data Name="Company">-</Data><Data Name="OriginalFileName">-</Data><Data Name="CommandLine">/bin/sh /usr/bin/which ps</Data><Data Name="CurrentDirectory">/home/vincenzolog</Data><Data Name="User">vincenzolog</Data><Data Name="LogonGuid">{8b8a9dc4-0000-0000-e803-000000000000}</Data><Data Name="LogonId">1000</Data><Data Name="TerminalSessionId">3</Data><Data Name="IntegrityLevel">no level</Data><Data Name="Hashes">SHA256=86d31f6fb799e91fa21bad341484564510ca287703a16e9e46c53338776f4f42</Data><Data Name="ParentProcessGuid">{8b8a9dc4-c20c-6964-1dc8-7bdda15f0000}</Data><Data Name="ParentProcessId">164230</Data><Data Name="ParentImage">/usr/bin/dash</Data><Data Name="ParentCommandLine">/bin/sh</Data><Data Name="ParentUser">vincenzolog</Data></EventData></Event>
Jan 13 13:49:05 vincenzolog-VMware-Virtual-Platform sysmon[5412]: <Event><System><Provider Name="Linux-Sysmon" Guid="{ff032593-a8d3-4f13-b0d6-01fc615a0f97}"/><EventID>5</EventID><Version>3</Version><Level>4</Level><Task>5</Task><Opcode>0</Opcode><Keywords>0x8000000000000000</Keywords><TimeCreated SystemTime="2026-01-13T06:49:05.296509000Z"/><EventRecordID>520097</EventRecordID><Correlation/><Execution ProcessID="5412" ThreadID="5412"/><Channel>Linux-Sysmon/Operational</Channel><Computer>vincenzolog-VMware-Virtual-Platform</Computer><Security UserId="0"/></System><EventData><Data Name="RuleName">-</Data><Data Name="UtcTime">2026-01-12 09:42:36.686</Data><Data Name="ProcessGuid">{8b8a9dc4-c20c-6964-1da8-2340845e0000}</Data><Data Name="ProcessId">164231</Data><Data Name="Image">/usr/bin/dash</Data><Data Name="User">vincenzolog</Data></EventData></Event>
Jan 13 13:49:05 vincenzolog-VMware-Virtual-Platform sysmon[5412]: <Event><System><Provider Name="Linux-Sysmon" Guid="{ff032593-a8d3-4f13-b0d6-01fc615a0f97}"/><EventID>5</EventID><Version>3</Version><Level>4</Level><Task>5</Task><Opcode>0</Opcode><Keywords>0x8000000000000000</Keywords><TimeCreated SystemTime="2026-01-13T06:49:05.296856000Z"/><EventRecordID>520098</EventRecordID><Correlation/><Execution ProcessID="5412" ThreadID="5412"/><Channel>Linux-Sysmon/Operational</Channel><Computer>vincenzolog-VMware-Virtual-Platform</Computer><Security UserId="0"/></System><EventData><Data Name="RuleName">-</Data><Data Name="UtcTime">2026-01-12 09:42:36.687</Data><Data Name="ProcessGuid">{8b8a9dc4-c20c-6964-1dc8-7bdda15f0000}</Data><Data Name="ProcessId">164230</Data><Data Name="Image">/usr/bin/dash</Data><Data Name="User">vincenzolog</Data></EventData></Event>
Jan 13 13:49:05 vincenzolog-VMware-Virtual-Platform sysmon[5412]: <Event><System><Provider Name="Linux-Sysmon" Guid="{ff032593-a8d3-4f13-b0d6-01fc615a0f97}"/><EventID>1</EventID><Version>5</Version><Level>4</Level><Task>1</Task><Opcode>0</Opcode><Keywords>0x8000000000000000</Keywords><TimeCreated SystemTime="2026-01-13T06:49:05.300762000Z"/><EventRecordID>520099</EventRecordID><Correlation/><Execution ProcessID="5412" ThreadID="5412"/><Channel>Linux-Sysmon/Operational</Channel><Computer>vincenzolog-VMware-Virtual-Platform</Computer><Security UserId="0"/></System><EventData><Data Name="RuleName">-</Data><Data Name="UtcTime">2026-01-12 09:42:36.689</Data><Data Name="ProcessGuid">{8b8a9dc4-c20c-6964-1d38-5738a0620000}</Data><Data Name="ProcessId">164232</Data><Data Name="Image">/usr/bin/dash</Data><Data Name="FileVersion">-</Data><Data Name="Description">-</Data><Data Name="Product">-</Data><Data Name="Company">-</Data><Data Name="OriginalFileName">-</Data><Data Name="CommandLine">/bin/sh -c /usr/bin/ps -ax -o pid=,ppid=,pcpu=,pmem=,command=</Data><Data Name="CurrentDirectory">/home/vincenzolog</Data><Data Name="User">vincenzolog</Data><Data Name="LogonGuid">{8b8a9dc4-0000-0000-e803-000000000000}</Data><Data Name="LogonId">1000</Data><Data Name="TerminalSessionId">3</Data><Data Name="IntegrityLevel">no level</Data><Data Name="Hashes">SHA256=86d31f6fb799e91fa21bad341484564510ca287703a16e9e46c53338776f4f42</Data><Data Name="ParentProcessGuid">{00000000-0000-0000-0000-000000000000}</Data><Data Name="ParentProcessId">26644</Data><Data Name="ParentImage">-</Data><Data Name="ParentCommandLine">-</Data><Data Name="ParentUser">-</Data></EventData></Event>
Jan 13 13:49:05 vincenzolog-VMware-Virtual-Platform sysmon[5412]: <Event><System><Provider Name="Linux-Sysmon" Guid="{ff032593-a8d3-4f13-b0d6-01fc615a0f97}"/><EventID>1</EventID><Version>5</Version><Level>4</Level><Task>1</Task><Opcode>0</Opcode><Keywords>0x8000000000000000</Keywords><TimeCreated SystemTime="2026-01-13T06:49:05.302046000Z"/><EventRecordID>520100</EventRecordID><Correlation/><Execution ProcessID="5412" ThreadID="5412"/><Channel>Linux-Sysmon/Operational</Channel><Computer>vincenzolog-VMware-Virtual-Platform</Computer><Security UserId="0"/></System><EventData><Data Name="RuleName">-</Data><Data Name="UtcTime">2026-01-12 09:42:36.691</Data><Data Name="ProcessGuid">{8b8a9dc4-c20c-6964-01ce-70b8755b0000}</Data><Data Name="ProcessId">164233</Data><Data Name="Image">/usr/bin/ps</Data><Data Name="FileVersion">-</Data><Data Name="Description">-</Data><Data Name="Product">-</Data><Data Name="Company">-</Data><Data Name="OriginalFileName">-</Data><Data Name="CommandLine">/usr/bin/ps -ax -o pid=,ppid=,pcpu=,pmem=,command=</Data><Data Name="CurrentDirectory">/home/vincenzolog</Data><Data Name="User">vincenzolog</Data><Data Name="LogonGuid">{8b8a9dc4-0000-0000-e803-000000000000}</Data><Data Name="LogonId">1000</Data><Data Name="TerminalSessionId">3</Data><Data Name="IntegrityLevel">no level</Data><Data Name="Hashes">SHA256=8e86f498aa4aabfcea6c179d6181557140b4597f1c39bb94e2aba32158b58297</Data><Data Name="ParentProcessGuid">{8b8a9dc4-c20c-6964-1d38-5738a0620000}</Data><Data Name="ParentProcessId">164232</Data><Data Name="ParentImage">/usr/bin/dash</Data><Data Name="ParentCommandLine">/bin/sh</Data><Data Name="ParentUser">vincenzolog</Data></EventData></Event>
Jan 13 13:49:05 vincenzolog-VMware-Virtual-Platform sysmon[5412]: <Event><System><Provider Name="Linux-Sysmon" Guid="{ff032593-a8d3-4f13-b0d6-01fc615a0f97}"/><EventID>5</EventID><Version>3</Version><Level>4</Level><Task>5</Task><Opcode>0</Opcode><Keywords>0x8000000000000000</Keywords><TimeCreated SystemTime="2026-01-13T06:49:05.326626000Z"/><EventRecordID>520101</EventRecordID><Correlation/><Execution ProcessID="5412" ThreadID="5412"/><Channel>Linux-Sysmon/Operational</Channel><Computer>vincenzolog-VMware-Virtual-Platform</Computer><Security UserId="0"/></System><EventData><Data Name="RuleName">-</Data><Data Name="UtcTime">2026-01-12 09:42:36.716</Data><Data Name="ProcessGuid">{8b8a9dc4-c20c-6964-01ce-70b8755b0000}</Data><Data Name="ProcessId">164233</Data><Data Name="Image">/usr/bin/ps</Data><Data Name="User">vincenzolog</Data></EventData></Event>
Jan 13 13:49:05 vincenzolog-VMware-Virtual-Platform sysmon[5412]: <Event><System><Provider Name="Linux-Sysmon" Guid="{ff032593-a8d3-4f13-b0d6-01fc615a0f97}"/><EventID>5</EventID><Version>3</Version><Level>4</Level><Task>5</Task><Opcode>0</Opcode><Keywords>0x8000000000000000</Keywords><TimeCreated SystemTime="2026-01-13T06:49:05.327098000Z"/><EventRecordID>520102</EventRecordID><Correlation/><Execution ProcessID="5412" ThreadID="5412"/><Channel>Linux-Sysmon/Operational</Channel><Computer>vincenzolog-VMware-Virtual-Platform</Computer><Security UserId="0"/></System><EventData><Data Name="RuleName">-</Data><Data Name="UtcTime">2026-01-12 09:42:36.717</Data><Data Name="ProcessGuid">{8b8a9dc4-c20c-6964-1d38-5738a0620000}</Data><Data Name="ProcessId">164232</Data><Data Name="Image">/usr/bin/dash</Data><Data Name="User">vincenzolog</Data></EventData></Event>
Jan 13 13:49:05 vincenzolog-VMware-Virtual-Platform sysmon[5412]: <Event><System><Provider Name="Linux-Sysmon" Guid="{ff032593-a8d3-4f13-b0d6-01fc615a0f97}"/><EventID>1</EventID><Version>5</Version><Level>4</Level><Task>1</Task><Opcode>0</Opcode><Keywords>0x8000000000000000</Keywords><TimeCreated SystemTime="2026-01-13T06:49:05.331461000Z"/><EventRecordID>520103</EventRecordID><Correlation/><Execution ProcessID="5412" ThreadID="5412"/><Channel>Linux-Sysmon/Operational</Channel><Computer>vincenzolog-VMware-Virtual-Platform</Computer><Security UserId="0"/></System><EventData><Data Name="RuleName">-</Data><Data Name="UtcTime">2026-01-12 09:42:36.720</Data><Data Name="ProcessGuid">{8b8a9dc4-c20c-6964-1da8-d1e3b8550000}</Data><Data Name="ProcessId">164234</Data><Data Name="Image">/usr/bin/dash</Data><Data Name="FileVersion">-</Data><Data Name="Description">-</Data><Data Name="Product">-</Data><Data Name="Company">-</Data><Data Name="OriginalFileName">-</Data><Data Name="CommandLine">/bin/sh -c &quot;/usr/share/code/resources/app/out/vs/base/node/cpuUsage.sh&quot; 94460 154343 154366 154367</Data><Data Name="CurrentDirectory">/home/vincenzolog</Data><Data Name="User">vincenzolog</Data><Data Name="LogonGuid">{8b8a9dc4-0000-0000-e803-000000000000}</Data><Data Name="LogonId">1000</Data><Data Name="TerminalSessionId">3</Data><Data Name="IntegrityLevel">no level</Data><Data Name="Hashes">SHA256=86d31f6fb799e91fa21bad341484564510ca287703a16e9e46c53338776f4f42</Data><Data Name="ParentProcessGuid">{00000000-0000-0000-0000-000000000000}</Data><Data Name="ParentProcessId">26644</Data><Data Name="ParentImage">-</Data><Data Name="ParentCommandLine">-</Data><Data Name="ParentUser">-</Data></EventData></Event>
Jan 13 13:49:05 vincenzolog-VMware-Virtual-Platform sysmon[5412]: <Event><System><Provider Name="Linux-Sysmon" Guid="{ff032593-a8d3-4f13-b0d6-01fc615a0f97}"/><EventID>1</EventID><Version>5</Version><Level>4</Level><Task>1</Task><Opcode>0</Opcode><Keywords>0x8000000000000000</Keywords><TimeCreated SystemTime="2026-01-13T06:49:05.334169000Z"/><EventRecordID>520104</EventRecordID><Correlation/><Execution ProcessID="5412" ThreadID="5412"/><Channel>Linux-Sysmon/Operational</Channel><Computer>vincenzolog-VMware-Virtual-Platform</Computer><Security UserId="0"/></System><EventData><Data Name="RuleName">-</Data><Data Name="UtcTime">2026-01-12 09:42:36.722</Data><Data Name="ProcessGuid">{8b8a9dc4-c20c-6964-2d13-76a677610000}</Data><Data Name="ProcessId">164235</Data><Data Name="Image">/usr/bin/bash</Data><Data Name="FileVersion">-</Data><Data Name="Description">-</Data><Data Name="Product">-</Data><Data Name="Company">-</Data><Data Name="OriginalFileName">-</Data><Data Name="CommandLine">/bin/bash /usr/share/code/resources/app/out/vs/base/node/cpuUsage.sh 94460 154343 154366 154367</Data><Data Name="CurrentDirectory">/home/vincenzolog</Data><Data Name="User">vincenzolog</Data><Data Name="LogonGuid">{8b8a9dc4-0000-0000-e803-000000000000}</Data><Data Name="LogonId">1000</Data><Data Name="TerminalSessionId">3</Data><Data Name="IntegrityLevel">no level</Data><Data Name="Hashes">SHA256=bc5945feb8bd26203ebfafea5ce1878bb2e32cb8fb50ab7ae395cfb1e1aaaef1</Data><Data Name="ParentProcessGuid">{8b8a9dc4-c20c-6964-1da8-d1e3b8550000}</Data><Data Name="ParentProcessId">164234</Data><Data Name="ParentImage">/usr/bin/dash</Data><Data Name="ParentCommandLine">/bin/sh</Data><Data Name="ParentUser">vincenzolog</Data></EventData></Event>
Jan 13 13:49:05 vincenzolog-VMware-Virtual-Platform sysmon[5412]: <Event><System><Provider Name="Linux-Sysmon" Guid="{ff032593-a8d3-4f13-b0d6-01fc615a0f97}"/><EventID>1</EventID><Version>5</Version><Level>4</Level><Task>1</Task><Opcode>0</Opcode><Keywords>0x8000000000000000</Keywords><TimeCreated SystemTime="2026-01-13T06:49:05.335307000Z"/><EventRecordID>520105</EventRecordID><Correlation/><Execution ProcessID="5412" ThreadID="5412"/><Channel>Linux-Sysmon/Operational</Channel><Computer>vincenzolog-VMware-Virtual-Platform</Computer><Security UserId="0"/></System><EventData><Data Name="RuleName">-</Data><Data Name="UtcTime">2026-01-12 09:42:36.724</Data><Data Name="ProcessGuid">{8b8a9dc4-c20c-6964-81de-9ceeae560000}</Data><Data Name="ProcessId">164236</Data><Data Name="Image">/usr/bin/sed</Data><Data Name="FileVersion">-</Data><Data Name="Description">-</Data><Data Name="Product">-</Data><Data Name="Company">-</Data><Data Name="OriginalFileName">-</Data><Data Name="CommandLine">sed -n s/^cpu\s//p /proc/stat</Data><Data Name="CurrentDirectory">/home/vincenzolog</Data><Data Name="User">vincenzolog</Data><Data Name="LogonGuid">{8b8a9dc4-0000-0000-e803-000000000000}</Data><Data Name="LogonId">1000</Data><Data Name="TerminalSessionId">3</Data><Data Name="IntegrityLevel">no level</Data><Data Name="Hashes">SHA256=db67d4895f868617bfd19786247ebda7c2f50f4cb3857a987f732a2c267a799e</Data><Data Name="ParentProcessGuid">{8b8a9dc4-c20c-6964-2d13-76a677610000}</Data><Data Name="ParentProcessId">164235</Data><Data Name="ParentImage">/usr/bin/bash</Data><Data Name="ParentCommandLine">/bin/bash</Data><Data Name="ParentUser">vincenzolog</Data></EventData></Event>
Jan 13 13:49:05 vincenzolog-VMware-Virtual-Platform sysmon[5412]: <Event><System><Provider Name="Linux-Sysmon" Guid="{ff032593-a8d3-4f13-b0d6-01fc615a0f97}"/><EventID>5</EventID><Version>3</Version><Level>4</Level><Task>5</Task><Opcode>0</Opcode><Keywords>0x8000000000000000</Keywords><TimeCreated SystemTime="2026-01-13T06:49:05.336971000Z"/><EventRecordID>520106</EventRecordID><Correlation/><Execution ProcessID="5412" ThreadID="5412"/><Channel>Linux-Sysmon/Operational</Channel><Computer>vincenzolog-VMware-Virtual-Platform</Computer><Security UserId="0"/></System><EventData><Data Name="RuleName">-</Data><Data Name="UtcTime">2026-01-12 09:42:36.727</Data><Data Name="ProcessGuid">{8b8a9dc4-c20c-6964-81de-9ceeae560000}</Data><Data Name="ProcessId">164236</Data><Data Name="Image">/usr/bin/sed</Data><Data Name="User">vincenzolog</Data></EventData></Event>
