Jan 17 00:25:34 vincenzolog-VMware-Virtual-Platform sysmon[1624]: <Event><System><Provider Name="Linux-Sysmon" Guid="{ff032593-a8d3-4f13-b0d6-01fc615a0f97}"/><EventID>5</EventID><Version>3</Version><Level>4</Level><Task>5</Task><Opcode>0</Opcode><Keywords>0x8000000000000000</Keywords><TimeCreated SystemTime="2026-01-16T17:25:34.819209000Z"/><EventRecordID>1180859</EventRecordID><Correlation/><Execution ProcessID="1624" ThreadID="1624"/><Channel>Linux-Sysmon/Operational</Channel><Computer>vincenzolog-VMware-Virtual-Platform</Computer><Security UserId="0"/></System><EventData><Data Name="RuleName">-</Data><Data Name="UtcTime">2026-01-16 16:26:57.472</Data><Data Name="ProcessGuid">{8b8a9dc4-66d1-696a-cd8b-09de12560000}</Data><Data Name="ProcessId">369152</Data><Data Name="Image">/usr/bin/journalctl</Data><Data Name="User">root</Data></EventData></Event>
Jan 17 00:25:34 vincenzolog-VMware-Virtual-Platform sysmon[1624]: <Event><System><Provider Name="Linux-Sysmon" Guid="{ff032593-a8d3-4f13-b0d6-01fc615a0f97}"/><EventID>5</EventID><Version>3</Version><Level>4</Level><Task>5</Task><Opcode>0</Opcode><Keywords>0x8000000000000000</Keywords><TimeCreated SystemTime="2026-01-16T17:25:34.821986000Z"/><EventRecordID>1180860</EventRecordID><Correlation/><Execution ProcessID="1624" ThreadID="1624"/><Channel>Linux-Sysmon/Operational</Channel><Computer>vincenzolog-VMware-Virtual-Platform</Computer><Security UserId="0"/></System><EventData><Data Name="RuleName">-</Data><Data Name="UtcTime">2026-01-16 16:26:57.473</Data><Data Name="ProcessGuid">{8b8a9dc4-66d1-696a-1de8-a8910b5a0000}</Data><Data Name="ProcessId">369151</Data><Data Name="Image">/usr/bin/dash</Data><Data Name="User">root</Data></EventData></Event>
Jan 17 00:25:34 vincenzolog-VMware-Virtual-Platform sysmon[1624]: <Event><System><Provider Name="Linux-Sysmon" Guid="{ff032593-a8d3-4f13-b0d6-01fc615a0f97}"/><EventID>1</EventID><Version>5</Version><Level>4</Level><Task>1</Task><Opcode>0</Opcode><Keywords>0x8000000000000000</Keywords><TimeCreated SystemTime="2026-01-16T17:25:34.824669000Z"/><EventRecordID>1180861</EventRecordID><Correlation/><Execution ProcessID="1624" ThreadID="1624"/><Channel>Linux-Sysmon/Operational</Channel><Computer>vincenzolog-VMware-Virtual-Platform</Computer><Security UserId="0"/></System><EventData><Data Name="RuleName">-</Data><Data Name="UtcTime">2026-01-16 16:26:57.474</Data><Data Name="ProcessGuid">{8b8a9dc4-66d1-696a-1d58-a914e6590000}</Data><Data Name="ProcessId">369154</Data><Data Name="Image">/usr/bin/dash</Data><Data Name="FileVersion">-</Data><Data Name="Description">-</Data><Data Name="Product">-</Data><Data Name="Company">-</Data><Data Name="OriginalFileName">-</Data><Data Name="CommandLine">/bin/sh -c journalctl --vacuum-time=1s</Data><Data Name="CurrentDirectory">/home/vincenzolog/Auto_test</Data><Data Name="User">root</Data><Data Name="LogonGuid">{8b8a9dc4-0000-0000-0000-000005000000}</Data><Data Name="LogonId">0</Data><Data Name="TerminalSessionId">3</Data><Data Name="IntegrityLevel">no level</Data><Data Name="Hashes">SHA256=86d31f6fb799e91fa21bad341484564510ca287703a16e9e46c53338776f4f42</Data><Data Name="ParentProcessGuid">{8b8a9dc4-612c-696a-dd23-700000000000}</Data><Data Name="ParentProcessId">120295</Data><Data Name="ParentImage">/usr/bin/python3.12</Data><Data Name="ParentCommandLine">python3</Data><Data Name="ParentUser">root</Data></EventData></Event>
Jan 17 00:25:34 vincenzolog-VMware-Virtual-Platform sysmon[1624]: <Event><System><Provider Name="Linux-Sysmon" Guid="{ff032593-a8d3-4f13-b0d6-01fc615a0f97}"/><EventID>5</EventID><Version>3</Version><Level>4</Level><Task>5</Task><Opcode>0</Opcode><Keywords>0x8000000000000000</Keywords><TimeCreated SystemTime="2026-01-16T17:25:34.825960000Z"/><EventRecordID>1180862</EventRecordID><Correlation/><Execution ProcessID="1624" ThreadID="1624"/><Channel>Linux-Sysmon/Operational</Channel><Computer>vincenzolog-VMware-Virtual-Platform</Computer><Security UserId="0"/></System><EventData><Data Name="RuleName">-</Data><Data Name="UtcTime">2026-01-16 16:26:57.475</Data><Data Name="ProcessGuid">{8b8a9dc4-28e1-696a-154e-ab6f505b0000}</Data><Data Name="ProcessId">382</Data><Data Name="Image">/usr/lib/systemd/systemd-journald</Data><Data Name="User">root</Data></EventData></Event>
Jan 17 00:25:34 vincenzolog-VMware-Virtual-Platform sysmon[1624]: <Event><System><Provider Name="Linux-Sysmon" Guid="{ff032593-a8d3-4f13-b0d6-01fc615a0f97}"/><EventID>1</EventID><Version>5</Version><Level>4</Level><Task>1</Task><Opcode>0</Opcode><Keywords>0x8000000000000000</Keywords><TimeCreated SystemTime="2026-01-16T17:25:34.828174000Z"/><EventRecordID>1180863</EventRecordID><Correlation/><Execution ProcessID="1624" ThreadID="1624"/><Channel>Linux-Sysmon/Operational</Channel><Computer>vincenzolog-VMware-Virtual-Platform</Computer><Security UserId="0"/></System><EventData><Data Name="RuleName">-</Data><Data Name="UtcTime">2026-01-16 16:26:57.478</Data><Data Name="ProcessGuid">{8b8a9dc4-66d1-696a-cd0b-5bbebc570000}</Data><Data Name="ProcessId">369155</Data><Data Name="Image">/usr/bin/journalctl</Data><Data Name="FileVersion">-</Data><Data Name="Description">-</Data><Data Name="Product">-</Data><Data Name="Company">-</Data><Data Name="OriginalFileName">-</Data><Data Name="CommandLine">journalctl --vacuum-time=1s</Data><Data Name="CurrentDirectory">/home/vincenzolog/Auto_test</Data><Data Name="User">root</Data><Data Name="LogonGuid">{8b8a9dc4-0000-0000-0000-000005000000}</Data><Data Name="LogonId">0</Data><Data Name="TerminalSessionId">3</Data><Data Name="IntegrityLevel">no level</Data><Data Name="Hashes">SHA256=7bd10a9c601c3204a6c464fc517b204e469eca7f12b09f9c4826f3cc1e42bd79</Data><Data Name="ParentProcessGuid">{8b8a9dc4-66d1-696a-1d58-a914e6590000}</Data><Data Name="ParentProcessId">369154</Data><Data Name="ParentImage">/usr/bin/dash</Data><Data Name="ParentCommandLine">/bin/sh</Data><Data Name="ParentUser">root</Data></EventData></Event>
Jan 17 00:25:34 vincenzolog-VMware-Virtual-Platform sysmon[1624]: <Event><System><Provider Name="Linux-Sysmon" Guid="{ff032593-a8d3-4f13-b0d6-01fc615a0f97}"/><EventID>5</EventID><Version>3</Version><Level>4</Level><Task>5</Task><Opcode>0</Opcode><Keywords>0x8000000000000000</Keywords><TimeCreated SystemTime="2026-01-16T17:25:34.844341000Z"/><EventRecordID>1180864</EventRecordID><Correlation/><Execution ProcessID="1624" ThreadID="1624"/><Channel>Linux-Sysmon/Operational</Channel><Computer>vincenzolog-VMware-Virtual-Platform</Computer><Security UserId="0"/></System><EventData><Data Name="RuleName">-</Data><Data Name="UtcTime">2026-01-16 16:26:57.497</Data><Data Name="ProcessGuid">{8b8a9dc4-66d1-696a-cd0b-5bbebc570000}</Data><Data Name="ProcessId">369155</Data><Data Name="Image">/usr/bin/journalctl</Data><Data Name="User">root</Data></EventData></Event>
Jan 17 00:25:34 vincenzolog-VMware-Virtual-Platform sysmon[1624]: <Event><System><Provider Name="Linux-Sysmon" Guid="{ff032593-a8d3-4f13-b0d6-01fc615a0f97}"/><EventID>5</EventID><Version>3</Version><Level>4</Level><Task>5</Task><Opcode>0</Opcode><Keywords>0x8000000000000000</Keywords><TimeCreated SystemTime="2026-01-16T17:25:34.844640000Z"/><EventRecordID>1180865</EventRecordID><Correlation/><Execution ProcessID="1624" ThreadID="1624"/><Channel>Linux-Sysmon/Operational</Channel><Computer>vincenzolog-VMware-Virtual-Platform</Computer><Security UserId="0"/></System><EventData><Data Name="RuleName">-</Data><Data Name="UtcTime">2026-01-16 16:26:57.498</Data><Data Name="ProcessGuid">{8b8a9dc4-66d1-696a-1d58-a914e6590000}</Data><Data Name="ProcessId">369154</Data><Data Name="Image">/usr/bin/dash</Data><Data Name="User">root</Data></EventData></Event>
Jan 17 00:25:35 vincenzolog-VMware-Virtual-Platform sysmon[1624]: <Event><System><Provider Name="Linux-Sysmon" Guid="{ff032593-a8d3-4f13-b0d6-01fc615a0f97}"/><EventID>1</EventID><Version>5</Version><Level>4</Level><Task>1</Task><Opcode>0</Opcode><Keywords>0x8000000000000000</Keywords><TimeCreated SystemTime="2026-01-16T17:25:35.849157000Z"/><EventRecordID>1180866</EventRecordID><Correlation/><Execution ProcessID="1624" ThreadID="1624"/><Channel>Linux-Sysmon/Operational</Channel><Computer>vincenzolog-VMware-Virtual-Platform</Computer><Security UserId="0"/></System><EventData><Data Name="RuleName">-</Data><Data Name="UtcTime">2026-01-16 16:26:58.499</Data><Data Name="ProcessGuid">{8b8a9dc4-66d2-696a-1d58-56472b640000}</Data><Data Name="ProcessId">369156</Data><Data Name="Image">/usr/bin/dash</Data><Data Name="FileVersion">-</Data><Data Name="Description">-</Data><Data Name="Product">-</Data><Data Name="Company">-</Data><Data Name="OriginalFileName">-</Data><Data Name="CommandLine">/bin/sh -c find -exec /bin/sh \; -quit -empty -type f</Data><Data Name="CurrentDirectory">/home/vincenzolog/Auto_test</Data><Data Name="User">root</Data><Data Name="LogonGuid">{8b8a9dc4-0000-0000-0000-000005000000}</Data><Data Name="LogonId">0</Data><Data Name="TerminalSessionId">3</Data><Data Name="IntegrityLevel">no level</Data><Data Name="Hashes">SHA256=86d31f6fb799e91fa21bad341484564510ca287703a16e9e46c53338776f4f42</Data><Data Name="ParentProcessGuid">{8b8a9dc4-612c-696a-dd23-700000000000}</Data><Data Name="ParentProcessId">120295</Data><Data Name="ParentImage">/usr/bin/python3.12</Data><Data Name="ParentCommandLine">python3</Data><Data Name="ParentUser">root</Data></EventData></Event>
Jan 17 00:25:35 vincenzolog-VMware-Virtual-Platform sysmon[1624]: <Event><System><Provider Name="Linux-Sysmon" Guid="{ff032593-a8d3-4f13-b0d6-01fc615a0f97}"/><EventID>1</EventID><Version>5</Version><Level>4</Level><Task>1</Task><Opcode>0</Opcode><Keywords>0x8000000000000000</Keywords><TimeCreated SystemTime="2026-01-16T17:25:35.853875000Z"/><EventRecordID>1180867</EventRecordID><Correlation/><Execution ProcessID="1624" ThreadID="1624"/><Channel>Linux-Sysmon/Operational</Channel><Computer>vincenzolog-VMware-Virtual-Platform</Computer><Security UserId="0"/></System><EventData><Data Name="RuleName">-</Data><Data Name="UtcTime">2026-01-16 16:26:58.504</Data><Data Name="ProcessGuid">{8b8a9dc4-66d2-696a-c1ac-5dc573560000}</Data><Data Name="ProcessId">369157</Data><Data Name="Image">/usr/bin/find</Data><Data Name="FileVersion">-</Data><Data Name="Description">-</Data><Data Name="Product">-</Data><Data Name="Company">-</Data><Data Name="OriginalFileName">-</Data><Data Name="CommandLine">find -exec /bin/sh ; -quit -empty -type f</Data><Data Name="CurrentDirectory">/home/vincenzolog/Auto_test</Data><Data Name="User">root</Data><Data Name="LogonGuid">{8b8a9dc4-0000-0000-0000-000005000000}</Data><Data Name="LogonId">0</Data><Data Name="TerminalSessionId">3</Data><Data Name="IntegrityLevel">no level</Data><Data Name="Hashes">SHA256=ac1ea1c5391de921aca1572f1bf25d03707beb3887b27c16a5b4948fd553941b</Data><Data Name="ParentProcessGuid">{8b8a9dc4-66d2-696a-1d58-56472b640000}</Data><Data Name="ParentProcessId">369156</Data><Data Name="ParentImage">/usr/bin/dash</Data><Data Name="ParentCommandLine">/bin/sh</Data><Data Name="ParentUser">root</Data></EventData></Event>
Jan 17 00:25:35 vincenzolog-VMware-Virtual-Platform sysmon[1624]: <Event><System><Provider Name="Linux-Sysmon" Guid="{ff032593-a8d3-4f13-b0d6-01fc615a0f97}"/><EventID>1</EventID><Version>5</Version><Level>4</Level><Task>1</Task><Opcode>0</Opcode><Keywords>0x8000000000000000</Keywords><TimeCreated SystemTime="2026-01-16T17:25:35.858236000Z"/><EventRecordID>1180868</EventRecordID><Correlation/><Execution ProcessID="1624" ThreadID="1624"/><Channel>Linux-Sysmon/Operational</Channel><Computer>vincenzolog-VMware-Virtual-Platform</Computer><Security UserId="0"/></System><EventData><Data Name="RuleName">-</Data><Data Name="UtcTime">2026-01-16 16:26:58.509</Data><Data Name="ProcessGuid">{8b8a9dc4-66d2-696a-1d88-4551ff610000}</Data><Data Name="ProcessId">369158</Data><Data Name="Image">/usr/bin/dash</Data><Data Name="FileVersion">-</Data><Data Name="Description">-</Data><Data Name="Product">-</Data><Data Name="Company">-</Data><Data Name="OriginalFileName">-</Data><Data Name="CommandLine">/bin/sh</Data><Data Name="CurrentDirectory">/home/vincenzolog/Auto_test</Data><Data Name="User">root</Data><Data Name="LogonGuid">{8b8a9dc4-0000-0000-0000-000005000000}</Data><Data Name="LogonId">0</Data><Data Name="TerminalSessionId">3</Data><Data Name="IntegrityLevel">no level</Data><Data Name="Hashes">SHA256=86d31f6fb799e91fa21bad341484564510ca287703a16e9e46c53338776f4f42</Data><Data Name="ParentProcessGuid">{8b8a9dc4-66d2-696a-c1ac-5dc573560000}</Data><Data Name="ParentProcessId">369157</Data><Data Name="ParentImage">/usr/bin/find</Data><Data Name="ParentCommandLine">find</Data><Data Name="ParentUser">root</Data></EventData></Event>
Jan 17 00:25:35 vincenzolog-VMware-Virtual-Platform sysmon[1624]: <Event><System><Provider Name="Linux-Sysmon" Guid="{ff032593-a8d3-4f13-b0d6-01fc615a0f97}"/><EventID>1</EventID><Version>5</Version><Level>4</Level><Task>1</Task><Opcode>0</Opcode><Keywords>0x8000000000000000</Keywords><TimeCreated SystemTime="2026-01-16T17:25:35.947155000Z"/><EventRecordID>1180869</EventRecordID><Correlation/><Execution ProcessID="1624" ThreadID="1624"/><Channel>Linux-Sysmon/Operational</Channel><Computer>vincenzolog-VMware-Virtual-Platform</Computer><Security UserId="0"/></System><EventData><Data Name="RuleName">-</Data><Data Name="UtcTime">2026-01-16 16:26:58.576</Data><Data Name="ProcessGuid">{8b8a9dc4-66d2-696a-0175-93bec2640000}</Data><Data Name="ProcessId">369159</Data><Data Name="Image">/usr/bin/git</Data><Data Name="FileVersion">-</Data><Data Name="Description">-</Data><Data Name="Product">-</Data><Data Name="Company">-</Data><Data Name="OriginalFileName">-</Data><Data Name="CommandLine">git config --get commit.template</Data><Data Name="CurrentDirectory">/home/vincenzolog/Auto_test</Data><Data Name="User">vincenzolog</Data><Data Name="LogonGuid">{8b8a9dc4-0000-0000-e803-000000000000}</Data><Data Name="LogonId">1000</Data><Data Name="TerminalSessionId">3</Data><Data Name="IntegrityLevel">no level</Data><Data Name="Hashes">SHA256=2a8c18fbf43da9f692d75474c72bea9dfd796c260b0f3dfe456376abc3bbd668</Data><Data Name="ParentProcessGuid">{8b8a9dc4-2c74-696a-10ae-534fa65f0000}</Data><Data Name="ParentProcessId">8898</Data><Data Name="ParentImage">/usr/share/antigravity/antigravity</Data><Data Name="ParentCommandLine">/proc/self/exe</Data><Data Name="ParentUser">vincenzolog</Data></EventData></Event>
Jan 17 00:25:35 vincenzolog-VMware-Virtual-Platform sysmon[1624]: <Event><System><Provider Name="Linux-Sysmon" Guid="{ff032593-a8d3-4f13-b0d6-01fc615a0f97}"/><EventID>5</EventID><Version>3</Version><Level>4</Level><Task>5</Task><Opcode>0</Opcode><Keywords>0x8000000000000000</Keywords><TimeCreated SystemTime="2026-01-16T17:25:35.947618000Z"/><EventRecordID>1180870</EventRecordID><Correlation/><Execution ProcessID="1624" ThreadID="1624"/><Channel>Linux-Sysmon/Operational</Channel><Computer>vincenzolog-VMware-Virtual-Platform</Computer><Security UserId="0"/></System><EventData><Data Name="RuleName">-</Data><Data Name="UtcTime">2026-01-16 16:26:58.588</Data><Data Name="ProcessGuid">{8b8a9dc4-66d2-696a-0175-93bec2640000}</Data><Data Name="ProcessId">369159</Data><Data Name="Image">/usr/bin/git</Data><Data Name="User">vincenzolog</Data></EventData></Event>
Jan 17 00:25:35 vincenzolog-VMware-Virtual-Platform sysmon[1624]: <Event><System><Provider Name="Linux-Sysmon" Guid="{ff032593-a8d3-4f13-b0d6-01fc615a0f97}"/><EventID>1</EventID><Version>5</Version><Level>4</Level><Task>1</Task><Opcode>0</Opcode><Keywords>0x8000000000000000</Keywords><TimeCreated SystemTime="2026-01-16T17:25:35.966361000Z"/><EventRecordID>1180871</EventRecordID><Correlation/><Execution ProcessID="1624" ThreadID="1624"/><Channel>Linux-Sysmon/Operational</Channel><Computer>vincenzolog-VMware-Virtual-Platform</Computer><Security UserId="0"/></System><EventData><Data Name="RuleName">-</Data><Data Name="UtcTime">2026-01-16 16:26:58.593</Data><Data Name="ProcessGuid">{8b8a9dc4-66d2-696a-01d5-c5212b5c0000}</Data><Data Name="ProcessId">369160</Data><Data Name="Image">/usr/bin/git</Data><Data Name="FileVersion">-</Data><Data Name="Description">-</Data><Data Name="Product">-</Data><Data Name="Company">-</Data><Data Name="OriginalFileName">-</Data><Data Name="CommandLine">git for-each-ref --format=%(refname)%00%(upstream:short)%00%(objectname)%00%(upstream:track)%00%(upstream:remotename)%00%(upstream:remoteref) refs/heads/1601data refs/remotes/1601data</Data><Data Name="CurrentDirectory">/home/vincenzolog/Auto_test</Data><Data Name="User">vincenzolog</Data><Data Name="LogonGuid">{8b8a9dc4-0000-0000-e803-000000000000}</Data><Data Name="LogonId">1000</Data><Data Name="TerminalSessionId">3</Data><Data Name="IntegrityLevel">no level</Data><Data Name="Hashes">SHA256=2a8c18fbf43da9f692d75474c72bea9dfd796c260b0f3dfe456376abc3bbd668</Data><Data Name="ParentProcessGuid">{8b8a9dc4-2c74-696a-10ae-534fa65f0000}</Data><Data Name="ParentProcessId">8898</Data><Data Name="ParentImage">/usr/share/antigravity/antigravity</Data><Data Name="ParentCommandLine">/proc/self/exe</Data><Data Name="ParentUser">vincenzolog</Data></EventData></Event>
Jan 17 00:25:35 vincenzolog-VMware-Virtual-Platform sysmon[1624]: <Event><System><Provider Name="Linux-Sysmon" Guid="{ff032593-a8d3-4f13-b0d6-01fc615a0f97}"/><EventID>5</EventID><Version>3</Version><Level>4</Level><Task>5</Task><Opcode>0</Opcode><Keywords>0x8000000000000000</Keywords><TimeCreated SystemTime="2026-01-16T17:25:35.966867000Z"/><EventRecordID>1180872</EventRecordID><Correlation/><Execution ProcessID="1624" ThreadID="1624"/><Channel>Linux-Sysmon/Operational</Channel><Computer>vincenzolog-VMware-Virtual-Platform</Computer><Security UserId="0"/></System><EventData><Data Name="RuleName">-</Data><Data Name="UtcTime">2026-01-16 16:26:58.610</Data><Data Name="ProcessGuid">{8b8a9dc4-66d2-696a-01d5-c5212b5c0000}</Data><Data Name="ProcessId">369160</Data><Data Name="Image">/usr/bin/git</Data><Data Name="User">vincenzolog</Data></EventData></Event>
Jan 17 00:25:35 vincenzolog-VMware-Virtual-Platform sysmon[1624]: <Event><System><Provider Name="Linux-Sysmon" Guid="{ff032593-a8d3-4f13-b0d6-01fc615a0f97}"/><EventID>1</EventID><Version>5</Version><Level>4</Level><Task>1</Task><Opcode>0</Opcode><Keywords>0x8000000000000000</Keywords><TimeCreated SystemTime="2026-01-16T17:25:35.998392000Z"/><EventRecordID>1180873</EventRecordID><Correlation/><Execution ProcessID="1624" ThreadID="1624"/><Channel>Linux-Sysmon/Operational</Channel><Computer>vincenzolog-VMware-Virtual-Platform</Computer><Security UserId="0"/></System><EventData><Data Name="RuleName">-</Data><Data Name="UtcTime">2026-01-16 16:26:58.623</Data><Data Name="ProcessGuid">{8b8a9dc4-66d2-696a-01f5-42eb43640000}</Data><Data Name="ProcessId">369161</Data><Data Name="Image">/usr/bin/git</Data><Data Name="FileVersion">-</Data><Data Name="Description">-</Data><Data Name="Product">-</Data><Data Name="Company">-</Data><Data Name="OriginalFileName">-</Data><Data Name="CommandLine">git status -z -uall</Data><Data Name="CurrentDirectory">/home/vincenzolog/Auto_test</Data><Data Name="User">vincenzolog</Data><Data Name="LogonGuid">{8b8a9dc4-0000-0000-e803-000000000000}</Data><Data Name="LogonId">1000</Data><Data Name="TerminalSessionId">3</Data><Data Name="IntegrityLevel">no level</Data><Data Name="Hashes">SHA256=2a8c18fbf43da9f692d75474c72bea9dfd796c260b0f3dfe456376abc3bbd668</Data><Data Name="ParentProcessGuid">{8b8a9dc4-2c74-696a-10ae-534fa65f0000}</Data><Data Name="ParentProcessId">8898</Data><Data Name="ParentImage">/usr/share/antigravity/antigravity</Data><Data Name="ParentCommandLine">/proc/self/exe</Data><Data Name="ParentUser">vincenzolog</Data></EventData></Event>
Jan 17 00:25:36 vincenzolog-VMware-Virtual-Platform sysmon[1624]: <Event><System><Provider Name="Linux-Sysmon" Guid="{ff032593-a8d3-4f13-b0d6-01fc615a0f97}"/><EventID>1</EventID><Version>5</Version><Level>4</Level><Task>1</Task><Opcode>0</Opcode><Keywords>0x8000000000000000</Keywords><TimeCreated SystemTime="2026-01-16T17:25:36.021531000Z"/><EventRecordID>1180874</EventRecordID><Correlation/><Execution ProcessID="1624" ThreadID="1624"/><Channel>Linux-Sysmon/Operational</Channel><Computer>vincenzolog-VMware-Virtual-Platform</Computer><Security UserId="0"/></System><EventData><Data Name="RuleName">-</Data><Data Name="UtcTime">2026-01-16 16:26:58.646</Data><Data Name="ProcessGuid">{8b8a9dc4-66d2-696a-0165-8ba075550000}</Data><Data Name="ProcessId">369162</Data><Data Name="Image">/usr/bin/git</Data><Data Name="FileVersion">-</Data><Data Name="Description">-</Data><Data Name="Product">-</Data><Data Name="Company">-</Data><Data Name="OriginalFileName">-</Data><Data Name="CommandLine">git for-each-ref --sort -committerdate --format %(refname)%00%(objectname)%00%(*objectname)</Data><Data Name="CurrentDirectory">/home/vincenzolog/Auto_test</Data><Data Name="User">vincenzolog</Data><Data Name="LogonGuid">{8b8a9dc4-0000-0000-e803-000000000000}</Data><Data Name="LogonId">1000</Data><Data Name="TerminalSessionId">3</Data><Data Name="IntegrityLevel">no level</Data><Data Name="Hashes">SHA256=2a8c18fbf43da9f692d75474c72bea9dfd796c260b0f3dfe456376abc3bbd668</Data><Data Name="ParentProcessGuid">{8b8a9dc4-2c74-696a-10ae-534fa65f0000}</Data><Data Name="ParentProcessId">8898</Data><Data Name="ParentImage">/usr/share/antigravity/antigravity</Data><Data Name="ParentCommandLine">/proc/self/exe</Data><Data Name="ParentUser">vincenzolog</Data></EventData></Event>
Jan 17 00:25:36 vincenzolog-VMware-Virtual-Platform sysmon[1624]: <Event><System><Provider Name="Linux-Sysmon" Guid="{ff032593-a8d3-4f13-b0d6-01fc615a0f97}"/><EventID>5</EventID><Version>3</Version><Level>4</Level><Task>5</Task><Opcode>0</Opcode><Keywords>0x8000000000000000</Keywords><TimeCreated SystemTime="2026-01-16T17:25:36.033662000Z"/><EventRecordID>1180875</EventRecordID><Correlation/><Execution ProcessID="1624" ThreadID="1624"/><Channel>Linux-Sysmon/Operational</Channel><Computer>vincenzolog-VMware-Virtual-Platform</Computer><Security UserId="0"/></System><EventData><Data Name="RuleName">-</Data><Data Name="UtcTime">2026-01-16 16:26:58.686</Data><Data Name="ProcessGuid">{8b8a9dc4-66d2-696a-01f5-42eb43640000}</Data><Data Name="ProcessId">369161</Data><Data Name="Image">/usr/bin/git</Data><Data Name="User">vincenzolog</Data></EventData></Event>
Jan 17 00:25:36 vincenzolog-VMware-Virtual-Platform sysmon[1624]: <Event><System><Provider Name="Linux-Sysmon" Guid="{ff032593-a8d3-4f13-b0d6-01fc615a0f97}"/><EventID>5</EventID><Version>3</Version><Level>4</Level><Task>5</Task><Opcode>0</Opcode><Keywords>0x8000000000000000</Keywords><TimeCreated SystemTime="2026-01-16T17:25:36.044176000Z"/><EventRecordID>1180876</EventRecordID><Correlation/><Execution ProcessID="1624" ThreadID="1624"/><Channel>Linux-Sysmon/Operational</Channel><Computer>vincenzolog-VMware-Virtual-Platform</Computer><Security UserId="0"/></System><EventData><Data Name="RuleName">-</Data><Data Name="UtcTime">2026-01-16 16:26:58.697</Data><Data Name="ProcessGuid">{8b8a9dc4-66d2-696a-01f5-42eb43640000}</Data><Data Name="ProcessId">369161</Data><Data Name="Image">/usr/bin/git</Data><Data Name="User">vincenzolog</Data></EventData></Event>
Jan 17 00:25:36 vincenzolog-VMware-Virtual-Platform sysmon[1624]: <Event><System><Provider Name="Linux-Sysmon" Guid="{ff032593-a8d3-4f13-b0d6-01fc615a0f97}"/><EventID>5</EventID><Version>3</Version><Level>4</Level><Task>5</Task><Opcode>0</Opcode><Keywords>0x8000000000000000</Keywords><TimeCreated SystemTime="2026-01-16T17:25:36.046971000Z"/><EventRecordID>1180877</EventRecordID><Correlation/><Execution ProcessID="1624" ThreadID="1624"/><Channel>Linux-Sysmon/Operational</Channel><Computer>vincenzolog-VMware-Virtual-Platform</Computer><Security UserId="0"/></System><EventData><Data Name="RuleName">-</Data><Data Name="UtcTime">2026-01-16 16:26:58.700</Data><Data Name="ProcessGuid">{8b8a9dc4-66d2-696a-01f5-42eb43640000}</Data><Data Name="ProcessId">369161</Data><Data Name="Image">/usr/bin/git</Data><Data Name="User">vincenzolog</Data></EventData></Event>
Jan 17 00:25:36 vincenzolog-VMware-Virtual-Platform sysmon[1624]: <Event><System><Provider Name="Linux-Sysmon" Guid="{ff032593-a8d3-4f13-b0d6-01fc615a0f97}"/><EventID>5</EventID><Version>3</Version><Level>4</Level><Task>5</Task><Opcode>0</Opcode><Keywords>0x8000000000000000</Keywords><TimeCreated SystemTime="2026-01-16T17:25:36.050699000Z"/><EventRecordID>1180878</EventRecordID><Correlation/><Execution ProcessID="1624" ThreadID="1624"/><Channel>Linux-Sysmon/Operational</Channel><Computer>vincenzolog-VMware-Virtual-Platform</Computer><Security UserId="0"/></System><EventData><Data Name="RuleName">-</Data><Data Name="UtcTime">2026-01-16 16:26:58.703</Data><Data Name="ProcessGuid">{8b8a9dc4-66d2-696a-0165-8ba075550000}</Data><Data Name="ProcessId">369162</Data><Data Name="Image">/usr/bin/git</Data><Data Name="User">vincenzolog</Data></EventData></Event>
Jan 17 00:25:36 vincenzolog-VMware-Virtual-Platform sysmon[1624]: <Event><System><Provider Name="Linux-Sysmon" Guid="{ff032593-a8d3-4f13-b0d6-01fc615a0f97}"/><EventID>5</EventID><Version>3</Version><Level>4</Level><Task>5</Task><Opcode>0</Opcode><Keywords>0x8000000000000000</Keywords><TimeCreated SystemTime="2026-01-16T17:25:36.053143000Z"/><EventRecordID>1180879</EventRecordID><Correlation/><Execution ProcessID="1624" ThreadID="1624"/><Channel>Linux-Sysmon/Operational</Channel><Computer>vincenzolog-VMware-Virtual-Platform</Computer><Security UserId="0"/></System><EventData><Data Name="RuleName">-</Data><Data Name="UtcTime">2026-01-16 16:26:58.706</Data><Data Name="ProcessGuid">{8b8a9dc4-66d2-696a-01f5-42eb43640000}</Data><Data Name="ProcessId">369161</Data><Data Name="Image">/usr/bin/git</Data><Data Name="User">vincenzolog</Data></EventData></Event>
Jan 17 00:25:36 vincenzolog-VMware-Virtual-Platform sysmon[1624]: <Event><System><Provider Name="Linux-Sysmon" Guid="{ff032593-a8d3-4f13-b0d6-01fc615a0f97}"/><EventID>5</EventID><Version>3</Version><Level>4</Level><Task>5</Task><Opcode>0</Opcode><Keywords>0x8000000000000000</Keywords><TimeCreated SystemTime="2026-01-16T17:25:36.055778000Z"/><EventRecordID>1180880</EventRecordID><Correlation/><Execution ProcessID="1624" ThreadID="1624"/><Channel>Linux-Sysmon/Operational</Channel><Computer>vincenzolog-VMware-Virtual-Platform</Computer><Security UserId="0"/></System><EventData><Data Name="RuleName">-</Data><Data Name="UtcTime">2026-01-16 16:26:58.709</Data><Data Name="ProcessGuid">{8b8a9dc4-66d2-696a-01f5-42eb43640000}</Data><Data Name="ProcessId">369161</Data><Data Name="Image">/usr/bin/git</Data><Data Name="User">vincenzolog</Data></EventData></Event>
Jan 17 00:25:36 vincenzolog-VMware-Virtual-Platform sysmon[1624]: <Event><System><Provider Name="Linux-Sysmon" Guid="{ff032593-a8d3-4f13-b0d6-01fc615a0f97}"/><EventID>5</EventID><Version>3</Version><Level>4</Level><Task>5</Task><Opcode>0</Opcode><Keywords>0x8000000000000000</Keywords><TimeCreated SystemTime="2026-01-16T17:25:36.058571000Z"/><EventRecordID>1180881</EventRecordID><Correlation/><Execution ProcessID="1624" ThreadID="1624"/><Channel>Linux-Sysmon/Operational</Channel><Computer>vincenzolog-VMware-Virtual-Platform</Computer><Security UserId="0"/></System><EventData><Data Name="RuleName">-</Data><Data Name="UtcTime">2026-01-16 16:26:58.711</Data><Data Name="ProcessGuid">{8b8a9dc4-66d2-696a-01f5-42eb43640000}</Data><Data Name="ProcessId">369161</Data><Data Name="Image">/usr/bin/git</Data><Data Name="User">vincenzolog</Data></EventData></Event>
Jan 17 00:25:36 vincenzolog-VMware-Virtual-Platform sysmon[1624]: <Event><System><Provider Name="Linux-Sysmon" Guid="{ff032593-a8d3-4f13-b0d6-01fc615a0f97}"/><EventID>5</EventID><Version>3</Version><Level>4</Level><Task>5</Task><Opcode>0</Opcode><Keywords>0x8000000000000000</Keywords><TimeCreated SystemTime="2026-01-16T17:25:36.064779000Z"/><EventRecordID>1180882</EventRecordID><Correlation/><Execution ProcessID="1624" ThreadID="1624"/><Channel>Linux-Sysmon/Operational</Channel><Computer>vincenzolog-VMware-Virtual-Platform</Computer><Security UserId="0"/></System><EventData><Data Name="RuleName">-</Data><Data Name="UtcTime">2026-01-16 16:26:58.717</Data><Data Name="ProcessGuid">{8b8a9dc4-66d2-696a-01f5-42eb43640000}</Data><Data Name="ProcessId">369161</Data><Data Name="Image">/usr/bin/git</Data><Data Name="User">vincenzolog</Data></EventData></Event>
Jan 17 00:25:36 vincenzolog-VMware-Virtual-Platform sysmon[1624]: <Event><System><Provider Name="Linux-Sysmon" Guid="{ff032593-a8d3-4f13-b0d6-01fc615a0f97}"/><EventID>5</EventID><Version>3</Version><Level>4</Level><Task>5</Task><Opcode>0</Opcode><Keywords>0x8000000000000000</Keywords><TimeCreated SystemTime="2026-01-16T17:25:36.066270000Z"/><EventRecordID>1180883</EventRecordID><Correlation/><Execution ProcessID="1624" ThreadID="1624"/><Channel>Linux-Sysmon/Operational</Channel><Computer>vincenzolog-VMware-Virtual-Platform</Computer><Security UserId="0"/></System><EventData><Data Name="RuleName">-</Data><Data Name="UtcTime">2026-01-16 16:26:58.719</Data><Data Name="ProcessGuid">{8b8a9dc4-66d2-696a-01f5-42eb43640000}</Data><Data Name="ProcessId">369161</Data><Data Name="Image">/usr/bin/git</Data><Data Name="User">vincenzolog</Data></EventData></Event>
Jan 17 00:25:36 vincenzolog-VMware-Virtual-Platform sysmon[1624]: <Event><System><Provider Name="Linux-Sysmon" Guid="{ff032593-a8d3-4f13-b0d6-01fc615a0f97}"/><EventID>5</EventID><Version>3</Version><Level>4</Level><Task>5</Task><Opcode>0</Opcode><Keywords>0x8000000000000000</Keywords><TimeCreated SystemTime="2026-01-16T17:25:36.068071000Z"/><EventRecordID>1180884</EventRecordID><Correlation/><Execution ProcessID="1624" ThreadID="1624"/><Channel>Linux-Sysmon/Operational</Channel><Computer>vincenzolog-VMware-Virtual-Platform</Computer><Security UserId="0"/></System><EventData><Data Name="RuleName">-</Data><Data Name="UtcTime">2026-01-16 16:26:58.721</Data><Data Name="ProcessGuid">{8b8a9dc4-66d2-696a-01f5-42eb43640000}</Data><Data Name="ProcessId">369161</Data><Data Name="Image">/usr/bin/git</Data><Data Name="User">vincenzolog</Data></EventData></Event>
Jan 17 00:25:36 vincenzolog-VMware-Virtual-Platform sysmon[1624]: <Event><System><Provider Name="Linux-Sysmon" Guid="{ff032593-a8d3-4f13-b0d6-01fc615a0f97}"/><EventID>5</EventID><Version>3</Version><Level>4</Level><Task>5</Task><Opcode>0</Opcode><Keywords>0x8000000000000000</Keywords><TimeCreated SystemTime="2026-01-16T17:25:36.069861000Z"/><EventRecordID>1180885</EventRecordID><Correlation/><Execution ProcessID="1624" ThreadID="1624"/><Channel>Linux-Sysmon/Operational</Channel><Computer>vincenzolog-VMware-Virtual-Platform</Computer><Security UserId="0"/></System><EventData><Data Name="RuleName">-</Data><Data Name="UtcTime">2026-01-16 16:26:58.723</Data><Data Name="ProcessGuid">{8b8a9dc4-66d2-696a-01f5-42eb43640000}</Data><Data Name="ProcessId">369161</Data><Data Name="Image">/usr/bin/git</Data><Data Name="User">vincenzolog</Data></EventData></Event>
Jan 17 00:25:36 vincenzolog-VMware-Virtual-Platform sysmon[1624]: <Event><System><Provider Name="Linux-Sysmon" Guid="{ff032593-a8d3-4f13-b0d6-01fc615a0f97}"/><EventID>5</EventID><Version>3</Version><Level>4</Level><Task>5</Task><Opcode>0</Opcode><Keywords>0x8000000000000000</Keywords><TimeCreated SystemTime="2026-01-16T17:25:36.070142000Z"/><EventRecordID>1180886</EventRecordID><Correlation/><Execution ProcessID="1624" ThreadID="1624"/><Channel>Linux-Sysmon/Operational</Channel><Computer>vincenzolog-VMware-Virtual-Platform</Computer><Security UserId="0"/></System><EventData><Data Name="RuleName">-</Data><Data Name="UtcTime">2026-01-16 16:26:58.723</Data><Data Name="ProcessGuid">{8b8a9dc4-66d2-696a-01f5-42eb43640000}</Data><Data Name="ProcessId">369161</Data><Data Name="Image">/usr/bin/git</Data><Data Name="User">vincenzolog</Data></EventData></Event>
Jan 17 00:25:36 vincenzolog-VMware-Virtual-Platform sysmon[1624]: <Event><System><Provider Name="Linux-Sysmon" Guid="{ff032593-a8d3-4f13-b0d6-01fc615a0f97}"/><EventID>5</EventID><Version>3</Version><Level>4</Level><Task>5</Task><Opcode>0</Opcode><Keywords>0x8000000000000000</Keywords><TimeCreated SystemTime="2026-01-16T17:25:36.074718000Z"/><EventRecordID>1180887</EventRecordID><Correlation/><Execution ProcessID="1624" ThreadID="1624"/><Channel>Linux-Sysmon/Operational</Channel><Computer>vincenzolog-VMware-Virtual-Platform</Computer><Security UserId="0"/></System><EventData><Data Name="RuleName">-</Data><Data Name="UtcTime">2026-01-16 16:26:58.727</Data><Data Name="ProcessGuid">{8b8a9dc4-66d2-696a-01f5-42eb43640000}</Data><Data Name="ProcessId">369161</Data><Data Name="Image">/usr/bin/git</Data><Data Name="User">vincenzolog</Data></EventData></Event>
Jan 17 00:25:36 vincenzolog-VMware-Virtual-Platform sysmon[1624]: <Event><System><Provider Name="Linux-Sysmon" Guid="{ff032593-a8d3-4f13-b0d6-01fc615a0f97}"/><EventID>5</EventID><Version>3</Version><Level>4</Level><Task>5</Task><Opcode>0</Opcode><Keywords>0x8000000000000000</Keywords><TimeCreated SystemTime="2026-01-16T17:25:36.074999000Z"/><EventRecordID>1180888</EventRecordID><Correlation/><Execution ProcessID="1624" ThreadID="1624"/><Channel>Linux-Sysmon/Operational</Channel><Computer>vincenzolog-VMware-Virtual-Platform</Computer><Security UserId="0"/></System><EventData><Data Name="RuleName">-</Data><Data Name="UtcTime">2026-01-16 16:26:58.728</Data><Data Name="ProcessGuid">{8b8a9dc4-66d2-696a-01f5-42eb43640000}</Data><Data Name="ProcessId">369161</Data><Data Name="Image">/usr/bin/git</Data><Data Name="User">vincenzolog</Data></EventData></Event>
Jan 17 00:25:36 vincenzolog-VMware-Virtual-Platform sysmon[1624]: <Event><System><Provider Name="Linux-Sysmon" Guid="{ff032593-a8d3-4f13-b0d6-01fc615a0f97}"/><EventID>5</EventID><Version>3</Version><Level>4</Level><Task>5</Task><Opcode>0</Opcode><Keywords>0x8000000000000000</Keywords><TimeCreated SystemTime="2026-01-16T17:25:36.076220000Z"/><EventRecordID>1180889</EventRecordID><Correlation/><Execution ProcessID="1624" ThreadID="1624"/><Channel>Linux-Sysmon/Operational</Channel><Computer>vincenzolog-VMware-Virtual-Platform</Computer><Security UserId="0"/></System><EventData><Data Name="RuleName">-</Data><Data Name="UtcTime">2026-01-16 16:26:58.729</Data><Data Name="ProcessGuid">{8b8a9dc4-66d2-696a-01f5-42eb43640000}</Data><Data Name="ProcessId">369161</Data><Data Name="Image">/usr/bin/git</Data><Data Name="User">vincenzolog</Data></EventData></Event>
Jan 17 00:25:36 vincenzolog-VMware-Virtual-Platform sysmon[1624]: <Event><System><Provider Name="Linux-Sysmon" Guid="{ff032593-a8d3-4f13-b0d6-01fc615a0f97}"/><EventID>5</EventID><Version>3</Version><Level>4</Level><Task>5</Task><Opcode>0</Opcode><Keywords>0x8000000000000000</Keywords><TimeCreated SystemTime="2026-01-16T17:25:36.076500000Z"/><EventRecordID>1180890</EventRecordID><Correlation/><Execution ProcessID="1624" ThreadID="1624"/><Channel>Linux-Sysmon/Operational</Channel><Computer>vincenzolog-VMware-Virtual-Platform</Computer><Security UserId="0"/></System><EventData><Data Name="RuleName">-</Data><Data Name="UtcTime">2026-01-16 16:26:58.729</Data><Data Name="ProcessGuid">{8b8a9dc4-66d2-696a-01f5-42eb43640000}</Data><Data Name="ProcessId">369161</Data><Data Name="Image">/usr/bin/git</Data><Data Name="User">vincenzolog</Data></EventData></Event>
Jan 17 00:25:36 vincenzolog-VMware-Virtual-Platform sysmon[1624]: <Event><System><Provider Name="Linux-Sysmon" Guid="{ff032593-a8d3-4f13-b0d6-01fc615a0f97}"/><EventID>5</EventID><Version>3</Version><Level>4</Level><Task>5</Task><Opcode>0</Opcode><Keywords>0x8000000000000000</Keywords><TimeCreated SystemTime="2026-01-16T17:25:36.078364000Z"/><EventRecordID>1180891</EventRecordID><Correlation/><Execution ProcessID="1624" ThreadID="1624"/><Channel>Linux-Sysmon/Operational</Channel><Computer>vincenzolog-VMware-Virtual-Platform</Computer><Security UserId="0"/></System><EventData><Data Name="RuleName">-</Data><Data Name="UtcTime">2026-01-16 16:26:58.731</Data><Data Name="ProcessGuid">{8b8a9dc4-66d2-696a-01f5-42eb43640000}</Data><Data Name="ProcessId">369161</Data><Data Name="Image">/usr/bin/git</Data><Data Name="User">vincenzolog</Data></EventData></Event>
Jan 17 00:25:36 vincenzolog-VMware-Virtual-Platform sysmon[1624]: <Event><System><Provider Name="Linux-Sysmon" Guid="{ff032593-a8d3-4f13-b0d6-01fc615a0f97}"/><EventID>5</EventID><Version>3</Version><Level>4</Level><Task>5</Task><Opcode>0</Opcode><Keywords>0x8000000000000000</Keywords><TimeCreated SystemTime="2026-01-16T17:25:36.080071000Z"/><EventRecordID>1180892</EventRecordID><Correlation/><Execution ProcessID="1624" ThreadID="1624"/><Channel>Linux-Sysmon/Operational</Channel><Computer>vincenzolog-VMware-Virtual-Platform</Computer><Security UserId="0"/></System><EventData><Data Name="RuleName">-</Data><Data Name="UtcTime">2026-01-16 16:26:58.733</Data><Data Name="ProcessGuid">{8b8a9dc4-66d2-696a-01f5-42eb43640000}</Data><Data Name="ProcessId">369161</Data><Data Name="Image">/usr/bin/git</Data><Data Name="User">vincenzolog</Data></EventData></Event>
Jan 17 00:25:36 vincenzolog-VMware-Virtual-Platform sysmon[1624]: <Event><System><Provider Name="Linux-Sysmon" Guid="{ff032593-a8d3-4f13-b0d6-01fc615a0f97}"/><EventID>5</EventID><Version>3</Version><Level>4</Level><Task>5</Task><Opcode>0</Opcode><Keywords>0x8000000000000000</Keywords><TimeCreated SystemTime="2026-01-16T17:25:36.080990000Z"/><EventRecordID>1180893</EventRecordID><Correlation/><Execution ProcessID="1624" ThreadID="1624"/><Channel>Linux-Sysmon/Operational</Channel><Computer>vincenzolog-VMware-Virtual-Platform</Computer><Security UserId="0"/></System><EventData><Data Name="RuleName">-</Data><Data Name="UtcTime">2026-01-16 16:26:58.734</Data><Data Name="ProcessGuid">{8b8a9dc4-66d2-696a-01f5-42eb43640000}</Data><Data Name="ProcessId">369161</Data><Data Name="Image">/usr/bin/git</Data><Data Name="User">vincenzolog</Data></EventData></Event>
Jan 17 00:25:36 vincenzolog-VMware-Virtual-Platform sysmon[1624]: <Event><System><Provider Name="Linux-Sysmon" Guid="{ff032593-a8d3-4f13-b0d6-01fc615a0f97}"/><EventID>5</EventID><Version>3</Version><Level>4</Level><Task>5</Task><Opcode>0</Opcode><Keywords>0x8000000000000000</Keywords><TimeCreated SystemTime="2026-01-16T17:25:36.081990000Z"/><EventRecordID>1180894</EventRecordID><Correlation/><Execution ProcessID="1624" ThreadID="1624"/><Channel>Linux-Sysmon/Operational</Channel><Computer>vincenzolog-VMware-Virtual-Platform</Computer><Security UserId="0"/></System><EventData><Data Name="RuleName">-</Data><Data Name="UtcTime">2026-01-16 16:26:58.735</Data><Data Name="ProcessGuid">{8b8a9dc4-66d2-696a-01f5-42eb43640000}</Data><Data Name="ProcessId">369161</Data><Data Name="Image">/usr/bin/git</Data><Data Name="User">vincenzolog</Data></EventData></Event>
Jan 17 00:25:36 vincenzolog-VMware-Virtual-Platform sysmon[1624]: <Event><System><Provider Name="Linux-Sysmon" Guid="{ff032593-a8d3-4f13-b0d6-01fc615a0f97}"/><EventID>5</EventID><Version>3</Version><Level>4</Level><Task>5</Task><Opcode>0</Opcode><Keywords>0x8000000000000000</Keywords><TimeCreated SystemTime="2026-01-16T17:25:36.083263000Z"/><EventRecordID>1180895</EventRecordID><Correlation/><Execution ProcessID="1624" ThreadID="1624"/><Channel>Linux-Sysmon/Operational</Channel><Computer>vincenzolog-VMware-Virtual-Platform</Computer><Security UserId="0"/></System><EventData><Data Name="RuleName">-</Data><Data Name="UtcTime">2026-01-16 16:26:58.736</Data><Data Name="ProcessGuid">{8b8a9dc4-66d2-696a-01f5-42eb43640000}</Data><Data Name="ProcessId">369161</Data><Data Name="Image">/usr/bin/git</Data><Data Name="User">vincenzolog</Data></EventData></Event>
Jan 17 00:25:36 vincenzolog-VMware-Virtual-Platform sysmon[1624]: <Event><System><Provider Name="Linux-Sysmon" Guid="{ff032593-a8d3-4f13-b0d6-01fc615a0f97}"/><EventID>5</EventID><Version>3</Version><Level>4</Level><Task>5</Task><Opcode>0</Opcode><Keywords>0x8000000000000000</Keywords><TimeCreated SystemTime="2026-01-16T17:25:36.151534000Z"/><EventRecordID>1180896</EventRecordID><Correlation/><Execution ProcessID="1624" ThreadID="1624"/><Channel>Linux-Sysmon/Operational</Channel><Computer>vincenzolog-VMware-Virtual-Platform</Computer><Security UserId="0"/></System><EventData><Data Name="RuleName">-</Data><Data Name="UtcTime">2026-01-16 16:26:58.804</Data><Data Name="ProcessGuid">{8b8a9dc4-66d2-696a-01f5-42eb43640000}</Data><Data Name="ProcessId">369161</Data><Data Name="Image">/usr/bin/git</Data><Data Name="User">vincenzolog</Data></EventData></Event>
Jan 17 00:25:36 vincenzolog-VMware-Virtual-Platform sysmon[1624]: <Event><System><Provider Name="Linux-Sysmon" Guid="{ff032593-a8d3-4f13-b0d6-01fc615a0f97}"/><EventID>1</EventID><Version>5</Version><Level>4</Level><Task>1</Task><Opcode>0</Opcode><Keywords>0x8000000000000000</Keywords><TimeCreated SystemTime="2026-01-16T17:25:36.287199000Z"/><EventRecordID>1180897</EventRecordID><Correlation/><Execution ProcessID="1624" ThreadID="1624"/><Channel>Linux-Sysmon/Operational</Channel><Computer>vincenzolog-VMware-Virtual-Platform</Computer><Security UserId="0"/></System><EventData><Data Name="RuleName">-</Data><Data Name="UtcTime">2026-01-16 16:26:58.934</Data><Data Name="ProcessGuid">{8b8a9dc4-66d2-696a-1dd8-0a67f6600000}</Data><Data Name="ProcessId">369183</Data><Data Name="Image">/usr/bin/dash</Data><Data Name="FileVersion">-</Data><Data Name="Description">-</Data><Data Name="Product">-</Data><Data Name="Company">-</Data><Data Name="OriginalFileName">-</Data><Data Name="CommandLine">/bin/sh -c which ps</Data><Data Name="CurrentDirectory">/home/vincenzolog</Data><Data Name="User">vincenzolog</Data><Data Name="LogonGuid">{8b8a9dc4-0000-0000-e803-000000000000}</Data><Data Name="LogonId">1000</Data><Data Name="TerminalSessionId">3</Data><Data Name="IntegrityLevel">no level</Data><Data Name="Hashes">SHA256=86d31f6fb799e91fa21bad341484564510ca287703a16e9e46c53338776f4f42</Data><Data Name="ParentProcessGuid">{8b8a9dc4-2c74-696a-10de-87a384600000}</Data><Data Name="ParentProcessId">8900</Data><Data Name="ParentImage">/usr/share/antigravity/antigravity</Data><Data Name="ParentCommandLine">/proc/self/exe</Data><Data Name="ParentUser">vincenzolog</Data></EventData></Event>
Jan 17 00:25:36 vincenzolog-VMware-Virtual-Platform sysmon[1624]: <Event><System><Provider Name="Linux-Sysmon" Guid="{ff032593-a8d3-4f13-b0d6-01fc615a0f97}"/><EventID>1</EventID><Version>5</Version><Level>4</Level><Task>1</Task><Opcode>0</Opcode><Keywords>0x8000000000000000</Keywords><TimeCreated SystemTime="2026-01-16T17:25:36.292133000Z"/><EventRecordID>1180898</EventRecordID><Correlation/><Execution ProcessID="1624" ThreadID="1624"/><Channel>Linux-Sysmon/Operational</Channel><Computer>vincenzolog-VMware-Virtual-Platform</Computer><Security UserId="0"/></System><EventData><Data Name="RuleName">-</Data><Data Name="UtcTime">2026-01-16 16:26:58.942</Data><Data Name="ProcessGuid">{8b8a9dc4-66d2-696a-1da8-05f376610000}</Data><Data Name="ProcessId">369184</Data><Data Name="Image">/usr/bin/dash</Data><Data Name="FileVersion">-</Data><Data Name="Description">-</Data><Data Name="Product">-</Data><Data Name="Company">-</Data><Data Name="OriginalFileName">-</Data><Data Name="CommandLine">/bin/sh /usr/bin/which ps</Data><Data Name="CurrentDirectory">/home/vincenzolog</Data><Data Name="User">vincenzolog</Data><Data Name="LogonGuid">{8b8a9dc4-0000-0000-e803-000000000000}</Data><Data Name="LogonId">1000</Data><Data Name="TerminalSessionId">3</Data><Data Name="IntegrityLevel">no level</Data><Data Name="Hashes">SHA256=86d31f6fb799e91fa21bad341484564510ca287703a16e9e46c53338776f4f42</Data><Data Name="ParentProcessGuid">{8b8a9dc4-66d2-696a-1dd8-0a67f6600000}</Data><Data Name="ParentProcessId">369183</Data><Data Name="ParentImage">/usr/bin/dash</Data><Data Name="ParentCommandLine">/bin/sh</Data><Data Name="ParentUser">vincenzolog</Data></EventData></Event>
Jan 17 00:25:36 vincenzolog-VMware-Virtual-Platform sysmon[1624]: <Event><System><Provider Name="Linux-Sysmon" Guid="{ff032593-a8d3-4f13-b0d6-01fc615a0f97}"/><EventID>5</EventID><Version>3</Version><Level>4</Level><Task>5</Task><Opcode>0</Opcode><Keywords>0x8000000000000000</Keywords><TimeCreated SystemTime="2026-01-16T17:25:36.294957000Z"/><EventRecordID>1180899</EventRecordID><Correlation/><Execution ProcessID="1624" ThreadID="1624"/><Channel>Linux-Sysmon/Operational</Channel><Computer>vincenzolog-VMware-Virtual-Platform</Computer><Security UserId="0"/></System><EventData><Data Name="RuleName">-</Data><Data Name="UtcTime">2026-01-16 16:26:58.948</Data><Data Name="ProcessGuid">{8b8a9dc4-66d2-696a-1da8-05f376610000}</Data><Data Name="ProcessId">369184</Data><Data Name="Image">/usr/bin/dash</Data><Data Name="User">vincenzolog</Data></EventData></Event>
Jan 17 00:25:36 vincenzolog-VMware-Virtual-Platform sysmon[1624]: <Event><System><Provider Name="Linux-Sysmon" Guid="{ff032593-a8d3-4f13-b0d6-01fc615a0f97}"/><EventID>5</EventID><Version>3</Version><Level>4</Level><Task>5</Task><Opcode>0</Opcode><Keywords>0x8000000000000000</Keywords><TimeCreated SystemTime="2026-01-16T17:25:36.296761000Z"/><EventRecordID>1180900</EventRecordID><Correlation/><Execution ProcessID="1624" ThreadID="1624"/><Channel>Linux-Sysmon/Operational</Channel><Computer>vincenzolog-VMware-Virtual-Platform</Computer><Security UserId="0"/></System><EventData><Data Name="RuleName">-</Data><Data Name="UtcTime">2026-01-16 16:26:58.949</Data><Data Name="ProcessGuid">{8b8a9dc4-66d2-696a-1dd8-0a67f6600000}</Data><Data Name="ProcessId">369183</Data><Data Name="Image">/usr/bin/dash</Data><Data Name="User">vincenzolog</Data></EventData></Event>
Jan 17 00:25:36 vincenzolog-VMware-Virtual-Platform sysmon[1624]: <Event><System><Provider Name="Linux-Sysmon" Guid="{ff032593-a8d3-4f13-b0d6-01fc615a0f97}"/><EventID>1</EventID><Version>5</Version><Level>4</Level><Task>1</Task><Opcode>0</Opcode><Keywords>0x8000000000000000</Keywords><TimeCreated SystemTime="2026-01-16T17:25:36.309075000Z"/><EventRecordID>1180901</EventRecordID><Correlation/><Execution ProcessID="1624" ThreadID="1624"/><Channel>Linux-Sysmon/Operational</Channel><Computer>vincenzolog-VMware-Virtual-Platform</Computer><Security UserId="0"/></System><EventData><Data Name="RuleName">-</Data><Data Name="UtcTime">2026-01-16 16:26:58.956</Data><Data Name="ProcessGuid">{8b8a9dc4-66d2-696a-1d08-45ff535c0000}</Data><Data Name="ProcessId">369185</Data><Data Name="Image">/usr/bin/dash</Data><Data Name="FileVersion">-</Data><Data Name="Description">-</Data><Data Name="Product">-</Data><Data Name="Company">-</Data><Data Name="OriginalFileName">-</Data><Data Name="CommandLine">/bin/sh -c /usr/bin/ps -ax -o pid=,ppid=,pcpu=,pmem=,command=</Data><Data Name="CurrentDirectory">/home/vincenzolog</Data><Data Name="User">vincenzolog</Data><Data Name="LogonGuid">{8b8a9dc4-0000-0000-e803-000000000000}</Data><Data Name="LogonId">1000</Data><Data Name="TerminalSessionId">3</Data><Data Name="IntegrityLevel">no level</Data><Data Name="Hashes">SHA256=86d31f6fb799e91fa21bad341484564510ca287703a16e9e46c53338776f4f42</Data><Data Name="ParentProcessGuid">{8b8a9dc4-2c74-696a-10de-87a384600000}</Data><Data Name="ParentProcessId">8900</Data><Data Name="ParentImage">/usr/share/antigravity/antigravity</Data><Data Name="ParentCommandLine">/proc/self/exe</Data><Data Name="ParentUser">vincenzolog</Data></EventData></Event>
Jan 17 00:25:36 vincenzolog-VMware-Virtual-Platform sysmon[1624]: <Event><System><Provider Name="Linux-Sysmon" Guid="{ff032593-a8d3-4f13-b0d6-01fc615a0f97}"/><EventID>1</EventID><Version>5</Version><Level>4</Level><Task>1</Task><Opcode>0</Opcode><Keywords>0x8000000000000000</Keywords><TimeCreated SystemTime="2026-01-16T17:25:36.312328000Z"/><EventRecordID>1180902</EventRecordID><Correlation/><Execution ProcessID="1624" ThreadID="1624"/><Channel>Linux-Sysmon/Operational</Channel><Computer>vincenzolog-VMware-Virtual-Platform</Computer><Security UserId="0"/></System><EventData><Data Name="RuleName">-</Data><Data Name="UtcTime">2026-01-16 16:26:58.963</Data><Data Name="ProcessGuid">{8b8a9dc4-66d2-696a-019e-ab8e82580000}</Data><Data Name="ProcessId">369186</Data><Data Name="Image">/usr/bin/ps</Data><Data Name="FileVersion">-</Data><Data Name="Description">-</Data><Data Name="Product">-</Data><Data Name="Company">-</Data><Data Name="OriginalFileName">-</Data><Data Name="CommandLine">/usr/bin/ps -ax -o pid=,ppid=,pcpu=,pmem=,command=</Data><Data Name="CurrentDirectory">/home/vincenzolog</Data><Data Name="User">vincenzolog</Data><Data Name="LogonGuid">{8b8a9dc4-0000-0000-e803-000000000000}</Data><Data Name="LogonId">1000</Data><Data Name="TerminalSessionId">3</Data><Data Name="IntegrityLevel">no level</Data><Data Name="Hashes">SHA256=8e86f498aa4aabfcea6c179d6181557140b4597f1c39bb94e2aba32158b58297</Data><Data Name="ParentProcessGuid">{8b8a9dc4-66d2-696a-1d08-45ff535c0000}</Data><Data Name="ParentProcessId">369185</Data><Data Name="ParentImage">/usr/bin/dash</Data><Data Name="ParentCommandLine">/bin/sh</Data><Data Name="ParentUser">vincenzolog</Data></EventData></Event>
Jan 17 00:25:36 vincenzolog-VMware-Virtual-Platform sysmon[1624]: <Event><System><Provider Name="Linux-Sysmon" Guid="{ff032593-a8d3-4f13-b0d6-01fc615a0f97}"/><EventID>5</EventID><Version>3</Version><Level>4</Level><Task>5</Task><Opcode>0</Opcode><Keywords>0x8000000000000000</Keywords><TimeCreated SystemTime="2026-01-16T17:25:36.487778000Z"/><EventRecordID>1180903</EventRecordID><Correlation/><Execution ProcessID="1624" ThreadID="1624"/><Channel>Linux-Sysmon/Operational</Channel><Computer>vincenzolog-VMware-Virtual-Platform</Computer><Security UserId="0"/></System><EventData><Data Name="RuleName">-</Data><Data Name="UtcTime">2026-01-16 16:26:59.140</Data><Data Name="ProcessGuid">{8b8a9dc4-66d2-696a-019e-ab8e82580000}</Data><Data Name="ProcessId">369186</Data><Data Name="Image">/usr/bin/ps</Data><Data Name="User">vincenzolog</Data></EventData></Event>
