Jan 17 00:03:52 vincenzolog-VMware-Virtual-Platform sysmon[1624]: <Event><System><Provider Name="Linux-Sysmon" Guid="{ff032593-a8d3-4f13-b0d6-01fc615a0f97}"/><EventID>5</EventID><Version>3</Version><Level>4</Level><Task>5</Task><Opcode>0</Opcode><Keywords>0x8000000000000000</Keywords><TimeCreated SystemTime="2026-01-16T17:03:52.758189000Z"/><EventRecordID>926522</EventRecordID><Correlation/><Execution ProcessID="1624" ThreadID="1624"/><Channel>Linux-Sysmon/Operational</Channel><Computer>vincenzolog-VMware-Virtual-Platform</Computer><Security UserId="0"/></System><EventData><Data Name="RuleName">-</Data><Data Name="UtcTime">2026-01-16 16:05:15.411</Data><Data Name="ProcessGuid">{8b8a9dc4-61bb-696a-cd2b-06e02f610000}</Data><Data Name="ProcessId">121552</Data><Data Name="Image">/usr/bin/journalctl</Data><Data Name="User">root</Data></EventData></Event>
Jan 17 00:03:52 vincenzolog-VMware-Virtual-Platform sysmon[1624]: <Event><System><Provider Name="Linux-Sysmon" Guid="{ff032593-a8d3-4f13-b0d6-01fc615a0f97}"/><EventID>5</EventID><Version>3</Version><Level>4</Level><Task>5</Task><Opcode>0</Opcode><Keywords>0x8000000000000000</Keywords><TimeCreated SystemTime="2026-01-16T17:03:52.761191000Z"/><EventRecordID>926523</EventRecordID><Correlation/><Execution ProcessID="1624" ThreadID="1624"/><Channel>Linux-Sysmon/Operational</Channel><Computer>vincenzolog-VMware-Virtual-Platform</Computer><Security UserId="0"/></System><EventData><Data Name="RuleName">-</Data><Data Name="UtcTime">2026-01-16 16:05:15.414</Data><Data Name="ProcessGuid">{8b8a9dc4-61bb-696a-1d68-9d19ea580000}</Data><Data Name="ProcessId">121551</Data><Data Name="Image">/usr/bin/dash</Data><Data Name="User">root</Data></EventData></Event>
Jan 17 00:03:52 vincenzolog-VMware-Virtual-Platform sysmon[1624]: <Event><System><Provider Name="Linux-Sysmon" Guid="{ff032593-a8d3-4f13-b0d6-01fc615a0f97}"/><EventID>5</EventID><Version>3</Version><Level>4</Level><Task>5</Task><Opcode>0</Opcode><Keywords>0x8000000000000000</Keywords><TimeCreated SystemTime="2026-01-16T17:03:52.763175000Z"/><EventRecordID>926524</EventRecordID><Correlation/><Execution ProcessID="1624" ThreadID="1624"/><Channel>Linux-Sysmon/Operational</Channel><Computer>vincenzolog-VMware-Virtual-Platform</Computer><Security UserId="0"/></System><EventData><Data Name="RuleName">-</Data><Data Name="UtcTime">2026-01-16 16:05:15.415</Data><Data Name="ProcessGuid">{8b8a9dc4-28e1-696a-154e-ab6f505b0000}</Data><Data Name="ProcessId">382</Data><Data Name="Image">/usr/lib/systemd/systemd-journald</Data><Data Name="User">root</Data></EventData></Event>
Jan 17 00:03:52 vincenzolog-VMware-Virtual-Platform sysmon[1624]: <Event><System><Provider Name="Linux-Sysmon" Guid="{ff032593-a8d3-4f13-b0d6-01fc615a0f97}"/><EventID>1</EventID><Version>5</Version><Level>4</Level><Task>1</Task><Opcode>0</Opcode><Keywords>0x8000000000000000</Keywords><TimeCreated SystemTime="2026-01-16T17:03:52.766225000Z"/><EventRecordID>926525</EventRecordID><Correlation/><Execution ProcessID="1624" ThreadID="1624"/><Channel>Linux-Sysmon/Operational</Channel><Computer>vincenzolog-VMware-Virtual-Platform</Computer><Security UserId="0"/></System><EventData><Data Name="RuleName">-</Data><Data Name="UtcTime">2026-01-16 16:05:15.415</Data><Data Name="ProcessGuid">{8b8a9dc4-61bb-696a-1d98-e6f28d610000}</Data><Data Name="ProcessId">121554</Data><Data Name="Image">/usr/bin/dash</Data><Data Name="FileVersion">-</Data><Data Name="Description">-</Data><Data Name="Product">-</Data><Data Name="Company">-</Data><Data Name="OriginalFileName">-</Data><Data Name="CommandLine">/bin/sh -c journalctl --vacuum-time=1s</Data><Data Name="CurrentDirectory">/home/vincenzolog/Auto_test</Data><Data Name="User">root</Data><Data Name="LogonGuid">{8b8a9dc4-0000-0000-0000-000005000000}</Data><Data Name="LogonId">0</Data><Data Name="TerminalSessionId">3</Data><Data Name="IntegrityLevel">no level</Data><Data Name="Hashes">SHA256=86d31f6fb799e91fa21bad341484564510ca287703a16e9e46c53338776f4f42</Data><Data Name="ParentProcessGuid">{8b8a9dc4-612c-696a-dd23-700000000000}</Data><Data Name="ParentProcessId">120295</Data><Data Name="ParentImage">/usr/bin/python3.12</Data><Data Name="ParentCommandLine">python3</Data><Data Name="ParentUser">root</Data></EventData></Event>
Jan 17 00:03:52 vincenzolog-VMware-Virtual-Platform sysmon[1624]: <Event><System><Provider Name="Linux-Sysmon" Guid="{ff032593-a8d3-4f13-b0d6-01fc615a0f97}"/><EventID>1</EventID><Version>5</Version><Level>4</Level><Task>1</Task><Opcode>0</Opcode><Keywords>0x8000000000000000</Keywords><TimeCreated SystemTime="2026-01-16T17:03:52.769622000Z"/><EventRecordID>926526</EventRecordID><Correlation/><Execution ProcessID="1624" ThreadID="1624"/><Channel>Linux-Sysmon/Operational</Channel><Computer>vincenzolog-VMware-Virtual-Platform</Computer><Security UserId="0"/></System><EventData><Data Name="RuleName">-</Data><Data Name="UtcTime">2026-01-16 16:05:15.421</Data><Data Name="ProcessGuid">{8b8a9dc4-61bb-696a-cddb-d7f4cf550000}</Data><Data Name="ProcessId">121555</Data><Data Name="Image">/usr/bin/journalctl</Data><Data Name="FileVersion">-</Data><Data Name="Description">-</Data><Data Name="Product">-</Data><Data Name="Company">-</Data><Data Name="OriginalFileName">-</Data><Data Name="CommandLine">journalctl --vacuum-time=1s</Data><Data Name="CurrentDirectory">/home/vincenzolog/Auto_test</Data><Data Name="User">root</Data><Data Name="LogonGuid">{8b8a9dc4-0000-0000-0000-000005000000}</Data><Data Name="LogonId">0</Data><Data Name="TerminalSessionId">3</Data><Data Name="IntegrityLevel">no level</Data><Data Name="Hashes">SHA256=7bd10a9c601c3204a6c464fc517b204e469eca7f12b09f9c4826f3cc1e42bd79</Data><Data Name="ParentProcessGuid">{8b8a9dc4-61bb-696a-1d98-e6f28d610000}</Data><Data Name="ParentProcessId">121554</Data><Data Name="ParentImage">/usr/bin/dash</Data><Data Name="ParentCommandLine">/bin/sh</Data><Data Name="ParentUser">root</Data></EventData></Event>
Jan 17 00:03:52 vincenzolog-VMware-Virtual-Platform sysmon[1624]: <Event><System><Provider Name="Linux-Sysmon" Guid="{ff032593-a8d3-4f13-b0d6-01fc615a0f97}"/><EventID>5</EventID><Version>3</Version><Level>4</Level><Task>5</Task><Opcode>0</Opcode><Keywords>0x8000000000000000</Keywords><TimeCreated SystemTime="2026-01-16T17:03:52.786958000Z"/><EventRecordID>926527</EventRecordID><Correlation/><Execution ProcessID="1624" ThreadID="1624"/><Channel>Linux-Sysmon/Operational</Channel><Computer>vincenzolog-VMware-Virtual-Platform</Computer><Security UserId="0"/></System><EventData><Data Name="RuleName">-</Data><Data Name="UtcTime">2026-01-16 16:05:15.440</Data><Data Name="ProcessGuid">{8b8a9dc4-61bb-696a-cddb-d7f4cf550000}</Data><Data Name="ProcessId">121555</Data><Data Name="Image">/usr/bin/journalctl</Data><Data Name="User">root</Data></EventData></Event>
Jan 17 00:03:52 vincenzolog-VMware-Virtual-Platform sysmon[1624]: <Event><System><Provider Name="Linux-Sysmon" Guid="{ff032593-a8d3-4f13-b0d6-01fc615a0f97}"/><EventID>5</EventID><Version>3</Version><Level>4</Level><Task>5</Task><Opcode>0</Opcode><Keywords>0x8000000000000000</Keywords><TimeCreated SystemTime="2026-01-16T17:03:52.788777000Z"/><EventRecordID>926528</EventRecordID><Correlation/><Execution ProcessID="1624" ThreadID="1624"/><Channel>Linux-Sysmon/Operational</Channel><Computer>vincenzolog-VMware-Virtual-Platform</Computer><Security UserId="0"/></System><EventData><Data Name="RuleName">-</Data><Data Name="UtcTime">2026-01-16 16:05:15.440</Data><Data Name="ProcessGuid">{8b8a9dc4-61bb-696a-1d98-e6f28d610000}</Data><Data Name="ProcessId">121554</Data><Data Name="Image">/usr/bin/dash</Data><Data Name="User">root</Data></EventData></Event>
Jan 17 00:03:53 vincenzolog-VMware-Virtual-Platform sysmon[1624]: <Event><System><Provider Name="Linux-Sysmon" Guid="{ff032593-a8d3-4f13-b0d6-01fc615a0f97}"/><EventID>1</EventID><Version>5</Version><Level>4</Level><Task>1</Task><Opcode>0</Opcode><Keywords>0x8000000000000000</Keywords><TimeCreated SystemTime="2026-01-16T17:03:53.355133000Z"/><EventRecordID>926529</EventRecordID><Correlation/><Execution ProcessID="1624" ThreadID="1624"/><Channel>Linux-Sysmon/Operational</Channel><Computer>vincenzolog-VMware-Virtual-Platform</Computer><Security UserId="0"/></System><EventData><Data Name="RuleName">-</Data><Data Name="UtcTime">2026-01-16 16:05:16.002</Data><Data Name="ProcessGuid">{8b8a9dc4-61bc-696a-1d68-50a1085a0000}</Data><Data Name="ProcessId">121556</Data><Data Name="Image">/usr/bin/dash</Data><Data Name="FileVersion">-</Data><Data Name="Description">-</Data><Data Name="Product">-</Data><Data Name="Company">-</Data><Data Name="OriginalFileName">-</Data><Data Name="CommandLine">/bin/sh -c which ps</Data><Data Name="CurrentDirectory">/home/vincenzolog</Data><Data Name="User">vincenzolog</Data><Data Name="LogonGuid">{8b8a9dc4-0000-0000-e803-000000000000}</Data><Data Name="LogonId">1000</Data><Data Name="TerminalSessionId">3</Data><Data Name="IntegrityLevel">no level</Data><Data Name="Hashes">SHA256=86d31f6fb799e91fa21bad341484564510ca287703a16e9e46c53338776f4f42</Data><Data Name="ParentProcessGuid">{8b8a9dc4-2c74-696a-10de-87a384600000}</Data><Data Name="ParentProcessId">8900</Data><Data Name="ParentImage">/usr/share/antigravity/antigravity</Data><Data Name="ParentCommandLine">/proc/self/exe</Data><Data Name="ParentUser">vincenzolog</Data></EventData></Event>
Jan 17 00:03:53 vincenzolog-VMware-Virtual-Platform sysmon[1624]: <Event><System><Provider Name="Linux-Sysmon" Guid="{ff032593-a8d3-4f13-b0d6-01fc615a0f97}"/><EventID>1</EventID><Version>5</Version><Level>4</Level><Task>1</Task><Opcode>0</Opcode><Keywords>0x8000000000000000</Keywords><TimeCreated SystemTime="2026-01-16T17:03:53.359083000Z"/><EventRecordID>926530</EventRecordID><Correlation/><Execution ProcessID="1624" ThreadID="1624"/><Channel>Linux-Sysmon/Operational</Channel><Computer>vincenzolog-VMware-Virtual-Platform</Computer><Security UserId="0"/></System><EventData><Data Name="RuleName">-</Data><Data Name="UtcTime">2026-01-16 16:05:16.010</Data><Data Name="ProcessGuid">{8b8a9dc4-61bc-696a-1d28-7b869d630000}</Data><Data Name="ProcessId">121557</Data><Data Name="Image">/usr/bin/dash</Data><Data Name="FileVersion">-</Data><Data Name="Description">-</Data><Data Name="Product">-</Data><Data Name="Company">-</Data><Data Name="OriginalFileName">-</Data><Data Name="CommandLine">/bin/sh /usr/bin/which ps</Data><Data Name="CurrentDirectory">/home/vincenzolog</Data><Data Name="User">vincenzolog</Data><Data Name="LogonGuid">{8b8a9dc4-0000-0000-e803-000000000000}</Data><Data Name="LogonId">1000</Data><Data Name="TerminalSessionId">3</Data><Data Name="IntegrityLevel">no level</Data><Data Name="Hashes">SHA256=86d31f6fb799e91fa21bad341484564510ca287703a16e9e46c53338776f4f42</Data><Data Name="ParentProcessGuid">{8b8a9dc4-61bc-696a-1d68-50a1085a0000}</Data><Data Name="ParentProcessId">121556</Data><Data Name="ParentImage">/usr/bin/dash</Data><Data Name="ParentCommandLine">/bin/sh</Data><Data Name="ParentUser">vincenzolog</Data></EventData></Event>
Jan 17 00:03:53 vincenzolog-VMware-Virtual-Platform sysmon[1624]: <Event><System><Provider Name="Linux-Sysmon" Guid="{ff032593-a8d3-4f13-b0d6-01fc615a0f97}"/><EventID>5</EventID><Version>3</Version><Level>4</Level><Task>5</Task><Opcode>0</Opcode><Keywords>0x8000000000000000</Keywords><TimeCreated SystemTime="2026-01-16T17:03:53.364057000Z"/><EventRecordID>926531</EventRecordID><Correlation/><Execution ProcessID="1624" ThreadID="1624"/><Channel>Linux-Sysmon/Operational</Channel><Computer>vincenzolog-VMware-Virtual-Platform</Computer><Security UserId="0"/></System><EventData><Data Name="RuleName">-</Data><Data Name="UtcTime">2026-01-16 16:05:16.017</Data><Data Name="ProcessGuid">{8b8a9dc4-61bc-696a-1d28-7b869d630000}</Data><Data Name="ProcessId">121557</Data><Data Name="Image">/usr/bin/dash</Data><Data Name="User">vincenzolog</Data></EventData></Event>
Jan 17 00:03:53 vincenzolog-VMware-Virtual-Platform sysmon[1624]: <Event><System><Provider Name="Linux-Sysmon" Guid="{ff032593-a8d3-4f13-b0d6-01fc615a0f97}"/><EventID>5</EventID><Version>3</Version><Level>4</Level><Task>5</Task><Opcode>0</Opcode><Keywords>0x8000000000000000</Keywords><TimeCreated SystemTime="2026-01-16T17:03:53.364377000Z"/><EventRecordID>926532</EventRecordID><Correlation/><Execution ProcessID="1624" ThreadID="1624"/><Channel>Linux-Sysmon/Operational</Channel><Computer>vincenzolog-VMware-Virtual-Platform</Computer><Security UserId="0"/></System><EventData><Data Name="RuleName">-</Data><Data Name="UtcTime">2026-01-16 16:05:16.017</Data><Data Name="ProcessGuid">{8b8a9dc4-61bc-696a-1d68-50a1085a0000}</Data><Data Name="ProcessId">121556</Data><Data Name="Image">/usr/bin/dash</Data><Data Name="User">vincenzolog</Data></EventData></Event>
Jan 17 00:03:53 vincenzolog-VMware-Virtual-Platform sysmon[1624]: <Event><System><Provider Name="Linux-Sysmon" Guid="{ff032593-a8d3-4f13-b0d6-01fc615a0f97}"/><EventID>1</EventID><Version>5</Version><Level>4</Level><Task>1</Task><Opcode>0</Opcode><Keywords>0x8000000000000000</Keywords><TimeCreated SystemTime="2026-01-16T17:03:53.376426000Z"/><EventRecordID>926533</EventRecordID><Correlation/><Execution ProcessID="1624" ThreadID="1624"/><Channel>Linux-Sysmon/Operational</Channel><Computer>vincenzolog-VMware-Virtual-Platform</Computer><Security UserId="0"/></System><EventData><Data Name="RuleName">-</Data><Data Name="UtcTime">2026-01-16 16:05:16.024</Data><Data Name="ProcessGuid">{8b8a9dc4-61bc-696a-1d58-aa2bd05e0000}</Data><Data Name="ProcessId">121558</Data><Data Name="Image">/usr/bin/dash</Data><Data Name="FileVersion">-</Data><Data Name="Description">-</Data><Data Name="Product">-</Data><Data Name="Company">-</Data><Data Name="OriginalFileName">-</Data><Data Name="CommandLine">/bin/sh -c /usr/bin/ps -ax -o pid=,ppid=,pcpu=,pmem=,command=</Data><Data Name="CurrentDirectory">/home/vincenzolog</Data><Data Name="User">vincenzolog</Data><Data Name="LogonGuid">{8b8a9dc4-0000-0000-e803-000000000000}</Data><Data Name="LogonId">1000</Data><Data Name="TerminalSessionId">3</Data><Data Name="IntegrityLevel">no level</Data><Data Name="Hashes">SHA256=86d31f6fb799e91fa21bad341484564510ca287703a16e9e46c53338776f4f42</Data><Data Name="ParentProcessGuid">{8b8a9dc4-2c74-696a-10de-87a384600000}</Data><Data Name="ParentProcessId">8900</Data><Data Name="ParentImage">/usr/share/antigravity/antigravity</Data><Data Name="ParentCommandLine">/proc/self/exe</Data><Data Name="ParentUser">vincenzolog</Data></EventData></Event>
Jan 17 00:03:53 vincenzolog-VMware-Virtual-Platform sysmon[1624]: <Event><System><Provider Name="Linux-Sysmon" Guid="{ff032593-a8d3-4f13-b0d6-01fc615a0f97}"/><EventID>1</EventID><Version>5</Version><Level>4</Level><Task>1</Task><Opcode>0</Opcode><Keywords>0x8000000000000000</Keywords><TimeCreated SystemTime="2026-01-16T17:03:53.380355000Z"/><EventRecordID>926534</EventRecordID><Correlation/><Execution ProcessID="1624" ThreadID="1624"/><Channel>Linux-Sysmon/Operational</Channel><Computer>vincenzolog-VMware-Virtual-Platform</Computer><Security UserId="0"/></System><EventData><Data Name="RuleName">-</Data><Data Name="UtcTime">2026-01-16 16:05:16.031</Data><Data Name="ProcessGuid">{8b8a9dc4-61bc-696a-011e-58a86b550000}</Data><Data Name="ProcessId">121559</Data><Data Name="Image">/usr/bin/ps</Data><Data Name="FileVersion">-</Data><Data Name="Description">-</Data><Data Name="Product">-</Data><Data Name="Company">-</Data><Data Name="OriginalFileName">-</Data><Data Name="CommandLine">/usr/bin/ps -ax -o pid=,ppid=,pcpu=,pmem=,command=</Data><Data Name="CurrentDirectory">/home/vincenzolog</Data><Data Name="User">vincenzolog</Data><Data Name="LogonGuid">{8b8a9dc4-0000-0000-e803-000000000000}</Data><Data Name="LogonId">1000</Data><Data Name="TerminalSessionId">3</Data><Data Name="IntegrityLevel">no level</Data><Data Name="Hashes">SHA256=8e86f498aa4aabfcea6c179d6181557140b4597f1c39bb94e2aba32158b58297</Data><Data Name="ParentProcessGuid">{8b8a9dc4-61bc-696a-1d58-aa2bd05e0000}</Data><Data Name="ParentProcessId">121558</Data><Data Name="ParentImage">/usr/bin/dash</Data><Data Name="ParentCommandLine">/bin/sh</Data><Data Name="ParentUser">vincenzolog</Data></EventData></Event>
Jan 17 00:03:53 vincenzolog-VMware-Virtual-Platform sysmon[1624]: <Event><System><Provider Name="Linux-Sysmon" Guid="{ff032593-a8d3-4f13-b0d6-01fc615a0f97}"/><EventID>5</EventID><Version>3</Version><Level>4</Level><Task>5</Task><Opcode>0</Opcode><Keywords>0x8000000000000000</Keywords><TimeCreated SystemTime="2026-01-16T17:03:53.493882000Z"/><EventRecordID>926535</EventRecordID><Correlation/><Execution ProcessID="1624" ThreadID="1624"/><Channel>Linux-Sysmon/Operational</Channel><Computer>vincenzolog-VMware-Virtual-Platform</Computer><Security UserId="0"/></System><EventData><Data Name="RuleName">-</Data><Data Name="UtcTime">2026-01-16 16:05:16.146</Data><Data Name="ProcessGuid">{8b8a9dc4-61bc-696a-011e-58a86b550000}</Data><Data Name="ProcessId">121559</Data><Data Name="Image">/usr/bin/ps</Data><Data Name="User">vincenzolog</Data></EventData></Event>
Jan 17 00:03:53 vincenzolog-VMware-Virtual-Platform sysmon[1624]: <Event><System><Provider Name="Linux-Sysmon" Guid="{ff032593-a8d3-4f13-b0d6-01fc615a0f97}"/><EventID>5</EventID><Version>3</Version><Level>4</Level><Task>5</Task><Opcode>0</Opcode><Keywords>0x8000000000000000</Keywords><TimeCreated SystemTime="2026-01-16T17:03:53.494582000Z"/><EventRecordID>926536</EventRecordID><Correlation/><Execution ProcessID="1624" ThreadID="1624"/><Channel>Linux-Sysmon/Operational</Channel><Computer>vincenzolog-VMware-Virtual-Platform</Computer><Security UserId="0"/></System><EventData><Data Name="RuleName">-</Data><Data Name="UtcTime">2026-01-16 16:05:16.147</Data><Data Name="ProcessGuid">{8b8a9dc4-61bc-696a-1d58-aa2bd05e0000}</Data><Data Name="ProcessId">121558</Data><Data Name="Image">/usr/bin/dash</Data><Data Name="User">vincenzolog</Data></EventData></Event>
Jan 17 00:03:53 vincenzolog-VMware-Virtual-Platform sysmon[1624]: <Event><System><Provider Name="Linux-Sysmon" Guid="{ff032593-a8d3-4f13-b0d6-01fc615a0f97}"/><EventID>1</EventID><Version>5</Version><Level>4</Level><Task>1</Task><Opcode>0</Opcode><Keywords>0x8000000000000000</Keywords><TimeCreated SystemTime="2026-01-16T17:03:53.505970000Z"/><EventRecordID>926537</EventRecordID><Correlation/><Execution ProcessID="1624" ThreadID="1624"/><Channel>Linux-Sysmon/Operational</Channel><Computer>vincenzolog-VMware-Virtual-Platform</Computer><Security UserId="0"/></System><EventData><Data Name="RuleName">-</Data><Data Name="UtcTime">2026-01-16 16:05:16.153</Data><Data Name="ProcessGuid">{8b8a9dc4-61bc-696a-1d88-89f756560000}</Data><Data Name="ProcessId">121560</Data><Data Name="Image">/usr/bin/dash</Data><Data Name="FileVersion">-</Data><Data Name="Description">-</Data><Data Name="Product">-</Data><Data Name="Company">-</Data><Data Name="OriginalFileName">-</Data><Data Name="CommandLine">/bin/sh -c &quot;/usr/share/antigravity/resources/app/out/vs/base/node/cpuUsage.sh&quot; 12317 120278 120294 120295</Data><Data Name="CurrentDirectory">/home/vincenzolog</Data><Data Name="User">vincenzolog</Data><Data Name="LogonGuid">{8b8a9dc4-0000-0000-e803-000000000000}</Data><Data Name="LogonId">1000</Data><Data Name="TerminalSessionId">3</Data><Data Name="IntegrityLevel">no level</Data><Data Name="Hashes">SHA256=86d31f6fb799e91fa21bad341484564510ca287703a16e9e46c53338776f4f42</Data><Data Name="ParentProcessGuid">{8b8a9dc4-2c74-696a-10de-87a384600000}</Data><Data Name="ParentProcessId">8900</Data><Data Name="ParentImage">/usr/share/antigravity/antigravity</Data><Data Name="ParentCommandLine">/proc/self/exe</Data><Data Name="ParentUser">vincenzolog</Data></EventData></Event>
Jan 17 00:03:53 vincenzolog-VMware-Virtual-Platform sysmon[1624]: <Event><System><Provider Name="Linux-Sysmon" Guid="{ff032593-a8d3-4f13-b0d6-01fc615a0f97}"/><EventID>1</EventID><Version>5</Version><Level>4</Level><Task>1</Task><Opcode>0</Opcode><Keywords>0x8000000000000000</Keywords><TimeCreated SystemTime="2026-01-16T17:03:53.515122000Z"/><EventRecordID>926538</EventRecordID><Correlation/><Execution ProcessID="1624" ThreadID="1624"/><Channel>Linux-Sysmon/Operational</Channel><Computer>vincenzolog-VMware-Virtual-Platform</Computer><Security UserId="0"/></System><EventData><Data Name="RuleName">-</Data><Data Name="UtcTime">2026-01-16 16:05:16.160</Data><Data Name="ProcessGuid">{8b8a9dc4-61bc-696a-2da3-7df6bc560000}</Data><Data Name="ProcessId">121561</Data><Data Name="Image">/usr/bin/bash</Data><Data Name="FileVersion">-</Data><Data Name="Description">-</Data><Data Name="Product">-</Data><Data Name="Company">-</Data><Data Name="OriginalFileName">-</Data><Data Name="CommandLine">/bin/bash /usr/share/antigravity/resources/app/out/vs/base/node/cpuUsage.sh 12317 120278 120294 120295</Data><Data Name="CurrentDirectory">/home/vincenzolog</Data><Data Name="User">vincenzolog</Data><Data Name="LogonGuid">{8b8a9dc4-0000-0000-e803-000000000000}</Data><Data Name="LogonId">1000</Data><Data Name="TerminalSessionId">3</Data><Data Name="IntegrityLevel">no level</Data><Data Name="Hashes">SHA256=bc5945feb8bd26203ebfafea5ce1878bb2e32cb8fb50ab7ae395cfb1e1aaaef1</Data><Data Name="ParentProcessGuid">{8b8a9dc4-61bc-696a-1d88-89f756560000}</Data><Data Name="ParentProcessId">121560</Data><Data Name="ParentImage">/usr/bin/dash</Data><Data Name="ParentCommandLine">/bin/sh</Data><Data Name="ParentUser">vincenzolog</Data></EventData></Event>
Jan 17 00:03:53 vincenzolog-VMware-Virtual-Platform sysmon[1624]: <Event><System><Provider Name="Linux-Sysmon" Guid="{ff032593-a8d3-4f13-b0d6-01fc615a0f97}"/><EventID>1</EventID><Version>5</Version><Level>4</Level><Task>1</Task><Opcode>0</Opcode><Keywords>0x8000000000000000</Keywords><TimeCreated SystemTime="2026-01-16T17:03:53.517151000Z"/><EventRecordID>926539</EventRecordID><Correlation/><Execution ProcessID="1624" ThreadID="1624"/><Channel>Linux-Sysmon/Operational</Channel><Computer>vincenzolog-VMware-Virtual-Platform</Computer><Security UserId="0"/></System><EventData><Data Name="RuleName">-</Data><Data Name="UtcTime">2026-01-16 16:05:16.167</Data><Data Name="ProcessGuid">{8b8a9dc4-61bc-696a-818e-d141b6580000}</Data><Data Name="ProcessId">121562</Data><Data Name="Image">/usr/bin/sed</Data><Data Name="FileVersion">-</Data><Data Name="Description">-</Data><Data Name="Product">-</Data><Data Name="Company">-</Data><Data Name="OriginalFileName">-</Data><Data Name="CommandLine">sed -n s/^cpu\s//p /proc/stat</Data><Data Name="CurrentDirectory">/home/vincenzolog</Data><Data Name="User">vincenzolog</Data><Data Name="LogonGuid">{8b8a9dc4-0000-0000-e803-000000000000}</Data><Data Name="LogonId">1000</Data><Data Name="TerminalSessionId">3</Data><Data Name="IntegrityLevel">no level</Data><Data Name="Hashes">SHA256=db67d4895f868617bfd19786247ebda7c2f50f4cb3857a987f732a2c267a799e</Data><Data Name="ParentProcessGuid">{8b8a9dc4-61bc-696a-2da3-7df6bc560000}</Data><Data Name="ParentProcessId">121561</Data><Data Name="ParentImage">/usr/bin/bash</Data><Data Name="ParentCommandLine">/bin/bash</Data><Data Name="ParentUser">vincenzolog</Data></EventData></Event>
Jan 17 00:03:53 vincenzolog-VMware-Virtual-Platform sysmon[1624]: <Event><System><Provider Name="Linux-Sysmon" Guid="{ff032593-a8d3-4f13-b0d6-01fc615a0f97}"/><EventID>5</EventID><Version>3</Version><Level>4</Level><Task>5</Task><Opcode>0</Opcode><Keywords>0x8000000000000000</Keywords><TimeCreated SystemTime="2026-01-16T17:03:53.521149000Z"/><EventRecordID>926540</EventRecordID><Correlation/><Execution ProcessID="1624" ThreadID="1624"/><Channel>Linux-Sysmon/Operational</Channel><Computer>vincenzolog-VMware-Virtual-Platform</Computer><Security UserId="0"/></System><EventData><Data Name="RuleName">-</Data><Data Name="UtcTime">2026-01-16 16:05:16.174</Data><Data Name="ProcessGuid">{8b8a9dc4-61bc-696a-818e-d141b6580000}</Data><Data Name="ProcessId">121562</Data><Data Name="Image">/usr/bin/sed</Data><Data Name="User">vincenzolog</Data></EventData></Event>
Jan 17 00:03:53 vincenzolog-VMware-Virtual-Platform sysmon[1624]: <Event><System><Provider Name="Linux-Sysmon" Guid="{ff032593-a8d3-4f13-b0d6-01fc615a0f97}"/><EventID>1</EventID><Version>5</Version><Level>4</Level><Task>1</Task><Opcode>0</Opcode><Keywords>0x8000000000000000</Keywords><TimeCreated SystemTime="2026-01-16T17:03:53.525926000Z"/><EventRecordID>926541</EventRecordID><Correlation/><Execution ProcessID="1624" ThreadID="1624"/><Channel>Linux-Sysmon/Operational</Channel><Computer>vincenzolog-VMware-Virtual-Platform</Computer><Security UserId="0"/></System><EventData><Data Name="RuleName">-</Data><Data Name="UtcTime">2026-01-16 16:05:16.175</Data><Data Name="ProcessGuid">{8b8a9dc4-61bc-696a-b144-4433f0580000}</Data><Data Name="ProcessId">121563</Data><Data Name="Image">/usr/bin/cat</Data><Data Name="FileVersion">-</Data><Data Name="Description">-</Data><Data Name="Product">-</Data><Data Name="Company">-</Data><Data Name="OriginalFileName">-</Data><Data Name="CommandLine">cat /proc/12317/stat</Data><Data Name="CurrentDirectory">/home/vincenzolog</Data><Data Name="User">vincenzolog</Data><Data Name="LogonGuid">{8b8a9dc4-0000-0000-e803-000000000000}</Data><Data Name="LogonId">1000</Data><Data Name="TerminalSessionId">3</Data><Data Name="IntegrityLevel">no level</Data><Data Name="Hashes">SHA256=dda0961715677dff3cd560e1933379c0eca73c0b6e19fef2737492ebc1de1700</Data><Data Name="ParentProcessGuid">{8b8a9dc4-61bc-696a-2da3-7df6bc560000}</Data><Data Name="ParentProcessId">121561</Data><Data Name="ParentImage">/usr/bin/bash</Data><Data Name="ParentCommandLine">/bin/bash</Data><Data Name="ParentUser">vincenzolog</Data></EventData></Event>
Jan 17 00:03:53 vincenzolog-VMware-Virtual-Platform sysmon[1624]: <Event><System><Provider Name="Linux-Sysmon" Guid="{ff032593-a8d3-4f13-b0d6-01fc615a0f97}"/><EventID>5</EventID><Version>3</Version><Level>4</Level><Task>5</Task><Opcode>0</Opcode><Keywords>0x8000000000000000</Keywords><TimeCreated SystemTime="2026-01-16T17:03:53.528681000Z"/><EventRecordID>926542</EventRecordID><Correlation/><Execution ProcessID="1624" ThreadID="1624"/><Channel>Linux-Sysmon/Operational</Channel><Computer>vincenzolog-VMware-Virtual-Platform</Computer><Security UserId="0"/></System><EventData><Data Name="RuleName">-</Data><Data Name="UtcTime">2026-01-16 16:05:16.181</Data><Data Name="ProcessGuid">{8b8a9dc4-61bc-696a-b144-4433f0580000}</Data><Data Name="ProcessId">121563</Data><Data Name="Image">/usr/bin/cat</Data><Data Name="User">vincenzolog</Data></EventData></Event>
Jan 17 00:03:53 vincenzolog-VMware-Virtual-Platform sysmon[1624]: <Event><System><Provider Name="Linux-Sysmon" Guid="{ff032593-a8d3-4f13-b0d6-01fc615a0f97}"/><EventID>1</EventID><Version>5</Version><Level>4</Level><Task>1</Task><Opcode>0</Opcode><Keywords>0x8000000000000000</Keywords><TimeCreated SystemTime="2026-01-16T17:03:53.533133000Z"/><EventRecordID>926543</EventRecordID><Correlation/><Execution ProcessID="1624" ThreadID="1624"/><Channel>Linux-Sysmon/Operational</Channel><Computer>vincenzolog-VMware-Virtual-Platform</Computer><Security UserId="0"/></System><EventData><Data Name="RuleName">-</Data><Data Name="UtcTime">2026-01-16 16:05:16.183</Data><Data Name="ProcessGuid">{8b8a9dc4-61bc-696a-b1b4-bf2cc15b0000}</Data><Data Name="ProcessId">121564</Data><Data Name="Image">/usr/bin/cat</Data><Data Name="FileVersion">-</Data><Data Name="Description">-</Data><Data Name="Product">-</Data><Data Name="Company">-</Data><Data Name="OriginalFileName">-</Data><Data Name="CommandLine">cat /proc/120278/stat</Data><Data Name="CurrentDirectory">/home/vincenzolog</Data><Data Name="User">vincenzolog</Data><Data Name="LogonGuid">{8b8a9dc4-0000-0000-e803-000000000000}</Data><Data Name="LogonId">1000</Data><Data Name="TerminalSessionId">3</Data><Data Name="IntegrityLevel">no level</Data><Data Name="Hashes">SHA256=dda0961715677dff3cd560e1933379c0eca73c0b6e19fef2737492ebc1de1700</Data><Data Name="ParentProcessGuid">{8b8a9dc4-61bc-696a-2da3-7df6bc560000}</Data><Data Name="ParentProcessId">121561</Data><Data Name="ParentImage">/usr/bin/bash</Data><Data Name="ParentCommandLine">/bin/bash</Data><Data Name="ParentUser">vincenzolog</Data></EventData></Event>
Jan 17 00:03:53 vincenzolog-VMware-Virtual-Platform sysmon[1624]: <Event><System><Provider Name="Linux-Sysmon" Guid="{ff032593-a8d3-4f13-b0d6-01fc615a0f97}"/><EventID>5</EventID><Version>3</Version><Level>4</Level><Task>5</Task><Opcode>0</Opcode><Keywords>0x8000000000000000</Keywords><TimeCreated SystemTime="2026-01-16T17:03:53.535516000Z"/><EventRecordID>926544</EventRecordID><Correlation/><Execution ProcessID="1624" ThreadID="1624"/><Channel>Linux-Sysmon/Operational</Channel><Computer>vincenzolog-VMware-Virtual-Platform</Computer><Security UserId="0"/></System><EventData><Data Name="RuleName">-</Data><Data Name="UtcTime">2026-01-16 16:05:16.188</Data><Data Name="ProcessGuid">{8b8a9dc4-61bc-696a-b1b4-bf2cc15b0000}</Data><Data Name="ProcessId">121564</Data><Data Name="Image">/usr/bin/cat</Data><Data Name="User">vincenzolog</Data></EventData></Event>
Jan 17 00:03:53 vincenzolog-VMware-Virtual-Platform sysmon[1624]: <Event><System><Provider Name="Linux-Sysmon" Guid="{ff032593-a8d3-4f13-b0d6-01fc615a0f97}"/><EventID>1</EventID><Version>5</Version><Level>4</Level><Task>1</Task><Opcode>0</Opcode><Keywords>0x8000000000000000</Keywords><TimeCreated SystemTime="2026-01-16T17:03:53.539850000Z"/><EventRecordID>926545</EventRecordID><Correlation/><Execution ProcessID="1624" ThreadID="1624"/><Channel>Linux-Sysmon/Operational</Channel><Computer>vincenzolog-VMware-Virtual-Platform</Computer><Security UserId="0"/></System><EventData><Data Name="RuleName">-</Data><Data Name="UtcTime">2026-01-16 16:05:16.189</Data><Data Name="ProcessGuid">{8b8a9dc4-61bc-696a-b124-e30642580000}</Data><Data Name="ProcessId">121565</Data><Data Name="Image">/usr/bin/cat</Data><Data Name="FileVersion">-</Data><Data Name="Description">-</Data><Data Name="Product">-</Data><Data Name="Company">-</Data><Data Name="OriginalFileName">-</Data><Data Name="CommandLine">cat /proc/120294/stat</Data><Data Name="CurrentDirectory">/home/vincenzolog</Data><Data Name="User">vincenzolog</Data><Data Name="LogonGuid">{8b8a9dc4-0000-0000-e803-000000000000}</Data><Data Name="LogonId">1000</Data><Data Name="TerminalSessionId">3</Data><Data Name="IntegrityLevel">no level</Data><Data Name="Hashes">SHA256=dda0961715677dff3cd560e1933379c0eca73c0b6e19fef2737492ebc1de1700</Data><Data Name="ParentProcessGuid">{8b8a9dc4-61bc-696a-2da3-7df6bc560000}</Data><Data Name="ParentProcessId">121561</Data><Data Name="ParentImage">/usr/bin/bash</Data><Data Name="ParentCommandLine">/bin/bash</Data><Data Name="ParentUser">vincenzolog</Data></EventData></Event>
Jan 17 00:03:53 vincenzolog-VMware-Virtual-Platform sysmon[1624]: <Event><System><Provider Name="Linux-Sysmon" Guid="{ff032593-a8d3-4f13-b0d6-01fc615a0f97}"/><EventID>5</EventID><Version>3</Version><Level>4</Level><Task>5</Task><Opcode>0</Opcode><Keywords>0x8000000000000000</Keywords><TimeCreated SystemTime="2026-01-16T17:03:53.541951000Z"/><EventRecordID>926546</EventRecordID><Correlation/><Execution ProcessID="1624" ThreadID="1624"/><Channel>Linux-Sysmon/Operational</Channel><Computer>vincenzolog-VMware-Virtual-Platform</Computer><Security UserId="0"/></System><EventData><Data Name="RuleName">-</Data><Data Name="UtcTime">2026-01-16 16:05:16.195</Data><Data Name="ProcessGuid">{8b8a9dc4-61bc-696a-b124-e30642580000}</Data><Data Name="ProcessId">121565</Data><Data Name="Image">/usr/bin/cat</Data><Data Name="User">vincenzolog</Data></EventData></Event>
Jan 17 00:03:53 vincenzolog-VMware-Virtual-Platform sysmon[1624]: <Event><System><Provider Name="Linux-Sysmon" Guid="{ff032593-a8d3-4f13-b0d6-01fc615a0f97}"/><EventID>1</EventID><Version>5</Version><Level>4</Level><Task>1</Task><Opcode>0</Opcode><Keywords>0x8000000000000000</Keywords><TimeCreated SystemTime="2026-01-16T17:03:53.546866000Z"/><EventRecordID>926547</EventRecordID><Correlation/><Execution ProcessID="1624" ThreadID="1624"/><Channel>Linux-Sysmon/Operational</Channel><Computer>vincenzolog-VMware-Virtual-Platform</Computer><Security UserId="0"/></System><EventData><Data Name="RuleName">-</Data><Data Name="UtcTime">2026-01-16 16:05:16.196</Data><Data Name="ProcessGuid">{8b8a9dc4-61bc-696a-b1a4-f41b26610000}</Data><Data Name="ProcessId">121566</Data><Data Name="Image">/usr/bin/cat</Data><Data Name="FileVersion">-</Data><Data Name="Description">-</Data><Data Name="Product">-</Data><Data Name="Company">-</Data><Data Name="OriginalFileName">-</Data><Data Name="CommandLine">cat /proc/120295/stat</Data><Data Name="CurrentDirectory">/home/vincenzolog</Data><Data Name="User">vincenzolog</Data><Data Name="LogonGuid">{8b8a9dc4-0000-0000-e803-000000000000}</Data><Data Name="LogonId">1000</Data><Data Name="TerminalSessionId">3</Data><Data Name="IntegrityLevel">no level</Data><Data Name="Hashes">SHA256=dda0961715677dff3cd560e1933379c0eca73c0b6e19fef2737492ebc1de1700</Data><Data Name="ParentProcessGuid">{8b8a9dc4-61bc-696a-2da3-7df6bc560000}</Data><Data Name="ParentProcessId">121561</Data><Data Name="ParentImage">/usr/bin/bash</Data><Data Name="ParentCommandLine">/bin/bash</Data><Data Name="ParentUser">vincenzolog</Data></EventData></Event>
Jan 17 00:03:53 vincenzolog-VMware-Virtual-Platform sysmon[1624]: <Event><System><Provider Name="Linux-Sysmon" Guid="{ff032593-a8d3-4f13-b0d6-01fc615a0f97}"/><EventID>5</EventID><Version>3</Version><Level>4</Level><Task>5</Task><Opcode>0</Opcode><Keywords>0x8000000000000000</Keywords><TimeCreated SystemTime="2026-01-16T17:03:53.549183000Z"/><EventRecordID>926548</EventRecordID><Correlation/><Execution ProcessID="1624" ThreadID="1624"/><Channel>Linux-Sysmon/Operational</Channel><Computer>vincenzolog-VMware-Virtual-Platform</Computer><Security UserId="0"/></System><EventData><Data Name="RuleName">-</Data><Data Name="UtcTime">2026-01-16 16:05:16.202</Data><Data Name="ProcessGuid">{8b8a9dc4-61bc-696a-b1a4-f41b26610000}</Data><Data Name="ProcessId">121566</Data><Data Name="Image">/usr/bin/cat</Data><Data Name="User">vincenzolog</Data></EventData></Event>
Jan 17 00:03:53 vincenzolog-VMware-Virtual-Platform sysmon[1624]: <Event><System><Provider Name="Linux-Sysmon" Guid="{ff032593-a8d3-4f13-b0d6-01fc615a0f97}"/><EventID>1</EventID><Version>5</Version><Level>4</Level><Task>1</Task><Opcode>0</Opcode><Keywords>0x8000000000000000</Keywords><TimeCreated SystemTime="2026-01-16T17:03:53.552923000Z"/><EventRecordID>926549</EventRecordID><Correlation/><Execution ProcessID="1624" ThreadID="1624"/><Channel>Linux-Sysmon/Operational</Channel><Computer>vincenzolog-VMware-Virtual-Platform</Computer><Security UserId="0"/></System><EventData><Data Name="RuleName">-</Data><Data Name="UtcTime">2026-01-16 16:05:16.203</Data><Data Name="ProcessGuid">{8b8a9dc4-61bc-696a-b136-c18e585d0000}</Data><Data Name="ProcessId">121567</Data><Data Name="Image">/usr/bin/sleep</Data><Data Name="FileVersion">-</Data><Data Name="Description">-</Data><Data Name="Product">-</Data><Data Name="Company">-</Data><Data Name="OriginalFileName">-</Data><Data Name="CommandLine">sleep 1</Data><Data Name="CurrentDirectory">/home/vincenzolog</Data><Data Name="User">vincenzolog</Data><Data Name="LogonGuid">{8b8a9dc4-0000-0000-e803-000000000000}</Data><Data Name="LogonId">1000</Data><Data Name="TerminalSessionId">3</Data><Data Name="IntegrityLevel">no level</Data><Data Name="Hashes">SHA256=4a193eb6f25eecf27bad523cb8a53ec4d40775eb498f44760b19bfc421cc90aa</Data><Data Name="ParentProcessGuid">{8b8a9dc4-61bc-696a-2da3-7df6bc560000}</Data><Data Name="ParentProcessId">121561</Data><Data Name="ParentImage">/usr/bin/bash</Data><Data Name="ParentCommandLine">/bin/bash</Data><Data Name="ParentUser">vincenzolog</Data></EventData></Event>
Jan 17 00:03:53 vincenzolog-VMware-Virtual-Platform sysmon[1624]: <Event><System><Provider Name="Linux-Sysmon" Guid="{ff032593-a8d3-4f13-b0d6-01fc615a0f97}"/><EventID>1</EventID><Version>5</Version><Level>4</Level><Task>1</Task><Opcode>0</Opcode><Keywords>0x8000000000000000</Keywords><TimeCreated SystemTime="2026-01-16T17:03:53.792665000Z"/><EventRecordID>926550</EventRecordID><Correlation/><Execution ProcessID="1624" ThreadID="1624"/><Channel>Linux-Sysmon/Operational</Channel><Computer>vincenzolog-VMware-Virtual-Platform</Computer><Security UserId="0"/></System><EventData><Data Name="RuleName">-</Data><Data Name="UtcTime">2026-01-16 16:05:16.442</Data><Data Name="ProcessGuid">{8b8a9dc4-61bc-696a-1dd8-9fb96c5b0000}</Data><Data Name="ProcessId">121568</Data><Data Name="Image">/usr/bin/dash</Data><Data Name="FileVersion">-</Data><Data Name="Description">-</Data><Data Name="Product">-</Data><Data Name="Company">-</Data><Data Name="OriginalFileName">-</Data><Data Name="CommandLine">/bin/sh -c find . -exec /b&quot;in&quot;/s&quot;h&quot; \; -quit</Data><Data Name="CurrentDirectory">/home/vincenzolog/Auto_test</Data><Data Name="User">root</Data><Data Name="LogonGuid">{8b8a9dc4-0000-0000-0000-000005000000}</Data><Data Name="LogonId">0</Data><Data Name="TerminalSessionId">3</Data><Data Name="IntegrityLevel">no level</Data><Data Name="Hashes">SHA256=86d31f6fb799e91fa21bad341484564510ca287703a16e9e46c53338776f4f42</Data><Data Name="ParentProcessGuid">{8b8a9dc4-612c-696a-dd23-700000000000}</Data><Data Name="ParentProcessId">120295</Data><Data Name="ParentImage">/usr/bin/python3.12</Data><Data Name="ParentCommandLine">python3</Data><Data Name="ParentUser">root</Data></EventData></Event>
Jan 17 00:03:53 vincenzolog-VMware-Virtual-Platform sysmon[1624]: <Event><System><Provider Name="Linux-Sysmon" Guid="{ff032593-a8d3-4f13-b0d6-01fc615a0f97}"/><EventID>1</EventID><Version>5</Version><Level>4</Level><Task>1</Task><Opcode>0</Opcode><Keywords>0x8000000000000000</Keywords><TimeCreated SystemTime="2026-01-16T17:03:53.795816000Z"/><EventRecordID>926551</EventRecordID><Correlation/><Execution ProcessID="1624" ThreadID="1624"/><Channel>Linux-Sysmon/Operational</Channel><Computer>vincenzolog-VMware-Virtual-Platform</Computer><Security UserId="0"/></System><EventData><Data Name="RuleName">-</Data><Data Name="UtcTime">2026-01-16 16:05:16.446</Data><Data Name="ProcessGuid">{8b8a9dc4-61bc-696a-c1fc-1ea5b3550000}</Data><Data Name="ProcessId">121569</Data><Data Name="Image">/usr/bin/find</Data><Data Name="FileVersion">-</Data><Data Name="Description">-</Data><Data Name="Product">-</Data><Data Name="Company">-</Data><Data Name="OriginalFileName">-</Data><Data Name="CommandLine">find . -exec /bin/sh ; -quit</Data><Data Name="CurrentDirectory">/home/vincenzolog/Auto_test</Data><Data Name="User">root</Data><Data Name="LogonGuid">{8b8a9dc4-0000-0000-0000-000005000000}</Data><Data Name="LogonId">0</Data><Data Name="TerminalSessionId">3</Data><Data Name="IntegrityLevel">no level</Data><Data Name="Hashes">SHA256=ac1ea1c5391de921aca1572f1bf25d03707beb3887b27c16a5b4948fd553941b</Data><Data Name="ParentProcessGuid">{8b8a9dc4-61bc-696a-1dd8-9fb96c5b0000}</Data><Data Name="ParentProcessId">121568</Data><Data Name="ParentImage">/usr/bin/dash</Data><Data Name="ParentCommandLine">/bin/sh</Data><Data Name="ParentUser">root</Data></EventData></Event>
Jan 17 00:03:53 vincenzolog-VMware-Virtual-Platform sysmon[1624]: <Event><System><Provider Name="Linux-Sysmon" Guid="{ff032593-a8d3-4f13-b0d6-01fc615a0f97}"/><EventID>1</EventID><Version>5</Version><Level>4</Level><Task>1</Task><Opcode>0</Opcode><Keywords>0x8000000000000000</Keywords><TimeCreated SystemTime="2026-01-16T17:03:53.800489000Z"/><EventRecordID>926552</EventRecordID><Correlation/><Execution ProcessID="1624" ThreadID="1624"/><Channel>Linux-Sysmon/Operational</Channel><Computer>vincenzolog-VMware-Virtual-Platform</Computer><Security UserId="0"/></System><EventData><Data Name="RuleName">-</Data><Data Name="UtcTime">2026-01-16 16:05:16.451</Data><Data Name="ProcessGuid">{8b8a9dc4-61bc-696a-1d18-2d2677570000}</Data><Data Name="ProcessId">121570</Data><Data Name="Image">/usr/bin/dash</Data><Data Name="FileVersion">-</Data><Data Name="Description">-</Data><Data Name="Product">-</Data><Data Name="Company">-</Data><Data Name="OriginalFileName">-</Data><Data Name="CommandLine">/bin/sh</Data><Data Name="CurrentDirectory">/home/vincenzolog/Auto_test</Data><Data Name="User">root</Data><Data Name="LogonGuid">{8b8a9dc4-0000-0000-0000-000005000000}</Data><Data Name="LogonId">0</Data><Data Name="TerminalSessionId">3</Data><Data Name="IntegrityLevel">no level</Data><Data Name="Hashes">SHA256=86d31f6fb799e91fa21bad341484564510ca287703a16e9e46c53338776f4f42</Data><Data Name="ParentProcessGuid">{8b8a9dc4-61bc-696a-c1fc-1ea5b3550000}</Data><Data Name="ParentProcessId">121569</Data><Data Name="ParentImage">/usr/bin/find</Data><Data Name="ParentCommandLine">find</Data><Data Name="ParentUser">root</Data></EventData></Event>
Jan 17 00:03:54 vincenzolog-VMware-Virtual-Platform sysmon[1624]: <Event><System><Provider Name="Linux-Sysmon" Guid="{ff032593-a8d3-4f13-b0d6-01fc615a0f97}"/><EventID>5</EventID><Version>3</Version><Level>4</Level><Task>5</Task><Opcode>0</Opcode><Keywords>0x8000000000000000</Keywords><TimeCreated SystemTime="2026-01-16T17:03:54.556446000Z"/><EventRecordID>926553</EventRecordID><Correlation/><Execution ProcessID="1624" ThreadID="1624"/><Channel>Linux-Sysmon/Operational</Channel><Computer>vincenzolog-VMware-Virtual-Platform</Computer><Security UserId="0"/></System><EventData><Data Name="RuleName">-</Data><Data Name="UtcTime">2026-01-16 16:05:17.209</Data><Data Name="ProcessGuid">{8b8a9dc4-61bc-696a-b136-c18e585d0000}</Data><Data Name="ProcessId">121567</Data><Data Name="Image">/usr/bin/sleep</Data><Data Name="User">vincenzolog</Data></EventData></Event>
Jan 17 00:03:54 vincenzolog-VMware-Virtual-Platform sysmon[1624]: <Event><System><Provider Name="Linux-Sysmon" Guid="{ff032593-a8d3-4f13-b0d6-01fc615a0f97}"/><EventID>1</EventID><Version>5</Version><Level>4</Level><Task>1</Task><Opcode>0</Opcode><Keywords>0x8000000000000000</Keywords><TimeCreated SystemTime="2026-01-16T17:03:54.562130000Z"/><EventRecordID>926554</EventRecordID><Correlation/><Execution ProcessID="1624" ThreadID="1624"/><Channel>Linux-Sysmon/Operational</Channel><Computer>vincenzolog-VMware-Virtual-Platform</Computer><Security UserId="0"/></System><EventData><Data Name="RuleName">-</Data><Data Name="UtcTime">2026-01-16 16:05:17.211</Data><Data Name="ProcessGuid">{8b8a9dc4-61bd-696a-81ee-6be849560000}</Data><Data Name="ProcessId">121571</Data><Data Name="Image">/usr/bin/sed</Data><Data Name="FileVersion">-</Data><Data Name="Description">-</Data><Data Name="Product">-</Data><Data Name="Company">-</Data><Data Name="OriginalFileName">-</Data><Data Name="CommandLine">sed -n s/^cpu\s//p /proc/stat</Data><Data Name="CurrentDirectory">/home/vincenzolog</Data><Data Name="User">vincenzolog</Data><Data Name="LogonGuid">{8b8a9dc4-0000-0000-e803-000000000000}</Data><Data Name="LogonId">1000</Data><Data Name="TerminalSessionId">3</Data><Data Name="IntegrityLevel">no level</Data><Data Name="Hashes">SHA256=db67d4895f868617bfd19786247ebda7c2f50f4cb3857a987f732a2c267a799e</Data><Data Name="ParentProcessGuid">{8b8a9dc4-61bc-696a-2da3-7df6bc560000}</Data><Data Name="ParentProcessId">121561</Data><Data Name="ParentImage">/usr/bin/bash</Data><Data Name="ParentCommandLine">/bin/bash</Data><Data Name="ParentUser">vincenzolog</Data></EventData></Event>
Jan 17 00:03:54 vincenzolog-VMware-Virtual-Platform sysmon[1624]: <Event><System><Provider Name="Linux-Sysmon" Guid="{ff032593-a8d3-4f13-b0d6-01fc615a0f97}"/><EventID>5</EventID><Version>3</Version><Level>4</Level><Task>5</Task><Opcode>0</Opcode><Keywords>0x8000000000000000</Keywords><TimeCreated SystemTime="2026-01-16T17:03:54.566157000Z"/><EventRecordID>926555</EventRecordID><Correlation/><Execution ProcessID="1624" ThreadID="1624"/><Channel>Linux-Sysmon/Operational</Channel><Computer>vincenzolog-VMware-Virtual-Platform</Computer><Security UserId="0"/></System><EventData><Data Name="RuleName">-</Data><Data Name="UtcTime">2026-01-16 16:05:17.219</Data><Data Name="ProcessGuid">{8b8a9dc4-61bd-696a-81ee-6be849560000}</Data><Data Name="ProcessId">121571</Data><Data Name="Image">/usr/bin/sed</Data><Data Name="User">vincenzolog</Data></EventData></Event>
Jan 17 00:03:54 vincenzolog-VMware-Virtual-Platform sysmon[1624]: <Event><System><Provider Name="Linux-Sysmon" Guid="{ff032593-a8d3-4f13-b0d6-01fc615a0f97}"/><EventID>1</EventID><Version>5</Version><Level>4</Level><Task>1</Task><Opcode>0</Opcode><Keywords>0x8000000000000000</Keywords><TimeCreated SystemTime="2026-01-16T17:03:54.571182000Z"/><EventRecordID>926556</EventRecordID><Correlation/><Execution ProcessID="1624" ThreadID="1624"/><Channel>Linux-Sysmon/Operational</Channel><Computer>vincenzolog-VMware-Virtual-Platform</Computer><Security UserId="0"/></System><EventData><Data Name="RuleName">-</Data><Data Name="UtcTime">2026-01-16 16:05:17.221</Data><Data Name="ProcessGuid">{8b8a9dc4-61bd-696a-b164-1362bf5d0000}</Data><Data Name="ProcessId">121572</Data><Data Name="Image">/usr/bin/cat</Data><Data Name="FileVersion">-</Data><Data Name="Description">-</Data><Data Name="Product">-</Data><Data Name="Company">-</Data><Data Name="OriginalFileName">-</Data><Data Name="CommandLine">cat /proc/12317/stat</Data><Data Name="CurrentDirectory">/home/vincenzolog</Data><Data Name="User">vincenzolog</Data><Data Name="LogonGuid">{8b8a9dc4-0000-0000-e803-000000000000}</Data><Data Name="LogonId">1000</Data><Data Name="TerminalSessionId">3</Data><Data Name="IntegrityLevel">no level</Data><Data Name="Hashes">SHA256=dda0961715677dff3cd560e1933379c0eca73c0b6e19fef2737492ebc1de1700</Data><Data Name="ParentProcessGuid">{8b8a9dc4-61bc-696a-2da3-7df6bc560000}</Data><Data Name="ParentProcessId">121561</Data><Data Name="ParentImage">/usr/bin/bash</Data><Data Name="ParentCommandLine">/bin/bash</Data><Data Name="ParentUser">vincenzolog</Data></EventData></Event>
Jan 17 00:03:54 vincenzolog-VMware-Virtual-Platform sysmon[1624]: <Event><System><Provider Name="Linux-Sysmon" Guid="{ff032593-a8d3-4f13-b0d6-01fc615a0f97}"/><EventID>5</EventID><Version>3</Version><Level>4</Level><Task>5</Task><Opcode>0</Opcode><Keywords>0x8000000000000000</Keywords><TimeCreated SystemTime="2026-01-16T17:03:54.573412000Z"/><EventRecordID>926557</EventRecordID><Correlation/><Execution ProcessID="1624" ThreadID="1624"/><Channel>Linux-Sysmon/Operational</Channel><Computer>vincenzolog-VMware-Virtual-Platform</Computer><Security UserId="0"/></System><EventData><Data Name="RuleName">-</Data><Data Name="UtcTime">2026-01-16 16:05:17.226</Data><Data Name="ProcessGuid">{8b8a9dc4-61bd-696a-b164-1362bf5d0000}</Data><Data Name="ProcessId">121572</Data><Data Name="Image">/usr/bin/cat</Data><Data Name="User">vincenzolog</Data></EventData></Event>
Jan 17 00:03:54 vincenzolog-VMware-Virtual-Platform sysmon[1624]: <Event><System><Provider Name="Linux-Sysmon" Guid="{ff032593-a8d3-4f13-b0d6-01fc615a0f97}"/><EventID>5</EventID><Version>3</Version><Level>4</Level><Task>5</Task><Opcode>0</Opcode><Keywords>0x8000000000000000</Keywords><TimeCreated SystemTime="2026-01-16T17:03:54.576576000Z"/><EventRecordID>926558</EventRecordID><Correlation/><Execution ProcessID="1624" ThreadID="1624"/><Channel>Linux-Sysmon/Operational</Channel><Computer>vincenzolog-VMware-Virtual-Platform</Computer><Security UserId="0"/></System><EventData><Data Name="RuleName">-</Data><Data Name="UtcTime">2026-01-16 16:05:17.229</Data><Data Name="ProcessGuid">{8b8a9dc4-28e1-696a-154e-ab6f505b0000}</Data><Data Name="ProcessId">121573</Data><Data Name="Image">-</Data><Data Name="User">vincenzolog</Data></EventData></Event>
Jan 17 00:03:54 vincenzolog-VMware-Virtual-Platform sysmon[1624]: <Event><System><Provider Name="Linux-Sysmon" Guid="{ff032593-a8d3-4f13-b0d6-01fc615a0f97}"/><EventID>1</EventID><Version>5</Version><Level>4</Level><Task>1</Task><Opcode>0</Opcode><Keywords>0x8000000000000000</Keywords><TimeCreated SystemTime="2026-01-16T17:03:54.581234000Z"/><EventRecordID>926559</EventRecordID><Correlation/><Execution ProcessID="1624" ThreadID="1624"/><Channel>Linux-Sysmon/Operational</Channel><Computer>vincenzolog-VMware-Virtual-Platform</Computer><Security UserId="0"/></System><EventData><Data Name="RuleName">-</Data><Data Name="UtcTime">2026-01-16 16:05:17.231</Data><Data Name="ProcessGuid">{8b8a9dc4-61bd-696a-b164-ff104d560000}</Data><Data Name="ProcessId">121574</Data><Data Name="Image">/usr/bin/cat</Data><Data Name="FileVersion">-</Data><Data Name="Description">-</Data><Data Name="Product">-</Data><Data Name="Company">-</Data><Data Name="OriginalFileName">-</Data><Data Name="CommandLine">cat /proc/120278/stat</Data><Data Name="CurrentDirectory">/home/vincenzolog</Data><Data Name="User">vincenzolog</Data><Data Name="LogonGuid">{8b8a9dc4-0000-0000-e803-000000000000}</Data><Data Name="LogonId">1000</Data><Data Name="TerminalSessionId">3</Data><Data Name="IntegrityLevel">no level</Data><Data Name="Hashes">SHA256=dda0961715677dff3cd560e1933379c0eca73c0b6e19fef2737492ebc1de1700</Data><Data Name="ParentProcessGuid">{8b8a9dc4-61bc-696a-2da3-7df6bc560000}</Data><Data Name="ParentProcessId">121561</Data><Data Name="ParentImage">/usr/bin/bash</Data><Data Name="ParentCommandLine">/bin/bash</Data><Data Name="ParentUser">vincenzolog</Data></EventData></Event>
Jan 17 00:03:54 vincenzolog-VMware-Virtual-Platform sysmon[1624]: <Event><System><Provider Name="Linux-Sysmon" Guid="{ff032593-a8d3-4f13-b0d6-01fc615a0f97}"/><EventID>5</EventID><Version>3</Version><Level>4</Level><Task>5</Task><Opcode>0</Opcode><Keywords>0x8000000000000000</Keywords><TimeCreated SystemTime="2026-01-16T17:03:54.583318000Z"/><EventRecordID>926560</EventRecordID><Correlation/><Execution ProcessID="1624" ThreadID="1624"/><Channel>Linux-Sysmon/Operational</Channel><Computer>vincenzolog-VMware-Virtual-Platform</Computer><Security UserId="0"/></System><EventData><Data Name="RuleName">-</Data><Data Name="UtcTime">2026-01-16 16:05:17.236</Data><Data Name="ProcessGuid">{8b8a9dc4-61bd-696a-b164-ff104d560000}</Data><Data Name="ProcessId">121574</Data><Data Name="Image">/usr/bin/cat</Data><Data Name="User">vincenzolog</Data></EventData></Event>
