Jan 09 22:08:04 vincenzolog-VMware-Virtual-Platform sysmon[8040]: <Event><System><Provider Name="Linux-Sysmon" Guid="{ff032593-a8d3-4f13-b0d6-01fc615a0f97}"/><EventID>5</EventID><Version>3</Version><Level>4</Level><Task>5</Task><Opcode>0</Opcode><Keywords>0x8000000000000000</Keywords><TimeCreated SystemTime="2026-01-09T15:08:04.871274000Z"/><EventRecordID>137275</EventRecordID><Correlation/><Execution ProcessID="8040" ThreadID="8040"/><Channel>Linux-Sysmon/Operational</Channel><Computer>vincenzolog-VMware-Virtual-Platform</Computer><Security UserId="0"/></System><EventData><Data Name="RuleName">-</Data><Data Name="UtcTime">2026-01-09 06:34:05.600</Data><Data Name="ProcessGuid">{8b8a9dc4-87ad-6960-15de-048956610000}</Data><Data Name="ProcessId">519</Data><Data Name="Image">/usr/lib/systemd/systemd-journald</Data><Data Name="User">root</Data></EventData></Event>
Jan 09 22:08:04 vincenzolog-VMware-Virtual-Platform sysmon[8040]: <Event><System><Provider Name="Linux-Sysmon" Guid="{ff032593-a8d3-4f13-b0d6-01fc615a0f97}"/><EventID>5</EventID><Version>3</Version><Level>4</Level><Task>5</Task><Opcode>0</Opcode><Keywords>0x8000000000000000</Keywords><TimeCreated SystemTime="2026-01-09T15:08:04.883428000Z"/><EventRecordID>137276</EventRecordID><Correlation/><Execution ProcessID="8040" ThreadID="8040"/><Channel>Linux-Sysmon/Operational</Channel><Computer>vincenzolog-VMware-Virtual-Platform</Computer><Security UserId="0"/></System><EventData><Data Name="RuleName">-</Data><Data Name="UtcTime">2026-01-09 06:34:05.613</Data><Data Name="ProcessGuid">{8b8a9dc4-a15d-6960-cddb-a981315c0000}</Data><Data Name="ProcessId">44808</Data><Data Name="Image">/usr/bin/journalctl</Data><Data Name="User">root</Data></EventData></Event>
Jan 09 22:08:04 vincenzolog-VMware-Virtual-Platform sysmon[8040]: <Event><System><Provider Name="Linux-Sysmon" Guid="{ff032593-a8d3-4f13-b0d6-01fc615a0f97}"/><EventID>5</EventID><Version>3</Version><Level>4</Level><Task>5</Task><Opcode>0</Opcode><Keywords>0x8000000000000000</Keywords><TimeCreated SystemTime="2026-01-09T15:08:04.883900000Z"/><EventRecordID>137277</EventRecordID><Correlation/><Execution ProcessID="8040" ThreadID="8040"/><Channel>Linux-Sysmon/Operational</Channel><Computer>vincenzolog-VMware-Virtual-Platform</Computer><Security UserId="0"/></System><EventData><Data Name="RuleName">-</Data><Data Name="UtcTime">2026-01-09 06:34:05.613</Data><Data Name="ProcessGuid">{8b8a9dc4-a15d-6960-1d08-a300745e0000}</Data><Data Name="ProcessId">44807</Data><Data Name="Image">/usr/bin/dash</Data><Data Name="User">root</Data></EventData></Event>
Jan 09 22:08:04 vincenzolog-VMware-Virtual-Platform sysmon[8040]: <Event><System><Provider Name="Linux-Sysmon" Guid="{ff032593-a8d3-4f13-b0d6-01fc615a0f97}"/><EventID>1</EventID><Version>5</Version><Level>4</Level><Task>1</Task><Opcode>0</Opcode><Keywords>0x8000000000000000</Keywords><TimeCreated SystemTime="2026-01-09T15:08:04.885176000Z"/><EventRecordID>137278</EventRecordID><Correlation/><Execution ProcessID="8040" ThreadID="8040"/><Channel>Linux-Sysmon/Operational</Channel><Computer>vincenzolog-VMware-Virtual-Platform</Computer><Security UserId="0"/></System><EventData><Data Name="RuleName">-</Data><Data Name="UtcTime">2026-01-09 06:34:05.614</Data><Data Name="ProcessGuid">{8b8a9dc4-a15d-6960-1d78-1237a85e0000}</Data><Data Name="ProcessId">44811</Data><Data Name="Image">/usr/bin/dash</Data><Data Name="FileVersion">-</Data><Data Name="Description">-</Data><Data Name="Product">-</Data><Data Name="Company">-</Data><Data Name="OriginalFileName">-</Data><Data Name="CommandLine">/bin/sh -c journalctl --vacuum-time=1s</Data><Data Name="CurrentDirectory">/home/vincenzolog/Auto_test</Data><Data Name="User">root</Data><Data Name="LogonGuid">{8b8a9dc4-0000-0000-0000-000006000000}</Data><Data Name="LogonId">0</Data><Data Name="TerminalSessionId">3</Data><Data Name="IntegrityLevel">no level</Data><Data Name="Hashes">SHA256=86d31f6fb799e91fa21bad341484564510ca287703a16e9e46c53338776f4f42</Data><Data Name="ParentProcessGuid">{8b8a9dc4-9fa5-6960-1d23-700000000000}</Data><Data Name="ParentProcessId">41048</Data><Data Name="ParentImage">/usr/bin/python3.12</Data><Data Name="ParentCommandLine">python3</Data><Data Name="ParentUser">root</Data></EventData></Event>
Jan 09 22:08:04 vincenzolog-VMware-Virtual-Platform sysmon[8040]: <Event><System><Provider Name="Linux-Sysmon" Guid="{ff032593-a8d3-4f13-b0d6-01fc615a0f97}"/><EventID>5</EventID><Version>3</Version><Level>4</Level><Task>5</Task><Opcode>0</Opcode><Keywords>0x8000000000000000</Keywords><TimeCreated SystemTime="2026-01-09T15:08:04.888095000Z"/><EventRecordID>137279</EventRecordID><Correlation/><Execution ProcessID="8040" ThreadID="8040"/><Channel>Linux-Sysmon/Operational</Channel><Computer>vincenzolog-VMware-Virtual-Platform</Computer><Security UserId="0"/></System><EventData><Data Name="RuleName">-</Data><Data Name="UtcTime">2026-01-09 06:34:05.617</Data><Data Name="ProcessGuid">{8b8a9dc4-87ad-6960-15de-048956610000}</Data><Data Name="ProcessId">519</Data><Data Name="Image">/usr/lib/systemd/systemd-journald</Data><Data Name="User">root</Data></EventData></Event>
Jan 09 22:08:04 vincenzolog-VMware-Virtual-Platform sysmon[8040]: <Event><System><Provider Name="Linux-Sysmon" Guid="{ff032593-a8d3-4f13-b0d6-01fc615a0f97}"/><EventID>1</EventID><Version>5</Version><Level>4</Level><Task>1</Task><Opcode>0</Opcode><Keywords>0x8000000000000000</Keywords><TimeCreated SystemTime="2026-01-09T15:08:04.888502000Z"/><EventRecordID>137280</EventRecordID><Correlation/><Execution ProcessID="8040" ThreadID="8040"/><Channel>Linux-Sysmon/Operational</Channel><Computer>vincenzolog-VMware-Virtual-Platform</Computer><Security UserId="0"/></System><EventData><Data Name="RuleName">-</Data><Data Name="UtcTime">2026-01-09 06:34:05.617</Data><Data Name="ProcessGuid">{8b8a9dc4-a15d-6960-cd7b-10c5675e0000}</Data><Data Name="ProcessId">44812</Data><Data Name="Image">/usr/bin/journalctl</Data><Data Name="FileVersion">-</Data><Data Name="Description">-</Data><Data Name="Product">-</Data><Data Name="Company">-</Data><Data Name="OriginalFileName">-</Data><Data Name="CommandLine">journalctl --vacuum-time=1s</Data><Data Name="CurrentDirectory">/home/vincenzolog/Auto_test</Data><Data Name="User">root</Data><Data Name="LogonGuid">{8b8a9dc4-0000-0000-0000-000006000000}</Data><Data Name="LogonId">0</Data><Data Name="TerminalSessionId">3</Data><Data Name="IntegrityLevel">no level</Data><Data Name="Hashes">SHA256=7bd10a9c601c3204a6c464fc517b204e469eca7f12b09f9c4826f3cc1e42bd79</Data><Data Name="ParentProcessGuid">{8b8a9dc4-a15d-6960-1d78-1237a85e0000}</Data><Data Name="ParentProcessId">44811</Data><Data Name="ParentImage">/usr/bin/dash</Data><Data Name="ParentCommandLine">/bin/sh</Data><Data Name="ParentUser">root</Data></EventData></Event>
Jan 09 22:08:04 vincenzolog-VMware-Virtual-Platform sysmon[8040]: <Event><System><Provider Name="Linux-Sysmon" Guid="{ff032593-a8d3-4f13-b0d6-01fc615a0f97}"/><EventID>5</EventID><Version>3</Version><Level>4</Level><Task>5</Task><Opcode>0</Opcode><Keywords>0x8000000000000000</Keywords><TimeCreated SystemTime="2026-01-09T15:08:04.900381000Z"/><EventRecordID>137281</EventRecordID><Correlation/><Execution ProcessID="8040" ThreadID="8040"/><Channel>Linux-Sysmon/Operational</Channel><Computer>vincenzolog-VMware-Virtual-Platform</Computer><Security UserId="0"/></System><EventData><Data Name="RuleName">-</Data><Data Name="UtcTime">2026-01-09 06:34:05.630</Data><Data Name="ProcessGuid">{8b8a9dc4-a15d-6960-cd7b-10c5675e0000}</Data><Data Name="ProcessId">44812</Data><Data Name="Image">/usr/bin/journalctl</Data><Data Name="User">root</Data></EventData></Event>
Jan 09 22:08:04 vincenzolog-VMware-Virtual-Platform sysmon[8040]: <Event><System><Provider Name="Linux-Sysmon" Guid="{ff032593-a8d3-4f13-b0d6-01fc615a0f97}"/><EventID>5</EventID><Version>3</Version><Level>4</Level><Task>5</Task><Opcode>0</Opcode><Keywords>0x8000000000000000</Keywords><TimeCreated SystemTime="2026-01-09T15:08:04.900861000Z"/><EventRecordID>137282</EventRecordID><Correlation/><Execution ProcessID="8040" ThreadID="8040"/><Channel>Linux-Sysmon/Operational</Channel><Computer>vincenzolog-VMware-Virtual-Platform</Computer><Security UserId="0"/></System><EventData><Data Name="RuleName">-</Data><Data Name="UtcTime">2026-01-09 06:34:05.630</Data><Data Name="ProcessGuid">{8b8a9dc4-a15d-6960-1d78-1237a85e0000}</Data><Data Name="ProcessId">44811</Data><Data Name="Image">/usr/bin/dash</Data><Data Name="User">root</Data></EventData></Event>
Jan 09 22:08:05 vincenzolog-VMware-Virtual-Platform sysmon[8040]: <Event><System><Provider Name="Linux-Sysmon" Guid="{ff032593-a8d3-4f13-b0d6-01fc615a0f97}"/><EventID>1</EventID><Version>5</Version><Level>4</Level><Task>1</Task><Opcode>0</Opcode><Keywords>0x8000000000000000</Keywords><TimeCreated SystemTime="2026-01-09T15:08:05.903116000Z"/><EventRecordID>137283</EventRecordID><Correlation/><Execution ProcessID="8040" ThreadID="8040"/><Channel>Linux-Sysmon/Operational</Channel><Computer>vincenzolog-VMware-Virtual-Platform</Computer><Security UserId="0"/></System><EventData><Data Name="RuleName">-</Data><Data Name="UtcTime">2026-01-09 06:34:06.631</Data><Data Name="ProcessGuid">{8b8a9dc4-a15e-6960-1d88-8aa5115b0000}</Data><Data Name="ProcessId">44813</Data><Data Name="Image">/usr/bin/dash</Data><Data Name="FileVersion">-</Data><Data Name="Description">-</Data><Data Name="Product">-</Data><Data Name="Company">-</Data><Data Name="OriginalFileName">-</Data><Data Name="CommandLine">/bin/sh -c cd /var/opt/microsoft/scx/tmp &amp;&amp; sudo $(which sh) -c &quot;id&quot;</Data><Data Name="CurrentDirectory">/home/vincenzolog/Auto_test</Data><Data Name="User">root</Data><Data Name="LogonGuid">{8b8a9dc4-0000-0000-0000-000006000000}</Data><Data Name="LogonId">0</Data><Data Name="TerminalSessionId">3</Data><Data Name="IntegrityLevel">no level</Data><Data Name="Hashes">SHA256=86d31f6fb799e91fa21bad341484564510ca287703a16e9e46c53338776f4f42</Data><Data Name="ParentProcessGuid">{8b8a9dc4-9fa5-6960-1d23-700000000000}</Data><Data Name="ParentProcessId">41048</Data><Data Name="ParentImage">/usr/bin/python3.12</Data><Data Name="ParentCommandLine">python3</Data><Data Name="ParentUser">root</Data></EventData></Event>
Jan 09 22:08:05 vincenzolog-VMware-Virtual-Platform sysmon[8040]: <Event><System><Provider Name="Linux-Sysmon" Guid="{ff032593-a8d3-4f13-b0d6-01fc615a0f97}"/><EventID>1</EventID><Version>5</Version><Level>4</Level><Task>1</Task><Opcode>0</Opcode><Keywords>0x8000000000000000</Keywords><TimeCreated SystemTime="2026-01-09T15:08:05.904988000Z"/><EventRecordID>137284</EventRecordID><Correlation/><Execution ProcessID="8040" ThreadID="8040"/><Channel>Linux-Sysmon/Operational</Channel><Computer>vincenzolog-VMware-Virtual-Platform</Computer><Security UserId="0"/></System><EventData><Data Name="RuleName">-</Data><Data Name="UtcTime">2026-01-09 06:34:06.634</Data><Data Name="ProcessGuid">{8b8a9dc4-a15e-6960-1d68-a5fcd25c0000}</Data><Data Name="ProcessId">44814</Data><Data Name="Image">/usr/bin/dash</Data><Data Name="FileVersion">-</Data><Data Name="Description">-</Data><Data Name="Product">-</Data><Data Name="Company">-</Data><Data Name="OriginalFileName">-</Data><Data Name="CommandLine">/bin/sh /usr/bin/which sh</Data><Data Name="CurrentDirectory">/var/opt/microsoft/scx/tmp</Data><Data Name="User">root</Data><Data Name="LogonGuid">{8b8a9dc4-0000-0000-0000-000006000000}</Data><Data Name="LogonId">0</Data><Data Name="TerminalSessionId">3</Data><Data Name="IntegrityLevel">no level</Data><Data Name="Hashes">SHA256=86d31f6fb799e91fa21bad341484564510ca287703a16e9e46c53338776f4f42</Data><Data Name="ParentProcessGuid">{8b8a9dc4-a15e-6960-1d88-8aa5115b0000}</Data><Data Name="ParentProcessId">44813</Data><Data Name="ParentImage">/usr/bin/dash</Data><Data Name="ParentCommandLine">/bin/sh</Data><Data Name="ParentUser">root</Data></EventData></Event>
Jan 09 22:08:05 vincenzolog-VMware-Virtual-Platform sysmon[8040]: <Event><System><Provider Name="Linux-Sysmon" Guid="{ff032593-a8d3-4f13-b0d6-01fc615a0f97}"/><EventID>5</EventID><Version>3</Version><Level>4</Level><Task>5</Task><Opcode>0</Opcode><Keywords>0x8000000000000000</Keywords><TimeCreated SystemTime="2026-01-09T15:08:05.906133000Z"/><EventRecordID>137285</EventRecordID><Correlation/><Execution ProcessID="8040" ThreadID="8040"/><Channel>Linux-Sysmon/Operational</Channel><Computer>vincenzolog-VMware-Virtual-Platform</Computer><Security UserId="0"/></System><EventData><Data Name="RuleName">-</Data><Data Name="UtcTime">2026-01-09 06:34:06.636</Data><Data Name="ProcessGuid">{8b8a9dc4-a15e-6960-1d68-a5fcd25c0000}</Data><Data Name="ProcessId">44814</Data><Data Name="Image">/usr/bin/dash</Data><Data Name="User">root</Data></EventData></Event>
Jan 09 22:08:05 vincenzolog-VMware-Virtual-Platform sysmon[8040]: <Event><System><Provider Name="Linux-Sysmon" Guid="{ff032593-a8d3-4f13-b0d6-01fc615a0f97}"/><EventID>1</EventID><Version>5</Version><Level>4</Level><Task>1</Task><Opcode>0</Opcode><Keywords>0x8000000000000000</Keywords><TimeCreated SystemTime="2026-01-09T15:08:05.907190000Z"/><EventRecordID>137286</EventRecordID><Correlation/><Execution ProcessID="8040" ThreadID="8040"/><Channel>Linux-Sysmon/Operational</Channel><Computer>vincenzolog-VMware-Virtual-Platform</Computer><Security UserId="0"/></System><EventData><Data Name="RuleName">-</Data><Data Name="UtcTime">2026-01-09 06:34:06.636</Data><Data Name="ProcessGuid">{8b8a9dc4-a15e-6960-d16b-707972590000}</Data><Data Name="ProcessId">44815</Data><Data Name="Image">/usr/bin/sudo</Data><Data Name="FileVersion">-</Data><Data Name="Description">-</Data><Data Name="Product">-</Data><Data Name="Company">-</Data><Data Name="OriginalFileName">-</Data><Data Name="CommandLine">sudo /usr/bin/sh -c id</Data><Data Name="CurrentDirectory">/var/opt/microsoft/scx/tmp</Data><Data Name="User">root</Data><Data Name="LogonGuid">{8b8a9dc4-0000-0000-0000-000006000000}</Data><Data Name="LogonId">0</Data><Data Name="TerminalSessionId">3</Data><Data Name="IntegrityLevel">no level</Data><Data Name="Hashes">SHA256=654d953098b5dd26fcc3af44d4cf6e986f61f84ad9198d57722702c6034bd686</Data><Data Name="ParentProcessGuid">{8b8a9dc4-a15e-6960-1d88-8aa5115b0000}</Data><Data Name="ParentProcessId">44813</Data><Data Name="ParentImage">/usr/bin/dash</Data><Data Name="ParentCommandLine">/bin/sh</Data><Data Name="ParentUser">root</Data></EventData></Event>
Jan 09 22:08:05 vincenzolog-VMware-Virtual-Platform sysmon[8040]: <Event><System><Provider Name="Linux-Sysmon" Guid="{ff032593-a8d3-4f13-b0d6-01fc615a0f97}"/><EventID>1</EventID><Version>5</Version><Level>4</Level><Task>1</Task><Opcode>0</Opcode><Keywords>0x8000000000000000</Keywords><TimeCreated SystemTime="2026-01-09T15:08:05.918680000Z"/><EventRecordID>137287</EventRecordID><Correlation/><Execution ProcessID="8040" ThreadID="8040"/><Channel>Linux-Sysmon/Operational</Channel><Computer>vincenzolog-VMware-Virtual-Platform</Computer><Security UserId="0"/></System><EventData><Data Name="RuleName">-</Data><Data Name="UtcTime">2026-01-09 06:34:06.647</Data><Data Name="ProcessGuid">{8b8a9dc4-a15e-6960-1df8-6ad218590000}</Data><Data Name="ProcessId">44817</Data><Data Name="Image">/usr/bin/dash</Data><Data Name="FileVersion">-</Data><Data Name="Description">-</Data><Data Name="Product">-</Data><Data Name="Company">-</Data><Data Name="OriginalFileName">-</Data><Data Name="CommandLine">/usr/bin/sh -c id</Data><Data Name="CurrentDirectory">/var/opt/microsoft/scx/tmp</Data><Data Name="User">root</Data><Data Name="LogonGuid">{8b8a9dc4-19d5-6961-0000-000007000000}</Data><Data Name="LogonId">0</Data><Data Name="TerminalSessionId">3</Data><Data Name="IntegrityLevel">no level</Data><Data Name="Hashes">SHA256=86d31f6fb799e91fa21bad341484564510ca287703a16e9e46c53338776f4f42</Data><Data Name="ParentProcessGuid">{00000000-0000-0000-0000-000000000000}</Data><Data Name="ParentProcessId">44816</Data><Data Name="ParentImage">-</Data><Data Name="ParentCommandLine">-</Data><Data Name="ParentUser">-</Data></EventData></Event>
Jan 09 22:08:05 vincenzolog-VMware-Virtual-Platform sysmon[8040]: <Event><System><Provider Name="Linux-Sysmon" Guid="{ff032593-a8d3-4f13-b0d6-01fc615a0f97}"/><EventID>1</EventID><Version>5</Version><Level>4</Level><Task>1</Task><Opcode>0</Opcode><Keywords>0x8000000000000000</Keywords><TimeCreated SystemTime="2026-01-09T15:08:05.920862000Z"/><EventRecordID>137288</EventRecordID><Correlation/><Execution ProcessID="8040" ThreadID="8040"/><Channel>Linux-Sysmon/Operational</Channel><Computer>vincenzolog-VMware-Virtual-Platform</Computer><Security UserId="0"/></System><EventData><Data Name="RuleName">-</Data><Data Name="UtcTime">2026-01-09 06:34:06.649</Data><Data Name="ProcessGuid">{8b8a9dc4-a15e-6960-016f-2f5fce5c0000}</Data><Data Name="ProcessId">44818</Data><Data Name="Image">/usr/bin/id</Data><Data Name="FileVersion">-</Data><Data Name="Description">-</Data><Data Name="Product">-</Data><Data Name="Company">-</Data><Data Name="OriginalFileName">-</Data><Data Name="CommandLine">id</Data><Data Name="CurrentDirectory">/var/opt/microsoft/scx/tmp</Data><Data Name="User">root</Data><Data Name="LogonGuid">{8b8a9dc4-19d5-6961-0000-000007000000}</Data><Data Name="LogonId">0</Data><Data Name="TerminalSessionId">3</Data><Data Name="IntegrityLevel">no level</Data><Data Name="Hashes">SHA256=5a5817d18b918a366ef4c07e2806e0aeb3d9b144ff90c036f0a4a94f347a96fc</Data><Data Name="ParentProcessGuid">{8b8a9dc4-a15e-6960-1df8-6ad218590000}</Data><Data Name="ParentProcessId">44817</Data><Data Name="ParentImage">/usr/bin/dash</Data><Data Name="ParentCommandLine">/usr/bin/sh</Data><Data Name="ParentUser">root</Data></EventData></Event>
Jan 09 22:08:05 vincenzolog-VMware-Virtual-Platform sysmon[8040]: <Event><System><Provider Name="Linux-Sysmon" Guid="{ff032593-a8d3-4f13-b0d6-01fc615a0f97}"/><EventID>5</EventID><Version>3</Version><Level>4</Level><Task>5</Task><Opcode>0</Opcode><Keywords>0x8000000000000000</Keywords><TimeCreated SystemTime="2026-01-09T15:08:05.922719000Z"/><EventRecordID>137289</EventRecordID><Correlation/><Execution ProcessID="8040" ThreadID="8040"/><Channel>Linux-Sysmon/Operational</Channel><Computer>vincenzolog-VMware-Virtual-Platform</Computer><Security UserId="0"/></System><EventData><Data Name="RuleName">-</Data><Data Name="UtcTime">2026-01-09 06:34:06.652</Data><Data Name="ProcessGuid">{8b8a9dc4-a15e-6960-016f-2f5fce5c0000}</Data><Data Name="ProcessId">44818</Data><Data Name="Image">/usr/bin/id</Data><Data Name="User">root</Data></EventData></Event>
Jan 09 22:08:05 vincenzolog-VMware-Virtual-Platform sysmon[8040]: <Event><System><Provider Name="Linux-Sysmon" Guid="{ff032593-a8d3-4f13-b0d6-01fc615a0f97}"/><EventID>5</EventID><Version>3</Version><Level>4</Level><Task>5</Task><Opcode>0</Opcode><Keywords>0x8000000000000000</Keywords><TimeCreated SystemTime="2026-01-09T15:08:05.923057000Z"/><EventRecordID>137290</EventRecordID><Correlation/><Execution ProcessID="8040" ThreadID="8040"/><Channel>Linux-Sysmon/Operational</Channel><Computer>vincenzolog-VMware-Virtual-Platform</Computer><Security UserId="0"/></System><EventData><Data Name="RuleName">-</Data><Data Name="UtcTime">2026-01-09 06:34:06.652</Data><Data Name="ProcessGuid">{8b8a9dc4-a15e-6960-1df8-6ad218590000}</Data><Data Name="ProcessId">44817</Data><Data Name="Image">/usr/bin/dash</Data><Data Name="User">root</Data></EventData></Event>
Jan 09 22:08:05 vincenzolog-VMware-Virtual-Platform sysmon[8040]: <Event><System><Provider Name="Linux-Sysmon" Guid="{ff032593-a8d3-4f13-b0d6-01fc615a0f97}"/><EventID>5</EventID><Version>3</Version><Level>4</Level><Task>5</Task><Opcode>0</Opcode><Keywords>0x8000000000000000</Keywords><TimeCreated SystemTime="2026-01-09T15:08:05.923811000Z"/><EventRecordID>137291</EventRecordID><Correlation/><Execution ProcessID="8040" ThreadID="8040"/><Channel>Linux-Sysmon/Operational</Channel><Computer>vincenzolog-VMware-Virtual-Platform</Computer><Security UserId="0"/></System><EventData><Data Name="RuleName">-</Data><Data Name="UtcTime">2026-01-09 06:34:06.653</Data><Data Name="ProcessGuid">{8b8a9dc4-a15e-6960-0000-000000000000}</Data><Data Name="ProcessId">44816</Data><Data Name="Image">-</Data><Data Name="User">root</Data></EventData></Event>
Jan 09 22:08:05 vincenzolog-VMware-Virtual-Platform sysmon[8040]: <Event><System><Provider Name="Linux-Sysmon" Guid="{ff032593-a8d3-4f13-b0d6-01fc615a0f97}"/><EventID>5</EventID><Version>3</Version><Level>4</Level><Task>5</Task><Opcode>0</Opcode><Keywords>0x8000000000000000</Keywords><TimeCreated SystemTime="2026-01-09T15:08:05.925128000Z"/><EventRecordID>137292</EventRecordID><Correlation/><Execution ProcessID="8040" ThreadID="8040"/><Channel>Linux-Sysmon/Operational</Channel><Computer>vincenzolog-VMware-Virtual-Platform</Computer><Security UserId="0"/></System><EventData><Data Name="RuleName">-</Data><Data Name="UtcTime">2026-01-09 06:34:06.654</Data><Data Name="ProcessGuid">{8b8a9dc4-a15e-6960-d16b-707972590000}</Data><Data Name="ProcessId">44815</Data><Data Name="Image">/usr/bin/sudo</Data><Data Name="User">root</Data></EventData></Event>
Jan 09 22:08:05 vincenzolog-VMware-Virtual-Platform sysmon[8040]: <Event><System><Provider Name="Linux-Sysmon" Guid="{ff032593-a8d3-4f13-b0d6-01fc615a0f97}"/><EventID>5</EventID><Version>3</Version><Level>4</Level><Task>5</Task><Opcode>0</Opcode><Keywords>0x8000000000000000</Keywords><TimeCreated SystemTime="2026-01-09T15:08:05.926129000Z"/><EventRecordID>137293</EventRecordID><Correlation/><Execution ProcessID="8040" ThreadID="8040"/><Channel>Linux-Sysmon/Operational</Channel><Computer>vincenzolog-VMware-Virtual-Platform</Computer><Security UserId="0"/></System><EventData><Data Name="RuleName">-</Data><Data Name="UtcTime">2026-01-09 06:34:06.655</Data><Data Name="ProcessGuid">{8b8a9dc4-a15e-6960-1d88-8aa5115b0000}</Data><Data Name="ProcessId">44813</Data><Data Name="Image">/usr/bin/dash</Data><Data Name="User">root</Data></EventData></Event>
Jan 09 22:08:07 vincenzolog-VMware-Virtual-Platform sysmon[8040]: <Event><System><Provider Name="Linux-Sysmon" Guid="{ff032593-a8d3-4f13-b0d6-01fc615a0f97}"/><EventID>1</EventID><Version>5</Version><Level>4</Level><Task>1</Task><Opcode>0</Opcode><Keywords>0x8000000000000000</Keywords><TimeCreated SystemTime="2026-01-09T15:08:07.110685000Z"/><EventRecordID>137294</EventRecordID><Correlation/><Execution ProcessID="8040" ThreadID="8040"/><Channel>Linux-Sysmon/Operational</Channel><Computer>vincenzolog-VMware-Virtual-Platform</Computer><Security UserId="0"/></System><EventData><Data Name="RuleName">-</Data><Data Name="UtcTime">2026-01-09 06:34:07.837</Data><Data Name="ProcessGuid">{8b8a9dc4-a15f-6960-1db8-bba1305d0000}</Data><Data Name="ProcessId">44819</Data><Data Name="Image">/usr/bin/dash</Data><Data Name="FileVersion">-</Data><Data Name="Description">-</Data><Data Name="Product">-</Data><Data Name="Company">-</Data><Data Name="OriginalFileName">-</Data><Data Name="CommandLine">/bin/sh -c which ps</Data><Data Name="CurrentDirectory">/home/vincenzolog</Data><Data Name="User">vincenzolog</Data><Data Name="LogonGuid">{8b8a9dc4-0000-0000-e803-000000000000}</Data><Data Name="LogonId">1000</Data><Data Name="TerminalSessionId">3</Data><Data Name="IntegrityLevel">no level</Data><Data Name="Hashes">SHA256=86d31f6fb799e91fa21bad341484564510ca287703a16e9e46c53338776f4f42</Data><Data Name="ParentProcessGuid">{00000000-0000-0000-0000-000000000000}</Data><Data Name="ParentProcessId">4183</Data><Data Name="ParentImage">-</Data><Data Name="ParentCommandLine">-</Data><Data Name="ParentUser">-</Data></EventData></Event>
Jan 09 22:08:07 vincenzolog-VMware-Virtual-Platform sysmon[8040]: <Event><System><Provider Name="Linux-Sysmon" Guid="{ff032593-a8d3-4f13-b0d6-01fc615a0f97}"/><EventID>1</EventID><Version>5</Version><Level>4</Level><Task>1</Task><Opcode>0</Opcode><Keywords>0x8000000000000000</Keywords><TimeCreated SystemTime="2026-01-09T15:08:07.112265000Z"/><EventRecordID>137295</EventRecordID><Correlation/><Execution ProcessID="8040" ThreadID="8040"/><Channel>Linux-Sysmon/Operational</Channel><Computer>vincenzolog-VMware-Virtual-Platform</Computer><Security UserId="0"/></System><EventData><Data Name="RuleName">-</Data><Data Name="UtcTime">2026-01-09 06:34:07.841</Data><Data Name="ProcessGuid">{8b8a9dc4-a15f-6960-1d08-10f80e560000}</Data><Data Name="ProcessId">44820</Data><Data Name="Image">/usr/bin/dash</Data><Data Name="FileVersion">-</Data><Data Name="Description">-</Data><Data Name="Product">-</Data><Data Name="Company">-</Data><Data Name="OriginalFileName">-</Data><Data Name="CommandLine">/bin/sh /usr/bin/which ps</Data><Data Name="CurrentDirectory">/home/vincenzolog</Data><Data Name="User">vincenzolog</Data><Data Name="LogonGuid">{8b8a9dc4-0000-0000-e803-000000000000}</Data><Data Name="LogonId">1000</Data><Data Name="TerminalSessionId">3</Data><Data Name="IntegrityLevel">no level</Data><Data Name="Hashes">SHA256=86d31f6fb799e91fa21bad341484564510ca287703a16e9e46c53338776f4f42</Data><Data Name="ParentProcessGuid">{8b8a9dc4-a15f-6960-1db8-bba1305d0000}</Data><Data Name="ParentProcessId">44819</Data><Data Name="ParentImage">/usr/bin/dash</Data><Data Name="ParentCommandLine">/bin/sh</Data><Data Name="ParentUser">vincenzolog</Data></EventData></Event>
Jan 09 22:08:07 vincenzolog-VMware-Virtual-Platform sysmon[8040]: <Event><System><Provider Name="Linux-Sysmon" Guid="{ff032593-a8d3-4f13-b0d6-01fc615a0f97}"/><EventID>5</EventID><Version>3</Version><Level>4</Level><Task>5</Task><Opcode>0</Opcode><Keywords>0x8000000000000000</Keywords><TimeCreated SystemTime="2026-01-09T15:08:07.113494000Z"/><EventRecordID>137296</EventRecordID><Correlation/><Execution ProcessID="8040" ThreadID="8040"/><Channel>Linux-Sysmon/Operational</Channel><Computer>vincenzolog-VMware-Virtual-Platform</Computer><Security UserId="0"/></System><EventData><Data Name="RuleName">-</Data><Data Name="UtcTime">2026-01-09 06:34:07.843</Data><Data Name="ProcessGuid">{8b8a9dc4-a15f-6960-1d08-10f80e560000}</Data><Data Name="ProcessId">44820</Data><Data Name="Image">/usr/bin/dash</Data><Data Name="User">vincenzolog</Data></EventData></Event>
Jan 09 22:08:07 vincenzolog-VMware-Virtual-Platform sysmon[8040]: <Event><System><Provider Name="Linux-Sysmon" Guid="{ff032593-a8d3-4f13-b0d6-01fc615a0f97}"/><EventID>5</EventID><Version>3</Version><Level>4</Level><Task>5</Task><Opcode>0</Opcode><Keywords>0x8000000000000000</Keywords><TimeCreated SystemTime="2026-01-09T15:08:07.114163000Z"/><EventRecordID>137297</EventRecordID><Correlation/><Execution ProcessID="8040" ThreadID="8040"/><Channel>Linux-Sysmon/Operational</Channel><Computer>vincenzolog-VMware-Virtual-Platform</Computer><Security UserId="0"/></System><EventData><Data Name="RuleName">-</Data><Data Name="UtcTime">2026-01-09 06:34:07.843</Data><Data Name="ProcessGuid">{8b8a9dc4-a15f-6960-1db8-bba1305d0000}</Data><Data Name="ProcessId">44819</Data><Data Name="Image">/usr/bin/dash</Data><Data Name="User">vincenzolog</Data></EventData></Event>
Jan 09 22:08:07 vincenzolog-VMware-Virtual-Platform sysmon[8040]: <Event><System><Provider Name="Linux-Sysmon" Guid="{ff032593-a8d3-4f13-b0d6-01fc615a0f97}"/><EventID>1</EventID><Version>5</Version><Level>4</Level><Task>1</Task><Opcode>0</Opcode><Keywords>0x8000000000000000</Keywords><TimeCreated SystemTime="2026-01-09T15:08:07.119148000Z"/><EventRecordID>137298</EventRecordID><Correlation/><Execution ProcessID="8040" ThreadID="8040"/><Channel>Linux-Sysmon/Operational</Channel><Computer>vincenzolog-VMware-Virtual-Platform</Computer><Security UserId="0"/></System><EventData><Data Name="RuleName">-</Data><Data Name="UtcTime">2026-01-09 06:34:07.846</Data><Data Name="ProcessGuid">{8b8a9dc4-a15f-6960-1d38-8f62a6600000}</Data><Data Name="ProcessId">44821</Data><Data Name="Image">/usr/bin/dash</Data><Data Name="FileVersion">-</Data><Data Name="Description">-</Data><Data Name="Product">-</Data><Data Name="Company">-</Data><Data Name="OriginalFileName">-</Data><Data Name="CommandLine">/bin/sh -c /usr/bin/ps -ax -o pid=,ppid=,pcpu=,pmem=,command=</Data><Data Name="CurrentDirectory">/home/vincenzolog</Data><Data Name="User">vincenzolog</Data><Data Name="LogonGuid">{8b8a9dc4-0000-0000-e803-000000000000}</Data><Data Name="LogonId">1000</Data><Data Name="TerminalSessionId">3</Data><Data Name="IntegrityLevel">no level</Data><Data Name="Hashes">SHA256=86d31f6fb799e91fa21bad341484564510ca287703a16e9e46c53338776f4f42</Data><Data Name="ParentProcessGuid">{00000000-0000-0000-0000-000000000000}</Data><Data Name="ParentProcessId">4183</Data><Data Name="ParentImage">-</Data><Data Name="ParentCommandLine">-</Data><Data Name="ParentUser">-</Data></EventData></Event>
Jan 09 22:08:07 vincenzolog-VMware-Virtual-Platform sysmon[8040]: <Event><System><Provider Name="Linux-Sysmon" Guid="{ff032593-a8d3-4f13-b0d6-01fc615a0f97}"/><EventID>1</EventID><Version>5</Version><Level>4</Level><Task>1</Task><Opcode>0</Opcode><Keywords>0x8000000000000000</Keywords><TimeCreated SystemTime="2026-01-09T15:08:07.121673000Z"/><EventRecordID>137299</EventRecordID><Correlation/><Execution ProcessID="8040" ThreadID="8040"/><Channel>Linux-Sysmon/Operational</Channel><Computer>vincenzolog-VMware-Virtual-Platform</Computer><Security UserId="0"/></System><EventData><Data Name="RuleName">-</Data><Data Name="UtcTime">2026-01-09 06:34:07.850</Data><Data Name="ProcessGuid">{8b8a9dc4-a15f-6960-01fe-3c60d1630000}</Data><Data Name="ProcessId">44822</Data><Data Name="Image">/usr/bin/ps</Data><Data Name="FileVersion">-</Data><Data Name="Description">-</Data><Data Name="Product">-</Data><Data Name="Company">-</Data><Data Name="OriginalFileName">-</Data><Data Name="CommandLine">/usr/bin/ps -ax -o pid=,ppid=,pcpu=,pmem=,command=</Data><Data Name="CurrentDirectory">/home/vincenzolog</Data><Data Name="User">vincenzolog</Data><Data Name="LogonGuid">{8b8a9dc4-0000-0000-e803-000000000000}</Data><Data Name="LogonId">1000</Data><Data Name="TerminalSessionId">3</Data><Data Name="IntegrityLevel">no level</Data><Data Name="Hashes">SHA256=8e86f498aa4aabfcea6c179d6181557140b4597f1c39bb94e2aba32158b58297</Data><Data Name="ParentProcessGuid">{8b8a9dc4-a15f-6960-1d38-8f62a6600000}</Data><Data Name="ParentProcessId">44821</Data><Data Name="ParentImage">/usr/bin/dash</Data><Data Name="ParentCommandLine">/bin/sh</Data><Data Name="ParentUser">vincenzolog</Data></EventData></Event>
Jan 09 22:08:07 vincenzolog-VMware-Virtual-Platform sysmon[8040]: <Event><System><Provider Name="Linux-Sysmon" Guid="{ff032593-a8d3-4f13-b0d6-01fc615a0f97}"/><EventID>5</EventID><Version>3</Version><Level>4</Level><Task>5</Task><Opcode>0</Opcode><Keywords>0x8000000000000000</Keywords><TimeCreated SystemTime="2026-01-09T15:08:07.150686000Z"/><EventRecordID>137300</EventRecordID><Correlation/><Execution ProcessID="8040" ThreadID="8040"/><Channel>Linux-Sysmon/Operational</Channel><Computer>vincenzolog-VMware-Virtual-Platform</Computer><Security UserId="0"/></System><EventData><Data Name="RuleName">-</Data><Data Name="UtcTime">2026-01-09 06:34:07.880</Data><Data Name="ProcessGuid">{8b8a9dc4-a15f-6960-01fe-3c60d1630000}</Data><Data Name="ProcessId">44822</Data><Data Name="Image">/usr/bin/ps</Data><Data Name="User">vincenzolog</Data></EventData></Event>
Jan 09 22:08:07 vincenzolog-VMware-Virtual-Platform sysmon[8040]: <Event><System><Provider Name="Linux-Sysmon" Guid="{ff032593-a8d3-4f13-b0d6-01fc615a0f97}"/><EventID>5</EventID><Version>3</Version><Level>4</Level><Task>5</Task><Opcode>0</Opcode><Keywords>0x8000000000000000</Keywords><TimeCreated SystemTime="2026-01-09T15:08:07.151054000Z"/><EventRecordID>137301</EventRecordID><Correlation/><Execution ProcessID="8040" ThreadID="8040"/><Channel>Linux-Sysmon/Operational</Channel><Computer>vincenzolog-VMware-Virtual-Platform</Computer><Security UserId="0"/></System><EventData><Data Name="RuleName">-</Data><Data Name="UtcTime">2026-01-09 06:34:07.880</Data><Data Name="ProcessGuid">{8b8a9dc4-a15f-6960-1d38-8f62a6600000}</Data><Data Name="ProcessId">44821</Data><Data Name="Image">/usr/bin/dash</Data><Data Name="User">vincenzolog</Data></EventData></Event>
Jan 09 22:08:07 vincenzolog-VMware-Virtual-Platform sysmon[8040]: <Event><System><Provider Name="Linux-Sysmon" Guid="{ff032593-a8d3-4f13-b0d6-01fc615a0f97}"/><EventID>1</EventID><Version>5</Version><Level>4</Level><Task>1</Task><Opcode>0</Opcode><Keywords>0x8000000000000000</Keywords><TimeCreated SystemTime="2026-01-09T15:08:07.157256000Z"/><EventRecordID>137302</EventRecordID><Correlation/><Execution ProcessID="8040" ThreadID="8040"/><Channel>Linux-Sysmon/Operational</Channel><Computer>vincenzolog-VMware-Virtual-Platform</Computer><Security UserId="0"/></System><EventData><Data Name="RuleName">-</Data><Data Name="UtcTime">2026-01-09 06:34:07.884</Data><Data Name="ProcessGuid">{8b8a9dc4-a15f-6960-1de8-375aa25c0000}</Data><Data Name="ProcessId">44823</Data><Data Name="Image">/usr/bin/dash</Data><Data Name="FileVersion">-</Data><Data Name="Description">-</Data><Data Name="Product">-</Data><Data Name="Company">-</Data><Data Name="OriginalFileName">-</Data><Data Name="CommandLine">/bin/sh -c &quot;/usr/share/code/resources/app/out/vs/base/node/cpuUsage.sh&quot; 4294 41031 41047 41048</Data><Data Name="CurrentDirectory">/home/vincenzolog</Data><Data Name="User">vincenzolog</Data><Data Name="LogonGuid">{8b8a9dc4-0000-0000-e803-000000000000}</Data><Data Name="LogonId">1000</Data><Data Name="TerminalSessionId">3</Data><Data Name="IntegrityLevel">no level</Data><Data Name="Hashes">SHA256=86d31f6fb799e91fa21bad341484564510ca287703a16e9e46c53338776f4f42</Data><Data Name="ParentProcessGuid">{00000000-0000-0000-0000-000000000000}</Data><Data Name="ParentProcessId">4183</Data><Data Name="ParentImage">-</Data><Data Name="ParentCommandLine">-</Data><Data Name="ParentUser">-</Data></EventData></Event>
Jan 09 22:08:07 vincenzolog-VMware-Virtual-Platform sysmon[8040]: <Event><System><Provider Name="Linux-Sysmon" Guid="{ff032593-a8d3-4f13-b0d6-01fc615a0f97}"/><EventID>1</EventID><Version>5</Version><Level>4</Level><Task>1</Task><Opcode>0</Opcode><Keywords>0x8000000000000000</Keywords><TimeCreated SystemTime="2026-01-09T15:08:07.161217000Z"/><EventRecordID>137303</EventRecordID><Correlation/><Execution ProcessID="8040" ThreadID="8040"/><Channel>Linux-Sysmon/Operational</Channel><Computer>vincenzolog-VMware-Virtual-Platform</Computer><Security UserId="0"/></System><EventData><Data Name="RuleName">-</Data><Data Name="UtcTime">2026-01-09 06:34:07.888</Data><Data Name="ProcessGuid">{8b8a9dc4-a15f-6960-2de3-4b0228570000}</Data><Data Name="ProcessId">44824</Data><Data Name="Image">/usr/bin/bash</Data><Data Name="FileVersion">-</Data><Data Name="Description">-</Data><Data Name="Product">-</Data><Data Name="Company">-</Data><Data Name="OriginalFileName">-</Data><Data Name="CommandLine">/bin/bash /usr/share/code/resources/app/out/vs/base/node/cpuUsage.sh 4294 41031 41047 41048</Data><Data Name="CurrentDirectory">/home/vincenzolog</Data><Data Name="User">vincenzolog</Data><Data Name="LogonGuid">{8b8a9dc4-0000-0000-e803-000000000000}</Data><Data Name="LogonId">1000</Data><Data Name="TerminalSessionId">3</Data><Data Name="IntegrityLevel">no level</Data><Data Name="Hashes">SHA256=bc5945feb8bd26203ebfafea5ce1878bb2e32cb8fb50ab7ae395cfb1e1aaaef1</Data><Data Name="ParentProcessGuid">{8b8a9dc4-a15f-6960-1de8-375aa25c0000}</Data><Data Name="ParentProcessId">44823</Data><Data Name="ParentImage">/usr/bin/dash</Data><Data Name="ParentCommandLine">/bin/sh</Data><Data Name="ParentUser">vincenzolog</Data></EventData></Event>
Jan 09 22:08:07 vincenzolog-VMware-Virtual-Platform sysmon[8040]: <Event><System><Provider Name="Linux-Sysmon" Guid="{ff032593-a8d3-4f13-b0d6-01fc615a0f97}"/><EventID>1</EventID><Version>5</Version><Level>4</Level><Task>1</Task><Opcode>0</Opcode><Keywords>0x8000000000000000</Keywords><TimeCreated SystemTime="2026-01-09T15:08:07.164317000Z"/><EventRecordID>137304</EventRecordID><Correlation/><Execution ProcessID="8040" ThreadID="8040"/><Channel>Linux-Sysmon/Operational</Channel><Computer>vincenzolog-VMware-Virtual-Platform</Computer><Security UserId="0"/></System><EventData><Data Name="RuleName">-</Data><Data Name="UtcTime">2026-01-09 06:34:07.893</Data><Data Name="ProcessGuid">{8b8a9dc4-a15f-6960-812e-4ebe25650000}</Data><Data Name="ProcessId">44825</Data><Data Name="Image">/usr/bin/sed</Data><Data Name="FileVersion">-</Data><Data Name="Description">-</Data><Data Name="Product">-</Data><Data Name="Company">-</Data><Data Name="OriginalFileName">-</Data><Data Name="CommandLine">sed -n s/^cpu\s//p /proc/stat</Data><Data Name="CurrentDirectory">/home/vincenzolog</Data><Data Name="User">vincenzolog</Data><Data Name="LogonGuid">{8b8a9dc4-0000-0000-e803-000000000000}</Data><Data Name="LogonId">1000</Data><Data Name="TerminalSessionId">3</Data><Data Name="IntegrityLevel">no level</Data><Data Name="Hashes">SHA256=db67d4895f868617bfd19786247ebda7c2f50f4cb3857a987f732a2c267a799e</Data><Data Name="ParentProcessGuid">{8b8a9dc4-a15f-6960-2de3-4b0228570000}</Data><Data Name="ParentProcessId">44824</Data><Data Name="ParentImage">/usr/bin/bash</Data><Data Name="ParentCommandLine">/bin/bash</Data><Data Name="ParentUser">vincenzolog</Data></EventData></Event>
Jan 09 22:08:07 vincenzolog-VMware-Virtual-Platform sysmon[8040]: <Event><System><Provider Name="Linux-Sysmon" Guid="{ff032593-a8d3-4f13-b0d6-01fc615a0f97}"/><EventID>5</EventID><Version>3</Version><Level>4</Level><Task>5</Task><Opcode>0</Opcode><Keywords>0x8000000000000000</Keywords><TimeCreated SystemTime="2026-01-09T15:08:07.166254000Z"/><EventRecordID>137305</EventRecordID><Correlation/><Execution ProcessID="8040" ThreadID="8040"/><Channel>Linux-Sysmon/Operational</Channel><Computer>vincenzolog-VMware-Virtual-Platform</Computer><Security UserId="0"/></System><EventData><Data Name="RuleName">-</Data><Data Name="UtcTime">2026-01-09 06:34:07.896</Data><Data Name="ProcessGuid">{8b8a9dc4-a15f-6960-812e-4ebe25650000}</Data><Data Name="ProcessId">44825</Data><Data Name="Image">/usr/bin/sed</Data><Data Name="User">vincenzolog</Data></EventData></Event>
Jan 09 22:08:07 vincenzolog-VMware-Virtual-Platform sysmon[8040]: <Event><System><Provider Name="Linux-Sysmon" Guid="{ff032593-a8d3-4f13-b0d6-01fc615a0f97}"/><EventID>1</EventID><Version>5</Version><Level>4</Level><Task>1</Task><Opcode>0</Opcode><Keywords>0x8000000000000000</Keywords><TimeCreated SystemTime="2026-01-09T15:08:07.167671000Z"/><EventRecordID>137306</EventRecordID><Correlation/><Execution ProcessID="8040" ThreadID="8040"/><Channel>Linux-Sysmon/Operational</Channel><Computer>vincenzolog-VMware-Virtual-Platform</Computer><Security UserId="0"/></System><EventData><Data Name="RuleName">-</Data><Data Name="UtcTime">2026-01-09 06:34:07.896</Data><Data Name="ProcessGuid">{8b8a9dc4-a15f-6960-b1d4-dbcb51590000}</Data><Data Name="ProcessId">44826</Data><Data Name="Image">/usr/bin/cat</Data><Data Name="FileVersion">-</Data><Data Name="Description">-</Data><Data Name="Product">-</Data><Data Name="Company">-</Data><Data Name="OriginalFileName">-</Data><Data Name="CommandLine">cat /proc/4294/stat</Data><Data Name="CurrentDirectory">/home/vincenzolog</Data><Data Name="User">vincenzolog</Data><Data Name="LogonGuid">{8b8a9dc4-0000-0000-e803-000000000000}</Data><Data Name="LogonId">1000</Data><Data Name="TerminalSessionId">3</Data><Data Name="IntegrityLevel">no level</Data><Data Name="Hashes">SHA256=dda0961715677dff3cd560e1933379c0eca73c0b6e19fef2737492ebc1de1700</Data><Data Name="ParentProcessGuid">{8b8a9dc4-a15f-6960-2de3-4b0228570000}</Data><Data Name="ParentProcessId">44824</Data><Data Name="ParentImage">/usr/bin/bash</Data><Data Name="ParentCommandLine">/bin/bash</Data><Data Name="ParentUser">vincenzolog</Data></EventData></Event>
Jan 09 22:08:07 vincenzolog-VMware-Virtual-Platform sysmon[8040]: <Event><System><Provider Name="Linux-Sysmon" Guid="{ff032593-a8d3-4f13-b0d6-01fc615a0f97}"/><EventID>5</EventID><Version>3</Version><Level>4</Level><Task>5</Task><Opcode>0</Opcode><Keywords>0x8000000000000000</Keywords><TimeCreated SystemTime="2026-01-09T15:08:07.168812000Z"/><EventRecordID>137307</EventRecordID><Correlation/><Execution ProcessID="8040" ThreadID="8040"/><Channel>Linux-Sysmon/Operational</Channel><Computer>vincenzolog-VMware-Virtual-Platform</Computer><Security UserId="0"/></System><EventData><Data Name="RuleName">-</Data><Data Name="UtcTime">2026-01-09 06:34:07.898</Data><Data Name="ProcessGuid">{8b8a9dc4-a15f-6960-b1d4-dbcb51590000}</Data><Data Name="ProcessId">44826</Data><Data Name="Image">/usr/bin/cat</Data><Data Name="User">vincenzolog</Data></EventData></Event>
Jan 09 22:08:07 vincenzolog-VMware-Virtual-Platform sysmon[8040]: <Event><System><Provider Name="Linux-Sysmon" Guid="{ff032593-a8d3-4f13-b0d6-01fc615a0f97}"/><EventID>1</EventID><Version>5</Version><Level>4</Level><Task>1</Task><Opcode>0</Opcode><Keywords>0x8000000000000000</Keywords><TimeCreated SystemTime="2026-01-09T15:08:07.170515000Z"/><EventRecordID>137308</EventRecordID><Correlation/><Execution ProcessID="8040" ThreadID="8040"/><Channel>Linux-Sysmon/Operational</Channel><Computer>vincenzolog-VMware-Virtual-Platform</Computer><Security UserId="0"/></System><EventData><Data Name="RuleName">-</Data><Data Name="UtcTime">2026-01-09 06:34:07.899</Data><Data Name="ProcessGuid">{8b8a9dc4-a15f-6960-b104-c9300f5d0000}</Data><Data Name="ProcessId">44827</Data><Data Name="Image">/usr/bin/cat</Data><Data Name="FileVersion">-</Data><Data Name="Description">-</Data><Data Name="Product">-</Data><Data Name="Company">-</Data><Data Name="OriginalFileName">-</Data><Data Name="CommandLine">cat /proc/41031/stat</Data><Data Name="CurrentDirectory">/home/vincenzolog</Data><Data Name="User">vincenzolog</Data><Data Name="LogonGuid">{8b8a9dc4-0000-0000-e803-000000000000}</Data><Data Name="LogonId">1000</Data><Data Name="TerminalSessionId">3</Data><Data Name="IntegrityLevel">no level</Data><Data Name="Hashes">SHA256=dda0961715677dff3cd560e1933379c0eca73c0b6e19fef2737492ebc1de1700</Data><Data Name="ParentProcessGuid">{8b8a9dc4-a15f-6960-2de3-4b0228570000}</Data><Data Name="ParentProcessId">44824</Data><Data Name="ParentImage">/usr/bin/bash</Data><Data Name="ParentCommandLine">/bin/bash</Data><Data Name="ParentUser">vincenzolog</Data></EventData></Event>
Jan 09 22:08:07 vincenzolog-VMware-Virtual-Platform sysmon[8040]: <Event><System><Provider Name="Linux-Sysmon" Guid="{ff032593-a8d3-4f13-b0d6-01fc615a0f97}"/><EventID>5</EventID><Version>3</Version><Level>4</Level><Task>5</Task><Opcode>0</Opcode><Keywords>0x8000000000000000</Keywords><TimeCreated SystemTime="2026-01-09T15:08:07.171906000Z"/><EventRecordID>137309</EventRecordID><Correlation/><Execution ProcessID="8040" ThreadID="8040"/><Channel>Linux-Sysmon/Operational</Channel><Computer>vincenzolog-VMware-Virtual-Platform</Computer><Security UserId="0"/></System><EventData><Data Name="RuleName">-</Data><Data Name="UtcTime">2026-01-09 06:34:07.901</Data><Data Name="ProcessGuid">{8b8a9dc4-a15f-6960-b104-c9300f5d0000}</Data><Data Name="ProcessId">44827</Data><Data Name="Image">/usr/bin/cat</Data><Data Name="User">vincenzolog</Data></EventData></Event>
Jan 09 22:08:07 vincenzolog-VMware-Virtual-Platform sysmon[8040]: <Event><System><Provider Name="Linux-Sysmon" Guid="{ff032593-a8d3-4f13-b0d6-01fc615a0f97}"/><EventID>1</EventID><Version>5</Version><Level>4</Level><Task>1</Task><Opcode>0</Opcode><Keywords>0x8000000000000000</Keywords><TimeCreated SystemTime="2026-01-09T15:08:07.173159000Z"/><EventRecordID>137310</EventRecordID><Correlation/><Execution ProcessID="8040" ThreadID="8040"/><Channel>Linux-Sysmon/Operational</Channel><Computer>vincenzolog-VMware-Virtual-Platform</Computer><Security UserId="0"/></System><EventData><Data Name="RuleName">-</Data><Data Name="UtcTime">2026-01-09 06:34:07.902</Data><Data Name="ProcessGuid">{8b8a9dc4-a15f-6960-b154-521d9d5a0000}</Data><Data Name="ProcessId">44828</Data><Data Name="Image">/usr/bin/cat</Data><Data Name="FileVersion">-</Data><Data Name="Description">-</Data><Data Name="Product">-</Data><Data Name="Company">-</Data><Data Name="OriginalFileName">-</Data><Data Name="CommandLine">cat /proc/41047/stat</Data><Data Name="CurrentDirectory">/home/vincenzolog</Data><Data Name="User">vincenzolog</Data><Data Name="LogonGuid">{8b8a9dc4-0000-0000-e803-000000000000}</Data><Data Name="LogonId">1000</Data><Data Name="TerminalSessionId">3</Data><Data Name="IntegrityLevel">no level</Data><Data Name="Hashes">SHA256=dda0961715677dff3cd560e1933379c0eca73c0b6e19fef2737492ebc1de1700</Data><Data Name="ParentProcessGuid">{8b8a9dc4-a15f-6960-2de3-4b0228570000}</Data><Data Name="ParentProcessId">44824</Data><Data Name="ParentImage">/usr/bin/bash</Data><Data Name="ParentCommandLine">/bin/bash</Data><Data Name="ParentUser">vincenzolog</Data></EventData></Event>
Jan 09 22:08:07 vincenzolog-VMware-Virtual-Platform sysmon[8040]: <Event><System><Provider Name="Linux-Sysmon" Guid="{ff032593-a8d3-4f13-b0d6-01fc615a0f97}"/><EventID>5</EventID><Version>3</Version><Level>4</Level><Task>5</Task><Opcode>0</Opcode><Keywords>0x8000000000000000</Keywords><TimeCreated SystemTime="2026-01-09T15:08:07.174441000Z"/><EventRecordID>137311</EventRecordID><Correlation/><Execution ProcessID="8040" ThreadID="8040"/><Channel>Linux-Sysmon/Operational</Channel><Computer>vincenzolog-VMware-Virtual-Platform</Computer><Security UserId="0"/></System><EventData><Data Name="RuleName">-</Data><Data Name="UtcTime">2026-01-09 06:34:07.904</Data><Data Name="ProcessGuid">{8b8a9dc4-a15f-6960-b154-521d9d5a0000}</Data><Data Name="ProcessId">44828</Data><Data Name="Image">/usr/bin/cat</Data><Data Name="User">vincenzolog</Data></EventData></Event>
Jan 09 22:08:07 vincenzolog-VMware-Virtual-Platform sysmon[8040]: <Event><System><Provider Name="Linux-Sysmon" Guid="{ff032593-a8d3-4f13-b0d6-01fc615a0f97}"/><EventID>1</EventID><Version>5</Version><Level>4</Level><Task>1</Task><Opcode>0</Opcode><Keywords>0x8000000000000000</Keywords><TimeCreated SystemTime="2026-01-09T15:08:07.176343000Z"/><EventRecordID>137312</EventRecordID><Correlation/><Execution ProcessID="8040" ThreadID="8040"/><Channel>Linux-Sysmon/Operational</Channel><Computer>vincenzolog-VMware-Virtual-Platform</Computer><Security UserId="0"/></System><EventData><Data Name="RuleName">-</Data><Data Name="UtcTime">2026-01-09 06:34:07.904</Data><Data Name="ProcessGuid">{8b8a9dc4-a15f-6960-b114-6238405e0000}</Data><Data Name="ProcessId">44829</Data><Data Name="Image">/usr/bin/cat</Data><Data Name="FileVersion">-</Data><Data Name="Description">-</Data><Data Name="Product">-</Data><Data Name="Company">-</Data><Data Name="OriginalFileName">-</Data><Data Name="CommandLine">cat /proc/41048/stat</Data><Data Name="CurrentDirectory">/home/vincenzolog</Data><Data Name="User">vincenzolog</Data><Data Name="LogonGuid">{8b8a9dc4-0000-0000-e803-000000000000}</Data><Data Name="LogonId">1000</Data><Data Name="TerminalSessionId">3</Data><Data Name="IntegrityLevel">no level</Data><Data Name="Hashes">SHA256=dda0961715677dff3cd560e1933379c0eca73c0b6e19fef2737492ebc1de1700</Data><Data Name="ParentProcessGuid">{8b8a9dc4-a15f-6960-2de3-4b0228570000}</Data><Data Name="ParentProcessId">44824</Data><Data Name="ParentImage">/usr/bin/bash</Data><Data Name="ParentCommandLine">/bin/bash</Data><Data Name="ParentUser">vincenzolog</Data></EventData></Event>
Jan 09 22:08:07 vincenzolog-VMware-Virtual-Platform sysmon[8040]: <Event><System><Provider Name="Linux-Sysmon" Guid="{ff032593-a8d3-4f13-b0d6-01fc615a0f97}"/><EventID>5</EventID><Version>3</Version><Level>4</Level><Task>5</Task><Opcode>0</Opcode><Keywords>0x8000000000000000</Keywords><TimeCreated SystemTime="2026-01-09T15:08:07.177694000Z"/><EventRecordID>137313</EventRecordID><Correlation/><Execution ProcessID="8040" ThreadID="8040"/><Channel>Linux-Sysmon/Operational</Channel><Computer>vincenzolog-VMware-Virtual-Platform</Computer><Security UserId="0"/></System><EventData><Data Name="RuleName">-</Data><Data Name="UtcTime">2026-01-09 06:34:07.907</Data><Data Name="ProcessGuid">{8b8a9dc4-a15f-6960-b114-6238405e0000}</Data><Data Name="ProcessId">44829</Data><Data Name="Image">/usr/bin/cat</Data><Data Name="User">vincenzolog</Data></EventData></Event>
Jan 09 22:08:07 vincenzolog-VMware-Virtual-Platform sysmon[8040]: <Event><System><Provider Name="Linux-Sysmon" Guid="{ff032593-a8d3-4f13-b0d6-01fc615a0f97}"/><EventID>1</EventID><Version>5</Version><Level>4</Level><Task>1</Task><Opcode>0</Opcode><Keywords>0x8000000000000000</Keywords><TimeCreated SystemTime="2026-01-09T15:08:07.178858000Z"/><EventRecordID>137314</EventRecordID><Correlation/><Execution ProcessID="8040" ThreadID="8040"/><Channel>Linux-Sysmon/Operational</Channel><Computer>vincenzolog-VMware-Virtual-Platform</Computer><Security UserId="0"/></System><EventData><Data Name="RuleName">-</Data><Data Name="UtcTime">2026-01-09 06:34:07.908</Data><Data Name="ProcessGuid">{8b8a9dc4-a15f-6960-b106-6028a5570000}</Data><Data Name="ProcessId">44830</Data><Data Name="Image">/usr/bin/sleep</Data><Data Name="FileVersion">-</Data><Data Name="Description">-</Data><Data Name="Product">-</Data><Data Name="Company">-</Data><Data Name="OriginalFileName">-</Data><Data Name="CommandLine">sleep 1</Data><Data Name="CurrentDirectory">/home/vincenzolog</Data><Data Name="User">vincenzolog</Data><Data Name="LogonGuid">{8b8a9dc4-0000-0000-e803-000000000000}</Data><Data Name="LogonId">1000</Data><Data Name="TerminalSessionId">3</Data><Data Name="IntegrityLevel">no level</Data><Data Name="Hashes">SHA256=4a193eb6f25eecf27bad523cb8a53ec4d40775eb498f44760b19bfc421cc90aa</Data><Data Name="ParentProcessGuid">{8b8a9dc4-a15f-6960-2de3-4b0228570000}</Data><Data Name="ParentProcessId">44824</Data><Data Name="ParentImage">/usr/bin/bash</Data><Data Name="ParentCommandLine">/bin/bash</Data><Data Name="ParentUser">vincenzolog</Data></EventData></Event>
