[{
  "title": "Syslog Clearing or Removal Via System Utilities",
  "id": "3fcc9b35-39e4-44c0-a2ad-9e82b6902b31",
  "description": "Detects specific commands commonly used to remove or empty the syslog. Which is a technique often used by attacker as a method to hide their tracks\n",
  "sigmafile": "",
  "sigma": [
    "SELECT * FROM logs WHERE (CommandLine LIKE '%/var/log/syslog%' ESCAPE '\\' AND ((Image LIKE '%/rm' ESCAPE '\\' AND (CommandLine LIKE '% -r %' ESCAPE '\\' OR CommandLine LIKE '% -f %' ESCAPE '\\' OR CommandLine LIKE '% -rf %' ESCAPE '\\' OR CommandLine LIKE '%/var/log/syslog%' ESCAPE '\\')) OR Image LIKE '%/unlink' ESCAPE '\\' OR Image LIKE '%/mv' ESCAPE '\\' OR (Image LIKE '%/truncate' ESCAPE '\\' AND (CommandLine LIKE '%0 %' ESCAPE '\\' AND CommandLine LIKE '%/var/log/syslog%' ESCAPE '\\') AND (CommandLine LIKE '%-s %' ESCAPE '\\' OR CommandLine LIKE '%-c %' ESCAPE '\\' OR CommandLine LIKE '%--size%' ESCAPE '\\')) OR (Image LIKE '%/ln' ESCAPE '\\' AND (CommandLine LIKE '%/dev/null %' ESCAPE '\\' AND CommandLine LIKE '%/var/log/syslog%' ESCAPE '\\') AND (CommandLine LIKE '%-sf %' ESCAPE '\\' OR CommandLine LIKE '%-sfn %' ESCAPE '\\' OR CommandLine LIKE '%-sfT %' ESCAPE '\\')) OR (Image LIKE '%/cp' ESCAPE '\\' AND CommandLine LIKE '%/dev/null%' ESCAPE '\\') OR (Image LIKE '%/shred' ESCAPE '\\' AND CommandLine LIKE '%-u %' ESCAPE '\\'))) OR ((CommandLine LIKE '% > /var/log/syslog%' ESCAPE '\\' OR CommandLine LIKE '% >/var/log/syslog%' ESCAPE '\\' OR CommandLine LIKE '% >| /var/log/syslog%' ESCAPE '\\' OR CommandLine LIKE '%: > /var/log/syslog%' ESCAPE '\\' OR CommandLine LIKE '%:> /var/log/syslog%' ESCAPE '\\' OR CommandLine LIKE '%:>/var/log/syslog%' ESCAPE '\\' OR CommandLine LIKE '%>|/var/log/syslog%' ESCAPE '\\') OR (CommandLine LIKE '%journalctl --vacuum%' ESCAPE '\\' OR CommandLine LIKE '%journalctl --rotate%' ESCAPE '\\'))"
  ],
  "rule_level": "high",
  "tags": [
    "attack.defense-evasion",
    "attack.t1070.002"
  ],
  "count": 4,
  "matches": [
    {
      "row_id": 278,
      "Provider_Name": "Linux-Sysmon",
      "Guid": "{ff032593-a8d3-4f13-b0d6-01fc615a0f97}",
      "EventID": 1,
      "Version": 5,
      "Level": 4,
      "Task": 1,
      "Opcode": 0,
      "Keywords": "0x8000000000000000",
      "SystemTime": "2026-01-16T17:07:30.485870000Z",
      "EventRecordID": 990832,
      "ProcessID": "1624",
      "ThreadID": "1624",
      "Channel": "Linux-Sysmon/Operational",
      "Computer": "vincenzolog-VMware-Virtual-Platform",
      "UserId": "0",
      "RuleName": "-",
      "UtcTime": "2026-01-16 16:08:53.128",
      "ProcessGuid": "{8b8a9dc4-6295-696a-1d38-8fadfc5c0000}",
      "Image": "/usr/bin/dash",
      "User": "root",
      "OriginalLogfile": "Shell_Execution_via_Find_attack40.log-19UISYB1.json",
      "FileVersion": "-",
      "Description": "-",
      "Product": "-",
      "Company": "-",
      "OriginalFileName": "-",
      "CommandLine": "/bin/sh -c journalctl --rotate",
      "CurrentDirectory": "/home/vincenzolog/Auto_test",
      "LogonGuid": "{8b8a9dc4-0000-0000-0000-000005000000}",
      "LogonId": 0,
      "TerminalSessionId": 3,
      "IntegrityLevel": "no level",
      "SHA256": "86d31f6fb799e91fa21bad341484564510ca287703a16e9e46c53338776f4f42",
      "Hashes": "SHA256=86d31f6fb799e91fa21bad341484564510ca287703a16e9e46c53338776f4f42",
      "ParentProcessGuid": "{8b8a9dc4-612c-696a-dd23-700000000000}",
      "ParentProcessId": 120295,
      "ParentImage": "/usr/bin/python3.12",
      "ParentCommandLine": "python3",
      "ParentUser": "root"
    },
    {
      "row_id": 288,
      "Provider_Name": "Linux-Sysmon",
      "Guid": "{ff032593-a8d3-4f13-b0d6-01fc615a0f97}",
      "EventID": 1,
      "Version": 5,
      "Level": 4,
      "Task": 1,
      "Opcode": 0,
      "Keywords": "0x8000000000000000",
      "SystemTime": "2026-01-16T17:07:30.503569000Z",
      "EventRecordID": 990842,
      "ProcessID": "1624",
      "ThreadID": "1624",
      "Channel": "Linux-Sysmon/Operational",
      "Computer": "vincenzolog-VMware-Virtual-Platform",
      "UserId": "0",
      "RuleName": "-",
      "UtcTime": "2026-01-16 16:08:53.154",
      "ProcessGuid": "{8b8a9dc4-6295-696a-cdbb-86633f5e0000}",
      "Image": "/usr/bin/journalctl",
      "User": "root",
      "OriginalLogfile": "Shell_Execution_via_Find_attack40.log-19UISYB1.json",
      "FileVersion": "-",
      "Description": "-",
      "Product": "-",
      "Company": "-",
      "OriginalFileName": "-",
      "CommandLine": "journalctl --rotate",
      "CurrentDirectory": "/home/vincenzolog/Auto_test",
      "LogonGuid": "{8b8a9dc4-0000-0000-0000-000005000000}",
      "LogonId": 0,
      "TerminalSessionId": 3,
      "IntegrityLevel": "no level",
      "SHA256": "7bd10a9c601c3204a6c464fc517b204e469eca7f12b09f9c4826f3cc1e42bd79",
      "Hashes": "SHA256=7bd10a9c601c3204a6c464fc517b204e469eca7f12b09f9c4826f3cc1e42bd79",
      "ParentProcessGuid": "{8b8a9dc4-6295-696a-1d38-8fadfc5c0000}",
      "ParentProcessId": 184757,
      "ParentImage": "/usr/bin/dash",
      "ParentCommandLine": "/bin/sh",
      "ParentUser": "root"
    },
    {
      "row_id": 334,
      "Provider_Name": "Linux-Sysmon",
      "Guid": "{ff032593-a8d3-4f13-b0d6-01fc615a0f97}",
      "EventID": 1,
      "Version": 5,
      "Level": 4,
      "Task": 1,
      "Opcode": 0,
      "Keywords": "0x8000000000000000",
      "SystemTime": "2026-01-16T17:07:30.588204000Z",
      "EventRecordID": 990888,
      "ProcessID": "1624",
      "ThreadID": "1624",
      "Channel": "Linux-Sysmon/Operational",
      "Computer": "vincenzolog-VMware-Virtual-Platform",
      "UserId": "0",
      "RuleName": "-",
      "UtcTime": "2026-01-16 16:08:53.228",
      "ProcessGuid": "{8b8a9dc4-6295-696a-1d18-969ec5630000}",
      "Image": "/usr/bin/dash",
      "User": "root",
      "OriginalLogfile": "Shell_Execution_via_Find_attack40.log-19UISYB1.json",
      "FileVersion": "-",
      "Description": "-",
      "Product": "-",
      "Company": "-",
      "OriginalFileName": "-",
      "CommandLine": "/bin/sh -c journalctl --vacuum-time=1s",
      "CurrentDirectory": "/home/vincenzolog/Auto_test",
      "LogonGuid": "{8b8a9dc4-0000-0000-0000-000005000000}",
      "LogonId": 0,
      "TerminalSessionId": 3,
      "IntegrityLevel": "no level",
      "SHA256": "86d31f6fb799e91fa21bad341484564510ca287703a16e9e46c53338776f4f42",
      "Hashes": "SHA256=86d31f6fb799e91fa21bad341484564510ca287703a16e9e46c53338776f4f42",
      "ParentProcessGuid": "{8b8a9dc4-612c-696a-dd23-700000000000}",
      "ParentProcessId": 120295,
      "ParentImage": "/usr/bin/python3.12",
      "ParentCommandLine": "python3",
      "ParentUser": "root"
    },
    {
      "row_id": 343,
      "Provider_Name": "Linux-Sysmon",
      "Guid": "{ff032593-a8d3-4f13-b0d6-01fc615a0f97}",
      "EventID": 1,
      "Version": 5,
      "Level": 4,
      "Task": 1,
      "Opcode": 0,
      "Keywords": "0x8000000000000000",
      "SystemTime": "2026-01-16T17:07:30.603028000Z",
      "EventRecordID": 990897,
      "ProcessID": "1624",
      "ThreadID": "1624",
      "Channel": "Linux-Sysmon/Operational",
      "Computer": "vincenzolog-VMware-Virtual-Platform",
      "UserId": "0",
      "RuleName": "-",
      "UtcTime": "2026-01-16 16:08:53.249",
      "ProcessGuid": "{8b8a9dc4-6295-696a-cd6b-79b21e590000}",
      "Image": "/usr/bin/journalctl",
      "User": "root",
      "OriginalLogfile": "Shell_Execution_via_Find_attack40.log-19UISYB1.json",
      "FileVersion": "-",
      "Description": "-",
      "Product": "-",
      "Company": "-",
      "OriginalFileName": "-",
      "CommandLine": "journalctl --vacuum-time=1s",
      "CurrentDirectory": "/home/vincenzolog/Auto_test",
      "LogonGuid": "{8b8a9dc4-0000-0000-0000-000005000000}",
      "LogonId": 0,
      "TerminalSessionId": 3,
      "IntegrityLevel": "no level",
      "SHA256": "7bd10a9c601c3204a6c464fc517b204e469eca7f12b09f9c4826f3cc1e42bd79",
      "Hashes": "SHA256=7bd10a9c601c3204a6c464fc517b204e469eca7f12b09f9c4826f3cc1e42bd79",
      "ParentProcessGuid": "{8b8a9dc4-6295-696a-1d18-969ec5630000}",
      "ParentProcessId": 184810,
      "ParentImage": "/usr/bin/dash",
      "ParentCommandLine": "/bin/sh",
      "ParentUser": "root"
    }
  ]
},
{
  "title": "File and Directory Discovery - Linux",
  "id": "d3feb4ee-ff1d-4d3d-bd10-5b28a238cc72",
  "description": "Detects usage of system utilities such as \"find\", \"tree\", \"findmnt\", etc, to discover files, directories and network shares.\n",
  "sigmafile": "",
  "sigma": [
    "SELECT * FROM logs WHERE (Image LIKE '%/file' ESCAPE '\\' AND CommandLine REGEXP '(.){200,}') OR (Image LIKE '%/ls' ESCAPE '\\' AND CommandLine LIKE '%-R%' ESCAPE '\\') OR Image LIKE '%/find' ESCAPE '\\' OR Image LIKE '%/tree' ESCAPE '\\' OR Image LIKE '%/findmnt' ESCAPE '\\' OR Image LIKE '%/mlocate' ESCAPE '\\'"
  ],
  "rule_level": "informational",
  "tags": [
    "attack.discovery",
    "attack.t1083"
  ],
  "count": 2,
  "matches": [
    {
      "row_id": 478,
      "Provider_Name": "Linux-Sysmon",
      "Guid": "{ff032593-a8d3-4f13-b0d6-01fc615a0f97}",
      "EventID": 5,
      "Version": 3,
      "Level": 4,
      "Task": 5,
      "Opcode": 0,
      "Keywords": "0x8000000000000000",
      "SystemTime": "2026-01-16T17:07:30.795964000Z",
      "EventRecordID": 991032,
      "ProcessID": "1624",
      "ThreadID": "1624",
      "Channel": "Linux-Sysmon/Operational",
      "Computer": "vincenzolog-VMware-Virtual-Platform",
      "UserId": "0",
      "RuleName": "-",
      "UtcTime": "2026-01-16 16:08:53.448",
      "ProcessGuid": "{8b8a9dc4-6249-696a-c10c-2e52ef590000}",
      "Image": "/usr/bin/find",
      "User": "root",
      "OriginalLogfile": "Shell_Execution_via_Find_attack40.log-19UISYB1.json"
    },
    {
      "row_id": 1250,
      "Provider_Name": "Linux-Sysmon",
      "Guid": "{ff032593-a8d3-4f13-b0d6-01fc615a0f97}",
      "EventID": 1,
      "Version": 5,
      "Level": 4,
      "Task": 1,
      "Opcode": 0,
      "Keywords": "0x8000000000000000",
      "SystemTime": "2026-01-16T17:07:31.731033000Z",
      "EventRecordID": 991804,
      "ProcessID": "1624",
      "ThreadID": "1624",
      "Channel": "Linux-Sysmon/Operational",
      "Computer": "vincenzolog-VMware-Virtual-Platform",
      "UserId": "0",
      "RuleName": "-",
      "UtcTime": "2026-01-16 16:08:54.379",
      "ProcessGuid": "{8b8a9dc4-6296-696a-c10c-dd34c85d0000}",
      "Image": "/usr/bin/find",
      "User": "root",
      "OriginalLogfile": "Shell_Execution_via_Find_attack40.log-19UISYB1.json",
      "FileVersion": "-",
      "Description": "-",
      "Product": "-",
      "Company": "-",
      "OriginalFileName": "-",
      "CommandLine": "find . -exec /bin/\\s\\h ; -quit",
      "CurrentDirectory": "/home/vincenzolog/Auto_test",
      "LogonGuid": "{8b8a9dc4-0000-0000-0000-000005000000}",
      "LogonId": 0,
      "TerminalSessionId": 3,
      "IntegrityLevel": "no level",
      "SHA256": "ac1ea1c5391de921aca1572f1bf25d03707beb3887b27c16a5b4948fd553941b",
      "Hashes": "SHA256=ac1ea1c5391de921aca1572f1bf25d03707beb3887b27c16a5b4948fd553941b",
      "ParentProcessGuid": "{8b8a9dc4-6296-696a-1da8-d4127f5f0000}",
      "ParentProcessId": 185716,
      "ParentImage": "/usr/bin/dash",
      "ParentCommandLine": "/bin/sh",
      "ParentUser": "root"
    }
  ]
}]