Jan 16 19:49:29 vincenzolog-VMware-Virtual-Platform sysmon[1624]: <Event><System><Provider Name="Linux-Sysmon" Guid="{ff032593-a8d3-4f13-b0d6-01fc615a0f97}"/><EventID>5</EventID><Version>3</Version><Level>4</Level><Task>5</Task><Opcode>0</Opcode><Keywords>0x8000000000000000</Keywords><TimeCreated SystemTime="2026-01-16T12:49:29.483547000Z"/><EventRecordID>791332</EventRecordID><Correlation/><Execution ProcessID="1624" ThreadID="1624"/><Channel>Linux-Sysmon/Operational</Channel><Computer>vincenzolog-VMware-Virtual-Platform</Computer><Security UserId="0"/></System><EventData><Data Name="RuleName">-</Data><Data Name="UtcTime">2026-01-16 12:49:30.190</Data><Data Name="ProcessGuid">{8b8a9dc4-33da-696a-0000-000000000000}</Data><Data Name="ProcessId">28106</Data><Data Name="Image">-</Data><Data Name="User">root</Data></EventData></Event>
Jan 16 19:49:29 vincenzolog-VMware-Virtual-Platform sysmon[1624]: <Event><System><Provider Name="Linux-Sysmon" Guid="{ff032593-a8d3-4f13-b0d6-01fc615a0f97}"/><EventID>5</EventID><Version>3</Version><Level>4</Level><Task>5</Task><Opcode>0</Opcode><Keywords>0x8000000000000000</Keywords><TimeCreated SystemTime="2026-01-16T12:49:29.484096000Z"/><EventRecordID>791333</EventRecordID><Correlation/><Execution ProcessID="1624" ThreadID="1624"/><Channel>Linux-Sysmon/Operational</Channel><Computer>vincenzolog-VMware-Virtual-Platform</Computer><Security UserId="0"/></System><EventData><Data Name="RuleName">-</Data><Data Name="UtcTime">2026-01-16 12:49:30.190</Data><Data Name="ProcessGuid">{8b8a9dc4-33da-696a-0000-000000000000}</Data><Data Name="ProcessId">28107</Data><Data Name="Image">-</Data><Data Name="User">root</Data></EventData></Event>
Jan 16 19:49:29 vincenzolog-VMware-Virtual-Platform sysmon[1624]: <Event><System><Provider Name="Linux-Sysmon" Guid="{ff032593-a8d3-4f13-b0d6-01fc615a0f97}"/><EventID>5</EventID><Version>3</Version><Level>4</Level><Task>5</Task><Opcode>0</Opcode><Keywords>0x8000000000000000</Keywords><TimeCreated SystemTime="2026-01-16T12:49:29.484677000Z"/><EventRecordID>791334</EventRecordID><Correlation/><Execution ProcessID="1624" ThreadID="1624"/><Channel>Linux-Sysmon/Operational</Channel><Computer>vincenzolog-VMware-Virtual-Platform</Computer><Security UserId="0"/></System><EventData><Data Name="RuleName">-</Data><Data Name="UtcTime">2026-01-16 12:49:30.191</Data><Data Name="ProcessGuid">{8b8a9dc4-33da-696a-0000-000000000000}</Data><Data Name="ProcessId">28108</Data><Data Name="Image">-</Data><Data Name="User">root</Data></EventData></Event>
Jan 16 19:49:29 vincenzolog-VMware-Virtual-Platform sysmon[1624]: <Event><System><Provider Name="Linux-Sysmon" Guid="{ff032593-a8d3-4f13-b0d6-01fc615a0f97}"/><EventID>5</EventID><Version>3</Version><Level>4</Level><Task>5</Task><Opcode>0</Opcode><Keywords>0x8000000000000000</Keywords><TimeCreated SystemTime="2026-01-16T12:49:29.485055000Z"/><EventRecordID>791335</EventRecordID><Correlation/><Execution ProcessID="1624" ThreadID="1624"/><Channel>Linux-Sysmon/Operational</Channel><Computer>vincenzolog-VMware-Virtual-Platform</Computer><Security UserId="0"/></System><EventData><Data Name="RuleName">-</Data><Data Name="UtcTime">2026-01-16 12:49:30.191</Data><Data Name="ProcessGuid">{8b8a9dc4-33da-696a-0000-000000000000}</Data><Data Name="ProcessId">28109</Data><Data Name="Image">-</Data><Data Name="User">root</Data></EventData></Event>
Jan 16 19:49:29 vincenzolog-VMware-Virtual-Platform sysmon[1624]: <Event><System><Provider Name="Linux-Sysmon" Guid="{ff032593-a8d3-4f13-b0d6-01fc615a0f97}"/><EventID>5</EventID><Version>3</Version><Level>4</Level><Task>5</Task><Opcode>0</Opcode><Keywords>0x8000000000000000</Keywords><TimeCreated SystemTime="2026-01-16T12:49:29.485566000Z"/><EventRecordID>791336</EventRecordID><Correlation/><Execution ProcessID="1624" ThreadID="1624"/><Channel>Linux-Sysmon/Operational</Channel><Computer>vincenzolog-VMware-Virtual-Platform</Computer><Security UserId="0"/></System><EventData><Data Name="RuleName">-</Data><Data Name="UtcTime">2026-01-16 12:49:30.192</Data><Data Name="ProcessGuid">{8b8a9dc4-33da-696a-0000-000000000000}</Data><Data Name="ProcessId">28110</Data><Data Name="Image">-</Data><Data Name="User">root</Data></EventData></Event>
Jan 16 19:49:29 vincenzolog-VMware-Virtual-Platform sysmon[1624]: <Event><System><Provider Name="Linux-Sysmon" Guid="{ff032593-a8d3-4f13-b0d6-01fc615a0f97}"/><EventID>5</EventID><Version>3</Version><Level>4</Level><Task>5</Task><Opcode>0</Opcode><Keywords>0x8000000000000000</Keywords><TimeCreated SystemTime="2026-01-16T12:49:29.485900000Z"/><EventRecordID>791337</EventRecordID><Correlation/><Execution ProcessID="1624" ThreadID="1624"/><Channel>Linux-Sysmon/Operational</Channel><Computer>vincenzolog-VMware-Virtual-Platform</Computer><Security UserId="0"/></System><EventData><Data Name="RuleName">-</Data><Data Name="UtcTime">2026-01-16 12:49:30.192</Data><Data Name="ProcessGuid">{8b8a9dc4-33da-696a-0000-000000000000}</Data><Data Name="ProcessId">28111</Data><Data Name="Image">-</Data><Data Name="User">root</Data></EventData></Event>
Jan 16 19:49:29 vincenzolog-VMware-Virtual-Platform sysmon[1624]: <Event><System><Provider Name="Linux-Sysmon" Guid="{ff032593-a8d3-4f13-b0d6-01fc615a0f97}"/><EventID>5</EventID><Version>3</Version><Level>4</Level><Task>5</Task><Opcode>0</Opcode><Keywords>0x8000000000000000</Keywords><TimeCreated SystemTime="2026-01-16T12:49:29.486468000Z"/><EventRecordID>791338</EventRecordID><Correlation/><Execution ProcessID="1624" ThreadID="1624"/><Channel>Linux-Sysmon/Operational</Channel><Computer>vincenzolog-VMware-Virtual-Platform</Computer><Security UserId="0"/></System><EventData><Data Name="RuleName">-</Data><Data Name="UtcTime">2026-01-16 12:49:30.193</Data><Data Name="ProcessGuid">{8b8a9dc4-33da-696a-0000-000000000000}</Data><Data Name="ProcessId">28112</Data><Data Name="Image">-</Data><Data Name="User">root</Data></EventData></Event>
Jan 16 19:49:29 vincenzolog-VMware-Virtual-Platform sysmon[1624]: <Event><System><Provider Name="Linux-Sysmon" Guid="{ff032593-a8d3-4f13-b0d6-01fc615a0f97}"/><EventID>5</EventID><Version>3</Version><Level>4</Level><Task>5</Task><Opcode>0</Opcode><Keywords>0x8000000000000000</Keywords><TimeCreated SystemTime="2026-01-16T12:49:29.486787000Z"/><EventRecordID>791339</EventRecordID><Correlation/><Execution ProcessID="1624" ThreadID="1624"/><Channel>Linux-Sysmon/Operational</Channel><Computer>vincenzolog-VMware-Virtual-Platform</Computer><Security UserId="0"/></System><EventData><Data Name="RuleName">-</Data><Data Name="UtcTime">2026-01-16 12:49:30.193</Data><Data Name="ProcessGuid">{8b8a9dc4-33da-696a-0000-000000000000}</Data><Data Name="ProcessId">28113</Data><Data Name="Image">-</Data><Data Name="User">root</Data></EventData></Event>
Jan 16 19:49:29 vincenzolog-VMware-Virtual-Platform sysmon[1624]: <Event><System><Provider Name="Linux-Sysmon" Guid="{ff032593-a8d3-4f13-b0d6-01fc615a0f97}"/><EventID>5</EventID><Version>3</Version><Level>4</Level><Task>5</Task><Opcode>0</Opcode><Keywords>0x8000000000000000</Keywords><TimeCreated SystemTime="2026-01-16T12:49:29.487292000Z"/><EventRecordID>791340</EventRecordID><Correlation/><Execution ProcessID="1624" ThreadID="1624"/><Channel>Linux-Sysmon/Operational</Channel><Computer>vincenzolog-VMware-Virtual-Platform</Computer><Security UserId="0"/></System><EventData><Data Name="RuleName">-</Data><Data Name="UtcTime">2026-01-16 12:49:30.193</Data><Data Name="ProcessGuid">{8b8a9dc4-33da-696a-0000-000000000000}</Data><Data Name="ProcessId">28114</Data><Data Name="Image">-</Data><Data Name="User">root</Data></EventData></Event>
Jan 16 19:49:29 vincenzolog-VMware-Virtual-Platform sysmon[1624]: <Event><System><Provider Name="Linux-Sysmon" Guid="{ff032593-a8d3-4f13-b0d6-01fc615a0f97}"/><EventID>5</EventID><Version>3</Version><Level>4</Level><Task>5</Task><Opcode>0</Opcode><Keywords>0x8000000000000000</Keywords><TimeCreated SystemTime="2026-01-16T12:49:29.487586000Z"/><EventRecordID>791341</EventRecordID><Correlation/><Execution ProcessID="1624" ThreadID="1624"/><Channel>Linux-Sysmon/Operational</Channel><Computer>vincenzolog-VMware-Virtual-Platform</Computer><Security UserId="0"/></System><EventData><Data Name="RuleName">-</Data><Data Name="UtcTime">2026-01-16 12:49:30.194</Data><Data Name="ProcessGuid">{8b8a9dc4-33da-696a-0000-000000000000}</Data><Data Name="ProcessId">28115</Data><Data Name="Image">-</Data><Data Name="User">root</Data></EventData></Event>
Jan 16 19:49:29 vincenzolog-VMware-Virtual-Platform sysmon[1624]: <Event><System><Provider Name="Linux-Sysmon" Guid="{ff032593-a8d3-4f13-b0d6-01fc615a0f97}"/><EventID>5</EventID><Version>3</Version><Level>4</Level><Task>5</Task><Opcode>0</Opcode><Keywords>0x8000000000000000</Keywords><TimeCreated SystemTime="2026-01-16T12:49:29.487926000Z"/><EventRecordID>791342</EventRecordID><Correlation/><Execution ProcessID="1624" ThreadID="1624"/><Channel>Linux-Sysmon/Operational</Channel><Computer>vincenzolog-VMware-Virtual-Platform</Computer><Security UserId="0"/></System><EventData><Data Name="RuleName">-</Data><Data Name="UtcTime">2026-01-16 12:49:30.194</Data><Data Name="ProcessGuid">{8b8a9dc4-33da-696a-0000-000000000000}</Data><Data Name="ProcessId">28116</Data><Data Name="Image">-</Data><Data Name="User">root</Data></EventData></Event>
Jan 16 19:49:29 vincenzolog-VMware-Virtual-Platform sysmon[1624]: <Event><System><Provider Name="Linux-Sysmon" Guid="{ff032593-a8d3-4f13-b0d6-01fc615a0f97}"/><EventID>5</EventID><Version>3</Version><Level>4</Level><Task>5</Task><Opcode>0</Opcode><Keywords>0x8000000000000000</Keywords><TimeCreated SystemTime="2026-01-16T12:49:29.488503000Z"/><EventRecordID>791343</EventRecordID><Correlation/><Execution ProcessID="1624" ThreadID="1624"/><Channel>Linux-Sysmon/Operational</Channel><Computer>vincenzolog-VMware-Virtual-Platform</Computer><Security UserId="0"/></System><EventData><Data Name="RuleName">-</Data><Data Name="UtcTime">2026-01-16 12:49:30.195</Data><Data Name="ProcessGuid">{8b8a9dc4-33da-696a-0000-000000000000}</Data><Data Name="ProcessId">28117</Data><Data Name="Image">-</Data><Data Name="User">root</Data></EventData></Event>
Jan 16 19:49:29 vincenzolog-VMware-Virtual-Platform sysmon[1624]: <Event><System><Provider Name="Linux-Sysmon" Guid="{ff032593-a8d3-4f13-b0d6-01fc615a0f97}"/><EventID>5</EventID><Version>3</Version><Level>4</Level><Task>5</Task><Opcode>0</Opcode><Keywords>0x8000000000000000</Keywords><TimeCreated SystemTime="2026-01-16T12:49:29.488879000Z"/><EventRecordID>791344</EventRecordID><Correlation/><Execution ProcessID="1624" ThreadID="1624"/><Channel>Linux-Sysmon/Operational</Channel><Computer>vincenzolog-VMware-Virtual-Platform</Computer><Security UserId="0"/></System><EventData><Data Name="RuleName">-</Data><Data Name="UtcTime">2026-01-16 12:49:30.195</Data><Data Name="ProcessGuid">{8b8a9dc4-33da-696a-0000-000000000000}</Data><Data Name="ProcessId">28118</Data><Data Name="Image">-</Data><Data Name="User">root</Data></EventData></Event>
Jan 16 19:49:29 vincenzolog-VMware-Virtual-Platform sysmon[1624]: <Event><System><Provider Name="Linux-Sysmon" Guid="{ff032593-a8d3-4f13-b0d6-01fc615a0f97}"/><EventID>5</EventID><Version>3</Version><Level>4</Level><Task>5</Task><Opcode>0</Opcode><Keywords>0x8000000000000000</Keywords><TimeCreated SystemTime="2026-01-16T12:49:29.489199000Z"/><EventRecordID>791345</EventRecordID><Correlation/><Execution ProcessID="1624" ThreadID="1624"/><Channel>Linux-Sysmon/Operational</Channel><Computer>vincenzolog-VMware-Virtual-Platform</Computer><Security UserId="0"/></System><EventData><Data Name="RuleName">-</Data><Data Name="UtcTime">2026-01-16 12:49:30.195</Data><Data Name="ProcessGuid">{8b8a9dc4-33da-696a-0000-000000000000}</Data><Data Name="ProcessId">28119</Data><Data Name="Image">-</Data><Data Name="User">root</Data></EventData></Event>
Jan 16 19:49:29 vincenzolog-VMware-Virtual-Platform sysmon[1624]: <Event><System><Provider Name="Linux-Sysmon" Guid="{ff032593-a8d3-4f13-b0d6-01fc615a0f97}"/><EventID>5</EventID><Version>3</Version><Level>4</Level><Task>5</Task><Opcode>0</Opcode><Keywords>0x8000000000000000</Keywords><TimeCreated SystemTime="2026-01-16T12:49:29.489694000Z"/><EventRecordID>791346</EventRecordID><Correlation/><Execution ProcessID="1624" ThreadID="1624"/><Channel>Linux-Sysmon/Operational</Channel><Computer>vincenzolog-VMware-Virtual-Platform</Computer><Security UserId="0"/></System><EventData><Data Name="RuleName">-</Data><Data Name="UtcTime">2026-01-16 12:49:30.196</Data><Data Name="ProcessGuid">{8b8a9dc4-33da-696a-0000-000000000000}</Data><Data Name="ProcessId">28120</Data><Data Name="Image">-</Data><Data Name="User">root</Data></EventData></Event>
Jan 16 19:49:29 vincenzolog-VMware-Virtual-Platform sysmon[1624]: <Event><System><Provider Name="Linux-Sysmon" Guid="{ff032593-a8d3-4f13-b0d6-01fc615a0f97}"/><EventID>5</EventID><Version>3</Version><Level>4</Level><Task>5</Task><Opcode>0</Opcode><Keywords>0x8000000000000000</Keywords><TimeCreated SystemTime="2026-01-16T12:49:29.490152000Z"/><EventRecordID>791347</EventRecordID><Correlation/><Execution ProcessID="1624" ThreadID="1624"/><Channel>Linux-Sysmon/Operational</Channel><Computer>vincenzolog-VMware-Virtual-Platform</Computer><Security UserId="0"/></System><EventData><Data Name="RuleName">-</Data><Data Name="UtcTime">2026-01-16 12:49:30.196</Data><Data Name="ProcessGuid">{8b8a9dc4-33da-696a-0000-000000000000}</Data><Data Name="ProcessId">28121</Data><Data Name="Image">-</Data><Data Name="User">root</Data></EventData></Event>
Jan 16 19:49:29 vincenzolog-VMware-Virtual-Platform sysmon[1624]: <Event><System><Provider Name="Linux-Sysmon" Guid="{ff032593-a8d3-4f13-b0d6-01fc615a0f97}"/><EventID>5</EventID><Version>3</Version><Level>4</Level><Task>5</Task><Opcode>0</Opcode><Keywords>0x8000000000000000</Keywords><TimeCreated SystemTime="2026-01-16T12:49:29.490670000Z"/><EventRecordID>791348</EventRecordID><Correlation/><Execution ProcessID="1624" ThreadID="1624"/><Channel>Linux-Sysmon/Operational</Channel><Computer>vincenzolog-VMware-Virtual-Platform</Computer><Security UserId="0"/></System><EventData><Data Name="RuleName">-</Data><Data Name="UtcTime">2026-01-16 12:49:30.197</Data><Data Name="ProcessGuid">{8b8a9dc4-33da-696a-0000-000000000000}</Data><Data Name="ProcessId">28122</Data><Data Name="Image">-</Data><Data Name="User">root</Data></EventData></Event>
Jan 16 19:49:29 vincenzolog-VMware-Virtual-Platform sysmon[1624]: <Event><System><Provider Name="Linux-Sysmon" Guid="{ff032593-a8d3-4f13-b0d6-01fc615a0f97}"/><EventID>5</EventID><Version>3</Version><Level>4</Level><Task>5</Task><Opcode>0</Opcode><Keywords>0x8000000000000000</Keywords><TimeCreated SystemTime="2026-01-16T12:49:29.491131000Z"/><EventRecordID>791349</EventRecordID><Correlation/><Execution ProcessID="1624" ThreadID="1624"/><Channel>Linux-Sysmon/Operational</Channel><Computer>vincenzolog-VMware-Virtual-Platform</Computer><Security UserId="0"/></System><EventData><Data Name="RuleName">-</Data><Data Name="UtcTime">2026-01-16 12:49:30.197</Data><Data Name="ProcessGuid">{8b8a9dc4-33da-696a-0000-000000000000}</Data><Data Name="ProcessId">28123</Data><Data Name="Image">-</Data><Data Name="User">root</Data></EventData></Event>
Jan 16 19:49:29 vincenzolog-VMware-Virtual-Platform sysmon[1624]: <Event><System><Provider Name="Linux-Sysmon" Guid="{ff032593-a8d3-4f13-b0d6-01fc615a0f97}"/><EventID>5</EventID><Version>3</Version><Level>4</Level><Task>5</Task><Opcode>0</Opcode><Keywords>0x8000000000000000</Keywords><TimeCreated SystemTime="2026-01-16T12:49:29.491533000Z"/><EventRecordID>791350</EventRecordID><Correlation/><Execution ProcessID="1624" ThreadID="1624"/><Channel>Linux-Sysmon/Operational</Channel><Computer>vincenzolog-VMware-Virtual-Platform</Computer><Security UserId="0"/></System><EventData><Data Name="RuleName">-</Data><Data Name="UtcTime">2026-01-16 12:49:30.198</Data><Data Name="ProcessGuid">{8b8a9dc4-33da-696a-0000-000000000000}</Data><Data Name="ProcessId">28124</Data><Data Name="Image">-</Data><Data Name="User">root</Data></EventData></Event>
Jan 16 19:49:29 vincenzolog-VMware-Virtual-Platform sysmon[1624]: <Event><System><Provider Name="Linux-Sysmon" Guid="{ff032593-a8d3-4f13-b0d6-01fc615a0f97}"/><EventID>5</EventID><Version>3</Version><Level>4</Level><Task>5</Task><Opcode>0</Opcode><Keywords>0x8000000000000000</Keywords><TimeCreated SystemTime="2026-01-16T12:49:29.491960000Z"/><EventRecordID>791351</EventRecordID><Correlation/><Execution ProcessID="1624" ThreadID="1624"/><Channel>Linux-Sysmon/Operational</Channel><Computer>vincenzolog-VMware-Virtual-Platform</Computer><Security UserId="0"/></System><EventData><Data Name="RuleName">-</Data><Data Name="UtcTime">2026-01-16 12:49:30.198</Data><Data Name="ProcessGuid">{8b8a9dc4-33da-696a-0000-000000000000}</Data><Data Name="ProcessId">28125</Data><Data Name="Image">-</Data><Data Name="User">root</Data></EventData></Event>
Jan 16 19:49:29 vincenzolog-VMware-Virtual-Platform sysmon[1624]: <Event><System><Provider Name="Linux-Sysmon" Guid="{ff032593-a8d3-4f13-b0d6-01fc615a0f97}"/><EventID>5</EventID><Version>3</Version><Level>4</Level><Task>5</Task><Opcode>0</Opcode><Keywords>0x8000000000000000</Keywords><TimeCreated SystemTime="2026-01-16T12:49:29.492682000Z"/><EventRecordID>791352</EventRecordID><Correlation/><Execution ProcessID="1624" ThreadID="1624"/><Channel>Linux-Sysmon/Operational</Channel><Computer>vincenzolog-VMware-Virtual-Platform</Computer><Security UserId="0"/></System><EventData><Data Name="RuleName">-</Data><Data Name="UtcTime">2026-01-16 12:49:30.198</Data><Data Name="ProcessGuid">{8b8a9dc4-33da-696a-0000-000000000000}</Data><Data Name="ProcessId">28126</Data><Data Name="Image">-</Data><Data Name="User">root</Data></EventData></Event>
Jan 16 19:49:29 vincenzolog-VMware-Virtual-Platform sysmon[1624]: <Event><System><Provider Name="Linux-Sysmon" Guid="{ff032593-a8d3-4f13-b0d6-01fc615a0f97}"/><EventID>5</EventID><Version>3</Version><Level>4</Level><Task>5</Task><Opcode>0</Opcode><Keywords>0x8000000000000000</Keywords><TimeCreated SystemTime="2026-01-16T12:49:29.492931000Z"/><EventRecordID>791353</EventRecordID><Correlation/><Execution ProcessID="1624" ThreadID="1624"/><Channel>Linux-Sysmon/Operational</Channel><Computer>vincenzolog-VMware-Virtual-Platform</Computer><Security UserId="0"/></System><EventData><Data Name="RuleName">-</Data><Data Name="UtcTime">2026-01-16 12:49:30.199</Data><Data Name="ProcessGuid">{8b8a9dc4-33da-696a-0000-000000000000}</Data><Data Name="ProcessId">28127</Data><Data Name="Image">-</Data><Data Name="User">root</Data></EventData></Event>
Jan 16 19:49:29 vincenzolog-VMware-Virtual-Platform sysmon[1624]: <Event><System><Provider Name="Linux-Sysmon" Guid="{ff032593-a8d3-4f13-b0d6-01fc615a0f97}"/><EventID>5</EventID><Version>3</Version><Level>4</Level><Task>5</Task><Opcode>0</Opcode><Keywords>0x8000000000000000</Keywords><TimeCreated SystemTime="2026-01-16T12:49:29.493075000Z"/><EventRecordID>791354</EventRecordID><Correlation/><Execution ProcessID="1624" ThreadID="1624"/><Channel>Linux-Sysmon/Operational</Channel><Computer>vincenzolog-VMware-Virtual-Platform</Computer><Security UserId="0"/></System><EventData><Data Name="RuleName">-</Data><Data Name="UtcTime">2026-01-16 12:49:30.199</Data><Data Name="ProcessGuid">{8b8a9dc4-33da-696a-0000-000000000000}</Data><Data Name="ProcessId">28128</Data><Data Name="Image">-</Data><Data Name="User">root</Data></EventData></Event>
Jan 16 19:49:29 vincenzolog-VMware-Virtual-Platform sysmon[1624]: <Event><System><Provider Name="Linux-Sysmon" Guid="{ff032593-a8d3-4f13-b0d6-01fc615a0f97}"/><EventID>5</EventID><Version>3</Version><Level>4</Level><Task>5</Task><Opcode>0</Opcode><Keywords>0x8000000000000000</Keywords><TimeCreated SystemTime="2026-01-16T12:49:29.493617000Z"/><EventRecordID>791355</EventRecordID><Correlation/><Execution ProcessID="1624" ThreadID="1624"/><Channel>Linux-Sysmon/Operational</Channel><Computer>vincenzolog-VMware-Virtual-Platform</Computer><Security UserId="0"/></System><EventData><Data Name="RuleName">-</Data><Data Name="UtcTime">2026-01-16 12:49:30.200</Data><Data Name="ProcessGuid">{8b8a9dc4-33da-696a-0000-000000000000}</Data><Data Name="ProcessId">28129</Data><Data Name="Image">-</Data><Data Name="User">root</Data></EventData></Event>
Jan 16 19:49:29 vincenzolog-VMware-Virtual-Platform sysmon[1624]: <Event><System><Provider Name="Linux-Sysmon" Guid="{ff032593-a8d3-4f13-b0d6-01fc615a0f97}"/><EventID>5</EventID><Version>3</Version><Level>4</Level><Task>5</Task><Opcode>0</Opcode><Keywords>0x8000000000000000</Keywords><TimeCreated SystemTime="2026-01-16T12:49:29.494056000Z"/><EventRecordID>791356</EventRecordID><Correlation/><Execution ProcessID="1624" ThreadID="1624"/><Channel>Linux-Sysmon/Operational</Channel><Computer>vincenzolog-VMware-Virtual-Platform</Computer><Security UserId="0"/></System><EventData><Data Name="RuleName">-</Data><Data Name="UtcTime">2026-01-16 12:49:30.200</Data><Data Name="ProcessGuid">{8b8a9dc4-33da-696a-0000-000000000000}</Data><Data Name="ProcessId">28130</Data><Data Name="Image">-</Data><Data Name="User">root</Data></EventData></Event>
Jan 16 19:49:29 vincenzolog-VMware-Virtual-Platform sysmon[1624]: <Event><System><Provider Name="Linux-Sysmon" Guid="{ff032593-a8d3-4f13-b0d6-01fc615a0f97}"/><EventID>5</EventID><Version>3</Version><Level>4</Level><Task>5</Task><Opcode>0</Opcode><Keywords>0x8000000000000000</Keywords><TimeCreated SystemTime="2026-01-16T12:49:29.494425000Z"/><EventRecordID>791357</EventRecordID><Correlation/><Execution ProcessID="1624" ThreadID="1624"/><Channel>Linux-Sysmon/Operational</Channel><Computer>vincenzolog-VMware-Virtual-Platform</Computer><Security UserId="0"/></System><EventData><Data Name="RuleName">-</Data><Data Name="UtcTime">2026-01-16 12:49:30.201</Data><Data Name="ProcessGuid">{8b8a9dc4-33da-696a-0000-000000000000}</Data><Data Name="ProcessId">28131</Data><Data Name="Image">-</Data><Data Name="User">root</Data></EventData></Event>
Jan 16 19:49:29 vincenzolog-VMware-Virtual-Platform sysmon[1624]: <Event><System><Provider Name="Linux-Sysmon" Guid="{ff032593-a8d3-4f13-b0d6-01fc615a0f97}"/><EventID>5</EventID><Version>3</Version><Level>4</Level><Task>5</Task><Opcode>0</Opcode><Keywords>0x8000000000000000</Keywords><TimeCreated SystemTime="2026-01-16T12:49:29.494755000Z"/><EventRecordID>791358</EventRecordID><Correlation/><Execution ProcessID="1624" ThreadID="1624"/><Channel>Linux-Sysmon/Operational</Channel><Computer>vincenzolog-VMware-Virtual-Platform</Computer><Security UserId="0"/></System><EventData><Data Name="RuleName">-</Data><Data Name="UtcTime">2026-01-16 12:49:30.201</Data><Data Name="ProcessGuid">{8b8a9dc4-33da-696a-0000-000000000000}</Data><Data Name="ProcessId">28132</Data><Data Name="Image">-</Data><Data Name="User">root</Data></EventData></Event>
Jan 16 19:49:29 vincenzolog-VMware-Virtual-Platform sysmon[1624]: <Event><System><Provider Name="Linux-Sysmon" Guid="{ff032593-a8d3-4f13-b0d6-01fc615a0f97}"/><EventID>5</EventID><Version>3</Version><Level>4</Level><Task>5</Task><Opcode>0</Opcode><Keywords>0x8000000000000000</Keywords><TimeCreated SystemTime="2026-01-16T12:49:29.495571000Z"/><EventRecordID>791359</EventRecordID><Correlation/><Execution ProcessID="1624" ThreadID="1624"/><Channel>Linux-Sysmon/Operational</Channel><Computer>vincenzolog-VMware-Virtual-Platform</Computer><Security UserId="0"/></System><EventData><Data Name="RuleName">-</Data><Data Name="UtcTime">2026-01-16 12:49:30.202</Data><Data Name="ProcessGuid">{8b8a9dc4-33da-696a-0000-000000000000}</Data><Data Name="ProcessId">28133</Data><Data Name="Image">-</Data><Data Name="User">root</Data></EventData></Event>
Jan 16 19:49:29 vincenzolog-VMware-Virtual-Platform sysmon[1624]: <Event><System><Provider Name="Linux-Sysmon" Guid="{ff032593-a8d3-4f13-b0d6-01fc615a0f97}"/><EventID>5</EventID><Version>3</Version><Level>4</Level><Task>5</Task><Opcode>0</Opcode><Keywords>0x8000000000000000</Keywords><TimeCreated SystemTime="2026-01-16T12:49:29.495982000Z"/><EventRecordID>791360</EventRecordID><Correlation/><Execution ProcessID="1624" ThreadID="1624"/><Channel>Linux-Sysmon/Operational</Channel><Computer>vincenzolog-VMware-Virtual-Platform</Computer><Security UserId="0"/></System><EventData><Data Name="RuleName">-</Data><Data Name="UtcTime">2026-01-16 12:49:30.202</Data><Data Name="ProcessGuid">{8b8a9dc4-33da-696a-0000-000000000000}</Data><Data Name="ProcessId">28134</Data><Data Name="Image">-</Data><Data Name="User">root</Data></EventData></Event>
Jan 16 19:49:29 vincenzolog-VMware-Virtual-Platform sysmon[1624]: <Event><System><Provider Name="Linux-Sysmon" Guid="{ff032593-a8d3-4f13-b0d6-01fc615a0f97}"/><EventID>5</EventID><Version>3</Version><Level>4</Level><Task>5</Task><Opcode>0</Opcode><Keywords>0x8000000000000000</Keywords><TimeCreated SystemTime="2026-01-16T12:49:29.496245000Z"/><EventRecordID>791361</EventRecordID><Correlation/><Execution ProcessID="1624" ThreadID="1624"/><Channel>Linux-Sysmon/Operational</Channel><Computer>vincenzolog-VMware-Virtual-Platform</Computer><Security UserId="0"/></System><EventData><Data Name="RuleName">-</Data><Data Name="UtcTime">2026-01-16 12:49:30.202</Data><Data Name="ProcessGuid">{8b8a9dc4-33da-696a-0000-000000000000}</Data><Data Name="ProcessId">28135</Data><Data Name="Image">-</Data><Data Name="User">root</Data></EventData></Event>
Jan 16 19:49:29 vincenzolog-VMware-Virtual-Platform sysmon[1624]: <Event><System><Provider Name="Linux-Sysmon" Guid="{ff032593-a8d3-4f13-b0d6-01fc615a0f97}"/><EventID>5</EventID><Version>3</Version><Level>4</Level><Task>5</Task><Opcode>0</Opcode><Keywords>0x8000000000000000</Keywords><TimeCreated SystemTime="2026-01-16T12:49:29.496624000Z"/><EventRecordID>791362</EventRecordID><Correlation/><Execution ProcessID="1624" ThreadID="1624"/><Channel>Linux-Sysmon/Operational</Channel><Computer>vincenzolog-VMware-Virtual-Platform</Computer><Security UserId="0"/></System><EventData><Data Name="RuleName">-</Data><Data Name="UtcTime">2026-01-16 12:49:30.203</Data><Data Name="ProcessGuid">{8b8a9dc4-33da-696a-0000-000000000000}</Data><Data Name="ProcessId">28136</Data><Data Name="Image">-</Data><Data Name="User">root</Data></EventData></Event>
Jan 16 19:49:29 vincenzolog-VMware-Virtual-Platform sysmon[1624]: <Event><System><Provider Name="Linux-Sysmon" Guid="{ff032593-a8d3-4f13-b0d6-01fc615a0f97}"/><EventID>5</EventID><Version>3</Version><Level>4</Level><Task>5</Task><Opcode>0</Opcode><Keywords>0x8000000000000000</Keywords><TimeCreated SystemTime="2026-01-16T12:49:29.497066000Z"/><EventRecordID>791363</EventRecordID><Correlation/><Execution ProcessID="1624" ThreadID="1624"/><Channel>Linux-Sysmon/Operational</Channel><Computer>vincenzolog-VMware-Virtual-Platform</Computer><Security UserId="0"/></System><EventData><Data Name="RuleName">-</Data><Data Name="UtcTime">2026-01-16 12:49:30.203</Data><Data Name="ProcessGuid">{8b8a9dc4-33da-696a-0000-000000000000}</Data><Data Name="ProcessId">28137</Data><Data Name="Image">-</Data><Data Name="User">root</Data></EventData></Event>
Jan 16 19:49:29 vincenzolog-VMware-Virtual-Platform sysmon[1624]: <Event><System><Provider Name="Linux-Sysmon" Guid="{ff032593-a8d3-4f13-b0d6-01fc615a0f97}"/><EventID>5</EventID><Version>3</Version><Level>4</Level><Task>5</Task><Opcode>0</Opcode><Keywords>0x8000000000000000</Keywords><TimeCreated SystemTime="2026-01-16T12:49:29.497558000Z"/><EventRecordID>791364</EventRecordID><Correlation/><Execution ProcessID="1624" ThreadID="1624"/><Channel>Linux-Sysmon/Operational</Channel><Computer>vincenzolog-VMware-Virtual-Platform</Computer><Security UserId="0"/></System><EventData><Data Name="RuleName">-</Data><Data Name="UtcTime">2026-01-16 12:49:30.204</Data><Data Name="ProcessGuid">{8b8a9dc4-33da-696a-0000-000000000000}</Data><Data Name="ProcessId">28138</Data><Data Name="Image">-</Data><Data Name="User">root</Data></EventData></Event>
Jan 16 19:49:29 vincenzolog-VMware-Virtual-Platform sysmon[1624]: <Event><System><Provider Name="Linux-Sysmon" Guid="{ff032593-a8d3-4f13-b0d6-01fc615a0f97}"/><EventID>5</EventID><Version>3</Version><Level>4</Level><Task>5</Task><Opcode>0</Opcode><Keywords>0x8000000000000000</Keywords><TimeCreated SystemTime="2026-01-16T12:49:29.497831000Z"/><EventRecordID>791365</EventRecordID><Correlation/><Execution ProcessID="1624" ThreadID="1624"/><Channel>Linux-Sysmon/Operational</Channel><Computer>vincenzolog-VMware-Virtual-Platform</Computer><Security UserId="0"/></System><EventData><Data Name="RuleName">-</Data><Data Name="UtcTime">2026-01-16 12:49:30.204</Data><Data Name="ProcessGuid">{8b8a9dc4-33da-696a-0000-000000000000}</Data><Data Name="ProcessId">28139</Data><Data Name="Image">-</Data><Data Name="User">root</Data></EventData></Event>
Jan 16 19:49:29 vincenzolog-VMware-Virtual-Platform sysmon[1624]: <Event><System><Provider Name="Linux-Sysmon" Guid="{ff032593-a8d3-4f13-b0d6-01fc615a0f97}"/><EventID>5</EventID><Version>3</Version><Level>4</Level><Task>5</Task><Opcode>0</Opcode><Keywords>0x8000000000000000</Keywords><TimeCreated SystemTime="2026-01-16T12:49:29.498135000Z"/><EventRecordID>791366</EventRecordID><Correlation/><Execution ProcessID="1624" ThreadID="1624"/><Channel>Linux-Sysmon/Operational</Channel><Computer>vincenzolog-VMware-Virtual-Platform</Computer><Security UserId="0"/></System><EventData><Data Name="RuleName">-</Data><Data Name="UtcTime">2026-01-16 12:49:30.204</Data><Data Name="ProcessGuid">{8b8a9dc4-33da-696a-0000-000000000000}</Data><Data Name="ProcessId">28140</Data><Data Name="Image">-</Data><Data Name="User">root</Data></EventData></Event>
Jan 16 19:49:29 vincenzolog-VMware-Virtual-Platform sysmon[1624]: <Event><System><Provider Name="Linux-Sysmon" Guid="{ff032593-a8d3-4f13-b0d6-01fc615a0f97}"/><EventID>5</EventID><Version>3</Version><Level>4</Level><Task>5</Task><Opcode>0</Opcode><Keywords>0x8000000000000000</Keywords><TimeCreated SystemTime="2026-01-16T12:49:29.498673000Z"/><EventRecordID>791367</EventRecordID><Correlation/><Execution ProcessID="1624" ThreadID="1624"/><Channel>Linux-Sysmon/Operational</Channel><Computer>vincenzolog-VMware-Virtual-Platform</Computer><Security UserId="0"/></System><EventData><Data Name="RuleName">-</Data><Data Name="UtcTime">2026-01-16 12:49:30.205</Data><Data Name="ProcessGuid">{8b8a9dc4-33da-696a-0000-000000000000}</Data><Data Name="ProcessId">28141</Data><Data Name="Image">-</Data><Data Name="User">root</Data></EventData></Event>
Jan 16 19:49:29 vincenzolog-VMware-Virtual-Platform sysmon[1624]: <Event><System><Provider Name="Linux-Sysmon" Guid="{ff032593-a8d3-4f13-b0d6-01fc615a0f97}"/><EventID>5</EventID><Version>3</Version><Level>4</Level><Task>5</Task><Opcode>0</Opcode><Keywords>0x8000000000000000</Keywords><TimeCreated SystemTime="2026-01-16T12:49:29.499213000Z"/><EventRecordID>791368</EventRecordID><Correlation/><Execution ProcessID="1624" ThreadID="1624"/><Channel>Linux-Sysmon/Operational</Channel><Computer>vincenzolog-VMware-Virtual-Platform</Computer><Security UserId="0"/></System><EventData><Data Name="RuleName">-</Data><Data Name="UtcTime">2026-01-16 12:49:30.205</Data><Data Name="ProcessGuid">{8b8a9dc4-33da-696a-0000-000000000000}</Data><Data Name="ProcessId">28142</Data><Data Name="Image">-</Data><Data Name="User">root</Data></EventData></Event>
Jan 16 19:49:29 vincenzolog-VMware-Virtual-Platform sysmon[1624]: <Event><System><Provider Name="Linux-Sysmon" Guid="{ff032593-a8d3-4f13-b0d6-01fc615a0f97}"/><EventID>5</EventID><Version>3</Version><Level>4</Level><Task>5</Task><Opcode>0</Opcode><Keywords>0x8000000000000000</Keywords><TimeCreated SystemTime="2026-01-16T12:49:29.499592000Z"/><EventRecordID>791369</EventRecordID><Correlation/><Execution ProcessID="1624" ThreadID="1624"/><Channel>Linux-Sysmon/Operational</Channel><Computer>vincenzolog-VMware-Virtual-Platform</Computer><Security UserId="0"/></System><EventData><Data Name="RuleName">-</Data><Data Name="UtcTime">2026-01-16 12:49:30.206</Data><Data Name="ProcessGuid">{8b8a9dc4-33da-696a-0000-000000000000}</Data><Data Name="ProcessId">28143</Data><Data Name="Image">-</Data><Data Name="User">root</Data></EventData></Event>
Jan 16 19:49:29 vincenzolog-VMware-Virtual-Platform sysmon[1624]: <Event><System><Provider Name="Linux-Sysmon" Guid="{ff032593-a8d3-4f13-b0d6-01fc615a0f97}"/><EventID>1</EventID><Version>5</Version><Level>4</Level><Task>1</Task><Opcode>0</Opcode><Keywords>0x8000000000000000</Keywords><TimeCreated SystemTime="2026-01-16T12:49:29.509081000Z"/><EventRecordID>791370</EventRecordID><Correlation/><Execution ProcessID="1624" ThreadID="1624"/><Channel>Linux-Sysmon/Operational</Channel><Computer>vincenzolog-VMware-Virtual-Platform</Computer><Security UserId="0"/></System><EventData><Data Name="RuleName">-</Data><Data Name="UtcTime">2026-01-16 12:49:30.214</Data><Data Name="ProcessGuid">{8b8a9dc4-33da-696a-1933-c7ed89630000}</Data><Data Name="ProcessId">28145</Data><Data Name="Image">/usr/lib/systemd/system-environment-generators/snapd-env-generator</Data><Data Name="FileVersion">-</Data><Data Name="Description">-</Data><Data Name="Product">-</Data><Data Name="Company">-</Data><Data Name="OriginalFileName">-</Data><Data Name="CommandLine">/usr/lib/systemd/system-environment-generators/snapd-env-generator</Data><Data Name="CurrentDirectory">/</Data><Data Name="User">root</Data><Data Name="LogonGuid">{8b8a9dc4-0000-0000-0000-000000000000}</Data><Data Name="LogonId">0</Data><Data Name="TerminalSessionId">4294967295</Data><Data Name="IntegrityLevel">no level</Data><Data Name="Hashes">SHA256=6bd93fa5f78f109ace0b2314c393ec84f03b9994ed5fa02ce660305fdd969612</Data><Data Name="ParentProcessGuid">{00000000-0000-0000-0000-000000000000}</Data><Data Name="ParentProcessId">28144</Data><Data Name="ParentImage">-</Data><Data Name="ParentCommandLine">-</Data><Data Name="ParentUser">-</Data></EventData></Event>
Jan 16 19:49:29 vincenzolog-VMware-Virtual-Platform sysmon[1624]: <Event><System><Provider Name="Linux-Sysmon" Guid="{ff032593-a8d3-4f13-b0d6-01fc615a0f97}"/><EventID>5</EventID><Version>3</Version><Level>4</Level><Task>5</Task><Opcode>0</Opcode><Keywords>0x8000000000000000</Keywords><TimeCreated SystemTime="2026-01-16T12:49:29.510167000Z"/><EventRecordID>791371</EventRecordID><Correlation/><Execution ProcessID="1624" ThreadID="1624"/><Channel>Linux-Sysmon/Operational</Channel><Computer>vincenzolog-VMware-Virtual-Platform</Computer><Security UserId="0"/></System><EventData><Data Name="RuleName">-</Data><Data Name="UtcTime">2026-01-16 12:49:30.216</Data><Data Name="ProcessGuid">{8b8a9dc4-33da-696a-1933-c7ed89630000}</Data><Data Name="ProcessId">28145</Data><Data Name="Image">/usr/lib/systemd/system-environment-generators/snapd-env-generator</Data><Data Name="User">root</Data></EventData></Event>
Jan 16 19:49:29 vincenzolog-VMware-Virtual-Platform sysmon[1624]: <Event><System><Provider Name="Linux-Sysmon" Guid="{ff032593-a8d3-4f13-b0d6-01fc615a0f97}"/><EventID>5</EventID><Version>3</Version><Level>4</Level><Task>5</Task><Opcode>0</Opcode><Keywords>0x8000000000000000</Keywords><TimeCreated SystemTime="2026-01-16T12:49:29.511008000Z"/><EventRecordID>791372</EventRecordID><Correlation/><Execution ProcessID="1624" ThreadID="1624"/><Channel>Linux-Sysmon/Operational</Channel><Computer>vincenzolog-VMware-Virtual-Platform</Computer><Security UserId="0"/></System><EventData><Data Name="RuleName">-</Data><Data Name="UtcTime">2026-01-16 12:49:30.217</Data><Data Name="ProcessGuid">{8b8a9dc4-33da-696a-0000-000000000000}</Data><Data Name="ProcessId">28144</Data><Data Name="Image">-</Data><Data Name="User">root</Data></EventData></Event>
Jan 16 19:49:29 vincenzolog-VMware-Virtual-Platform sysmon[1624]: <Event><System><Provider Name="Linux-Sysmon" Guid="{ff032593-a8d3-4f13-b0d6-01fc615a0f97}"/><EventID>1</EventID><Version>5</Version><Level>4</Level><Task>1</Task><Opcode>0</Opcode><Keywords>0x8000000000000000</Keywords><TimeCreated SystemTime="2026-01-16T12:49:29.516776000Z"/><EventRecordID>791373</EventRecordID><Correlation/><Execution ProcessID="1624" ThreadID="1624"/><Channel>Linux-Sysmon/Operational</Channel><Computer>vincenzolog-VMware-Virtual-Platform</Computer><Security UserId="0"/></System><EventData><Data Name="RuleName">-</Data><Data Name="UtcTime">2026-01-16 12:49:30.222</Data><Data Name="ProcessGuid">{8b8a9dc4-33da-696a-1d08-161ae8580000}</Data><Data Name="ProcessId">28148</Data><Data Name="Image">/usr/bin/dash</Data><Data Name="FileVersion">-</Data><Data Name="Description">-</Data><Data Name="Product">-</Data><Data Name="Company">-</Data><Data Name="OriginalFileName">-</Data><Data Name="CommandLine">/bin/sh /usr/lib/systemd/system-generators/cloud-init-generator /run/systemd/generator /run/systemd/generator.early /run/systemd/generator.late</Data><Data Name="CurrentDirectory">/</Data><Data Name="User">root</Data><Data Name="LogonGuid">{8b8a9dc4-0000-0000-0000-000000000000}</Data><Data Name="LogonId">0</Data><Data Name="TerminalSessionId">4294967295</Data><Data Name="IntegrityLevel">no level</Data><Data Name="Hashes">SHA256=86d31f6fb799e91fa21bad341484564510ca287703a16e9e46c53338776f4f42</Data><Data Name="ParentProcessGuid">{00000000-0000-0000-0000-000000000000}</Data><Data Name="ParentProcessId">28147</Data><Data Name="ParentImage">-</Data><Data Name="ParentCommandLine">-</Data><Data Name="ParentUser">-</Data></EventData></Event>
Jan 16 19:49:29 vincenzolog-VMware-Virtual-Platform sysmon[1624]: <Event><System><Provider Name="Linux-Sysmon" Guid="{ff032593-a8d3-4f13-b0d6-01fc615a0f97}"/><EventID>1</EventID><Version>5</Version><Level>4</Level><Task>1</Task><Opcode>0</Opcode><Keywords>0x8000000000000000</Keywords><TimeCreated SystemTime="2026-01-16T12:49:29.517663000Z"/><EventRecordID>791374</EventRecordID><Correlation/><Execution ProcessID="1624" ThreadID="1624"/><Channel>Linux-Sysmon/Operational</Channel><Computer>vincenzolog-VMware-Virtual-Platform</Computer><Security UserId="0"/></System><EventData><Data Name="RuleName">-</Data><Data Name="UtcTime">2026-01-16 12:49:30.222</Data><Data Name="ProcessGuid">{8b8a9dc4-33da-696a-1d48-f64a16620000}</Data><Data Name="ProcessId">28149</Data><Data Name="Image">/usr/bin/dash</Data><Data Name="FileVersion">-</Data><Data Name="Description">-</Data><Data Name="Product">-</Data><Data Name="Company">-</Data><Data Name="OriginalFileName">-</Data><Data Name="CommandLine">/bin/sh /usr/lib/systemd/system-generators/friendly-recovery /run/systemd/generator /run/systemd/generator.early /run/systemd/generator.late</Data><Data Name="CurrentDirectory">/</Data><Data Name="User">root</Data><Data Name="LogonGuid">{8b8a9dc4-0000-0000-0000-000000000000}</Data><Data Name="LogonId">0</Data><Data Name="TerminalSessionId">4294967295</Data><Data Name="IntegrityLevel">no level</Data><Data Name="Hashes">SHA256=86d31f6fb799e91fa21bad341484564510ca287703a16e9e46c53338776f4f42</Data><Data Name="ParentProcessGuid">{00000000-0000-0000-0000-000000000000}</Data><Data Name="ParentProcessId">28147</Data><Data Name="ParentImage">-</Data><Data Name="ParentCommandLine">-</Data><Data Name="ParentUser">-</Data></EventData></Event>
Jan 16 19:49:29 vincenzolog-VMware-Virtual-Platform sysmon[1624]: <Event><System><Provider Name="Linux-Sysmon" Guid="{ff032593-a8d3-4f13-b0d6-01fc615a0f97}"/><EventID>1</EventID><Version>5</Version><Level>4</Level><Task>1</Task><Opcode>0</Opcode><Keywords>0x8000000000000000</Keywords><TimeCreated SystemTime="2026-01-16T12:49:29.517778000Z"/><EventRecordID>791375</EventRecordID><Correlation/><Execution ProcessID="1624" ThreadID="1624"/><Channel>Linux-Sysmon/Operational</Channel><Computer>vincenzolog-VMware-Virtual-Platform</Computer><Security UserId="0"/></System><EventData><Data Name="RuleName">-</Data><Data Name="UtcTime">2026-01-16 12:49:30.223</Data><Data Name="ProcessGuid">{8b8a9dc4-33da-696a-6539-69939a600000}</Data><Data Name="ProcessId">28150</Data><Data Name="Image">/usr/libexec/netplan/generate</Data><Data Name="FileVersion">-</Data><Data Name="Description">-</Data><Data Name="Product">-</Data><Data Name="Company">-</Data><Data Name="OriginalFileName">-</Data><Data Name="CommandLine">/usr/lib/systemd/system-generators/netplan /run/systemd/generator /run/systemd/generator.early /run/systemd/generator.late</Data><Data Name="CurrentDirectory">/</Data><Data Name="User">root</Data><Data Name="LogonGuid">{8b8a9dc4-0000-0000-0000-000000000000}</Data><Data Name="LogonId">0</Data><Data Name="TerminalSessionId">4294967295</Data><Data Name="IntegrityLevel">no level</Data><Data Name="Hashes">SHA256=abdf29b2586f63424538632aaf5697499412418f42663e8e10fe4a21da7d73cd</Data><Data Name="ParentProcessGuid">{00000000-0000-0000-0000-000000000000}</Data><Data Name="ParentProcessId">28147</Data><Data Name="ParentImage">-</Data><Data Name="ParentCommandLine">-</Data><Data Name="ParentUser">-</Data></EventData></Event>
Jan 16 19:49:29 vincenzolog-VMware-Virtual-Platform sysmon[1624]: <Event><System><Provider Name="Linux-Sysmon" Guid="{ff032593-a8d3-4f13-b0d6-01fc615a0f97}"/><EventID>1</EventID><Version>5</Version><Level>4</Level><Task>1</Task><Opcode>0</Opcode><Keywords>0x8000000000000000</Keywords><TimeCreated SystemTime="2026-01-16T12:49:29.517956000Z"/><EventRecordID>791376</EventRecordID><Correlation/><Execution ProcessID="1624" ThreadID="1624"/><Channel>Linux-Sysmon/Operational</Channel><Computer>vincenzolog-VMware-Virtual-Platform</Computer><Security UserId="0"/></System><EventData><Data Name="RuleName">-</Data><Data Name="UtcTime">2026-01-16 12:49:30.223</Data><Data Name="ProcessGuid">{8b8a9dc4-33da-696a-1df8-a263ae580000}</Data><Data Name="ProcessId">28151</Data><Data Name="Image">/usr/bin/dash</Data><Data Name="FileVersion">-</Data><Data Name="Description">-</Data><Data Name="Product">-</Data><Data Name="Company">-</Data><Data Name="OriginalFileName">-</Data><Data Name="CommandLine">/bin/sh /usr/lib/systemd/system-generators/openvpn-generator /run/systemd/generator /run/systemd/generator.early /run/systemd/generator.late</Data><Data Name="CurrentDirectory">/</Data><Data Name="User">root</Data><Data Name="LogonGuid">{8b8a9dc4-0000-0000-0000-000000000000}</Data><Data Name="LogonId">0</Data><Data Name="TerminalSessionId">4294967295</Data><Data Name="IntegrityLevel">no level</Data><Data Name="Hashes">SHA256=86d31f6fb799e91fa21bad341484564510ca287703a16e9e46c53338776f4f42</Data><Data Name="ParentProcessGuid">{00000000-0000-0000-0000-000000000000}</Data><Data Name="ParentProcessId">28147</Data><Data Name="ParentImage">-</Data><Data Name="ParentCommandLine">-</Data><Data Name="ParentUser">-</Data></EventData></Event>
Jan 16 19:49:29 vincenzolog-VMware-Virtual-Platform sysmon[1624]: <Event><System><Provider Name="Linux-Sysmon" Guid="{ff032593-a8d3-4f13-b0d6-01fc615a0f97}"/><EventID>1</EventID><Version>5</Version><Level>4</Level><Task>1</Task><Opcode>0</Opcode><Keywords>0x8000000000000000</Keywords><TimeCreated SystemTime="2026-01-16T12:49:29.519305000Z"/><EventRecordID>791377</EventRecordID><Correlation/><Execution ProcessID="1624" ThreadID="1624"/><Channel>Linux-Sysmon/Operational</Channel><Computer>vincenzolog-VMware-Virtual-Platform</Computer><Security UserId="0"/></System><EventData><Data Name="RuleName">-</Data><Data Name="UtcTime">2026-01-16 12:49:30.225</Data><Data Name="ProcessGuid">{8b8a9dc4-33da-696a-b134-a60aeb550000}</Data><Data Name="ProcessId">28152</Data><Data Name="Image">/usr/bin/cat</Data><Data Name="FileVersion">-</Data><Data Name="Description">-</Data><Data Name="Product">-</Data><Data Name="Company">-</Data><Data Name="OriginalFileName">-</Data><Data Name="CommandLine">cat /proc/cmdline</Data><Data Name="CurrentDirectory">/</Data><Data Name="User">root</Data><Data Name="LogonGuid">{8b8a9dc4-0000-0000-0000-000000000000}</Data><Data Name="LogonId">0</Data><Data Name="TerminalSessionId">4294967295</Data><Data Name="IntegrityLevel">no level</Data><Data Name="Hashes">SHA256=dda0961715677dff3cd560e1933379c0eca73c0b6e19fef2737492ebc1de1700</Data><Data Name="ParentProcessGuid">{8b8a9dc4-33da-696a-1d48-f64a16620000}</Data><Data Name="ParentProcessId">28149</Data><Data Name="ParentImage">/usr/bin/dash</Data><Data Name="ParentCommandLine">/bin/sh</Data><Data Name="ParentUser">root</Data></EventData></Event>
Jan 16 19:49:29 vincenzolog-VMware-Virtual-Platform sysmon[1624]: <Event><System><Provider Name="Linux-Sysmon" Guid="{ff032593-a8d3-4f13-b0d6-01fc615a0f97}"/><EventID>1</EventID><Version>5</Version><Level>4</Level><Task>1</Task><Opcode>0</Opcode><Keywords>0x8000000000000000</Keywords><TimeCreated SystemTime="2026-01-16T12:49:29.519958000Z"/><EventRecordID>791378</EventRecordID><Correlation/><Execution ProcessID="1624" ThreadID="1624"/><Channel>Linux-Sysmon/Operational</Channel><Computer>vincenzolog-VMware-Virtual-Platform</Computer><Security UserId="0"/></System><EventData><Data Name="RuleName">-</Data><Data Name="UtcTime">2026-01-16 12:49:30.225</Data><Data Name="ProcessGuid">{8b8a9dc4-33da-696a-1d48-e28de7620000}</Data><Data Name="ProcessId">28154</Data><Data Name="Image">/usr/bin/dash</Data><Data Name="FileVersion">-</Data><Data Name="Description">-</Data><Data Name="Product">-</Data><Data Name="Company">-</Data><Data Name="OriginalFileName">-</Data><Data Name="CommandLine">/bin/sh /usr/lib/cloud-init/ds-identify</Data><Data Name="CurrentDirectory">/</Data><Data Name="User">root</Data><Data Name="LogonGuid">{8b8a9dc4-0000-0000-0000-000000000000}</Data><Data Name="LogonId">0</Data><Data Name="TerminalSessionId">4294967295</Data><Data Name="IntegrityLevel">no level</Data><Data Name="Hashes">SHA256=86d31f6fb799e91fa21bad341484564510ca287703a16e9e46c53338776f4f42</Data><Data Name="ParentProcessGuid">{8b8a9dc4-33da-696a-1d08-161ae8580000}</Data><Data Name="ParentProcessId">28148</Data><Data Name="ParentImage">/usr/bin/dash</Data><Data Name="ParentCommandLine">/bin/sh</Data><Data Name="ParentUser">root</Data></EventData></Event>
Jan 16 19:49:29 vincenzolog-VMware-Virtual-Platform sysmon[1624]: <Event><System><Provider Name="Linux-Sysmon" Guid="{ff032593-a8d3-4f13-b0d6-01fc615a0f97}"/><EventID>1</EventID><Version>5</Version><Level>4</Level><Task>1</Task><Opcode>0</Opcode><Keywords>0x8000000000000000</Keywords><TimeCreated SystemTime="2026-01-16T12:49:29.520232000Z"/><EventRecordID>791379</EventRecordID><Correlation/><Execution ProcessID="1624" ThreadID="1624"/><Channel>Linux-Sysmon/Operational</Channel><Computer>vincenzolog-VMware-Virtual-Platform</Computer><Security UserId="0"/></System><EventData><Data Name="RuleName">-</Data><Data Name="UtcTime">2026-01-16 12:49:30.226</Data><Data Name="ProcessGuid">{8b8a9dc4-33da-696a-fd3c-627938560000}</Data><Data Name="ProcessId">28155</Data><Data Name="Image">/usr/lib/systemd/system-generators/systemd-cryptsetup-generator</Data><Data Name="FileVersion">-</Data><Data Name="Description">-</Data><Data Name="Product">-</Data><Data Name="Company">-</Data><Data Name="OriginalFileName">-</Data><Data Name="CommandLine">/usr/lib/systemd/system-generators/systemd-cryptsetup-generator /run/systemd/generator /run/systemd/generator.early /run/systemd/generator.late</Data><Data Name="CurrentDirectory">/</Data><Data Name="User">root</Data><Data Name="LogonGuid">{8b8a9dc4-0000-0000-0000-000000000000}</Data><Data Name="LogonId">0</Data><Data Name="TerminalSessionId">4294967295</Data><Data Name="IntegrityLevel">no level</Data><Data Name="Hashes">SHA256=81eb038595b4a9b8056a351bce8e24f4f9e4d91ef5c41d35cb33b4da28acf72a</Data><Data Name="ParentProcessGuid">{00000000-0000-0000-0000-000000000000}</Data><Data Name="ParentProcessId">28147</Data><Data Name="ParentImage">-</Data><Data Name="ParentCommandLine">-</Data><Data Name="ParentUser">-</Data></EventData></Event>
Jan 16 19:49:29 vincenzolog-VMware-Virtual-Platform sysmon[1624]: <Event><System><Provider Name="Linux-Sysmon" Guid="{ff032593-a8d3-4f13-b0d6-01fc615a0f97}"/><EventID>1</EventID><Version>5</Version><Level>4</Level><Task>1</Task><Opcode>0</Opcode><Keywords>0x8000000000000000</Keywords><TimeCreated SystemTime="2026-01-16T12:49:29.520862000Z"/><EventRecordID>791380</EventRecordID><Correlation/><Execution ProcessID="1624" ThreadID="1624"/><Channel>Linux-Sysmon/Operational</Channel><Computer>vincenzolog-VMware-Virtual-Platform</Computer><Security UserId="0"/></System><EventData><Data Name="RuleName">-</Data><Data Name="UtcTime">2026-01-16 12:49:30.225</Data><Data Name="ProcessGuid">{8b8a9dc4-33da-696a-ddf2-ec02225f0000}</Data><Data Name="ProcessId">28153</Data><Data Name="Image">/usr/lib/systemd/system-generators/snapd-generator</Data><Data Name="FileVersion">-</Data><Data Name="Description">-</Data><Data Name="Product">-</Data><Data Name="Company">-</Data><Data Name="OriginalFileName">-</Data><Data Name="CommandLine">/usr/lib/systemd/system-generators/snapd-generator /run/systemd/generator /run/systemd/generator.early /run/systemd/generator.late</Data><Data Name="CurrentDirectory">/</Data><Data Name="User">root</Data><Data Name="LogonGuid">{8b8a9dc4-0000-0000-0000-000000000000}</Data><Data Name="LogonId">0</Data><Data Name="TerminalSessionId">4294967295</Data><Data Name="IntegrityLevel">no level</Data><Data Name="Hashes">SHA256=fe04d6de29f54e5355e471e4504233c7317599f001ebd0ba20fc205926b0ee86</Data><Data Name="ParentProcessGuid">{00000000-0000-0000-0000-000000000000}</Data><Data Name="ParentProcessId">28147</Data><Data Name="ParentImage">-</Data><Data Name="ParentCommandLine">-</Data><Data Name="ParentUser">-</Data></EventData></Event>
