Jan 13 00:11:08 vincenzolog-VMware-Virtual-Platform sysmon[5412]: <Event><System><Provider Name="Linux-Sysmon" Guid="{ff032593-a8d3-4f13-b0d6-01fc615a0f97}"/><EventID>5</EventID><Version>3</Version><Level>4</Level><Task>5</Task><Opcode>0</Opcode><Keywords>0x8000000000000000</Keywords><TimeCreated SystemTime="2026-01-12T17:11:08.291647000Z"/><EventRecordID>373678</EventRecordID><Correlation/><Execution ProcessID="5412" ThreadID="5412"/><Channel>Linux-Sysmon/Operational</Channel><Computer>vincenzolog-VMware-Virtual-Platform</Computer><Security UserId="0"/></System><EventData><Data Name="RuleName">-</Data><Data Name="UtcTime">2026-01-12 04:56:01.123</Data><Data Name="ProcessGuid">{8b8a9dc4-2a69-6964-155e-e86f4b610000}</Data><Data Name="ProcessId">520</Data><Data Name="Image">/usr/lib/systemd/systemd-journald</Data><Data Name="User">root</Data></EventData></Event>
Jan 13 00:11:08 vincenzolog-VMware-Virtual-Platform sysmon[5412]: <Event><System><Provider Name="Linux-Sysmon" Guid="{ff032593-a8d3-4f13-b0d6-01fc615a0f97}"/><EventID>5</EventID><Version>3</Version><Level>4</Level><Task>5</Task><Opcode>0</Opcode><Keywords>0x8000000000000000</Keywords><TimeCreated SystemTime="2026-01-12T17:11:08.293105000Z"/><EventRecordID>373679</EventRecordID><Correlation/><Execution ProcessID="5412" ThreadID="5412"/><Channel>Linux-Sysmon/Operational</Channel><Computer>vincenzolog-VMware-Virtual-Platform</Computer><Security UserId="0"/></System><EventData><Data Name="RuleName">-</Data><Data Name="UtcTime">2026-01-12 04:56:01.125</Data><Data Name="ProcessGuid">{8b8a9dc4-7ee1-6964-cdeb-8e4dd25e0000}</Data><Data Name="ProcessId">59653</Data><Data Name="Image">/usr/bin/journalctl</Data><Data Name="User">root</Data></EventData></Event>
Jan 13 00:11:08 vincenzolog-VMware-Virtual-Platform sysmon[5412]: <Event><System><Provider Name="Linux-Sysmon" Guid="{ff032593-a8d3-4f13-b0d6-01fc615a0f97}"/><EventID>5</EventID><Version>3</Version><Level>4</Level><Task>5</Task><Opcode>0</Opcode><Keywords>0x8000000000000000</Keywords><TimeCreated SystemTime="2026-01-12T17:11:08.293425000Z"/><EventRecordID>373680</EventRecordID><Correlation/><Execution ProcessID="5412" ThreadID="5412"/><Channel>Linux-Sysmon/Operational</Channel><Computer>vincenzolog-VMware-Virtual-Platform</Computer><Security UserId="0"/></System><EventData><Data Name="RuleName">-</Data><Data Name="UtcTime">2026-01-12 04:56:01.126</Data><Data Name="ProcessGuid">{8b8a9dc4-7ee1-6964-1d88-bc8788600000}</Data><Data Name="ProcessId">59652</Data><Data Name="Image">/usr/bin/dash</Data><Data Name="User">root</Data></EventData></Event>
Jan 13 00:11:08 vincenzolog-VMware-Virtual-Platform sysmon[5412]: <Event><System><Provider Name="Linux-Sysmon" Guid="{ff032593-a8d3-4f13-b0d6-01fc615a0f97}"/><EventID>1</EventID><Version>5</Version><Level>4</Level><Task>1</Task><Opcode>0</Opcode><Keywords>0x8000000000000000</Keywords><TimeCreated SystemTime="2026-01-12T17:11:08.294564000Z"/><EventRecordID>373681</EventRecordID><Correlation/><Execution ProcessID="5412" ThreadID="5412"/><Channel>Linux-Sysmon/Operational</Channel><Computer>vincenzolog-VMware-Virtual-Platform</Computer><Security UserId="0"/></System><EventData><Data Name="RuleName">-</Data><Data Name="UtcTime">2026-01-12 04:56:01.126</Data><Data Name="ProcessGuid">{8b8a9dc4-7ee1-6964-1d88-340bf1560000}</Data><Data Name="ProcessId">59655</Data><Data Name="Image">/usr/bin/dash</Data><Data Name="FileVersion">-</Data><Data Name="Description">-</Data><Data Name="Product">-</Data><Data Name="Company">-</Data><Data Name="OriginalFileName">-</Data><Data Name="CommandLine">/bin/sh -c journalctl --vacuum-time=1s</Data><Data Name="CurrentDirectory">/home/vincenzolog/Auto_test</Data><Data Name="User">root</Data><Data Name="LogonGuid">{8b8a9dc4-0000-0000-0000-000009000000}</Data><Data Name="LogonId">0</Data><Data Name="TerminalSessionId">3</Data><Data Name="IntegrityLevel">no level</Data><Data Name="Hashes">SHA256=86d31f6fb799e91fa21bad341484564510ca287703a16e9e46c53338776f4f42</Data><Data Name="ParentProcessGuid">{8b8a9dc4-79b2-6964-1d23-700000000000}</Data><Data Name="ParentProcessId">47786</Data><Data Name="ParentImage">/usr/bin/python3.12</Data><Data Name="ParentCommandLine">python3</Data><Data Name="ParentUser">root</Data></EventData></Event>
Jan 13 00:11:08 vincenzolog-VMware-Virtual-Platform sysmon[5412]: <Event><System><Provider Name="Linux-Sysmon" Guid="{ff032593-a8d3-4f13-b0d6-01fc615a0f97}"/><EventID>1</EventID><Version>5</Version><Level>4</Level><Task>1</Task><Opcode>0</Opcode><Keywords>0x8000000000000000</Keywords><TimeCreated SystemTime="2026-01-12T17:11:08.296245000Z"/><EventRecordID>373682</EventRecordID><Correlation/><Execution ProcessID="5412" ThreadID="5412"/><Channel>Linux-Sysmon/Operational</Channel><Computer>vincenzolog-VMware-Virtual-Platform</Computer><Security UserId="0"/></System><EventData><Data Name="RuleName">-</Data><Data Name="UtcTime">2026-01-12 04:56:01.128</Data><Data Name="ProcessGuid">{8b8a9dc4-7ee1-6964-cd6b-43f73f580000}</Data><Data Name="ProcessId">59656</Data><Data Name="Image">/usr/bin/journalctl</Data><Data Name="FileVersion">-</Data><Data Name="Description">-</Data><Data Name="Product">-</Data><Data Name="Company">-</Data><Data Name="OriginalFileName">-</Data><Data Name="CommandLine">journalctl --vacuum-time=1s</Data><Data Name="CurrentDirectory">/home/vincenzolog/Auto_test</Data><Data Name="User">root</Data><Data Name="LogonGuid">{8b8a9dc4-0000-0000-0000-000009000000}</Data><Data Name="LogonId">0</Data><Data Name="TerminalSessionId">3</Data><Data Name="IntegrityLevel">no level</Data><Data Name="Hashes">SHA256=7bd10a9c601c3204a6c464fc517b204e469eca7f12b09f9c4826f3cc1e42bd79</Data><Data Name="ParentProcessGuid">{8b8a9dc4-7ee1-6964-1d88-340bf1560000}</Data><Data Name="ParentProcessId">59655</Data><Data Name="ParentImage">/usr/bin/dash</Data><Data Name="ParentCommandLine">/bin/sh</Data><Data Name="ParentUser">root</Data></EventData></Event>
Jan 13 00:11:08 vincenzolog-VMware-Virtual-Platform sysmon[5412]: <Event><System><Provider Name="Linux-Sysmon" Guid="{ff032593-a8d3-4f13-b0d6-01fc615a0f97}"/><EventID>5</EventID><Version>3</Version><Level>4</Level><Task>5</Task><Opcode>0</Opcode><Keywords>0x8000000000000000</Keywords><TimeCreated SystemTime="2026-01-12T17:11:08.302893000Z"/><EventRecordID>373683</EventRecordID><Correlation/><Execution ProcessID="5412" ThreadID="5412"/><Channel>Linux-Sysmon/Operational</Channel><Computer>vincenzolog-VMware-Virtual-Platform</Computer><Security UserId="0"/></System><EventData><Data Name="RuleName">-</Data><Data Name="UtcTime">2026-01-12 04:56:01.135</Data><Data Name="ProcessGuid">{8b8a9dc4-7ee1-6964-cd6b-43f73f580000}</Data><Data Name="ProcessId">59656</Data><Data Name="Image">/usr/bin/journalctl</Data><Data Name="User">root</Data></EventData></Event>
Jan 13 00:11:08 vincenzolog-VMware-Virtual-Platform sysmon[5412]: <Event><System><Provider Name="Linux-Sysmon" Guid="{ff032593-a8d3-4f13-b0d6-01fc615a0f97}"/><EventID>5</EventID><Version>3</Version><Level>4</Level><Task>5</Task><Opcode>0</Opcode><Keywords>0x8000000000000000</Keywords><TimeCreated SystemTime="2026-01-12T17:11:08.303382000Z"/><EventRecordID>373684</EventRecordID><Correlation/><Execution ProcessID="5412" ThreadID="5412"/><Channel>Linux-Sysmon/Operational</Channel><Computer>vincenzolog-VMware-Virtual-Platform</Computer><Security UserId="0"/></System><EventData><Data Name="RuleName">-</Data><Data Name="UtcTime">2026-01-12 04:56:01.136</Data><Data Name="ProcessGuid">{8b8a9dc4-7ee1-6964-1d88-340bf1560000}</Data><Data Name="ProcessId">59655</Data><Data Name="Image">/usr/bin/dash</Data><Data Name="User">root</Data></EventData></Event>
Jan 13 00:11:09 vincenzolog-VMware-Virtual-Platform sysmon[5412]: <Event><System><Provider Name="Linux-Sysmon" Guid="{ff032593-a8d3-4f13-b0d6-01fc615a0f97}"/><EventID>5</EventID><Version>3</Version><Level>4</Level><Task>5</Task><Opcode>0</Opcode><Keywords>0x8000000000000000</Keywords><TimeCreated SystemTime="2026-01-12T17:11:09.097098000Z"/><EventRecordID>373685</EventRecordID><Correlation/><Execution ProcessID="5412" ThreadID="5412"/><Channel>Linux-Sysmon/Operational</Channel><Computer>vincenzolog-VMware-Virtual-Platform</Computer><Security UserId="0"/></System><EventData><Data Name="RuleName">-</Data><Data Name="UtcTime">2026-01-12 04:56:01.929</Data><Data Name="ProcessGuid">{8b8a9dc4-7ee0-6964-b1f6-4939445e0000}</Data><Data Name="ProcessId">59649</Data><Data Name="Image">/usr/bin/sleep</Data><Data Name="User">vincenzolog</Data></EventData></Event>
Jan 13 00:11:09 vincenzolog-VMware-Virtual-Platform sysmon[5412]: <Event><System><Provider Name="Linux-Sysmon" Guid="{ff032593-a8d3-4f13-b0d6-01fc615a0f97}"/><EventID>1</EventID><Version>5</Version><Level>4</Level><Task>1</Task><Opcode>0</Opcode><Keywords>0x8000000000000000</Keywords><TimeCreated SystemTime="2026-01-12T17:11:09.098699000Z"/><EventRecordID>373686</EventRecordID><Correlation/><Execution ProcessID="5412" ThreadID="5412"/><Channel>Linux-Sysmon/Operational</Channel><Computer>vincenzolog-VMware-Virtual-Platform</Computer><Security UserId="0"/></System><EventData><Data Name="RuleName">-</Data><Data Name="UtcTime">2026-01-12 04:56:01.930</Data><Data Name="ProcessGuid">{8b8a9dc4-7ee1-6964-813e-1f05035f0000}</Data><Data Name="ProcessId">59657</Data><Data Name="Image">/usr/bin/sed</Data><Data Name="FileVersion">-</Data><Data Name="Description">-</Data><Data Name="Product">-</Data><Data Name="Company">-</Data><Data Name="OriginalFileName">-</Data><Data Name="CommandLine">sed -n s/^cpu\s//p /proc/stat</Data><Data Name="CurrentDirectory">/home/vincenzolog</Data><Data Name="User">vincenzolog</Data><Data Name="LogonGuid">{8b8a9dc4-0000-0000-e803-000000000000}</Data><Data Name="LogonId">1000</Data><Data Name="TerminalSessionId">3</Data><Data Name="IntegrityLevel">no level</Data><Data Name="Hashes">SHA256=db67d4895f868617bfd19786247ebda7c2f50f4cb3857a987f732a2c267a799e</Data><Data Name="ParentProcessGuid">{8b8a9dc4-7ee0-6964-2d13-a7dc655c0000}</Data><Data Name="ParentProcessId">59643</Data><Data Name="ParentImage">/usr/bin/bash</Data><Data Name="ParentCommandLine">/bin/bash</Data><Data Name="ParentUser">vincenzolog</Data></EventData></Event>
Jan 13 00:11:09 vincenzolog-VMware-Virtual-Platform sysmon[5412]: <Event><System><Provider Name="Linux-Sysmon" Guid="{ff032593-a8d3-4f13-b0d6-01fc615a0f97}"/><EventID>5</EventID><Version>3</Version><Level>4</Level><Task>5</Task><Opcode>0</Opcode><Keywords>0x8000000000000000</Keywords><TimeCreated SystemTime="2026-01-12T17:11:09.100401000Z"/><EventRecordID>373687</EventRecordID><Correlation/><Execution ProcessID="5412" ThreadID="5412"/><Channel>Linux-Sysmon/Operational</Channel><Computer>vincenzolog-VMware-Virtual-Platform</Computer><Security UserId="0"/></System><EventData><Data Name="RuleName">-</Data><Data Name="UtcTime">2026-01-12 04:56:01.933</Data><Data Name="ProcessGuid">{8b8a9dc4-7ee1-6964-813e-1f05035f0000}</Data><Data Name="ProcessId">59657</Data><Data Name="Image">/usr/bin/sed</Data><Data Name="User">vincenzolog</Data></EventData></Event>
Jan 13 00:11:09 vincenzolog-VMware-Virtual-Platform sysmon[5412]: <Event><System><Provider Name="Linux-Sysmon" Guid="{ff032593-a8d3-4f13-b0d6-01fc615a0f97}"/><EventID>1</EventID><Version>5</Version><Level>4</Level><Task>1</Task><Opcode>0</Opcode><Keywords>0x8000000000000000</Keywords><TimeCreated SystemTime="2026-01-12T17:11:09.101982000Z"/><EventRecordID>373688</EventRecordID><Correlation/><Execution ProcessID="5412" ThreadID="5412"/><Channel>Linux-Sysmon/Operational</Channel><Computer>vincenzolog-VMware-Virtual-Platform</Computer><Security UserId="0"/></System><EventData><Data Name="RuleName">-</Data><Data Name="UtcTime">2026-01-12 04:56:01.933</Data><Data Name="ProcessGuid">{8b8a9dc4-7ee1-6964-b104-0d465d600000}</Data><Data Name="ProcessId">59658</Data><Data Name="Image">/usr/bin/cat</Data><Data Name="FileVersion">-</Data><Data Name="Description">-</Data><Data Name="Product">-</Data><Data Name="Company">-</Data><Data Name="OriginalFileName">-</Data><Data Name="CommandLine">cat /proc/27362/stat</Data><Data Name="CurrentDirectory">/home/vincenzolog</Data><Data Name="User">vincenzolog</Data><Data Name="LogonGuid">{8b8a9dc4-0000-0000-e803-000000000000}</Data><Data Name="LogonId">1000</Data><Data Name="TerminalSessionId">3</Data><Data Name="IntegrityLevel">no level</Data><Data Name="Hashes">SHA256=dda0961715677dff3cd560e1933379c0eca73c0b6e19fef2737492ebc1de1700</Data><Data Name="ParentProcessGuid">{8b8a9dc4-7ee0-6964-2d13-a7dc655c0000}</Data><Data Name="ParentProcessId">59643</Data><Data Name="ParentImage">/usr/bin/bash</Data><Data Name="ParentCommandLine">/bin/bash</Data><Data Name="ParentUser">vincenzolog</Data></EventData></Event>
Jan 13 00:11:09 vincenzolog-VMware-Virtual-Platform sysmon[5412]: <Event><System><Provider Name="Linux-Sysmon" Guid="{ff032593-a8d3-4f13-b0d6-01fc615a0f97}"/><EventID>5</EventID><Version>3</Version><Level>4</Level><Task>5</Task><Opcode>0</Opcode><Keywords>0x8000000000000000</Keywords><TimeCreated SystemTime="2026-01-12T17:11:09.103157000Z"/><EventRecordID>373689</EventRecordID><Correlation/><Execution ProcessID="5412" ThreadID="5412"/><Channel>Linux-Sysmon/Operational</Channel><Computer>vincenzolog-VMware-Virtual-Platform</Computer><Security UserId="0"/></System><EventData><Data Name="RuleName">-</Data><Data Name="UtcTime">2026-01-12 04:56:01.936</Data><Data Name="ProcessGuid">{8b8a9dc4-7ee1-6964-b104-0d465d600000}</Data><Data Name="ProcessId">59658</Data><Data Name="Image">/usr/bin/cat</Data><Data Name="User">vincenzolog</Data></EventData></Event>
Jan 13 00:11:09 vincenzolog-VMware-Virtual-Platform sysmon[5412]: <Event><System><Provider Name="Linux-Sysmon" Guid="{ff032593-a8d3-4f13-b0d6-01fc615a0f97}"/><EventID>5</EventID><Version>3</Version><Level>4</Level><Task>5</Task><Opcode>0</Opcode><Keywords>0x8000000000000000</Keywords><TimeCreated SystemTime="2026-01-12T17:11:09.104202000Z"/><EventRecordID>373690</EventRecordID><Correlation/><Execution ProcessID="5412" ThreadID="5412"/><Channel>Linux-Sysmon/Operational</Channel><Computer>vincenzolog-VMware-Virtual-Platform</Computer><Security UserId="0"/></System><EventData><Data Name="RuleName">-</Data><Data Name="UtcTime">2026-01-12 04:56:01.937</Data><Data Name="ProcessGuid">{8b8a9dc4-7ee1-6964-0000-000000000000}</Data><Data Name="ProcessId">59659</Data><Data Name="Image">-</Data><Data Name="User">vincenzolog</Data></EventData></Event>
Jan 13 00:11:09 vincenzolog-VMware-Virtual-Platform sysmon[5412]: <Event><System><Provider Name="Linux-Sysmon" Guid="{ff032593-a8d3-4f13-b0d6-01fc615a0f97}"/><EventID>1</EventID><Version>5</Version><Level>4</Level><Task>1</Task><Opcode>0</Opcode><Keywords>0x8000000000000000</Keywords><TimeCreated SystemTime="2026-01-12T17:11:09.105451000Z"/><EventRecordID>373691</EventRecordID><Correlation/><Execution ProcessID="5412" ThreadID="5412"/><Channel>Linux-Sysmon/Operational</Channel><Computer>vincenzolog-VMware-Virtual-Platform</Computer><Security UserId="0"/></System><EventData><Data Name="RuleName">-</Data><Data Name="UtcTime">2026-01-12 04:56:01.937</Data><Data Name="ProcessGuid">{8b8a9dc4-7ee1-6964-b1b4-623f7b5b0000}</Data><Data Name="ProcessId">59660</Data><Data Name="Image">/usr/bin/cat</Data><Data Name="FileVersion">-</Data><Data Name="Description">-</Data><Data Name="Product">-</Data><Data Name="Company">-</Data><Data Name="OriginalFileName">-</Data><Data Name="CommandLine">cat /proc/47766/stat</Data><Data Name="CurrentDirectory">/home/vincenzolog</Data><Data Name="User">vincenzolog</Data><Data Name="LogonGuid">{8b8a9dc4-0000-0000-e803-000000000000}</Data><Data Name="LogonId">1000</Data><Data Name="TerminalSessionId">3</Data><Data Name="IntegrityLevel">no level</Data><Data Name="Hashes">SHA256=dda0961715677dff3cd560e1933379c0eca73c0b6e19fef2737492ebc1de1700</Data><Data Name="ParentProcessGuid">{8b8a9dc4-7ee0-6964-2d13-a7dc655c0000}</Data><Data Name="ParentProcessId">59643</Data><Data Name="ParentImage">/usr/bin/bash</Data><Data Name="ParentCommandLine">/bin/bash</Data><Data Name="ParentUser">vincenzolog</Data></EventData></Event>
Jan 13 00:11:09 vincenzolog-VMware-Virtual-Platform sysmon[5412]: <Event><System><Provider Name="Linux-Sysmon" Guid="{ff032593-a8d3-4f13-b0d6-01fc615a0f97}"/><EventID>5</EventID><Version>3</Version><Level>4</Level><Task>5</Task><Opcode>0</Opcode><Keywords>0x8000000000000000</Keywords><TimeCreated SystemTime="2026-01-12T17:11:09.106694000Z"/><EventRecordID>373692</EventRecordID><Correlation/><Execution ProcessID="5412" ThreadID="5412"/><Channel>Linux-Sysmon/Operational</Channel><Computer>vincenzolog-VMware-Virtual-Platform</Computer><Security UserId="0"/></System><EventData><Data Name="RuleName">-</Data><Data Name="UtcTime">2026-01-12 04:56:01.939</Data><Data Name="ProcessGuid">{8b8a9dc4-7ee1-6964-b1b4-623f7b5b0000}</Data><Data Name="ProcessId">59660</Data><Data Name="Image">/usr/bin/cat</Data><Data Name="User">vincenzolog</Data></EventData></Event>
Jan 13 00:11:09 vincenzolog-VMware-Virtual-Platform sysmon[5412]: <Event><System><Provider Name="Linux-Sysmon" Guid="{ff032593-a8d3-4f13-b0d6-01fc615a0f97}"/><EventID>5</EventID><Version>3</Version><Level>4</Level><Task>5</Task><Opcode>0</Opcode><Keywords>0x8000000000000000</Keywords><TimeCreated SystemTime="2026-01-12T17:11:09.108158000Z"/><EventRecordID>373693</EventRecordID><Correlation/><Execution ProcessID="5412" ThreadID="5412"/><Channel>Linux-Sysmon/Operational</Channel><Computer>vincenzolog-VMware-Virtual-Platform</Computer><Security UserId="0"/></System><EventData><Data Name="RuleName">-</Data><Data Name="UtcTime">2026-01-12 04:56:01.940</Data><Data Name="ProcessGuid">{8b8a9dc4-7ee1-6964-0000-000000000000}</Data><Data Name="ProcessId">59661</Data><Data Name="Image">-</Data><Data Name="User">vincenzolog</Data></EventData></Event>
Jan 13 00:11:09 vincenzolog-VMware-Virtual-Platform sysmon[5412]: <Event><System><Provider Name="Linux-Sysmon" Guid="{ff032593-a8d3-4f13-b0d6-01fc615a0f97}"/><EventID>1</EventID><Version>5</Version><Level>4</Level><Task>1</Task><Opcode>0</Opcode><Keywords>0x8000000000000000</Keywords><TimeCreated SystemTime="2026-01-12T17:11:09.109588000Z"/><EventRecordID>373694</EventRecordID><Correlation/><Execution ProcessID="5412" ThreadID="5412"/><Channel>Linux-Sysmon/Operational</Channel><Computer>vincenzolog-VMware-Virtual-Platform</Computer><Security UserId="0"/></System><EventData><Data Name="RuleName">-</Data><Data Name="UtcTime">2026-01-12 04:56:01.941</Data><Data Name="ProcessGuid">{8b8a9dc4-7ee1-6964-b144-df121b610000}</Data><Data Name="ProcessId">59662</Data><Data Name="Image">/usr/bin/cat</Data><Data Name="FileVersion">-</Data><Data Name="Description">-</Data><Data Name="Product">-</Data><Data Name="Company">-</Data><Data Name="OriginalFileName">-</Data><Data Name="CommandLine">cat /proc/47785/stat</Data><Data Name="CurrentDirectory">/home/vincenzolog</Data><Data Name="User">vincenzolog</Data><Data Name="LogonGuid">{8b8a9dc4-0000-0000-e803-000000000000}</Data><Data Name="LogonId">1000</Data><Data Name="TerminalSessionId">3</Data><Data Name="IntegrityLevel">no level</Data><Data Name="Hashes">SHA256=dda0961715677dff3cd560e1933379c0eca73c0b6e19fef2737492ebc1de1700</Data><Data Name="ParentProcessGuid">{8b8a9dc4-7ee0-6964-2d13-a7dc655c0000}</Data><Data Name="ParentProcessId">59643</Data><Data Name="ParentImage">/usr/bin/bash</Data><Data Name="ParentCommandLine">/bin/bash</Data><Data Name="ParentUser">vincenzolog</Data></EventData></Event>
Jan 13 00:11:09 vincenzolog-VMware-Virtual-Platform sysmon[5412]: <Event><System><Provider Name="Linux-Sysmon" Guid="{ff032593-a8d3-4f13-b0d6-01fc615a0f97}"/><EventID>5</EventID><Version>3</Version><Level>4</Level><Task>5</Task><Opcode>0</Opcode><Keywords>0x8000000000000000</Keywords><TimeCreated SystemTime="2026-01-12T17:11:09.110781000Z"/><EventRecordID>373695</EventRecordID><Correlation/><Execution ProcessID="5412" ThreadID="5412"/><Channel>Linux-Sysmon/Operational</Channel><Computer>vincenzolog-VMware-Virtual-Platform</Computer><Security UserId="0"/></System><EventData><Data Name="RuleName">-</Data><Data Name="UtcTime">2026-01-12 04:56:01.943</Data><Data Name="ProcessGuid">{8b8a9dc4-7ee1-6964-b144-df121b610000}</Data><Data Name="ProcessId">59662</Data><Data Name="Image">/usr/bin/cat</Data><Data Name="User">vincenzolog</Data></EventData></Event>
Jan 13 00:11:09 vincenzolog-VMware-Virtual-Platform sysmon[5412]: <Event><System><Provider Name="Linux-Sysmon" Guid="{ff032593-a8d3-4f13-b0d6-01fc615a0f97}"/><EventID>5</EventID><Version>3</Version><Level>4</Level><Task>5</Task><Opcode>0</Opcode><Keywords>0x8000000000000000</Keywords><TimeCreated SystemTime="2026-01-12T17:11:09.112068000Z"/><EventRecordID>373696</EventRecordID><Correlation/><Execution ProcessID="5412" ThreadID="5412"/><Channel>Linux-Sysmon/Operational</Channel><Computer>vincenzolog-VMware-Virtual-Platform</Computer><Security UserId="0"/></System><EventData><Data Name="RuleName">-</Data><Data Name="UtcTime">2026-01-12 04:56:01.944</Data><Data Name="ProcessGuid">{8b8a9dc4-7ee1-6964-0000-000000000000}</Data><Data Name="ProcessId">59663</Data><Data Name="Image">-</Data><Data Name="User">vincenzolog</Data></EventData></Event>
Jan 13 00:11:09 vincenzolog-VMware-Virtual-Platform sysmon[5412]: <Event><System><Provider Name="Linux-Sysmon" Guid="{ff032593-a8d3-4f13-b0d6-01fc615a0f97}"/><EventID>1</EventID><Version>5</Version><Level>4</Level><Task>1</Task><Opcode>0</Opcode><Keywords>0x8000000000000000</Keywords><TimeCreated SystemTime="2026-01-12T17:11:09.113582000Z"/><EventRecordID>373697</EventRecordID><Correlation/><Execution ProcessID="5412" ThreadID="5412"/><Channel>Linux-Sysmon/Operational</Channel><Computer>vincenzolog-VMware-Virtual-Platform</Computer><Security UserId="0"/></System><EventData><Data Name="RuleName">-</Data><Data Name="UtcTime">2026-01-12 04:56:01.945</Data><Data Name="ProcessGuid">{8b8a9dc4-7ee1-6964-b1b4-13d8845b0000}</Data><Data Name="ProcessId">59664</Data><Data Name="Image">/usr/bin/cat</Data><Data Name="FileVersion">-</Data><Data Name="Description">-</Data><Data Name="Product">-</Data><Data Name="Company">-</Data><Data Name="OriginalFileName">-</Data><Data Name="CommandLine">cat /proc/47786/stat</Data><Data Name="CurrentDirectory">/home/vincenzolog</Data><Data Name="User">vincenzolog</Data><Data Name="LogonGuid">{8b8a9dc4-0000-0000-e803-000000000000}</Data><Data Name="LogonId">1000</Data><Data Name="TerminalSessionId">3</Data><Data Name="IntegrityLevel">no level</Data><Data Name="Hashes">SHA256=dda0961715677dff3cd560e1933379c0eca73c0b6e19fef2737492ebc1de1700</Data><Data Name="ParentProcessGuid">{8b8a9dc4-7ee0-6964-2d13-a7dc655c0000}</Data><Data Name="ParentProcessId">59643</Data><Data Name="ParentImage">/usr/bin/bash</Data><Data Name="ParentCommandLine">/bin/bash</Data><Data Name="ParentUser">vincenzolog</Data></EventData></Event>
Jan 13 00:11:09 vincenzolog-VMware-Virtual-Platform sysmon[5412]: <Event><System><Provider Name="Linux-Sysmon" Guid="{ff032593-a8d3-4f13-b0d6-01fc615a0f97}"/><EventID>5</EventID><Version>3</Version><Level>4</Level><Task>5</Task><Opcode>0</Opcode><Keywords>0x8000000000000000</Keywords><TimeCreated SystemTime="2026-01-12T17:11:09.114778000Z"/><EventRecordID>373698</EventRecordID><Correlation/><Execution ProcessID="5412" ThreadID="5412"/><Channel>Linux-Sysmon/Operational</Channel><Computer>vincenzolog-VMware-Virtual-Platform</Computer><Security UserId="0"/></System><EventData><Data Name="RuleName">-</Data><Data Name="UtcTime">2026-01-12 04:56:01.947</Data><Data Name="ProcessGuid">{8b8a9dc4-7ee1-6964-b1b4-13d8845b0000}</Data><Data Name="ProcessId">59664</Data><Data Name="Image">/usr/bin/cat</Data><Data Name="User">vincenzolog</Data></EventData></Event>
Jan 13 00:11:09 vincenzolog-VMware-Virtual-Platform sysmon[5412]: <Event><System><Provider Name="Linux-Sysmon" Guid="{ff032593-a8d3-4f13-b0d6-01fc615a0f97}"/><EventID>5</EventID><Version>3</Version><Level>4</Level><Task>5</Task><Opcode>0</Opcode><Keywords>0x8000000000000000</Keywords><TimeCreated SystemTime="2026-01-12T17:11:09.116071000Z"/><EventRecordID>373699</EventRecordID><Correlation/><Execution ProcessID="5412" ThreadID="5412"/><Channel>Linux-Sysmon/Operational</Channel><Computer>vincenzolog-VMware-Virtual-Platform</Computer><Security UserId="0"/></System><EventData><Data Name="RuleName">-</Data><Data Name="UtcTime">2026-01-12 04:56:01.948</Data><Data Name="ProcessGuid">{8b8a9dc4-7ee1-6964-0000-000000000000}</Data><Data Name="ProcessId">59665</Data><Data Name="Image">-</Data><Data Name="User">vincenzolog</Data></EventData></Event>
Jan 13 00:11:09 vincenzolog-VMware-Virtual-Platform sysmon[5412]: <Event><System><Provider Name="Linux-Sysmon" Guid="{ff032593-a8d3-4f13-b0d6-01fc615a0f97}"/><EventID>5</EventID><Version>3</Version><Level>4</Level><Task>5</Task><Opcode>0</Opcode><Keywords>0x8000000000000000</Keywords><TimeCreated SystemTime="2026-01-12T17:11:09.116539000Z"/><EventRecordID>373700</EventRecordID><Correlation/><Execution ProcessID="5412" ThreadID="5412"/><Channel>Linux-Sysmon/Operational</Channel><Computer>vincenzolog-VMware-Virtual-Platform</Computer><Security UserId="0"/></System><EventData><Data Name="RuleName">-</Data><Data Name="UtcTime">2026-01-12 04:56:01.949</Data><Data Name="ProcessGuid">{8b8a9dc4-7ee0-6964-2d13-a7dc655c0000}</Data><Data Name="ProcessId">59643</Data><Data Name="Image">/usr/bin/bash</Data><Data Name="User">vincenzolog</Data></EventData></Event>
Jan 13 00:11:09 vincenzolog-VMware-Virtual-Platform sysmon[5412]: <Event><System><Provider Name="Linux-Sysmon" Guid="{ff032593-a8d3-4f13-b0d6-01fc615a0f97}"/><EventID>5</EventID><Version>3</Version><Level>4</Level><Task>5</Task><Opcode>0</Opcode><Keywords>0x8000000000000000</Keywords><TimeCreated SystemTime="2026-01-12T17:11:09.117044000Z"/><EventRecordID>373701</EventRecordID><Correlation/><Execution ProcessID="5412" ThreadID="5412"/><Channel>Linux-Sysmon/Operational</Channel><Computer>vincenzolog-VMware-Virtual-Platform</Computer><Security UserId="0"/></System><EventData><Data Name="RuleName">-</Data><Data Name="UtcTime">2026-01-12 04:56:01.949</Data><Data Name="ProcessGuid">{8b8a9dc4-7ee0-6964-1d48-14ff98640000}</Data><Data Name="ProcessId">59642</Data><Data Name="Image">/usr/bin/dash</Data><Data Name="User">vincenzolog</Data></EventData></Event>
Jan 13 00:11:09 vincenzolog-VMware-Virtual-Platform sysmon[5412]: <Event><System><Provider Name="Linux-Sysmon" Guid="{ff032593-a8d3-4f13-b0d6-01fc615a0f97}"/><EventID>1</EventID><Version>5</Version><Level>4</Level><Task>1</Task><Opcode>0</Opcode><Keywords>0x8000000000000000</Keywords><TimeCreated SystemTime="2026-01-12T17:11:09.305060000Z"/><EventRecordID>373702</EventRecordID><Correlation/><Execution ProcessID="5412" ThreadID="5412"/><Channel>Linux-Sysmon/Operational</Channel><Computer>vincenzolog-VMware-Virtual-Platform</Computer><Security UserId="0"/></System><EventData><Data Name="RuleName">-</Data><Data Name="UtcTime">2026-01-12 04:56:02.137</Data><Data Name="ProcessGuid">{8b8a9dc4-7ee2-6964-1dc8-e347f15d0000}</Data><Data Name="ProcessId">59666</Data><Data Name="Image">/usr/bin/dash</Data><Data Name="FileVersion">-</Data><Data Name="Description">-</Data><Data Name="Product">-</Data><Data Name="Company">-</Data><Data Name="OriginalFileName">-</Data><Data Name="CommandLine">/bin/sh -c cp $(which crontab) /tmp/.sys &amp;&amp; /tmp/.sys -l &gt; /tmp/.discovery_cron &amp;&amp; cat /tmp/.discovery_cron</Data><Data Name="CurrentDirectory">/home/vincenzolog/Auto_test</Data><Data Name="User">root</Data><Data Name="LogonGuid">{8b8a9dc4-0000-0000-0000-000009000000}</Data><Data Name="LogonId">0</Data><Data Name="TerminalSessionId">3</Data><Data Name="IntegrityLevel">no level</Data><Data Name="Hashes">SHA256=86d31f6fb799e91fa21bad341484564510ca287703a16e9e46c53338776f4f42</Data><Data Name="ParentProcessGuid">{8b8a9dc4-79b2-6964-1d23-700000000000}</Data><Data Name="ParentProcessId">47786</Data><Data Name="ParentImage">/usr/bin/python3.12</Data><Data Name="ParentCommandLine">python3</Data><Data Name="ParentUser">root</Data></EventData></Event>
Jan 13 00:11:09 vincenzolog-VMware-Virtual-Platform sysmon[5412]: <Event><System><Provider Name="Linux-Sysmon" Guid="{ff032593-a8d3-4f13-b0d6-01fc615a0f97}"/><EventID>1</EventID><Version>5</Version><Level>4</Level><Task>1</Task><Opcode>0</Opcode><Keywords>0x8000000000000000</Keywords><TimeCreated SystemTime="2026-01-12T17:11:09.307184000Z"/><EventRecordID>373703</EventRecordID><Correlation/><Execution ProcessID="5412" ThreadID="5412"/><Channel>Linux-Sysmon/Operational</Channel><Computer>vincenzolog-VMware-Virtual-Platform</Computer><Security UserId="0"/></System><EventData><Data Name="RuleName">-</Data><Data Name="UtcTime">2026-01-12 04:56:02.139</Data><Data Name="ProcessGuid">{8b8a9dc4-7ee2-6964-1dc8-8194605c0000}</Data><Data Name="ProcessId">59667</Data><Data Name="Image">/usr/bin/dash</Data><Data Name="FileVersion">-</Data><Data Name="Description">-</Data><Data Name="Product">-</Data><Data Name="Company">-</Data><Data Name="OriginalFileName">-</Data><Data Name="CommandLine">/bin/sh /usr/bin/which crontab</Data><Data Name="CurrentDirectory">/home/vincenzolog/Auto_test</Data><Data Name="User">root</Data><Data Name="LogonGuid">{8b8a9dc4-0000-0000-0000-000009000000}</Data><Data Name="LogonId">0</Data><Data Name="TerminalSessionId">3</Data><Data Name="IntegrityLevel">no level</Data><Data Name="Hashes">SHA256=86d31f6fb799e91fa21bad341484564510ca287703a16e9e46c53338776f4f42</Data><Data Name="ParentProcessGuid">{8b8a9dc4-7ee2-6964-1dc8-e347f15d0000}</Data><Data Name="ParentProcessId">59666</Data><Data Name="ParentImage">/usr/bin/dash</Data><Data Name="ParentCommandLine">/bin/sh</Data><Data Name="ParentUser">root</Data></EventData></Event>
Jan 13 00:11:09 vincenzolog-VMware-Virtual-Platform sysmon[5412]: <Event><System><Provider Name="Linux-Sysmon" Guid="{ff032593-a8d3-4f13-b0d6-01fc615a0f97}"/><EventID>5</EventID><Version>3</Version><Level>4</Level><Task>5</Task><Opcode>0</Opcode><Keywords>0x8000000000000000</Keywords><TimeCreated SystemTime="2026-01-12T17:11:09.308352000Z"/><EventRecordID>373704</EventRecordID><Correlation/><Execution ProcessID="5412" ThreadID="5412"/><Channel>Linux-Sysmon/Operational</Channel><Computer>vincenzolog-VMware-Virtual-Platform</Computer><Security UserId="0"/></System><EventData><Data Name="RuleName">-</Data><Data Name="UtcTime">2026-01-12 04:56:02.141</Data><Data Name="ProcessGuid">{8b8a9dc4-7ee2-6964-1dc8-8194605c0000}</Data><Data Name="ProcessId">59667</Data><Data Name="Image">/usr/bin/dash</Data><Data Name="User">root</Data></EventData></Event>
Jan 13 00:11:09 vincenzolog-VMware-Virtual-Platform sysmon[5412]: <Event><System><Provider Name="Linux-Sysmon" Guid="{ff032593-a8d3-4f13-b0d6-01fc615a0f97}"/><EventID>1</EventID><Version>5</Version><Level>4</Level><Task>1</Task><Opcode>0</Opcode><Keywords>0x8000000000000000</Keywords><TimeCreated SystemTime="2026-01-12T17:11:09.309259000Z"/><EventRecordID>373705</EventRecordID><Correlation/><Execution ProcessID="5412" ThreadID="5412"/><Channel>Linux-Sysmon/Operational</Channel><Computer>vincenzolog-VMware-Virtual-Platform</Computer><Security UserId="0"/></System><EventData><Data Name="RuleName">-</Data><Data Name="UtcTime">2026-01-12 04:56:02.141</Data><Data Name="ProcessGuid">{8b8a9dc4-7ee2-6964-e1cc-27c4085d0000}</Data><Data Name="ProcessId">59668</Data><Data Name="Image">/usr/bin/cp</Data><Data Name="FileVersion">-</Data><Data Name="Description">-</Data><Data Name="Product">-</Data><Data Name="Company">-</Data><Data Name="OriginalFileName">-</Data><Data Name="CommandLine">cp /usr/bin/crontab /tmp/.sys</Data><Data Name="CurrentDirectory">/home/vincenzolog/Auto_test</Data><Data Name="User">root</Data><Data Name="LogonGuid">{8b8a9dc4-0000-0000-0000-000009000000}</Data><Data Name="LogonId">0</Data><Data Name="TerminalSessionId">3</Data><Data Name="IntegrityLevel">no level</Data><Data Name="Hashes">SHA256=2e17fe58f9bd77232d9565a503fb43f20bdc2206a3c6bf0d841071a1da6efd35</Data><Data Name="ParentProcessGuid">{8b8a9dc4-7ee2-6964-1dc8-e347f15d0000}</Data><Data Name="ParentProcessId">59666</Data><Data Name="ParentImage">/usr/bin/dash</Data><Data Name="ParentCommandLine">/bin/sh</Data><Data Name="ParentUser">root</Data></EventData></Event>
Jan 13 00:11:09 vincenzolog-VMware-Virtual-Platform sysmon[5412]: <Event><System><Provider Name="Linux-Sysmon" Guid="{ff032593-a8d3-4f13-b0d6-01fc615a0f97}"/><EventID>5</EventID><Version>3</Version><Level>4</Level><Task>5</Task><Opcode>0</Opcode><Keywords>0x8000000000000000</Keywords><TimeCreated SystemTime="2026-01-12T17:11:09.311300000Z"/><EventRecordID>373706</EventRecordID><Correlation/><Execution ProcessID="5412" ThreadID="5412"/><Channel>Linux-Sysmon/Operational</Channel><Computer>vincenzolog-VMware-Virtual-Platform</Computer><Security UserId="0"/></System><EventData><Data Name="RuleName">-</Data><Data Name="UtcTime">2026-01-12 04:56:02.144</Data><Data Name="ProcessGuid">{8b8a9dc4-7ee2-6964-e1cc-27c4085d0000}</Data><Data Name="ProcessId">59668</Data><Data Name="Image">/usr/bin/cp</Data><Data Name="User">root</Data></EventData></Event>
Jan 13 00:11:09 vincenzolog-VMware-Virtual-Platform sysmon[5412]: <Event><System><Provider Name="Linux-Sysmon" Guid="{ff032593-a8d3-4f13-b0d6-01fc615a0f97}"/><EventID>5</EventID><Version>3</Version><Level>4</Level><Task>5</Task><Opcode>0</Opcode><Keywords>0x8000000000000000</Keywords><TimeCreated SystemTime="2026-01-12T17:11:09.311811000Z"/><EventRecordID>373707</EventRecordID><Correlation/><Execution ProcessID="5412" ThreadID="5412"/><Channel>Linux-Sysmon/Operational</Channel><Computer>vincenzolog-VMware-Virtual-Platform</Computer><Security UserId="0"/></System><EventData><Data Name="RuleName">-</Data><Data Name="UtcTime">2026-01-12 04:56:02.144</Data><Data Name="ProcessGuid">{8b8a9dc4-7ee2-6964-1dc8-e347f15d0000}</Data><Data Name="ProcessId">59666</Data><Data Name="Image">/usr/bin/dash</Data><Data Name="User">root</Data></EventData></Event>
Jan 13 00:11:10 vincenzolog-VMware-Virtual-Platform sysmon[5412]: <Event><System><Provider Name="Linux-Sysmon" Guid="{ff032593-a8d3-4f13-b0d6-01fc615a0f97}"/><EventID>5</EventID><Version>3</Version><Level>4</Level><Task>5</Task><Opcode>0</Opcode><Keywords>0x8000000000000000</Keywords><TimeCreated SystemTime="2026-01-12T17:11:10.274575000Z"/><EventRecordID>373708</EventRecordID><Correlation/><Execution ProcessID="5412" ThreadID="5412"/><Channel>Linux-Sysmon/Operational</Channel><Computer>vincenzolog-VMware-Virtual-Platform</Computer><Security UserId="0"/></System><EventData><Data Name="RuleName">-</Data><Data Name="UtcTime">2026-01-12 04:56:03.107</Data><Data Name="ProcessGuid">{00000000-0000-0000-0000-000000000000}</Data><Data Name="ProcessId">26391</Data><Data Name="Image">&lt;unknown process&gt;</Data><Data Name="User">root</Data></EventData></Event>
Jan 13 00:11:12 vincenzolog-VMware-Virtual-Platform sysmon[5412]: <Event><System><Provider Name="Linux-Sysmon" Guid="{ff032593-a8d3-4f13-b0d6-01fc615a0f97}"/><EventID>1</EventID><Version>5</Version><Level>4</Level><Task>1</Task><Opcode>0</Opcode><Keywords>0x8000000000000000</Keywords><TimeCreated SystemTime="2026-01-12T17:11:12.313978000Z"/><EventRecordID>373709</EventRecordID><Correlation/><Execution ProcessID="5412" ThreadID="5412"/><Channel>Linux-Sysmon/Operational</Channel><Computer>vincenzolog-VMware-Virtual-Platform</Computer><Security UserId="0"/></System><EventData><Data Name="RuleName">-</Data><Data Name="UtcTime">2026-01-12 04:56:05.146</Data><Data Name="ProcessGuid">{8b8a9dc4-7ee5-6964-1d28-47ec5b620000}</Data><Data Name="ProcessId">59669</Data><Data Name="Image">/usr/bin/dash</Data><Data Name="FileVersion">-</Data><Data Name="Description">-</Data><Data Name="Product">-</Data><Data Name="Company">-</Data><Data Name="OriginalFileName">-</Data><Data Name="CommandLine">/bin/sh -c journalctl -u sysmon --no-pager &gt; logs_output/Crontab_Enumeration/Crontab_Enumeration_attack326.log</Data><Data Name="CurrentDirectory">/home/vincenzolog/Auto_test</Data><Data Name="User">root</Data><Data Name="LogonGuid">{8b8a9dc4-0000-0000-0000-000009000000}</Data><Data Name="LogonId">0</Data><Data Name="TerminalSessionId">3</Data><Data Name="IntegrityLevel">no level</Data><Data Name="Hashes">SHA256=86d31f6fb799e91fa21bad341484564510ca287703a16e9e46c53338776f4f42</Data><Data Name="ParentProcessGuid">{8b8a9dc4-79b2-6964-1d23-700000000000}</Data><Data Name="ParentProcessId">47786</Data><Data Name="ParentImage">/usr/bin/python3.12</Data><Data Name="ParentCommandLine">python3</Data><Data Name="ParentUser">root</Data></EventData></Event>
Jan 13 00:11:12 vincenzolog-VMware-Virtual-Platform sysmon[5412]: <Event><System><Provider Name="Linux-Sysmon" Guid="{ff032593-a8d3-4f13-b0d6-01fc615a0f97}"/><EventID>1</EventID><Version>5</Version><Level>4</Level><Task>1</Task><Opcode>0</Opcode><Keywords>0x8000000000000000</Keywords><TimeCreated SystemTime="2026-01-12T17:11:12.315666000Z"/><EventRecordID>373710</EventRecordID><Correlation/><Execution ProcessID="5412" ThreadID="5412"/><Channel>Linux-Sysmon/Operational</Channel><Computer>vincenzolog-VMware-Virtual-Platform</Computer><Security UserId="0"/></System><EventData><Data Name="RuleName">-</Data><Data Name="UtcTime">2026-01-12 04:56:05.147</Data><Data Name="ProcessGuid">{8b8a9dc4-7ee5-6964-cdeb-16c2035f0000}</Data><Data Name="ProcessId">59670</Data><Data Name="Image">/usr/bin/journalctl</Data><Data Name="FileVersion">-</Data><Data Name="Description">-</Data><Data Name="Product">-</Data><Data Name="Company">-</Data><Data Name="OriginalFileName">-</Data><Data Name="CommandLine">journalctl -u sysmon --no-pager</Data><Data Name="CurrentDirectory">/home/vincenzolog/Auto_test</Data><Data Name="User">root</Data><Data Name="LogonGuid">{8b8a9dc4-0000-0000-0000-000009000000}</Data><Data Name="LogonId">0</Data><Data Name="TerminalSessionId">3</Data><Data Name="IntegrityLevel">no level</Data><Data Name="Hashes">SHA256=7bd10a9c601c3204a6c464fc517b204e469eca7f12b09f9c4826f3cc1e42bd79</Data><Data Name="ParentProcessGuid">{8b8a9dc4-7ee5-6964-1d28-47ec5b620000}</Data><Data Name="ParentProcessId">59669</Data><Data Name="ParentImage">/usr/bin/dash</Data><Data Name="ParentCommandLine">/bin/sh</Data><Data Name="ParentUser">root</Data></EventData></Event>
