Jan 16 23:39:54 vincenzolog-VMware-Virtual-Platform sysmon[1624]: <Event><System><Provider Name="Linux-Sysmon" Guid="{ff032593-a8d3-4f13-b0d6-01fc615a0f97}"/><EventID>1</EventID><Version>5</Version><Level>4</Level><Task>1</Task><Opcode>0</Opcode><Keywords>0x8000000000000000</Keywords><TimeCreated SystemTime="2026-01-16T16:39:54.143307000Z"/><EventRecordID>909972</EventRecordID><Correlation/><Execution ProcessID="1624" ThreadID="1624"/><Channel>Linux-Sysmon/Operational</Channel><Computer>vincenzolog-VMware-Virtual-Platform</Computer><Security UserId="0"/></System><EventData><Data Name="RuleName">-</Data><Data Name="UtcTime">2026-01-16 15:41:16.772</Data><Data Name="ProcessGuid">{8b8a9dc4-5c1c-696a-01f5-ada445570000}</Data><Data Name="ProcessId">111091</Data><Data Name="Image">/usr/bin/git</Data><Data Name="FileVersion">-</Data><Data Name="Description">-</Data><Data Name="Product">-</Data><Data Name="Company">-</Data><Data Name="OriginalFileName">-</Data><Data Name="CommandLine">git config --get commit.template</Data><Data Name="CurrentDirectory">/home/vincenzolog/Auto_test</Data><Data Name="User">vincenzolog</Data><Data Name="LogonGuid">{8b8a9dc4-0000-0000-e803-000000000000}</Data><Data Name="LogonId">1000</Data><Data Name="TerminalSessionId">3</Data><Data Name="IntegrityLevel">no level</Data><Data Name="Hashes">SHA256=2a8c18fbf43da9f692d75474c72bea9dfd796c260b0f3dfe456376abc3bbd668</Data><Data Name="ParentProcessGuid">{8b8a9dc4-2c74-696a-10ae-534fa65f0000}</Data><Data Name="ParentProcessId">8898</Data><Data Name="ParentImage">/usr/share/antigravity/antigravity</Data><Data Name="ParentCommandLine">/proc/self/exe</Data><Data Name="ParentUser">vincenzolog</Data></EventData></Event>
Jan 16 23:39:54 vincenzolog-VMware-Virtual-Platform sysmon[1624]: <Event><System><Provider Name="Linux-Sysmon" Guid="{ff032593-a8d3-4f13-b0d6-01fc615a0f97}"/><EventID>5</EventID><Version>3</Version><Level>4</Level><Task>5</Task><Opcode>0</Opcode><Keywords>0x8000000000000000</Keywords><TimeCreated SystemTime="2026-01-16T16:39:54.143637000Z"/><EventRecordID>909973</EventRecordID><Correlation/><Execution ProcessID="1624" ThreadID="1624"/><Channel>Linux-Sysmon/Operational</Channel><Computer>vincenzolog-VMware-Virtual-Platform</Computer><Security UserId="0"/></System><EventData><Data Name="RuleName">-</Data><Data Name="UtcTime">2026-01-16 15:41:16.784</Data><Data Name="ProcessGuid">{8b8a9dc4-5c1c-696a-01f5-ada445570000}</Data><Data Name="ProcessId">111091</Data><Data Name="Image">/usr/bin/git</Data><Data Name="User">vincenzolog</Data></EventData></Event>
Jan 16 23:39:54 vincenzolog-VMware-Virtual-Platform sysmon[1624]: <Event><System><Provider Name="Linux-Sysmon" Guid="{ff032593-a8d3-4f13-b0d6-01fc615a0f97}"/><EventID>1</EventID><Version>5</Version><Level>4</Level><Task>1</Task><Opcode>0</Opcode><Keywords>0x8000000000000000</Keywords><TimeCreated SystemTime="2026-01-16T16:39:54.161518000Z"/><EventRecordID>909974</EventRecordID><Correlation/><Execution ProcessID="1624" ThreadID="1624"/><Channel>Linux-Sysmon/Operational</Channel><Computer>vincenzolog-VMware-Virtual-Platform</Computer><Security UserId="0"/></System><EventData><Data Name="RuleName">-</Data><Data Name="UtcTime">2026-01-16 15:41:16.788</Data><Data Name="ProcessGuid">{8b8a9dc4-5c1c-696a-01a5-6a89a6610000}</Data><Data Name="ProcessId">111092</Data><Data Name="Image">/usr/bin/git</Data><Data Name="FileVersion">-</Data><Data Name="Description">-</Data><Data Name="Product">-</Data><Data Name="Company">-</Data><Data Name="OriginalFileName">-</Data><Data Name="CommandLine">git for-each-ref --format=%(refname)%00%(upstream:short)%00%(objectname)%00%(upstream:track)%00%(upstream:remotename)%00%(upstream:remoteref) refs/heads/1601data refs/remotes/1601data</Data><Data Name="CurrentDirectory">/home/vincenzolog/Auto_test</Data><Data Name="User">vincenzolog</Data><Data Name="LogonGuid">{8b8a9dc4-0000-0000-e803-000000000000}</Data><Data Name="LogonId">1000</Data><Data Name="TerminalSessionId">3</Data><Data Name="IntegrityLevel">no level</Data><Data Name="Hashes">SHA256=2a8c18fbf43da9f692d75474c72bea9dfd796c260b0f3dfe456376abc3bbd668</Data><Data Name="ParentProcessGuid">{8b8a9dc4-2c74-696a-10ae-534fa65f0000}</Data><Data Name="ParentProcessId">8898</Data><Data Name="ParentImage">/usr/share/antigravity/antigravity</Data><Data Name="ParentCommandLine">/proc/self/exe</Data><Data Name="ParentUser">vincenzolog</Data></EventData></Event>
Jan 16 23:39:54 vincenzolog-VMware-Virtual-Platform sysmon[1624]: <Event><System><Provider Name="Linux-Sysmon" Guid="{ff032593-a8d3-4f13-b0d6-01fc615a0f97}"/><EventID>5</EventID><Version>3</Version><Level>4</Level><Task>5</Task><Opcode>0</Opcode><Keywords>0x8000000000000000</Keywords><TimeCreated SystemTime="2026-01-16T16:39:54.161984000Z"/><EventRecordID>909975</EventRecordID><Correlation/><Execution ProcessID="1624" ThreadID="1624"/><Channel>Linux-Sysmon/Operational</Channel><Computer>vincenzolog-VMware-Virtual-Platform</Computer><Security UserId="0"/></System><EventData><Data Name="RuleName">-</Data><Data Name="UtcTime">2026-01-16 15:41:16.804</Data><Data Name="ProcessGuid">{8b8a9dc4-5c1c-696a-01a5-6a89a6610000}</Data><Data Name="ProcessId">111092</Data><Data Name="Image">/usr/bin/git</Data><Data Name="User">vincenzolog</Data></EventData></Event>
Jan 16 23:39:54 vincenzolog-VMware-Virtual-Platform sysmon[1624]: <Event><System><Provider Name="Linux-Sysmon" Guid="{ff032593-a8d3-4f13-b0d6-01fc615a0f97}"/><EventID>1</EventID><Version>5</Version><Level>4</Level><Task>1</Task><Opcode>0</Opcode><Keywords>0x8000000000000000</Keywords><TimeCreated SystemTime="2026-01-16T16:39:54.189193000Z"/><EventRecordID>909976</EventRecordID><Correlation/><Execution ProcessID="1624" ThreadID="1624"/><Channel>Linux-Sysmon/Operational</Channel><Computer>vincenzolog-VMware-Virtual-Platform</Computer><Security UserId="0"/></System><EventData><Data Name="RuleName">-</Data><Data Name="UtcTime">2026-01-16 15:41:16.814</Data><Data Name="ProcessGuid">{8b8a9dc4-5c1c-696a-01d5-2f323f5c0000}</Data><Data Name="ProcessId">111093</Data><Data Name="Image">/usr/bin/git</Data><Data Name="FileVersion">-</Data><Data Name="Description">-</Data><Data Name="Product">-</Data><Data Name="Company">-</Data><Data Name="OriginalFileName">-</Data><Data Name="CommandLine">git status -z -uall</Data><Data Name="CurrentDirectory">/home/vincenzolog/Auto_test</Data><Data Name="User">vincenzolog</Data><Data Name="LogonGuid">{8b8a9dc4-0000-0000-e803-000000000000}</Data><Data Name="LogonId">1000</Data><Data Name="TerminalSessionId">3</Data><Data Name="IntegrityLevel">no level</Data><Data Name="Hashes">SHA256=2a8c18fbf43da9f692d75474c72bea9dfd796c260b0f3dfe456376abc3bbd668</Data><Data Name="ParentProcessGuid">{8b8a9dc4-2c74-696a-10ae-534fa65f0000}</Data><Data Name="ParentProcessId">8898</Data><Data Name="ParentImage">/usr/share/antigravity/antigravity</Data><Data Name="ParentCommandLine">/proc/self/exe</Data><Data Name="ParentUser">vincenzolog</Data></EventData></Event>
Jan 16 23:39:54 vincenzolog-VMware-Virtual-Platform sysmon[1624]: <Event><System><Provider Name="Linux-Sysmon" Guid="{ff032593-a8d3-4f13-b0d6-01fc615a0f97}"/><EventID>1</EventID><Version>5</Version><Level>4</Level><Task>1</Task><Opcode>0</Opcode><Keywords>0x8000000000000000</Keywords><TimeCreated SystemTime="2026-01-16T16:39:54.212177000Z"/><EventRecordID>909977</EventRecordID><Correlation/><Execution ProcessID="1624" ThreadID="1624"/><Channel>Linux-Sysmon/Operational</Channel><Computer>vincenzolog-VMware-Virtual-Platform</Computer><Security UserId="0"/></System><EventData><Data Name="RuleName">-</Data><Data Name="UtcTime">2026-01-16 15:41:16.830</Data><Data Name="ProcessGuid">{8b8a9dc4-5c1c-696a-01b5-ce8837590000}</Data><Data Name="ProcessId">111094</Data><Data Name="Image">/usr/bin/git</Data><Data Name="FileVersion">-</Data><Data Name="Description">-</Data><Data Name="Product">-</Data><Data Name="Company">-</Data><Data Name="OriginalFileName">-</Data><Data Name="CommandLine">git for-each-ref --sort -committerdate --format %(refname)%00%(objectname)%00%(*objectname)</Data><Data Name="CurrentDirectory">/home/vincenzolog/Auto_test</Data><Data Name="User">vincenzolog</Data><Data Name="LogonGuid">{8b8a9dc4-0000-0000-e803-000000000000}</Data><Data Name="LogonId">1000</Data><Data Name="TerminalSessionId">3</Data><Data Name="IntegrityLevel">no level</Data><Data Name="Hashes">SHA256=2a8c18fbf43da9f692d75474c72bea9dfd796c260b0f3dfe456376abc3bbd668</Data><Data Name="ParentProcessGuid">{8b8a9dc4-2c74-696a-10ae-534fa65f0000}</Data><Data Name="ParentProcessId">8898</Data><Data Name="ParentImage">/usr/share/antigravity/antigravity</Data><Data Name="ParentCommandLine">/proc/self/exe</Data><Data Name="ParentUser">vincenzolog</Data></EventData></Event>
Jan 16 23:39:54 vincenzolog-VMware-Virtual-Platform sysmon[1624]: <Event><System><Provider Name="Linux-Sysmon" Guid="{ff032593-a8d3-4f13-b0d6-01fc615a0f97}"/><EventID>5</EventID><Version>3</Version><Level>4</Level><Task>5</Task><Opcode>0</Opcode><Keywords>0x8000000000000000</Keywords><TimeCreated SystemTime="2026-01-16T16:39:54.228613000Z"/><EventRecordID>909978</EventRecordID><Correlation/><Execution ProcessID="1624" ThreadID="1624"/><Channel>Linux-Sysmon/Operational</Channel><Computer>vincenzolog-VMware-Virtual-Platform</Computer><Security UserId="0"/></System><EventData><Data Name="RuleName">-</Data><Data Name="UtcTime">2026-01-16 15:41:16.881</Data><Data Name="ProcessGuid">{8b8a9dc4-5c1c-696a-01d5-2f323f5c0000}</Data><Data Name="ProcessId">111093</Data><Data Name="Image">/usr/bin/git</Data><Data Name="User">vincenzolog</Data></EventData></Event>
Jan 16 23:39:54 vincenzolog-VMware-Virtual-Platform sysmon[1624]: <Event><System><Provider Name="Linux-Sysmon" Guid="{ff032593-a8d3-4f13-b0d6-01fc615a0f97}"/><EventID>5</EventID><Version>3</Version><Level>4</Level><Task>5</Task><Opcode>0</Opcode><Keywords>0x8000000000000000</Keywords><TimeCreated SystemTime="2026-01-16T16:39:54.230957000Z"/><EventRecordID>909979</EventRecordID><Correlation/><Execution ProcessID="1624" ThreadID="1624"/><Channel>Linux-Sysmon/Operational</Channel><Computer>vincenzolog-VMware-Virtual-Platform</Computer><Security UserId="0"/></System><EventData><Data Name="RuleName">-</Data><Data Name="UtcTime">2026-01-16 15:41:16.884</Data><Data Name="ProcessGuid">{8b8a9dc4-5c1c-696a-01d5-2f323f5c0000}</Data><Data Name="ProcessId">111093</Data><Data Name="Image">/usr/bin/git</Data><Data Name="User">vincenzolog</Data></EventData></Event>
Jan 16 23:39:54 vincenzolog-VMware-Virtual-Platform sysmon[1624]: <Event><System><Provider Name="Linux-Sysmon" Guid="{ff032593-a8d3-4f13-b0d6-01fc615a0f97}"/><EventID>5</EventID><Version>3</Version><Level>4</Level><Task>5</Task><Opcode>0</Opcode><Keywords>0x8000000000000000</Keywords><TimeCreated SystemTime="2026-01-16T16:39:54.231622000Z"/><EventRecordID>909980</EventRecordID><Correlation/><Execution ProcessID="1624" ThreadID="1624"/><Channel>Linux-Sysmon/Operational</Channel><Computer>vincenzolog-VMware-Virtual-Platform</Computer><Security UserId="0"/></System><EventData><Data Name="RuleName">-</Data><Data Name="UtcTime">2026-01-16 15:41:16.884</Data><Data Name="ProcessGuid">{8b8a9dc4-5c1c-696a-01d5-2f323f5c0000}</Data><Data Name="ProcessId">111093</Data><Data Name="Image">/usr/bin/git</Data><Data Name="User">vincenzolog</Data></EventData></Event>
Jan 16 23:39:54 vincenzolog-VMware-Virtual-Platform sysmon[1624]: <Event><System><Provider Name="Linux-Sysmon" Guid="{ff032593-a8d3-4f13-b0d6-01fc615a0f97}"/><EventID>5</EventID><Version>3</Version><Level>4</Level><Task>5</Task><Opcode>0</Opcode><Keywords>0x8000000000000000</Keywords><TimeCreated SystemTime="2026-01-16T16:39:54.235032000Z"/><EventRecordID>909981</EventRecordID><Correlation/><Execution ProcessID="1624" ThreadID="1624"/><Channel>Linux-Sysmon/Operational</Channel><Computer>vincenzolog-VMware-Virtual-Platform</Computer><Security UserId="0"/></System><EventData><Data Name="RuleName">-</Data><Data Name="UtcTime">2026-01-16 15:41:16.888</Data><Data Name="ProcessGuid">{8b8a9dc4-5c1c-696a-01b5-ce8837590000}</Data><Data Name="ProcessId">111094</Data><Data Name="Image">/usr/bin/git</Data><Data Name="User">vincenzolog</Data></EventData></Event>
Jan 16 23:39:54 vincenzolog-VMware-Virtual-Platform sysmon[1624]: <Event><System><Provider Name="Linux-Sysmon" Guid="{ff032593-a8d3-4f13-b0d6-01fc615a0f97}"/><EventID>5</EventID><Version>3</Version><Level>4</Level><Task>5</Task><Opcode>0</Opcode><Keywords>0x8000000000000000</Keywords><TimeCreated SystemTime="2026-01-16T16:39:54.235930000Z"/><EventRecordID>909982</EventRecordID><Correlation/><Execution ProcessID="1624" ThreadID="1624"/><Channel>Linux-Sysmon/Operational</Channel><Computer>vincenzolog-VMware-Virtual-Platform</Computer><Security UserId="0"/></System><EventData><Data Name="RuleName">-</Data><Data Name="UtcTime">2026-01-16 15:41:16.888</Data><Data Name="ProcessGuid">{8b8a9dc4-5c1c-696a-01d5-2f323f5c0000}</Data><Data Name="ProcessId">111093</Data><Data Name="Image">/usr/bin/git</Data><Data Name="User">vincenzolog</Data></EventData></Event>
Jan 16 23:39:54 vincenzolog-VMware-Virtual-Platform sysmon[1624]: <Event><System><Provider Name="Linux-Sysmon" Guid="{ff032593-a8d3-4f13-b0d6-01fc615a0f97}"/><EventID>5</EventID><Version>3</Version><Level>4</Level><Task>5</Task><Opcode>0</Opcode><Keywords>0x8000000000000000</Keywords><TimeCreated SystemTime="2026-01-16T16:39:54.238800000Z"/><EventRecordID>909983</EventRecordID><Correlation/><Execution ProcessID="1624" ThreadID="1624"/><Channel>Linux-Sysmon/Operational</Channel><Computer>vincenzolog-VMware-Virtual-Platform</Computer><Security UserId="0"/></System><EventData><Data Name="RuleName">-</Data><Data Name="UtcTime">2026-01-16 15:41:16.892</Data><Data Name="ProcessGuid">{8b8a9dc4-5c1c-696a-01d5-2f323f5c0000}</Data><Data Name="ProcessId">111093</Data><Data Name="Image">/usr/bin/git</Data><Data Name="User">vincenzolog</Data></EventData></Event>
Jan 16 23:39:54 vincenzolog-VMware-Virtual-Platform sysmon[1624]: <Event><System><Provider Name="Linux-Sysmon" Guid="{ff032593-a8d3-4f13-b0d6-01fc615a0f97}"/><EventID>5</EventID><Version>3</Version><Level>4</Level><Task>5</Task><Opcode>0</Opcode><Keywords>0x8000000000000000</Keywords><TimeCreated SystemTime="2026-01-16T16:39:54.239155000Z"/><EventRecordID>909984</EventRecordID><Correlation/><Execution ProcessID="1624" ThreadID="1624"/><Channel>Linux-Sysmon/Operational</Channel><Computer>vincenzolog-VMware-Virtual-Platform</Computer><Security UserId="0"/></System><EventData><Data Name="RuleName">-</Data><Data Name="UtcTime">2026-01-16 15:41:16.892</Data><Data Name="ProcessGuid">{8b8a9dc4-5c1c-696a-01d5-2f323f5c0000}</Data><Data Name="ProcessId">111093</Data><Data Name="Image">/usr/bin/git</Data><Data Name="User">vincenzolog</Data></EventData></Event>
Jan 16 23:39:54 vincenzolog-VMware-Virtual-Platform sysmon[1624]: <Event><System><Provider Name="Linux-Sysmon" Guid="{ff032593-a8d3-4f13-b0d6-01fc615a0f97}"/><EventID>5</EventID><Version>3</Version><Level>4</Level><Task>5</Task><Opcode>0</Opcode><Keywords>0x8000000000000000</Keywords><TimeCreated SystemTime="2026-01-16T16:39:54.241962000Z"/><EventRecordID>909985</EventRecordID><Correlation/><Execution ProcessID="1624" ThreadID="1624"/><Channel>Linux-Sysmon/Operational</Channel><Computer>vincenzolog-VMware-Virtual-Platform</Computer><Security UserId="0"/></System><EventData><Data Name="RuleName">-</Data><Data Name="UtcTime">2026-01-16 15:41:16.895</Data><Data Name="ProcessGuid">{8b8a9dc4-5c1c-696a-01d5-2f323f5c0000}</Data><Data Name="ProcessId">111093</Data><Data Name="Image">/usr/bin/git</Data><Data Name="User">vincenzolog</Data></EventData></Event>
Jan 16 23:39:54 vincenzolog-VMware-Virtual-Platform sysmon[1624]: <Event><System><Provider Name="Linux-Sysmon" Guid="{ff032593-a8d3-4f13-b0d6-01fc615a0f97}"/><EventID>5</EventID><Version>3</Version><Level>4</Level><Task>5</Task><Opcode>0</Opcode><Keywords>0x8000000000000000</Keywords><TimeCreated SystemTime="2026-01-16T16:39:54.243604000Z"/><EventRecordID>909986</EventRecordID><Correlation/><Execution ProcessID="1624" ThreadID="1624"/><Channel>Linux-Sysmon/Operational</Channel><Computer>vincenzolog-VMware-Virtual-Platform</Computer><Security UserId="0"/></System><EventData><Data Name="RuleName">-</Data><Data Name="UtcTime">2026-01-16 15:41:16.896</Data><Data Name="ProcessGuid">{8b8a9dc4-5c1c-696a-01d5-2f323f5c0000}</Data><Data Name="ProcessId">111093</Data><Data Name="Image">/usr/bin/git</Data><Data Name="User">vincenzolog</Data></EventData></Event>
Jan 16 23:39:54 vincenzolog-VMware-Virtual-Platform sysmon[1624]: <Event><System><Provider Name="Linux-Sysmon" Guid="{ff032593-a8d3-4f13-b0d6-01fc615a0f97}"/><EventID>5</EventID><Version>3</Version><Level>4</Level><Task>5</Task><Opcode>0</Opcode><Keywords>0x8000000000000000</Keywords><TimeCreated SystemTime="2026-01-16T16:39:54.244696000Z"/><EventRecordID>909987</EventRecordID><Correlation/><Execution ProcessID="1624" ThreadID="1624"/><Channel>Linux-Sysmon/Operational</Channel><Computer>vincenzolog-VMware-Virtual-Platform</Computer><Security UserId="0"/></System><EventData><Data Name="RuleName">-</Data><Data Name="UtcTime">2026-01-16 15:41:16.897</Data><Data Name="ProcessGuid">{8b8a9dc4-5c1c-696a-01d5-2f323f5c0000}</Data><Data Name="ProcessId">111093</Data><Data Name="Image">/usr/bin/git</Data><Data Name="User">vincenzolog</Data></EventData></Event>
Jan 16 23:39:54 vincenzolog-VMware-Virtual-Platform sysmon[1624]: <Event><System><Provider Name="Linux-Sysmon" Guid="{ff032593-a8d3-4f13-b0d6-01fc615a0f97}"/><EventID>5</EventID><Version>3</Version><Level>4</Level><Task>5</Task><Opcode>0</Opcode><Keywords>0x8000000000000000</Keywords><TimeCreated SystemTime="2026-01-16T16:39:54.252360000Z"/><EventRecordID>909988</EventRecordID><Correlation/><Execution ProcessID="1624" ThreadID="1624"/><Channel>Linux-Sysmon/Operational</Channel><Computer>vincenzolog-VMware-Virtual-Platform</Computer><Security UserId="0"/></System><EventData><Data Name="RuleName">-</Data><Data Name="UtcTime">2026-01-16 15:41:16.905</Data><Data Name="ProcessGuid">{8b8a9dc4-5c1c-696a-01d5-2f323f5c0000}</Data><Data Name="ProcessId">111093</Data><Data Name="Image">/usr/bin/git</Data><Data Name="User">vincenzolog</Data></EventData></Event>
Jan 16 23:39:54 vincenzolog-VMware-Virtual-Platform sysmon[1624]: <Event><System><Provider Name="Linux-Sysmon" Guid="{ff032593-a8d3-4f13-b0d6-01fc615a0f97}"/><EventID>5</EventID><Version>3</Version><Level>4</Level><Task>5</Task><Opcode>0</Opcode><Keywords>0x8000000000000000</Keywords><TimeCreated SystemTime="2026-01-16T16:39:54.252642000Z"/><EventRecordID>909989</EventRecordID><Correlation/><Execution ProcessID="1624" ThreadID="1624"/><Channel>Linux-Sysmon/Operational</Channel><Computer>vincenzolog-VMware-Virtual-Platform</Computer><Security UserId="0"/></System><EventData><Data Name="RuleName">-</Data><Data Name="UtcTime">2026-01-16 15:41:16.905</Data><Data Name="ProcessGuid">{8b8a9dc4-5c1c-696a-01d5-2f323f5c0000}</Data><Data Name="ProcessId">111093</Data><Data Name="Image">/usr/bin/git</Data><Data Name="User">vincenzolog</Data></EventData></Event>
Jan 16 23:39:54 vincenzolog-VMware-Virtual-Platform sysmon[1624]: <Event><System><Provider Name="Linux-Sysmon" Guid="{ff032593-a8d3-4f13-b0d6-01fc615a0f97}"/><EventID>5</EventID><Version>3</Version><Level>4</Level><Task>5</Task><Opcode>0</Opcode><Keywords>0x8000000000000000</Keywords><TimeCreated SystemTime="2026-01-16T16:39:54.258117000Z"/><EventRecordID>909990</EventRecordID><Correlation/><Execution ProcessID="1624" ThreadID="1624"/><Channel>Linux-Sysmon/Operational</Channel><Computer>vincenzolog-VMware-Virtual-Platform</Computer><Security UserId="0"/></System><EventData><Data Name="RuleName">-</Data><Data Name="UtcTime">2026-01-16 15:41:16.911</Data><Data Name="ProcessGuid">{8b8a9dc4-5c1c-696a-01d5-2f323f5c0000}</Data><Data Name="ProcessId">111093</Data><Data Name="Image">/usr/bin/git</Data><Data Name="User">vincenzolog</Data></EventData></Event>
Jan 16 23:39:54 vincenzolog-VMware-Virtual-Platform sysmon[1624]: <Event><System><Provider Name="Linux-Sysmon" Guid="{ff032593-a8d3-4f13-b0d6-01fc615a0f97}"/><EventID>5</EventID><Version>3</Version><Level>4</Level><Task>5</Task><Opcode>0</Opcode><Keywords>0x8000000000000000</Keywords><TimeCreated SystemTime="2026-01-16T16:39:54.258963000Z"/><EventRecordID>909991</EventRecordID><Correlation/><Execution ProcessID="1624" ThreadID="1624"/><Channel>Linux-Sysmon/Operational</Channel><Computer>vincenzolog-VMware-Virtual-Platform</Computer><Security UserId="0"/></System><EventData><Data Name="RuleName">-</Data><Data Name="UtcTime">2026-01-16 15:41:16.911</Data><Data Name="ProcessGuid">{8b8a9dc4-5c1c-696a-01d5-2f323f5c0000}</Data><Data Name="ProcessId">111093</Data><Data Name="Image">/usr/bin/git</Data><Data Name="User">vincenzolog</Data></EventData></Event>
Jan 16 23:39:54 vincenzolog-VMware-Virtual-Platform sysmon[1624]: <Event><System><Provider Name="Linux-Sysmon" Guid="{ff032593-a8d3-4f13-b0d6-01fc615a0f97}"/><EventID>5</EventID><Version>3</Version><Level>4</Level><Task>5</Task><Opcode>0</Opcode><Keywords>0x8000000000000000</Keywords><TimeCreated SystemTime="2026-01-16T16:39:54.263638000Z"/><EventRecordID>909992</EventRecordID><Correlation/><Execution ProcessID="1624" ThreadID="1624"/><Channel>Linux-Sysmon/Operational</Channel><Computer>vincenzolog-VMware-Virtual-Platform</Computer><Security UserId="0"/></System><EventData><Data Name="RuleName">-</Data><Data Name="UtcTime">2026-01-16 15:41:16.916</Data><Data Name="ProcessGuid">{8b8a9dc4-5c1c-696a-01d5-2f323f5c0000}</Data><Data Name="ProcessId">111093</Data><Data Name="Image">/usr/bin/git</Data><Data Name="User">vincenzolog</Data></EventData></Event>
Jan 16 23:39:54 vincenzolog-VMware-Virtual-Platform sysmon[1624]: <Event><System><Provider Name="Linux-Sysmon" Guid="{ff032593-a8d3-4f13-b0d6-01fc615a0f97}"/><EventID>5</EventID><Version>3</Version><Level>4</Level><Task>5</Task><Opcode>0</Opcode><Keywords>0x8000000000000000</Keywords><TimeCreated SystemTime="2026-01-16T16:39:54.264185000Z"/><EventRecordID>909993</EventRecordID><Correlation/><Execution ProcessID="1624" ThreadID="1624"/><Channel>Linux-Sysmon/Operational</Channel><Computer>vincenzolog-VMware-Virtual-Platform</Computer><Security UserId="0"/></System><EventData><Data Name="RuleName">-</Data><Data Name="UtcTime">2026-01-16 15:41:16.917</Data><Data Name="ProcessGuid">{8b8a9dc4-5c1c-696a-01d5-2f323f5c0000}</Data><Data Name="ProcessId">111093</Data><Data Name="Image">/usr/bin/git</Data><Data Name="User">vincenzolog</Data></EventData></Event>
Jan 16 23:39:54 vincenzolog-VMware-Virtual-Platform sysmon[1624]: <Event><System><Provider Name="Linux-Sysmon" Guid="{ff032593-a8d3-4f13-b0d6-01fc615a0f97}"/><EventID>5</EventID><Version>3</Version><Level>4</Level><Task>5</Task><Opcode>0</Opcode><Keywords>0x8000000000000000</Keywords><TimeCreated SystemTime="2026-01-16T16:39:54.266158000Z"/><EventRecordID>909994</EventRecordID><Correlation/><Execution ProcessID="1624" ThreadID="1624"/><Channel>Linux-Sysmon/Operational</Channel><Computer>vincenzolog-VMware-Virtual-Platform</Computer><Security UserId="0"/></System><EventData><Data Name="RuleName">-</Data><Data Name="UtcTime">2026-01-16 15:41:16.919</Data><Data Name="ProcessGuid">{8b8a9dc4-5c1c-696a-01d5-2f323f5c0000}</Data><Data Name="ProcessId">111093</Data><Data Name="Image">/usr/bin/git</Data><Data Name="User">vincenzolog</Data></EventData></Event>
Jan 16 23:39:54 vincenzolog-VMware-Virtual-Platform sysmon[1624]: <Event><System><Provider Name="Linux-Sysmon" Guid="{ff032593-a8d3-4f13-b0d6-01fc615a0f97}"/><EventID>5</EventID><Version>3</Version><Level>4</Level><Task>5</Task><Opcode>0</Opcode><Keywords>0x8000000000000000</Keywords><TimeCreated SystemTime="2026-01-16T16:39:54.266527000Z"/><EventRecordID>909995</EventRecordID><Correlation/><Execution ProcessID="1624" ThreadID="1624"/><Channel>Linux-Sysmon/Operational</Channel><Computer>vincenzolog-VMware-Virtual-Platform</Computer><Security UserId="0"/></System><EventData><Data Name="RuleName">-</Data><Data Name="UtcTime">2026-01-16 15:41:16.919</Data><Data Name="ProcessGuid">{8b8a9dc4-5c1c-696a-01d5-2f323f5c0000}</Data><Data Name="ProcessId">111093</Data><Data Name="Image">/usr/bin/git</Data><Data Name="User">vincenzolog</Data></EventData></Event>
Jan 16 23:39:54 vincenzolog-VMware-Virtual-Platform sysmon[1624]: <Event><System><Provider Name="Linux-Sysmon" Guid="{ff032593-a8d3-4f13-b0d6-01fc615a0f97}"/><EventID>5</EventID><Version>3</Version><Level>4</Level><Task>5</Task><Opcode>0</Opcode><Keywords>0x8000000000000000</Keywords><TimeCreated SystemTime="2026-01-16T16:39:54.268783000Z"/><EventRecordID>909996</EventRecordID><Correlation/><Execution ProcessID="1624" ThreadID="1624"/><Channel>Linux-Sysmon/Operational</Channel><Computer>vincenzolog-VMware-Virtual-Platform</Computer><Security UserId="0"/></System><EventData><Data Name="RuleName">-</Data><Data Name="UtcTime">2026-01-16 15:41:16.922</Data><Data Name="ProcessGuid">{8b8a9dc4-5c1c-696a-01d5-2f323f5c0000}</Data><Data Name="ProcessId">111093</Data><Data Name="Image">/usr/bin/git</Data><Data Name="User">vincenzolog</Data></EventData></Event>
Jan 16 23:39:54 vincenzolog-VMware-Virtual-Platform sysmon[1624]: <Event><System><Provider Name="Linux-Sysmon" Guid="{ff032593-a8d3-4f13-b0d6-01fc615a0f97}"/><EventID>5</EventID><Version>3</Version><Level>4</Level><Task>5</Task><Opcode>0</Opcode><Keywords>0x8000000000000000</Keywords><TimeCreated SystemTime="2026-01-16T16:39:54.270009000Z"/><EventRecordID>909997</EventRecordID><Correlation/><Execution ProcessID="1624" ThreadID="1624"/><Channel>Linux-Sysmon/Operational</Channel><Computer>vincenzolog-VMware-Virtual-Platform</Computer><Security UserId="0"/></System><EventData><Data Name="RuleName">-</Data><Data Name="UtcTime">2026-01-16 15:41:16.923</Data><Data Name="ProcessGuid">{8b8a9dc4-5c1c-696a-01d5-2f323f5c0000}</Data><Data Name="ProcessId">111093</Data><Data Name="Image">/usr/bin/git</Data><Data Name="User">vincenzolog</Data></EventData></Event>
Jan 16 23:39:54 vincenzolog-VMware-Virtual-Platform sysmon[1624]: <Event><System><Provider Name="Linux-Sysmon" Guid="{ff032593-a8d3-4f13-b0d6-01fc615a0f97}"/><EventID>5</EventID><Version>3</Version><Level>4</Level><Task>5</Task><Opcode>0</Opcode><Keywords>0x8000000000000000</Keywords><TimeCreated SystemTime="2026-01-16T16:39:54.272107000Z"/><EventRecordID>909998</EventRecordID><Correlation/><Execution ProcessID="1624" ThreadID="1624"/><Channel>Linux-Sysmon/Operational</Channel><Computer>vincenzolog-VMware-Virtual-Platform</Computer><Security UserId="0"/></System><EventData><Data Name="RuleName">-</Data><Data Name="UtcTime">2026-01-16 15:41:16.925</Data><Data Name="ProcessGuid">{8b8a9dc4-5c1c-696a-01d5-2f323f5c0000}</Data><Data Name="ProcessId">111093</Data><Data Name="Image">/usr/bin/git</Data><Data Name="User">vincenzolog</Data></EventData></Event>
Jan 16 23:39:54 vincenzolog-VMware-Virtual-Platform sysmon[1624]: <Event><System><Provider Name="Linux-Sysmon" Guid="{ff032593-a8d3-4f13-b0d6-01fc615a0f97}"/><EventID>5</EventID><Version>3</Version><Level>4</Level><Task>5</Task><Opcode>0</Opcode><Keywords>0x8000000000000000</Keywords><TimeCreated SystemTime="2026-01-16T16:39:54.343733000Z"/><EventRecordID>909999</EventRecordID><Correlation/><Execution ProcessID="1624" ThreadID="1624"/><Channel>Linux-Sysmon/Operational</Channel><Computer>vincenzolog-VMware-Virtual-Platform</Computer><Security UserId="0"/></System><EventData><Data Name="RuleName">-</Data><Data Name="UtcTime">2026-01-16 15:41:16.996</Data><Data Name="ProcessGuid">{8b8a9dc4-5c1c-696a-01d5-2f323f5c0000}</Data><Data Name="ProcessId">111093</Data><Data Name="Image">/usr/bin/git</Data><Data Name="User">vincenzolog</Data></EventData></Event>
Jan 16 23:39:57 vincenzolog-VMware-Virtual-Platform sysmon[1624]: <Event><System><Provider Name="Linux-Sysmon" Guid="{ff032593-a8d3-4f13-b0d6-01fc615a0f97}"/><EventID>1</EventID><Version>5</Version><Level>4</Level><Task>1</Task><Opcode>0</Opcode><Keywords>0x8000000000000000</Keywords><TimeCreated SystemTime="2026-01-16T16:39:57.023382000Z"/><EventRecordID>910000</EventRecordID><Correlation/><Execution ProcessID="1624" ThreadID="1624"/><Channel>Linux-Sysmon/Operational</Channel><Computer>vincenzolog-VMware-Virtual-Platform</Computer><Security UserId="0"/></System><EventData><Data Name="RuleName">-</Data><Data Name="UtcTime">2026-01-16 15:41:19.673</Data><Data Name="ProcessGuid">{8b8a9dc4-5c1f-696a-1dc8-f94aab5d0000}</Data><Data Name="ProcessId">111115</Data><Data Name="Image">/usr/bin/dash</Data><Data Name="FileVersion">-</Data><Data Name="Description">-</Data><Data Name="Product">-</Data><Data Name="Company">-</Data><Data Name="OriginalFileName">-</Data><Data Name="CommandLine">/bin/sh -c journalctl -u sysmon --no-pager &gt; logs_output/Capsh_Shell_Invocation/Capsh_Shell_Invocation_attack217.log</Data><Data Name="CurrentDirectory">/home/vincenzolog/Auto_test</Data><Data Name="User">root</Data><Data Name="LogonGuid">{8b8a9dc4-0000-0000-0000-000005000000}</Data><Data Name="LogonId">0</Data><Data Name="TerminalSessionId">3</Data><Data Name="IntegrityLevel">no level</Data><Data Name="Hashes">SHA256=86d31f6fb799e91fa21bad341484564510ca287703a16e9e46c53338776f4f42</Data><Data Name="ParentProcessGuid">{8b8a9dc4-587d-696a-dd23-700000000000}</Data><Data Name="ParentProcessId">100902</Data><Data Name="ParentImage">/usr/bin/python3.12</Data><Data Name="ParentCommandLine">python3</Data><Data Name="ParentUser">root</Data></EventData></Event>
Jan 16 23:39:57 vincenzolog-VMware-Virtual-Platform sysmon[1624]: <Event><System><Provider Name="Linux-Sysmon" Guid="{ff032593-a8d3-4f13-b0d6-01fc615a0f97}"/><EventID>1</EventID><Version>5</Version><Level>4</Level><Task>1</Task><Opcode>0</Opcode><Keywords>0x8000000000000000</Keywords><TimeCreated SystemTime="2026-01-16T16:39:57.026885000Z"/><EventRecordID>910001</EventRecordID><Correlation/><Execution ProcessID="1624" ThreadID="1624"/><Channel>Linux-Sysmon/Operational</Channel><Computer>vincenzolog-VMware-Virtual-Platform</Computer><Security UserId="0"/></System><EventData><Data Name="RuleName">-</Data><Data Name="UtcTime">2026-01-16 15:41:19.678</Data><Data Name="ProcessGuid">{8b8a9dc4-5c1f-696a-cdbb-e863ff5c0000}</Data><Data Name="ProcessId">111116</Data><Data Name="Image">/usr/bin/journalctl</Data><Data Name="FileVersion">-</Data><Data Name="Description">-</Data><Data Name="Product">-</Data><Data Name="Company">-</Data><Data Name="OriginalFileName">-</Data><Data Name="CommandLine">journalctl -u sysmon --no-pager</Data><Data Name="CurrentDirectory">/home/vincenzolog/Auto_test</Data><Data Name="User">root</Data><Data Name="LogonGuid">{8b8a9dc4-0000-0000-0000-000005000000}</Data><Data Name="LogonId">0</Data><Data Name="TerminalSessionId">3</Data><Data Name="IntegrityLevel">no level</Data><Data Name="Hashes">SHA256=7bd10a9c601c3204a6c464fc517b204e469eca7f12b09f9c4826f3cc1e42bd79</Data><Data Name="ParentProcessGuid">{8b8a9dc4-5c1f-696a-1dc8-f94aab5d0000}</Data><Data Name="ParentProcessId">111115</Data><Data Name="ParentImage">/usr/bin/dash</Data><Data Name="ParentCommandLine">/bin/sh</Data><Data Name="ParentUser">root</Data></EventData></Event>
