Jan 09 22:36:07 vincenzolog-VMware-Virtual-Platform sysmon[8040]: <Event><System><Provider Name="Linux-Sysmon" Guid="{ff032593-a8d3-4f13-b0d6-01fc615a0f97}"/><EventID>1</EventID><Version>5</Version><Level>4</Level><Task>1</Task><Opcode>0</Opcode><Keywords>0x8000000000000000</Keywords><TimeCreated SystemTime="2026-01-09T15:36:07.036263000Z"/><EventRecordID>198846</EventRecordID><Correlation/><Execution ProcessID="8040" ThreadID="8040"/><Channel>Linux-Sysmon/Operational</Channel><Computer>vincenzolog-VMware-Virtual-Platform</Computer><Security UserId="0"/></System><EventData><Data Name="RuleName">-</Data><Data Name="UtcTime">2026-01-09 07:02:07.765</Data><Data Name="ProcessGuid">{8b8a9dc4-a7ef-6960-ed6d-31eae75d0000}</Data><Data Name="ProcessId">82835</Data><Data Name="Image">/usr/sbin/xtables-nft-multi</Data><Data Name="FileVersion">-</Data><Data Name="Description">-</Data><Data Name="Product">-</Data><Data Name="Company">-</Data><Data Name="OriginalFileName">-</Data><Data Name="CommandLine">ip6tables -Z ufw6-before-input</Data><Data Name="CurrentDirectory">/home/vincenzolog/Auto_test</Data><Data Name="User">root</Data><Data Name="LogonGuid">{8b8a9dc4-2066-6961-0000-000007000000}</Data><Data Name="LogonId">0</Data><Data Name="TerminalSessionId">3</Data><Data Name="IntegrityLevel">no level</Data><Data Name="Hashes">SHA256=a1610dd70bb5ab04180671280df65b0077b680b627c0b6c51480b327732a762d</Data><Data Name="ParentProcessGuid">{8b8a9dc4-a7ef-6960-1d48-16f317570000}</Data><Data Name="ParentProcessId">82709</Data><Data Name="ParentImage">/usr/bin/dash</Data><Data Name="ParentCommandLine">/bin/sh</Data><Data Name="ParentUser">root</Data></EventData></Event>
Jan 09 22:36:07 vincenzolog-VMware-Virtual-Platform sysmon[8040]: <Event><System><Provider Name="Linux-Sysmon" Guid="{ff032593-a8d3-4f13-b0d6-01fc615a0f97}"/><EventID>5</EventID><Version>3</Version><Level>4</Level><Task>5</Task><Opcode>0</Opcode><Keywords>0x8000000000000000</Keywords><TimeCreated SystemTime="2026-01-09T15:36:07.037664000Z"/><EventRecordID>198847</EventRecordID><Correlation/><Execution ProcessID="8040" ThreadID="8040"/><Channel>Linux-Sysmon/Operational</Channel><Computer>vincenzolog-VMware-Virtual-Platform</Computer><Security UserId="0"/></System><EventData><Data Name="RuleName">-</Data><Data Name="UtcTime">2026-01-09 07:02:07.767</Data><Data Name="ProcessGuid">{8b8a9dc4-a7ef-6960-ed6d-31eae75d0000}</Data><Data Name="ProcessId">82835</Data><Data Name="Image">/usr/sbin/xtables-nft-multi</Data><Data Name="User">root</Data></EventData></Event>
Jan 09 22:36:07 vincenzolog-VMware-Virtual-Platform sysmon[8040]: <Event><System><Provider Name="Linux-Sysmon" Guid="{ff032593-a8d3-4f13-b0d6-01fc615a0f97}"/><EventID>1</EventID><Version>5</Version><Level>4</Level><Task>1</Task><Opcode>0</Opcode><Keywords>0x8000000000000000</Keywords><TimeCreated SystemTime="2026-01-09T15:36:07.038490000Z"/><EventRecordID>198848</EventRecordID><Correlation/><Execution ProcessID="8040" ThreadID="8040"/><Channel>Linux-Sysmon/Operational</Channel><Computer>vincenzolog-VMware-Virtual-Platform</Computer><Security UserId="0"/></System><EventData><Data Name="RuleName">-</Data><Data Name="UtcTime">2026-01-09 07:02:07.767</Data><Data Name="ProcessGuid">{8b8a9dc4-a7ef-6960-ed6d-239167570000}</Data><Data Name="ProcessId">82836</Data><Data Name="Image">/usr/sbin/xtables-nft-multi</Data><Data Name="FileVersion">-</Data><Data Name="Description">-</Data><Data Name="Product">-</Data><Data Name="Company">-</Data><Data Name="OriginalFileName">-</Data><Data Name="CommandLine">ip6tables -Z ufw6-before-logging-input</Data><Data Name="CurrentDirectory">/home/vincenzolog/Auto_test</Data><Data Name="User">root</Data><Data Name="LogonGuid">{8b8a9dc4-2066-6961-0000-000007000000}</Data><Data Name="LogonId">0</Data><Data Name="TerminalSessionId">3</Data><Data Name="IntegrityLevel">no level</Data><Data Name="Hashes">SHA256=a1610dd70bb5ab04180671280df65b0077b680b627c0b6c51480b327732a762d</Data><Data Name="ParentProcessGuid">{8b8a9dc4-a7ef-6960-1d48-16f317570000}</Data><Data Name="ParentProcessId">82709</Data><Data Name="ParentImage">/usr/bin/dash</Data><Data Name="ParentCommandLine">/bin/sh</Data><Data Name="ParentUser">root</Data></EventData></Event>
Jan 09 22:36:07 vincenzolog-VMware-Virtual-Platform sysmon[8040]: <Event><System><Provider Name="Linux-Sysmon" Guid="{ff032593-a8d3-4f13-b0d6-01fc615a0f97}"/><EventID>5</EventID><Version>3</Version><Level>4</Level><Task>5</Task><Opcode>0</Opcode><Keywords>0x8000000000000000</Keywords><TimeCreated SystemTime="2026-01-09T15:36:07.039887000Z"/><EventRecordID>198849</EventRecordID><Correlation/><Execution ProcessID="8040" ThreadID="8040"/><Channel>Linux-Sysmon/Operational</Channel><Computer>vincenzolog-VMware-Virtual-Platform</Computer><Security UserId="0"/></System><EventData><Data Name="RuleName">-</Data><Data Name="UtcTime">2026-01-09 07:02:07.769</Data><Data Name="ProcessGuid">{8b8a9dc4-a7ef-6960-ed6d-239167570000}</Data><Data Name="ProcessId">82836</Data><Data Name="Image">/usr/sbin/xtables-nft-multi</Data><Data Name="User">root</Data></EventData></Event>
Jan 09 22:36:07 vincenzolog-VMware-Virtual-Platform sysmon[8040]: <Event><System><Provider Name="Linux-Sysmon" Guid="{ff032593-a8d3-4f13-b0d6-01fc615a0f97}"/><EventID>1</EventID><Version>5</Version><Level>4</Level><Task>1</Task><Opcode>0</Opcode><Keywords>0x8000000000000000</Keywords><TimeCreated SystemTime="2026-01-09T15:36:07.040655000Z"/><EventRecordID>198850</EventRecordID><Correlation/><Execution ProcessID="8040" ThreadID="8040"/><Channel>Linux-Sysmon/Operational</Channel><Computer>vincenzolog-VMware-Virtual-Platform</Computer><Security UserId="0"/></System><EventData><Data Name="RuleName">-</Data><Data Name="UtcTime">2026-01-09 07:02:07.770</Data><Data Name="ProcessGuid">{8b8a9dc4-a7ef-6960-ed0d-cd8e63570000}</Data><Data Name="ProcessId">82837</Data><Data Name="Image">/usr/sbin/xtables-nft-multi</Data><Data Name="FileVersion">-</Data><Data Name="Description">-</Data><Data Name="Product">-</Data><Data Name="Company">-</Data><Data Name="OriginalFileName">-</Data><Data Name="CommandLine">ip6tables -Z ufw6-skip-to-policy-forward</Data><Data Name="CurrentDirectory">/home/vincenzolog/Auto_test</Data><Data Name="User">root</Data><Data Name="LogonGuid">{8b8a9dc4-2066-6961-0000-000007000000}</Data><Data Name="LogonId">0</Data><Data Name="TerminalSessionId">3</Data><Data Name="IntegrityLevel">no level</Data><Data Name="Hashes">SHA256=a1610dd70bb5ab04180671280df65b0077b680b627c0b6c51480b327732a762d</Data><Data Name="ParentProcessGuid">{8b8a9dc4-a7ef-6960-1d48-16f317570000}</Data><Data Name="ParentProcessId">82709</Data><Data Name="ParentImage">/usr/bin/dash</Data><Data Name="ParentCommandLine">/bin/sh</Data><Data Name="ParentUser">root</Data></EventData></Event>
Jan 09 22:36:07 vincenzolog-VMware-Virtual-Platform sysmon[8040]: <Event><System><Provider Name="Linux-Sysmon" Guid="{ff032593-a8d3-4f13-b0d6-01fc615a0f97}"/><EventID>5</EventID><Version>3</Version><Level>4</Level><Task>5</Task><Opcode>0</Opcode><Keywords>0x8000000000000000</Keywords><TimeCreated SystemTime="2026-01-09T15:36:07.042162000Z"/><EventRecordID>198851</EventRecordID><Correlation/><Execution ProcessID="8040" ThreadID="8040"/><Channel>Linux-Sysmon/Operational</Channel><Computer>vincenzolog-VMware-Virtual-Platform</Computer><Security UserId="0"/></System><EventData><Data Name="RuleName">-</Data><Data Name="UtcTime">2026-01-09 07:02:07.771</Data><Data Name="ProcessGuid">{8b8a9dc4-a7ef-6960-ed0d-cd8e63570000}</Data><Data Name="ProcessId">82837</Data><Data Name="Image">/usr/sbin/xtables-nft-multi</Data><Data Name="User">root</Data></EventData></Event>
Jan 09 22:36:07 vincenzolog-VMware-Virtual-Platform sysmon[8040]: <Event><System><Provider Name="Linux-Sysmon" Guid="{ff032593-a8d3-4f13-b0d6-01fc615a0f97}"/><EventID>1</EventID><Version>5</Version><Level>4</Level><Task>1</Task><Opcode>0</Opcode><Keywords>0x8000000000000000</Keywords><TimeCreated SystemTime="2026-01-09T15:36:07.042946000Z"/><EventRecordID>198852</EventRecordID><Correlation/><Execution ProcessID="8040" ThreadID="8040"/><Channel>Linux-Sysmon/Operational</Channel><Computer>vincenzolog-VMware-Virtual-Platform</Computer><Security UserId="0"/></System><EventData><Data Name="RuleName">-</Data><Data Name="UtcTime">2026-01-09 07:02:07.772</Data><Data Name="ProcessGuid">{8b8a9dc4-a7ef-6960-ed9d-f87fb45a0000}</Data><Data Name="ProcessId">82838</Data><Data Name="Image">/usr/sbin/xtables-nft-multi</Data><Data Name="FileVersion">-</Data><Data Name="Description">-</Data><Data Name="Product">-</Data><Data Name="Company">-</Data><Data Name="OriginalFileName">-</Data><Data Name="CommandLine">ip6tables -Z ufw6-reject-forward</Data><Data Name="CurrentDirectory">/home/vincenzolog/Auto_test</Data><Data Name="User">root</Data><Data Name="LogonGuid">{8b8a9dc4-2066-6961-0000-000007000000}</Data><Data Name="LogonId">0</Data><Data Name="TerminalSessionId">3</Data><Data Name="IntegrityLevel">no level</Data><Data Name="Hashes">SHA256=a1610dd70bb5ab04180671280df65b0077b680b627c0b6c51480b327732a762d</Data><Data Name="ParentProcessGuid">{8b8a9dc4-a7ef-6960-1d48-16f317570000}</Data><Data Name="ParentProcessId">82709</Data><Data Name="ParentImage">/usr/bin/dash</Data><Data Name="ParentCommandLine">/bin/sh</Data><Data Name="ParentUser">root</Data></EventData></Event>
Jan 09 22:36:07 vincenzolog-VMware-Virtual-Platform sysmon[8040]: <Event><System><Provider Name="Linux-Sysmon" Guid="{ff032593-a8d3-4f13-b0d6-01fc615a0f97}"/><EventID>5</EventID><Version>3</Version><Level>4</Level><Task>5</Task><Opcode>0</Opcode><Keywords>0x8000000000000000</Keywords><TimeCreated SystemTime="2026-01-09T15:36:07.044320000Z"/><EventRecordID>198853</EventRecordID><Correlation/><Execution ProcessID="8040" ThreadID="8040"/><Channel>Linux-Sysmon/Operational</Channel><Computer>vincenzolog-VMware-Virtual-Platform</Computer><Security UserId="0"/></System><EventData><Data Name="RuleName">-</Data><Data Name="UtcTime">2026-01-09 07:02:07.774</Data><Data Name="ProcessGuid">{8b8a9dc4-a7ef-6960-ed9d-f87fb45a0000}</Data><Data Name="ProcessId">82838</Data><Data Name="Image">/usr/sbin/xtables-nft-multi</Data><Data Name="User">root</Data></EventData></Event>
Jan 09 22:36:07 vincenzolog-VMware-Virtual-Platform sysmon[8040]: <Event><System><Provider Name="Linux-Sysmon" Guid="{ff032593-a8d3-4f13-b0d6-01fc615a0f97}"/><EventID>1</EventID><Version>5</Version><Level>4</Level><Task>1</Task><Opcode>0</Opcode><Keywords>0x8000000000000000</Keywords><TimeCreated SystemTime="2026-01-09T15:36:07.045216000Z"/><EventRecordID>198854</EventRecordID><Correlation/><Execution ProcessID="8040" ThreadID="8040"/><Channel>Linux-Sysmon/Operational</Channel><Computer>vincenzolog-VMware-Virtual-Platform</Computer><Security UserId="0"/></System><EventData><Data Name="RuleName">-</Data><Data Name="UtcTime">2026-01-09 07:02:07.774</Data><Data Name="ProcessGuid">{8b8a9dc4-a7ef-6960-edcd-e5904e620000}</Data><Data Name="ProcessId">82839</Data><Data Name="Image">/usr/sbin/xtables-nft-multi</Data><Data Name="FileVersion">-</Data><Data Name="Description">-</Data><Data Name="Product">-</Data><Data Name="Company">-</Data><Data Name="OriginalFileName">-</Data><Data Name="CommandLine">ip6tables -Z ufw6-after-logging-forward</Data><Data Name="CurrentDirectory">/home/vincenzolog/Auto_test</Data><Data Name="User">root</Data><Data Name="LogonGuid">{8b8a9dc4-2066-6961-0000-000007000000}</Data><Data Name="LogonId">0</Data><Data Name="TerminalSessionId">3</Data><Data Name="IntegrityLevel">no level</Data><Data Name="Hashes">SHA256=a1610dd70bb5ab04180671280df65b0077b680b627c0b6c51480b327732a762d</Data><Data Name="ParentProcessGuid">{8b8a9dc4-a7ef-6960-1d48-16f317570000}</Data><Data Name="ParentProcessId">82709</Data><Data Name="ParentImage">/usr/bin/dash</Data><Data Name="ParentCommandLine">/bin/sh</Data><Data Name="ParentUser">root</Data></EventData></Event>
Jan 09 22:36:07 vincenzolog-VMware-Virtual-Platform sysmon[8040]: <Event><System><Provider Name="Linux-Sysmon" Guid="{ff032593-a8d3-4f13-b0d6-01fc615a0f97}"/><EventID>5</EventID><Version>3</Version><Level>4</Level><Task>5</Task><Opcode>0</Opcode><Keywords>0x8000000000000000</Keywords><TimeCreated SystemTime="2026-01-09T15:36:07.046646000Z"/><EventRecordID>198855</EventRecordID><Correlation/><Execution ProcessID="8040" ThreadID="8040"/><Channel>Linux-Sysmon/Operational</Channel><Computer>vincenzolog-VMware-Virtual-Platform</Computer><Security UserId="0"/></System><EventData><Data Name="RuleName">-</Data><Data Name="UtcTime">2026-01-09 07:02:07.776</Data><Data Name="ProcessGuid">{8b8a9dc4-a7ef-6960-edcd-e5904e620000}</Data><Data Name="ProcessId">82839</Data><Data Name="Image">/usr/sbin/xtables-nft-multi</Data><Data Name="User">root</Data></EventData></Event>
Jan 09 22:36:07 vincenzolog-VMware-Virtual-Platform sysmon[8040]: <Event><System><Provider Name="Linux-Sysmon" Guid="{ff032593-a8d3-4f13-b0d6-01fc615a0f97}"/><EventID>1</EventID><Version>5</Version><Level>4</Level><Task>1</Task><Opcode>0</Opcode><Keywords>0x8000000000000000</Keywords><TimeCreated SystemTime="2026-01-09T15:36:07.047543000Z"/><EventRecordID>198856</EventRecordID><Correlation/><Execution ProcessID="8040" ThreadID="8040"/><Channel>Linux-Sysmon/Operational</Channel><Computer>vincenzolog-VMware-Virtual-Platform</Computer><Security UserId="0"/></System><EventData><Data Name="RuleName">-</Data><Data Name="UtcTime">2026-01-09 07:02:07.776</Data><Data Name="ProcessGuid">{8b8a9dc4-a7ef-6960-eded-05564c600000}</Data><Data Name="ProcessId">82840</Data><Data Name="Image">/usr/sbin/xtables-nft-multi</Data><Data Name="FileVersion">-</Data><Data Name="Description">-</Data><Data Name="Product">-</Data><Data Name="Company">-</Data><Data Name="OriginalFileName">-</Data><Data Name="CommandLine">ip6tables -Z ufw6-after-forward</Data><Data Name="CurrentDirectory">/home/vincenzolog/Auto_test</Data><Data Name="User">root</Data><Data Name="LogonGuid">{8b8a9dc4-2066-6961-0000-000007000000}</Data><Data Name="LogonId">0</Data><Data Name="TerminalSessionId">3</Data><Data Name="IntegrityLevel">no level</Data><Data Name="Hashes">SHA256=a1610dd70bb5ab04180671280df65b0077b680b627c0b6c51480b327732a762d</Data><Data Name="ParentProcessGuid">{8b8a9dc4-a7ef-6960-1d48-16f317570000}</Data><Data Name="ParentProcessId">82709</Data><Data Name="ParentImage">/usr/bin/dash</Data><Data Name="ParentCommandLine">/bin/sh</Data><Data Name="ParentUser">root</Data></EventData></Event>
Jan 09 22:36:07 vincenzolog-VMware-Virtual-Platform sysmon[8040]: <Event><System><Provider Name="Linux-Sysmon" Guid="{ff032593-a8d3-4f13-b0d6-01fc615a0f97}"/><EventID>5</EventID><Version>3</Version><Level>4</Level><Task>5</Task><Opcode>0</Opcode><Keywords>0x8000000000000000</Keywords><TimeCreated SystemTime="2026-01-09T15:36:07.048886000Z"/><EventRecordID>198857</EventRecordID><Correlation/><Execution ProcessID="8040" ThreadID="8040"/><Channel>Linux-Sysmon/Operational</Channel><Computer>vincenzolog-VMware-Virtual-Platform</Computer><Security UserId="0"/></System><EventData><Data Name="RuleName">-</Data><Data Name="UtcTime">2026-01-09 07:02:07.778</Data><Data Name="ProcessGuid">{8b8a9dc4-a7ef-6960-eded-05564c600000}</Data><Data Name="ProcessId">82840</Data><Data Name="Image">/usr/sbin/xtables-nft-multi</Data><Data Name="User">root</Data></EventData></Event>
Jan 09 22:36:07 vincenzolog-VMware-Virtual-Platform sysmon[8040]: <Event><System><Provider Name="Linux-Sysmon" Guid="{ff032593-a8d3-4f13-b0d6-01fc615a0f97}"/><EventID>1</EventID><Version>5</Version><Level>4</Level><Task>1</Task><Opcode>0</Opcode><Keywords>0x8000000000000000</Keywords><TimeCreated SystemTime="2026-01-09T15:36:07.050072000Z"/><EventRecordID>198858</EventRecordID><Correlation/><Execution ProcessID="8040" ThreadID="8040"/><Channel>Linux-Sysmon/Operational</Channel><Computer>vincenzolog-VMware-Virtual-Platform</Computer><Security UserId="0"/></System><EventData><Data Name="RuleName">-</Data><Data Name="UtcTime">2026-01-09 07:02:07.779</Data><Data Name="ProcessGuid">{8b8a9dc4-a7ef-6960-ed9d-d59cef5b0000}</Data><Data Name="ProcessId">82841</Data><Data Name="Image">/usr/sbin/xtables-nft-multi</Data><Data Name="FileVersion">-</Data><Data Name="Description">-</Data><Data Name="Product">-</Data><Data Name="Company">-</Data><Data Name="OriginalFileName">-</Data><Data Name="CommandLine">ip6tables -Z ufw6-user-logging-forward</Data><Data Name="CurrentDirectory">/home/vincenzolog/Auto_test</Data><Data Name="User">root</Data><Data Name="LogonGuid">{8b8a9dc4-2066-6961-0000-000007000000}</Data><Data Name="LogonId">0</Data><Data Name="TerminalSessionId">3</Data><Data Name="IntegrityLevel">no level</Data><Data Name="Hashes">SHA256=a1610dd70bb5ab04180671280df65b0077b680b627c0b6c51480b327732a762d</Data><Data Name="ParentProcessGuid">{8b8a9dc4-a7ef-6960-1d48-16f317570000}</Data><Data Name="ParentProcessId">82709</Data><Data Name="ParentImage">/usr/bin/dash</Data><Data Name="ParentCommandLine">/bin/sh</Data><Data Name="ParentUser">root</Data></EventData></Event>
Jan 09 22:36:07 vincenzolog-VMware-Virtual-Platform sysmon[8040]: <Event><System><Provider Name="Linux-Sysmon" Guid="{ff032593-a8d3-4f13-b0d6-01fc615a0f97}"/><EventID>5</EventID><Version>3</Version><Level>4</Level><Task>5</Task><Opcode>0</Opcode><Keywords>0x8000000000000000</Keywords><TimeCreated SystemTime="2026-01-09T15:36:07.051348000Z"/><EventRecordID>198859</EventRecordID><Correlation/><Execution ProcessID="8040" ThreadID="8040"/><Channel>Linux-Sysmon/Operational</Channel><Computer>vincenzolog-VMware-Virtual-Platform</Computer><Security UserId="0"/></System><EventData><Data Name="RuleName">-</Data><Data Name="UtcTime">2026-01-09 07:02:07.781</Data><Data Name="ProcessGuid">{8b8a9dc4-a7ef-6960-ed9d-d59cef5b0000}</Data><Data Name="ProcessId">82841</Data><Data Name="Image">/usr/sbin/xtables-nft-multi</Data><Data Name="User">root</Data></EventData></Event>
Jan 09 22:36:07 vincenzolog-VMware-Virtual-Platform sysmon[8040]: <Event><System><Provider Name="Linux-Sysmon" Guid="{ff032593-a8d3-4f13-b0d6-01fc615a0f97}"/><EventID>1</EventID><Version>5</Version><Level>4</Level><Task>1</Task><Opcode>0</Opcode><Keywords>0x8000000000000000</Keywords><TimeCreated SystemTime="2026-01-09T15:36:07.052433000Z"/><EventRecordID>198860</EventRecordID><Correlation/><Execution ProcessID="8040" ThreadID="8040"/><Channel>Linux-Sysmon/Operational</Channel><Computer>vincenzolog-VMware-Virtual-Platform</Computer><Security UserId="0"/></System><EventData><Data Name="RuleName">-</Data><Data Name="UtcTime">2026-01-09 07:02:07.781</Data><Data Name="ProcessGuid">{8b8a9dc4-a7ef-6960-edbd-2a8d775e0000}</Data><Data Name="ProcessId">82842</Data><Data Name="Image">/usr/sbin/xtables-nft-multi</Data><Data Name="FileVersion">-</Data><Data Name="Description">-</Data><Data Name="Product">-</Data><Data Name="Company">-</Data><Data Name="OriginalFileName">-</Data><Data Name="CommandLine">ip6tables -Z ufw6-user-forward</Data><Data Name="CurrentDirectory">/home/vincenzolog/Auto_test</Data><Data Name="User">root</Data><Data Name="LogonGuid">{8b8a9dc4-2066-6961-0000-000007000000}</Data><Data Name="LogonId">0</Data><Data Name="TerminalSessionId">3</Data><Data Name="IntegrityLevel">no level</Data><Data Name="Hashes">SHA256=a1610dd70bb5ab04180671280df65b0077b680b627c0b6c51480b327732a762d</Data><Data Name="ParentProcessGuid">{8b8a9dc4-a7ef-6960-1d48-16f317570000}</Data><Data Name="ParentProcessId">82709</Data><Data Name="ParentImage">/usr/bin/dash</Data><Data Name="ParentCommandLine">/bin/sh</Data><Data Name="ParentUser">root</Data></EventData></Event>
Jan 09 22:36:07 vincenzolog-VMware-Virtual-Platform sysmon[8040]: <Event><System><Provider Name="Linux-Sysmon" Guid="{ff032593-a8d3-4f13-b0d6-01fc615a0f97}"/><EventID>5</EventID><Version>3</Version><Level>4</Level><Task>5</Task><Opcode>0</Opcode><Keywords>0x8000000000000000</Keywords><TimeCreated SystemTime="2026-01-09T15:36:07.053986000Z"/><EventRecordID>198861</EventRecordID><Correlation/><Execution ProcessID="8040" ThreadID="8040"/><Channel>Linux-Sysmon/Operational</Channel><Computer>vincenzolog-VMware-Virtual-Platform</Computer><Security UserId="0"/></System><EventData><Data Name="RuleName">-</Data><Data Name="UtcTime">2026-01-09 07:02:07.783</Data><Data Name="ProcessGuid">{8b8a9dc4-a7ef-6960-edbd-2a8d775e0000}</Data><Data Name="ProcessId">82842</Data><Data Name="Image">/usr/sbin/xtables-nft-multi</Data><Data Name="User">root</Data></EventData></Event>
Jan 09 22:36:07 vincenzolog-VMware-Virtual-Platform sysmon[8040]: <Event><System><Provider Name="Linux-Sysmon" Guid="{ff032593-a8d3-4f13-b0d6-01fc615a0f97}"/><EventID>1</EventID><Version>5</Version><Level>4</Level><Task>1</Task><Opcode>0</Opcode><Keywords>0x8000000000000000</Keywords><TimeCreated SystemTime="2026-01-09T15:36:07.054913000Z"/><EventRecordID>198862</EventRecordID><Correlation/><Execution ProcessID="8040" ThreadID="8040"/><Channel>Linux-Sysmon/Operational</Channel><Computer>vincenzolog-VMware-Virtual-Platform</Computer><Security UserId="0"/></System><EventData><Data Name="RuleName">-</Data><Data Name="UtcTime">2026-01-09 07:02:07.784</Data><Data Name="ProcessGuid">{8b8a9dc4-a7ef-6960-ed3d-b25d35560000}</Data><Data Name="ProcessId">82843</Data><Data Name="Image">/usr/sbin/xtables-nft-multi</Data><Data Name="FileVersion">-</Data><Data Name="Description">-</Data><Data Name="Product">-</Data><Data Name="Company">-</Data><Data Name="OriginalFileName">-</Data><Data Name="CommandLine">ip6tables -Z ufw6-before-forward</Data><Data Name="CurrentDirectory">/home/vincenzolog/Auto_test</Data><Data Name="User">root</Data><Data Name="LogonGuid">{8b8a9dc4-2066-6961-0000-000007000000}</Data><Data Name="LogonId">0</Data><Data Name="TerminalSessionId">3</Data><Data Name="IntegrityLevel">no level</Data><Data Name="Hashes">SHA256=a1610dd70bb5ab04180671280df65b0077b680b627c0b6c51480b327732a762d</Data><Data Name="ParentProcessGuid">{8b8a9dc4-a7ef-6960-1d48-16f317570000}</Data><Data Name="ParentProcessId">82709</Data><Data Name="ParentImage">/usr/bin/dash</Data><Data Name="ParentCommandLine">/bin/sh</Data><Data Name="ParentUser">root</Data></EventData></Event>
Jan 09 22:36:07 vincenzolog-VMware-Virtual-Platform sysmon[8040]: <Event><System><Provider Name="Linux-Sysmon" Guid="{ff032593-a8d3-4f13-b0d6-01fc615a0f97}"/><EventID>5</EventID><Version>3</Version><Level>4</Level><Task>5</Task><Opcode>0</Opcode><Keywords>0x8000000000000000</Keywords><TimeCreated SystemTime="2026-01-09T15:36:07.056327000Z"/><EventRecordID>198863</EventRecordID><Correlation/><Execution ProcessID="8040" ThreadID="8040"/><Channel>Linux-Sysmon/Operational</Channel><Computer>vincenzolog-VMware-Virtual-Platform</Computer><Security UserId="0"/></System><EventData><Data Name="RuleName">-</Data><Data Name="UtcTime">2026-01-09 07:02:07.786</Data><Data Name="ProcessGuid">{8b8a9dc4-a7ef-6960-ed3d-b25d35560000}</Data><Data Name="ProcessId">82843</Data><Data Name="Image">/usr/sbin/xtables-nft-multi</Data><Data Name="User">root</Data></EventData></Event>
Jan 09 22:36:07 vincenzolog-VMware-Virtual-Platform sysmon[8040]: <Event><System><Provider Name="Linux-Sysmon" Guid="{ff032593-a8d3-4f13-b0d6-01fc615a0f97}"/><EventID>1</EventID><Version>5</Version><Level>4</Level><Task>1</Task><Opcode>0</Opcode><Keywords>0x8000000000000000</Keywords><TimeCreated SystemTime="2026-01-09T15:36:07.057183000Z"/><EventRecordID>198864</EventRecordID><Correlation/><Execution ProcessID="8040" ThreadID="8040"/><Channel>Linux-Sysmon/Operational</Channel><Computer>vincenzolog-VMware-Virtual-Platform</Computer><Security UserId="0"/></System><EventData><Data Name="RuleName">-</Data><Data Name="UtcTime">2026-01-09 07:02:07.786</Data><Data Name="ProcessGuid">{8b8a9dc4-a7ef-6960-ed7d-8f1024570000}</Data><Data Name="ProcessId">82844</Data><Data Name="Image">/usr/sbin/xtables-nft-multi</Data><Data Name="FileVersion">-</Data><Data Name="Description">-</Data><Data Name="Product">-</Data><Data Name="Company">-</Data><Data Name="OriginalFileName">-</Data><Data Name="CommandLine">ip6tables -Z ufw6-before-logging-forward</Data><Data Name="CurrentDirectory">/home/vincenzolog/Auto_test</Data><Data Name="User">root</Data><Data Name="LogonGuid">{8b8a9dc4-2066-6961-0000-000007000000}</Data><Data Name="LogonId">0</Data><Data Name="TerminalSessionId">3</Data><Data Name="IntegrityLevel">no level</Data><Data Name="Hashes">SHA256=a1610dd70bb5ab04180671280df65b0077b680b627c0b6c51480b327732a762d</Data><Data Name="ParentProcessGuid">{8b8a9dc4-a7ef-6960-1d48-16f317570000}</Data><Data Name="ParentProcessId">82709</Data><Data Name="ParentImage">/usr/bin/dash</Data><Data Name="ParentCommandLine">/bin/sh</Data><Data Name="ParentUser">root</Data></EventData></Event>
Jan 09 22:36:07 vincenzolog-VMware-Virtual-Platform sysmon[8040]: <Event><System><Provider Name="Linux-Sysmon" Guid="{ff032593-a8d3-4f13-b0d6-01fc615a0f97}"/><EventID>5</EventID><Version>3</Version><Level>4</Level><Task>5</Task><Opcode>0</Opcode><Keywords>0x8000000000000000</Keywords><TimeCreated SystemTime="2026-01-09T15:36:07.058762000Z"/><EventRecordID>198865</EventRecordID><Correlation/><Execution ProcessID="8040" ThreadID="8040"/><Channel>Linux-Sysmon/Operational</Channel><Computer>vincenzolog-VMware-Virtual-Platform</Computer><Security UserId="0"/></System><EventData><Data Name="RuleName">-</Data><Data Name="UtcTime">2026-01-09 07:02:07.788</Data><Data Name="ProcessGuid">{8b8a9dc4-a7ef-6960-ed7d-8f1024570000}</Data><Data Name="ProcessId">82844</Data><Data Name="Image">/usr/sbin/xtables-nft-multi</Data><Data Name="User">root</Data></EventData></Event>
Jan 09 22:36:07 vincenzolog-VMware-Virtual-Platform sysmon[8040]: <Event><System><Provider Name="Linux-Sysmon" Guid="{ff032593-a8d3-4f13-b0d6-01fc615a0f97}"/><EventID>1</EventID><Version>5</Version><Level>4</Level><Task>1</Task><Opcode>0</Opcode><Keywords>0x8000000000000000</Keywords><TimeCreated SystemTime="2026-01-09T15:36:07.059780000Z"/><EventRecordID>198866</EventRecordID><Correlation/><Execution ProcessID="8040" ThreadID="8040"/><Channel>Linux-Sysmon/Operational</Channel><Computer>vincenzolog-VMware-Virtual-Platform</Computer><Security UserId="0"/></System><EventData><Data Name="RuleName">-</Data><Data Name="UtcTime">2026-01-09 07:02:07.789</Data><Data Name="ProcessGuid">{8b8a9dc4-a7ef-6960-ed9d-d3ea42580000}</Data><Data Name="ProcessId">82845</Data><Data Name="Image">/usr/sbin/xtables-nft-multi</Data><Data Name="FileVersion">-</Data><Data Name="Description">-</Data><Data Name="Product">-</Data><Data Name="Company">-</Data><Data Name="OriginalFileName">-</Data><Data Name="CommandLine">ip6tables -Z ufw6-track-forward</Data><Data Name="CurrentDirectory">/home/vincenzolog/Auto_test</Data><Data Name="User">root</Data><Data Name="LogonGuid">{8b8a9dc4-2066-6961-0000-000007000000}</Data><Data Name="LogonId">0</Data><Data Name="TerminalSessionId">3</Data><Data Name="IntegrityLevel">no level</Data><Data Name="Hashes">SHA256=a1610dd70bb5ab04180671280df65b0077b680b627c0b6c51480b327732a762d</Data><Data Name="ParentProcessGuid">{8b8a9dc4-a7ef-6960-1d48-16f317570000}</Data><Data Name="ParentProcessId">82709</Data><Data Name="ParentImage">/usr/bin/dash</Data><Data Name="ParentCommandLine">/bin/sh</Data><Data Name="ParentUser">root</Data></EventData></Event>
Jan 09 22:36:07 vincenzolog-VMware-Virtual-Platform sysmon[8040]: <Event><System><Provider Name="Linux-Sysmon" Guid="{ff032593-a8d3-4f13-b0d6-01fc615a0f97}"/><EventID>5</EventID><Version>3</Version><Level>4</Level><Task>5</Task><Opcode>0</Opcode><Keywords>0x8000000000000000</Keywords><TimeCreated SystemTime="2026-01-09T15:36:07.061122000Z"/><EventRecordID>198867</EventRecordID><Correlation/><Execution ProcessID="8040" ThreadID="8040"/><Channel>Linux-Sysmon/Operational</Channel><Computer>vincenzolog-VMware-Virtual-Platform</Computer><Security UserId="0"/></System><EventData><Data Name="RuleName">-</Data><Data Name="UtcTime">2026-01-09 07:02:07.791</Data><Data Name="ProcessGuid">{8b8a9dc4-a7ef-6960-ed9d-d3ea42580000}</Data><Data Name="ProcessId">82845</Data><Data Name="Image">/usr/sbin/xtables-nft-multi</Data><Data Name="User">root</Data></EventData></Event>
Jan 09 22:36:07 vincenzolog-VMware-Virtual-Platform sysmon[8040]: <Event><System><Provider Name="Linux-Sysmon" Guid="{ff032593-a8d3-4f13-b0d6-01fc615a0f97}"/><EventID>1</EventID><Version>5</Version><Level>4</Level><Task>1</Task><Opcode>0</Opcode><Keywords>0x8000000000000000</Keywords><TimeCreated SystemTime="2026-01-09T15:36:07.062298000Z"/><EventRecordID>198868</EventRecordID><Correlation/><Execution ProcessID="8040" ThreadID="8040"/><Channel>Linux-Sysmon/Operational</Channel><Computer>vincenzolog-VMware-Virtual-Platform</Computer><Security UserId="0"/></System><EventData><Data Name="RuleName">-</Data><Data Name="UtcTime">2026-01-09 07:02:07.791</Data><Data Name="ProcessGuid">{8b8a9dc4-a7ef-6960-edfd-a1dfac580000}</Data><Data Name="ProcessId">82846</Data><Data Name="Image">/usr/sbin/xtables-nft-multi</Data><Data Name="FileVersion">-</Data><Data Name="Description">-</Data><Data Name="Product">-</Data><Data Name="Company">-</Data><Data Name="OriginalFileName">-</Data><Data Name="CommandLine">ip6tables -Z ufw6-track-output</Data><Data Name="CurrentDirectory">/home/vincenzolog/Auto_test</Data><Data Name="User">root</Data><Data Name="LogonGuid">{8b8a9dc4-2066-6961-0000-000007000000}</Data><Data Name="LogonId">0</Data><Data Name="TerminalSessionId">3</Data><Data Name="IntegrityLevel">no level</Data><Data Name="Hashes">SHA256=a1610dd70bb5ab04180671280df65b0077b680b627c0b6c51480b327732a762d</Data><Data Name="ParentProcessGuid">{8b8a9dc4-a7ef-6960-1d48-16f317570000}</Data><Data Name="ParentProcessId">82709</Data><Data Name="ParentImage">/usr/bin/dash</Data><Data Name="ParentCommandLine">/bin/sh</Data><Data Name="ParentUser">root</Data></EventData></Event>
Jan 09 22:36:07 vincenzolog-VMware-Virtual-Platform sysmon[8040]: <Event><System><Provider Name="Linux-Sysmon" Guid="{ff032593-a8d3-4f13-b0d6-01fc615a0f97}"/><EventID>5</EventID><Version>3</Version><Level>4</Level><Task>5</Task><Opcode>0</Opcode><Keywords>0x8000000000000000</Keywords><TimeCreated SystemTime="2026-01-09T15:36:07.063622000Z"/><EventRecordID>198869</EventRecordID><Correlation/><Execution ProcessID="8040" ThreadID="8040"/><Channel>Linux-Sysmon/Operational</Channel><Computer>vincenzolog-VMware-Virtual-Platform</Computer><Security UserId="0"/></System><EventData><Data Name="RuleName">-</Data><Data Name="UtcTime">2026-01-09 07:02:07.793</Data><Data Name="ProcessGuid">{8b8a9dc4-a7ef-6960-edfd-a1dfac580000}</Data><Data Name="ProcessId">82846</Data><Data Name="Image">/usr/sbin/xtables-nft-multi</Data><Data Name="User">root</Data></EventData></Event>
Jan 09 22:36:07 vincenzolog-VMware-Virtual-Platform sysmon[8040]: <Event><System><Provider Name="Linux-Sysmon" Guid="{ff032593-a8d3-4f13-b0d6-01fc615a0f97}"/><EventID>1</EventID><Version>5</Version><Level>4</Level><Task>1</Task><Opcode>0</Opcode><Keywords>0x8000000000000000</Keywords><TimeCreated SystemTime="2026-01-09T15:36:07.064622000Z"/><EventRecordID>198870</EventRecordID><Correlation/><Execution ProcessID="8040" ThreadID="8040"/><Channel>Linux-Sysmon/Operational</Channel><Computer>vincenzolog-VMware-Virtual-Platform</Computer><Security UserId="0"/></System><EventData><Data Name="RuleName">-</Data><Data Name="UtcTime">2026-01-09 07:02:07.793</Data><Data Name="ProcessGuid">{8b8a9dc4-a7ef-6960-ed4d-01eeb6560000}</Data><Data Name="ProcessId">82847</Data><Data Name="Image">/usr/sbin/xtables-nft-multi</Data><Data Name="FileVersion">-</Data><Data Name="Description">-</Data><Data Name="Product">-</Data><Data Name="Company">-</Data><Data Name="OriginalFileName">-</Data><Data Name="CommandLine">ip6tables -Z ufw6-track-input</Data><Data Name="CurrentDirectory">/home/vincenzolog/Auto_test</Data><Data Name="User">root</Data><Data Name="LogonGuid">{8b8a9dc4-2066-6961-0000-000007000000}</Data><Data Name="LogonId">0</Data><Data Name="TerminalSessionId">3</Data><Data Name="IntegrityLevel">no level</Data><Data Name="Hashes">SHA256=a1610dd70bb5ab04180671280df65b0077b680b627c0b6c51480b327732a762d</Data><Data Name="ParentProcessGuid">{8b8a9dc4-a7ef-6960-1d48-16f317570000}</Data><Data Name="ParentProcessId">82709</Data><Data Name="ParentImage">/usr/bin/dash</Data><Data Name="ParentCommandLine">/bin/sh</Data><Data Name="ParentUser">root</Data></EventData></Event>
Jan 09 22:36:07 vincenzolog-VMware-Virtual-Platform sysmon[8040]: <Event><System><Provider Name="Linux-Sysmon" Guid="{ff032593-a8d3-4f13-b0d6-01fc615a0f97}"/><EventID>5</EventID><Version>3</Version><Level>4</Level><Task>5</Task><Opcode>0</Opcode><Keywords>0x8000000000000000</Keywords><TimeCreated SystemTime="2026-01-09T15:36:07.066305000Z"/><EventRecordID>198871</EventRecordID><Correlation/><Execution ProcessID="8040" ThreadID="8040"/><Channel>Linux-Sysmon/Operational</Channel><Computer>vincenzolog-VMware-Virtual-Platform</Computer><Security UserId="0"/></System><EventData><Data Name="RuleName">-</Data><Data Name="UtcTime">2026-01-09 07:02:07.796</Data><Data Name="ProcessGuid">{8b8a9dc4-a7ef-6960-ed4d-01eeb6560000}</Data><Data Name="ProcessId">82847</Data><Data Name="Image">/usr/sbin/xtables-nft-multi</Data><Data Name="User">root</Data></EventData></Event>
Jan 09 22:36:07 vincenzolog-VMware-Virtual-Platform sysmon[8040]: <Event><System><Provider Name="Linux-Sysmon" Guid="{ff032593-a8d3-4f13-b0d6-01fc615a0f97}"/><EventID>1</EventID><Version>5</Version><Level>4</Level><Task>1</Task><Opcode>0</Opcode><Keywords>0x8000000000000000</Keywords><TimeCreated SystemTime="2026-01-09T15:36:07.067286000Z"/><EventRecordID>198872</EventRecordID><Correlation/><Execution ProcessID="8040" ThreadID="8040"/><Channel>Linux-Sysmon/Operational</Channel><Computer>vincenzolog-VMware-Virtual-Platform</Computer><Security UserId="0"/></System><EventData><Data Name="RuleName">-</Data><Data Name="UtcTime">2026-01-09 07:02:07.796</Data><Data Name="ProcessGuid">{8b8a9dc4-a7ef-6960-ed2d-ffede6610000}</Data><Data Name="ProcessId">82848</Data><Data Name="Image">/usr/sbin/xtables-nft-multi</Data><Data Name="FileVersion">-</Data><Data Name="Description">-</Data><Data Name="Product">-</Data><Data Name="Company">-</Data><Data Name="OriginalFileName">-</Data><Data Name="CommandLine">ip6tables -Z ufw6-skip-to-policy-output</Data><Data Name="CurrentDirectory">/home/vincenzolog/Auto_test</Data><Data Name="User">root</Data><Data Name="LogonGuid">{8b8a9dc4-2066-6961-0000-000007000000}</Data><Data Name="LogonId">0</Data><Data Name="TerminalSessionId">3</Data><Data Name="IntegrityLevel">no level</Data><Data Name="Hashes">SHA256=a1610dd70bb5ab04180671280df65b0077b680b627c0b6c51480b327732a762d</Data><Data Name="ParentProcessGuid">{8b8a9dc4-a7ef-6960-1d48-16f317570000}</Data><Data Name="ParentProcessId">82709</Data><Data Name="ParentImage">/usr/bin/dash</Data><Data Name="ParentCommandLine">/bin/sh</Data><Data Name="ParentUser">root</Data></EventData></Event>
Jan 09 22:36:07 vincenzolog-VMware-Virtual-Platform sysmon[8040]: <Event><System><Provider Name="Linux-Sysmon" Guid="{ff032593-a8d3-4f13-b0d6-01fc615a0f97}"/><EventID>5</EventID><Version>3</Version><Level>4</Level><Task>5</Task><Opcode>0</Opcode><Keywords>0x8000000000000000</Keywords><TimeCreated SystemTime="2026-01-09T15:36:07.068689000Z"/><EventRecordID>198873</EventRecordID><Correlation/><Execution ProcessID="8040" ThreadID="8040"/><Channel>Linux-Sysmon/Operational</Channel><Computer>vincenzolog-VMware-Virtual-Platform</Computer><Security UserId="0"/></System><EventData><Data Name="RuleName">-</Data><Data Name="UtcTime">2026-01-09 07:02:07.798</Data><Data Name="ProcessGuid">{8b8a9dc4-a7ef-6960-ed2d-ffede6610000}</Data><Data Name="ProcessId">82848</Data><Data Name="Image">/usr/sbin/xtables-nft-multi</Data><Data Name="User">root</Data></EventData></Event>
Jan 09 22:36:07 vincenzolog-VMware-Virtual-Platform sysmon[8040]: <Event><System><Provider Name="Linux-Sysmon" Guid="{ff032593-a8d3-4f13-b0d6-01fc615a0f97}"/><EventID>1</EventID><Version>5</Version><Level>4</Level><Task>1</Task><Opcode>0</Opcode><Keywords>0x8000000000000000</Keywords><TimeCreated SystemTime="2026-01-09T15:36:07.069715000Z"/><EventRecordID>198874</EventRecordID><Correlation/><Execution ProcessID="8040" ThreadID="8040"/><Channel>Linux-Sysmon/Operational</Channel><Computer>vincenzolog-VMware-Virtual-Platform</Computer><Security UserId="0"/></System><EventData><Data Name="RuleName">-</Data><Data Name="UtcTime">2026-01-09 07:02:07.798</Data><Data Name="ProcessGuid">{8b8a9dc4-a7ef-6960-edbd-c9a433610000}</Data><Data Name="ProcessId">82849</Data><Data Name="Image">/usr/sbin/xtables-nft-multi</Data><Data Name="FileVersion">-</Data><Data Name="Description">-</Data><Data Name="Product">-</Data><Data Name="Company">-</Data><Data Name="OriginalFileName">-</Data><Data Name="CommandLine">ip6tables -Z ufw6-reject-output</Data><Data Name="CurrentDirectory">/home/vincenzolog/Auto_test</Data><Data Name="User">root</Data><Data Name="LogonGuid">{8b8a9dc4-2066-6961-0000-000007000000}</Data><Data Name="LogonId">0</Data><Data Name="TerminalSessionId">3</Data><Data Name="IntegrityLevel">no level</Data><Data Name="Hashes">SHA256=a1610dd70bb5ab04180671280df65b0077b680b627c0b6c51480b327732a762d</Data><Data Name="ParentProcessGuid">{8b8a9dc4-a7ef-6960-1d48-16f317570000}</Data><Data Name="ParentProcessId">82709</Data><Data Name="ParentImage">/usr/bin/dash</Data><Data Name="ParentCommandLine">/bin/sh</Data><Data Name="ParentUser">root</Data></EventData></Event>
Jan 09 22:36:07 vincenzolog-VMware-Virtual-Platform sysmon[8040]: <Event><System><Provider Name="Linux-Sysmon" Guid="{ff032593-a8d3-4f13-b0d6-01fc615a0f97}"/><EventID>5</EventID><Version>3</Version><Level>4</Level><Task>5</Task><Opcode>0</Opcode><Keywords>0x8000000000000000</Keywords><TimeCreated SystemTime="2026-01-09T15:36:07.071203000Z"/><EventRecordID>198875</EventRecordID><Correlation/><Execution ProcessID="8040" ThreadID="8040"/><Channel>Linux-Sysmon/Operational</Channel><Computer>vincenzolog-VMware-Virtual-Platform</Computer><Security UserId="0"/></System><EventData><Data Name="RuleName">-</Data><Data Name="UtcTime">2026-01-09 07:02:07.801</Data><Data Name="ProcessGuid">{8b8a9dc4-a7ef-6960-edbd-c9a433610000}</Data><Data Name="ProcessId">82849</Data><Data Name="Image">/usr/sbin/xtables-nft-multi</Data><Data Name="User">root</Data></EventData></Event>
Jan 09 22:36:07 vincenzolog-VMware-Virtual-Platform sysmon[8040]: <Event><System><Provider Name="Linux-Sysmon" Guid="{ff032593-a8d3-4f13-b0d6-01fc615a0f97}"/><EventID>1</EventID><Version>5</Version><Level>4</Level><Task>1</Task><Opcode>0</Opcode><Keywords>0x8000000000000000</Keywords><TimeCreated SystemTime="2026-01-09T15:36:07.072398000Z"/><EventRecordID>198876</EventRecordID><Correlation/><Execution ProcessID="8040" ThreadID="8040"/><Channel>Linux-Sysmon/Operational</Channel><Computer>vincenzolog-VMware-Virtual-Platform</Computer><Security UserId="0"/></System><EventData><Data Name="RuleName">-</Data><Data Name="UtcTime">2026-01-09 07:02:07.801</Data><Data Name="ProcessGuid">{8b8a9dc4-a7ef-6960-ed6d-e36e93610000}</Data><Data Name="ProcessId">82850</Data><Data Name="Image">/usr/sbin/xtables-nft-multi</Data><Data Name="FileVersion">-</Data><Data Name="Description">-</Data><Data Name="Product">-</Data><Data Name="Company">-</Data><Data Name="OriginalFileName">-</Data><Data Name="CommandLine">ip6tables -Z ufw6-after-logging-output</Data><Data Name="CurrentDirectory">/home/vincenzolog/Auto_test</Data><Data Name="User">root</Data><Data Name="LogonGuid">{8b8a9dc4-2066-6961-0000-000007000000}</Data><Data Name="LogonId">0</Data><Data Name="TerminalSessionId">3</Data><Data Name="IntegrityLevel">no level</Data><Data Name="Hashes">SHA256=a1610dd70bb5ab04180671280df65b0077b680b627c0b6c51480b327732a762d</Data><Data Name="ParentProcessGuid">{8b8a9dc4-a7ef-6960-1d48-16f317570000}</Data><Data Name="ParentProcessId">82709</Data><Data Name="ParentImage">/usr/bin/dash</Data><Data Name="ParentCommandLine">/bin/sh</Data><Data Name="ParentUser">root</Data></EventData></Event>
Jan 09 22:36:07 vincenzolog-VMware-Virtual-Platform sysmon[8040]: <Event><System><Provider Name="Linux-Sysmon" Guid="{ff032593-a8d3-4f13-b0d6-01fc615a0f97}"/><EventID>5</EventID><Version>3</Version><Level>4</Level><Task>5</Task><Opcode>0</Opcode><Keywords>0x8000000000000000</Keywords><TimeCreated SystemTime="2026-01-09T15:36:07.074025000Z"/><EventRecordID>198877</EventRecordID><Correlation/><Execution ProcessID="8040" ThreadID="8040"/><Channel>Linux-Sysmon/Operational</Channel><Computer>vincenzolog-VMware-Virtual-Platform</Computer><Security UserId="0"/></System><EventData><Data Name="RuleName">-</Data><Data Name="UtcTime">2026-01-09 07:02:07.803</Data><Data Name="ProcessGuid">{8b8a9dc4-a7ef-6960-ed6d-e36e93610000}</Data><Data Name="ProcessId">82850</Data><Data Name="Image">/usr/sbin/xtables-nft-multi</Data><Data Name="User">root</Data></EventData></Event>
Jan 09 22:36:07 vincenzolog-VMware-Virtual-Platform sysmon[8040]: <Event><System><Provider Name="Linux-Sysmon" Guid="{ff032593-a8d3-4f13-b0d6-01fc615a0f97}"/><EventID>1</EventID><Version>5</Version><Level>4</Level><Task>1</Task><Opcode>0</Opcode><Keywords>0x8000000000000000</Keywords><TimeCreated SystemTime="2026-01-09T15:36:07.075013000Z"/><EventRecordID>198878</EventRecordID><Correlation/><Execution ProcessID="8040" ThreadID="8040"/><Channel>Linux-Sysmon/Operational</Channel><Computer>vincenzolog-VMware-Virtual-Platform</Computer><Security UserId="0"/></System><EventData><Data Name="RuleName">-</Data><Data Name="UtcTime">2026-01-09 07:02:07.804</Data><Data Name="ProcessGuid">{8b8a9dc4-a7ef-6960-edad-55b0d55e0000}</Data><Data Name="ProcessId">82851</Data><Data Name="Image">/usr/sbin/xtables-nft-multi</Data><Data Name="FileVersion">-</Data><Data Name="Description">-</Data><Data Name="Product">-</Data><Data Name="Company">-</Data><Data Name="OriginalFileName">-</Data><Data Name="CommandLine">ip6tables -Z ufw6-after-output</Data><Data Name="CurrentDirectory">/home/vincenzolog/Auto_test</Data><Data Name="User">root</Data><Data Name="LogonGuid">{8b8a9dc4-2066-6961-0000-000007000000}</Data><Data Name="LogonId">0</Data><Data Name="TerminalSessionId">3</Data><Data Name="IntegrityLevel">no level</Data><Data Name="Hashes">SHA256=a1610dd70bb5ab04180671280df65b0077b680b627c0b6c51480b327732a762d</Data><Data Name="ParentProcessGuid">{8b8a9dc4-a7ef-6960-1d48-16f317570000}</Data><Data Name="ParentProcessId">82709</Data><Data Name="ParentImage">/usr/bin/dash</Data><Data Name="ParentCommandLine">/bin/sh</Data><Data Name="ParentUser">root</Data></EventData></Event>
Jan 09 22:36:07 vincenzolog-VMware-Virtual-Platform sysmon[8040]: <Event><System><Provider Name="Linux-Sysmon" Guid="{ff032593-a8d3-4f13-b0d6-01fc615a0f97}"/><EventID>5</EventID><Version>3</Version><Level>4</Level><Task>5</Task><Opcode>0</Opcode><Keywords>0x8000000000000000</Keywords><TimeCreated SystemTime="2026-01-09T15:36:07.076243000Z"/><EventRecordID>198879</EventRecordID><Correlation/><Execution ProcessID="8040" ThreadID="8040"/><Channel>Linux-Sysmon/Operational</Channel><Computer>vincenzolog-VMware-Virtual-Platform</Computer><Security UserId="0"/></System><EventData><Data Name="RuleName">-</Data><Data Name="UtcTime">2026-01-09 07:02:07.806</Data><Data Name="ProcessGuid">{8b8a9dc4-a7ef-6960-edad-55b0d55e0000}</Data><Data Name="ProcessId">82851</Data><Data Name="Image">/usr/sbin/xtables-nft-multi</Data><Data Name="User">root</Data></EventData></Event>
Jan 09 22:36:07 vincenzolog-VMware-Virtual-Platform sysmon[8040]: <Event><System><Provider Name="Linux-Sysmon" Guid="{ff032593-a8d3-4f13-b0d6-01fc615a0f97}"/><EventID>1</EventID><Version>5</Version><Level>4</Level><Task>1</Task><Opcode>0</Opcode><Keywords>0x8000000000000000</Keywords><TimeCreated SystemTime="2026-01-09T15:36:07.077407000Z"/><EventRecordID>198880</EventRecordID><Correlation/><Execution ProcessID="8040" ThreadID="8040"/><Channel>Linux-Sysmon/Operational</Channel><Computer>vincenzolog-VMware-Virtual-Platform</Computer><Security UserId="0"/></System><EventData><Data Name="RuleName">-</Data><Data Name="UtcTime">2026-01-09 07:02:07.806</Data><Data Name="ProcessGuid">{8b8a9dc4-a7ef-6960-edbd-db0659560000}</Data><Data Name="ProcessId">82852</Data><Data Name="Image">/usr/sbin/xtables-nft-multi</Data><Data Name="FileVersion">-</Data><Data Name="Description">-</Data><Data Name="Product">-</Data><Data Name="Company">-</Data><Data Name="OriginalFileName">-</Data><Data Name="CommandLine">ip6tables -Z ufw6-user-logging-output</Data><Data Name="CurrentDirectory">/home/vincenzolog/Auto_test</Data><Data Name="User">root</Data><Data Name="LogonGuid">{8b8a9dc4-2066-6961-0000-000007000000}</Data><Data Name="LogonId">0</Data><Data Name="TerminalSessionId">3</Data><Data Name="IntegrityLevel">no level</Data><Data Name="Hashes">SHA256=a1610dd70bb5ab04180671280df65b0077b680b627c0b6c51480b327732a762d</Data><Data Name="ParentProcessGuid">{8b8a9dc4-a7ef-6960-1d48-16f317570000}</Data><Data Name="ParentProcessId">82709</Data><Data Name="ParentImage">/usr/bin/dash</Data><Data Name="ParentCommandLine">/bin/sh</Data><Data Name="ParentUser">root</Data></EventData></Event>
Jan 09 22:36:07 vincenzolog-VMware-Virtual-Platform sysmon[8040]: <Event><System><Provider Name="Linux-Sysmon" Guid="{ff032593-a8d3-4f13-b0d6-01fc615a0f97}"/><EventID>5</EventID><Version>3</Version><Level>4</Level><Task>5</Task><Opcode>0</Opcode><Keywords>0x8000000000000000</Keywords><TimeCreated SystemTime="2026-01-09T15:36:07.079024000Z"/><EventRecordID>198881</EventRecordID><Correlation/><Execution ProcessID="8040" ThreadID="8040"/><Channel>Linux-Sysmon/Operational</Channel><Computer>vincenzolog-VMware-Virtual-Platform</Computer><Security UserId="0"/></System><EventData><Data Name="RuleName">-</Data><Data Name="UtcTime">2026-01-09 07:02:07.808</Data><Data Name="ProcessGuid">{8b8a9dc4-a7ef-6960-edbd-db0659560000}</Data><Data Name="ProcessId">82852</Data><Data Name="Image">/usr/sbin/xtables-nft-multi</Data><Data Name="User">root</Data></EventData></Event>
Jan 09 22:36:07 vincenzolog-VMware-Virtual-Platform sysmon[8040]: <Event><System><Provider Name="Linux-Sysmon" Guid="{ff032593-a8d3-4f13-b0d6-01fc615a0f97}"/><EventID>1</EventID><Version>5</Version><Level>4</Level><Task>1</Task><Opcode>0</Opcode><Keywords>0x8000000000000000</Keywords><TimeCreated SystemTime="2026-01-09T15:36:07.079997000Z"/><EventRecordID>198882</EventRecordID><Correlation/><Execution ProcessID="8040" ThreadID="8040"/><Channel>Linux-Sysmon/Operational</Channel><Computer>vincenzolog-VMware-Virtual-Platform</Computer><Security UserId="0"/></System><EventData><Data Name="RuleName">-</Data><Data Name="UtcTime">2026-01-09 07:02:07.809</Data><Data Name="ProcessGuid">{8b8a9dc4-a7ef-6960-eddd-dcbca6610000}</Data><Data Name="ProcessId">82853</Data><Data Name="Image">/usr/sbin/xtables-nft-multi</Data><Data Name="FileVersion">-</Data><Data Name="Description">-</Data><Data Name="Product">-</Data><Data Name="Company">-</Data><Data Name="OriginalFileName">-</Data><Data Name="CommandLine">ip6tables -Z ufw6-user-output</Data><Data Name="CurrentDirectory">/home/vincenzolog/Auto_test</Data><Data Name="User">root</Data><Data Name="LogonGuid">{8b8a9dc4-2066-6961-0000-000007000000}</Data><Data Name="LogonId">0</Data><Data Name="TerminalSessionId">3</Data><Data Name="IntegrityLevel">no level</Data><Data Name="Hashes">SHA256=a1610dd70bb5ab04180671280df65b0077b680b627c0b6c51480b327732a762d</Data><Data Name="ParentProcessGuid">{8b8a9dc4-a7ef-6960-1d48-16f317570000}</Data><Data Name="ParentProcessId">82709</Data><Data Name="ParentImage">/usr/bin/dash</Data><Data Name="ParentCommandLine">/bin/sh</Data><Data Name="ParentUser">root</Data></EventData></Event>
Jan 09 22:36:07 vincenzolog-VMware-Virtual-Platform sysmon[8040]: <Event><System><Provider Name="Linux-Sysmon" Guid="{ff032593-a8d3-4f13-b0d6-01fc615a0f97}"/><EventID>5</EventID><Version>3</Version><Level>4</Level><Task>5</Task><Opcode>0</Opcode><Keywords>0x8000000000000000</Keywords><TimeCreated SystemTime="2026-01-09T15:36:07.081483000Z"/><EventRecordID>198883</EventRecordID><Correlation/><Execution ProcessID="8040" ThreadID="8040"/><Channel>Linux-Sysmon/Operational</Channel><Computer>vincenzolog-VMware-Virtual-Platform</Computer><Security UserId="0"/></System><EventData><Data Name="RuleName">-</Data><Data Name="UtcTime">2026-01-09 07:02:07.811</Data><Data Name="ProcessGuid">{8b8a9dc4-a7ef-6960-eddd-dcbca6610000}</Data><Data Name="ProcessId">82853</Data><Data Name="Image">/usr/sbin/xtables-nft-multi</Data><Data Name="User">root</Data></EventData></Event>
