Jan 09 22:46:35 vincenzolog-VMware-Virtual-Platform sysmon[8040]: <Event><System><Provider Name="Linux-Sysmon" Guid="{ff032593-a8d3-4f13-b0d6-01fc615a0f97}"/><EventID>1</EventID><Version>5</Version><Level>4</Level><Task>1</Task><Opcode>0</Opcode><Keywords>0x8000000000000000</Keywords><TimeCreated SystemTime="2026-01-09T15:46:35.832469000Z"/><EventRecordID>246034</EventRecordID><Correlation/><Execution ProcessID="8040" ThreadID="8040"/><Channel>Linux-Sysmon/Operational</Channel><Computer>vincenzolog-VMware-Virtual-Platform</Computer><Security UserId="0"/></System><EventData><Data Name="RuleName">-</Data><Data Name="UtcTime">2026-01-09 07:12:36.561</Data><Data Name="ProcessGuid">{8b8a9dc4-aa64-6960-ed2d-33b9f2640000}</Data><Data Name="ProcessId">106977</Data><Data Name="Image">/usr/sbin/xtables-nft-multi</Data><Data Name="FileVersion">-</Data><Data Name="Description">-</Data><Data Name="Product">-</Data><Data Name="Company">-</Data><Data Name="OriginalFileName">-</Data><Data Name="CommandLine">ip6tables -Z ufw6-before-output</Data><Data Name="CurrentDirectory">/home/vincenzolog/Auto_test</Data><Data Name="User">root</Data><Data Name="LogonGuid">{8b8a9dc4-22db-6961-0000-000008000000}</Data><Data Name="LogonId">0</Data><Data Name="TerminalSessionId">3</Data><Data Name="IntegrityLevel">no level</Data><Data Name="Hashes">SHA256=a1610dd70bb5ab04180671280df65b0077b680b627c0b6c51480b327732a762d</Data><Data Name="ParentProcessGuid">{8b8a9dc4-aa64-6960-1d48-fcfc175f0000}</Data><Data Name="ParentProcessId">106831</Data><Data Name="ParentImage">/usr/bin/dash</Data><Data Name="ParentCommandLine">/bin/sh</Data><Data Name="ParentUser">root</Data></EventData></Event>
Jan 09 22:46:35 vincenzolog-VMware-Virtual-Platform sysmon[8040]: <Event><System><Provider Name="Linux-Sysmon" Guid="{ff032593-a8d3-4f13-b0d6-01fc615a0f97}"/><EventID>5</EventID><Version>3</Version><Level>4</Level><Task>5</Task><Opcode>0</Opcode><Keywords>0x8000000000000000</Keywords><TimeCreated SystemTime="2026-01-09T15:46:35.834503000Z"/><EventRecordID>246035</EventRecordID><Correlation/><Execution ProcessID="8040" ThreadID="8040"/><Channel>Linux-Sysmon/Operational</Channel><Computer>vincenzolog-VMware-Virtual-Platform</Computer><Security UserId="0"/></System><EventData><Data Name="RuleName">-</Data><Data Name="UtcTime">2026-01-09 07:12:36.564</Data><Data Name="ProcessGuid">{8b8a9dc4-aa64-6960-ed2d-33b9f2640000}</Data><Data Name="ProcessId">106977</Data><Data Name="Image">/usr/sbin/xtables-nft-multi</Data><Data Name="User">root</Data></EventData></Event>
Jan 09 22:46:35 vincenzolog-VMware-Virtual-Platform sysmon[8040]: <Event><System><Provider Name="Linux-Sysmon" Guid="{ff032593-a8d3-4f13-b0d6-01fc615a0f97}"/><EventID>1</EventID><Version>5</Version><Level>4</Level><Task>1</Task><Opcode>0</Opcode><Keywords>0x8000000000000000</Keywords><TimeCreated SystemTime="2026-01-09T15:46:35.835448000Z"/><EventRecordID>246036</EventRecordID><Correlation/><Execution ProcessID="8040" ThreadID="8040"/><Channel>Linux-Sysmon/Operational</Channel><Computer>vincenzolog-VMware-Virtual-Platform</Computer><Security UserId="0"/></System><EventData><Data Name="RuleName">-</Data><Data Name="UtcTime">2026-01-09 07:12:36.564</Data><Data Name="ProcessGuid">{8b8a9dc4-aa64-6960-eded-829ff05e0000}</Data><Data Name="ProcessId">106978</Data><Data Name="Image">/usr/sbin/xtables-nft-multi</Data><Data Name="FileVersion">-</Data><Data Name="Description">-</Data><Data Name="Product">-</Data><Data Name="Company">-</Data><Data Name="OriginalFileName">-</Data><Data Name="CommandLine">ip6tables -Z ufw6-before-logging-output</Data><Data Name="CurrentDirectory">/home/vincenzolog/Auto_test</Data><Data Name="User">root</Data><Data Name="LogonGuid">{8b8a9dc4-22db-6961-0000-000008000000}</Data><Data Name="LogonId">0</Data><Data Name="TerminalSessionId">3</Data><Data Name="IntegrityLevel">no level</Data><Data Name="Hashes">SHA256=a1610dd70bb5ab04180671280df65b0077b680b627c0b6c51480b327732a762d</Data><Data Name="ParentProcessGuid">{8b8a9dc4-aa64-6960-1d48-fcfc175f0000}</Data><Data Name="ParentProcessId">106831</Data><Data Name="ParentImage">/usr/bin/dash</Data><Data Name="ParentCommandLine">/bin/sh</Data><Data Name="ParentUser">root</Data></EventData></Event>
Jan 09 22:46:35 vincenzolog-VMware-Virtual-Platform sysmon[8040]: <Event><System><Provider Name="Linux-Sysmon" Guid="{ff032593-a8d3-4f13-b0d6-01fc615a0f97}"/><EventID>5</EventID><Version>3</Version><Level>4</Level><Task>5</Task><Opcode>0</Opcode><Keywords>0x8000000000000000</Keywords><TimeCreated SystemTime="2026-01-09T15:46:35.837039000Z"/><EventRecordID>246037</EventRecordID><Correlation/><Execution ProcessID="8040" ThreadID="8040"/><Channel>Linux-Sysmon/Operational</Channel><Computer>vincenzolog-VMware-Virtual-Platform</Computer><Security UserId="0"/></System><EventData><Data Name="RuleName">-</Data><Data Name="UtcTime">2026-01-09 07:12:36.566</Data><Data Name="ProcessGuid">{8b8a9dc4-aa64-6960-eded-829ff05e0000}</Data><Data Name="ProcessId">106978</Data><Data Name="Image">/usr/sbin/xtables-nft-multi</Data><Data Name="User">root</Data></EventData></Event>
Jan 09 22:46:35 vincenzolog-VMware-Virtual-Platform sysmon[8040]: <Event><System><Provider Name="Linux-Sysmon" Guid="{ff032593-a8d3-4f13-b0d6-01fc615a0f97}"/><EventID>1</EventID><Version>5</Version><Level>4</Level><Task>1</Task><Opcode>0</Opcode><Keywords>0x8000000000000000</Keywords><TimeCreated SystemTime="2026-01-09T15:46:35.838449000Z"/><EventRecordID>246038</EventRecordID><Correlation/><Execution ProcessID="8040" ThreadID="8040"/><Channel>Linux-Sysmon/Operational</Channel><Computer>vincenzolog-VMware-Virtual-Platform</Computer><Security UserId="0"/></System><EventData><Data Name="RuleName">-</Data><Data Name="UtcTime">2026-01-09 07:12:36.567</Data><Data Name="ProcessGuid">{8b8a9dc4-aa64-6960-edbd-ce1974610000}</Data><Data Name="ProcessId">106979</Data><Data Name="Image">/usr/sbin/xtables-nft-multi</Data><Data Name="FileVersion">-</Data><Data Name="Description">-</Data><Data Name="Product">-</Data><Data Name="Company">-</Data><Data Name="OriginalFileName">-</Data><Data Name="CommandLine">ip6tables -X ufw6-logging-deny</Data><Data Name="CurrentDirectory">/home/vincenzolog/Auto_test</Data><Data Name="User">root</Data><Data Name="LogonGuid">{8b8a9dc4-22db-6961-0000-000008000000}</Data><Data Name="LogonId">0</Data><Data Name="TerminalSessionId">3</Data><Data Name="IntegrityLevel">no level</Data><Data Name="Hashes">SHA256=a1610dd70bb5ab04180671280df65b0077b680b627c0b6c51480b327732a762d</Data><Data Name="ParentProcessGuid">{8b8a9dc4-aa64-6960-1d48-fcfc175f0000}</Data><Data Name="ParentProcessId">106831</Data><Data Name="ParentImage">/usr/bin/dash</Data><Data Name="ParentCommandLine">/bin/sh</Data><Data Name="ParentUser">root</Data></EventData></Event>
Jan 09 22:46:35 vincenzolog-VMware-Virtual-Platform sysmon[8040]: <Event><System><Provider Name="Linux-Sysmon" Guid="{ff032593-a8d3-4f13-b0d6-01fc615a0f97}"/><EventID>5</EventID><Version>3</Version><Level>4</Level><Task>5</Task><Opcode>0</Opcode><Keywords>0x8000000000000000</Keywords><TimeCreated SystemTime="2026-01-09T15:46:35.839992000Z"/><EventRecordID>246039</EventRecordID><Correlation/><Execution ProcessID="8040" ThreadID="8040"/><Channel>Linux-Sysmon/Operational</Channel><Computer>vincenzolog-VMware-Virtual-Platform</Computer><Security UserId="0"/></System><EventData><Data Name="RuleName">-</Data><Data Name="UtcTime">2026-01-09 07:12:36.569</Data><Data Name="ProcessGuid">{8b8a9dc4-aa64-6960-edbd-ce1974610000}</Data><Data Name="ProcessId">106979</Data><Data Name="Image">/usr/sbin/xtables-nft-multi</Data><Data Name="User">root</Data></EventData></Event>
Jan 09 22:46:35 vincenzolog-VMware-Virtual-Platform sysmon[8040]: <Event><System><Provider Name="Linux-Sysmon" Guid="{ff032593-a8d3-4f13-b0d6-01fc615a0f97}"/><EventID>1</EventID><Version>5</Version><Level>4</Level><Task>1</Task><Opcode>0</Opcode><Keywords>0x8000000000000000</Keywords><TimeCreated SystemTime="2026-01-09T15:46:35.841218000Z"/><EventRecordID>246040</EventRecordID><Correlation/><Execution ProcessID="8040" ThreadID="8040"/><Channel>Linux-Sysmon/Operational</Channel><Computer>vincenzolog-VMware-Virtual-Platform</Computer><Security UserId="0"/></System><EventData><Data Name="RuleName">-</Data><Data Name="UtcTime">2026-01-09 07:12:36.570</Data><Data Name="ProcessGuid">{8b8a9dc4-aa64-6960-edfd-b8312e620000}</Data><Data Name="ProcessId">106980</Data><Data Name="Image">/usr/sbin/xtables-nft-multi</Data><Data Name="FileVersion">-</Data><Data Name="Description">-</Data><Data Name="Product">-</Data><Data Name="Company">-</Data><Data Name="OriginalFileName">-</Data><Data Name="CommandLine">ip6tables -X ufw6-logging-allow</Data><Data Name="CurrentDirectory">/home/vincenzolog/Auto_test</Data><Data Name="User">root</Data><Data Name="LogonGuid">{8b8a9dc4-22db-6961-0000-000008000000}</Data><Data Name="LogonId">0</Data><Data Name="TerminalSessionId">3</Data><Data Name="IntegrityLevel">no level</Data><Data Name="Hashes">SHA256=a1610dd70bb5ab04180671280df65b0077b680b627c0b6c51480b327732a762d</Data><Data Name="ParentProcessGuid">{8b8a9dc4-aa64-6960-1d48-fcfc175f0000}</Data><Data Name="ParentProcessId">106831</Data><Data Name="ParentImage">/usr/bin/dash</Data><Data Name="ParentCommandLine">/bin/sh</Data><Data Name="ParentUser">root</Data></EventData></Event>
Jan 09 22:46:35 vincenzolog-VMware-Virtual-Platform sysmon[8040]: <Event><System><Provider Name="Linux-Sysmon" Guid="{ff032593-a8d3-4f13-b0d6-01fc615a0f97}"/><EventID>5</EventID><Version>3</Version><Level>4</Level><Task>5</Task><Opcode>0</Opcode><Keywords>0x8000000000000000</Keywords><TimeCreated SystemTime="2026-01-09T15:46:35.843079000Z"/><EventRecordID>246041</EventRecordID><Correlation/><Execution ProcessID="8040" ThreadID="8040"/><Channel>Linux-Sysmon/Operational</Channel><Computer>vincenzolog-VMware-Virtual-Platform</Computer><Security UserId="0"/></System><EventData><Data Name="RuleName">-</Data><Data Name="UtcTime">2026-01-09 07:12:36.572</Data><Data Name="ProcessGuid">{8b8a9dc4-aa64-6960-edfd-b8312e620000}</Data><Data Name="ProcessId">106980</Data><Data Name="Image">/usr/sbin/xtables-nft-multi</Data><Data Name="User">root</Data></EventData></Event>
Jan 09 22:46:35 vincenzolog-VMware-Virtual-Platform sysmon[8040]: <Event><System><Provider Name="Linux-Sysmon" Guid="{ff032593-a8d3-4f13-b0d6-01fc615a0f97}"/><EventID>1</EventID><Version>5</Version><Level>4</Level><Task>1</Task><Opcode>0</Opcode><Keywords>0x8000000000000000</Keywords><TimeCreated SystemTime="2026-01-09T15:46:35.844372000Z"/><EventRecordID>246042</EventRecordID><Correlation/><Execution ProcessID="8040" ThreadID="8040"/><Channel>Linux-Sysmon/Operational</Channel><Computer>vincenzolog-VMware-Virtual-Platform</Computer><Security UserId="0"/></System><EventData><Data Name="RuleName">-</Data><Data Name="UtcTime">2026-01-09 07:12:36.573</Data><Data Name="ProcessGuid">{8b8a9dc4-aa64-6960-ed5d-bdeeaf600000}</Data><Data Name="ProcessId">106981</Data><Data Name="Image">/usr/sbin/xtables-nft-multi</Data><Data Name="FileVersion">-</Data><Data Name="Description">-</Data><Data Name="Product">-</Data><Data Name="Company">-</Data><Data Name="OriginalFileName">-</Data><Data Name="CommandLine">ip6tables -X ufw6-not-local</Data><Data Name="CurrentDirectory">/home/vincenzolog/Auto_test</Data><Data Name="User">root</Data><Data Name="LogonGuid">{8b8a9dc4-22db-6961-0000-000008000000}</Data><Data Name="LogonId">0</Data><Data Name="TerminalSessionId">3</Data><Data Name="IntegrityLevel">no level</Data><Data Name="Hashes">SHA256=a1610dd70bb5ab04180671280df65b0077b680b627c0b6c51480b327732a762d</Data><Data Name="ParentProcessGuid">{8b8a9dc4-aa64-6960-1d48-fcfc175f0000}</Data><Data Name="ParentProcessId">106831</Data><Data Name="ParentImage">/usr/bin/dash</Data><Data Name="ParentCommandLine">/bin/sh</Data><Data Name="ParentUser">root</Data></EventData></Event>
Jan 09 22:46:35 vincenzolog-VMware-Virtual-Platform sysmon[8040]: <Event><System><Provider Name="Linux-Sysmon" Guid="{ff032593-a8d3-4f13-b0d6-01fc615a0f97}"/><EventID>5</EventID><Version>3</Version><Level>4</Level><Task>5</Task><Opcode>0</Opcode><Keywords>0x8000000000000000</Keywords><TimeCreated SystemTime="2026-01-09T15:46:35.845895000Z"/><EventRecordID>246043</EventRecordID><Correlation/><Execution ProcessID="8040" ThreadID="8040"/><Channel>Linux-Sysmon/Operational</Channel><Computer>vincenzolog-VMware-Virtual-Platform</Computer><Security UserId="0"/></System><EventData><Data Name="RuleName">-</Data><Data Name="UtcTime">2026-01-09 07:12:36.575</Data><Data Name="ProcessGuid">{8b8a9dc4-aa64-6960-ed5d-bdeeaf600000}</Data><Data Name="ProcessId">106981</Data><Data Name="Image">/usr/sbin/xtables-nft-multi</Data><Data Name="User">root</Data></EventData></Event>
Jan 09 22:46:35 vincenzolog-VMware-Virtual-Platform sysmon[8040]: <Event><System><Provider Name="Linux-Sysmon" Guid="{ff032593-a8d3-4f13-b0d6-01fc615a0f97}"/><EventID>1</EventID><Version>5</Version><Level>4</Level><Task>1</Task><Opcode>0</Opcode><Keywords>0x8000000000000000</Keywords><TimeCreated SystemTime="2026-01-09T15:46:35.846797000Z"/><EventRecordID>246044</EventRecordID><Correlation/><Execution ProcessID="8040" ThreadID="8040"/><Channel>Linux-Sysmon/Operational</Channel><Computer>vincenzolog-VMware-Virtual-Platform</Computer><Security UserId="0"/></System><EventData><Data Name="RuleName">-</Data><Data Name="UtcTime">2026-01-09 07:12:36.576</Data><Data Name="ProcessGuid">{8b8a9dc4-aa64-6960-ed1d-3d03dd630000}</Data><Data Name="ProcessId">106982</Data><Data Name="Image">/usr/sbin/xtables-nft-multi</Data><Data Name="FileVersion">-</Data><Data Name="Description">-</Data><Data Name="Product">-</Data><Data Name="Company">-</Data><Data Name="OriginalFileName">-</Data><Data Name="CommandLine">ip6tables -X ufw6-user-logging-input</Data><Data Name="CurrentDirectory">/home/vincenzolog/Auto_test</Data><Data Name="User">root</Data><Data Name="LogonGuid">{8b8a9dc4-22db-6961-0000-000008000000}</Data><Data Name="LogonId">0</Data><Data Name="TerminalSessionId">3</Data><Data Name="IntegrityLevel">no level</Data><Data Name="Hashes">SHA256=a1610dd70bb5ab04180671280df65b0077b680b627c0b6c51480b327732a762d</Data><Data Name="ParentProcessGuid">{8b8a9dc4-aa64-6960-1d48-fcfc175f0000}</Data><Data Name="ParentProcessId">106831</Data><Data Name="ParentImage">/usr/bin/dash</Data><Data Name="ParentCommandLine">/bin/sh</Data><Data Name="ParentUser">root</Data></EventData></Event>
Jan 09 22:46:35 vincenzolog-VMware-Virtual-Platform sysmon[8040]: <Event><System><Provider Name="Linux-Sysmon" Guid="{ff032593-a8d3-4f13-b0d6-01fc615a0f97}"/><EventID>5</EventID><Version>3</Version><Level>4</Level><Task>5</Task><Opcode>0</Opcode><Keywords>0x8000000000000000</Keywords><TimeCreated SystemTime="2026-01-09T15:46:35.848366000Z"/><EventRecordID>246045</EventRecordID><Correlation/><Execution ProcessID="8040" ThreadID="8040"/><Channel>Linux-Sysmon/Operational</Channel><Computer>vincenzolog-VMware-Virtual-Platform</Computer><Security UserId="0"/></System><EventData><Data Name="RuleName">-</Data><Data Name="UtcTime">2026-01-09 07:12:36.578</Data><Data Name="ProcessGuid">{8b8a9dc4-aa64-6960-ed1d-3d03dd630000}</Data><Data Name="ProcessId">106982</Data><Data Name="Image">/usr/sbin/xtables-nft-multi</Data><Data Name="User">root</Data></EventData></Event>
Jan 09 22:46:35 vincenzolog-VMware-Virtual-Platform sysmon[8040]: <Event><System><Provider Name="Linux-Sysmon" Guid="{ff032593-a8d3-4f13-b0d6-01fc615a0f97}"/><EventID>1</EventID><Version>5</Version><Level>4</Level><Task>1</Task><Opcode>0</Opcode><Keywords>0x8000000000000000</Keywords><TimeCreated SystemTime="2026-01-09T15:46:35.849850000Z"/><EventRecordID>246046</EventRecordID><Correlation/><Execution ProcessID="8040" ThreadID="8040"/><Channel>Linux-Sysmon/Operational</Channel><Computer>vincenzolog-VMware-Virtual-Platform</Computer><Security UserId="0"/></System><EventData><Data Name="RuleName">-</Data><Data Name="UtcTime">2026-01-09 07:12:36.578</Data><Data Name="ProcessGuid">{8b8a9dc4-aa64-6960-ed1d-bf6b39590000}</Data><Data Name="ProcessId">106983</Data><Data Name="Image">/usr/sbin/xtables-nft-multi</Data><Data Name="FileVersion">-</Data><Data Name="Description">-</Data><Data Name="Product">-</Data><Data Name="Company">-</Data><Data Name="OriginalFileName">-</Data><Data Name="CommandLine">ip6tables -X ufw6-user-logging-output</Data><Data Name="CurrentDirectory">/home/vincenzolog/Auto_test</Data><Data Name="User">root</Data><Data Name="LogonGuid">{8b8a9dc4-22db-6961-0000-000008000000}</Data><Data Name="LogonId">0</Data><Data Name="TerminalSessionId">3</Data><Data Name="IntegrityLevel">no level</Data><Data Name="Hashes">SHA256=a1610dd70bb5ab04180671280df65b0077b680b627c0b6c51480b327732a762d</Data><Data Name="ParentProcessGuid">{8b8a9dc4-aa64-6960-1d48-fcfc175f0000}</Data><Data Name="ParentProcessId">106831</Data><Data Name="ParentImage">/usr/bin/dash</Data><Data Name="ParentCommandLine">/bin/sh</Data><Data Name="ParentUser">root</Data></EventData></Event>
Jan 09 22:46:35 vincenzolog-VMware-Virtual-Platform sysmon[8040]: <Event><System><Provider Name="Linux-Sysmon" Guid="{ff032593-a8d3-4f13-b0d6-01fc615a0f97}"/><EventID>5</EventID><Version>3</Version><Level>4</Level><Task>5</Task><Opcode>0</Opcode><Keywords>0x8000000000000000</Keywords><TimeCreated SystemTime="2026-01-09T15:46:35.851514000Z"/><EventRecordID>246047</EventRecordID><Correlation/><Execution ProcessID="8040" ThreadID="8040"/><Channel>Linux-Sysmon/Operational</Channel><Computer>vincenzolog-VMware-Virtual-Platform</Computer><Security UserId="0"/></System><EventData><Data Name="RuleName">-</Data><Data Name="UtcTime">2026-01-09 07:12:36.581</Data><Data Name="ProcessGuid">{8b8a9dc4-aa64-6960-ed1d-bf6b39590000}</Data><Data Name="ProcessId">106983</Data><Data Name="Image">/usr/sbin/xtables-nft-multi</Data><Data Name="User">root</Data></EventData></Event>
Jan 09 22:46:35 vincenzolog-VMware-Virtual-Platform sysmon[8040]: <Event><System><Provider Name="Linux-Sysmon" Guid="{ff032593-a8d3-4f13-b0d6-01fc615a0f97}"/><EventID>1</EventID><Version>5</Version><Level>4</Level><Task>1</Task><Opcode>0</Opcode><Keywords>0x8000000000000000</Keywords><TimeCreated SystemTime="2026-01-09T15:46:35.852714000Z"/><EventRecordID>246048</EventRecordID><Correlation/><Execution ProcessID="8040" ThreadID="8040"/><Channel>Linux-Sysmon/Operational</Channel><Computer>vincenzolog-VMware-Virtual-Platform</Computer><Security UserId="0"/></System><EventData><Data Name="RuleName">-</Data><Data Name="UtcTime">2026-01-09 07:12:36.581</Data><Data Name="ProcessGuid">{8b8a9dc4-aa64-6960-edcd-457d44600000}</Data><Data Name="ProcessId">106984</Data><Data Name="Image">/usr/sbin/xtables-nft-multi</Data><Data Name="FileVersion">-</Data><Data Name="Description">-</Data><Data Name="Product">-</Data><Data Name="Company">-</Data><Data Name="OriginalFileName">-</Data><Data Name="CommandLine">ip6tables -X ufw6-user-logging-forward</Data><Data Name="CurrentDirectory">/home/vincenzolog/Auto_test</Data><Data Name="User">root</Data><Data Name="LogonGuid">{8b8a9dc4-22db-6961-0000-000008000000}</Data><Data Name="LogonId">0</Data><Data Name="TerminalSessionId">3</Data><Data Name="IntegrityLevel">no level</Data><Data Name="Hashes">SHA256=a1610dd70bb5ab04180671280df65b0077b680b627c0b6c51480b327732a762d</Data><Data Name="ParentProcessGuid">{8b8a9dc4-aa64-6960-1d48-fcfc175f0000}</Data><Data Name="ParentProcessId">106831</Data><Data Name="ParentImage">/usr/bin/dash</Data><Data Name="ParentCommandLine">/bin/sh</Data><Data Name="ParentUser">root</Data></EventData></Event>
Jan 09 22:46:35 vincenzolog-VMware-Virtual-Platform sysmon[8040]: <Event><System><Provider Name="Linux-Sysmon" Guid="{ff032593-a8d3-4f13-b0d6-01fc615a0f97}"/><EventID>5</EventID><Version>3</Version><Level>4</Level><Task>5</Task><Opcode>0</Opcode><Keywords>0x8000000000000000</Keywords><TimeCreated SystemTime="2026-01-09T15:46:35.854033000Z"/><EventRecordID>246049</EventRecordID><Correlation/><Execution ProcessID="8040" ThreadID="8040"/><Channel>Linux-Sysmon/Operational</Channel><Computer>vincenzolog-VMware-Virtual-Platform</Computer><Security UserId="0"/></System><EventData><Data Name="RuleName">-</Data><Data Name="UtcTime">2026-01-09 07:12:36.583</Data><Data Name="ProcessGuid">{8b8a9dc4-aa64-6960-edcd-457d44600000}</Data><Data Name="ProcessId">106984</Data><Data Name="Image">/usr/sbin/xtables-nft-multi</Data><Data Name="User">root</Data></EventData></Event>
Jan 09 22:46:35 vincenzolog-VMware-Virtual-Platform sysmon[8040]: <Event><System><Provider Name="Linux-Sysmon" Guid="{ff032593-a8d3-4f13-b0d6-01fc615a0f97}"/><EventID>1</EventID><Version>5</Version><Level>4</Level><Task>1</Task><Opcode>0</Opcode><Keywords>0x8000000000000000</Keywords><TimeCreated SystemTime="2026-01-09T15:46:35.855551000Z"/><EventRecordID>246050</EventRecordID><Correlation/><Execution ProcessID="8040" ThreadID="8040"/><Channel>Linux-Sysmon/Operational</Channel><Computer>vincenzolog-VMware-Virtual-Platform</Computer><Security UserId="0"/></System><EventData><Data Name="RuleName">-</Data><Data Name="UtcTime">2026-01-09 07:12:36.584</Data><Data Name="ProcessGuid">{8b8a9dc4-aa64-6960-edcd-a414bf620000}</Data><Data Name="ProcessId">106985</Data><Data Name="Image">/usr/sbin/xtables-nft-multi</Data><Data Name="FileVersion">-</Data><Data Name="Description">-</Data><Data Name="Product">-</Data><Data Name="Company">-</Data><Data Name="OriginalFileName">-</Data><Data Name="CommandLine">ip6tables -X ufw6-user-limit-accept</Data><Data Name="CurrentDirectory">/home/vincenzolog/Auto_test</Data><Data Name="User">root</Data><Data Name="LogonGuid">{8b8a9dc4-22db-6961-0000-000008000000}</Data><Data Name="LogonId">0</Data><Data Name="TerminalSessionId">3</Data><Data Name="IntegrityLevel">no level</Data><Data Name="Hashes">SHA256=a1610dd70bb5ab04180671280df65b0077b680b627c0b6c51480b327732a762d</Data><Data Name="ParentProcessGuid">{8b8a9dc4-aa64-6960-1d48-fcfc175f0000}</Data><Data Name="ParentProcessId">106831</Data><Data Name="ParentImage">/usr/bin/dash</Data><Data Name="ParentCommandLine">/bin/sh</Data><Data Name="ParentUser">root</Data></EventData></Event>
Jan 09 22:46:35 vincenzolog-VMware-Virtual-Platform sysmon[8040]: <Event><System><Provider Name="Linux-Sysmon" Guid="{ff032593-a8d3-4f13-b0d6-01fc615a0f97}"/><EventID>5</EventID><Version>3</Version><Level>4</Level><Task>5</Task><Opcode>0</Opcode><Keywords>0x8000000000000000</Keywords><TimeCreated SystemTime="2026-01-09T15:46:35.857428000Z"/><EventRecordID>246051</EventRecordID><Correlation/><Execution ProcessID="8040" ThreadID="8040"/><Channel>Linux-Sysmon/Operational</Channel><Computer>vincenzolog-VMware-Virtual-Platform</Computer><Security UserId="0"/></System><EventData><Data Name="RuleName">-</Data><Data Name="UtcTime">2026-01-09 07:12:36.587</Data><Data Name="ProcessGuid">{8b8a9dc4-aa64-6960-edcd-a414bf620000}</Data><Data Name="ProcessId">106985</Data><Data Name="Image">/usr/sbin/xtables-nft-multi</Data><Data Name="User">root</Data></EventData></Event>
Jan 09 22:46:35 vincenzolog-VMware-Virtual-Platform sysmon[8040]: <Event><System><Provider Name="Linux-Sysmon" Guid="{ff032593-a8d3-4f13-b0d6-01fc615a0f97}"/><EventID>1</EventID><Version>5</Version><Level>4</Level><Task>1</Task><Opcode>0</Opcode><Keywords>0x8000000000000000</Keywords><TimeCreated SystemTime="2026-01-09T15:46:35.858766000Z"/><EventRecordID>246052</EventRecordID><Correlation/><Execution ProcessID="8040" ThreadID="8040"/><Channel>Linux-Sysmon/Operational</Channel><Computer>vincenzolog-VMware-Virtual-Platform</Computer><Security UserId="0"/></System><EventData><Data Name="RuleName">-</Data><Data Name="UtcTime">2026-01-09 07:12:36.587</Data><Data Name="ProcessGuid">{8b8a9dc4-aa64-6960-ed0d-96c775550000}</Data><Data Name="ProcessId">106986</Data><Data Name="Image">/usr/sbin/xtables-nft-multi</Data><Data Name="FileVersion">-</Data><Data Name="Description">-</Data><Data Name="Product">-</Data><Data Name="Company">-</Data><Data Name="OriginalFileName">-</Data><Data Name="CommandLine">ip6tables -X ufw6-user-limit</Data><Data Name="CurrentDirectory">/home/vincenzolog/Auto_test</Data><Data Name="User">root</Data><Data Name="LogonGuid">{8b8a9dc4-22db-6961-0000-000008000000}</Data><Data Name="LogonId">0</Data><Data Name="TerminalSessionId">3</Data><Data Name="IntegrityLevel">no level</Data><Data Name="Hashes">SHA256=a1610dd70bb5ab04180671280df65b0077b680b627c0b6c51480b327732a762d</Data><Data Name="ParentProcessGuid">{8b8a9dc4-aa64-6960-1d48-fcfc175f0000}</Data><Data Name="ParentProcessId">106831</Data><Data Name="ParentImage">/usr/bin/dash</Data><Data Name="ParentCommandLine">/bin/sh</Data><Data Name="ParentUser">root</Data></EventData></Event>
Jan 09 22:46:35 vincenzolog-VMware-Virtual-Platform sysmon[8040]: <Event><System><Provider Name="Linux-Sysmon" Guid="{ff032593-a8d3-4f13-b0d6-01fc615a0f97}"/><EventID>5</EventID><Version>3</Version><Level>4</Level><Task>5</Task><Opcode>0</Opcode><Keywords>0x8000000000000000</Keywords><TimeCreated SystemTime="2026-01-09T15:46:35.860539000Z"/><EventRecordID>246053</EventRecordID><Correlation/><Execution ProcessID="8040" ThreadID="8040"/><Channel>Linux-Sysmon/Operational</Channel><Computer>vincenzolog-VMware-Virtual-Platform</Computer><Security UserId="0"/></System><EventData><Data Name="RuleName">-</Data><Data Name="UtcTime">2026-01-09 07:12:36.590</Data><Data Name="ProcessGuid">{8b8a9dc4-aa64-6960-ed0d-96c775550000}</Data><Data Name="ProcessId">106986</Data><Data Name="Image">/usr/sbin/xtables-nft-multi</Data><Data Name="User">root</Data></EventData></Event>
Jan 09 22:46:35 vincenzolog-VMware-Virtual-Platform sysmon[8040]: <Event><System><Provider Name="Linux-Sysmon" Guid="{ff032593-a8d3-4f13-b0d6-01fc615a0f97}"/><EventID>1</EventID><Version>5</Version><Level>4</Level><Task>1</Task><Opcode>0</Opcode><Keywords>0x8000000000000000</Keywords><TimeCreated SystemTime="2026-01-09T15:46:35.861889000Z"/><EventRecordID>246054</EventRecordID><Correlation/><Execution ProcessID="8040" ThreadID="8040"/><Channel>Linux-Sysmon/Operational</Channel><Computer>vincenzolog-VMware-Virtual-Platform</Computer><Security UserId="0"/></System><EventData><Data Name="RuleName">-</Data><Data Name="UtcTime">2026-01-09 07:12:36.590</Data><Data Name="ProcessGuid">{8b8a9dc4-aa64-6960-edbd-9c3362590000}</Data><Data Name="ProcessId">106987</Data><Data Name="Image">/usr/sbin/xtables-nft-multi</Data><Data Name="FileVersion">-</Data><Data Name="Description">-</Data><Data Name="Product">-</Data><Data Name="Company">-</Data><Data Name="OriginalFileName">-</Data><Data Name="CommandLine">ip6tables -X ufw6-user-input</Data><Data Name="CurrentDirectory">/home/vincenzolog/Auto_test</Data><Data Name="User">root</Data><Data Name="LogonGuid">{8b8a9dc4-22db-6961-0000-000008000000}</Data><Data Name="LogonId">0</Data><Data Name="TerminalSessionId">3</Data><Data Name="IntegrityLevel">no level</Data><Data Name="Hashes">SHA256=a1610dd70bb5ab04180671280df65b0077b680b627c0b6c51480b327732a762d</Data><Data Name="ParentProcessGuid">{8b8a9dc4-aa64-6960-1d48-fcfc175f0000}</Data><Data Name="ParentProcessId">106831</Data><Data Name="ParentImage">/usr/bin/dash</Data><Data Name="ParentCommandLine">/bin/sh</Data><Data Name="ParentUser">root</Data></EventData></Event>
Jan 09 22:46:35 vincenzolog-VMware-Virtual-Platform sysmon[8040]: <Event><System><Provider Name="Linux-Sysmon" Guid="{ff032593-a8d3-4f13-b0d6-01fc615a0f97}"/><EventID>5</EventID><Version>3</Version><Level>4</Level><Task>5</Task><Opcode>0</Opcode><Keywords>0x8000000000000000</Keywords><TimeCreated SystemTime="2026-01-09T15:46:35.863688000Z"/><EventRecordID>246055</EventRecordID><Correlation/><Execution ProcessID="8040" ThreadID="8040"/><Channel>Linux-Sysmon/Operational</Channel><Computer>vincenzolog-VMware-Virtual-Platform</Computer><Security UserId="0"/></System><EventData><Data Name="RuleName">-</Data><Data Name="UtcTime">2026-01-09 07:12:36.593</Data><Data Name="ProcessGuid">{8b8a9dc4-aa64-6960-edbd-9c3362590000}</Data><Data Name="ProcessId">106987</Data><Data Name="Image">/usr/sbin/xtables-nft-multi</Data><Data Name="User">root</Data></EventData></Event>
Jan 09 22:46:35 vincenzolog-VMware-Virtual-Platform sysmon[8040]: <Event><System><Provider Name="Linux-Sysmon" Guid="{ff032593-a8d3-4f13-b0d6-01fc615a0f97}"/><EventID>1</EventID><Version>5</Version><Level>4</Level><Task>1</Task><Opcode>0</Opcode><Keywords>0x8000000000000000</Keywords><TimeCreated SystemTime="2026-01-09T15:46:35.864788000Z"/><EventRecordID>246056</EventRecordID><Correlation/><Execution ProcessID="8040" ThreadID="8040"/><Channel>Linux-Sysmon/Operational</Channel><Computer>vincenzolog-VMware-Virtual-Platform</Computer><Security UserId="0"/></System><EventData><Data Name="RuleName">-</Data><Data Name="UtcTime">2026-01-09 07:12:36.593</Data><Data Name="ProcessGuid">{8b8a9dc4-aa64-6960-edad-9ccd2d590000}</Data><Data Name="ProcessId">106988</Data><Data Name="Image">/usr/sbin/xtables-nft-multi</Data><Data Name="FileVersion">-</Data><Data Name="Description">-</Data><Data Name="Product">-</Data><Data Name="Company">-</Data><Data Name="OriginalFileName">-</Data><Data Name="CommandLine">ip6tables -X ufw6-user-forward</Data><Data Name="CurrentDirectory">/home/vincenzolog/Auto_test</Data><Data Name="User">root</Data><Data Name="LogonGuid">{8b8a9dc4-22db-6961-0000-000008000000}</Data><Data Name="LogonId">0</Data><Data Name="TerminalSessionId">3</Data><Data Name="IntegrityLevel">no level</Data><Data Name="Hashes">SHA256=a1610dd70bb5ab04180671280df65b0077b680b627c0b6c51480b327732a762d</Data><Data Name="ParentProcessGuid">{8b8a9dc4-aa64-6960-1d48-fcfc175f0000}</Data><Data Name="ParentProcessId">106831</Data><Data Name="ParentImage">/usr/bin/dash</Data><Data Name="ParentCommandLine">/bin/sh</Data><Data Name="ParentUser">root</Data></EventData></Event>
Jan 09 22:46:35 vincenzolog-VMware-Virtual-Platform sysmon[8040]: <Event><System><Provider Name="Linux-Sysmon" Guid="{ff032593-a8d3-4f13-b0d6-01fc615a0f97}"/><EventID>5</EventID><Version>3</Version><Level>4</Level><Task>5</Task><Opcode>0</Opcode><Keywords>0x8000000000000000</Keywords><TimeCreated SystemTime="2026-01-09T15:46:35.866843000Z"/><EventRecordID>246057</EventRecordID><Correlation/><Execution ProcessID="8040" ThreadID="8040"/><Channel>Linux-Sysmon/Operational</Channel><Computer>vincenzolog-VMware-Virtual-Platform</Computer><Security UserId="0"/></System><EventData><Data Name="RuleName">-</Data><Data Name="UtcTime">2026-01-09 07:12:36.596</Data><Data Name="ProcessGuid">{8b8a9dc4-aa64-6960-edad-9ccd2d590000}</Data><Data Name="ProcessId">106988</Data><Data Name="Image">/usr/sbin/xtables-nft-multi</Data><Data Name="User">root</Data></EventData></Event>
Jan 09 22:46:35 vincenzolog-VMware-Virtual-Platform sysmon[8040]: <Event><System><Provider Name="Linux-Sysmon" Guid="{ff032593-a8d3-4f13-b0d6-01fc615a0f97}"/><EventID>1</EventID><Version>5</Version><Level>4</Level><Task>1</Task><Opcode>0</Opcode><Keywords>0x8000000000000000</Keywords><TimeCreated SystemTime="2026-01-09T15:46:35.868235000Z"/><EventRecordID>246058</EventRecordID><Correlation/><Execution ProcessID="8040" ThreadID="8040"/><Channel>Linux-Sysmon/Operational</Channel><Computer>vincenzolog-VMware-Virtual-Platform</Computer><Security UserId="0"/></System><EventData><Data Name="RuleName">-</Data><Data Name="UtcTime">2026-01-09 07:12:36.597</Data><Data Name="ProcessGuid">{8b8a9dc4-aa64-6960-ed3d-32b3db590000}</Data><Data Name="ProcessId">106989</Data><Data Name="Image">/usr/sbin/xtables-nft-multi</Data><Data Name="FileVersion">-</Data><Data Name="Description">-</Data><Data Name="Product">-</Data><Data Name="Company">-</Data><Data Name="OriginalFileName">-</Data><Data Name="CommandLine">ip6tables -X ufw6-user-output</Data><Data Name="CurrentDirectory">/home/vincenzolog/Auto_test</Data><Data Name="User">root</Data><Data Name="LogonGuid">{8b8a9dc4-22db-6961-0000-000008000000}</Data><Data Name="LogonId">0</Data><Data Name="TerminalSessionId">3</Data><Data Name="IntegrityLevel">no level</Data><Data Name="Hashes">SHA256=a1610dd70bb5ab04180671280df65b0077b680b627c0b6c51480b327732a762d</Data><Data Name="ParentProcessGuid">{8b8a9dc4-aa64-6960-1d48-fcfc175f0000}</Data><Data Name="ParentProcessId">106831</Data><Data Name="ParentImage">/usr/bin/dash</Data><Data Name="ParentCommandLine">/bin/sh</Data><Data Name="ParentUser">root</Data></EventData></Event>
Jan 09 22:46:35 vincenzolog-VMware-Virtual-Platform sysmon[8040]: <Event><System><Provider Name="Linux-Sysmon" Guid="{ff032593-a8d3-4f13-b0d6-01fc615a0f97}"/><EventID>5</EventID><Version>3</Version><Level>4</Level><Task>5</Task><Opcode>0</Opcode><Keywords>0x8000000000000000</Keywords><TimeCreated SystemTime="2026-01-09T15:46:35.869534000Z"/><EventRecordID>246059</EventRecordID><Correlation/><Execution ProcessID="8040" ThreadID="8040"/><Channel>Linux-Sysmon/Operational</Channel><Computer>vincenzolog-VMware-Virtual-Platform</Computer><Security UserId="0"/></System><EventData><Data Name="RuleName">-</Data><Data Name="UtcTime">2026-01-09 07:12:36.599</Data><Data Name="ProcessGuid">{8b8a9dc4-aa64-6960-ed3d-32b3db590000}</Data><Data Name="ProcessId">106989</Data><Data Name="Image">/usr/sbin/xtables-nft-multi</Data><Data Name="User">root</Data></EventData></Event>
Jan 09 22:46:35 vincenzolog-VMware-Virtual-Platform sysmon[8040]: <Event><System><Provider Name="Linux-Sysmon" Guid="{ff032593-a8d3-4f13-b0d6-01fc615a0f97}"/><EventID>1</EventID><Version>5</Version><Level>4</Level><Task>1</Task><Opcode>0</Opcode><Keywords>0x8000000000000000</Keywords><TimeCreated SystemTime="2026-01-09T15:46:35.870516000Z"/><EventRecordID>246060</EventRecordID><Correlation/><Execution ProcessID="8040" ThreadID="8040"/><Channel>Linux-Sysmon/Operational</Channel><Computer>vincenzolog-VMware-Virtual-Platform</Computer><Security UserId="0"/></System><EventData><Data Name="RuleName">-</Data><Data Name="UtcTime">2026-01-09 07:12:36.599</Data><Data Name="ProcessGuid">{8b8a9dc4-aa64-6960-ed1d-d92798590000}</Data><Data Name="ProcessId">106990</Data><Data Name="Image">/usr/sbin/xtables-nft-multi</Data><Data Name="FileVersion">-</Data><Data Name="Description">-</Data><Data Name="Product">-</Data><Data Name="Company">-</Data><Data Name="OriginalFileName">-</Data><Data Name="CommandLine">ip6tables -X ufw6-skip-to-policy-input</Data><Data Name="CurrentDirectory">/home/vincenzolog/Auto_test</Data><Data Name="User">root</Data><Data Name="LogonGuid">{8b8a9dc4-22db-6961-0000-000008000000}</Data><Data Name="LogonId">0</Data><Data Name="TerminalSessionId">3</Data><Data Name="IntegrityLevel">no level</Data><Data Name="Hashes">SHA256=a1610dd70bb5ab04180671280df65b0077b680b627c0b6c51480b327732a762d</Data><Data Name="ParentProcessGuid">{8b8a9dc4-aa64-6960-1d48-fcfc175f0000}</Data><Data Name="ParentProcessId">106831</Data><Data Name="ParentImage">/usr/bin/dash</Data><Data Name="ParentCommandLine">/bin/sh</Data><Data Name="ParentUser">root</Data></EventData></Event>
Jan 09 22:46:35 vincenzolog-VMware-Virtual-Platform sysmon[8040]: <Event><System><Provider Name="Linux-Sysmon" Guid="{ff032593-a8d3-4f13-b0d6-01fc615a0f97}"/><EventID>5</EventID><Version>3</Version><Level>4</Level><Task>5</Task><Opcode>0</Opcode><Keywords>0x8000000000000000</Keywords><TimeCreated SystemTime="2026-01-09T15:46:35.872792000Z"/><EventRecordID>246061</EventRecordID><Correlation/><Execution ProcessID="8040" ThreadID="8040"/><Channel>Linux-Sysmon/Operational</Channel><Computer>vincenzolog-VMware-Virtual-Platform</Computer><Security UserId="0"/></System><EventData><Data Name="RuleName">-</Data><Data Name="UtcTime">2026-01-09 07:12:36.602</Data><Data Name="ProcessGuid">{8b8a9dc4-aa64-6960-ed1d-d92798590000}</Data><Data Name="ProcessId">106990</Data><Data Name="Image">/usr/sbin/xtables-nft-multi</Data><Data Name="User">root</Data></EventData></Event>
Jan 09 22:46:35 vincenzolog-VMware-Virtual-Platform sysmon[8040]: <Event><System><Provider Name="Linux-Sysmon" Guid="{ff032593-a8d3-4f13-b0d6-01fc615a0f97}"/><EventID>1</EventID><Version>5</Version><Level>4</Level><Task>1</Task><Opcode>0</Opcode><Keywords>0x8000000000000000</Keywords><TimeCreated SystemTime="2026-01-09T15:46:35.874018000Z"/><EventRecordID>246062</EventRecordID><Correlation/><Execution ProcessID="8040" ThreadID="8040"/><Channel>Linux-Sysmon/Operational</Channel><Computer>vincenzolog-VMware-Virtual-Platform</Computer><Security UserId="0"/></System><EventData><Data Name="RuleName">-</Data><Data Name="UtcTime">2026-01-09 07:12:36.602</Data><Data Name="ProcessGuid">{8b8a9dc4-aa64-6960-edfd-8650f5560000}</Data><Data Name="ProcessId">106991</Data><Data Name="Image">/usr/sbin/xtables-nft-multi</Data><Data Name="FileVersion">-</Data><Data Name="Description">-</Data><Data Name="Product">-</Data><Data Name="Company">-</Data><Data Name="OriginalFileName">-</Data><Data Name="CommandLine">ip6tables -X ufw6-skip-to-policy-output</Data><Data Name="CurrentDirectory">/home/vincenzolog/Auto_test</Data><Data Name="User">root</Data><Data Name="LogonGuid">{8b8a9dc4-22db-6961-0000-000008000000}</Data><Data Name="LogonId">0</Data><Data Name="TerminalSessionId">3</Data><Data Name="IntegrityLevel">no level</Data><Data Name="Hashes">SHA256=a1610dd70bb5ab04180671280df65b0077b680b627c0b6c51480b327732a762d</Data><Data Name="ParentProcessGuid">{8b8a9dc4-aa64-6960-1d48-fcfc175f0000}</Data><Data Name="ParentProcessId">106831</Data><Data Name="ParentImage">/usr/bin/dash</Data><Data Name="ParentCommandLine">/bin/sh</Data><Data Name="ParentUser">root</Data></EventData></Event>
Jan 09 22:46:35 vincenzolog-VMware-Virtual-Platform sysmon[8040]: <Event><System><Provider Name="Linux-Sysmon" Guid="{ff032593-a8d3-4f13-b0d6-01fc615a0f97}"/><EventID>5</EventID><Version>3</Version><Level>4</Level><Task>5</Task><Opcode>0</Opcode><Keywords>0x8000000000000000</Keywords><TimeCreated SystemTime="2026-01-09T15:46:35.875407000Z"/><EventRecordID>246063</EventRecordID><Correlation/><Execution ProcessID="8040" ThreadID="8040"/><Channel>Linux-Sysmon/Operational</Channel><Computer>vincenzolog-VMware-Virtual-Platform</Computer><Security UserId="0"/></System><EventData><Data Name="RuleName">-</Data><Data Name="UtcTime">2026-01-09 07:12:36.605</Data><Data Name="ProcessGuid">{8b8a9dc4-aa64-6960-edfd-8650f5560000}</Data><Data Name="ProcessId">106991</Data><Data Name="Image">/usr/sbin/xtables-nft-multi</Data><Data Name="User">root</Data></EventData></Event>
Jan 09 22:46:35 vincenzolog-VMware-Virtual-Platform sysmon[8040]: <Event><System><Provider Name="Linux-Sysmon" Guid="{ff032593-a8d3-4f13-b0d6-01fc615a0f97}"/><EventID>1</EventID><Version>5</Version><Level>4</Level><Task>1</Task><Opcode>0</Opcode><Keywords>0x8000000000000000</Keywords><TimeCreated SystemTime="2026-01-09T15:46:35.876387000Z"/><EventRecordID>246064</EventRecordID><Correlation/><Execution ProcessID="8040" ThreadID="8040"/><Channel>Linux-Sysmon/Operational</Channel><Computer>vincenzolog-VMware-Virtual-Platform</Computer><Security UserId="0"/></System><EventData><Data Name="RuleName">-</Data><Data Name="UtcTime">2026-01-09 07:12:36.605</Data><Data Name="ProcessGuid">{8b8a9dc4-aa64-6960-edbd-a52ffa610000}</Data><Data Name="ProcessId">106992</Data><Data Name="Image">/usr/sbin/xtables-nft-multi</Data><Data Name="FileVersion">-</Data><Data Name="Description">-</Data><Data Name="Product">-</Data><Data Name="Company">-</Data><Data Name="OriginalFileName">-</Data><Data Name="CommandLine">ip6tables -X ufw6-skip-to-policy-forward</Data><Data Name="CurrentDirectory">/home/vincenzolog/Auto_test</Data><Data Name="User">root</Data><Data Name="LogonGuid">{8b8a9dc4-22db-6961-0000-000008000000}</Data><Data Name="LogonId">0</Data><Data Name="TerminalSessionId">3</Data><Data Name="IntegrityLevel">no level</Data><Data Name="Hashes">SHA256=a1610dd70bb5ab04180671280df65b0077b680b627c0b6c51480b327732a762d</Data><Data Name="ParentProcessGuid">{8b8a9dc4-aa64-6960-1d48-fcfc175f0000}</Data><Data Name="ParentProcessId">106831</Data><Data Name="ParentImage">/usr/bin/dash</Data><Data Name="ParentCommandLine">/bin/sh</Data><Data Name="ParentUser">root</Data></EventData></Event>
Jan 09 22:46:35 vincenzolog-VMware-Virtual-Platform sysmon[8040]: <Event><System><Provider Name="Linux-Sysmon" Guid="{ff032593-a8d3-4f13-b0d6-01fc615a0f97}"/><EventID>5</EventID><Version>3</Version><Level>4</Level><Task>5</Task><Opcode>0</Opcode><Keywords>0x8000000000000000</Keywords><TimeCreated SystemTime="2026-01-09T15:46:35.878762000Z"/><EventRecordID>246065</EventRecordID><Correlation/><Execution ProcessID="8040" ThreadID="8040"/><Channel>Linux-Sysmon/Operational</Channel><Computer>vincenzolog-VMware-Virtual-Platform</Computer><Security UserId="0"/></System><EventData><Data Name="RuleName">-</Data><Data Name="UtcTime">2026-01-09 07:12:36.608</Data><Data Name="ProcessGuid">{8b8a9dc4-aa64-6960-edbd-a52ffa610000}</Data><Data Name="ProcessId">106992</Data><Data Name="Image">/usr/sbin/xtables-nft-multi</Data><Data Name="User">root</Data></EventData></Event>
Jan 09 22:46:35 vincenzolog-VMware-Virtual-Platform sysmon[8040]: <Event><System><Provider Name="Linux-Sysmon" Guid="{ff032593-a8d3-4f13-b0d6-01fc615a0f97}"/><EventID>1</EventID><Version>5</Version><Level>4</Level><Task>1</Task><Opcode>0</Opcode><Keywords>0x8000000000000000</Keywords><TimeCreated SystemTime="2026-01-09T15:46:35.879703000Z"/><EventRecordID>246066</EventRecordID><Correlation/><Execution ProcessID="8040" ThreadID="8040"/><Channel>Linux-Sysmon/Operational</Channel><Computer>vincenzolog-VMware-Virtual-Platform</Computer><Security UserId="0"/></System><EventData><Data Name="RuleName">-</Data><Data Name="UtcTime">2026-01-09 07:12:36.608</Data><Data Name="ProcessGuid">{8b8a9dc4-aa64-6960-ed5d-d90348640000}</Data><Data Name="ProcessId">106993</Data><Data Name="Image">/usr/sbin/xtables-nft-multi</Data><Data Name="FileVersion">-</Data><Data Name="Description">-</Data><Data Name="Product">-</Data><Data Name="Company">-</Data><Data Name="OriginalFileName">-</Data><Data Name="CommandLine">ip6tables -P INPUT ACCEPT</Data><Data Name="CurrentDirectory">/home/vincenzolog/Auto_test</Data><Data Name="User">root</Data><Data Name="LogonGuid">{8b8a9dc4-22db-6961-0000-000008000000}</Data><Data Name="LogonId">0</Data><Data Name="TerminalSessionId">3</Data><Data Name="IntegrityLevel">no level</Data><Data Name="Hashes">SHA256=a1610dd70bb5ab04180671280df65b0077b680b627c0b6c51480b327732a762d</Data><Data Name="ParentProcessGuid">{8b8a9dc4-aa64-6960-1d48-fcfc175f0000}</Data><Data Name="ParentProcessId">106831</Data><Data Name="ParentImage">/usr/bin/dash</Data><Data Name="ParentCommandLine">/bin/sh</Data><Data Name="ParentUser">root</Data></EventData></Event>
Jan 09 22:46:35 vincenzolog-VMware-Virtual-Platform sysmon[8040]: <Event><System><Provider Name="Linux-Sysmon" Guid="{ff032593-a8d3-4f13-b0d6-01fc615a0f97}"/><EventID>5</EventID><Version>3</Version><Level>4</Level><Task>5</Task><Opcode>0</Opcode><Keywords>0x8000000000000000</Keywords><TimeCreated SystemTime="2026-01-09T15:46:35.903020000Z"/><EventRecordID>246067</EventRecordID><Correlation/><Execution ProcessID="8040" ThreadID="8040"/><Channel>Linux-Sysmon/Operational</Channel><Computer>vincenzolog-VMware-Virtual-Platform</Computer><Security UserId="0"/></System><EventData><Data Name="RuleName">-</Data><Data Name="UtcTime">2026-01-09 07:12:36.632</Data><Data Name="ProcessGuid">{8b8a9dc4-aa64-6960-ed5d-d90348640000}</Data><Data Name="ProcessId">106993</Data><Data Name="Image">/usr/sbin/xtables-nft-multi</Data><Data Name="User">root</Data></EventData></Event>
Jan 09 22:46:35 vincenzolog-VMware-Virtual-Platform sysmon[8040]: <Event><System><Provider Name="Linux-Sysmon" Guid="{ff032593-a8d3-4f13-b0d6-01fc615a0f97}"/><EventID>1</EventID><Version>5</Version><Level>4</Level><Task>1</Task><Opcode>0</Opcode><Keywords>0x8000000000000000</Keywords><TimeCreated SystemTime="2026-01-09T15:46:35.903910000Z"/><EventRecordID>246068</EventRecordID><Correlation/><Execution ProcessID="8040" ThreadID="8040"/><Channel>Linux-Sysmon/Operational</Channel><Computer>vincenzolog-VMware-Virtual-Platform</Computer><Security UserId="0"/></System><EventData><Data Name="RuleName">-</Data><Data Name="UtcTime">2026-01-09 07:12:36.633</Data><Data Name="ProcessGuid">{8b8a9dc4-aa64-6960-eded-8b2d1d5e0000}</Data><Data Name="ProcessId">106994</Data><Data Name="Image">/usr/sbin/xtables-nft-multi</Data><Data Name="FileVersion">-</Data><Data Name="Description">-</Data><Data Name="Product">-</Data><Data Name="Company">-</Data><Data Name="OriginalFileName">-</Data><Data Name="CommandLine">ip6tables -P OUTPUT ACCEPT</Data><Data Name="CurrentDirectory">/home/vincenzolog/Auto_test</Data><Data Name="User">root</Data><Data Name="LogonGuid">{8b8a9dc4-22db-6961-0000-000008000000}</Data><Data Name="LogonId">0</Data><Data Name="TerminalSessionId">3</Data><Data Name="IntegrityLevel">no level</Data><Data Name="Hashes">SHA256=a1610dd70bb5ab04180671280df65b0077b680b627c0b6c51480b327732a762d</Data><Data Name="ParentProcessGuid">{8b8a9dc4-aa64-6960-1d48-fcfc175f0000}</Data><Data Name="ParentProcessId">106831</Data><Data Name="ParentImage">/usr/bin/dash</Data><Data Name="ParentCommandLine">/bin/sh</Data><Data Name="ParentUser">root</Data></EventData></Event>
Jan 09 22:46:35 vincenzolog-VMware-Virtual-Platform sysmon[8040]: <Event><System><Provider Name="Linux-Sysmon" Guid="{ff032593-a8d3-4f13-b0d6-01fc615a0f97}"/><EventID>5</EventID><Version>3</Version><Level>4</Level><Task>5</Task><Opcode>0</Opcode><Keywords>0x8000000000000000</Keywords><TimeCreated SystemTime="2026-01-09T15:46:35.926601000Z"/><EventRecordID>246069</EventRecordID><Correlation/><Execution ProcessID="8040" ThreadID="8040"/><Channel>Linux-Sysmon/Operational</Channel><Computer>vincenzolog-VMware-Virtual-Platform</Computer><Security UserId="0"/></System><EventData><Data Name="RuleName">-</Data><Data Name="UtcTime">2026-01-09 07:12:36.656</Data><Data Name="ProcessGuid">{8b8a9dc4-aa64-6960-eded-8b2d1d5e0000}</Data><Data Name="ProcessId">106994</Data><Data Name="Image">/usr/sbin/xtables-nft-multi</Data><Data Name="User">root</Data></EventData></Event>
Jan 09 22:46:35 vincenzolog-VMware-Virtual-Platform sysmon[8040]: <Event><System><Provider Name="Linux-Sysmon" Guid="{ff032593-a8d3-4f13-b0d6-01fc615a0f97}"/><EventID>1</EventID><Version>5</Version><Level>4</Level><Task>1</Task><Opcode>0</Opcode><Keywords>0x8000000000000000</Keywords><TimeCreated SystemTime="2026-01-09T15:46:35.927616000Z"/><EventRecordID>246070</EventRecordID><Correlation/><Execution ProcessID="8040" ThreadID="8040"/><Channel>Linux-Sysmon/Operational</Channel><Computer>vincenzolog-VMware-Virtual-Platform</Computer><Security UserId="0"/></System><EventData><Data Name="RuleName">-</Data><Data Name="UtcTime">2026-01-09 07:12:36.656</Data><Data Name="ProcessGuid">{8b8a9dc4-aa64-6960-ed9d-307f60560000}</Data><Data Name="ProcessId">106996</Data><Data Name="Image">/usr/sbin/xtables-nft-multi</Data><Data Name="FileVersion">-</Data><Data Name="Description">-</Data><Data Name="Product">-</Data><Data Name="Company">-</Data><Data Name="OriginalFileName">-</Data><Data Name="CommandLine">ip6tables -P FORWARD ACCEPT</Data><Data Name="CurrentDirectory">/home/vincenzolog/Auto_test</Data><Data Name="User">root</Data><Data Name="LogonGuid">{8b8a9dc4-22db-6961-0000-000008000000}</Data><Data Name="LogonId">0</Data><Data Name="TerminalSessionId">3</Data><Data Name="IntegrityLevel">no level</Data><Data Name="Hashes">SHA256=a1610dd70bb5ab04180671280df65b0077b680b627c0b6c51480b327732a762d</Data><Data Name="ParentProcessGuid">{8b8a9dc4-aa64-6960-1d48-fcfc175f0000}</Data><Data Name="ParentProcessId">106831</Data><Data Name="ParentImage">/usr/bin/dash</Data><Data Name="ParentCommandLine">/bin/sh</Data><Data Name="ParentUser">root</Data></EventData></Event>
Jan 09 22:46:35 vincenzolog-VMware-Virtual-Platform sysmon[8040]: <Event><System><Provider Name="Linux-Sysmon" Guid="{ff032593-a8d3-4f13-b0d6-01fc615a0f97}"/><EventID>5</EventID><Version>3</Version><Level>4</Level><Task>5</Task><Opcode>0</Opcode><Keywords>0x8000000000000000</Keywords><TimeCreated SystemTime="2026-01-09T15:46:35.942410000Z"/><EventRecordID>246071</EventRecordID><Correlation/><Execution ProcessID="8040" ThreadID="8040"/><Channel>Linux-Sysmon/Operational</Channel><Computer>vincenzolog-VMware-Virtual-Platform</Computer><Security UserId="0"/></System><EventData><Data Name="RuleName">-</Data><Data Name="UtcTime">2026-01-09 07:12:36.672</Data><Data Name="ProcessGuid">{8b8a9dc4-aa64-6960-ed9d-307f60560000}</Data><Data Name="ProcessId">106996</Data><Data Name="Image">/usr/sbin/xtables-nft-multi</Data><Data Name="User">root</Data></EventData></Event>
Jan 09 22:46:35 vincenzolog-VMware-Virtual-Platform sysmon[8040]: <Event><System><Provider Name="Linux-Sysmon" Guid="{ff032593-a8d3-4f13-b0d6-01fc615a0f97}"/><EventID>5</EventID><Version>3</Version><Level>4</Level><Task>5</Task><Opcode>0</Opcode><Keywords>0x8000000000000000</Keywords><TimeCreated SystemTime="2026-01-09T15:46:35.943026000Z"/><EventRecordID>246072</EventRecordID><Correlation/><Execution ProcessID="8040" ThreadID="8040"/><Channel>Linux-Sysmon/Operational</Channel><Computer>vincenzolog-VMware-Virtual-Platform</Computer><Security UserId="0"/></System><EventData><Data Name="RuleName">-</Data><Data Name="UtcTime">2026-01-09 07:12:36.672</Data><Data Name="ProcessGuid">{8b8a9dc4-aa64-6960-1d48-fcfc175f0000}</Data><Data Name="ProcessId">106831</Data><Data Name="Image">/usr/bin/dash</Data><Data Name="User">root</Data></EventData></Event>
