Jan 09 22:36:02 vincenzolog-VMware-Virtual-Platform sysmon[8040]: <Event><System><Provider Name="Linux-Sysmon" Guid="{ff032593-a8d3-4f13-b0d6-01fc615a0f97}"/><EventID>1</EventID><Version>5</Version><Level>4</Level><Task>1</Task><Opcode>0</Opcode><Keywords>0x8000000000000000</Keywords><TimeCreated SystemTime="2026-01-09T15:36:02.332626000Z"/><EventRecordID>198483</EventRecordID><Correlation/><Execution ProcessID="8040" ThreadID="8040"/><Channel>Linux-Sysmon/Operational</Channel><Computer>vincenzolog-VMware-Virtual-Platform</Computer><Security UserId="0"/></System><EventData><Data Name="RuleName">-</Data><Data Name="UtcTime">2026-01-09 07:02:03.061</Data><Data Name="ProcessGuid">{8b8a9dc4-a7eb-6960-edcd-5e77a3600000}</Data><Data Name="ProcessId">82649</Data><Data Name="Image">/usr/sbin/xtables-nft-multi</Data><Data Name="FileVersion">-</Data><Data Name="Description">-</Data><Data Name="Product">-</Data><Data Name="Company">-</Data><Data Name="OriginalFileName">-</Data><Data Name="CommandLine">ip6tables -Z ufw6-before-output</Data><Data Name="CurrentDirectory">/home/vincenzolog/Auto_test</Data><Data Name="User">root</Data><Data Name="LogonGuid">{8b8a9dc4-2061-6961-0000-000007000000}</Data><Data Name="LogonId">0</Data><Data Name="TerminalSessionId">3</Data><Data Name="IntegrityLevel">no level</Data><Data Name="Hashes">SHA256=a1610dd70bb5ab04180671280df65b0077b680b627c0b6c51480b327732a762d</Data><Data Name="ParentProcessGuid">{8b8a9dc4-a7ea-6960-1df8-e5b629590000}</Data><Data Name="ParentProcessId">82504</Data><Data Name="ParentImage">/usr/bin/dash</Data><Data Name="ParentCommandLine">/bin/sh</Data><Data Name="ParentUser">root</Data></EventData></Event>
Jan 09 22:36:02 vincenzolog-VMware-Virtual-Platform sysmon[8040]: <Event><System><Provider Name="Linux-Sysmon" Guid="{ff032593-a8d3-4f13-b0d6-01fc615a0f97}"/><EventID>5</EventID><Version>3</Version><Level>4</Level><Task>5</Task><Opcode>0</Opcode><Keywords>0x8000000000000000</Keywords><TimeCreated SystemTime="2026-01-09T15:36:02.333939000Z"/><EventRecordID>198484</EventRecordID><Correlation/><Execution ProcessID="8040" ThreadID="8040"/><Channel>Linux-Sysmon/Operational</Channel><Computer>vincenzolog-VMware-Virtual-Platform</Computer><Security UserId="0"/></System><EventData><Data Name="RuleName">-</Data><Data Name="UtcTime">2026-01-09 07:02:03.063</Data><Data Name="ProcessGuid">{8b8a9dc4-a7eb-6960-edcd-5e77a3600000}</Data><Data Name="ProcessId">82649</Data><Data Name="Image">/usr/sbin/xtables-nft-multi</Data><Data Name="User">root</Data></EventData></Event>
Jan 09 22:36:02 vincenzolog-VMware-Virtual-Platform sysmon[8040]: <Event><System><Provider Name="Linux-Sysmon" Guid="{ff032593-a8d3-4f13-b0d6-01fc615a0f97}"/><EventID>1</EventID><Version>5</Version><Level>4</Level><Task>1</Task><Opcode>0</Opcode><Keywords>0x8000000000000000</Keywords><TimeCreated SystemTime="2026-01-09T15:36:02.334854000Z"/><EventRecordID>198485</EventRecordID><Correlation/><Execution ProcessID="8040" ThreadID="8040"/><Channel>Linux-Sysmon/Operational</Channel><Computer>vincenzolog-VMware-Virtual-Platform</Computer><Security UserId="0"/></System><EventData><Data Name="RuleName">-</Data><Data Name="UtcTime">2026-01-09 07:02:03.064</Data><Data Name="ProcessGuid">{8b8a9dc4-a7eb-6960-ed4d-afa3c3630000}</Data><Data Name="ProcessId">82650</Data><Data Name="Image">/usr/sbin/xtables-nft-multi</Data><Data Name="FileVersion">-</Data><Data Name="Description">-</Data><Data Name="Product">-</Data><Data Name="Company">-</Data><Data Name="OriginalFileName">-</Data><Data Name="CommandLine">ip6tables -Z ufw6-before-logging-output</Data><Data Name="CurrentDirectory">/home/vincenzolog/Auto_test</Data><Data Name="User">root</Data><Data Name="LogonGuid">{8b8a9dc4-2061-6961-0000-000007000000}</Data><Data Name="LogonId">0</Data><Data Name="TerminalSessionId">3</Data><Data Name="IntegrityLevel">no level</Data><Data Name="Hashes">SHA256=a1610dd70bb5ab04180671280df65b0077b680b627c0b6c51480b327732a762d</Data><Data Name="ParentProcessGuid">{8b8a9dc4-a7ea-6960-1df8-e5b629590000}</Data><Data Name="ParentProcessId">82504</Data><Data Name="ParentImage">/usr/bin/dash</Data><Data Name="ParentCommandLine">/bin/sh</Data><Data Name="ParentUser">root</Data></EventData></Event>
Jan 09 22:36:02 vincenzolog-VMware-Virtual-Platform sysmon[8040]: <Event><System><Provider Name="Linux-Sysmon" Guid="{ff032593-a8d3-4f13-b0d6-01fc615a0f97}"/><EventID>5</EventID><Version>3</Version><Level>4</Level><Task>5</Task><Opcode>0</Opcode><Keywords>0x8000000000000000</Keywords><TimeCreated SystemTime="2026-01-09T15:36:02.336418000Z"/><EventRecordID>198486</EventRecordID><Correlation/><Execution ProcessID="8040" ThreadID="8040"/><Channel>Linux-Sysmon/Operational</Channel><Computer>vincenzolog-VMware-Virtual-Platform</Computer><Security UserId="0"/></System><EventData><Data Name="RuleName">-</Data><Data Name="UtcTime">2026-01-09 07:02:03.066</Data><Data Name="ProcessGuid">{8b8a9dc4-a7eb-6960-ed4d-afa3c3630000}</Data><Data Name="ProcessId">82650</Data><Data Name="Image">/usr/sbin/xtables-nft-multi</Data><Data Name="User">root</Data></EventData></Event>
Jan 09 22:36:02 vincenzolog-VMware-Virtual-Platform sysmon[8040]: <Event><System><Provider Name="Linux-Sysmon" Guid="{ff032593-a8d3-4f13-b0d6-01fc615a0f97}"/><EventID>1</EventID><Version>5</Version><Level>4</Level><Task>1</Task><Opcode>0</Opcode><Keywords>0x8000000000000000</Keywords><TimeCreated SystemTime="2026-01-09T15:36:02.337321000Z"/><EventRecordID>198487</EventRecordID><Correlation/><Execution ProcessID="8040" ThreadID="8040"/><Channel>Linux-Sysmon/Operational</Channel><Computer>vincenzolog-VMware-Virtual-Platform</Computer><Security UserId="0"/></System><EventData><Data Name="RuleName">-</Data><Data Name="UtcTime">2026-01-09 07:02:03.066</Data><Data Name="ProcessGuid">{8b8a9dc4-a7eb-6960-ed8d-718e3d5e0000}</Data><Data Name="ProcessId">82651</Data><Data Name="Image">/usr/sbin/xtables-nft-multi</Data><Data Name="FileVersion">-</Data><Data Name="Description">-</Data><Data Name="Product">-</Data><Data Name="Company">-</Data><Data Name="OriginalFileName">-</Data><Data Name="CommandLine">ip6tables -X ufw6-logging-deny</Data><Data Name="CurrentDirectory">/home/vincenzolog/Auto_test</Data><Data Name="User">root</Data><Data Name="LogonGuid">{8b8a9dc4-2061-6961-0000-000007000000}</Data><Data Name="LogonId">0</Data><Data Name="TerminalSessionId">3</Data><Data Name="IntegrityLevel">no level</Data><Data Name="Hashes">SHA256=a1610dd70bb5ab04180671280df65b0077b680b627c0b6c51480b327732a762d</Data><Data Name="ParentProcessGuid">{8b8a9dc4-a7ea-6960-1df8-e5b629590000}</Data><Data Name="ParentProcessId">82504</Data><Data Name="ParentImage">/usr/bin/dash</Data><Data Name="ParentCommandLine">/bin/sh</Data><Data Name="ParentUser">root</Data></EventData></Event>
Jan 09 22:36:02 vincenzolog-VMware-Virtual-Platform sysmon[8040]: <Event><System><Provider Name="Linux-Sysmon" Guid="{ff032593-a8d3-4f13-b0d6-01fc615a0f97}"/><EventID>5</EventID><Version>3</Version><Level>4</Level><Task>5</Task><Opcode>0</Opcode><Keywords>0x8000000000000000</Keywords><TimeCreated SystemTime="2026-01-09T15:36:02.338592000Z"/><EventRecordID>198488</EventRecordID><Correlation/><Execution ProcessID="8040" ThreadID="8040"/><Channel>Linux-Sysmon/Operational</Channel><Computer>vincenzolog-VMware-Virtual-Platform</Computer><Security UserId="0"/></System><EventData><Data Name="RuleName">-</Data><Data Name="UtcTime">2026-01-09 07:02:03.068</Data><Data Name="ProcessGuid">{8b8a9dc4-a7eb-6960-ed8d-718e3d5e0000}</Data><Data Name="ProcessId">82651</Data><Data Name="Image">/usr/sbin/xtables-nft-multi</Data><Data Name="User">root</Data></EventData></Event>
Jan 09 22:36:02 vincenzolog-VMware-Virtual-Platform sysmon[8040]: <Event><System><Provider Name="Linux-Sysmon" Guid="{ff032593-a8d3-4f13-b0d6-01fc615a0f97}"/><EventID>1</EventID><Version>5</Version><Level>4</Level><Task>1</Task><Opcode>0</Opcode><Keywords>0x8000000000000000</Keywords><TimeCreated SystemTime="2026-01-09T15:36:02.339614000Z"/><EventRecordID>198489</EventRecordID><Correlation/><Execution ProcessID="8040" ThreadID="8040"/><Channel>Linux-Sysmon/Operational</Channel><Computer>vincenzolog-VMware-Virtual-Platform</Computer><Security UserId="0"/></System><EventData><Data Name="RuleName">-</Data><Data Name="UtcTime">2026-01-09 07:02:03.068</Data><Data Name="ProcessGuid">{8b8a9dc4-a7eb-6960-ed2d-fe7fc6610000}</Data><Data Name="ProcessId">82652</Data><Data Name="Image">/usr/sbin/xtables-nft-multi</Data><Data Name="FileVersion">-</Data><Data Name="Description">-</Data><Data Name="Product">-</Data><Data Name="Company">-</Data><Data Name="OriginalFileName">-</Data><Data Name="CommandLine">ip6tables -X ufw6-logging-allow</Data><Data Name="CurrentDirectory">/home/vincenzolog/Auto_test</Data><Data Name="User">root</Data><Data Name="LogonGuid">{8b8a9dc4-2061-6961-0000-000007000000}</Data><Data Name="LogonId">0</Data><Data Name="TerminalSessionId">3</Data><Data Name="IntegrityLevel">no level</Data><Data Name="Hashes">SHA256=a1610dd70bb5ab04180671280df65b0077b680b627c0b6c51480b327732a762d</Data><Data Name="ParentProcessGuid">{8b8a9dc4-a7ea-6960-1df8-e5b629590000}</Data><Data Name="ParentProcessId">82504</Data><Data Name="ParentImage">/usr/bin/dash</Data><Data Name="ParentCommandLine">/bin/sh</Data><Data Name="ParentUser">root</Data></EventData></Event>
Jan 09 22:36:02 vincenzolog-VMware-Virtual-Platform sysmon[8040]: <Event><System><Provider Name="Linux-Sysmon" Guid="{ff032593-a8d3-4f13-b0d6-01fc615a0f97}"/><EventID>5</EventID><Version>3</Version><Level>4</Level><Task>5</Task><Opcode>0</Opcode><Keywords>0x8000000000000000</Keywords><TimeCreated SystemTime="2026-01-09T15:36:02.340949000Z"/><EventRecordID>198490</EventRecordID><Correlation/><Execution ProcessID="8040" ThreadID="8040"/><Channel>Linux-Sysmon/Operational</Channel><Computer>vincenzolog-VMware-Virtual-Platform</Computer><Security UserId="0"/></System><EventData><Data Name="RuleName">-</Data><Data Name="UtcTime">2026-01-09 07:02:03.070</Data><Data Name="ProcessGuid">{8b8a9dc4-a7eb-6960-ed2d-fe7fc6610000}</Data><Data Name="ProcessId">82652</Data><Data Name="Image">/usr/sbin/xtables-nft-multi</Data><Data Name="User">root</Data></EventData></Event>
Jan 09 22:36:02 vincenzolog-VMware-Virtual-Platform sysmon[8040]: <Event><System><Provider Name="Linux-Sysmon" Guid="{ff032593-a8d3-4f13-b0d6-01fc615a0f97}"/><EventID>1</EventID><Version>5</Version><Level>4</Level><Task>1</Task><Opcode>0</Opcode><Keywords>0x8000000000000000</Keywords><TimeCreated SystemTime="2026-01-09T15:36:02.341845000Z"/><EventRecordID>198491</EventRecordID><Correlation/><Execution ProcessID="8040" ThreadID="8040"/><Channel>Linux-Sysmon/Operational</Channel><Computer>vincenzolog-VMware-Virtual-Platform</Computer><Security UserId="0"/></System><EventData><Data Name="RuleName">-</Data><Data Name="UtcTime">2026-01-09 07:02:03.071</Data><Data Name="ProcessGuid">{8b8a9dc4-a7eb-6960-ed7d-faee5d5a0000}</Data><Data Name="ProcessId">82653</Data><Data Name="Image">/usr/sbin/xtables-nft-multi</Data><Data Name="FileVersion">-</Data><Data Name="Description">-</Data><Data Name="Product">-</Data><Data Name="Company">-</Data><Data Name="OriginalFileName">-</Data><Data Name="CommandLine">ip6tables -X ufw6-not-local</Data><Data Name="CurrentDirectory">/home/vincenzolog/Auto_test</Data><Data Name="User">root</Data><Data Name="LogonGuid">{8b8a9dc4-2061-6961-0000-000007000000}</Data><Data Name="LogonId">0</Data><Data Name="TerminalSessionId">3</Data><Data Name="IntegrityLevel">no level</Data><Data Name="Hashes">SHA256=a1610dd70bb5ab04180671280df65b0077b680b627c0b6c51480b327732a762d</Data><Data Name="ParentProcessGuid">{8b8a9dc4-a7ea-6960-1df8-e5b629590000}</Data><Data Name="ParentProcessId">82504</Data><Data Name="ParentImage">/usr/bin/dash</Data><Data Name="ParentCommandLine">/bin/sh</Data><Data Name="ParentUser">root</Data></EventData></Event>
Jan 09 22:36:02 vincenzolog-VMware-Virtual-Platform sysmon[8040]: <Event><System><Provider Name="Linux-Sysmon" Guid="{ff032593-a8d3-4f13-b0d6-01fc615a0f97}"/><EventID>5</EventID><Version>3</Version><Level>4</Level><Task>5</Task><Opcode>0</Opcode><Keywords>0x8000000000000000</Keywords><TimeCreated SystemTime="2026-01-09T15:36:02.343042000Z"/><EventRecordID>198492</EventRecordID><Correlation/><Execution ProcessID="8040" ThreadID="8040"/><Channel>Linux-Sysmon/Operational</Channel><Computer>vincenzolog-VMware-Virtual-Platform</Computer><Security UserId="0"/></System><EventData><Data Name="RuleName">-</Data><Data Name="UtcTime">2026-01-09 07:02:03.072</Data><Data Name="ProcessGuid">{8b8a9dc4-a7eb-6960-ed7d-faee5d5a0000}</Data><Data Name="ProcessId">82653</Data><Data Name="Image">/usr/sbin/xtables-nft-multi</Data><Data Name="User">root</Data></EventData></Event>
Jan 09 22:36:02 vincenzolog-VMware-Virtual-Platform sysmon[8040]: <Event><System><Provider Name="Linux-Sysmon" Guid="{ff032593-a8d3-4f13-b0d6-01fc615a0f97}"/><EventID>1</EventID><Version>5</Version><Level>4</Level><Task>1</Task><Opcode>0</Opcode><Keywords>0x8000000000000000</Keywords><TimeCreated SystemTime="2026-01-09T15:36:02.343810000Z"/><EventRecordID>198493</EventRecordID><Correlation/><Execution ProcessID="8040" ThreadID="8040"/><Channel>Linux-Sysmon/Operational</Channel><Computer>vincenzolog-VMware-Virtual-Platform</Computer><Security UserId="0"/></System><EventData><Data Name="RuleName">-</Data><Data Name="UtcTime">2026-01-09 07:02:03.073</Data><Data Name="ProcessGuid">{8b8a9dc4-a7eb-6960-eded-d35e67640000}</Data><Data Name="ProcessId">82654</Data><Data Name="Image">/usr/sbin/xtables-nft-multi</Data><Data Name="FileVersion">-</Data><Data Name="Description">-</Data><Data Name="Product">-</Data><Data Name="Company">-</Data><Data Name="OriginalFileName">-</Data><Data Name="CommandLine">ip6tables -X ufw6-user-logging-input</Data><Data Name="CurrentDirectory">/home/vincenzolog/Auto_test</Data><Data Name="User">root</Data><Data Name="LogonGuid">{8b8a9dc4-2061-6961-0000-000007000000}</Data><Data Name="LogonId">0</Data><Data Name="TerminalSessionId">3</Data><Data Name="IntegrityLevel">no level</Data><Data Name="Hashes">SHA256=a1610dd70bb5ab04180671280df65b0077b680b627c0b6c51480b327732a762d</Data><Data Name="ParentProcessGuid">{8b8a9dc4-a7ea-6960-1df8-e5b629590000}</Data><Data Name="ParentProcessId">82504</Data><Data Name="ParentImage">/usr/bin/dash</Data><Data Name="ParentCommandLine">/bin/sh</Data><Data Name="ParentUser">root</Data></EventData></Event>
Jan 09 22:36:02 vincenzolog-VMware-Virtual-Platform sysmon[8040]: <Event><System><Provider Name="Linux-Sysmon" Guid="{ff032593-a8d3-4f13-b0d6-01fc615a0f97}"/><EventID>5</EventID><Version>3</Version><Level>4</Level><Task>5</Task><Opcode>0</Opcode><Keywords>0x8000000000000000</Keywords><TimeCreated SystemTime="2026-01-09T15:36:02.345142000Z"/><EventRecordID>198494</EventRecordID><Correlation/><Execution ProcessID="8040" ThreadID="8040"/><Channel>Linux-Sysmon/Operational</Channel><Computer>vincenzolog-VMware-Virtual-Platform</Computer><Security UserId="0"/></System><EventData><Data Name="RuleName">-</Data><Data Name="UtcTime">2026-01-09 07:02:03.075</Data><Data Name="ProcessGuid">{8b8a9dc4-a7eb-6960-eded-d35e67640000}</Data><Data Name="ProcessId">82654</Data><Data Name="Image">/usr/sbin/xtables-nft-multi</Data><Data Name="User">root</Data></EventData></Event>
Jan 09 22:36:02 vincenzolog-VMware-Virtual-Platform sysmon[8040]: <Event><System><Provider Name="Linux-Sysmon" Guid="{ff032593-a8d3-4f13-b0d6-01fc615a0f97}"/><EventID>1</EventID><Version>5</Version><Level>4</Level><Task>1</Task><Opcode>0</Opcode><Keywords>0x8000000000000000</Keywords><TimeCreated SystemTime="2026-01-09T15:36:02.345892000Z"/><EventRecordID>198495</EventRecordID><Correlation/><Execution ProcessID="8040" ThreadID="8040"/><Channel>Linux-Sysmon/Operational</Channel><Computer>vincenzolog-VMware-Virtual-Platform</Computer><Security UserId="0"/></System><EventData><Data Name="RuleName">-</Data><Data Name="UtcTime">2026-01-09 07:02:03.075</Data><Data Name="ProcessGuid">{8b8a9dc4-a7eb-6960-ed8d-365d96570000}</Data><Data Name="ProcessId">82655</Data><Data Name="Image">/usr/sbin/xtables-nft-multi</Data><Data Name="FileVersion">-</Data><Data Name="Description">-</Data><Data Name="Product">-</Data><Data Name="Company">-</Data><Data Name="OriginalFileName">-</Data><Data Name="CommandLine">ip6tables -X ufw6-user-logging-output</Data><Data Name="CurrentDirectory">/home/vincenzolog/Auto_test</Data><Data Name="User">root</Data><Data Name="LogonGuid">{8b8a9dc4-2061-6961-0000-000007000000}</Data><Data Name="LogonId">0</Data><Data Name="TerminalSessionId">3</Data><Data Name="IntegrityLevel">no level</Data><Data Name="Hashes">SHA256=a1610dd70bb5ab04180671280df65b0077b680b627c0b6c51480b327732a762d</Data><Data Name="ParentProcessGuid">{8b8a9dc4-a7ea-6960-1df8-e5b629590000}</Data><Data Name="ParentProcessId">82504</Data><Data Name="ParentImage">/usr/bin/dash</Data><Data Name="ParentCommandLine">/bin/sh</Data><Data Name="ParentUser">root</Data></EventData></Event>
Jan 09 22:36:02 vincenzolog-VMware-Virtual-Platform sysmon[8040]: <Event><System><Provider Name="Linux-Sysmon" Guid="{ff032593-a8d3-4f13-b0d6-01fc615a0f97}"/><EventID>5</EventID><Version>3</Version><Level>4</Level><Task>5</Task><Opcode>0</Opcode><Keywords>0x8000000000000000</Keywords><TimeCreated SystemTime="2026-01-09T15:36:02.347464000Z"/><EventRecordID>198496</EventRecordID><Correlation/><Execution ProcessID="8040" ThreadID="8040"/><Channel>Linux-Sysmon/Operational</Channel><Computer>vincenzolog-VMware-Virtual-Platform</Computer><Security UserId="0"/></System><EventData><Data Name="RuleName">-</Data><Data Name="UtcTime">2026-01-09 07:02:03.077</Data><Data Name="ProcessGuid">{8b8a9dc4-a7eb-6960-ed8d-365d96570000}</Data><Data Name="ProcessId">82655</Data><Data Name="Image">/usr/sbin/xtables-nft-multi</Data><Data Name="User">root</Data></EventData></Event>
Jan 09 22:36:02 vincenzolog-VMware-Virtual-Platform sysmon[8040]: <Event><System><Provider Name="Linux-Sysmon" Guid="{ff032593-a8d3-4f13-b0d6-01fc615a0f97}"/><EventID>1</EventID><Version>5</Version><Level>4</Level><Task>1</Task><Opcode>0</Opcode><Keywords>0x8000000000000000</Keywords><TimeCreated SystemTime="2026-01-09T15:36:02.348347000Z"/><EventRecordID>198497</EventRecordID><Correlation/><Execution ProcessID="8040" ThreadID="8040"/><Channel>Linux-Sysmon/Operational</Channel><Computer>vincenzolog-VMware-Virtual-Platform</Computer><Security UserId="0"/></System><EventData><Data Name="RuleName">-</Data><Data Name="UtcTime">2026-01-09 07:02:03.077</Data><Data Name="ProcessGuid">{8b8a9dc4-a7eb-6960-ed2d-9ba4a95b0000}</Data><Data Name="ProcessId">82656</Data><Data Name="Image">/usr/sbin/xtables-nft-multi</Data><Data Name="FileVersion">-</Data><Data Name="Description">-</Data><Data Name="Product">-</Data><Data Name="Company">-</Data><Data Name="OriginalFileName">-</Data><Data Name="CommandLine">ip6tables -X ufw6-user-logging-forward</Data><Data Name="CurrentDirectory">/home/vincenzolog/Auto_test</Data><Data Name="User">root</Data><Data Name="LogonGuid">{8b8a9dc4-2061-6961-0000-000007000000}</Data><Data Name="LogonId">0</Data><Data Name="TerminalSessionId">3</Data><Data Name="IntegrityLevel">no level</Data><Data Name="Hashes">SHA256=a1610dd70bb5ab04180671280df65b0077b680b627c0b6c51480b327732a762d</Data><Data Name="ParentProcessGuid">{8b8a9dc4-a7ea-6960-1df8-e5b629590000}</Data><Data Name="ParentProcessId">82504</Data><Data Name="ParentImage">/usr/bin/dash</Data><Data Name="ParentCommandLine">/bin/sh</Data><Data Name="ParentUser">root</Data></EventData></Event>
Jan 09 22:36:02 vincenzolog-VMware-Virtual-Platform sysmon[8040]: <Event><System><Provider Name="Linux-Sysmon" Guid="{ff032593-a8d3-4f13-b0d6-01fc615a0f97}"/><EventID>5</EventID><Version>3</Version><Level>4</Level><Task>5</Task><Opcode>0</Opcode><Keywords>0x8000000000000000</Keywords><TimeCreated SystemTime="2026-01-09T15:36:02.349636000Z"/><EventRecordID>198498</EventRecordID><Correlation/><Execution ProcessID="8040" ThreadID="8040"/><Channel>Linux-Sysmon/Operational</Channel><Computer>vincenzolog-VMware-Virtual-Platform</Computer><Security UserId="0"/></System><EventData><Data Name="RuleName">-</Data><Data Name="UtcTime">2026-01-09 07:02:03.079</Data><Data Name="ProcessGuid">{8b8a9dc4-a7eb-6960-ed2d-9ba4a95b0000}</Data><Data Name="ProcessId">82656</Data><Data Name="Image">/usr/sbin/xtables-nft-multi</Data><Data Name="User">root</Data></EventData></Event>
Jan 09 22:36:02 vincenzolog-VMware-Virtual-Platform sysmon[8040]: <Event><System><Provider Name="Linux-Sysmon" Guid="{ff032593-a8d3-4f13-b0d6-01fc615a0f97}"/><EventID>1</EventID><Version>5</Version><Level>4</Level><Task>1</Task><Opcode>0</Opcode><Keywords>0x8000000000000000</Keywords><TimeCreated SystemTime="2026-01-09T15:36:02.350410000Z"/><EventRecordID>198499</EventRecordID><Correlation/><Execution ProcessID="8040" ThreadID="8040"/><Channel>Linux-Sysmon/Operational</Channel><Computer>vincenzolog-VMware-Virtual-Platform</Computer><Security UserId="0"/></System><EventData><Data Name="RuleName">-</Data><Data Name="UtcTime">2026-01-09 07:02:03.079</Data><Data Name="ProcessGuid">{8b8a9dc4-a7eb-6960-ed3d-5cf2c85a0000}</Data><Data Name="ProcessId">82657</Data><Data Name="Image">/usr/sbin/xtables-nft-multi</Data><Data Name="FileVersion">-</Data><Data Name="Description">-</Data><Data Name="Product">-</Data><Data Name="Company">-</Data><Data Name="OriginalFileName">-</Data><Data Name="CommandLine">ip6tables -X ufw6-user-limit-accept</Data><Data Name="CurrentDirectory">/home/vincenzolog/Auto_test</Data><Data Name="User">root</Data><Data Name="LogonGuid">{8b8a9dc4-2061-6961-0000-000007000000}</Data><Data Name="LogonId">0</Data><Data Name="TerminalSessionId">3</Data><Data Name="IntegrityLevel">no level</Data><Data Name="Hashes">SHA256=a1610dd70bb5ab04180671280df65b0077b680b627c0b6c51480b327732a762d</Data><Data Name="ParentProcessGuid">{8b8a9dc4-a7ea-6960-1df8-e5b629590000}</Data><Data Name="ParentProcessId">82504</Data><Data Name="ParentImage">/usr/bin/dash</Data><Data Name="ParentCommandLine">/bin/sh</Data><Data Name="ParentUser">root</Data></EventData></Event>
Jan 09 22:36:02 vincenzolog-VMware-Virtual-Platform sysmon[8040]: <Event><System><Provider Name="Linux-Sysmon" Guid="{ff032593-a8d3-4f13-b0d6-01fc615a0f97}"/><EventID>5</EventID><Version>3</Version><Level>4</Level><Task>5</Task><Opcode>0</Opcode><Keywords>0x8000000000000000</Keywords><TimeCreated SystemTime="2026-01-09T15:36:02.351714000Z"/><EventRecordID>198500</EventRecordID><Correlation/><Execution ProcessID="8040" ThreadID="8040"/><Channel>Linux-Sysmon/Operational</Channel><Computer>vincenzolog-VMware-Virtual-Platform</Computer><Security UserId="0"/></System><EventData><Data Name="RuleName">-</Data><Data Name="UtcTime">2026-01-09 07:02:03.081</Data><Data Name="ProcessGuid">{8b8a9dc4-a7eb-6960-ed3d-5cf2c85a0000}</Data><Data Name="ProcessId">82657</Data><Data Name="Image">/usr/sbin/xtables-nft-multi</Data><Data Name="User">root</Data></EventData></Event>
Jan 09 22:36:02 vincenzolog-VMware-Virtual-Platform sysmon[8040]: <Event><System><Provider Name="Linux-Sysmon" Guid="{ff032593-a8d3-4f13-b0d6-01fc615a0f97}"/><EventID>1</EventID><Version>5</Version><Level>4</Level><Task>1</Task><Opcode>0</Opcode><Keywords>0x8000000000000000</Keywords><TimeCreated SystemTime="2026-01-09T15:36:02.352730000Z"/><EventRecordID>198501</EventRecordID><Correlation/><Execution ProcessID="8040" ThreadID="8040"/><Channel>Linux-Sysmon/Operational</Channel><Computer>vincenzolog-VMware-Virtual-Platform</Computer><Security UserId="0"/></System><EventData><Data Name="RuleName">-</Data><Data Name="UtcTime">2026-01-09 07:02:03.081</Data><Data Name="ProcessGuid">{8b8a9dc4-a7eb-6960-edfd-9956905a0000}</Data><Data Name="ProcessId">82658</Data><Data Name="Image">/usr/sbin/xtables-nft-multi</Data><Data Name="FileVersion">-</Data><Data Name="Description">-</Data><Data Name="Product">-</Data><Data Name="Company">-</Data><Data Name="OriginalFileName">-</Data><Data Name="CommandLine">ip6tables -X ufw6-user-limit</Data><Data Name="CurrentDirectory">/home/vincenzolog/Auto_test</Data><Data Name="User">root</Data><Data Name="LogonGuid">{8b8a9dc4-2061-6961-0000-000007000000}</Data><Data Name="LogonId">0</Data><Data Name="TerminalSessionId">3</Data><Data Name="IntegrityLevel">no level</Data><Data Name="Hashes">SHA256=a1610dd70bb5ab04180671280df65b0077b680b627c0b6c51480b327732a762d</Data><Data Name="ParentProcessGuid">{8b8a9dc4-a7ea-6960-1df8-e5b629590000}</Data><Data Name="ParentProcessId">82504</Data><Data Name="ParentImage">/usr/bin/dash</Data><Data Name="ParentCommandLine">/bin/sh</Data><Data Name="ParentUser">root</Data></EventData></Event>
Jan 09 22:36:02 vincenzolog-VMware-Virtual-Platform sysmon[8040]: <Event><System><Provider Name="Linux-Sysmon" Guid="{ff032593-a8d3-4f13-b0d6-01fc615a0f97}"/><EventID>5</EventID><Version>3</Version><Level>4</Level><Task>5</Task><Opcode>0</Opcode><Keywords>0x8000000000000000</Keywords><TimeCreated SystemTime="2026-01-09T15:36:02.354180000Z"/><EventRecordID>198502</EventRecordID><Correlation/><Execution ProcessID="8040" ThreadID="8040"/><Channel>Linux-Sysmon/Operational</Channel><Computer>vincenzolog-VMware-Virtual-Platform</Computer><Security UserId="0"/></System><EventData><Data Name="RuleName">-</Data><Data Name="UtcTime">2026-01-09 07:02:03.084</Data><Data Name="ProcessGuid">{8b8a9dc4-a7eb-6960-edfd-9956905a0000}</Data><Data Name="ProcessId">82658</Data><Data Name="Image">/usr/sbin/xtables-nft-multi</Data><Data Name="User">root</Data></EventData></Event>
Jan 09 22:36:02 vincenzolog-VMware-Virtual-Platform sysmon[8040]: <Event><System><Provider Name="Linux-Sysmon" Guid="{ff032593-a8d3-4f13-b0d6-01fc615a0f97}"/><EventID>1</EventID><Version>5</Version><Level>4</Level><Task>1</Task><Opcode>0</Opcode><Keywords>0x8000000000000000</Keywords><TimeCreated SystemTime="2026-01-09T15:36:02.355045000Z"/><EventRecordID>198503</EventRecordID><Correlation/><Execution ProcessID="8040" ThreadID="8040"/><Channel>Linux-Sysmon/Operational</Channel><Computer>vincenzolog-VMware-Virtual-Platform</Computer><Security UserId="0"/></System><EventData><Data Name="RuleName">-</Data><Data Name="UtcTime">2026-01-09 07:02:03.084</Data><Data Name="ProcessGuid">{8b8a9dc4-a7eb-6960-ed8d-b4165e5e0000}</Data><Data Name="ProcessId">82659</Data><Data Name="Image">/usr/sbin/xtables-nft-multi</Data><Data Name="FileVersion">-</Data><Data Name="Description">-</Data><Data Name="Product">-</Data><Data Name="Company">-</Data><Data Name="OriginalFileName">-</Data><Data Name="CommandLine">ip6tables -X ufw6-user-input</Data><Data Name="CurrentDirectory">/home/vincenzolog/Auto_test</Data><Data Name="User">root</Data><Data Name="LogonGuid">{8b8a9dc4-2061-6961-0000-000007000000}</Data><Data Name="LogonId">0</Data><Data Name="TerminalSessionId">3</Data><Data Name="IntegrityLevel">no level</Data><Data Name="Hashes">SHA256=a1610dd70bb5ab04180671280df65b0077b680b627c0b6c51480b327732a762d</Data><Data Name="ParentProcessGuid">{8b8a9dc4-a7ea-6960-1df8-e5b629590000}</Data><Data Name="ParentProcessId">82504</Data><Data Name="ParentImage">/usr/bin/dash</Data><Data Name="ParentCommandLine">/bin/sh</Data><Data Name="ParentUser">root</Data></EventData></Event>
Jan 09 22:36:02 vincenzolog-VMware-Virtual-Platform sysmon[8040]: <Event><System><Provider Name="Linux-Sysmon" Guid="{ff032593-a8d3-4f13-b0d6-01fc615a0f97}"/><EventID>5</EventID><Version>3</Version><Level>4</Level><Task>5</Task><Opcode>0</Opcode><Keywords>0x8000000000000000</Keywords><TimeCreated SystemTime="2026-01-09T15:36:02.356424000Z"/><EventRecordID>198504</EventRecordID><Correlation/><Execution ProcessID="8040" ThreadID="8040"/><Channel>Linux-Sysmon/Operational</Channel><Computer>vincenzolog-VMware-Virtual-Platform</Computer><Security UserId="0"/></System><EventData><Data Name="RuleName">-</Data><Data Name="UtcTime">2026-01-09 07:02:03.086</Data><Data Name="ProcessGuid">{8b8a9dc4-a7eb-6960-ed8d-b4165e5e0000}</Data><Data Name="ProcessId">82659</Data><Data Name="Image">/usr/sbin/xtables-nft-multi</Data><Data Name="User">root</Data></EventData></Event>
Jan 09 22:36:02 vincenzolog-VMware-Virtual-Platform sysmon[8040]: <Event><System><Provider Name="Linux-Sysmon" Guid="{ff032593-a8d3-4f13-b0d6-01fc615a0f97}"/><EventID>1</EventID><Version>5</Version><Level>4</Level><Task>1</Task><Opcode>0</Opcode><Keywords>0x8000000000000000</Keywords><TimeCreated SystemTime="2026-01-09T15:36:02.357426000Z"/><EventRecordID>198505</EventRecordID><Correlation/><Execution ProcessID="8040" ThreadID="8040"/><Channel>Linux-Sysmon/Operational</Channel><Computer>vincenzolog-VMware-Virtual-Platform</Computer><Security UserId="0"/></System><EventData><Data Name="RuleName">-</Data><Data Name="UtcTime">2026-01-09 07:02:03.086</Data><Data Name="ProcessGuid">{8b8a9dc4-a7eb-6960-ed1d-04a90b560000}</Data><Data Name="ProcessId">82660</Data><Data Name="Image">/usr/sbin/xtables-nft-multi</Data><Data Name="FileVersion">-</Data><Data Name="Description">-</Data><Data Name="Product">-</Data><Data Name="Company">-</Data><Data Name="OriginalFileName">-</Data><Data Name="CommandLine">ip6tables -X ufw6-user-forward</Data><Data Name="CurrentDirectory">/home/vincenzolog/Auto_test</Data><Data Name="User">root</Data><Data Name="LogonGuid">{8b8a9dc4-2061-6961-0000-000007000000}</Data><Data Name="LogonId">0</Data><Data Name="TerminalSessionId">3</Data><Data Name="IntegrityLevel">no level</Data><Data Name="Hashes">SHA256=a1610dd70bb5ab04180671280df65b0077b680b627c0b6c51480b327732a762d</Data><Data Name="ParentProcessGuid">{8b8a9dc4-a7ea-6960-1df8-e5b629590000}</Data><Data Name="ParentProcessId">82504</Data><Data Name="ParentImage">/usr/bin/dash</Data><Data Name="ParentCommandLine">/bin/sh</Data><Data Name="ParentUser">root</Data></EventData></Event>
Jan 09 22:36:02 vincenzolog-VMware-Virtual-Platform sysmon[8040]: <Event><System><Provider Name="Linux-Sysmon" Guid="{ff032593-a8d3-4f13-b0d6-01fc615a0f97}"/><EventID>5</EventID><Version>3</Version><Level>4</Level><Task>5</Task><Opcode>0</Opcode><Keywords>0x8000000000000000</Keywords><TimeCreated SystemTime="2026-01-09T15:36:02.358649000Z"/><EventRecordID>198506</EventRecordID><Correlation/><Execution ProcessID="8040" ThreadID="8040"/><Channel>Linux-Sysmon/Operational</Channel><Computer>vincenzolog-VMware-Virtual-Platform</Computer><Security UserId="0"/></System><EventData><Data Name="RuleName">-</Data><Data Name="UtcTime">2026-01-09 07:02:03.088</Data><Data Name="ProcessGuid">{8b8a9dc4-a7eb-6960-ed1d-04a90b560000}</Data><Data Name="ProcessId">82660</Data><Data Name="Image">/usr/sbin/xtables-nft-multi</Data><Data Name="User">root</Data></EventData></Event>
Jan 09 22:36:02 vincenzolog-VMware-Virtual-Platform sysmon[8040]: <Event><System><Provider Name="Linux-Sysmon" Guid="{ff032593-a8d3-4f13-b0d6-01fc615a0f97}"/><EventID>1</EventID><Version>5</Version><Level>4</Level><Task>1</Task><Opcode>0</Opcode><Keywords>0x8000000000000000</Keywords><TimeCreated SystemTime="2026-01-09T15:36:02.359524000Z"/><EventRecordID>198507</EventRecordID><Correlation/><Execution ProcessID="8040" ThreadID="8040"/><Channel>Linux-Sysmon/Operational</Channel><Computer>vincenzolog-VMware-Virtual-Platform</Computer><Security UserId="0"/></System><EventData><Data Name="RuleName">-</Data><Data Name="UtcTime">2026-01-09 07:02:03.088</Data><Data Name="ProcessGuid">{8b8a9dc4-a7eb-6960-ed8d-9ed736560000}</Data><Data Name="ProcessId">82661</Data><Data Name="Image">/usr/sbin/xtables-nft-multi</Data><Data Name="FileVersion">-</Data><Data Name="Description">-</Data><Data Name="Product">-</Data><Data Name="Company">-</Data><Data Name="OriginalFileName">-</Data><Data Name="CommandLine">ip6tables -X ufw6-user-output</Data><Data Name="CurrentDirectory">/home/vincenzolog/Auto_test</Data><Data Name="User">root</Data><Data Name="LogonGuid">{8b8a9dc4-2061-6961-0000-000007000000}</Data><Data Name="LogonId">0</Data><Data Name="TerminalSessionId">3</Data><Data Name="IntegrityLevel">no level</Data><Data Name="Hashes">SHA256=a1610dd70bb5ab04180671280df65b0077b680b627c0b6c51480b327732a762d</Data><Data Name="ParentProcessGuid">{8b8a9dc4-a7ea-6960-1df8-e5b629590000}</Data><Data Name="ParentProcessId">82504</Data><Data Name="ParentImage">/usr/bin/dash</Data><Data Name="ParentCommandLine">/bin/sh</Data><Data Name="ParentUser">root</Data></EventData></Event>
Jan 09 22:36:02 vincenzolog-VMware-Virtual-Platform sysmon[8040]: <Event><System><Provider Name="Linux-Sysmon" Guid="{ff032593-a8d3-4f13-b0d6-01fc615a0f97}"/><EventID>5</EventID><Version>3</Version><Level>4</Level><Task>5</Task><Opcode>0</Opcode><Keywords>0x8000000000000000</Keywords><TimeCreated SystemTime="2026-01-09T15:36:02.360827000Z"/><EventRecordID>198508</EventRecordID><Correlation/><Execution ProcessID="8040" ThreadID="8040"/><Channel>Linux-Sysmon/Operational</Channel><Computer>vincenzolog-VMware-Virtual-Platform</Computer><Security UserId="0"/></System><EventData><Data Name="RuleName">-</Data><Data Name="UtcTime">2026-01-09 07:02:03.090</Data><Data Name="ProcessGuid">{8b8a9dc4-a7eb-6960-ed8d-9ed736560000}</Data><Data Name="ProcessId">82661</Data><Data Name="Image">/usr/sbin/xtables-nft-multi</Data><Data Name="User">root</Data></EventData></Event>
Jan 09 22:36:02 vincenzolog-VMware-Virtual-Platform sysmon[8040]: <Event><System><Provider Name="Linux-Sysmon" Guid="{ff032593-a8d3-4f13-b0d6-01fc615a0f97}"/><EventID>1</EventID><Version>5</Version><Level>4</Level><Task>1</Task><Opcode>0</Opcode><Keywords>0x8000000000000000</Keywords><TimeCreated SystemTime="2026-01-09T15:36:02.361613000Z"/><EventRecordID>198509</EventRecordID><Correlation/><Execution ProcessID="8040" ThreadID="8040"/><Channel>Linux-Sysmon/Operational</Channel><Computer>vincenzolog-VMware-Virtual-Platform</Computer><Security UserId="0"/></System><EventData><Data Name="RuleName">-</Data><Data Name="UtcTime">2026-01-09 07:02:03.090</Data><Data Name="ProcessGuid">{8b8a9dc4-a7eb-6960-ed1d-30639a5c0000}</Data><Data Name="ProcessId">82662</Data><Data Name="Image">/usr/sbin/xtables-nft-multi</Data><Data Name="FileVersion">-</Data><Data Name="Description">-</Data><Data Name="Product">-</Data><Data Name="Company">-</Data><Data Name="OriginalFileName">-</Data><Data Name="CommandLine">ip6tables -X ufw6-skip-to-policy-input</Data><Data Name="CurrentDirectory">/home/vincenzolog/Auto_test</Data><Data Name="User">root</Data><Data Name="LogonGuid">{8b8a9dc4-2061-6961-0000-000007000000}</Data><Data Name="LogonId">0</Data><Data Name="TerminalSessionId">3</Data><Data Name="IntegrityLevel">no level</Data><Data Name="Hashes">SHA256=a1610dd70bb5ab04180671280df65b0077b680b627c0b6c51480b327732a762d</Data><Data Name="ParentProcessGuid">{8b8a9dc4-a7ea-6960-1df8-e5b629590000}</Data><Data Name="ParentProcessId">82504</Data><Data Name="ParentImage">/usr/bin/dash</Data><Data Name="ParentCommandLine">/bin/sh</Data><Data Name="ParentUser">root</Data></EventData></Event>
Jan 09 22:36:02 vincenzolog-VMware-Virtual-Platform sysmon[8040]: <Event><System><Provider Name="Linux-Sysmon" Guid="{ff032593-a8d3-4f13-b0d6-01fc615a0f97}"/><EventID>5</EventID><Version>3</Version><Level>4</Level><Task>5</Task><Opcode>0</Opcode><Keywords>0x8000000000000000</Keywords><TimeCreated SystemTime="2026-01-09T15:36:02.363167000Z"/><EventRecordID>198510</EventRecordID><Correlation/><Execution ProcessID="8040" ThreadID="8040"/><Channel>Linux-Sysmon/Operational</Channel><Computer>vincenzolog-VMware-Virtual-Platform</Computer><Security UserId="0"/></System><EventData><Data Name="RuleName">-</Data><Data Name="UtcTime">2026-01-09 07:02:03.093</Data><Data Name="ProcessGuid">{8b8a9dc4-a7eb-6960-ed1d-30639a5c0000}</Data><Data Name="ProcessId">82662</Data><Data Name="Image">/usr/sbin/xtables-nft-multi</Data><Data Name="User">root</Data></EventData></Event>
Jan 09 22:36:02 vincenzolog-VMware-Virtual-Platform sysmon[8040]: <Event><System><Provider Name="Linux-Sysmon" Guid="{ff032593-a8d3-4f13-b0d6-01fc615a0f97}"/><EventID>1</EventID><Version>5</Version><Level>4</Level><Task>1</Task><Opcode>0</Opcode><Keywords>0x8000000000000000</Keywords><TimeCreated SystemTime="2026-01-09T15:36:02.364159000Z"/><EventRecordID>198511</EventRecordID><Correlation/><Execution ProcessID="8040" ThreadID="8040"/><Channel>Linux-Sysmon/Operational</Channel><Computer>vincenzolog-VMware-Virtual-Platform</Computer><Security UserId="0"/></System><EventData><Data Name="RuleName">-</Data><Data Name="UtcTime">2026-01-09 07:02:03.093</Data><Data Name="ProcessGuid">{8b8a9dc4-a7eb-6960-edad-3f4190640000}</Data><Data Name="ProcessId">82663</Data><Data Name="Image">/usr/sbin/xtables-nft-multi</Data><Data Name="FileVersion">-</Data><Data Name="Description">-</Data><Data Name="Product">-</Data><Data Name="Company">-</Data><Data Name="OriginalFileName">-</Data><Data Name="CommandLine">ip6tables -X ufw6-skip-to-policy-output</Data><Data Name="CurrentDirectory">/home/vincenzolog/Auto_test</Data><Data Name="User">root</Data><Data Name="LogonGuid">{8b8a9dc4-2061-6961-0000-000007000000}</Data><Data Name="LogonId">0</Data><Data Name="TerminalSessionId">3</Data><Data Name="IntegrityLevel">no level</Data><Data Name="Hashes">SHA256=a1610dd70bb5ab04180671280df65b0077b680b627c0b6c51480b327732a762d</Data><Data Name="ParentProcessGuid">{8b8a9dc4-a7ea-6960-1df8-e5b629590000}</Data><Data Name="ParentProcessId">82504</Data><Data Name="ParentImage">/usr/bin/dash</Data><Data Name="ParentCommandLine">/bin/sh</Data><Data Name="ParentUser">root</Data></EventData></Event>
Jan 09 22:36:02 vincenzolog-VMware-Virtual-Platform sysmon[8040]: <Event><System><Provider Name="Linux-Sysmon" Guid="{ff032593-a8d3-4f13-b0d6-01fc615a0f97}"/><EventID>5</EventID><Version>3</Version><Level>4</Level><Task>5</Task><Opcode>0</Opcode><Keywords>0x8000000000000000</Keywords><TimeCreated SystemTime="2026-01-09T15:36:02.365501000Z"/><EventRecordID>198512</EventRecordID><Correlation/><Execution ProcessID="8040" ThreadID="8040"/><Channel>Linux-Sysmon/Operational</Channel><Computer>vincenzolog-VMware-Virtual-Platform</Computer><Security UserId="0"/></System><EventData><Data Name="RuleName">-</Data><Data Name="UtcTime">2026-01-09 07:02:03.095</Data><Data Name="ProcessGuid">{8b8a9dc4-a7eb-6960-edad-3f4190640000}</Data><Data Name="ProcessId">82663</Data><Data Name="Image">/usr/sbin/xtables-nft-multi</Data><Data Name="User">root</Data></EventData></Event>
Jan 09 22:36:02 vincenzolog-VMware-Virtual-Platform sysmon[8040]: <Event><System><Provider Name="Linux-Sysmon" Guid="{ff032593-a8d3-4f13-b0d6-01fc615a0f97}"/><EventID>1</EventID><Version>5</Version><Level>4</Level><Task>1</Task><Opcode>0</Opcode><Keywords>0x8000000000000000</Keywords><TimeCreated SystemTime="2026-01-09T15:36:02.366519000Z"/><EventRecordID>198513</EventRecordID><Correlation/><Execution ProcessID="8040" ThreadID="8040"/><Channel>Linux-Sysmon/Operational</Channel><Computer>vincenzolog-VMware-Virtual-Platform</Computer><Security UserId="0"/></System><EventData><Data Name="RuleName">-</Data><Data Name="UtcTime">2026-01-09 07:02:03.095</Data><Data Name="ProcessGuid">{8b8a9dc4-a7eb-6960-edad-4e709b610000}</Data><Data Name="ProcessId">82664</Data><Data Name="Image">/usr/sbin/xtables-nft-multi</Data><Data Name="FileVersion">-</Data><Data Name="Description">-</Data><Data Name="Product">-</Data><Data Name="Company">-</Data><Data Name="OriginalFileName">-</Data><Data Name="CommandLine">ip6tables -X ufw6-skip-to-policy-forward</Data><Data Name="CurrentDirectory">/home/vincenzolog/Auto_test</Data><Data Name="User">root</Data><Data Name="LogonGuid">{8b8a9dc4-2061-6961-0000-000007000000}</Data><Data Name="LogonId">0</Data><Data Name="TerminalSessionId">3</Data><Data Name="IntegrityLevel">no level</Data><Data Name="Hashes">SHA256=a1610dd70bb5ab04180671280df65b0077b680b627c0b6c51480b327732a762d</Data><Data Name="ParentProcessGuid">{8b8a9dc4-a7ea-6960-1df8-e5b629590000}</Data><Data Name="ParentProcessId">82504</Data><Data Name="ParentImage">/usr/bin/dash</Data><Data Name="ParentCommandLine">/bin/sh</Data><Data Name="ParentUser">root</Data></EventData></Event>
Jan 09 22:36:02 vincenzolog-VMware-Virtual-Platform sysmon[8040]: <Event><System><Provider Name="Linux-Sysmon" Guid="{ff032593-a8d3-4f13-b0d6-01fc615a0f97}"/><EventID>5</EventID><Version>3</Version><Level>4</Level><Task>5</Task><Opcode>0</Opcode><Keywords>0x8000000000000000</Keywords><TimeCreated SystemTime="2026-01-09T15:36:02.367888000Z"/><EventRecordID>198514</EventRecordID><Correlation/><Execution ProcessID="8040" ThreadID="8040"/><Channel>Linux-Sysmon/Operational</Channel><Computer>vincenzolog-VMware-Virtual-Platform</Computer><Security UserId="0"/></System><EventData><Data Name="RuleName">-</Data><Data Name="UtcTime">2026-01-09 07:02:03.097</Data><Data Name="ProcessGuid">{8b8a9dc4-a7eb-6960-edad-4e709b610000}</Data><Data Name="ProcessId">82664</Data><Data Name="Image">/usr/sbin/xtables-nft-multi</Data><Data Name="User">root</Data></EventData></Event>
Jan 09 22:36:02 vincenzolog-VMware-Virtual-Platform sysmon[8040]: <Event><System><Provider Name="Linux-Sysmon" Guid="{ff032593-a8d3-4f13-b0d6-01fc615a0f97}"/><EventID>1</EventID><Version>5</Version><Level>4</Level><Task>1</Task><Opcode>0</Opcode><Keywords>0x8000000000000000</Keywords><TimeCreated SystemTime="2026-01-09T15:36:02.368883000Z"/><EventRecordID>198515</EventRecordID><Correlation/><Execution ProcessID="8040" ThreadID="8040"/><Channel>Linux-Sysmon/Operational</Channel><Computer>vincenzolog-VMware-Virtual-Platform</Computer><Security UserId="0"/></System><EventData><Data Name="RuleName">-</Data><Data Name="UtcTime">2026-01-09 07:02:03.098</Data><Data Name="ProcessGuid">{8b8a9dc4-a7eb-6960-ed1d-c715ba580000}</Data><Data Name="ProcessId">82665</Data><Data Name="Image">/usr/sbin/xtables-nft-multi</Data><Data Name="FileVersion">-</Data><Data Name="Description">-</Data><Data Name="Product">-</Data><Data Name="Company">-</Data><Data Name="OriginalFileName">-</Data><Data Name="CommandLine">ip6tables -P INPUT ACCEPT</Data><Data Name="CurrentDirectory">/home/vincenzolog/Auto_test</Data><Data Name="User">root</Data><Data Name="LogonGuid">{8b8a9dc4-2061-6961-0000-000007000000}</Data><Data Name="LogonId">0</Data><Data Name="TerminalSessionId">3</Data><Data Name="IntegrityLevel">no level</Data><Data Name="Hashes">SHA256=a1610dd70bb5ab04180671280df65b0077b680b627c0b6c51480b327732a762d</Data><Data Name="ParentProcessGuid">{8b8a9dc4-a7ea-6960-1df8-e5b629590000}</Data><Data Name="ParentProcessId">82504</Data><Data Name="ParentImage">/usr/bin/dash</Data><Data Name="ParentCommandLine">/bin/sh</Data><Data Name="ParentUser">root</Data></EventData></Event>
Jan 09 22:36:02 vincenzolog-VMware-Virtual-Platform sysmon[8040]: <Event><System><Provider Name="Linux-Sysmon" Guid="{ff032593-a8d3-4f13-b0d6-01fc615a0f97}"/><EventID>5</EventID><Version>3</Version><Level>4</Level><Task>5</Task><Opcode>0</Opcode><Keywords>0x8000000000000000</Keywords><TimeCreated SystemTime="2026-01-09T15:36:02.388700000Z"/><EventRecordID>198516</EventRecordID><Correlation/><Execution ProcessID="8040" ThreadID="8040"/><Channel>Linux-Sysmon/Operational</Channel><Computer>vincenzolog-VMware-Virtual-Platform</Computer><Security UserId="0"/></System><EventData><Data Name="RuleName">-</Data><Data Name="UtcTime">2026-01-09 07:02:03.118</Data><Data Name="ProcessGuid">{8b8a9dc4-a7eb-6960-ed1d-c715ba580000}</Data><Data Name="ProcessId">82665</Data><Data Name="Image">/usr/sbin/xtables-nft-multi</Data><Data Name="User">root</Data></EventData></Event>
Jan 09 22:36:02 vincenzolog-VMware-Virtual-Platform sysmon[8040]: <Event><System><Provider Name="Linux-Sysmon" Guid="{ff032593-a8d3-4f13-b0d6-01fc615a0f97}"/><EventID>1</EventID><Version>5</Version><Level>4</Level><Task>1</Task><Opcode>0</Opcode><Keywords>0x8000000000000000</Keywords><TimeCreated SystemTime="2026-01-09T15:36:02.389739000Z"/><EventRecordID>198517</EventRecordID><Correlation/><Execution ProcessID="8040" ThreadID="8040"/><Channel>Linux-Sysmon/Operational</Channel><Computer>vincenzolog-VMware-Virtual-Platform</Computer><Security UserId="0"/></System><EventData><Data Name="RuleName">-</Data><Data Name="UtcTime">2026-01-09 07:02:03.118</Data><Data Name="ProcessGuid">{8b8a9dc4-a7eb-6960-ed8d-eecc8f640000}</Data><Data Name="ProcessId">82666</Data><Data Name="Image">/usr/sbin/xtables-nft-multi</Data><Data Name="FileVersion">-</Data><Data Name="Description">-</Data><Data Name="Product">-</Data><Data Name="Company">-</Data><Data Name="OriginalFileName">-</Data><Data Name="CommandLine">ip6tables -P OUTPUT ACCEPT</Data><Data Name="CurrentDirectory">/home/vincenzolog/Auto_test</Data><Data Name="User">root</Data><Data Name="LogonGuid">{8b8a9dc4-2061-6961-0000-000007000000}</Data><Data Name="LogonId">0</Data><Data Name="TerminalSessionId">3</Data><Data Name="IntegrityLevel">no level</Data><Data Name="Hashes">SHA256=a1610dd70bb5ab04180671280df65b0077b680b627c0b6c51480b327732a762d</Data><Data Name="ParentProcessGuid">{8b8a9dc4-a7ea-6960-1df8-e5b629590000}</Data><Data Name="ParentProcessId">82504</Data><Data Name="ParentImage">/usr/bin/dash</Data><Data Name="ParentCommandLine">/bin/sh</Data><Data Name="ParentUser">root</Data></EventData></Event>
Jan 09 22:36:02 vincenzolog-VMware-Virtual-Platform sysmon[8040]: <Event><System><Provider Name="Linux-Sysmon" Guid="{ff032593-a8d3-4f13-b0d6-01fc615a0f97}"/><EventID>5</EventID><Version>3</Version><Level>4</Level><Task>5</Task><Opcode>0</Opcode><Keywords>0x8000000000000000</Keywords><TimeCreated SystemTime="2026-01-09T15:36:02.413436000Z"/><EventRecordID>198518</EventRecordID><Correlation/><Execution ProcessID="8040" ThreadID="8040"/><Channel>Linux-Sysmon/Operational</Channel><Computer>vincenzolog-VMware-Virtual-Platform</Computer><Security UserId="0"/></System><EventData><Data Name="RuleName">-</Data><Data Name="UtcTime">2026-01-09 07:02:03.143</Data><Data Name="ProcessGuid">{8b8a9dc4-a7eb-6960-ed8d-eecc8f640000}</Data><Data Name="ProcessId">82666</Data><Data Name="Image">/usr/sbin/xtables-nft-multi</Data><Data Name="User">root</Data></EventData></Event>
Jan 09 22:36:02 vincenzolog-VMware-Virtual-Platform sysmon[8040]: <Event><System><Provider Name="Linux-Sysmon" Guid="{ff032593-a8d3-4f13-b0d6-01fc615a0f97}"/><EventID>1</EventID><Version>5</Version><Level>4</Level><Task>1</Task><Opcode>0</Opcode><Keywords>0x8000000000000000</Keywords><TimeCreated SystemTime="2026-01-09T15:36:02.414353000Z"/><EventRecordID>198519</EventRecordID><Correlation/><Execution ProcessID="8040" ThreadID="8040"/><Channel>Linux-Sysmon/Operational</Channel><Computer>vincenzolog-VMware-Virtual-Platform</Computer><Security UserId="0"/></System><EventData><Data Name="RuleName">-</Data><Data Name="UtcTime">2026-01-09 07:02:03.143</Data><Data Name="ProcessGuid">{8b8a9dc4-a7eb-6960-ed7d-a29259630000}</Data><Data Name="ProcessId">82667</Data><Data Name="Image">/usr/sbin/xtables-nft-multi</Data><Data Name="FileVersion">-</Data><Data Name="Description">-</Data><Data Name="Product">-</Data><Data Name="Company">-</Data><Data Name="OriginalFileName">-</Data><Data Name="CommandLine">ip6tables -P FORWARD ACCEPT</Data><Data Name="CurrentDirectory">/home/vincenzolog/Auto_test</Data><Data Name="User">root</Data><Data Name="LogonGuid">{8b8a9dc4-2061-6961-0000-000007000000}</Data><Data Name="LogonId">0</Data><Data Name="TerminalSessionId">3</Data><Data Name="IntegrityLevel">no level</Data><Data Name="Hashes">SHA256=a1610dd70bb5ab04180671280df65b0077b680b627c0b6c51480b327732a762d</Data><Data Name="ParentProcessGuid">{8b8a9dc4-a7ea-6960-1df8-e5b629590000}</Data><Data Name="ParentProcessId">82504</Data><Data Name="ParentImage">/usr/bin/dash</Data><Data Name="ParentCommandLine">/bin/sh</Data><Data Name="ParentUser">root</Data></EventData></Event>
Jan 09 22:36:02 vincenzolog-VMware-Virtual-Platform sysmon[8040]: <Event><System><Provider Name="Linux-Sysmon" Guid="{ff032593-a8d3-4f13-b0d6-01fc615a0f97}"/><EventID>5</EventID><Version>3</Version><Level>4</Level><Task>5</Task><Opcode>0</Opcode><Keywords>0x8000000000000000</Keywords><TimeCreated SystemTime="2026-01-09T15:36:02.438816000Z"/><EventRecordID>198520</EventRecordID><Correlation/><Execution ProcessID="8040" ThreadID="8040"/><Channel>Linux-Sysmon/Operational</Channel><Computer>vincenzolog-VMware-Virtual-Platform</Computer><Security UserId="0"/></System><EventData><Data Name="RuleName">-</Data><Data Name="UtcTime">2026-01-09 07:02:03.168</Data><Data Name="ProcessGuid">{8b8a9dc4-a7eb-6960-ed7d-a29259630000}</Data><Data Name="ProcessId">82667</Data><Data Name="Image">/usr/sbin/xtables-nft-multi</Data><Data Name="User">root</Data></EventData></Event>
Jan 09 22:36:02 vincenzolog-VMware-Virtual-Platform sysmon[8040]: <Event><System><Provider Name="Linux-Sysmon" Guid="{ff032593-a8d3-4f13-b0d6-01fc615a0f97}"/><EventID>5</EventID><Version>3</Version><Level>4</Level><Task>5</Task><Opcode>0</Opcode><Keywords>0x8000000000000000</Keywords><TimeCreated SystemTime="2026-01-09T15:36:02.439376000Z"/><EventRecordID>198521</EventRecordID><Correlation/><Execution ProcessID="8040" ThreadID="8040"/><Channel>Linux-Sysmon/Operational</Channel><Computer>vincenzolog-VMware-Virtual-Platform</Computer><Security UserId="0"/></System><EventData><Data Name="RuleName">-</Data><Data Name="UtcTime">2026-01-09 07:02:03.169</Data><Data Name="ProcessGuid">{8b8a9dc4-a7ea-6960-1df8-e5b629590000}</Data><Data Name="ProcessId">82504</Data><Data Name="Image">/usr/bin/dash</Data><Data Name="User">root</Data></EventData></Event>
