Jan 09 22:46:31 vincenzolog-VMware-Virtual-Platform sysmon[8040]: <Event><System><Provider Name="Linux-Sysmon" Guid="{ff032593-a8d3-4f13-b0d6-01fc615a0f97}"/><EventID>1</EventID><Version>5</Version><Level>4</Level><Task>1</Task><Opcode>0</Opcode><Keywords>0x8000000000000000</Keywords><TimeCreated SystemTime="2026-01-09T15:46:31.021248000Z"/><EventRecordID>245637</EventRecordID><Correlation/><Execution ProcessID="8040" ThreadID="8040"/><Channel>Linux-Sysmon/Operational</Channel><Computer>vincenzolog-VMware-Virtual-Platform</Computer><Security UserId="0"/></System><EventData><Data Name="RuleName">-</Data><Data Name="UtcTime">2026-01-09 07:12:31.750</Data><Data Name="ProcessGuid">{8b8a9dc4-aa5f-6960-ed0d-b9a299610000}</Data><Data Name="ProcessId">106774</Data><Data Name="Image">/usr/sbin/xtables-nft-multi</Data><Data Name="FileVersion">-</Data><Data Name="Description">-</Data><Data Name="Product">-</Data><Data Name="Company">-</Data><Data Name="OriginalFileName">-</Data><Data Name="CommandLine">ip6tables -Z ufw6-before-logging-output</Data><Data Name="CurrentDirectory">/home/vincenzolog/Auto_test</Data><Data Name="User">root</Data><Data Name="LogonGuid">{8b8a9dc4-22d6-6961-0000-000008000000}</Data><Data Name="LogonId">0</Data><Data Name="TerminalSessionId">3</Data><Data Name="IntegrityLevel">no level</Data><Data Name="Hashes">SHA256=a1610dd70bb5ab04180671280df65b0077b680b627c0b6c51480b327732a762d</Data><Data Name="ParentProcessGuid">{8b8a9dc4-aa5f-6960-1d88-1df5385b0000}</Data><Data Name="ParentProcessId">106628</Data><Data Name="ParentImage">/usr/bin/dash</Data><Data Name="ParentCommandLine">/bin/sh</Data><Data Name="ParentUser">root</Data></EventData></Event>
Jan 09 22:46:31 vincenzolog-VMware-Virtual-Platform sysmon[8040]: <Event><System><Provider Name="Linux-Sysmon" Guid="{ff032593-a8d3-4f13-b0d6-01fc615a0f97}"/><EventID>5</EventID><Version>3</Version><Level>4</Level><Task>5</Task><Opcode>0</Opcode><Keywords>0x8000000000000000</Keywords><TimeCreated SystemTime="2026-01-09T15:46:31.022686000Z"/><EventRecordID>245638</EventRecordID><Correlation/><Execution ProcessID="8040" ThreadID="8040"/><Channel>Linux-Sysmon/Operational</Channel><Computer>vincenzolog-VMware-Virtual-Platform</Computer><Security UserId="0"/></System><EventData><Data Name="RuleName">-</Data><Data Name="UtcTime">2026-01-09 07:12:31.752</Data><Data Name="ProcessGuid">{8b8a9dc4-aa5f-6960-ed0d-b9a299610000}</Data><Data Name="ProcessId">106774</Data><Data Name="Image">/usr/sbin/xtables-nft-multi</Data><Data Name="User">root</Data></EventData></Event>
Jan 09 22:46:31 vincenzolog-VMware-Virtual-Platform sysmon[8040]: <Event><System><Provider Name="Linux-Sysmon" Guid="{ff032593-a8d3-4f13-b0d6-01fc615a0f97}"/><EventID>1</EventID><Version>5</Version><Level>4</Level><Task>1</Task><Opcode>0</Opcode><Keywords>0x8000000000000000</Keywords><TimeCreated SystemTime="2026-01-09T15:46:31.023730000Z"/><EventRecordID>245639</EventRecordID><Correlation/><Execution ProcessID="8040" ThreadID="8040"/><Channel>Linux-Sysmon/Operational</Channel><Computer>vincenzolog-VMware-Virtual-Platform</Computer><Security UserId="0"/></System><EventData><Data Name="RuleName">-</Data><Data Name="UtcTime">2026-01-09 07:12:31.752</Data><Data Name="ProcessGuid">{8b8a9dc4-aa5f-6960-eddd-b5376d5c0000}</Data><Data Name="ProcessId">106775</Data><Data Name="Image">/usr/sbin/xtables-nft-multi</Data><Data Name="FileVersion">-</Data><Data Name="Description">-</Data><Data Name="Product">-</Data><Data Name="Company">-</Data><Data Name="OriginalFileName">-</Data><Data Name="CommandLine">ip6tables -X ufw6-logging-deny</Data><Data Name="CurrentDirectory">/home/vincenzolog/Auto_test</Data><Data Name="User">root</Data><Data Name="LogonGuid">{8b8a9dc4-22d6-6961-0000-000008000000}</Data><Data Name="LogonId">0</Data><Data Name="TerminalSessionId">3</Data><Data Name="IntegrityLevel">no level</Data><Data Name="Hashes">SHA256=a1610dd70bb5ab04180671280df65b0077b680b627c0b6c51480b327732a762d</Data><Data Name="ParentProcessGuid">{8b8a9dc4-aa5f-6960-1d88-1df5385b0000}</Data><Data Name="ParentProcessId">106628</Data><Data Name="ParentImage">/usr/bin/dash</Data><Data Name="ParentCommandLine">/bin/sh</Data><Data Name="ParentUser">root</Data></EventData></Event>
Jan 09 22:46:31 vincenzolog-VMware-Virtual-Platform sysmon[8040]: <Event><System><Provider Name="Linux-Sysmon" Guid="{ff032593-a8d3-4f13-b0d6-01fc615a0f97}"/><EventID>5</EventID><Version>3</Version><Level>4</Level><Task>5</Task><Opcode>0</Opcode><Keywords>0x8000000000000000</Keywords><TimeCreated SystemTime="2026-01-09T15:46:31.025117000Z"/><EventRecordID>245640</EventRecordID><Correlation/><Execution ProcessID="8040" ThreadID="8040"/><Channel>Linux-Sysmon/Operational</Channel><Computer>vincenzolog-VMware-Virtual-Platform</Computer><Security UserId="0"/></System><EventData><Data Name="RuleName">-</Data><Data Name="UtcTime">2026-01-09 07:12:31.754</Data><Data Name="ProcessGuid">{8b8a9dc4-aa5f-6960-eddd-b5376d5c0000}</Data><Data Name="ProcessId">106775</Data><Data Name="Image">/usr/sbin/xtables-nft-multi</Data><Data Name="User">root</Data></EventData></Event>
Jan 09 22:46:31 vincenzolog-VMware-Virtual-Platform sysmon[8040]: <Event><System><Provider Name="Linux-Sysmon" Guid="{ff032593-a8d3-4f13-b0d6-01fc615a0f97}"/><EventID>1</EventID><Version>5</Version><Level>4</Level><Task>1</Task><Opcode>0</Opcode><Keywords>0x8000000000000000</Keywords><TimeCreated SystemTime="2026-01-09T15:46:31.025910000Z"/><EventRecordID>245641</EventRecordID><Correlation/><Execution ProcessID="8040" ThreadID="8040"/><Channel>Linux-Sysmon/Operational</Channel><Computer>vincenzolog-VMware-Virtual-Platform</Computer><Security UserId="0"/></System><EventData><Data Name="RuleName">-</Data><Data Name="UtcTime">2026-01-09 07:12:31.755</Data><Data Name="ProcessGuid">{8b8a9dc4-aa5f-6960-ed2d-0b76d65f0000}</Data><Data Name="ProcessId">106776</Data><Data Name="Image">/usr/sbin/xtables-nft-multi</Data><Data Name="FileVersion">-</Data><Data Name="Description">-</Data><Data Name="Product">-</Data><Data Name="Company">-</Data><Data Name="OriginalFileName">-</Data><Data Name="CommandLine">ip6tables -X ufw6-logging-allow</Data><Data Name="CurrentDirectory">/home/vincenzolog/Auto_test</Data><Data Name="User">root</Data><Data Name="LogonGuid">{8b8a9dc4-22d6-6961-0000-000008000000}</Data><Data Name="LogonId">0</Data><Data Name="TerminalSessionId">3</Data><Data Name="IntegrityLevel">no level</Data><Data Name="Hashes">SHA256=a1610dd70bb5ab04180671280df65b0077b680b627c0b6c51480b327732a762d</Data><Data Name="ParentProcessGuid">{8b8a9dc4-aa5f-6960-1d88-1df5385b0000}</Data><Data Name="ParentProcessId">106628</Data><Data Name="ParentImage">/usr/bin/dash</Data><Data Name="ParentCommandLine">/bin/sh</Data><Data Name="ParentUser">root</Data></EventData></Event>
Jan 09 22:46:31 vincenzolog-VMware-Virtual-Platform sysmon[8040]: <Event><System><Provider Name="Linux-Sysmon" Guid="{ff032593-a8d3-4f13-b0d6-01fc615a0f97}"/><EventID>5</EventID><Version>3</Version><Level>4</Level><Task>5</Task><Opcode>0</Opcode><Keywords>0x8000000000000000</Keywords><TimeCreated SystemTime="2026-01-09T15:46:31.027507000Z"/><EventRecordID>245642</EventRecordID><Correlation/><Execution ProcessID="8040" ThreadID="8040"/><Channel>Linux-Sysmon/Operational</Channel><Computer>vincenzolog-VMware-Virtual-Platform</Computer><Security UserId="0"/></System><EventData><Data Name="RuleName">-</Data><Data Name="UtcTime">2026-01-09 07:12:31.757</Data><Data Name="ProcessGuid">{8b8a9dc4-aa5f-6960-ed2d-0b76d65f0000}</Data><Data Name="ProcessId">106776</Data><Data Name="Image">/usr/sbin/xtables-nft-multi</Data><Data Name="User">root</Data></EventData></Event>
Jan 09 22:46:31 vincenzolog-VMware-Virtual-Platform sysmon[8040]: <Event><System><Provider Name="Linux-Sysmon" Guid="{ff032593-a8d3-4f13-b0d6-01fc615a0f97}"/><EventID>1</EventID><Version>5</Version><Level>4</Level><Task>1</Task><Opcode>0</Opcode><Keywords>0x8000000000000000</Keywords><TimeCreated SystemTime="2026-01-09T15:46:31.028417000Z"/><EventRecordID>245643</EventRecordID><Correlation/><Execution ProcessID="8040" ThreadID="8040"/><Channel>Linux-Sysmon/Operational</Channel><Computer>vincenzolog-VMware-Virtual-Platform</Computer><Security UserId="0"/></System><EventData><Data Name="RuleName">-</Data><Data Name="UtcTime">2026-01-09 07:12:31.757</Data><Data Name="ProcessGuid">{8b8a9dc4-aa5f-6960-ed4d-0541295e0000}</Data><Data Name="ProcessId">106777</Data><Data Name="Image">/usr/sbin/xtables-nft-multi</Data><Data Name="FileVersion">-</Data><Data Name="Description">-</Data><Data Name="Product">-</Data><Data Name="Company">-</Data><Data Name="OriginalFileName">-</Data><Data Name="CommandLine">ip6tables -X ufw6-not-local</Data><Data Name="CurrentDirectory">/home/vincenzolog/Auto_test</Data><Data Name="User">root</Data><Data Name="LogonGuid">{8b8a9dc4-22d6-6961-0000-000008000000}</Data><Data Name="LogonId">0</Data><Data Name="TerminalSessionId">3</Data><Data Name="IntegrityLevel">no level</Data><Data Name="Hashes">SHA256=a1610dd70bb5ab04180671280df65b0077b680b627c0b6c51480b327732a762d</Data><Data Name="ParentProcessGuid">{8b8a9dc4-aa5f-6960-1d88-1df5385b0000}</Data><Data Name="ParentProcessId">106628</Data><Data Name="ParentImage">/usr/bin/dash</Data><Data Name="ParentCommandLine">/bin/sh</Data><Data Name="ParentUser">root</Data></EventData></Event>
Jan 09 22:46:31 vincenzolog-VMware-Virtual-Platform sysmon[8040]: <Event><System><Provider Name="Linux-Sysmon" Guid="{ff032593-a8d3-4f13-b0d6-01fc615a0f97}"/><EventID>5</EventID><Version>3</Version><Level>4</Level><Task>5</Task><Opcode>0</Opcode><Keywords>0x8000000000000000</Keywords><TimeCreated SystemTime="2026-01-09T15:46:31.029939000Z"/><EventRecordID>245644</EventRecordID><Correlation/><Execution ProcessID="8040" ThreadID="8040"/><Channel>Linux-Sysmon/Operational</Channel><Computer>vincenzolog-VMware-Virtual-Platform</Computer><Security UserId="0"/></System><EventData><Data Name="RuleName">-</Data><Data Name="UtcTime">2026-01-09 07:12:31.759</Data><Data Name="ProcessGuid">{8b8a9dc4-aa5f-6960-ed4d-0541295e0000}</Data><Data Name="ProcessId">106777</Data><Data Name="Image">/usr/sbin/xtables-nft-multi</Data><Data Name="User">root</Data></EventData></Event>
Jan 09 22:46:31 vincenzolog-VMware-Virtual-Platform sysmon[8040]: <Event><System><Provider Name="Linux-Sysmon" Guid="{ff032593-a8d3-4f13-b0d6-01fc615a0f97}"/><EventID>1</EventID><Version>5</Version><Level>4</Level><Task>1</Task><Opcode>0</Opcode><Keywords>0x8000000000000000</Keywords><TimeCreated SystemTime="2026-01-09T15:46:31.031118000Z"/><EventRecordID>245645</EventRecordID><Correlation/><Execution ProcessID="8040" ThreadID="8040"/><Channel>Linux-Sysmon/Operational</Channel><Computer>vincenzolog-VMware-Virtual-Platform</Computer><Security UserId="0"/></System><EventData><Data Name="RuleName">-</Data><Data Name="UtcTime">2026-01-09 07:12:31.760</Data><Data Name="ProcessGuid">{8b8a9dc4-aa5f-6960-edcd-4843c5610000}</Data><Data Name="ProcessId">106778</Data><Data Name="Image">/usr/sbin/xtables-nft-multi</Data><Data Name="FileVersion">-</Data><Data Name="Description">-</Data><Data Name="Product">-</Data><Data Name="Company">-</Data><Data Name="OriginalFileName">-</Data><Data Name="CommandLine">ip6tables -X ufw6-user-logging-input</Data><Data Name="CurrentDirectory">/home/vincenzolog/Auto_test</Data><Data Name="User">root</Data><Data Name="LogonGuid">{8b8a9dc4-22d6-6961-0000-000008000000}</Data><Data Name="LogonId">0</Data><Data Name="TerminalSessionId">3</Data><Data Name="IntegrityLevel">no level</Data><Data Name="Hashes">SHA256=a1610dd70bb5ab04180671280df65b0077b680b627c0b6c51480b327732a762d</Data><Data Name="ParentProcessGuid">{8b8a9dc4-aa5f-6960-1d88-1df5385b0000}</Data><Data Name="ParentProcessId">106628</Data><Data Name="ParentImage">/usr/bin/dash</Data><Data Name="ParentCommandLine">/bin/sh</Data><Data Name="ParentUser">root</Data></EventData></Event>
Jan 09 22:46:31 vincenzolog-VMware-Virtual-Platform sysmon[8040]: <Event><System><Provider Name="Linux-Sysmon" Guid="{ff032593-a8d3-4f13-b0d6-01fc615a0f97}"/><EventID>5</EventID><Version>3</Version><Level>4</Level><Task>5</Task><Opcode>0</Opcode><Keywords>0x8000000000000000</Keywords><TimeCreated SystemTime="2026-01-09T15:46:31.032595000Z"/><EventRecordID>245646</EventRecordID><Correlation/><Execution ProcessID="8040" ThreadID="8040"/><Channel>Linux-Sysmon/Operational</Channel><Computer>vincenzolog-VMware-Virtual-Platform</Computer><Security UserId="0"/></System><EventData><Data Name="RuleName">-</Data><Data Name="UtcTime">2026-01-09 07:12:31.762</Data><Data Name="ProcessGuid">{8b8a9dc4-aa5f-6960-edcd-4843c5610000}</Data><Data Name="ProcessId">106778</Data><Data Name="Image">/usr/sbin/xtables-nft-multi</Data><Data Name="User">root</Data></EventData></Event>
Jan 09 22:46:31 vincenzolog-VMware-Virtual-Platform sysmon[8040]: <Event><System><Provider Name="Linux-Sysmon" Guid="{ff032593-a8d3-4f13-b0d6-01fc615a0f97}"/><EventID>1</EventID><Version>5</Version><Level>4</Level><Task>1</Task><Opcode>0</Opcode><Keywords>0x8000000000000000</Keywords><TimeCreated SystemTime="2026-01-09T15:46:31.033812000Z"/><EventRecordID>245647</EventRecordID><Correlation/><Execution ProcessID="8040" ThreadID="8040"/><Channel>Linux-Sysmon/Operational</Channel><Computer>vincenzolog-VMware-Virtual-Platform</Computer><Security UserId="0"/></System><EventData><Data Name="RuleName">-</Data><Data Name="UtcTime">2026-01-09 07:12:31.762</Data><Data Name="ProcessGuid">{8b8a9dc4-aa5f-6960-eddd-13479f590000}</Data><Data Name="ProcessId">106779</Data><Data Name="Image">/usr/sbin/xtables-nft-multi</Data><Data Name="FileVersion">-</Data><Data Name="Description">-</Data><Data Name="Product">-</Data><Data Name="Company">-</Data><Data Name="OriginalFileName">-</Data><Data Name="CommandLine">ip6tables -X ufw6-user-logging-output</Data><Data Name="CurrentDirectory">/home/vincenzolog/Auto_test</Data><Data Name="User">root</Data><Data Name="LogonGuid">{8b8a9dc4-22d6-6961-0000-000008000000}</Data><Data Name="LogonId">0</Data><Data Name="TerminalSessionId">3</Data><Data Name="IntegrityLevel">no level</Data><Data Name="Hashes">SHA256=a1610dd70bb5ab04180671280df65b0077b680b627c0b6c51480b327732a762d</Data><Data Name="ParentProcessGuid">{8b8a9dc4-aa5f-6960-1d88-1df5385b0000}</Data><Data Name="ParentProcessId">106628</Data><Data Name="ParentImage">/usr/bin/dash</Data><Data Name="ParentCommandLine">/bin/sh</Data><Data Name="ParentUser">root</Data></EventData></Event>
Jan 09 22:46:31 vincenzolog-VMware-Virtual-Platform sysmon[8040]: <Event><System><Provider Name="Linux-Sysmon" Guid="{ff032593-a8d3-4f13-b0d6-01fc615a0f97}"/><EventID>5</EventID><Version>3</Version><Level>4</Level><Task>5</Task><Opcode>0</Opcode><Keywords>0x8000000000000000</Keywords><TimeCreated SystemTime="2026-01-09T15:46:31.035394000Z"/><EventRecordID>245648</EventRecordID><Correlation/><Execution ProcessID="8040" ThreadID="8040"/><Channel>Linux-Sysmon/Operational</Channel><Computer>vincenzolog-VMware-Virtual-Platform</Computer><Security UserId="0"/></System><EventData><Data Name="RuleName">-</Data><Data Name="UtcTime">2026-01-09 07:12:31.765</Data><Data Name="ProcessGuid">{8b8a9dc4-aa5f-6960-eddd-13479f590000}</Data><Data Name="ProcessId">106779</Data><Data Name="Image">/usr/sbin/xtables-nft-multi</Data><Data Name="User">root</Data></EventData></Event>
Jan 09 22:46:31 vincenzolog-VMware-Virtual-Platform sysmon[8040]: <Event><System><Provider Name="Linux-Sysmon" Guid="{ff032593-a8d3-4f13-b0d6-01fc615a0f97}"/><EventID>1</EventID><Version>5</Version><Level>4</Level><Task>1</Task><Opcode>0</Opcode><Keywords>0x8000000000000000</Keywords><TimeCreated SystemTime="2026-01-09T15:46:31.036318000Z"/><EventRecordID>245649</EventRecordID><Correlation/><Execution ProcessID="8040" ThreadID="8040"/><Channel>Linux-Sysmon/Operational</Channel><Computer>vincenzolog-VMware-Virtual-Platform</Computer><Security UserId="0"/></System><EventData><Data Name="RuleName">-</Data><Data Name="UtcTime">2026-01-09 07:12:31.765</Data><Data Name="ProcessGuid">{8b8a9dc4-aa5f-6960-ed0d-df7ef9620000}</Data><Data Name="ProcessId">106780</Data><Data Name="Image">/usr/sbin/xtables-nft-multi</Data><Data Name="FileVersion">-</Data><Data Name="Description">-</Data><Data Name="Product">-</Data><Data Name="Company">-</Data><Data Name="OriginalFileName">-</Data><Data Name="CommandLine">ip6tables -X ufw6-user-logging-forward</Data><Data Name="CurrentDirectory">/home/vincenzolog/Auto_test</Data><Data Name="User">root</Data><Data Name="LogonGuid">{8b8a9dc4-22d6-6961-0000-000008000000}</Data><Data Name="LogonId">0</Data><Data Name="TerminalSessionId">3</Data><Data Name="IntegrityLevel">no level</Data><Data Name="Hashes">SHA256=a1610dd70bb5ab04180671280df65b0077b680b627c0b6c51480b327732a762d</Data><Data Name="ParentProcessGuid">{8b8a9dc4-aa5f-6960-1d88-1df5385b0000}</Data><Data Name="ParentProcessId">106628</Data><Data Name="ParentImage">/usr/bin/dash</Data><Data Name="ParentCommandLine">/bin/sh</Data><Data Name="ParentUser">root</Data></EventData></Event>
Jan 09 22:46:31 vincenzolog-VMware-Virtual-Platform sysmon[8040]: <Event><System><Provider Name="Linux-Sysmon" Guid="{ff032593-a8d3-4f13-b0d6-01fc615a0f97}"/><EventID>5</EventID><Version>3</Version><Level>4</Level><Task>5</Task><Opcode>0</Opcode><Keywords>0x8000000000000000</Keywords><TimeCreated SystemTime="2026-01-09T15:46:31.037954000Z"/><EventRecordID>245650</EventRecordID><Correlation/><Execution ProcessID="8040" ThreadID="8040"/><Channel>Linux-Sysmon/Operational</Channel><Computer>vincenzolog-VMware-Virtual-Platform</Computer><Security UserId="0"/></System><EventData><Data Name="RuleName">-</Data><Data Name="UtcTime">2026-01-09 07:12:31.767</Data><Data Name="ProcessGuid">{8b8a9dc4-aa5f-6960-ed0d-df7ef9620000}</Data><Data Name="ProcessId">106780</Data><Data Name="Image">/usr/sbin/xtables-nft-multi</Data><Data Name="User">root</Data></EventData></Event>
Jan 09 22:46:31 vincenzolog-VMware-Virtual-Platform sysmon[8040]: <Event><System><Provider Name="Linux-Sysmon" Guid="{ff032593-a8d3-4f13-b0d6-01fc615a0f97}"/><EventID>1</EventID><Version>5</Version><Level>4</Level><Task>1</Task><Opcode>0</Opcode><Keywords>0x8000000000000000</Keywords><TimeCreated SystemTime="2026-01-09T15:46:31.039285000Z"/><EventRecordID>245651</EventRecordID><Correlation/><Execution ProcessID="8040" ThreadID="8040"/><Channel>Linux-Sysmon/Operational</Channel><Computer>vincenzolog-VMware-Virtual-Platform</Computer><Security UserId="0"/></System><EventData><Data Name="RuleName">-</Data><Data Name="UtcTime">2026-01-09 07:12:31.768</Data><Data Name="ProcessGuid">{8b8a9dc4-aa5f-6960-ed3d-908693630000}</Data><Data Name="ProcessId">106781</Data><Data Name="Image">/usr/sbin/xtables-nft-multi</Data><Data Name="FileVersion">-</Data><Data Name="Description">-</Data><Data Name="Product">-</Data><Data Name="Company">-</Data><Data Name="OriginalFileName">-</Data><Data Name="CommandLine">ip6tables -X ufw6-user-limit-accept</Data><Data Name="CurrentDirectory">/home/vincenzolog/Auto_test</Data><Data Name="User">root</Data><Data Name="LogonGuid">{8b8a9dc4-22d6-6961-0000-000008000000}</Data><Data Name="LogonId">0</Data><Data Name="TerminalSessionId">3</Data><Data Name="IntegrityLevel">no level</Data><Data Name="Hashes">SHA256=a1610dd70bb5ab04180671280df65b0077b680b627c0b6c51480b327732a762d</Data><Data Name="ParentProcessGuid">{8b8a9dc4-aa5f-6960-1d88-1df5385b0000}</Data><Data Name="ParentProcessId">106628</Data><Data Name="ParentImage">/usr/bin/dash</Data><Data Name="ParentCommandLine">/bin/sh</Data><Data Name="ParentUser">root</Data></EventData></Event>
Jan 09 22:46:31 vincenzolog-VMware-Virtual-Platform sysmon[8040]: <Event><System><Provider Name="Linux-Sysmon" Guid="{ff032593-a8d3-4f13-b0d6-01fc615a0f97}"/><EventID>5</EventID><Version>3</Version><Level>4</Level><Task>5</Task><Opcode>0</Opcode><Keywords>0x8000000000000000</Keywords><TimeCreated SystemTime="2026-01-09T15:46:31.040553000Z"/><EventRecordID>245652</EventRecordID><Correlation/><Execution ProcessID="8040" ThreadID="8040"/><Channel>Linux-Sysmon/Operational</Channel><Computer>vincenzolog-VMware-Virtual-Platform</Computer><Security UserId="0"/></System><EventData><Data Name="RuleName">-</Data><Data Name="UtcTime">2026-01-09 07:12:31.770</Data><Data Name="ProcessGuid">{8b8a9dc4-aa5f-6960-ed3d-908693630000}</Data><Data Name="ProcessId">106781</Data><Data Name="Image">/usr/sbin/xtables-nft-multi</Data><Data Name="User">root</Data></EventData></Event>
Jan 09 22:46:31 vincenzolog-VMware-Virtual-Platform sysmon[8040]: <Event><System><Provider Name="Linux-Sysmon" Guid="{ff032593-a8d3-4f13-b0d6-01fc615a0f97}"/><EventID>1</EventID><Version>5</Version><Level>4</Level><Task>1</Task><Opcode>0</Opcode><Keywords>0x8000000000000000</Keywords><TimeCreated SystemTime="2026-01-09T15:46:31.041440000Z"/><EventRecordID>245653</EventRecordID><Correlation/><Execution ProcessID="8040" ThreadID="8040"/><Channel>Linux-Sysmon/Operational</Channel><Computer>vincenzolog-VMware-Virtual-Platform</Computer><Security UserId="0"/></System><EventData><Data Name="RuleName">-</Data><Data Name="UtcTime">2026-01-09 07:12:31.770</Data><Data Name="ProcessGuid">{8b8a9dc4-aa5f-6960-edad-15affa610000}</Data><Data Name="ProcessId">106782</Data><Data Name="Image">/usr/sbin/xtables-nft-multi</Data><Data Name="FileVersion">-</Data><Data Name="Description">-</Data><Data Name="Product">-</Data><Data Name="Company">-</Data><Data Name="OriginalFileName">-</Data><Data Name="CommandLine">ip6tables -X ufw6-user-limit</Data><Data Name="CurrentDirectory">/home/vincenzolog/Auto_test</Data><Data Name="User">root</Data><Data Name="LogonGuid">{8b8a9dc4-22d6-6961-0000-000008000000}</Data><Data Name="LogonId">0</Data><Data Name="TerminalSessionId">3</Data><Data Name="IntegrityLevel">no level</Data><Data Name="Hashes">SHA256=a1610dd70bb5ab04180671280df65b0077b680b627c0b6c51480b327732a762d</Data><Data Name="ParentProcessGuid">{8b8a9dc4-aa5f-6960-1d88-1df5385b0000}</Data><Data Name="ParentProcessId">106628</Data><Data Name="ParentImage">/usr/bin/dash</Data><Data Name="ParentCommandLine">/bin/sh</Data><Data Name="ParentUser">root</Data></EventData></Event>
Jan 09 22:46:31 vincenzolog-VMware-Virtual-Platform sysmon[8040]: <Event><System><Provider Name="Linux-Sysmon" Guid="{ff032593-a8d3-4f13-b0d6-01fc615a0f97}"/><EventID>5</EventID><Version>3</Version><Level>4</Level><Task>5</Task><Opcode>0</Opcode><Keywords>0x8000000000000000</Keywords><TimeCreated SystemTime="2026-01-09T15:46:31.043152000Z"/><EventRecordID>245654</EventRecordID><Correlation/><Execution ProcessID="8040" ThreadID="8040"/><Channel>Linux-Sysmon/Operational</Channel><Computer>vincenzolog-VMware-Virtual-Platform</Computer><Security UserId="0"/></System><EventData><Data Name="RuleName">-</Data><Data Name="UtcTime">2026-01-09 07:12:31.773</Data><Data Name="ProcessGuid">{8b8a9dc4-aa5f-6960-edad-15affa610000}</Data><Data Name="ProcessId">106782</Data><Data Name="Image">/usr/sbin/xtables-nft-multi</Data><Data Name="User">root</Data></EventData></Event>
Jan 09 22:46:31 vincenzolog-VMware-Virtual-Platform sysmon[8040]: <Event><System><Provider Name="Linux-Sysmon" Guid="{ff032593-a8d3-4f13-b0d6-01fc615a0f97}"/><EventID>1</EventID><Version>5</Version><Level>4</Level><Task>1</Task><Opcode>0</Opcode><Keywords>0x8000000000000000</Keywords><TimeCreated SystemTime="2026-01-09T15:46:31.044472000Z"/><EventRecordID>245655</EventRecordID><Correlation/><Execution ProcessID="8040" ThreadID="8040"/><Channel>Linux-Sysmon/Operational</Channel><Computer>vincenzolog-VMware-Virtual-Platform</Computer><Security UserId="0"/></System><EventData><Data Name="RuleName">-</Data><Data Name="UtcTime">2026-01-09 07:12:31.773</Data><Data Name="ProcessGuid">{8b8a9dc4-aa5f-6960-edad-ddfbe9570000}</Data><Data Name="ProcessId">106783</Data><Data Name="Image">/usr/sbin/xtables-nft-multi</Data><Data Name="FileVersion">-</Data><Data Name="Description">-</Data><Data Name="Product">-</Data><Data Name="Company">-</Data><Data Name="OriginalFileName">-</Data><Data Name="CommandLine">ip6tables -X ufw6-user-input</Data><Data Name="CurrentDirectory">/home/vincenzolog/Auto_test</Data><Data Name="User">root</Data><Data Name="LogonGuid">{8b8a9dc4-22d6-6961-0000-000008000000}</Data><Data Name="LogonId">0</Data><Data Name="TerminalSessionId">3</Data><Data Name="IntegrityLevel">no level</Data><Data Name="Hashes">SHA256=a1610dd70bb5ab04180671280df65b0077b680b627c0b6c51480b327732a762d</Data><Data Name="ParentProcessGuid">{8b8a9dc4-aa5f-6960-1d88-1df5385b0000}</Data><Data Name="ParentProcessId">106628</Data><Data Name="ParentImage">/usr/bin/dash</Data><Data Name="ParentCommandLine">/bin/sh</Data><Data Name="ParentUser">root</Data></EventData></Event>
Jan 09 22:46:31 vincenzolog-VMware-Virtual-Platform sysmon[8040]: <Event><System><Provider Name="Linux-Sysmon" Guid="{ff032593-a8d3-4f13-b0d6-01fc615a0f97}"/><EventID>5</EventID><Version>3</Version><Level>4</Level><Task>5</Task><Opcode>0</Opcode><Keywords>0x8000000000000000</Keywords><TimeCreated SystemTime="2026-01-09T15:46:31.046614000Z"/><EventRecordID>245656</EventRecordID><Correlation/><Execution ProcessID="8040" ThreadID="8040"/><Channel>Linux-Sysmon/Operational</Channel><Computer>vincenzolog-VMware-Virtual-Platform</Computer><Security UserId="0"/></System><EventData><Data Name="RuleName">-</Data><Data Name="UtcTime">2026-01-09 07:12:31.776</Data><Data Name="ProcessGuid">{8b8a9dc4-aa5f-6960-edad-ddfbe9570000}</Data><Data Name="ProcessId">106783</Data><Data Name="Image">/usr/sbin/xtables-nft-multi</Data><Data Name="User">root</Data></EventData></Event>
Jan 09 22:46:31 vincenzolog-VMware-Virtual-Platform sysmon[8040]: <Event><System><Provider Name="Linux-Sysmon" Guid="{ff032593-a8d3-4f13-b0d6-01fc615a0f97}"/><EventID>1</EventID><Version>5</Version><Level>4</Level><Task>1</Task><Opcode>0</Opcode><Keywords>0x8000000000000000</Keywords><TimeCreated SystemTime="2026-01-09T15:46:31.047641000Z"/><EventRecordID>245657</EventRecordID><Correlation/><Execution ProcessID="8040" ThreadID="8040"/><Channel>Linux-Sysmon/Operational</Channel><Computer>vincenzolog-VMware-Virtual-Platform</Computer><Security UserId="0"/></System><EventData><Data Name="RuleName">-</Data><Data Name="UtcTime">2026-01-09 07:12:31.776</Data><Data Name="ProcessGuid">{8b8a9dc4-aa5f-6960-ed0d-55b5625b0000}</Data><Data Name="ProcessId">106784</Data><Data Name="Image">/usr/sbin/xtables-nft-multi</Data><Data Name="FileVersion">-</Data><Data Name="Description">-</Data><Data Name="Product">-</Data><Data Name="Company">-</Data><Data Name="OriginalFileName">-</Data><Data Name="CommandLine">ip6tables -X ufw6-user-forward</Data><Data Name="CurrentDirectory">/home/vincenzolog/Auto_test</Data><Data Name="User">root</Data><Data Name="LogonGuid">{8b8a9dc4-22d6-6961-0000-000008000000}</Data><Data Name="LogonId">0</Data><Data Name="TerminalSessionId">3</Data><Data Name="IntegrityLevel">no level</Data><Data Name="Hashes">SHA256=a1610dd70bb5ab04180671280df65b0077b680b627c0b6c51480b327732a762d</Data><Data Name="ParentProcessGuid">{8b8a9dc4-aa5f-6960-1d88-1df5385b0000}</Data><Data Name="ParentProcessId">106628</Data><Data Name="ParentImage">/usr/bin/dash</Data><Data Name="ParentCommandLine">/bin/sh</Data><Data Name="ParentUser">root</Data></EventData></Event>
Jan 09 22:46:31 vincenzolog-VMware-Virtual-Platform sysmon[8040]: <Event><System><Provider Name="Linux-Sysmon" Guid="{ff032593-a8d3-4f13-b0d6-01fc615a0f97}"/><EventID>5</EventID><Version>3</Version><Level>4</Level><Task>5</Task><Opcode>0</Opcode><Keywords>0x8000000000000000</Keywords><TimeCreated SystemTime="2026-01-09T15:46:31.049384000Z"/><EventRecordID>245658</EventRecordID><Correlation/><Execution ProcessID="8040" ThreadID="8040"/><Channel>Linux-Sysmon/Operational</Channel><Computer>vincenzolog-VMware-Virtual-Platform</Computer><Security UserId="0"/></System><EventData><Data Name="RuleName">-</Data><Data Name="UtcTime">2026-01-09 07:12:31.779</Data><Data Name="ProcessGuid">{8b8a9dc4-aa5f-6960-ed0d-55b5625b0000}</Data><Data Name="ProcessId">106784</Data><Data Name="Image">/usr/sbin/xtables-nft-multi</Data><Data Name="User">root</Data></EventData></Event>
Jan 09 22:46:31 vincenzolog-VMware-Virtual-Platform sysmon[8040]: <Event><System><Provider Name="Linux-Sysmon" Guid="{ff032593-a8d3-4f13-b0d6-01fc615a0f97}"/><EventID>1</EventID><Version>5</Version><Level>4</Level><Task>1</Task><Opcode>0</Opcode><Keywords>0x8000000000000000</Keywords><TimeCreated SystemTime="2026-01-09T15:46:31.050435000Z"/><EventRecordID>245659</EventRecordID><Correlation/><Execution ProcessID="8040" ThreadID="8040"/><Channel>Linux-Sysmon/Operational</Channel><Computer>vincenzolog-VMware-Virtual-Platform</Computer><Security UserId="0"/></System><EventData><Data Name="RuleName">-</Data><Data Name="UtcTime">2026-01-09 07:12:31.779</Data><Data Name="ProcessGuid">{8b8a9dc4-aa5f-6960-ed2d-ccd1bf560000}</Data><Data Name="ProcessId">106785</Data><Data Name="Image">/usr/sbin/xtables-nft-multi</Data><Data Name="FileVersion">-</Data><Data Name="Description">-</Data><Data Name="Product">-</Data><Data Name="Company">-</Data><Data Name="OriginalFileName">-</Data><Data Name="CommandLine">ip6tables -X ufw6-user-output</Data><Data Name="CurrentDirectory">/home/vincenzolog/Auto_test</Data><Data Name="User">root</Data><Data Name="LogonGuid">{8b8a9dc4-22d6-6961-0000-000008000000}</Data><Data Name="LogonId">0</Data><Data Name="TerminalSessionId">3</Data><Data Name="IntegrityLevel">no level</Data><Data Name="Hashes">SHA256=a1610dd70bb5ab04180671280df65b0077b680b627c0b6c51480b327732a762d</Data><Data Name="ParentProcessGuid">{8b8a9dc4-aa5f-6960-1d88-1df5385b0000}</Data><Data Name="ParentProcessId">106628</Data><Data Name="ParentImage">/usr/bin/dash</Data><Data Name="ParentCommandLine">/bin/sh</Data><Data Name="ParentUser">root</Data></EventData></Event>
Jan 09 22:46:31 vincenzolog-VMware-Virtual-Platform sysmon[8040]: <Event><System><Provider Name="Linux-Sysmon" Guid="{ff032593-a8d3-4f13-b0d6-01fc615a0f97}"/><EventID>5</EventID><Version>3</Version><Level>4</Level><Task>5</Task><Opcode>0</Opcode><Keywords>0x8000000000000000</Keywords><TimeCreated SystemTime="2026-01-09T15:46:31.051980000Z"/><EventRecordID>245660</EventRecordID><Correlation/><Execution ProcessID="8040" ThreadID="8040"/><Channel>Linux-Sysmon/Operational</Channel><Computer>vincenzolog-VMware-Virtual-Platform</Computer><Security UserId="0"/></System><EventData><Data Name="RuleName">-</Data><Data Name="UtcTime">2026-01-09 07:12:31.781</Data><Data Name="ProcessGuid">{8b8a9dc4-aa5f-6960-ed2d-ccd1bf560000}</Data><Data Name="ProcessId">106785</Data><Data Name="Image">/usr/sbin/xtables-nft-multi</Data><Data Name="User">root</Data></EventData></Event>
Jan 09 22:46:31 vincenzolog-VMware-Virtual-Platform sysmon[8040]: <Event><System><Provider Name="Linux-Sysmon" Guid="{ff032593-a8d3-4f13-b0d6-01fc615a0f97}"/><EventID>1</EventID><Version>5</Version><Level>4</Level><Task>1</Task><Opcode>0</Opcode><Keywords>0x8000000000000000</Keywords><TimeCreated SystemTime="2026-01-09T15:46:31.052982000Z"/><EventRecordID>245661</EventRecordID><Correlation/><Execution ProcessID="8040" ThreadID="8040"/><Channel>Linux-Sysmon/Operational</Channel><Computer>vincenzolog-VMware-Virtual-Platform</Computer><Security UserId="0"/></System><EventData><Data Name="RuleName">-</Data><Data Name="UtcTime">2026-01-09 07:12:31.782</Data><Data Name="ProcessGuid">{8b8a9dc4-aa5f-6960-ed4d-2137ba590000}</Data><Data Name="ProcessId">106786</Data><Data Name="Image">/usr/sbin/xtables-nft-multi</Data><Data Name="FileVersion">-</Data><Data Name="Description">-</Data><Data Name="Product">-</Data><Data Name="Company">-</Data><Data Name="OriginalFileName">-</Data><Data Name="CommandLine">ip6tables -X ufw6-skip-to-policy-input</Data><Data Name="CurrentDirectory">/home/vincenzolog/Auto_test</Data><Data Name="User">root</Data><Data Name="LogonGuid">{8b8a9dc4-22d6-6961-0000-000008000000}</Data><Data Name="LogonId">0</Data><Data Name="TerminalSessionId">3</Data><Data Name="IntegrityLevel">no level</Data><Data Name="Hashes">SHA256=a1610dd70bb5ab04180671280df65b0077b680b627c0b6c51480b327732a762d</Data><Data Name="ParentProcessGuid">{8b8a9dc4-aa5f-6960-1d88-1df5385b0000}</Data><Data Name="ParentProcessId">106628</Data><Data Name="ParentImage">/usr/bin/dash</Data><Data Name="ParentCommandLine">/bin/sh</Data><Data Name="ParentUser">root</Data></EventData></Event>
Jan 09 22:46:31 vincenzolog-VMware-Virtual-Platform sysmon[8040]: <Event><System><Provider Name="Linux-Sysmon" Guid="{ff032593-a8d3-4f13-b0d6-01fc615a0f97}"/><EventID>5</EventID><Version>3</Version><Level>4</Level><Task>5</Task><Opcode>0</Opcode><Keywords>0x8000000000000000</Keywords><TimeCreated SystemTime="2026-01-09T15:46:31.054397000Z"/><EventRecordID>245662</EventRecordID><Correlation/><Execution ProcessID="8040" ThreadID="8040"/><Channel>Linux-Sysmon/Operational</Channel><Computer>vincenzolog-VMware-Virtual-Platform</Computer><Security UserId="0"/></System><EventData><Data Name="RuleName">-</Data><Data Name="UtcTime">2026-01-09 07:12:31.784</Data><Data Name="ProcessGuid">{8b8a9dc4-aa5f-6960-ed4d-2137ba590000}</Data><Data Name="ProcessId">106786</Data><Data Name="Image">/usr/sbin/xtables-nft-multi</Data><Data Name="User">root</Data></EventData></Event>
Jan 09 22:46:31 vincenzolog-VMware-Virtual-Platform sysmon[8040]: <Event><System><Provider Name="Linux-Sysmon" Guid="{ff032593-a8d3-4f13-b0d6-01fc615a0f97}"/><EventID>1</EventID><Version>5</Version><Level>4</Level><Task>1</Task><Opcode>0</Opcode><Keywords>0x8000000000000000</Keywords><TimeCreated SystemTime="2026-01-09T15:46:31.055855000Z"/><EventRecordID>245663</EventRecordID><Correlation/><Execution ProcessID="8040" ThreadID="8040"/><Channel>Linux-Sysmon/Operational</Channel><Computer>vincenzolog-VMware-Virtual-Platform</Computer><Security UserId="0"/></System><EventData><Data Name="RuleName">-</Data><Data Name="UtcTime">2026-01-09 07:12:31.784</Data><Data Name="ProcessGuid">{8b8a9dc4-aa5f-6960-eded-62bcd2640000}</Data><Data Name="ProcessId">106787</Data><Data Name="Image">/usr/sbin/xtables-nft-multi</Data><Data Name="FileVersion">-</Data><Data Name="Description">-</Data><Data Name="Product">-</Data><Data Name="Company">-</Data><Data Name="OriginalFileName">-</Data><Data Name="CommandLine">ip6tables -X ufw6-skip-to-policy-output</Data><Data Name="CurrentDirectory">/home/vincenzolog/Auto_test</Data><Data Name="User">root</Data><Data Name="LogonGuid">{8b8a9dc4-22d6-6961-0000-000008000000}</Data><Data Name="LogonId">0</Data><Data Name="TerminalSessionId">3</Data><Data Name="IntegrityLevel">no level</Data><Data Name="Hashes">SHA256=a1610dd70bb5ab04180671280df65b0077b680b627c0b6c51480b327732a762d</Data><Data Name="ParentProcessGuid">{8b8a9dc4-aa5f-6960-1d88-1df5385b0000}</Data><Data Name="ParentProcessId">106628</Data><Data Name="ParentImage">/usr/bin/dash</Data><Data Name="ParentCommandLine">/bin/sh</Data><Data Name="ParentUser">root</Data></EventData></Event>
Jan 09 22:46:31 vincenzolog-VMware-Virtual-Platform sysmon[8040]: <Event><System><Provider Name="Linux-Sysmon" Guid="{ff032593-a8d3-4f13-b0d6-01fc615a0f97}"/><EventID>5</EventID><Version>3</Version><Level>4</Level><Task>5</Task><Opcode>0</Opcode><Keywords>0x8000000000000000</Keywords><TimeCreated SystemTime="2026-01-09T15:46:31.057378000Z"/><EventRecordID>245664</EventRecordID><Correlation/><Execution ProcessID="8040" ThreadID="8040"/><Channel>Linux-Sysmon/Operational</Channel><Computer>vincenzolog-VMware-Virtual-Platform</Computer><Security UserId="0"/></System><EventData><Data Name="RuleName">-</Data><Data Name="UtcTime">2026-01-09 07:12:31.787</Data><Data Name="ProcessGuid">{8b8a9dc4-aa5f-6960-eded-62bcd2640000}</Data><Data Name="ProcessId">106787</Data><Data Name="Image">/usr/sbin/xtables-nft-multi</Data><Data Name="User">root</Data></EventData></Event>
Jan 09 22:46:31 vincenzolog-VMware-Virtual-Platform sysmon[8040]: <Event><System><Provider Name="Linux-Sysmon" Guid="{ff032593-a8d3-4f13-b0d6-01fc615a0f97}"/><EventID>1</EventID><Version>5</Version><Level>4</Level><Task>1</Task><Opcode>0</Opcode><Keywords>0x8000000000000000</Keywords><TimeCreated SystemTime="2026-01-09T15:46:31.058440000Z"/><EventRecordID>245665</EventRecordID><Correlation/><Execution ProcessID="8040" ThreadID="8040"/><Channel>Linux-Sysmon/Operational</Channel><Computer>vincenzolog-VMware-Virtual-Platform</Computer><Security UserId="0"/></System><EventData><Data Name="RuleName">-</Data><Data Name="UtcTime">2026-01-09 07:12:31.787</Data><Data Name="ProcessGuid">{8b8a9dc4-aa5f-6960-edcd-4708ca5f0000}</Data><Data Name="ProcessId">106788</Data><Data Name="Image">/usr/sbin/xtables-nft-multi</Data><Data Name="FileVersion">-</Data><Data Name="Description">-</Data><Data Name="Product">-</Data><Data Name="Company">-</Data><Data Name="OriginalFileName">-</Data><Data Name="CommandLine">ip6tables -X ufw6-skip-to-policy-forward</Data><Data Name="CurrentDirectory">/home/vincenzolog/Auto_test</Data><Data Name="User">root</Data><Data Name="LogonGuid">{8b8a9dc4-22d6-6961-0000-000008000000}</Data><Data Name="LogonId">0</Data><Data Name="TerminalSessionId">3</Data><Data Name="IntegrityLevel">no level</Data><Data Name="Hashes">SHA256=a1610dd70bb5ab04180671280df65b0077b680b627c0b6c51480b327732a762d</Data><Data Name="ParentProcessGuid">{8b8a9dc4-aa5f-6960-1d88-1df5385b0000}</Data><Data Name="ParentProcessId">106628</Data><Data Name="ParentImage">/usr/bin/dash</Data><Data Name="ParentCommandLine">/bin/sh</Data><Data Name="ParentUser">root</Data></EventData></Event>
Jan 09 22:46:31 vincenzolog-VMware-Virtual-Platform sysmon[8040]: <Event><System><Provider Name="Linux-Sysmon" Guid="{ff032593-a8d3-4f13-b0d6-01fc615a0f97}"/><EventID>5</EventID><Version>3</Version><Level>4</Level><Task>5</Task><Opcode>0</Opcode><Keywords>0x8000000000000000</Keywords><TimeCreated SystemTime="2026-01-09T15:46:31.059943000Z"/><EventRecordID>245666</EventRecordID><Correlation/><Execution ProcessID="8040" ThreadID="8040"/><Channel>Linux-Sysmon/Operational</Channel><Computer>vincenzolog-VMware-Virtual-Platform</Computer><Security UserId="0"/></System><EventData><Data Name="RuleName">-</Data><Data Name="UtcTime">2026-01-09 07:12:31.789</Data><Data Name="ProcessGuid">{8b8a9dc4-aa5f-6960-edcd-4708ca5f0000}</Data><Data Name="ProcessId">106788</Data><Data Name="Image">/usr/sbin/xtables-nft-multi</Data><Data Name="User">root</Data></EventData></Event>
Jan 09 22:46:31 vincenzolog-VMware-Virtual-Platform sysmon[8040]: <Event><System><Provider Name="Linux-Sysmon" Guid="{ff032593-a8d3-4f13-b0d6-01fc615a0f97}"/><EventID>1</EventID><Version>5</Version><Level>4</Level><Task>1</Task><Opcode>0</Opcode><Keywords>0x8000000000000000</Keywords><TimeCreated SystemTime="2026-01-09T15:46:31.061440000Z"/><EventRecordID>245667</EventRecordID><Correlation/><Execution ProcessID="8040" ThreadID="8040"/><Channel>Linux-Sysmon/Operational</Channel><Computer>vincenzolog-VMware-Virtual-Platform</Computer><Security UserId="0"/></System><EventData><Data Name="RuleName">-</Data><Data Name="UtcTime">2026-01-09 07:12:31.790</Data><Data Name="ProcessGuid">{8b8a9dc4-aa5f-6960-ed0d-601f665e0000}</Data><Data Name="ProcessId">106789</Data><Data Name="Image">/usr/sbin/xtables-nft-multi</Data><Data Name="FileVersion">-</Data><Data Name="Description">-</Data><Data Name="Product">-</Data><Data Name="Company">-</Data><Data Name="OriginalFileName">-</Data><Data Name="CommandLine">ip6tables -P INPUT ACCEPT</Data><Data Name="CurrentDirectory">/home/vincenzolog/Auto_test</Data><Data Name="User">root</Data><Data Name="LogonGuid">{8b8a9dc4-22d6-6961-0000-000008000000}</Data><Data Name="LogonId">0</Data><Data Name="TerminalSessionId">3</Data><Data Name="IntegrityLevel">no level</Data><Data Name="Hashes">SHA256=a1610dd70bb5ab04180671280df65b0077b680b627c0b6c51480b327732a762d</Data><Data Name="ParentProcessGuid">{8b8a9dc4-aa5f-6960-1d88-1df5385b0000}</Data><Data Name="ParentProcessId">106628</Data><Data Name="ParentImage">/usr/bin/dash</Data><Data Name="ParentCommandLine">/bin/sh</Data><Data Name="ParentUser">root</Data></EventData></Event>
Jan 09 22:46:31 vincenzolog-VMware-Virtual-Platform sysmon[8040]: <Event><System><Provider Name="Linux-Sysmon" Guid="{ff032593-a8d3-4f13-b0d6-01fc615a0f97}"/><EventID>5</EventID><Version>3</Version><Level>4</Level><Task>5</Task><Opcode>0</Opcode><Keywords>0x8000000000000000</Keywords><TimeCreated SystemTime="2026-01-09T15:46:31.073503000Z"/><EventRecordID>245668</EventRecordID><Correlation/><Execution ProcessID="8040" ThreadID="8040"/><Channel>Linux-Sysmon/Operational</Channel><Computer>vincenzolog-VMware-Virtual-Platform</Computer><Security UserId="0"/></System><EventData><Data Name="RuleName">-</Data><Data Name="UtcTime">2026-01-09 07:12:31.803</Data><Data Name="ProcessGuid">{8b8a9dc4-aa5f-6960-ed0d-601f665e0000}</Data><Data Name="ProcessId">106789</Data><Data Name="Image">/usr/sbin/xtables-nft-multi</Data><Data Name="User">root</Data></EventData></Event>
Jan 09 22:46:31 vincenzolog-VMware-Virtual-Platform sysmon[8040]: <Event><System><Provider Name="Linux-Sysmon" Guid="{ff032593-a8d3-4f13-b0d6-01fc615a0f97}"/><EventID>1</EventID><Version>5</Version><Level>4</Level><Task>1</Task><Opcode>0</Opcode><Keywords>0x8000000000000000</Keywords><TimeCreated SystemTime="2026-01-09T15:46:31.074468000Z"/><EventRecordID>245669</EventRecordID><Correlation/><Execution ProcessID="8040" ThreadID="8040"/><Channel>Linux-Sysmon/Operational</Channel><Computer>vincenzolog-VMware-Virtual-Platform</Computer><Security UserId="0"/></System><EventData><Data Name="RuleName">-</Data><Data Name="UtcTime">2026-01-09 07:12:31.803</Data><Data Name="ProcessGuid">{8b8a9dc4-aa5f-6960-edbd-070919600000}</Data><Data Name="ProcessId">106790</Data><Data Name="Image">/usr/sbin/xtables-nft-multi</Data><Data Name="FileVersion">-</Data><Data Name="Description">-</Data><Data Name="Product">-</Data><Data Name="Company">-</Data><Data Name="OriginalFileName">-</Data><Data Name="CommandLine">ip6tables -P OUTPUT ACCEPT</Data><Data Name="CurrentDirectory">/home/vincenzolog/Auto_test</Data><Data Name="User">root</Data><Data Name="LogonGuid">{8b8a9dc4-22d6-6961-0000-000008000000}</Data><Data Name="LogonId">0</Data><Data Name="TerminalSessionId">3</Data><Data Name="IntegrityLevel">no level</Data><Data Name="Hashes">SHA256=a1610dd70bb5ab04180671280df65b0077b680b627c0b6c51480b327732a762d</Data><Data Name="ParentProcessGuid">{8b8a9dc4-aa5f-6960-1d88-1df5385b0000}</Data><Data Name="ParentProcessId">106628</Data><Data Name="ParentImage">/usr/bin/dash</Data><Data Name="ParentCommandLine">/bin/sh</Data><Data Name="ParentUser">root</Data></EventData></Event>
Jan 09 22:46:31 vincenzolog-VMware-Virtual-Platform sysmon[8040]: <Event><System><Provider Name="Linux-Sysmon" Guid="{ff032593-a8d3-4f13-b0d6-01fc615a0f97}"/><EventID>5</EventID><Version>3</Version><Level>4</Level><Task>5</Task><Opcode>0</Opcode><Keywords>0x8000000000000000</Keywords><TimeCreated SystemTime="2026-01-09T15:46:31.100055000Z"/><EventRecordID>245670</EventRecordID><Correlation/><Execution ProcessID="8040" ThreadID="8040"/><Channel>Linux-Sysmon/Operational</Channel><Computer>vincenzolog-VMware-Virtual-Platform</Computer><Security UserId="0"/></System><EventData><Data Name="RuleName">-</Data><Data Name="UtcTime">2026-01-09 07:12:31.829</Data><Data Name="ProcessGuid">{8b8a9dc4-aa5f-6960-edbd-070919600000}</Data><Data Name="ProcessId">106790</Data><Data Name="Image">/usr/sbin/xtables-nft-multi</Data><Data Name="User">root</Data></EventData></Event>
Jan 09 22:46:31 vincenzolog-VMware-Virtual-Platform sysmon[8040]: <Event><System><Provider Name="Linux-Sysmon" Guid="{ff032593-a8d3-4f13-b0d6-01fc615a0f97}"/><EventID>1</EventID><Version>5</Version><Level>4</Level><Task>1</Task><Opcode>0</Opcode><Keywords>0x8000000000000000</Keywords><TimeCreated SystemTime="2026-01-09T15:46:31.101063000Z"/><EventRecordID>245671</EventRecordID><Correlation/><Execution ProcessID="8040" ThreadID="8040"/><Channel>Linux-Sysmon/Operational</Channel><Computer>vincenzolog-VMware-Virtual-Platform</Computer><Security UserId="0"/></System><EventData><Data Name="RuleName">-</Data><Data Name="UtcTime">2026-01-09 07:12:31.830</Data><Data Name="ProcessGuid">{8b8a9dc4-aa5f-6960-ed4d-b2de7d560000}</Data><Data Name="ProcessId">106791</Data><Data Name="Image">/usr/sbin/xtables-nft-multi</Data><Data Name="FileVersion">-</Data><Data Name="Description">-</Data><Data Name="Product">-</Data><Data Name="Company">-</Data><Data Name="OriginalFileName">-</Data><Data Name="CommandLine">ip6tables -P FORWARD ACCEPT</Data><Data Name="CurrentDirectory">/home/vincenzolog/Auto_test</Data><Data Name="User">root</Data><Data Name="LogonGuid">{8b8a9dc4-22d6-6961-0000-000008000000}</Data><Data Name="LogonId">0</Data><Data Name="TerminalSessionId">3</Data><Data Name="IntegrityLevel">no level</Data><Data Name="Hashes">SHA256=a1610dd70bb5ab04180671280df65b0077b680b627c0b6c51480b327732a762d</Data><Data Name="ParentProcessGuid">{8b8a9dc4-aa5f-6960-1d88-1df5385b0000}</Data><Data Name="ParentProcessId">106628</Data><Data Name="ParentImage">/usr/bin/dash</Data><Data Name="ParentCommandLine">/bin/sh</Data><Data Name="ParentUser">root</Data></EventData></Event>
Jan 09 22:46:31 vincenzolog-VMware-Virtual-Platform sysmon[8040]: <Event><System><Provider Name="Linux-Sysmon" Guid="{ff032593-a8d3-4f13-b0d6-01fc615a0f97}"/><EventID>5</EventID><Version>3</Version><Level>4</Level><Task>5</Task><Opcode>0</Opcode><Keywords>0x8000000000000000</Keywords><TimeCreated SystemTime="2026-01-09T15:46:31.126331000Z"/><EventRecordID>245672</EventRecordID><Correlation/><Execution ProcessID="8040" ThreadID="8040"/><Channel>Linux-Sysmon/Operational</Channel><Computer>vincenzolog-VMware-Virtual-Platform</Computer><Security UserId="0"/></System><EventData><Data Name="RuleName">-</Data><Data Name="UtcTime">2026-01-09 07:12:31.856</Data><Data Name="ProcessGuid">{8b8a9dc4-aa5f-6960-ed4d-b2de7d560000}</Data><Data Name="ProcessId">106791</Data><Data Name="Image">/usr/sbin/xtables-nft-multi</Data><Data Name="User">root</Data></EventData></Event>
Jan 09 22:46:31 vincenzolog-VMware-Virtual-Platform sysmon[8040]: <Event><System><Provider Name="Linux-Sysmon" Guid="{ff032593-a8d3-4f13-b0d6-01fc615a0f97}"/><EventID>5</EventID><Version>3</Version><Level>4</Level><Task>5</Task><Opcode>0</Opcode><Keywords>0x8000000000000000</Keywords><TimeCreated SystemTime="2026-01-09T15:46:31.127162000Z"/><EventRecordID>245673</EventRecordID><Correlation/><Execution ProcessID="8040" ThreadID="8040"/><Channel>Linux-Sysmon/Operational</Channel><Computer>vincenzolog-VMware-Virtual-Platform</Computer><Security UserId="0"/></System><EventData><Data Name="RuleName">-</Data><Data Name="UtcTime">2026-01-09 07:12:31.856</Data><Data Name="ProcessGuid">{8b8a9dc4-aa5f-6960-1d88-1df5385b0000}</Data><Data Name="ProcessId">106628</Data><Data Name="Image">/usr/bin/dash</Data><Data Name="User">root</Data></EventData></Event>
Jan 09 22:46:31 vincenzolog-VMware-Virtual-Platform sysmon[8040]: <Event><System><Provider Name="Linux-Sysmon" Guid="{ff032593-a8d3-4f13-b0d6-01fc615a0f97}"/><EventID>5</EventID><Version>3</Version><Level>4</Level><Task>5</Task><Opcode>0</Opcode><Keywords>0x8000000000000000</Keywords><TimeCreated SystemTime="2026-01-09T15:46:31.137392000Z"/><EventRecordID>245674</EventRecordID><Correlation/><Execution ProcessID="8040" ThreadID="8040"/><Channel>Linux-Sysmon/Operational</Channel><Computer>vincenzolog-VMware-Virtual-Platform</Computer><Security UserId="0"/></System><EventData><Data Name="RuleName">-</Data><Data Name="UtcTime">2026-01-09 07:12:31.867</Data><Data Name="ProcessGuid">{8b8a9dc4-aa5f-6960-1d23-700000000000}</Data><Data Name="ProcessId">106626</Data><Data Name="Image">/usr/bin/python3.12</Data><Data Name="User">root</Data></EventData></Event>
Jan 09 22:46:31 vincenzolog-VMware-Virtual-Platform sysmon[8040]: <Event><System><Provider Name="Linux-Sysmon" Guid="{ff032593-a8d3-4f13-b0d6-01fc615a0f97}"/><EventID>5</EventID><Version>3</Version><Level>4</Level><Task>5</Task><Opcode>0</Opcode><Keywords>0x8000000000000000</Keywords><TimeCreated SystemTime="2026-01-09T15:46:31.138130000Z"/><EventRecordID>245675</EventRecordID><Correlation/><Execution ProcessID="8040" ThreadID="8040"/><Channel>Linux-Sysmon/Operational</Channel><Computer>vincenzolog-VMware-Virtual-Platform</Computer><Security UserId="0"/></System><EventData><Data Name="RuleName">-</Data><Data Name="UtcTime">2026-01-09 07:12:31.867</Data><Data Name="ProcessGuid">{8b8a9dc4-aa5f-6960-0000-000000000000}</Data><Data Name="ProcessId">106625</Data><Data Name="Image">-</Data><Data Name="User">root</Data></EventData></Event>
Jan 09 22:46:31 vincenzolog-VMware-Virtual-Platform sysmon[8040]: <Event><System><Provider Name="Linux-Sysmon" Guid="{ff032593-a8d3-4f13-b0d6-01fc615a0f97}"/><EventID>5</EventID><Version>3</Version><Level>4</Level><Task>5</Task><Opcode>0</Opcode><Keywords>0x8000000000000000</Keywords><TimeCreated SystemTime="2026-01-09T15:46:31.139831000Z"/><EventRecordID>245676</EventRecordID><Correlation/><Execution ProcessID="8040" ThreadID="8040"/><Channel>Linux-Sysmon/Operational</Channel><Computer>vincenzolog-VMware-Virtual-Platform</Computer><Security UserId="0"/></System><EventData><Data Name="RuleName">-</Data><Data Name="UtcTime">2026-01-09 07:12:31.869</Data><Data Name="ProcessGuid">{8b8a9dc4-aa5f-6960-d18b-3dfceb570000}</Data><Data Name="ProcessId">106624</Data><Data Name="Image">/usr/bin/sudo</Data><Data Name="User">root</Data></EventData></Event>
