Jan 13 12:43:08 vincenzolog-VMware-Virtual-Platform sysmon[5412]: <Event><System><Provider Name="Linux-Sysmon" Guid="{ff032593-a8d3-4f13-b0d6-01fc615a0f97}"/><EventID>5</EventID><Version>3</Version><Level>4</Level><Task>5</Task><Opcode>0</Opcode><Keywords>0x8000000000000000</Keywords><TimeCreated SystemTime="2026-01-13T05:43:08.415605000Z"/><EventRecordID>490284</EventRecordID><Correlation/><Execution ProcessID="5412" ThreadID="5412"/><Channel>Linux-Sysmon/Operational</Channel><Computer>vincenzolog-VMware-Virtual-Platform</Computer><Security UserId="0"/></System><EventData><Data Name="RuleName">-</Data><Data Name="UtcTime">2026-01-12 08:36:39.805</Data><Data Name="ProcessGuid">{8b8a9dc4-b297-6964-0145-d8454a650000}</Data><Data Name="ProcessId">145958</Data><Data Name="Image">/usr/bin/git</Data><Data Name="User">vincenzolog</Data></EventData></Event>
Jan 13 12:43:08 vincenzolog-VMware-Virtual-Platform sysmon[5412]: <Event><System><Provider Name="Linux-Sysmon" Guid="{ff032593-a8d3-4f13-b0d6-01fc615a0f97}"/><EventID>5</EventID><Version>3</Version><Level>4</Level><Task>5</Task><Opcode>0</Opcode><Keywords>0x8000000000000000</Keywords><TimeCreated SystemTime="2026-01-13T05:43:08.415673000Z"/><EventRecordID>490285</EventRecordID><Correlation/><Execution ProcessID="5412" ThreadID="5412"/><Channel>Linux-Sysmon/Operational</Channel><Computer>vincenzolog-VMware-Virtual-Platform</Computer><Security UserId="0"/></System><EventData><Data Name="RuleName">-</Data><Data Name="UtcTime">2026-01-12 08:36:39.806</Data><Data Name="ProcessGuid">{8b8a9dc4-b297-6964-0145-d8454a650000}</Data><Data Name="ProcessId">145958</Data><Data Name="Image">/usr/bin/git</Data><Data Name="User">vincenzolog</Data></EventData></Event>
Jan 13 12:43:08 vincenzolog-VMware-Virtual-Platform sysmon[5412]: <Event><System><Provider Name="Linux-Sysmon" Guid="{ff032593-a8d3-4f13-b0d6-01fc615a0f97}"/><EventID>5</EventID><Version>3</Version><Level>4</Level><Task>5</Task><Opcode>0</Opcode><Keywords>0x8000000000000000</Keywords><TimeCreated SystemTime="2026-01-13T05:43:08.415727000Z"/><EventRecordID>490286</EventRecordID><Correlation/><Execution ProcessID="5412" ThreadID="5412"/><Channel>Linux-Sysmon/Operational</Channel><Computer>vincenzolog-VMware-Virtual-Platform</Computer><Security UserId="0"/></System><EventData><Data Name="RuleName">-</Data><Data Name="UtcTime">2026-01-12 08:36:39.806</Data><Data Name="ProcessGuid">{8b8a9dc4-b297-6964-0145-d8454a650000}</Data><Data Name="ProcessId">145958</Data><Data Name="Image">/usr/bin/git</Data><Data Name="User">vincenzolog</Data></EventData></Event>
Jan 13 12:43:08 vincenzolog-VMware-Virtual-Platform sysmon[5412]: <Event><System><Provider Name="Linux-Sysmon" Guid="{ff032593-a8d3-4f13-b0d6-01fc615a0f97}"/><EventID>5</EventID><Version>3</Version><Level>4</Level><Task>5</Task><Opcode>0</Opcode><Keywords>0x8000000000000000</Keywords><TimeCreated SystemTime="2026-01-13T05:43:08.416223000Z"/><EventRecordID>490287</EventRecordID><Correlation/><Execution ProcessID="5412" ThreadID="5412"/><Channel>Linux-Sysmon/Operational</Channel><Computer>vincenzolog-VMware-Virtual-Platform</Computer><Security UserId="0"/></System><EventData><Data Name="RuleName">-</Data><Data Name="UtcTime">2026-01-12 08:36:39.806</Data><Data Name="ProcessGuid">{8b8a9dc4-b297-6964-0145-d8454a650000}</Data><Data Name="ProcessId">145958</Data><Data Name="Image">/usr/bin/git</Data><Data Name="User">vincenzolog</Data></EventData></Event>
Jan 13 12:43:08 vincenzolog-VMware-Virtual-Platform sysmon[5412]: <Event><System><Provider Name="Linux-Sysmon" Guid="{ff032593-a8d3-4f13-b0d6-01fc615a0f97}"/><EventID>5</EventID><Version>3</Version><Level>4</Level><Task>5</Task><Opcode>0</Opcode><Keywords>0x8000000000000000</Keywords><TimeCreated SystemTime="2026-01-13T05:43:08.416272000Z"/><EventRecordID>490288</EventRecordID><Correlation/><Execution ProcessID="5412" ThreadID="5412"/><Channel>Linux-Sysmon/Operational</Channel><Computer>vincenzolog-VMware-Virtual-Platform</Computer><Security UserId="0"/></System><EventData><Data Name="RuleName">-</Data><Data Name="UtcTime">2026-01-12 08:36:39.806</Data><Data Name="ProcessGuid">{8b8a9dc4-b297-6964-0145-d8454a650000}</Data><Data Name="ProcessId">145958</Data><Data Name="Image">/usr/bin/git</Data><Data Name="User">vincenzolog</Data></EventData></Event>
Jan 13 12:43:08 vincenzolog-VMware-Virtual-Platform sysmon[5412]: <Event><System><Provider Name="Linux-Sysmon" Guid="{ff032593-a8d3-4f13-b0d6-01fc615a0f97}"/><EventID>5</EventID><Version>3</Version><Level>4</Level><Task>5</Task><Opcode>0</Opcode><Keywords>0x8000000000000000</Keywords><TimeCreated SystemTime="2026-01-13T05:43:08.416321000Z"/><EventRecordID>490289</EventRecordID><Correlation/><Execution ProcessID="5412" ThreadID="5412"/><Channel>Linux-Sysmon/Operational</Channel><Computer>vincenzolog-VMware-Virtual-Platform</Computer><Security UserId="0"/></System><EventData><Data Name="RuleName">-</Data><Data Name="UtcTime">2026-01-12 08:36:39.806</Data><Data Name="ProcessGuid">{8b8a9dc4-b297-6964-0145-d8454a650000}</Data><Data Name="ProcessId">145958</Data><Data Name="Image">/usr/bin/git</Data><Data Name="User">vincenzolog</Data></EventData></Event>
Jan 13 12:43:08 vincenzolog-VMware-Virtual-Platform sysmon[5412]: <Event><System><Provider Name="Linux-Sysmon" Guid="{ff032593-a8d3-4f13-b0d6-01fc615a0f97}"/><EventID>5</EventID><Version>3</Version><Level>4</Level><Task>5</Task><Opcode>0</Opcode><Keywords>0x8000000000000000</Keywords><TimeCreated SystemTime="2026-01-13T05:43:08.416362000Z"/><EventRecordID>490290</EventRecordID><Correlation/><Execution ProcessID="5412" ThreadID="5412"/><Channel>Linux-Sysmon/Operational</Channel><Computer>vincenzolog-VMware-Virtual-Platform</Computer><Security UserId="0"/></System><EventData><Data Name="RuleName">-</Data><Data Name="UtcTime">2026-01-12 08:36:39.806</Data><Data Name="ProcessGuid">{8b8a9dc4-b297-6964-0145-d8454a650000}</Data><Data Name="ProcessId">145958</Data><Data Name="Image">/usr/bin/git</Data><Data Name="User">vincenzolog</Data></EventData></Event>
Jan 13 12:43:08 vincenzolog-VMware-Virtual-Platform sysmon[5412]: <Event><System><Provider Name="Linux-Sysmon" Guid="{ff032593-a8d3-4f13-b0d6-01fc615a0f97}"/><EventID>5</EventID><Version>3</Version><Level>4</Level><Task>5</Task><Opcode>0</Opcode><Keywords>0x8000000000000000</Keywords><TimeCreated SystemTime="2026-01-13T05:43:08.416606000Z"/><EventRecordID>490291</EventRecordID><Correlation/><Execution ProcessID="5412" ThreadID="5412"/><Channel>Linux-Sysmon/Operational</Channel><Computer>vincenzolog-VMware-Virtual-Platform</Computer><Security UserId="0"/></System><EventData><Data Name="RuleName">-</Data><Data Name="UtcTime">2026-01-12 08:36:39.806</Data><Data Name="ProcessGuid">{8b8a9dc4-b297-6964-0145-d8454a650000}</Data><Data Name="ProcessId">145958</Data><Data Name="Image">/usr/bin/git</Data><Data Name="User">vincenzolog</Data></EventData></Event>
Jan 13 12:43:08 vincenzolog-VMware-Virtual-Platform sysmon[5412]: <Event><System><Provider Name="Linux-Sysmon" Guid="{ff032593-a8d3-4f13-b0d6-01fc615a0f97}"/><EventID>5</EventID><Version>3</Version><Level>4</Level><Task>5</Task><Opcode>0</Opcode><Keywords>0x8000000000000000</Keywords><TimeCreated SystemTime="2026-01-13T05:43:08.416995000Z"/><EventRecordID>490292</EventRecordID><Correlation/><Execution ProcessID="5412" ThreadID="5412"/><Channel>Linux-Sysmon/Operational</Channel><Computer>vincenzolog-VMware-Virtual-Platform</Computer><Security UserId="0"/></System><EventData><Data Name="RuleName">-</Data><Data Name="UtcTime">2026-01-12 08:36:39.807</Data><Data Name="ProcessGuid">{8b8a9dc4-b297-6964-0145-d8454a650000}</Data><Data Name="ProcessId">145958</Data><Data Name="Image">/usr/bin/git</Data><Data Name="User">vincenzolog</Data></EventData></Event>
Jan 13 12:43:08 vincenzolog-VMware-Virtual-Platform sysmon[5412]: <Event><System><Provider Name="Linux-Sysmon" Guid="{ff032593-a8d3-4f13-b0d6-01fc615a0f97}"/><EventID>1</EventID><Version>5</Version><Level>4</Level><Task>1</Task><Opcode>0</Opcode><Keywords>0x8000000000000000</Keywords><TimeCreated SystemTime="2026-01-13T05:43:08.426265000Z"/><EventRecordID>490293</EventRecordID><Correlation/><Execution ProcessID="5412" ThreadID="5412"/><Channel>Linux-Sysmon/Operational</Channel><Computer>vincenzolog-VMware-Virtual-Platform</Computer><Security UserId="0"/></System><EventData><Data Name="RuleName">-</Data><Data Name="UtcTime">2026-01-12 08:36:39.807</Data><Data Name="ProcessGuid">{8b8a9dc4-b297-6964-0125-6f443b5c0000}</Data><Data Name="ProcessId">145971</Data><Data Name="Image">/usr/bin/git</Data><Data Name="FileVersion">-</Data><Data Name="Description">-</Data><Data Name="Product">-</Data><Data Name="Company">-</Data><Data Name="OriginalFileName">-</Data><Data Name="CommandLine">git for-each-ref --sort -committerdate --format %(refname)%00%(objectname)%00%(*objectname)</Data><Data Name="CurrentDirectory">/home/vincenzolog/Auto_test</Data><Data Name="User">vincenzolog</Data><Data Name="LogonGuid">{8b8a9dc4-0000-0000-e803-000000000000}</Data><Data Name="LogonId">1000</Data><Data Name="TerminalSessionId">3</Data><Data Name="IntegrityLevel">no level</Data><Data Name="Hashes">SHA256=2a8c18fbf43da9f692d75474c72bea9dfd796c260b0f3dfe456376abc3bbd668</Data><Data Name="ParentProcessGuid">{00000000-0000-0000-0000-000000000000}</Data><Data Name="ParentProcessId">26615</Data><Data Name="ParentImage">-</Data><Data Name="ParentCommandLine">-</Data><Data Name="ParentUser">-</Data></EventData></Event>
Jan 13 12:43:08 vincenzolog-VMware-Virtual-Platform sysmon[5412]: <Event><System><Provider Name="Linux-Sysmon" Guid="{ff032593-a8d3-4f13-b0d6-01fc615a0f97}"/><EventID>5</EventID><Version>3</Version><Level>4</Level><Task>5</Task><Opcode>0</Opcode><Keywords>0x8000000000000000</Keywords><TimeCreated SystemTime="2026-01-13T05:43:08.426492000Z"/><EventRecordID>490294</EventRecordID><Correlation/><Execution ProcessID="5412" ThreadID="5412"/><Channel>Linux-Sysmon/Operational</Channel><Computer>vincenzolog-VMware-Virtual-Platform</Computer><Security UserId="0"/></System><EventData><Data Name="RuleName">-</Data><Data Name="UtcTime">2026-01-12 08:36:39.815</Data><Data Name="ProcessGuid">{8b8a9dc4-b297-6964-0125-6f443b5c0000}</Data><Data Name="ProcessId">145971</Data><Data Name="Image">/usr/bin/git</Data><Data Name="User">vincenzolog</Data></EventData></Event>
Jan 13 12:43:08 vincenzolog-VMware-Virtual-Platform sysmon[5412]: <Event><System><Provider Name="Linux-Sysmon" Guid="{ff032593-a8d3-4f13-b0d6-01fc615a0f97}"/><EventID>5</EventID><Version>3</Version><Level>4</Level><Task>5</Task><Opcode>0</Opcode><Keywords>0x8000000000000000</Keywords><TimeCreated SystemTime="2026-01-13T05:43:08.428538000Z"/><EventRecordID>490295</EventRecordID><Correlation/><Execution ProcessID="5412" ThreadID="5412"/><Channel>Linux-Sysmon/Operational</Channel><Computer>vincenzolog-VMware-Virtual-Platform</Computer><Security UserId="0"/></System><EventData><Data Name="RuleName">-</Data><Data Name="UtcTime">2026-01-12 08:36:39.818</Data><Data Name="ProcessGuid">{8b8a9dc4-b297-6964-0000-000000000000}</Data><Data Name="ProcessId">145958</Data><Data Name="Image">-</Data><Data Name="User">vincenzolog</Data></EventData></Event>
Jan 13 12:43:08 vincenzolog-VMware-Virtual-Platform sysmon[5412]: <Event><System><Provider Name="Linux-Sysmon" Guid="{ff032593-a8d3-4f13-b0d6-01fc615a0f97}"/><EventID>5</EventID><Version>3</Version><Level>4</Level><Task>5</Task><Opcode>0</Opcode><Keywords>0x8000000000000000</Keywords><TimeCreated SystemTime="2026-01-13T05:43:08.688144000Z"/><EventRecordID>490296</EventRecordID><Correlation/><Execution ProcessID="5412" ThreadID="5412"/><Channel>Linux-Sysmon/Operational</Channel><Computer>vincenzolog-VMware-Virtual-Platform</Computer><Security UserId="0"/></System><EventData><Data Name="RuleName">-</Data><Data Name="UtcTime">2026-01-12 08:36:40.078</Data><Data Name="ProcessGuid">{8b8a9dc4-b297-6964-b1e6-478822600000}</Data><Data Name="ProcessId">145955</Data><Data Name="Image">/usr/bin/sleep</Data><Data Name="User">vincenzolog</Data></EventData></Event>
Jan 13 12:43:08 vincenzolog-VMware-Virtual-Platform sysmon[5412]: <Event><System><Provider Name="Linux-Sysmon" Guid="{ff032593-a8d3-4f13-b0d6-01fc615a0f97}"/><EventID>1</EventID><Version>5</Version><Level>4</Level><Task>1</Task><Opcode>0</Opcode><Keywords>0x8000000000000000</Keywords><TimeCreated SystemTime="2026-01-13T05:43:08.689810000Z"/><EventRecordID>490297</EventRecordID><Correlation/><Execution ProcessID="5412" ThreadID="5412"/><Channel>Linux-Sysmon/Operational</Channel><Computer>vincenzolog-VMware-Virtual-Platform</Computer><Security UserId="0"/></System><EventData><Data Name="RuleName">-</Data><Data Name="UtcTime">2026-01-12 08:36:40.079</Data><Data Name="ProcessGuid">{8b8a9dc4-b298-6964-81de-a97913590000}</Data><Data Name="ProcessId">145972</Data><Data Name="Image">/usr/bin/sed</Data><Data Name="FileVersion">-</Data><Data Name="Description">-</Data><Data Name="Product">-</Data><Data Name="Company">-</Data><Data Name="OriginalFileName">-</Data><Data Name="CommandLine">sed -n s/^cpu\s//p /proc/stat</Data><Data Name="CurrentDirectory">/home/vincenzolog</Data><Data Name="User">vincenzolog</Data><Data Name="LogonGuid">{8b8a9dc4-0000-0000-e803-000000000000}</Data><Data Name="LogonId">1000</Data><Data Name="TerminalSessionId">3</Data><Data Name="IntegrityLevel">no level</Data><Data Name="Hashes">SHA256=db67d4895f868617bfd19786247ebda7c2f50f4cb3857a987f732a2c267a799e</Data><Data Name="ParentProcessGuid">{8b8a9dc4-b297-6964-2d43-bf4aee5d0000}</Data><Data Name="ParentProcessId">145949</Data><Data Name="ParentImage">/usr/bin/bash</Data><Data Name="ParentCommandLine">/bin/bash</Data><Data Name="ParentUser">vincenzolog</Data></EventData></Event>
Jan 13 12:43:08 vincenzolog-VMware-Virtual-Platform sysmon[5412]: <Event><System><Provider Name="Linux-Sysmon" Guid="{ff032593-a8d3-4f13-b0d6-01fc615a0f97}"/><EventID>5</EventID><Version>3</Version><Level>4</Level><Task>5</Task><Opcode>0</Opcode><Keywords>0x8000000000000000</Keywords><TimeCreated SystemTime="2026-01-13T05:43:08.691399000Z"/><EventRecordID>490298</EventRecordID><Correlation/><Execution ProcessID="5412" ThreadID="5412"/><Channel>Linux-Sysmon/Operational</Channel><Computer>vincenzolog-VMware-Virtual-Platform</Computer><Security UserId="0"/></System><EventData><Data Name="RuleName">-</Data><Data Name="UtcTime">2026-01-12 08:36:40.081</Data><Data Name="ProcessGuid">{8b8a9dc4-b298-6964-81de-a97913590000}</Data><Data Name="ProcessId">145972</Data><Data Name="Image">/usr/bin/sed</Data><Data Name="User">vincenzolog</Data></EventData></Event>
Jan 13 12:43:08 vincenzolog-VMware-Virtual-Platform sysmon[5412]: <Event><System><Provider Name="Linux-Sysmon" Guid="{ff032593-a8d3-4f13-b0d6-01fc615a0f97}"/><EventID>1</EventID><Version>5</Version><Level>4</Level><Task>1</Task><Opcode>0</Opcode><Keywords>0x8000000000000000</Keywords><TimeCreated SystemTime="2026-01-13T05:43:08.692720000Z"/><EventRecordID>490299</EventRecordID><Correlation/><Execution ProcessID="5412" ThreadID="5412"/><Channel>Linux-Sysmon/Operational</Channel><Computer>vincenzolog-VMware-Virtual-Platform</Computer><Security UserId="0"/></System><EventData><Data Name="RuleName">-</Data><Data Name="UtcTime">2026-01-12 08:36:40.082</Data><Data Name="ProcessGuid">{8b8a9dc4-b298-6964-b114-786e425f0000}</Data><Data Name="ProcessId">145973</Data><Data Name="Image">/usr/bin/cat</Data><Data Name="FileVersion">-</Data><Data Name="Description">-</Data><Data Name="Product">-</Data><Data Name="Company">-</Data><Data Name="OriginalFileName">-</Data><Data Name="CommandLine">cat /proc/94460/stat</Data><Data Name="CurrentDirectory">/home/vincenzolog</Data><Data Name="User">vincenzolog</Data><Data Name="LogonGuid">{8b8a9dc4-0000-0000-e803-000000000000}</Data><Data Name="LogonId">1000</Data><Data Name="TerminalSessionId">3</Data><Data Name="IntegrityLevel">no level</Data><Data Name="Hashes">SHA256=dda0961715677dff3cd560e1933379c0eca73c0b6e19fef2737492ebc1de1700</Data><Data Name="ParentProcessGuid">{8b8a9dc4-b297-6964-2d43-bf4aee5d0000}</Data><Data Name="ParentProcessId">145949</Data><Data Name="ParentImage">/usr/bin/bash</Data><Data Name="ParentCommandLine">/bin/bash</Data><Data Name="ParentUser">vincenzolog</Data></EventData></Event>
Jan 13 12:43:08 vincenzolog-VMware-Virtual-Platform sysmon[5412]: <Event><System><Provider Name="Linux-Sysmon" Guid="{ff032593-a8d3-4f13-b0d6-01fc615a0f97}"/><EventID>5</EventID><Version>3</Version><Level>4</Level><Task>5</Task><Opcode>0</Opcode><Keywords>0x8000000000000000</Keywords><TimeCreated SystemTime="2026-01-13T05:43:08.693892000Z"/><EventRecordID>490300</EventRecordID><Correlation/><Execution ProcessID="5412" ThreadID="5412"/><Channel>Linux-Sysmon/Operational</Channel><Computer>vincenzolog-VMware-Virtual-Platform</Computer><Security UserId="0"/></System><EventData><Data Name="RuleName">-</Data><Data Name="UtcTime">2026-01-12 08:36:40.084</Data><Data Name="ProcessGuid">{8b8a9dc4-b298-6964-b114-786e425f0000}</Data><Data Name="ProcessId">145973</Data><Data Name="Image">/usr/bin/cat</Data><Data Name="User">vincenzolog</Data></EventData></Event>
Jan 13 12:43:08 vincenzolog-VMware-Virtual-Platform sysmon[5412]: <Event><System><Provider Name="Linux-Sysmon" Guid="{ff032593-a8d3-4f13-b0d6-01fc615a0f97}"/><EventID>5</EventID><Version>3</Version><Level>4</Level><Task>5</Task><Opcode>0</Opcode><Keywords>0x8000000000000000</Keywords><TimeCreated SystemTime="2026-01-13T05:43:08.695013000Z"/><EventRecordID>490301</EventRecordID><Correlation/><Execution ProcessID="5412" ThreadID="5412"/><Channel>Linux-Sysmon/Operational</Channel><Computer>vincenzolog-VMware-Virtual-Platform</Computer><Security UserId="0"/></System><EventData><Data Name="RuleName">-</Data><Data Name="UtcTime">2026-01-12 08:36:40.085</Data><Data Name="ProcessGuid">{8b8a9dc4-b298-6964-0000-000000000000}</Data><Data Name="ProcessId">145974</Data><Data Name="Image">-</Data><Data Name="User">vincenzolog</Data></EventData></Event>
Jan 13 12:43:08 vincenzolog-VMware-Virtual-Platform sysmon[5412]: <Event><System><Provider Name="Linux-Sysmon" Guid="{ff032593-a8d3-4f13-b0d6-01fc615a0f97}"/><EventID>1</EventID><Version>5</Version><Level>4</Level><Task>1</Task><Opcode>0</Opcode><Keywords>0x8000000000000000</Keywords><TimeCreated SystemTime="2026-01-13T05:43:08.696271000Z"/><EventRecordID>490302</EventRecordID><Correlation/><Execution ProcessID="5412" ThreadID="5412"/><Channel>Linux-Sysmon/Operational</Channel><Computer>vincenzolog-VMware-Virtual-Platform</Computer><Security UserId="0"/></System><EventData><Data Name="RuleName">-</Data><Data Name="UtcTime">2026-01-12 08:36:40.085</Data><Data Name="ProcessGuid">{8b8a9dc4-b298-6964-b1a4-9519c8640000}</Data><Data Name="ProcessId">145975</Data><Data Name="Image">/usr/bin/cat</Data><Data Name="FileVersion">-</Data><Data Name="Description">-</Data><Data Name="Product">-</Data><Data Name="Company">-</Data><Data Name="OriginalFileName">-</Data><Data Name="CommandLine">cat /proc/144736/stat</Data><Data Name="CurrentDirectory">/home/vincenzolog</Data><Data Name="User">vincenzolog</Data><Data Name="LogonGuid">{8b8a9dc4-0000-0000-e803-000000000000}</Data><Data Name="LogonId">1000</Data><Data Name="TerminalSessionId">3</Data><Data Name="IntegrityLevel">no level</Data><Data Name="Hashes">SHA256=dda0961715677dff3cd560e1933379c0eca73c0b6e19fef2737492ebc1de1700</Data><Data Name="ParentProcessGuid">{8b8a9dc4-b297-6964-2d43-bf4aee5d0000}</Data><Data Name="ParentProcessId">145949</Data><Data Name="ParentImage">/usr/bin/bash</Data><Data Name="ParentCommandLine">/bin/bash</Data><Data Name="ParentUser">vincenzolog</Data></EventData></Event>
Jan 13 12:43:08 vincenzolog-VMware-Virtual-Platform sysmon[5412]: <Event><System><Provider Name="Linux-Sysmon" Guid="{ff032593-a8d3-4f13-b0d6-01fc615a0f97}"/><EventID>5</EventID><Version>3</Version><Level>4</Level><Task>5</Task><Opcode>0</Opcode><Keywords>0x8000000000000000</Keywords><TimeCreated SystemTime="2026-01-13T05:43:08.697413000Z"/><EventRecordID>490303</EventRecordID><Correlation/><Execution ProcessID="5412" ThreadID="5412"/><Channel>Linux-Sysmon/Operational</Channel><Computer>vincenzolog-VMware-Virtual-Platform</Computer><Security UserId="0"/></System><EventData><Data Name="RuleName">-</Data><Data Name="UtcTime">2026-01-12 08:36:40.087</Data><Data Name="ProcessGuid">{8b8a9dc4-b298-6964-b1a4-9519c8640000}</Data><Data Name="ProcessId">145975</Data><Data Name="Image">/usr/bin/cat</Data><Data Name="User">vincenzolog</Data></EventData></Event>
Jan 13 12:43:08 vincenzolog-VMware-Virtual-Platform sysmon[5412]: <Event><System><Provider Name="Linux-Sysmon" Guid="{ff032593-a8d3-4f13-b0d6-01fc615a0f97}"/><EventID>5</EventID><Version>3</Version><Level>4</Level><Task>5</Task><Opcode>0</Opcode><Keywords>0x8000000000000000</Keywords><TimeCreated SystemTime="2026-01-13T05:43:08.698375000Z"/><EventRecordID>490304</EventRecordID><Correlation/><Execution ProcessID="5412" ThreadID="5412"/><Channel>Linux-Sysmon/Operational</Channel><Computer>vincenzolog-VMware-Virtual-Platform</Computer><Security UserId="0"/></System><EventData><Data Name="RuleName">-</Data><Data Name="UtcTime">2026-01-12 08:36:40.088</Data><Data Name="ProcessGuid">{8b8a9dc4-b298-6964-0000-000000000000}</Data><Data Name="ProcessId">145976</Data><Data Name="Image">-</Data><Data Name="User">vincenzolog</Data></EventData></Event>
Jan 13 12:43:08 vincenzolog-VMware-Virtual-Platform sysmon[5412]: <Event><System><Provider Name="Linux-Sysmon" Guid="{ff032593-a8d3-4f13-b0d6-01fc615a0f97}"/><EventID>1</EventID><Version>5</Version><Level>4</Level><Task>1</Task><Opcode>0</Opcode><Keywords>0x8000000000000000</Keywords><TimeCreated SystemTime="2026-01-13T05:43:08.699861000Z"/><EventRecordID>490305</EventRecordID><Correlation/><Execution ProcessID="5412" ThreadID="5412"/><Channel>Linux-Sysmon/Operational</Channel><Computer>vincenzolog-VMware-Virtual-Platform</Computer><Security UserId="0"/></System><EventData><Data Name="RuleName">-</Data><Data Name="UtcTime">2026-01-12 08:36:40.089</Data><Data Name="ProcessGuid">{8b8a9dc4-b298-6964-b134-539a82580000}</Data><Data Name="ProcessId">145977</Data><Data Name="Image">/usr/bin/cat</Data><Data Name="FileVersion">-</Data><Data Name="Description">-</Data><Data Name="Product">-</Data><Data Name="Company">-</Data><Data Name="OriginalFileName">-</Data><Data Name="CommandLine">cat /proc/144756/stat</Data><Data Name="CurrentDirectory">/home/vincenzolog</Data><Data Name="User">vincenzolog</Data><Data Name="LogonGuid">{8b8a9dc4-0000-0000-e803-000000000000}</Data><Data Name="LogonId">1000</Data><Data Name="TerminalSessionId">3</Data><Data Name="IntegrityLevel">no level</Data><Data Name="Hashes">SHA256=dda0961715677dff3cd560e1933379c0eca73c0b6e19fef2737492ebc1de1700</Data><Data Name="ParentProcessGuid">{8b8a9dc4-b297-6964-2d43-bf4aee5d0000}</Data><Data Name="ParentProcessId">145949</Data><Data Name="ParentImage">/usr/bin/bash</Data><Data Name="ParentCommandLine">/bin/bash</Data><Data Name="ParentUser">vincenzolog</Data></EventData></Event>
Jan 13 12:43:08 vincenzolog-VMware-Virtual-Platform sysmon[5412]: <Event><System><Provider Name="Linux-Sysmon" Guid="{ff032593-a8d3-4f13-b0d6-01fc615a0f97}"/><EventID>5</EventID><Version>3</Version><Level>4</Level><Task>5</Task><Opcode>0</Opcode><Keywords>0x8000000000000000</Keywords><TimeCreated SystemTime="2026-01-13T05:43:08.701078000Z"/><EventRecordID>490306</EventRecordID><Correlation/><Execution ProcessID="5412" ThreadID="5412"/><Channel>Linux-Sysmon/Operational</Channel><Computer>vincenzolog-VMware-Virtual-Platform</Computer><Security UserId="0"/></System><EventData><Data Name="RuleName">-</Data><Data Name="UtcTime">2026-01-12 08:36:40.091</Data><Data Name="ProcessGuid">{8b8a9dc4-b298-6964-b134-539a82580000}</Data><Data Name="ProcessId">145977</Data><Data Name="Image">/usr/bin/cat</Data><Data Name="User">vincenzolog</Data></EventData></Event>
Jan 13 12:43:08 vincenzolog-VMware-Virtual-Platform sysmon[5412]: <Event><System><Provider Name="Linux-Sysmon" Guid="{ff032593-a8d3-4f13-b0d6-01fc615a0f97}"/><EventID>5</EventID><Version>3</Version><Level>4</Level><Task>5</Task><Opcode>0</Opcode><Keywords>0x8000000000000000</Keywords><TimeCreated SystemTime="2026-01-13T05:43:08.702116000Z"/><EventRecordID>490307</EventRecordID><Correlation/><Execution ProcessID="5412" ThreadID="5412"/><Channel>Linux-Sysmon/Operational</Channel><Computer>vincenzolog-VMware-Virtual-Platform</Computer><Security UserId="0"/></System><EventData><Data Name="RuleName">-</Data><Data Name="UtcTime">2026-01-12 08:36:40.092</Data><Data Name="ProcessGuid">{8b8a9dc4-b298-6964-0000-000000000000}</Data><Data Name="ProcessId">145978</Data><Data Name="Image">-</Data><Data Name="User">vincenzolog</Data></EventData></Event>
Jan 13 12:43:08 vincenzolog-VMware-Virtual-Platform sysmon[5412]: <Event><System><Provider Name="Linux-Sysmon" Guid="{ff032593-a8d3-4f13-b0d6-01fc615a0f97}"/><EventID>1</EventID><Version>5</Version><Level>4</Level><Task>1</Task><Opcode>0</Opcode><Keywords>0x8000000000000000</Keywords><TimeCreated SystemTime="2026-01-13T05:43:08.703356000Z"/><EventRecordID>490308</EventRecordID><Correlation/><Execution ProcessID="5412" ThreadID="5412"/><Channel>Linux-Sysmon/Operational</Channel><Computer>vincenzolog-VMware-Virtual-Platform</Computer><Security UserId="0"/></System><EventData><Data Name="RuleName">-</Data><Data Name="UtcTime">2026-01-12 08:36:40.092</Data><Data Name="ProcessGuid">{8b8a9dc4-b298-6964-b124-0073b4600000}</Data><Data Name="ProcessId">145979</Data><Data Name="Image">/usr/bin/cat</Data><Data Name="FileVersion">-</Data><Data Name="Description">-</Data><Data Name="Product">-</Data><Data Name="Company">-</Data><Data Name="OriginalFileName">-</Data><Data Name="CommandLine">cat /proc/144757/stat</Data><Data Name="CurrentDirectory">/home/vincenzolog</Data><Data Name="User">vincenzolog</Data><Data Name="LogonGuid">{8b8a9dc4-0000-0000-e803-000000000000}</Data><Data Name="LogonId">1000</Data><Data Name="TerminalSessionId">3</Data><Data Name="IntegrityLevel">no level</Data><Data Name="Hashes">SHA256=dda0961715677dff3cd560e1933379c0eca73c0b6e19fef2737492ebc1de1700</Data><Data Name="ParentProcessGuid">{8b8a9dc4-b297-6964-2d43-bf4aee5d0000}</Data><Data Name="ParentProcessId">145949</Data><Data Name="ParentImage">/usr/bin/bash</Data><Data Name="ParentCommandLine">/bin/bash</Data><Data Name="ParentUser">vincenzolog</Data></EventData></Event>
Jan 13 12:43:08 vincenzolog-VMware-Virtual-Platform sysmon[5412]: <Event><System><Provider Name="Linux-Sysmon" Guid="{ff032593-a8d3-4f13-b0d6-01fc615a0f97}"/><EventID>5</EventID><Version>3</Version><Level>4</Level><Task>5</Task><Opcode>0</Opcode><Keywords>0x8000000000000000</Keywords><TimeCreated SystemTime="2026-01-13T05:43:08.704638000Z"/><EventRecordID>490309</EventRecordID><Correlation/><Execution ProcessID="5412" ThreadID="5412"/><Channel>Linux-Sysmon/Operational</Channel><Computer>vincenzolog-VMware-Virtual-Platform</Computer><Security UserId="0"/></System><EventData><Data Name="RuleName">-</Data><Data Name="UtcTime">2026-01-12 08:36:40.094</Data><Data Name="ProcessGuid">{8b8a9dc4-b298-6964-b124-0073b4600000}</Data><Data Name="ProcessId">145979</Data><Data Name="Image">/usr/bin/cat</Data><Data Name="User">vincenzolog</Data></EventData></Event>
Jan 13 12:43:08 vincenzolog-VMware-Virtual-Platform sysmon[5412]: <Event><System><Provider Name="Linux-Sysmon" Guid="{ff032593-a8d3-4f13-b0d6-01fc615a0f97}"/><EventID>5</EventID><Version>3</Version><Level>4</Level><Task>5</Task><Opcode>0</Opcode><Keywords>0x8000000000000000</Keywords><TimeCreated SystemTime="2026-01-13T05:43:08.705604000Z"/><EventRecordID>490310</EventRecordID><Correlation/><Execution ProcessID="5412" ThreadID="5412"/><Channel>Linux-Sysmon/Operational</Channel><Computer>vincenzolog-VMware-Virtual-Platform</Computer><Security UserId="0"/></System><EventData><Data Name="RuleName">-</Data><Data Name="UtcTime">2026-01-12 08:36:40.095</Data><Data Name="ProcessGuid">{8b8a9dc4-b298-6964-0000-000000000000}</Data><Data Name="ProcessId">145980</Data><Data Name="Image">-</Data><Data Name="User">vincenzolog</Data></EventData></Event>
Jan 13 12:43:08 vincenzolog-VMware-Virtual-Platform sysmon[5412]: <Event><System><Provider Name="Linux-Sysmon" Guid="{ff032593-a8d3-4f13-b0d6-01fc615a0f97}"/><EventID>5</EventID><Version>3</Version><Level>4</Level><Task>5</Task><Opcode>0</Opcode><Keywords>0x8000000000000000</Keywords><TimeCreated SystemTime="2026-01-13T05:43:08.706046000Z"/><EventRecordID>490311</EventRecordID><Correlation/><Execution ProcessID="5412" ThreadID="5412"/><Channel>Linux-Sysmon/Operational</Channel><Computer>vincenzolog-VMware-Virtual-Platform</Computer><Security UserId="0"/></System><EventData><Data Name="RuleName">-</Data><Data Name="UtcTime">2026-01-12 08:36:40.096</Data><Data Name="ProcessGuid">{8b8a9dc4-b297-6964-2d43-bf4aee5d0000}</Data><Data Name="ProcessId">145949</Data><Data Name="Image">/usr/bin/bash</Data><Data Name="User">vincenzolog</Data></EventData></Event>
Jan 13 12:43:08 vincenzolog-VMware-Virtual-Platform sysmon[5412]: <Event><System><Provider Name="Linux-Sysmon" Guid="{ff032593-a8d3-4f13-b0d6-01fc615a0f97}"/><EventID>5</EventID><Version>3</Version><Level>4</Level><Task>5</Task><Opcode>0</Opcode><Keywords>0x8000000000000000</Keywords><TimeCreated SystemTime="2026-01-13T05:43:08.706408000Z"/><EventRecordID>490312</EventRecordID><Correlation/><Execution ProcessID="5412" ThreadID="5412"/><Channel>Linux-Sysmon/Operational</Channel><Computer>vincenzolog-VMware-Virtual-Platform</Computer><Security UserId="0"/></System><EventData><Data Name="RuleName">-</Data><Data Name="UtcTime">2026-01-12 08:36:40.096</Data><Data Name="ProcessGuid">{8b8a9dc4-b297-6964-1dd8-2f5ca6570000}</Data><Data Name="ProcessId">145948</Data><Data Name="Image">/usr/bin/dash</Data><Data Name="User">vincenzolog</Data></EventData></Event>
Jan 13 12:43:09 vincenzolog-VMware-Virtual-Platform sysmon[5412]: <Event><System><Provider Name="Linux-Sysmon" Guid="{ff032593-a8d3-4f13-b0d6-01fc615a0f97}"/><EventID>1</EventID><Version>5</Version><Level>4</Level><Task>1</Task><Opcode>0</Opcode><Keywords>0x8000000000000000</Keywords><TimeCreated SystemTime="2026-01-13T05:43:09.161650000Z"/><EventRecordID>490313</EventRecordID><Correlation/><Execution ProcessID="5412" ThreadID="5412"/><Channel>Linux-Sysmon/Operational</Channel><Computer>vincenzolog-VMware-Virtual-Platform</Computer><Security UserId="0"/></System><EventData><Data Name="RuleName">-</Data><Data Name="UtcTime">2026-01-12 08:36:40.551</Data><Data Name="ProcessGuid">{8b8a9dc4-b298-6964-1dc8-6d5311570000}</Data><Data Name="ProcessId">145981</Data><Data Name="Image">/usr/bin/dash</Data><Data Name="FileVersion">-</Data><Data Name="Description">-</Data><Data Name="Product">-</Data><Data Name="Company">-</Data><Data Name="OriginalFileName">-</Data><Data Name="CommandLine">/bin/sh -c journalctl -u sysmon --no-pager &gt; logs_output/Local_System_Accounts_Discovery_-_Linux/Local_System_Accounts_Discovery_-_Linux_attack28.log</Data><Data Name="CurrentDirectory">/home/vincenzolog/Auto_test</Data><Data Name="User">root</Data><Data Name="LogonGuid">{8b8a9dc4-0000-0000-0000-000004000000}</Data><Data Name="LogonId">0</Data><Data Name="TerminalSessionId">3</Data><Data Name="IntegrityLevel">no level</Data><Data Name="Hashes">SHA256=86d31f6fb799e91fa21bad341484564510ca287703a16e9e46c53338776f4f42</Data><Data Name="ParentProcessGuid">{8b8a9dc4-b211-6964-1d23-700000000000}</Data><Data Name="ParentProcessId">144757</Data><Data Name="ParentImage">/usr/bin/python3.12</Data><Data Name="ParentCommandLine">python3</Data><Data Name="ParentUser">root</Data></EventData></Event>
Jan 13 12:43:09 vincenzolog-VMware-Virtual-Platform sysmon[5412]: <Event><System><Provider Name="Linux-Sysmon" Guid="{ff032593-a8d3-4f13-b0d6-01fc615a0f97}"/><EventID>1</EventID><Version>5</Version><Level>4</Level><Task>1</Task><Opcode>0</Opcode><Keywords>0x8000000000000000</Keywords><TimeCreated SystemTime="2026-01-13T05:43:09.163461000Z"/><EventRecordID>490314</EventRecordID><Correlation/><Execution ProcessID="5412" ThreadID="5412"/><Channel>Linux-Sysmon/Operational</Channel><Computer>vincenzolog-VMware-Virtual-Platform</Computer><Security UserId="0"/></System><EventData><Data Name="RuleName">-</Data><Data Name="UtcTime">2026-01-12 08:36:40.553</Data><Data Name="ProcessGuid">{8b8a9dc4-b298-6964-cd4b-1c93e2620000}</Data><Data Name="ProcessId">145982</Data><Data Name="Image">/usr/bin/journalctl</Data><Data Name="FileVersion">-</Data><Data Name="Description">-</Data><Data Name="Product">-</Data><Data Name="Company">-</Data><Data Name="OriginalFileName">-</Data><Data Name="CommandLine">journalctl -u sysmon --no-pager</Data><Data Name="CurrentDirectory">/home/vincenzolog/Auto_test</Data><Data Name="User">root</Data><Data Name="LogonGuid">{8b8a9dc4-0000-0000-0000-000004000000}</Data><Data Name="LogonId">0</Data><Data Name="TerminalSessionId">3</Data><Data Name="IntegrityLevel">no level</Data><Data Name="Hashes">SHA256=7bd10a9c601c3204a6c464fc517b204e469eca7f12b09f9c4826f3cc1e42bd79</Data><Data Name="ParentProcessGuid">{8b8a9dc4-b298-6964-1dc8-6d5311570000}</Data><Data Name="ParentProcessId">145981</Data><Data Name="ParentImage">/usr/bin/dash</Data><Data Name="ParentCommandLine">/bin/sh</Data><Data Name="ParentUser">root</Data></EventData></Event>
