Jan 13 12:55:03 vincenzolog-VMware-Virtual-Platform sysmon[5412]: <Event><System><Provider Name="Linux-Sysmon" Guid="{ff032593-a8d3-4f13-b0d6-01fc615a0f97}"/><EventID>1</EventID><Version>5</Version><Level>4</Level><Task>1</Task><Opcode>0</Opcode><Keywords>0x8000000000000000</Keywords><TimeCreated SystemTime="2026-01-13T05:55:03.824331000Z"/><EventRecordID>501859</EventRecordID><Correlation/><Execution ProcessID="5412" ThreadID="5412"/><Channel>Linux-Sysmon/Operational</Channel><Computer>vincenzolog-VMware-Virtual-Platform</Computer><Security UserId="0"/></System><EventData><Data Name="RuleName">-</Data><Data Name="UtcTime">2026-01-12 08:48:35.213</Data><Data Name="ProcessGuid">{8b8a9dc4-b563-6964-b1b4-92b1f9560000}</Data><Data Name="ProcessId">153011</Data><Data Name="Image">/usr/bin/cat</Data><Data Name="FileVersion">-</Data><Data Name="Description">-</Data><Data Name="Product">-</Data><Data Name="Company">-</Data><Data Name="OriginalFileName">-</Data><Data Name="CommandLine">cat /proc/144736/stat</Data><Data Name="CurrentDirectory">/home/vincenzolog</Data><Data Name="User">vincenzolog</Data><Data Name="LogonGuid">{8b8a9dc4-0000-0000-e803-000000000000}</Data><Data Name="LogonId">1000</Data><Data Name="TerminalSessionId">3</Data><Data Name="IntegrityLevel">no level</Data><Data Name="Hashes">SHA256=dda0961715677dff3cd560e1933379c0eca73c0b6e19fef2737492ebc1de1700</Data><Data Name="ParentProcessGuid">{8b8a9dc4-b562-6964-2d73-c3233b5d0000}</Data><Data Name="ParentProcessId">153001</Data><Data Name="ParentImage">/usr/bin/bash</Data><Data Name="ParentCommandLine">/bin/bash</Data><Data Name="ParentUser">vincenzolog</Data></EventData></Event>
Jan 13 12:55:03 vincenzolog-VMware-Virtual-Platform sysmon[5412]: <Event><System><Provider Name="Linux-Sysmon" Guid="{ff032593-a8d3-4f13-b0d6-01fc615a0f97}"/><EventID>5</EventID><Version>3</Version><Level>4</Level><Task>5</Task><Opcode>0</Opcode><Keywords>0x8000000000000000</Keywords><TimeCreated SystemTime="2026-01-13T05:55:03.825541000Z"/><EventRecordID>501860</EventRecordID><Correlation/><Execution ProcessID="5412" ThreadID="5412"/><Channel>Linux-Sysmon/Operational</Channel><Computer>vincenzolog-VMware-Virtual-Platform</Computer><Security UserId="0"/></System><EventData><Data Name="RuleName">-</Data><Data Name="UtcTime">2026-01-12 08:48:35.215</Data><Data Name="ProcessGuid">{8b8a9dc4-b563-6964-b1b4-92b1f9560000}</Data><Data Name="ProcessId">153011</Data><Data Name="Image">/usr/bin/cat</Data><Data Name="User">vincenzolog</Data></EventData></Event>
Jan 13 12:55:03 vincenzolog-VMware-Virtual-Platform sysmon[5412]: <Event><System><Provider Name="Linux-Sysmon" Guid="{ff032593-a8d3-4f13-b0d6-01fc615a0f97}"/><EventID>5</EventID><Version>3</Version><Level>4</Level><Task>5</Task><Opcode>0</Opcode><Keywords>0x8000000000000000</Keywords><TimeCreated SystemTime="2026-01-13T05:55:03.826416000Z"/><EventRecordID>501861</EventRecordID><Correlation/><Execution ProcessID="5412" ThreadID="5412"/><Channel>Linux-Sysmon/Operational</Channel><Computer>vincenzolog-VMware-Virtual-Platform</Computer><Security UserId="0"/></System><EventData><Data Name="RuleName">-</Data><Data Name="UtcTime">2026-01-12 08:48:35.216</Data><Data Name="ProcessGuid">{8b8a9dc4-b563-6964-0000-000000000000}</Data><Data Name="ProcessId">153012</Data><Data Name="Image">-</Data><Data Name="User">vincenzolog</Data></EventData></Event>
Jan 13 12:55:03 vincenzolog-VMware-Virtual-Platform sysmon[5412]: <Event><System><Provider Name="Linux-Sysmon" Guid="{ff032593-a8d3-4f13-b0d6-01fc615a0f97}"/><EventID>1</EventID><Version>5</Version><Level>4</Level><Task>1</Task><Opcode>0</Opcode><Keywords>0x8000000000000000</Keywords><TimeCreated SystemTime="2026-01-13T05:55:03.827591000Z"/><EventRecordID>501862</EventRecordID><Correlation/><Execution ProcessID="5412" ThreadID="5412"/><Channel>Linux-Sysmon/Operational</Channel><Computer>vincenzolog-VMware-Virtual-Platform</Computer><Security UserId="0"/></System><EventData><Data Name="RuleName">-</Data><Data Name="UtcTime">2026-01-12 08:48:35.217</Data><Data Name="ProcessGuid">{8b8a9dc4-b563-6964-b1f4-d57d06590000}</Data><Data Name="ProcessId">153013</Data><Data Name="Image">/usr/bin/cat</Data><Data Name="FileVersion">-</Data><Data Name="Description">-</Data><Data Name="Product">-</Data><Data Name="Company">-</Data><Data Name="OriginalFileName">-</Data><Data Name="CommandLine">cat /proc/144756/stat</Data><Data Name="CurrentDirectory">/home/vincenzolog</Data><Data Name="User">vincenzolog</Data><Data Name="LogonGuid">{8b8a9dc4-0000-0000-e803-000000000000}</Data><Data Name="LogonId">1000</Data><Data Name="TerminalSessionId">3</Data><Data Name="IntegrityLevel">no level</Data><Data Name="Hashes">SHA256=dda0961715677dff3cd560e1933379c0eca73c0b6e19fef2737492ebc1de1700</Data><Data Name="ParentProcessGuid">{8b8a9dc4-b562-6964-2d73-c3233b5d0000}</Data><Data Name="ParentProcessId">153001</Data><Data Name="ParentImage">/usr/bin/bash</Data><Data Name="ParentCommandLine">/bin/bash</Data><Data Name="ParentUser">vincenzolog</Data></EventData></Event>
Jan 13 12:55:03 vincenzolog-VMware-Virtual-Platform sysmon[5412]: <Event><System><Provider Name="Linux-Sysmon" Guid="{ff032593-a8d3-4f13-b0d6-01fc615a0f97}"/><EventID>5</EventID><Version>3</Version><Level>4</Level><Task>5</Task><Opcode>0</Opcode><Keywords>0x8000000000000000</Keywords><TimeCreated SystemTime="2026-01-13T05:55:03.828663000Z"/><EventRecordID>501863</EventRecordID><Correlation/><Execution ProcessID="5412" ThreadID="5412"/><Channel>Linux-Sysmon/Operational</Channel><Computer>vincenzolog-VMware-Virtual-Platform</Computer><Security UserId="0"/></System><EventData><Data Name="RuleName">-</Data><Data Name="UtcTime">2026-01-12 08:48:35.218</Data><Data Name="ProcessGuid">{8b8a9dc4-b563-6964-b1f4-d57d06590000}</Data><Data Name="ProcessId">153013</Data><Data Name="Image">/usr/bin/cat</Data><Data Name="User">vincenzolog</Data></EventData></Event>
Jan 13 12:55:03 vincenzolog-VMware-Virtual-Platform sysmon[5412]: <Event><System><Provider Name="Linux-Sysmon" Guid="{ff032593-a8d3-4f13-b0d6-01fc615a0f97}"/><EventID>5</EventID><Version>3</Version><Level>4</Level><Task>5</Task><Opcode>0</Opcode><Keywords>0x8000000000000000</Keywords><TimeCreated SystemTime="2026-01-13T05:55:03.829702000Z"/><EventRecordID>501864</EventRecordID><Correlation/><Execution ProcessID="5412" ThreadID="5412"/><Channel>Linux-Sysmon/Operational</Channel><Computer>vincenzolog-VMware-Virtual-Platform</Computer><Security UserId="0"/></System><EventData><Data Name="RuleName">-</Data><Data Name="UtcTime">2026-01-12 08:48:35.219</Data><Data Name="ProcessGuid">{00000000-0000-0000-0000-000000000000}</Data><Data Name="ProcessId">153014</Data><Data Name="Image">&lt;unknown process&gt;</Data><Data Name="User">vincenzolog</Data></EventData></Event>
Jan 13 12:55:03 vincenzolog-VMware-Virtual-Platform sysmon[5412]: <Event><System><Provider Name="Linux-Sysmon" Guid="{ff032593-a8d3-4f13-b0d6-01fc615a0f97}"/><EventID>1</EventID><Version>5</Version><Level>4</Level><Task>1</Task><Opcode>0</Opcode><Keywords>0x8000000000000000</Keywords><TimeCreated SystemTime="2026-01-13T05:55:03.831074000Z"/><EventRecordID>501865</EventRecordID><Correlation/><Execution ProcessID="5412" ThreadID="5412"/><Channel>Linux-Sysmon/Operational</Channel><Computer>vincenzolog-VMware-Virtual-Platform</Computer><Security UserId="0"/></System><EventData><Data Name="RuleName">-</Data><Data Name="UtcTime">2026-01-12 08:48:35.220</Data><Data Name="ProcessGuid">{8b8a9dc4-b563-6964-b144-376a655c0000}</Data><Data Name="ProcessId">153015</Data><Data Name="Image">/usr/bin/cat</Data><Data Name="FileVersion">-</Data><Data Name="Description">-</Data><Data Name="Product">-</Data><Data Name="Company">-</Data><Data Name="OriginalFileName">-</Data><Data Name="CommandLine">cat /proc/144757/stat</Data><Data Name="CurrentDirectory">/home/vincenzolog</Data><Data Name="User">vincenzolog</Data><Data Name="LogonGuid">{8b8a9dc4-0000-0000-e803-000000000000}</Data><Data Name="LogonId">1000</Data><Data Name="TerminalSessionId">3</Data><Data Name="IntegrityLevel">no level</Data><Data Name="Hashes">SHA256=dda0961715677dff3cd560e1933379c0eca73c0b6e19fef2737492ebc1de1700</Data><Data Name="ParentProcessGuid">{8b8a9dc4-b562-6964-2d73-c3233b5d0000}</Data><Data Name="ParentProcessId">153001</Data><Data Name="ParentImage">/usr/bin/bash</Data><Data Name="ParentCommandLine">/bin/bash</Data><Data Name="ParentUser">vincenzolog</Data></EventData></Event>
Jan 13 12:55:03 vincenzolog-VMware-Virtual-Platform sysmon[5412]: <Event><System><Provider Name="Linux-Sysmon" Guid="{ff032593-a8d3-4f13-b0d6-01fc615a0f97}"/><EventID>5</EventID><Version>3</Version><Level>4</Level><Task>5</Task><Opcode>0</Opcode><Keywords>0x8000000000000000</Keywords><TimeCreated SystemTime="2026-01-13T05:55:03.832206000Z"/><EventRecordID>501866</EventRecordID><Correlation/><Execution ProcessID="5412" ThreadID="5412"/><Channel>Linux-Sysmon/Operational</Channel><Computer>vincenzolog-VMware-Virtual-Platform</Computer><Security UserId="0"/></System><EventData><Data Name="RuleName">-</Data><Data Name="UtcTime">2026-01-12 08:48:35.222</Data><Data Name="ProcessGuid">{8b8a9dc4-b563-6964-b144-376a655c0000}</Data><Data Name="ProcessId">153015</Data><Data Name="Image">/usr/bin/cat</Data><Data Name="User">vincenzolog</Data></EventData></Event>
Jan 13 12:55:03 vincenzolog-VMware-Virtual-Platform sysmon[5412]: <Event><System><Provider Name="Linux-Sysmon" Guid="{ff032593-a8d3-4f13-b0d6-01fc615a0f97}"/><EventID>5</EventID><Version>3</Version><Level>4</Level><Task>5</Task><Opcode>0</Opcode><Keywords>0x8000000000000000</Keywords><TimeCreated SystemTime="2026-01-13T05:55:03.833120000Z"/><EventRecordID>501867</EventRecordID><Correlation/><Execution ProcessID="5412" ThreadID="5412"/><Channel>Linux-Sysmon/Operational</Channel><Computer>vincenzolog-VMware-Virtual-Platform</Computer><Security UserId="0"/></System><EventData><Data Name="RuleName">-</Data><Data Name="UtcTime">2026-01-12 08:48:35.223</Data><Data Name="ProcessGuid">{8b8a9dc4-b563-6964-0000-000000000000}</Data><Data Name="ProcessId">153016</Data><Data Name="Image">-</Data><Data Name="User">vincenzolog</Data></EventData></Event>
Jan 13 12:55:03 vincenzolog-VMware-Virtual-Platform sysmon[5412]: <Event><System><Provider Name="Linux-Sysmon" Guid="{ff032593-a8d3-4f13-b0d6-01fc615a0f97}"/><EventID>5</EventID><Version>3</Version><Level>4</Level><Task>5</Task><Opcode>0</Opcode><Keywords>0x8000000000000000</Keywords><TimeCreated SystemTime="2026-01-13T05:55:03.833720000Z"/><EventRecordID>501868</EventRecordID><Correlation/><Execution ProcessID="5412" ThreadID="5412"/><Channel>Linux-Sysmon/Operational</Channel><Computer>vincenzolog-VMware-Virtual-Platform</Computer><Security UserId="0"/></System><EventData><Data Name="RuleName">-</Data><Data Name="UtcTime">2026-01-12 08:48:35.224</Data><Data Name="ProcessGuid">{8b8a9dc4-b562-6964-2d73-c3233b5d0000}</Data><Data Name="ProcessId">153001</Data><Data Name="Image">/usr/bin/bash</Data><Data Name="User">vincenzolog</Data></EventData></Event>
Jan 13 12:55:03 vincenzolog-VMware-Virtual-Platform sysmon[5412]: <Event><System><Provider Name="Linux-Sysmon" Guid="{ff032593-a8d3-4f13-b0d6-01fc615a0f97}"/><EventID>5</EventID><Version>3</Version><Level>4</Level><Task>5</Task><Opcode>0</Opcode><Keywords>0x8000000000000000</Keywords><TimeCreated SystemTime="2026-01-13T05:55:03.834069000Z"/><EventRecordID>501869</EventRecordID><Correlation/><Execution ProcessID="5412" ThreadID="5412"/><Channel>Linux-Sysmon/Operational</Channel><Computer>vincenzolog-VMware-Virtual-Platform</Computer><Security UserId="0"/></System><EventData><Data Name="RuleName">-</Data><Data Name="UtcTime">2026-01-12 08:48:35.224</Data><Data Name="ProcessGuid">{8b8a9dc4-b562-6964-1d78-1c2197610000}</Data><Data Name="ProcessId">153000</Data><Data Name="Image">/usr/bin/dash</Data><Data Name="User">vincenzolog</Data></EventData></Event>
Jan 13 12:55:04 vincenzolog-VMware-Virtual-Platform sysmon[5412]: <Event><System><Provider Name="Linux-Sysmon" Guid="{ff032593-a8d3-4f13-b0d6-01fc615a0f97}"/><EventID>1</EventID><Version>5</Version><Level>4</Level><Task>1</Task><Opcode>0</Opcode><Keywords>0x8000000000000000</Keywords><TimeCreated SystemTime="2026-01-13T05:55:04.051700000Z"/><EventRecordID>501870</EventRecordID><Correlation/><Execution ProcessID="5412" ThreadID="5412"/><Channel>Linux-Sysmon/Operational</Channel><Computer>vincenzolog-VMware-Virtual-Platform</Computer><Security UserId="0"/></System><EventData><Data Name="RuleName">-</Data><Data Name="UtcTime">2026-01-12 08:48:35.433</Data><Data Name="ProcessGuid">{8b8a9dc4-b563-6964-01e5-367dca550000}</Data><Data Name="ProcessId">153017</Data><Data Name="Image">/usr/bin/git</Data><Data Name="FileVersion">-</Data><Data Name="Description">-</Data><Data Name="Product">-</Data><Data Name="Company">-</Data><Data Name="OriginalFileName">-</Data><Data Name="CommandLine">git config --get commit.template</Data><Data Name="CurrentDirectory">/home/vincenzolog/Auto_test</Data><Data Name="User">vincenzolog</Data><Data Name="LogonGuid">{8b8a9dc4-0000-0000-e803-000000000000}</Data><Data Name="LogonId">1000</Data><Data Name="TerminalSessionId">3</Data><Data Name="IntegrityLevel">no level</Data><Data Name="Hashes">SHA256=2a8c18fbf43da9f692d75474c72bea9dfd796c260b0f3dfe456376abc3bbd668</Data><Data Name="ParentProcessGuid">{00000000-0000-0000-0000-000000000000}</Data><Data Name="ParentProcessId">26615</Data><Data Name="ParentImage">-</Data><Data Name="ParentCommandLine">-</Data><Data Name="ParentUser">-</Data></EventData></Event>
Jan 13 12:55:04 vincenzolog-VMware-Virtual-Platform sysmon[5412]: <Event><System><Provider Name="Linux-Sysmon" Guid="{ff032593-a8d3-4f13-b0d6-01fc615a0f97}"/><EventID>5</EventID><Version>3</Version><Level>4</Level><Task>5</Task><Opcode>0</Opcode><Keywords>0x8000000000000000</Keywords><TimeCreated SystemTime="2026-01-13T05:55:04.051848000Z"/><EventRecordID>501871</EventRecordID><Correlation/><Execution ProcessID="5412" ThreadID="5412"/><Channel>Linux-Sysmon/Operational</Channel><Computer>vincenzolog-VMware-Virtual-Platform</Computer><Security UserId="0"/></System><EventData><Data Name="RuleName">-</Data><Data Name="UtcTime">2026-01-12 08:48:35.440</Data><Data Name="ProcessGuid">{8b8a9dc4-b563-6964-01e5-367dca550000}</Data><Data Name="ProcessId">153017</Data><Data Name="Image">/usr/bin/git</Data><Data Name="User">vincenzolog</Data></EventData></Event>
Jan 13 12:55:04 vincenzolog-VMware-Virtual-Platform sysmon[5412]: <Event><System><Provider Name="Linux-Sysmon" Guid="{ff032593-a8d3-4f13-b0d6-01fc615a0f97}"/><EventID>1</EventID><Version>5</Version><Level>4</Level><Task>1</Task><Opcode>0</Opcode><Keywords>0x8000000000000000</Keywords><TimeCreated SystemTime="2026-01-13T05:55:04.062790000Z"/><EventRecordID>501872</EventRecordID><Correlation/><Execution ProcessID="5412" ThreadID="5412"/><Channel>Linux-Sysmon/Operational</Channel><Computer>vincenzolog-VMware-Virtual-Platform</Computer><Security UserId="0"/></System><EventData><Data Name="RuleName">-</Data><Data Name="UtcTime">2026-01-12 08:48:35.444</Data><Data Name="ProcessGuid">{8b8a9dc4-b563-6964-01a5-2eedd8600000}</Data><Data Name="ProcessId">153018</Data><Data Name="Image">/usr/bin/git</Data><Data Name="FileVersion">-</Data><Data Name="Description">-</Data><Data Name="Product">-</Data><Data Name="Company">-</Data><Data Name="OriginalFileName">-</Data><Data Name="CommandLine">git for-each-ref --format=%(refname)%00%(upstream:short)%00%(objectname)%00%(upstream:track)%00%(upstream:remotename)%00%(upstream:remoteref) refs/heads/main refs/remotes/main</Data><Data Name="CurrentDirectory">/home/vincenzolog/Auto_test</Data><Data Name="User">vincenzolog</Data><Data Name="LogonGuid">{8b8a9dc4-0000-0000-e803-000000000000}</Data><Data Name="LogonId">1000</Data><Data Name="TerminalSessionId">3</Data><Data Name="IntegrityLevel">no level</Data><Data Name="Hashes">SHA256=2a8c18fbf43da9f692d75474c72bea9dfd796c260b0f3dfe456376abc3bbd668</Data><Data Name="ParentProcessGuid">{00000000-0000-0000-0000-000000000000}</Data><Data Name="ParentProcessId">26615</Data><Data Name="ParentImage">-</Data><Data Name="ParentCommandLine">-</Data><Data Name="ParentUser">-</Data></EventData></Event>
Jan 13 12:55:04 vincenzolog-VMware-Virtual-Platform sysmon[5412]: <Event><System><Provider Name="Linux-Sysmon" Guid="{ff032593-a8d3-4f13-b0d6-01fc615a0f97}"/><EventID>5</EventID><Version>3</Version><Level>4</Level><Task>5</Task><Opcode>0</Opcode><Keywords>0x8000000000000000</Keywords><TimeCreated SystemTime="2026-01-13T05:55:04.062945000Z"/><EventRecordID>501873</EventRecordID><Correlation/><Execution ProcessID="5412" ThreadID="5412"/><Channel>Linux-Sysmon/Operational</Channel><Computer>vincenzolog-VMware-Virtual-Platform</Computer><Security UserId="0"/></System><EventData><Data Name="RuleName">-</Data><Data Name="UtcTime">2026-01-12 08:48:35.451</Data><Data Name="ProcessGuid">{8b8a9dc4-b563-6964-01a5-2eedd8600000}</Data><Data Name="ProcessId">153018</Data><Data Name="Image">/usr/bin/git</Data><Data Name="User">vincenzolog</Data></EventData></Event>
Jan 13 12:55:04 vincenzolog-VMware-Virtual-Platform sysmon[5412]: <Event><System><Provider Name="Linux-Sysmon" Guid="{ff032593-a8d3-4f13-b0d6-01fc615a0f97}"/><EventID>1</EventID><Version>5</Version><Level>4</Level><Task>1</Task><Opcode>0</Opcode><Keywords>0x8000000000000000</Keywords><TimeCreated SystemTime="2026-01-13T05:55:04.076726000Z"/><EventRecordID>501874</EventRecordID><Correlation/><Execution ProcessID="5412" ThreadID="5412"/><Channel>Linux-Sysmon/Operational</Channel><Computer>vincenzolog-VMware-Virtual-Platform</Computer><Security UserId="0"/></System><EventData><Data Name="RuleName">-</Data><Data Name="UtcTime">2026-01-12 08:48:35.458</Data><Data Name="ProcessGuid">{8b8a9dc4-b563-6964-01d5-ca3fe75f0000}</Data><Data Name="ProcessId">153019</Data><Data Name="Image">/usr/bin/git</Data><Data Name="FileVersion">-</Data><Data Name="Description">-</Data><Data Name="Product">-</Data><Data Name="Company">-</Data><Data Name="OriginalFileName">-</Data><Data Name="CommandLine">git status -z -uall</Data><Data Name="CurrentDirectory">/home/vincenzolog/Auto_test</Data><Data Name="User">vincenzolog</Data><Data Name="LogonGuid">{8b8a9dc4-0000-0000-e803-000000000000}</Data><Data Name="LogonId">1000</Data><Data Name="TerminalSessionId">3</Data><Data Name="IntegrityLevel">no level</Data><Data Name="Hashes">SHA256=2a8c18fbf43da9f692d75474c72bea9dfd796c260b0f3dfe456376abc3bbd668</Data><Data Name="ParentProcessGuid">{00000000-0000-0000-0000-000000000000}</Data><Data Name="ParentProcessId">26615</Data><Data Name="ParentImage">-</Data><Data Name="ParentCommandLine">-</Data><Data Name="ParentUser">-</Data></EventData></Event>
Jan 13 12:55:04 vincenzolog-VMware-Virtual-Platform sysmon[5412]: <Event><System><Provider Name="Linux-Sysmon" Guid="{ff032593-a8d3-4f13-b0d6-01fc615a0f97}"/><EventID>5</EventID><Version>3</Version><Level>4</Level><Task>5</Task><Opcode>0</Opcode><Keywords>0x8000000000000000</Keywords><TimeCreated SystemTime="2026-01-13T05:55:04.077696000Z"/><EventRecordID>501875</EventRecordID><Correlation/><Execution ProcessID="5412" ThreadID="5412"/><Channel>Linux-Sysmon/Operational</Channel><Computer>vincenzolog-VMware-Virtual-Platform</Computer><Security UserId="0"/></System><EventData><Data Name="RuleName">-</Data><Data Name="UtcTime">2026-01-12 08:48:35.467</Data><Data Name="ProcessGuid">{8b8a9dc4-b563-6964-01d5-ca3fe75f0000}</Data><Data Name="ProcessId">153019</Data><Data Name="Image">/usr/bin/git</Data><Data Name="User">vincenzolog</Data></EventData></Event>
Jan 13 12:55:04 vincenzolog-VMware-Virtual-Platform sysmon[5412]: <Event><System><Provider Name="Linux-Sysmon" Guid="{ff032593-a8d3-4f13-b0d6-01fc615a0f97}"/><EventID>5</EventID><Version>3</Version><Level>4</Level><Task>5</Task><Opcode>0</Opcode><Keywords>0x8000000000000000</Keywords><TimeCreated SystemTime="2026-01-13T05:55:04.077771000Z"/><EventRecordID>501876</EventRecordID><Correlation/><Execution ProcessID="5412" ThreadID="5412"/><Channel>Linux-Sysmon/Operational</Channel><Computer>vincenzolog-VMware-Virtual-Platform</Computer><Security UserId="0"/></System><EventData><Data Name="RuleName">-</Data><Data Name="UtcTime">2026-01-12 08:48:35.468</Data><Data Name="ProcessGuid">{8b8a9dc4-b563-6964-01d5-ca3fe75f0000}</Data><Data Name="ProcessId">153019</Data><Data Name="Image">/usr/bin/git</Data><Data Name="User">vincenzolog</Data></EventData></Event>
Jan 13 12:55:04 vincenzolog-VMware-Virtual-Platform sysmon[5412]: <Event><System><Provider Name="Linux-Sysmon" Guid="{ff032593-a8d3-4f13-b0d6-01fc615a0f97}"/><EventID>5</EventID><Version>3</Version><Level>4</Level><Task>5</Task><Opcode>0</Opcode><Keywords>0x8000000000000000</Keywords><TimeCreated SystemTime="2026-01-13T05:55:04.077827000Z"/><EventRecordID>501877</EventRecordID><Correlation/><Execution ProcessID="5412" ThreadID="5412"/><Channel>Linux-Sysmon/Operational</Channel><Computer>vincenzolog-VMware-Virtual-Platform</Computer><Security UserId="0"/></System><EventData><Data Name="RuleName">-</Data><Data Name="UtcTime">2026-01-12 08:48:35.468</Data><Data Name="ProcessGuid">{8b8a9dc4-b563-6964-01d5-ca3fe75f0000}</Data><Data Name="ProcessId">153019</Data><Data Name="Image">/usr/bin/git</Data><Data Name="User">vincenzolog</Data></EventData></Event>
Jan 13 12:55:04 vincenzolog-VMware-Virtual-Platform sysmon[5412]: <Event><System><Provider Name="Linux-Sysmon" Guid="{ff032593-a8d3-4f13-b0d6-01fc615a0f97}"/><EventID>5</EventID><Version>3</Version><Level>4</Level><Task>5</Task><Opcode>0</Opcode><Keywords>0x8000000000000000</Keywords><TimeCreated SystemTime="2026-01-13T05:55:04.078052000Z"/><EventRecordID>501878</EventRecordID><Correlation/><Execution ProcessID="5412" ThreadID="5412"/><Channel>Linux-Sysmon/Operational</Channel><Computer>vincenzolog-VMware-Virtual-Platform</Computer><Security UserId="0"/></System><EventData><Data Name="RuleName">-</Data><Data Name="UtcTime">2026-01-12 08:48:35.468</Data><Data Name="ProcessGuid">{8b8a9dc4-b563-6964-01d5-ca3fe75f0000}</Data><Data Name="ProcessId">153019</Data><Data Name="Image">/usr/bin/git</Data><Data Name="User">vincenzolog</Data></EventData></Event>
Jan 13 12:55:04 vincenzolog-VMware-Virtual-Platform sysmon[5412]: <Event><System><Provider Name="Linux-Sysmon" Guid="{ff032593-a8d3-4f13-b0d6-01fc615a0f97}"/><EventID>5</EventID><Version>3</Version><Level>4</Level><Task>5</Task><Opcode>0</Opcode><Keywords>0x8000000000000000</Keywords><TimeCreated SystemTime="2026-01-13T05:55:04.078697000Z"/><EventRecordID>501879</EventRecordID><Correlation/><Execution ProcessID="5412" ThreadID="5412"/><Channel>Linux-Sysmon/Operational</Channel><Computer>vincenzolog-VMware-Virtual-Platform</Computer><Security UserId="0"/></System><EventData><Data Name="RuleName">-</Data><Data Name="UtcTime">2026-01-12 08:48:35.469</Data><Data Name="ProcessGuid">{8b8a9dc4-b563-6964-01d5-ca3fe75f0000}</Data><Data Name="ProcessId">153019</Data><Data Name="Image">/usr/bin/git</Data><Data Name="User">vincenzolog</Data></EventData></Event>
Jan 13 12:55:04 vincenzolog-VMware-Virtual-Platform sysmon[5412]: <Event><System><Provider Name="Linux-Sysmon" Guid="{ff032593-a8d3-4f13-b0d6-01fc615a0f97}"/><EventID>5</EventID><Version>3</Version><Level>4</Level><Task>5</Task><Opcode>0</Opcode><Keywords>0x8000000000000000</Keywords><TimeCreated SystemTime="2026-01-13T05:55:04.079235000Z"/><EventRecordID>501880</EventRecordID><Correlation/><Execution ProcessID="5412" ThreadID="5412"/><Channel>Linux-Sysmon/Operational</Channel><Computer>vincenzolog-VMware-Virtual-Platform</Computer><Security UserId="0"/></System><EventData><Data Name="RuleName">-</Data><Data Name="UtcTime">2026-01-12 08:48:35.469</Data><Data Name="ProcessGuid">{8b8a9dc4-b563-6964-01d5-ca3fe75f0000}</Data><Data Name="ProcessId">153019</Data><Data Name="Image">/usr/bin/git</Data><Data Name="User">vincenzolog</Data></EventData></Event>
Jan 13 12:55:04 vincenzolog-VMware-Virtual-Platform sysmon[5412]: <Event><System><Provider Name="Linux-Sysmon" Guid="{ff032593-a8d3-4f13-b0d6-01fc615a0f97}"/><EventID>5</EventID><Version>3</Version><Level>4</Level><Task>5</Task><Opcode>0</Opcode><Keywords>0x8000000000000000</Keywords><TimeCreated SystemTime="2026-01-13T05:55:04.079451000Z"/><EventRecordID>501881</EventRecordID><Correlation/><Execution ProcessID="5412" ThreadID="5412"/><Channel>Linux-Sysmon/Operational</Channel><Computer>vincenzolog-VMware-Virtual-Platform</Computer><Security UserId="0"/></System><EventData><Data Name="RuleName">-</Data><Data Name="UtcTime">2026-01-12 08:48:35.469</Data><Data Name="ProcessGuid">{8b8a9dc4-b563-6964-01d5-ca3fe75f0000}</Data><Data Name="ProcessId">153019</Data><Data Name="Image">/usr/bin/git</Data><Data Name="User">vincenzolog</Data></EventData></Event>
Jan 13 12:55:04 vincenzolog-VMware-Virtual-Platform sysmon[5412]: <Event><System><Provider Name="Linux-Sysmon" Guid="{ff032593-a8d3-4f13-b0d6-01fc615a0f97}"/><EventID>5</EventID><Version>3</Version><Level>4</Level><Task>5</Task><Opcode>0</Opcode><Keywords>0x8000000000000000</Keywords><TimeCreated SystemTime="2026-01-13T05:55:04.079522000Z"/><EventRecordID>501882</EventRecordID><Correlation/><Execution ProcessID="5412" ThreadID="5412"/><Channel>Linux-Sysmon/Operational</Channel><Computer>vincenzolog-VMware-Virtual-Platform</Computer><Security UserId="0"/></System><EventData><Data Name="RuleName">-</Data><Data Name="UtcTime">2026-01-12 08:48:35.469</Data><Data Name="ProcessGuid">{8b8a9dc4-b563-6964-01d5-ca3fe75f0000}</Data><Data Name="ProcessId">153019</Data><Data Name="Image">/usr/bin/git</Data><Data Name="User">vincenzolog</Data></EventData></Event>
Jan 13 12:55:04 vincenzolog-VMware-Virtual-Platform sysmon[5412]: <Event><System><Provider Name="Linux-Sysmon" Guid="{ff032593-a8d3-4f13-b0d6-01fc615a0f97}"/><EventID>5</EventID><Version>3</Version><Level>4</Level><Task>5</Task><Opcode>0</Opcode><Keywords>0x8000000000000000</Keywords><TimeCreated SystemTime="2026-01-13T05:55:04.079572000Z"/><EventRecordID>501883</EventRecordID><Correlation/><Execution ProcessID="5412" ThreadID="5412"/><Channel>Linux-Sysmon/Operational</Channel><Computer>vincenzolog-VMware-Virtual-Platform</Computer><Security UserId="0"/></System><EventData><Data Name="RuleName">-</Data><Data Name="UtcTime">2026-01-12 08:48:35.469</Data><Data Name="ProcessGuid">{8b8a9dc4-b563-6964-01d5-ca3fe75f0000}</Data><Data Name="ProcessId">153019</Data><Data Name="Image">/usr/bin/git</Data><Data Name="User">vincenzolog</Data></EventData></Event>
Jan 13 12:55:04 vincenzolog-VMware-Virtual-Platform sysmon[5412]: <Event><System><Provider Name="Linux-Sysmon" Guid="{ff032593-a8d3-4f13-b0d6-01fc615a0f97}"/><EventID>5</EventID><Version>3</Version><Level>4</Level><Task>5</Task><Opcode>0</Opcode><Keywords>0x8000000000000000</Keywords><TimeCreated SystemTime="2026-01-13T05:55:04.079618000Z"/><EventRecordID>501884</EventRecordID><Correlation/><Execution ProcessID="5412" ThreadID="5412"/><Channel>Linux-Sysmon/Operational</Channel><Computer>vincenzolog-VMware-Virtual-Platform</Computer><Security UserId="0"/></System><EventData><Data Name="RuleName">-</Data><Data Name="UtcTime">2026-01-12 08:48:35.469</Data><Data Name="ProcessGuid">{8b8a9dc4-b563-6964-01d5-ca3fe75f0000}</Data><Data Name="ProcessId">153019</Data><Data Name="Image">/usr/bin/git</Data><Data Name="User">vincenzolog</Data></EventData></Event>
Jan 13 12:55:04 vincenzolog-VMware-Virtual-Platform sysmon[5412]: <Event><System><Provider Name="Linux-Sysmon" Guid="{ff032593-a8d3-4f13-b0d6-01fc615a0f97}"/><EventID>5</EventID><Version>3</Version><Level>4</Level><Task>5</Task><Opcode>0</Opcode><Keywords>0x8000000000000000</Keywords><TimeCreated SystemTime="2026-01-13T05:55:04.079669000Z"/><EventRecordID>501885</EventRecordID><Correlation/><Execution ProcessID="5412" ThreadID="5412"/><Channel>Linux-Sysmon/Operational</Channel><Computer>vincenzolog-VMware-Virtual-Platform</Computer><Security UserId="0"/></System><EventData><Data Name="RuleName">-</Data><Data Name="UtcTime">2026-01-12 08:48:35.469</Data><Data Name="ProcessGuid">{8b8a9dc4-b563-6964-01d5-ca3fe75f0000}</Data><Data Name="ProcessId">153019</Data><Data Name="Image">/usr/bin/git</Data><Data Name="User">vincenzolog</Data></EventData></Event>
Jan 13 12:55:04 vincenzolog-VMware-Virtual-Platform sysmon[5412]: <Event><System><Provider Name="Linux-Sysmon" Guid="{ff032593-a8d3-4f13-b0d6-01fc615a0f97}"/><EventID>5</EventID><Version>3</Version><Level>4</Level><Task>5</Task><Opcode>0</Opcode><Keywords>0x8000000000000000</Keywords><TimeCreated SystemTime="2026-01-13T05:55:04.079748000Z"/><EventRecordID>501886</EventRecordID><Correlation/><Execution ProcessID="5412" ThreadID="5412"/><Channel>Linux-Sysmon/Operational</Channel><Computer>vincenzolog-VMware-Virtual-Platform</Computer><Security UserId="0"/></System><EventData><Data Name="RuleName">-</Data><Data Name="UtcTime">2026-01-12 08:48:35.469</Data><Data Name="ProcessGuid">{8b8a9dc4-b563-6964-01d5-ca3fe75f0000}</Data><Data Name="ProcessId">153019</Data><Data Name="Image">/usr/bin/git</Data><Data Name="User">vincenzolog</Data></EventData></Event>
Jan 13 12:55:04 vincenzolog-VMware-Virtual-Platform sysmon[5412]: <Event><System><Provider Name="Linux-Sysmon" Guid="{ff032593-a8d3-4f13-b0d6-01fc615a0f97}"/><EventID>1</EventID><Version>5</Version><Level>4</Level><Task>1</Task><Opcode>0</Opcode><Keywords>0x8000000000000000</Keywords><TimeCreated SystemTime="2026-01-13T05:55:04.089844000Z"/><EventRecordID>501887</EventRecordID><Correlation/><Execution ProcessID="5412" ThreadID="5412"/><Channel>Linux-Sysmon/Operational</Channel><Computer>vincenzolog-VMware-Virtual-Platform</Computer><Security UserId="0"/></System><EventData><Data Name="RuleName">-</Data><Data Name="UtcTime">2026-01-12 08:48:35.470</Data><Data Name="ProcessGuid">{8b8a9dc4-b563-6964-0135-a1d29b560000}</Data><Data Name="ProcessId">153032</Data><Data Name="Image">/usr/bin/git</Data><Data Name="FileVersion">-</Data><Data Name="Description">-</Data><Data Name="Product">-</Data><Data Name="Company">-</Data><Data Name="OriginalFileName">-</Data><Data Name="CommandLine">git for-each-ref --sort -committerdate --format %(refname)%00%(objectname)%00%(*objectname)</Data><Data Name="CurrentDirectory">/home/vincenzolog/Auto_test</Data><Data Name="User">vincenzolog</Data><Data Name="LogonGuid">{8b8a9dc4-0000-0000-e803-000000000000}</Data><Data Name="LogonId">1000</Data><Data Name="TerminalSessionId">3</Data><Data Name="IntegrityLevel">no level</Data><Data Name="Hashes">SHA256=2a8c18fbf43da9f692d75474c72bea9dfd796c260b0f3dfe456376abc3bbd668</Data><Data Name="ParentProcessGuid">{00000000-0000-0000-0000-000000000000}</Data><Data Name="ParentProcessId">26615</Data><Data Name="ParentImage">-</Data><Data Name="ParentCommandLine">-</Data><Data Name="ParentUser">-</Data></EventData></Event>
Jan 13 12:55:04 vincenzolog-VMware-Virtual-Platform sysmon[5412]: <Event><System><Provider Name="Linux-Sysmon" Guid="{ff032593-a8d3-4f13-b0d6-01fc615a0f97}"/><EventID>5</EventID><Version>3</Version><Level>4</Level><Task>5</Task><Opcode>0</Opcode><Keywords>0x8000000000000000</Keywords><TimeCreated SystemTime="2026-01-13T05:55:04.089975000Z"/><EventRecordID>501888</EventRecordID><Correlation/><Execution ProcessID="5412" ThreadID="5412"/><Channel>Linux-Sysmon/Operational</Channel><Computer>vincenzolog-VMware-Virtual-Platform</Computer><Security UserId="0"/></System><EventData><Data Name="RuleName">-</Data><Data Name="UtcTime">2026-01-12 08:48:35.478</Data><Data Name="ProcessGuid">{8b8a9dc4-b563-6964-0135-a1d29b560000}</Data><Data Name="ProcessId">153032</Data><Data Name="Image">/usr/bin/git</Data><Data Name="User">vincenzolog</Data></EventData></Event>
Jan 13 12:55:04 vincenzolog-VMware-Virtual-Platform sysmon[5412]: <Event><System><Provider Name="Linux-Sysmon" Guid="{ff032593-a8d3-4f13-b0d6-01fc615a0f97}"/><EventID>5</EventID><Version>3</Version><Level>4</Level><Task>5</Task><Opcode>0</Opcode><Keywords>0x8000000000000000</Keywords><TimeCreated SystemTime="2026-01-13T05:55:04.092398000Z"/><EventRecordID>501889</EventRecordID><Correlation/><Execution ProcessID="5412" ThreadID="5412"/><Channel>Linux-Sysmon/Operational</Channel><Computer>vincenzolog-VMware-Virtual-Platform</Computer><Security UserId="0"/></System><EventData><Data Name="RuleName">-</Data><Data Name="UtcTime">2026-01-12 08:48:35.482</Data><Data Name="ProcessGuid">{8b8a9dc4-b563-6964-0000-000000000000}</Data><Data Name="ProcessId">153019</Data><Data Name="Image">-</Data><Data Name="User">vincenzolog</Data></EventData></Event>
Jan 13 12:55:05 vincenzolog-VMware-Virtual-Platform sysmon[5412]: <Event><System><Provider Name="Linux-Sysmon" Guid="{ff032593-a8d3-4f13-b0d6-01fc615a0f97}"/><EventID>1</EventID><Version>5</Version><Level>4</Level><Task>1</Task><Opcode>0</Opcode><Keywords>0x8000000000000000</Keywords><TimeCreated SystemTime="2026-01-13T05:55:05.773724000Z"/><EventRecordID>501890</EventRecordID><Correlation/><Execution ProcessID="5412" ThreadID="5412"/><Channel>Linux-Sysmon/Operational</Channel><Computer>vincenzolog-VMware-Virtual-Platform</Computer><Security UserId="0"/></System><EventData><Data Name="RuleName">-</Data><Data Name="UtcTime">2026-01-12 08:48:37.163</Data><Data Name="ProcessGuid">{8b8a9dc4-b565-6964-1d48-3f4afc560000}</Data><Data Name="ProcessId">153033</Data><Data Name="Image">/usr/bin/dash</Data><Data Name="FileVersion">-</Data><Data Name="Description">-</Data><Data Name="Product">-</Data><Data Name="Company">-</Data><Data Name="OriginalFileName">-</Data><Data Name="CommandLine">/bin/sh -c journalctl -u sysmon --no-pager &gt; logs_output/Local_System_Accounts_Discovery_-_Linux/Local_System_Accounts_Discovery_-_Linux_attack205.log</Data><Data Name="CurrentDirectory">/home/vincenzolog/Auto_test</Data><Data Name="User">root</Data><Data Name="LogonGuid">{8b8a9dc4-0000-0000-0000-000004000000}</Data><Data Name="LogonId">0</Data><Data Name="TerminalSessionId">3</Data><Data Name="IntegrityLevel">no level</Data><Data Name="Hashes">SHA256=86d31f6fb799e91fa21bad341484564510ca287703a16e9e46c53338776f4f42</Data><Data Name="ParentProcessGuid">{8b8a9dc4-b211-6964-1d23-700000000000}</Data><Data Name="ParentProcessId">144757</Data><Data Name="ParentImage">/usr/bin/python3.12</Data><Data Name="ParentCommandLine">python3</Data><Data Name="ParentUser">root</Data></EventData></Event>
Jan 13 12:55:05 vincenzolog-VMware-Virtual-Platform sysmon[5412]: <Event><System><Provider Name="Linux-Sysmon" Guid="{ff032593-a8d3-4f13-b0d6-01fc615a0f97}"/><EventID>1</EventID><Version>5</Version><Level>4</Level><Task>1</Task><Opcode>0</Opcode><Keywords>0x8000000000000000</Keywords><TimeCreated SystemTime="2026-01-13T05:55:05.775493000Z"/><EventRecordID>501891</EventRecordID><Correlation/><Execution ProcessID="5412" ThreadID="5412"/><Channel>Linux-Sysmon/Operational</Channel><Computer>vincenzolog-VMware-Virtual-Platform</Computer><Security UserId="0"/></System><EventData><Data Name="RuleName">-</Data><Data Name="UtcTime">2026-01-12 08:48:37.165</Data><Data Name="ProcessGuid">{8b8a9dc4-b565-6964-cd0b-6122e3580000}</Data><Data Name="ProcessId">153034</Data><Data Name="Image">/usr/bin/journalctl</Data><Data Name="FileVersion">-</Data><Data Name="Description">-</Data><Data Name="Product">-</Data><Data Name="Company">-</Data><Data Name="OriginalFileName">-</Data><Data Name="CommandLine">journalctl -u sysmon --no-pager</Data><Data Name="CurrentDirectory">/home/vincenzolog/Auto_test</Data><Data Name="User">root</Data><Data Name="LogonGuid">{8b8a9dc4-0000-0000-0000-000004000000}</Data><Data Name="LogonId">0</Data><Data Name="TerminalSessionId">3</Data><Data Name="IntegrityLevel">no level</Data><Data Name="Hashes">SHA256=7bd10a9c601c3204a6c464fc517b204e469eca7f12b09f9c4826f3cc1e42bd79</Data><Data Name="ParentProcessGuid">{8b8a9dc4-b565-6964-1d48-3f4afc560000}</Data><Data Name="ParentProcessId">153033</Data><Data Name="ParentImage">/usr/bin/dash</Data><Data Name="ParentCommandLine">/bin/sh</Data><Data Name="ParentUser">root</Data></EventData></Event>
